[2023-01-14T20:52:33.523+0000] {processor.py:153} INFO - Started process (PID=6371) to work on /media/prempeh/Nouveau nom/MASTER2/DATA ENGINEERING/airflow/py_env/lib/python3.10/site-packages/airflow/example_dags/subdags/subdag.py
[2023-01-14T20:52:33.526+0000] {processor.py:743} INFO - Processing file /media/prempeh/Nouveau nom/MASTER2/DATA ENGINEERING/airflow/py_env/lib/python3.10/site-packages/airflow/example_dags/subdags/subdag.py for tasks to queue
[2023-01-14T20:52:33.530+0000] {logging_mixin.py:137} INFO - [2023-01-14T20:52:33.529+0000] {dagbag.py:538} INFO - Filling up the DagBag from /media/prempeh/Nouveau nom/MASTER2/DATA ENGINEERING/airflow/py_env/lib/python3.10/site-packages/airflow/example_dags/subdags/subdag.py
[2023-01-14T20:52:33.547+0000] {processor.py:755} WARNING - No viable dags retrieved from /media/prempeh/Nouveau nom/MASTER2/DATA ENGINEERING/airflow/py_env/lib/python3.10/site-packages/airflow/example_dags/subdags/subdag.py
[2023-01-14T20:52:33.570+0000] {processor.py:175} INFO - Processing /media/prempeh/Nouveau nom/MASTER2/DATA ENGINEERING/airflow/py_env/lib/python3.10/site-packages/airflow/example_dags/subdags/subdag.py took 0.055 seconds
[2023-01-14T20:53:51.686+0000] {processor.py:153} INFO - Started process (PID=6701) to work on /media/prempeh/Nouveau nom/MASTER2/DATA ENGINEERING/airflow/py_env/lib/python3.10/site-packages/airflow/example_dags/subdags/subdag.py
[2023-01-14T20:53:51.689+0000] {processor.py:743} INFO - Processing file /media/prempeh/Nouveau nom/MASTER2/DATA ENGINEERING/airflow/py_env/lib/python3.10/site-packages/airflow/example_dags/subdags/subdag.py for tasks to queue
[2023-01-14T20:53:51.693+0000] {logging_mixin.py:137} INFO - [2023-01-14T20:53:51.692+0000] {dagbag.py:538} INFO - Filling up the DagBag from /media/prempeh/Nouveau nom/MASTER2/DATA ENGINEERING/airflow/py_env/lib/python3.10/site-packages/airflow/example_dags/subdags/subdag.py
[2023-01-14T20:53:51.720+0000] {processor.py:755} WARNING - No viable dags retrieved from /media/prempeh/Nouveau nom/MASTER2/DATA ENGINEERING/airflow/py_env/lib/python3.10/site-packages/airflow/example_dags/subdags/subdag.py
[2023-01-14T20:53:51.751+0000] {processor.py:175} INFO - Processing /media/prempeh/Nouveau nom/MASTER2/DATA ENGINEERING/airflow/py_env/lib/python3.10/site-packages/airflow/example_dags/subdags/subdag.py took 0.074 seconds
[2023-01-14T20:54:29.221+0000] {processor.py:153} INFO - Started process (PID=6728) to work on /media/prempeh/Nouveau nom/MASTER2/DATA ENGINEERING/airflow/py_env/lib/python3.10/site-packages/airflow/example_dags/subdags/subdag.py
[2023-01-14T20:54:29.223+0000] {processor.py:743} INFO - Processing file /media/prempeh/Nouveau nom/MASTER2/DATA ENGINEERING/airflow/py_env/lib/python3.10/site-packages/airflow/example_dags/subdags/subdag.py for tasks to queue
[2023-01-14T20:54:29.240+0000] {logging_mixin.py:137} INFO - [2023-01-14T20:54:29.239+0000] {dagbag.py:538} INFO - Filling up the DagBag from /media/prempeh/Nouveau nom/MASTER2/DATA ENGINEERING/airflow/py_env/lib/python3.10/site-packages/airflow/example_dags/subdags/subdag.py
[2023-01-14T20:54:29.268+0000] {processor.py:755} WARNING - No viable dags retrieved from /media/prempeh/Nouveau nom/MASTER2/DATA ENGINEERING/airflow/py_env/lib/python3.10/site-packages/airflow/example_dags/subdags/subdag.py
[2023-01-14T20:54:29.311+0000] {processor.py:175} INFO - Processing /media/prempeh/Nouveau nom/MASTER2/DATA ENGINEERING/airflow/py_env/lib/python3.10/site-packages/airflow/example_dags/subdags/subdag.py took 0.098 seconds
[2023-01-14T20:55:29.752+0000] {processor.py:153} INFO - Started process (PID=6766) to work on /media/prempeh/Nouveau nom/MASTER2/DATA ENGINEERING/airflow/py_env/lib/python3.10/site-packages/airflow/example_dags/subdags/subdag.py
[2023-01-14T20:55:29.755+0000] {processor.py:743} INFO - Processing file /media/prempeh/Nouveau nom/MASTER2/DATA ENGINEERING/airflow/py_env/lib/python3.10/site-packages/airflow/example_dags/subdags/subdag.py for tasks to queue
[2023-01-14T20:55:29.760+0000] {logging_mixin.py:137} INFO - [2023-01-14T20:55:29.759+0000] {dagbag.py:538} INFO - Filling up the DagBag from /media/prempeh/Nouveau nom/MASTER2/DATA ENGINEERING/airflow/py_env/lib/python3.10/site-packages/airflow/example_dags/subdags/subdag.py
[2023-01-14T20:55:29.802+0000] {processor.py:755} WARNING - No viable dags retrieved from /media/prempeh/Nouveau nom/MASTER2/DATA ENGINEERING/airflow/py_env/lib/python3.10/site-packages/airflow/example_dags/subdags/subdag.py
[2023-01-14T20:55:29.847+0000] {processor.py:175} INFO - Processing /media/prempeh/Nouveau nom/MASTER2/DATA ENGINEERING/airflow/py_env/lib/python3.10/site-packages/airflow/example_dags/subdags/subdag.py took 0.105 seconds
[2023-01-14T20:56:27.366+0000] {processor.py:153} INFO - Started process (PID=6890) to work on /media/prempeh/Nouveau nom/MASTER2/DATA ENGINEERING/airflow/py_env/lib/python3.10/site-packages/airflow/example_dags/subdags/subdag.py
[2023-01-14T20:56:27.369+0000] {processor.py:743} INFO - Processing file /media/prempeh/Nouveau nom/MASTER2/DATA ENGINEERING/airflow/py_env/lib/python3.10/site-packages/airflow/example_dags/subdags/subdag.py for tasks to queue
[2023-01-14T20:56:27.376+0000] {logging_mixin.py:137} INFO - [2023-01-14T20:56:27.374+0000] {dagbag.py:538} INFO - Filling up the DagBag from /media/prempeh/Nouveau nom/MASTER2/DATA ENGINEERING/airflow/py_env/lib/python3.10/site-packages/airflow/example_dags/subdags/subdag.py
[2023-01-14T20:56:27.437+0000] {processor.py:755} WARNING - No viable dags retrieved from /media/prempeh/Nouveau nom/MASTER2/DATA ENGINEERING/airflow/py_env/lib/python3.10/site-packages/airflow/example_dags/subdags/subdag.py
[2023-01-14T20:56:27.470+0000] {processor.py:175} INFO - Processing /media/prempeh/Nouveau nom/MASTER2/DATA ENGINEERING/airflow/py_env/lib/python3.10/site-packages/airflow/example_dags/subdags/subdag.py took 0.113 seconds
[2023-01-14T20:56:58.591+0000] {processor.py:153} INFO - Started process (PID=7005) to work on /media/prempeh/Nouveau nom/MASTER2/DATA ENGINEERING/airflow/py_env/lib/python3.10/site-packages/airflow/example_dags/subdags/subdag.py
[2023-01-14T20:56:58.596+0000] {processor.py:743} INFO - Processing file /media/prempeh/Nouveau nom/MASTER2/DATA ENGINEERING/airflow/py_env/lib/python3.10/site-packages/airflow/example_dags/subdags/subdag.py for tasks to queue
[2023-01-14T20:56:58.610+0000] {logging_mixin.py:137} INFO - [2023-01-14T20:56:58.609+0000] {dagbag.py:538} INFO - Filling up the DagBag from /media/prempeh/Nouveau nom/MASTER2/DATA ENGINEERING/airflow/py_env/lib/python3.10/site-packages/airflow/example_dags/subdags/subdag.py
[2023-01-14T20:56:58.661+0000] {processor.py:755} WARNING - No viable dags retrieved from /media/prempeh/Nouveau nom/MASTER2/DATA ENGINEERING/airflow/py_env/lib/python3.10/site-packages/airflow/example_dags/subdags/subdag.py
[2023-01-14T20:56:58.729+0000] {processor.py:175} INFO - Processing /media/prempeh/Nouveau nom/MASTER2/DATA ENGINEERING/airflow/py_env/lib/python3.10/site-packages/airflow/example_dags/subdags/subdag.py took 0.156 seconds
[2023-01-14T20:57:29.840+0000] {processor.py:153} INFO - Started process (PID=7087) to work on /media/prempeh/Nouveau nom/MASTER2/DATA ENGINEERING/airflow/py_env/lib/python3.10/site-packages/airflow/example_dags/subdags/subdag.py
[2023-01-14T20:57:29.843+0000] {processor.py:743} INFO - Processing file /media/prempeh/Nouveau nom/MASTER2/DATA ENGINEERING/airflow/py_env/lib/python3.10/site-packages/airflow/example_dags/subdags/subdag.py for tasks to queue
[2023-01-14T20:57:29.855+0000] {logging_mixin.py:137} INFO - [2023-01-14T20:57:29.854+0000] {dagbag.py:538} INFO - Filling up the DagBag from /media/prempeh/Nouveau nom/MASTER2/DATA ENGINEERING/airflow/py_env/lib/python3.10/site-packages/airflow/example_dags/subdags/subdag.py
[2023-01-14T20:57:29.905+0000] {processor.py:755} WARNING - No viable dags retrieved from /media/prempeh/Nouveau nom/MASTER2/DATA ENGINEERING/airflow/py_env/lib/python3.10/site-packages/airflow/example_dags/subdags/subdag.py
[2023-01-14T20:57:29.965+0000] {processor.py:175} INFO - Processing /media/prempeh/Nouveau nom/MASTER2/DATA ENGINEERING/airflow/py_env/lib/python3.10/site-packages/airflow/example_dags/subdags/subdag.py took 0.137 seconds
[2023-01-14T20:58:29.845+0000] {processor.py:153} INFO - Started process (PID=7130) to work on /media/prempeh/Nouveau nom/MASTER2/DATA ENGINEERING/airflow/py_env/lib/python3.10/site-packages/airflow/example_dags/subdags/subdag.py
[2023-01-14T20:58:29.848+0000] {processor.py:743} INFO - Processing file /media/prempeh/Nouveau nom/MASTER2/DATA ENGINEERING/airflow/py_env/lib/python3.10/site-packages/airflow/example_dags/subdags/subdag.py for tasks to queue
[2023-01-14T20:58:29.852+0000] {logging_mixin.py:137} INFO - [2023-01-14T20:58:29.852+0000] {dagbag.py:538} INFO - Filling up the DagBag from /media/prempeh/Nouveau nom/MASTER2/DATA ENGINEERING/airflow/py_env/lib/python3.10/site-packages/airflow/example_dags/subdags/subdag.py
[2023-01-14T20:58:29.880+0000] {processor.py:755} WARNING - No viable dags retrieved from /media/prempeh/Nouveau nom/MASTER2/DATA ENGINEERING/airflow/py_env/lib/python3.10/site-packages/airflow/example_dags/subdags/subdag.py
[2023-01-14T20:58:29.910+0000] {processor.py:175} INFO - Processing /media/prempeh/Nouveau nom/MASTER2/DATA ENGINEERING/airflow/py_env/lib/python3.10/site-packages/airflow/example_dags/subdags/subdag.py took 0.074 seconds
[2023-01-14T20:59:17.624+0000] {processor.py:153} INFO - Started process (PID=7169) to work on /media/prempeh/Nouveau nom/MASTER2/DATA ENGINEERING/airflow/py_env/lib/python3.10/site-packages/airflow/example_dags/subdags/subdag.py
[2023-01-14T20:59:17.627+0000] {processor.py:743} INFO - Processing file /media/prempeh/Nouveau nom/MASTER2/DATA ENGINEERING/airflow/py_env/lib/python3.10/site-packages/airflow/example_dags/subdags/subdag.py for tasks to queue
[2023-01-14T20:59:17.631+0000] {logging_mixin.py:137} INFO - [2023-01-14T20:59:17.631+0000] {dagbag.py:538} INFO - Filling up the DagBag from /media/prempeh/Nouveau nom/MASTER2/DATA ENGINEERING/airflow/py_env/lib/python3.10/site-packages/airflow/example_dags/subdags/subdag.py
[2023-01-14T20:59:17.652+0000] {processor.py:755} WARNING - No viable dags retrieved from /media/prempeh/Nouveau nom/MASTER2/DATA ENGINEERING/airflow/py_env/lib/python3.10/site-packages/airflow/example_dags/subdags/subdag.py
[2023-01-14T20:59:17.685+0000] {processor.py:175} INFO - Processing /media/prempeh/Nouveau nom/MASTER2/DATA ENGINEERING/airflow/py_env/lib/python3.10/site-packages/airflow/example_dags/subdags/subdag.py took 0.070 seconds
[2023-01-14T21:00:09.334+0000] {processor.py:153} INFO - Started process (PID=7249) to work on /media/prempeh/Nouveau nom/MASTER2/DATA ENGINEERING/airflow/py_env/lib/python3.10/site-packages/airflow/example_dags/subdags/subdag.py
[2023-01-14T21:00:09.337+0000] {processor.py:743} INFO - Processing file /media/prempeh/Nouveau nom/MASTER2/DATA ENGINEERING/airflow/py_env/lib/python3.10/site-packages/airflow/example_dags/subdags/subdag.py for tasks to queue
[2023-01-14T21:00:09.342+0000] {logging_mixin.py:137} INFO - [2023-01-14T21:00:09.341+0000] {dagbag.py:538} INFO - Filling up the DagBag from /media/prempeh/Nouveau nom/MASTER2/DATA ENGINEERING/airflow/py_env/lib/python3.10/site-packages/airflow/example_dags/subdags/subdag.py
[2023-01-14T21:00:09.366+0000] {processor.py:755} WARNING - No viable dags retrieved from /media/prempeh/Nouveau nom/MASTER2/DATA ENGINEERING/airflow/py_env/lib/python3.10/site-packages/airflow/example_dags/subdags/subdag.py
[2023-01-14T21:00:09.399+0000] {processor.py:175} INFO - Processing /media/prempeh/Nouveau nom/MASTER2/DATA ENGINEERING/airflow/py_env/lib/python3.10/site-packages/airflow/example_dags/subdags/subdag.py took 0.075 seconds
[2023-01-14T21:01:04.792+0000] {processor.py:153} INFO - Started process (PID=7287) to work on /media/prempeh/Nouveau nom/MASTER2/DATA ENGINEERING/airflow/py_env/lib/python3.10/site-packages/airflow/example_dags/subdags/subdag.py
[2023-01-14T21:01:04.795+0000] {processor.py:743} INFO - Processing file /media/prempeh/Nouveau nom/MASTER2/DATA ENGINEERING/airflow/py_env/lib/python3.10/site-packages/airflow/example_dags/subdags/subdag.py for tasks to queue
[2023-01-14T21:01:04.801+0000] {logging_mixin.py:137} INFO - [2023-01-14T21:01:04.800+0000] {dagbag.py:538} INFO - Filling up the DagBag from /media/prempeh/Nouveau nom/MASTER2/DATA ENGINEERING/airflow/py_env/lib/python3.10/site-packages/airflow/example_dags/subdags/subdag.py
[2023-01-14T21:01:04.830+0000] {processor.py:755} WARNING - No viable dags retrieved from /media/prempeh/Nouveau nom/MASTER2/DATA ENGINEERING/airflow/py_env/lib/python3.10/site-packages/airflow/example_dags/subdags/subdag.py
[2023-01-14T21:01:04.865+0000] {processor.py:175} INFO - Processing /media/prempeh/Nouveau nom/MASTER2/DATA ENGINEERING/airflow/py_env/lib/python3.10/site-packages/airflow/example_dags/subdags/subdag.py took 0.088 seconds
[2023-01-14T21:02:00.325+0000] {processor.py:153} INFO - Started process (PID=7333) to work on /media/prempeh/Nouveau nom/MASTER2/DATA ENGINEERING/airflow/py_env/lib/python3.10/site-packages/airflow/example_dags/subdags/subdag.py
[2023-01-14T21:02:00.328+0000] {processor.py:743} INFO - Processing file /media/prempeh/Nouveau nom/MASTER2/DATA ENGINEERING/airflow/py_env/lib/python3.10/site-packages/airflow/example_dags/subdags/subdag.py for tasks to queue
[2023-01-14T21:02:00.332+0000] {logging_mixin.py:137} INFO - [2023-01-14T21:02:00.331+0000] {dagbag.py:538} INFO - Filling up the DagBag from /media/prempeh/Nouveau nom/MASTER2/DATA ENGINEERING/airflow/py_env/lib/python3.10/site-packages/airflow/example_dags/subdags/subdag.py
[2023-01-14T21:02:00.352+0000] {processor.py:755} WARNING - No viable dags retrieved from /media/prempeh/Nouveau nom/MASTER2/DATA ENGINEERING/airflow/py_env/lib/python3.10/site-packages/airflow/example_dags/subdags/subdag.py
[2023-01-14T21:02:00.383+0000] {processor.py:175} INFO - Processing /media/prempeh/Nouveau nom/MASTER2/DATA ENGINEERING/airflow/py_env/lib/python3.10/site-packages/airflow/example_dags/subdags/subdag.py took 0.070 seconds
[2023-01-14T21:02:50.705+0000] {processor.py:153} INFO - Started process (PID=7402) to work on /media/prempeh/Nouveau nom/MASTER2/DATA ENGINEERING/airflow/py_env/lib/python3.10/site-packages/airflow/example_dags/subdags/subdag.py
[2023-01-14T21:02:50.707+0000] {processor.py:743} INFO - Processing file /media/prempeh/Nouveau nom/MASTER2/DATA ENGINEERING/airflow/py_env/lib/python3.10/site-packages/airflow/example_dags/subdags/subdag.py for tasks to queue
[2023-01-14T21:02:50.712+0000] {logging_mixin.py:137} INFO - [2023-01-14T21:02:50.711+0000] {dagbag.py:538} INFO - Filling up the DagBag from /media/prempeh/Nouveau nom/MASTER2/DATA ENGINEERING/airflow/py_env/lib/python3.10/site-packages/airflow/example_dags/subdags/subdag.py
[2023-01-14T21:02:50.740+0000] {processor.py:755} WARNING - No viable dags retrieved from /media/prempeh/Nouveau nom/MASTER2/DATA ENGINEERING/airflow/py_env/lib/python3.10/site-packages/airflow/example_dags/subdags/subdag.py
[2023-01-14T21:02:50.773+0000] {processor.py:175} INFO - Processing /media/prempeh/Nouveau nom/MASTER2/DATA ENGINEERING/airflow/py_env/lib/python3.10/site-packages/airflow/example_dags/subdags/subdag.py took 0.078 seconds
[2023-01-14T21:03:44.568+0000] {processor.py:153} INFO - Started process (PID=7453) to work on /media/prempeh/Nouveau nom/MASTER2/DATA ENGINEERING/airflow/py_env/lib/python3.10/site-packages/airflow/example_dags/subdags/subdag.py
[2023-01-14T21:03:44.571+0000] {processor.py:743} INFO - Processing file /media/prempeh/Nouveau nom/MASTER2/DATA ENGINEERING/airflow/py_env/lib/python3.10/site-packages/airflow/example_dags/subdags/subdag.py for tasks to queue
[2023-01-14T21:03:44.577+0000] {logging_mixin.py:137} INFO - [2023-01-14T21:03:44.577+0000] {dagbag.py:538} INFO - Filling up the DagBag from /media/prempeh/Nouveau nom/MASTER2/DATA ENGINEERING/airflow/py_env/lib/python3.10/site-packages/airflow/example_dags/subdags/subdag.py
[2023-01-14T21:03:44.616+0000] {processor.py:755} WARNING - No viable dags retrieved from /media/prempeh/Nouveau nom/MASTER2/DATA ENGINEERING/airflow/py_env/lib/python3.10/site-packages/airflow/example_dags/subdags/subdag.py
[2023-01-14T21:03:44.661+0000] {processor.py:175} INFO - Processing /media/prempeh/Nouveau nom/MASTER2/DATA ENGINEERING/airflow/py_env/lib/python3.10/site-packages/airflow/example_dags/subdags/subdag.py took 0.107 seconds
[2023-01-14T21:04:18.791+0000] {processor.py:153} INFO - Started process (PID=7489) to work on /media/prempeh/Nouveau nom/MASTER2/DATA ENGINEERING/airflow/py_env/lib/python3.10/site-packages/airflow/example_dags/subdags/subdag.py
[2023-01-14T21:04:18.795+0000] {processor.py:743} INFO - Processing file /media/prempeh/Nouveau nom/MASTER2/DATA ENGINEERING/airflow/py_env/lib/python3.10/site-packages/airflow/example_dags/subdags/subdag.py for tasks to queue
[2023-01-14T21:04:18.800+0000] {logging_mixin.py:137} INFO - [2023-01-14T21:04:18.800+0000] {dagbag.py:538} INFO - Filling up the DagBag from /media/prempeh/Nouveau nom/MASTER2/DATA ENGINEERING/airflow/py_env/lib/python3.10/site-packages/airflow/example_dags/subdags/subdag.py
[2023-01-14T21:04:18.834+0000] {processor.py:755} WARNING - No viable dags retrieved from /media/prempeh/Nouveau nom/MASTER2/DATA ENGINEERING/airflow/py_env/lib/python3.10/site-packages/airflow/example_dags/subdags/subdag.py
[2023-01-14T21:04:18.879+0000] {processor.py:175} INFO - Processing /media/prempeh/Nouveau nom/MASTER2/DATA ENGINEERING/airflow/py_env/lib/python3.10/site-packages/airflow/example_dags/subdags/subdag.py took 0.103 seconds
[2023-01-14T21:04:51.323+0000] {processor.py:153} INFO - Started process (PID=7517) to work on /media/prempeh/Nouveau nom/MASTER2/DATA ENGINEERING/airflow/py_env/lib/python3.10/site-packages/airflow/example_dags/subdags/subdag.py
[2023-01-14T21:04:51.327+0000] {processor.py:743} INFO - Processing file /media/prempeh/Nouveau nom/MASTER2/DATA ENGINEERING/airflow/py_env/lib/python3.10/site-packages/airflow/example_dags/subdags/subdag.py for tasks to queue
[2023-01-14T21:04:51.333+0000] {logging_mixin.py:137} INFO - [2023-01-14T21:04:51.332+0000] {dagbag.py:538} INFO - Filling up the DagBag from /media/prempeh/Nouveau nom/MASTER2/DATA ENGINEERING/airflow/py_env/lib/python3.10/site-packages/airflow/example_dags/subdags/subdag.py
[2023-01-14T21:04:51.368+0000] {processor.py:755} WARNING - No viable dags retrieved from /media/prempeh/Nouveau nom/MASTER2/DATA ENGINEERING/airflow/py_env/lib/python3.10/site-packages/airflow/example_dags/subdags/subdag.py
[2023-01-14T21:04:51.414+0000] {processor.py:175} INFO - Processing /media/prempeh/Nouveau nom/MASTER2/DATA ENGINEERING/airflow/py_env/lib/python3.10/site-packages/airflow/example_dags/subdags/subdag.py took 0.106 seconds
[2023-01-14T21:05:47.950+0000] {processor.py:153} INFO - Started process (PID=7567) to work on /media/prempeh/Nouveau nom/MASTER2/DATA ENGINEERING/airflow/py_env/lib/python3.10/site-packages/airflow/example_dags/subdags/subdag.py
[2023-01-14T21:05:47.954+0000] {processor.py:743} INFO - Processing file /media/prempeh/Nouveau nom/MASTER2/DATA ENGINEERING/airflow/py_env/lib/python3.10/site-packages/airflow/example_dags/subdags/subdag.py for tasks to queue
[2023-01-14T21:05:47.960+0000] {logging_mixin.py:137} INFO - [2023-01-14T21:05:47.959+0000] {dagbag.py:538} INFO - Filling up the DagBag from /media/prempeh/Nouveau nom/MASTER2/DATA ENGINEERING/airflow/py_env/lib/python3.10/site-packages/airflow/example_dags/subdags/subdag.py
[2023-01-14T21:05:47.989+0000] {processor.py:755} WARNING - No viable dags retrieved from /media/prempeh/Nouveau nom/MASTER2/DATA ENGINEERING/airflow/py_env/lib/python3.10/site-packages/airflow/example_dags/subdags/subdag.py
[2023-01-14T21:05:48.026+0000] {processor.py:175} INFO - Processing /media/prempeh/Nouveau nom/MASTER2/DATA ENGINEERING/airflow/py_env/lib/python3.10/site-packages/airflow/example_dags/subdags/subdag.py took 0.084 seconds
[2023-01-14T21:06:21.002+0000] {processor.py:153} INFO - Started process (PID=7707) to work on /media/prempeh/Nouveau nom/MASTER2/DATA ENGINEERING/airflow/py_env/lib/python3.10/site-packages/airflow/example_dags/subdags/subdag.py
[2023-01-14T21:06:21.014+0000] {processor.py:743} INFO - Processing file /media/prempeh/Nouveau nom/MASTER2/DATA ENGINEERING/airflow/py_env/lib/python3.10/site-packages/airflow/example_dags/subdags/subdag.py for tasks to queue
[2023-01-14T21:06:21.025+0000] {logging_mixin.py:137} INFO - [2023-01-14T21:06:21.024+0000] {dagbag.py:538} INFO - Filling up the DagBag from /media/prempeh/Nouveau nom/MASTER2/DATA ENGINEERING/airflow/py_env/lib/python3.10/site-packages/airflow/example_dags/subdags/subdag.py
[2023-01-14T21:06:21.054+0000] {processor.py:755} WARNING - No viable dags retrieved from /media/prempeh/Nouveau nom/MASTER2/DATA ENGINEERING/airflow/py_env/lib/python3.10/site-packages/airflow/example_dags/subdags/subdag.py
[2023-01-14T21:06:21.104+0000] {processor.py:175} INFO - Processing /media/prempeh/Nouveau nom/MASTER2/DATA ENGINEERING/airflow/py_env/lib/python3.10/site-packages/airflow/example_dags/subdags/subdag.py took 0.105 seconds
[2023-01-14T21:06:53.878+0000] {processor.py:153} INFO - Started process (PID=7818) to work on /media/prempeh/Nouveau nom/MASTER2/DATA ENGINEERING/airflow/py_env/lib/python3.10/site-packages/airflow/example_dags/subdags/subdag.py
[2023-01-14T21:06:53.890+0000] {processor.py:743} INFO - Processing file /media/prempeh/Nouveau nom/MASTER2/DATA ENGINEERING/airflow/py_env/lib/python3.10/site-packages/airflow/example_dags/subdags/subdag.py for tasks to queue
[2023-01-14T21:06:53.896+0000] {logging_mixin.py:137} INFO - [2023-01-14T21:06:53.895+0000] {dagbag.py:538} INFO - Filling up the DagBag from /media/prempeh/Nouveau nom/MASTER2/DATA ENGINEERING/airflow/py_env/lib/python3.10/site-packages/airflow/example_dags/subdags/subdag.py
[2023-01-14T21:06:53.932+0000] {processor.py:755} WARNING - No viable dags retrieved from /media/prempeh/Nouveau nom/MASTER2/DATA ENGINEERING/airflow/py_env/lib/python3.10/site-packages/airflow/example_dags/subdags/subdag.py
[2023-01-14T21:06:53.982+0000] {processor.py:175} INFO - Processing /media/prempeh/Nouveau nom/MASTER2/DATA ENGINEERING/airflow/py_env/lib/python3.10/site-packages/airflow/example_dags/subdags/subdag.py took 0.114 seconds
[2023-01-14T21:07:49.771+0000] {processor.py:153} INFO - Started process (PID=7970) to work on /media/prempeh/Nouveau nom/MASTER2/DATA ENGINEERING/airflow/py_env/lib/python3.10/site-packages/airflow/example_dags/subdags/subdag.py
[2023-01-14T21:07:49.777+0000] {processor.py:743} INFO - Processing file /media/prempeh/Nouveau nom/MASTER2/DATA ENGINEERING/airflow/py_env/lib/python3.10/site-packages/airflow/example_dags/subdags/subdag.py for tasks to queue
[2023-01-14T21:07:49.783+0000] {logging_mixin.py:137} INFO - [2023-01-14T21:07:49.782+0000] {dagbag.py:538} INFO - Filling up the DagBag from /media/prempeh/Nouveau nom/MASTER2/DATA ENGINEERING/airflow/py_env/lib/python3.10/site-packages/airflow/example_dags/subdags/subdag.py
[2023-01-14T21:07:49.840+0000] {processor.py:755} WARNING - No viable dags retrieved from /media/prempeh/Nouveau nom/MASTER2/DATA ENGINEERING/airflow/py_env/lib/python3.10/site-packages/airflow/example_dags/subdags/subdag.py
[2023-01-14T21:07:49.892+0000] {processor.py:175} INFO - Processing /media/prempeh/Nouveau nom/MASTER2/DATA ENGINEERING/airflow/py_env/lib/python3.10/site-packages/airflow/example_dags/subdags/subdag.py took 0.139 seconds
[2023-01-14T21:08:34.523+0000] {processor.py:153} INFO - Started process (PID=8073) to work on /media/prempeh/Nouveau nom/MASTER2/DATA ENGINEERING/airflow/py_env/lib/python3.10/site-packages/airflow/example_dags/subdags/subdag.py
[2023-01-14T21:08:34.525+0000] {processor.py:743} INFO - Processing file /media/prempeh/Nouveau nom/MASTER2/DATA ENGINEERING/airflow/py_env/lib/python3.10/site-packages/airflow/example_dags/subdags/subdag.py for tasks to queue
[2023-01-14T21:08:34.529+0000] {logging_mixin.py:137} INFO - [2023-01-14T21:08:34.529+0000] {dagbag.py:538} INFO - Filling up the DagBag from /media/prempeh/Nouveau nom/MASTER2/DATA ENGINEERING/airflow/py_env/lib/python3.10/site-packages/airflow/example_dags/subdags/subdag.py
[2023-01-14T21:08:34.557+0000] {processor.py:755} WARNING - No viable dags retrieved from /media/prempeh/Nouveau nom/MASTER2/DATA ENGINEERING/airflow/py_env/lib/python3.10/site-packages/airflow/example_dags/subdags/subdag.py
[2023-01-14T21:08:34.590+0000] {processor.py:175} INFO - Processing /media/prempeh/Nouveau nom/MASTER2/DATA ENGINEERING/airflow/py_env/lib/python3.10/site-packages/airflow/example_dags/subdags/subdag.py took 0.077 seconds
[2023-01-14T21:09:05.506+0000] {processor.py:153} INFO - Started process (PID=8095) to work on /media/prempeh/Nouveau nom/MASTER2/DATA ENGINEERING/airflow/py_env/lib/python3.10/site-packages/airflow/example_dags/subdags/subdag.py
[2023-01-14T21:09:05.509+0000] {processor.py:743} INFO - Processing file /media/prempeh/Nouveau nom/MASTER2/DATA ENGINEERING/airflow/py_env/lib/python3.10/site-packages/airflow/example_dags/subdags/subdag.py for tasks to queue
[2023-01-14T21:09:05.513+0000] {logging_mixin.py:137} INFO - [2023-01-14T21:09:05.512+0000] {dagbag.py:538} INFO - Filling up the DagBag from /media/prempeh/Nouveau nom/MASTER2/DATA ENGINEERING/airflow/py_env/lib/python3.10/site-packages/airflow/example_dags/subdags/subdag.py
[2023-01-14T21:09:05.538+0000] {processor.py:755} WARNING - No viable dags retrieved from /media/prempeh/Nouveau nom/MASTER2/DATA ENGINEERING/airflow/py_env/lib/python3.10/site-packages/airflow/example_dags/subdags/subdag.py
[2023-01-14T21:09:05.568+0000] {processor.py:175} INFO - Processing /media/prempeh/Nouveau nom/MASTER2/DATA ENGINEERING/airflow/py_env/lib/python3.10/site-packages/airflow/example_dags/subdags/subdag.py took 0.071 seconds
[2023-01-14T21:10:05.726+0000] {processor.py:153} INFO - Started process (PID=8139) to work on /media/prempeh/Nouveau nom/MASTER2/DATA ENGINEERING/airflow/py_env/lib/python3.10/site-packages/airflow/example_dags/subdags/subdag.py
[2023-01-14T21:10:05.729+0000] {processor.py:743} INFO - Processing file /media/prempeh/Nouveau nom/MASTER2/DATA ENGINEERING/airflow/py_env/lib/python3.10/site-packages/airflow/example_dags/subdags/subdag.py for tasks to queue
[2023-01-14T21:10:05.734+0000] {logging_mixin.py:137} INFO - [2023-01-14T21:10:05.733+0000] {dagbag.py:538} INFO - Filling up the DagBag from /media/prempeh/Nouveau nom/MASTER2/DATA ENGINEERING/airflow/py_env/lib/python3.10/site-packages/airflow/example_dags/subdags/subdag.py
[2023-01-14T21:10:05.755+0000] {processor.py:755} WARNING - No viable dags retrieved from /media/prempeh/Nouveau nom/MASTER2/DATA ENGINEERING/airflow/py_env/lib/python3.10/site-packages/airflow/example_dags/subdags/subdag.py
[2023-01-14T21:10:05.786+0000] {processor.py:175} INFO - Processing /media/prempeh/Nouveau nom/MASTER2/DATA ENGINEERING/airflow/py_env/lib/python3.10/site-packages/airflow/example_dags/subdags/subdag.py took 0.070 seconds
[2023-01-14T21:10:36.363+0000] {processor.py:153} INFO - Started process (PID=8167) to work on /media/prempeh/Nouveau nom/MASTER2/DATA ENGINEERING/airflow/py_env/lib/python3.10/site-packages/airflow/example_dags/subdags/subdag.py
[2023-01-14T21:10:36.367+0000] {processor.py:743} INFO - Processing file /media/prempeh/Nouveau nom/MASTER2/DATA ENGINEERING/airflow/py_env/lib/python3.10/site-packages/airflow/example_dags/subdags/subdag.py for tasks to queue
[2023-01-14T21:10:36.371+0000] {logging_mixin.py:137} INFO - [2023-01-14T21:10:36.371+0000] {dagbag.py:538} INFO - Filling up the DagBag from /media/prempeh/Nouveau nom/MASTER2/DATA ENGINEERING/airflow/py_env/lib/python3.10/site-packages/airflow/example_dags/subdags/subdag.py
[2023-01-14T21:10:36.397+0000] {processor.py:755} WARNING - No viable dags retrieved from /media/prempeh/Nouveau nom/MASTER2/DATA ENGINEERING/airflow/py_env/lib/python3.10/site-packages/airflow/example_dags/subdags/subdag.py
[2023-01-14T21:10:36.435+0000] {processor.py:175} INFO - Processing /media/prempeh/Nouveau nom/MASTER2/DATA ENGINEERING/airflow/py_env/lib/python3.10/site-packages/airflow/example_dags/subdags/subdag.py took 0.086 seconds
[2023-01-14T21:11:40.232+0000] {processor.py:153} INFO - Started process (PID=8214) to work on /media/prempeh/Nouveau nom/MASTER2/DATA ENGINEERING/airflow/py_env/lib/python3.10/site-packages/airflow/example_dags/subdags/subdag.py
[2023-01-14T21:11:40.235+0000] {processor.py:743} INFO - Processing file /media/prempeh/Nouveau nom/MASTER2/DATA ENGINEERING/airflow/py_env/lib/python3.10/site-packages/airflow/example_dags/subdags/subdag.py for tasks to queue
[2023-01-14T21:11:40.240+0000] {logging_mixin.py:137} INFO - [2023-01-14T21:11:40.239+0000] {dagbag.py:538} INFO - Filling up the DagBag from /media/prempeh/Nouveau nom/MASTER2/DATA ENGINEERING/airflow/py_env/lib/python3.10/site-packages/airflow/example_dags/subdags/subdag.py
[2023-01-14T21:11:40.266+0000] {processor.py:755} WARNING - No viable dags retrieved from /media/prempeh/Nouveau nom/MASTER2/DATA ENGINEERING/airflow/py_env/lib/python3.10/site-packages/airflow/example_dags/subdags/subdag.py
[2023-01-14T21:11:40.303+0000] {processor.py:175} INFO - Processing /media/prempeh/Nouveau nom/MASTER2/DATA ENGINEERING/airflow/py_env/lib/python3.10/site-packages/airflow/example_dags/subdags/subdag.py took 0.078 seconds
[2023-01-14T21:12:16.689+0000] {processor.py:153} INFO - Started process (PID=8234) to work on /media/prempeh/Nouveau nom/MASTER2/DATA ENGINEERING/airflow/py_env/lib/python3.10/site-packages/airflow/example_dags/subdags/subdag.py
[2023-01-14T21:12:16.692+0000] {processor.py:743} INFO - Processing file /media/prempeh/Nouveau nom/MASTER2/DATA ENGINEERING/airflow/py_env/lib/python3.10/site-packages/airflow/example_dags/subdags/subdag.py for tasks to queue
[2023-01-14T21:12:16.696+0000] {logging_mixin.py:137} INFO - [2023-01-14T21:12:16.696+0000] {dagbag.py:538} INFO - Filling up the DagBag from /media/prempeh/Nouveau nom/MASTER2/DATA ENGINEERING/airflow/py_env/lib/python3.10/site-packages/airflow/example_dags/subdags/subdag.py
[2023-01-14T21:12:16.725+0000] {processor.py:755} WARNING - No viable dags retrieved from /media/prempeh/Nouveau nom/MASTER2/DATA ENGINEERING/airflow/py_env/lib/python3.10/site-packages/airflow/example_dags/subdags/subdag.py
[2023-01-14T21:12:16.762+0000] {processor.py:175} INFO - Processing /media/prempeh/Nouveau nom/MASTER2/DATA ENGINEERING/airflow/py_env/lib/python3.10/site-packages/airflow/example_dags/subdags/subdag.py took 0.084 seconds
[2023-01-14T21:12:49.856+0000] {processor.py:153} INFO - Started process (PID=8260) to work on /media/prempeh/Nouveau nom/MASTER2/DATA ENGINEERING/airflow/py_env/lib/python3.10/site-packages/airflow/example_dags/subdags/subdag.py
[2023-01-14T21:12:49.859+0000] {processor.py:743} INFO - Processing file /media/prempeh/Nouveau nom/MASTER2/DATA ENGINEERING/airflow/py_env/lib/python3.10/site-packages/airflow/example_dags/subdags/subdag.py for tasks to queue
[2023-01-14T21:12:49.864+0000] {logging_mixin.py:137} INFO - [2023-01-14T21:12:49.864+0000] {dagbag.py:538} INFO - Filling up the DagBag from /media/prempeh/Nouveau nom/MASTER2/DATA ENGINEERING/airflow/py_env/lib/python3.10/site-packages/airflow/example_dags/subdags/subdag.py
[2023-01-14T21:12:49.891+0000] {processor.py:755} WARNING - No viable dags retrieved from /media/prempeh/Nouveau nom/MASTER2/DATA ENGINEERING/airflow/py_env/lib/python3.10/site-packages/airflow/example_dags/subdags/subdag.py
[2023-01-14T21:12:49.922+0000] {processor.py:175} INFO - Processing /media/prempeh/Nouveau nom/MASTER2/DATA ENGINEERING/airflow/py_env/lib/python3.10/site-packages/airflow/example_dags/subdags/subdag.py took 0.075 seconds
[2023-01-14T21:13:26.571+0000] {processor.py:153} INFO - Started process (PID=8283) to work on /media/prempeh/Nouveau nom/MASTER2/DATA ENGINEERING/airflow/py_env/lib/python3.10/site-packages/airflow/example_dags/subdags/subdag.py
[2023-01-14T21:13:26.574+0000] {processor.py:743} INFO - Processing file /media/prempeh/Nouveau nom/MASTER2/DATA ENGINEERING/airflow/py_env/lib/python3.10/site-packages/airflow/example_dags/subdags/subdag.py for tasks to queue
[2023-01-14T21:13:26.580+0000] {logging_mixin.py:137} INFO - [2023-01-14T21:13:26.579+0000] {dagbag.py:538} INFO - Filling up the DagBag from /media/prempeh/Nouveau nom/MASTER2/DATA ENGINEERING/airflow/py_env/lib/python3.10/site-packages/airflow/example_dags/subdags/subdag.py
[2023-01-14T21:13:26.621+0000] {processor.py:755} WARNING - No viable dags retrieved from /media/prempeh/Nouveau nom/MASTER2/DATA ENGINEERING/airflow/py_env/lib/python3.10/site-packages/airflow/example_dags/subdags/subdag.py
[2023-01-14T21:13:26.662+0000] {processor.py:175} INFO - Processing /media/prempeh/Nouveau nom/MASTER2/DATA ENGINEERING/airflow/py_env/lib/python3.10/site-packages/airflow/example_dags/subdags/subdag.py took 0.102 seconds
[2023-01-14T21:14:04.891+0000] {processor.py:153} INFO - Started process (PID=8314) to work on /media/prempeh/Nouveau nom/MASTER2/DATA ENGINEERING/airflow/py_env/lib/python3.10/site-packages/airflow/example_dags/subdags/subdag.py
[2023-01-14T21:14:04.894+0000] {processor.py:743} INFO - Processing file /media/prempeh/Nouveau nom/MASTER2/DATA ENGINEERING/airflow/py_env/lib/python3.10/site-packages/airflow/example_dags/subdags/subdag.py for tasks to queue
[2023-01-14T21:14:04.898+0000] {logging_mixin.py:137} INFO - [2023-01-14T21:14:04.897+0000] {dagbag.py:538} INFO - Filling up the DagBag from /media/prempeh/Nouveau nom/MASTER2/DATA ENGINEERING/airflow/py_env/lib/python3.10/site-packages/airflow/example_dags/subdags/subdag.py
[2023-01-14T21:14:04.919+0000] {processor.py:755} WARNING - No viable dags retrieved from /media/prempeh/Nouveau nom/MASTER2/DATA ENGINEERING/airflow/py_env/lib/python3.10/site-packages/airflow/example_dags/subdags/subdag.py
[2023-01-14T21:14:04.961+0000] {processor.py:175} INFO - Processing /media/prempeh/Nouveau nom/MASTER2/DATA ENGINEERING/airflow/py_env/lib/python3.10/site-packages/airflow/example_dags/subdags/subdag.py took 0.078 seconds
[2023-01-14T21:14:37.748+0000] {processor.py:153} INFO - Started process (PID=8333) to work on /media/prempeh/Nouveau nom/MASTER2/DATA ENGINEERING/airflow/py_env/lib/python3.10/site-packages/airflow/example_dags/subdags/subdag.py
[2023-01-14T21:14:37.751+0000] {processor.py:743} INFO - Processing file /media/prempeh/Nouveau nom/MASTER2/DATA ENGINEERING/airflow/py_env/lib/python3.10/site-packages/airflow/example_dags/subdags/subdag.py for tasks to queue
[2023-01-14T21:14:37.756+0000] {logging_mixin.py:137} INFO - [2023-01-14T21:14:37.756+0000] {dagbag.py:538} INFO - Filling up the DagBag from /media/prempeh/Nouveau nom/MASTER2/DATA ENGINEERING/airflow/py_env/lib/python3.10/site-packages/airflow/example_dags/subdags/subdag.py
[2023-01-14T21:14:37.778+0000] {processor.py:755} WARNING - No viable dags retrieved from /media/prempeh/Nouveau nom/MASTER2/DATA ENGINEERING/airflow/py_env/lib/python3.10/site-packages/airflow/example_dags/subdags/subdag.py
[2023-01-14T21:14:37.809+0000] {processor.py:175} INFO - Processing /media/prempeh/Nouveau nom/MASTER2/DATA ENGINEERING/airflow/py_env/lib/python3.10/site-packages/airflow/example_dags/subdags/subdag.py took 0.070 seconds
[2023-01-14T21:15:12.647+0000] {processor.py:153} INFO - Started process (PID=8541) to work on /media/prempeh/Nouveau nom/MASTER2/DATA ENGINEERING/airflow/py_env/lib/python3.10/site-packages/airflow/example_dags/subdags/subdag.py
[2023-01-14T21:15:12.654+0000] {processor.py:743} INFO - Processing file /media/prempeh/Nouveau nom/MASTER2/DATA ENGINEERING/airflow/py_env/lib/python3.10/site-packages/airflow/example_dags/subdags/subdag.py for tasks to queue
[2023-01-14T21:15:12.660+0000] {logging_mixin.py:137} INFO - [2023-01-14T21:15:12.659+0000] {dagbag.py:538} INFO - Filling up the DagBag from /media/prempeh/Nouveau nom/MASTER2/DATA ENGINEERING/airflow/py_env/lib/python3.10/site-packages/airflow/example_dags/subdags/subdag.py
[2023-01-14T21:15:12.705+0000] {processor.py:755} WARNING - No viable dags retrieved from /media/prempeh/Nouveau nom/MASTER2/DATA ENGINEERING/airflow/py_env/lib/python3.10/site-packages/airflow/example_dags/subdags/subdag.py
[2023-01-14T21:15:12.762+0000] {processor.py:175} INFO - Processing /media/prempeh/Nouveau nom/MASTER2/DATA ENGINEERING/airflow/py_env/lib/python3.10/site-packages/airflow/example_dags/subdags/subdag.py took 0.139 seconds
[2023-01-14T21:15:49.028+0000] {processor.py:153} INFO - Started process (PID=8760) to work on /media/prempeh/Nouveau nom/MASTER2/DATA ENGINEERING/airflow/py_env/lib/python3.10/site-packages/airflow/example_dags/subdags/subdag.py
[2023-01-14T21:15:49.031+0000] {processor.py:743} INFO - Processing file /media/prempeh/Nouveau nom/MASTER2/DATA ENGINEERING/airflow/py_env/lib/python3.10/site-packages/airflow/example_dags/subdags/subdag.py for tasks to queue
[2023-01-14T21:15:49.041+0000] {logging_mixin.py:137} INFO - [2023-01-14T21:15:49.041+0000] {dagbag.py:538} INFO - Filling up the DagBag from /media/prempeh/Nouveau nom/MASTER2/DATA ENGINEERING/airflow/py_env/lib/python3.10/site-packages/airflow/example_dags/subdags/subdag.py
[2023-01-14T21:15:49.084+0000] {processor.py:755} WARNING - No viable dags retrieved from /media/prempeh/Nouveau nom/MASTER2/DATA ENGINEERING/airflow/py_env/lib/python3.10/site-packages/airflow/example_dags/subdags/subdag.py
[2023-01-14T21:15:49.151+0000] {processor.py:175} INFO - Processing /media/prempeh/Nouveau nom/MASTER2/DATA ENGINEERING/airflow/py_env/lib/python3.10/site-packages/airflow/example_dags/subdags/subdag.py took 0.132 seconds
[2023-01-14T21:16:24.084+0000] {processor.py:153} INFO - Started process (PID=9040) to work on /media/prempeh/Nouveau nom/MASTER2/DATA ENGINEERING/airflow/py_env/lib/python3.10/site-packages/airflow/example_dags/subdags/subdag.py
[2023-01-14T21:16:24.087+0000] {processor.py:743} INFO - Processing file /media/prempeh/Nouveau nom/MASTER2/DATA ENGINEERING/airflow/py_env/lib/python3.10/site-packages/airflow/example_dags/subdags/subdag.py for tasks to queue
[2023-01-14T21:16:24.098+0000] {logging_mixin.py:137} INFO - [2023-01-14T21:16:24.097+0000] {dagbag.py:538} INFO - Filling up the DagBag from /media/prempeh/Nouveau nom/MASTER2/DATA ENGINEERING/airflow/py_env/lib/python3.10/site-packages/airflow/example_dags/subdags/subdag.py
[2023-01-14T21:16:24.130+0000] {processor.py:755} WARNING - No viable dags retrieved from /media/prempeh/Nouveau nom/MASTER2/DATA ENGINEERING/airflow/py_env/lib/python3.10/site-packages/airflow/example_dags/subdags/subdag.py
[2023-01-14T21:16:24.169+0000] {processor.py:175} INFO - Processing /media/prempeh/Nouveau nom/MASTER2/DATA ENGINEERING/airflow/py_env/lib/python3.10/site-packages/airflow/example_dags/subdags/subdag.py took 0.098 seconds
[2023-01-14T21:17:01.393+0000] {processor.py:153} INFO - Started process (PID=9100) to work on /media/prempeh/Nouveau nom/MASTER2/DATA ENGINEERING/airflow/py_env/lib/python3.10/site-packages/airflow/example_dags/subdags/subdag.py
[2023-01-14T21:17:01.396+0000] {processor.py:743} INFO - Processing file /media/prempeh/Nouveau nom/MASTER2/DATA ENGINEERING/airflow/py_env/lib/python3.10/site-packages/airflow/example_dags/subdags/subdag.py for tasks to queue
[2023-01-14T21:17:01.403+0000] {logging_mixin.py:137} INFO - [2023-01-14T21:17:01.402+0000] {dagbag.py:538} INFO - Filling up the DagBag from /media/prempeh/Nouveau nom/MASTER2/DATA ENGINEERING/airflow/py_env/lib/python3.10/site-packages/airflow/example_dags/subdags/subdag.py
[2023-01-14T21:17:01.434+0000] {processor.py:755} WARNING - No viable dags retrieved from /media/prempeh/Nouveau nom/MASTER2/DATA ENGINEERING/airflow/py_env/lib/python3.10/site-packages/airflow/example_dags/subdags/subdag.py
[2023-01-14T21:17:01.468+0000] {processor.py:175} INFO - Processing /media/prempeh/Nouveau nom/MASTER2/DATA ENGINEERING/airflow/py_env/lib/python3.10/site-packages/airflow/example_dags/subdags/subdag.py took 0.085 seconds
[2023-01-14T21:17:36.769+0000] {processor.py:153} INFO - Started process (PID=9163) to work on /media/prempeh/Nouveau nom/MASTER2/DATA ENGINEERING/airflow/py_env/lib/python3.10/site-packages/airflow/example_dags/subdags/subdag.py
[2023-01-14T21:17:36.772+0000] {processor.py:743} INFO - Processing file /media/prempeh/Nouveau nom/MASTER2/DATA ENGINEERING/airflow/py_env/lib/python3.10/site-packages/airflow/example_dags/subdags/subdag.py for tasks to queue
[2023-01-14T21:17:36.781+0000] {logging_mixin.py:137} INFO - [2023-01-14T21:17:36.780+0000] {dagbag.py:538} INFO - Filling up the DagBag from /media/prempeh/Nouveau nom/MASTER2/DATA ENGINEERING/airflow/py_env/lib/python3.10/site-packages/airflow/example_dags/subdags/subdag.py
[2023-01-14T21:17:36.812+0000] {processor.py:755} WARNING - No viable dags retrieved from /media/prempeh/Nouveau nom/MASTER2/DATA ENGINEERING/airflow/py_env/lib/python3.10/site-packages/airflow/example_dags/subdags/subdag.py
[2023-01-14T21:17:36.853+0000] {processor.py:175} INFO - Processing /media/prempeh/Nouveau nom/MASTER2/DATA ENGINEERING/airflow/py_env/lib/python3.10/site-packages/airflow/example_dags/subdags/subdag.py took 0.095 seconds
[2023-01-14T21:18:12.234+0000] {processor.py:153} INFO - Started process (PID=9259) to work on /media/prempeh/Nouveau nom/MASTER2/DATA ENGINEERING/airflow/py_env/lib/python3.10/site-packages/airflow/example_dags/subdags/subdag.py
[2023-01-14T21:18:12.238+0000] {processor.py:743} INFO - Processing file /media/prempeh/Nouveau nom/MASTER2/DATA ENGINEERING/airflow/py_env/lib/python3.10/site-packages/airflow/example_dags/subdags/subdag.py for tasks to queue
[2023-01-14T21:18:12.243+0000] {logging_mixin.py:137} INFO - [2023-01-14T21:18:12.243+0000] {dagbag.py:538} INFO - Filling up the DagBag from /media/prempeh/Nouveau nom/MASTER2/DATA ENGINEERING/airflow/py_env/lib/python3.10/site-packages/airflow/example_dags/subdags/subdag.py
[2023-01-14T21:18:12.273+0000] {processor.py:755} WARNING - No viable dags retrieved from /media/prempeh/Nouveau nom/MASTER2/DATA ENGINEERING/airflow/py_env/lib/python3.10/site-packages/airflow/example_dags/subdags/subdag.py
[2023-01-14T21:18:12.312+0000] {processor.py:175} INFO - Processing /media/prempeh/Nouveau nom/MASTER2/DATA ENGINEERING/airflow/py_env/lib/python3.10/site-packages/airflow/example_dags/subdags/subdag.py took 0.089 seconds
[2023-01-14T21:18:49.094+0000] {processor.py:153} INFO - Started process (PID=9416) to work on /media/prempeh/Nouveau nom/MASTER2/DATA ENGINEERING/airflow/py_env/lib/python3.10/site-packages/airflow/example_dags/subdags/subdag.py
[2023-01-14T21:18:49.097+0000] {processor.py:743} INFO - Processing file /media/prempeh/Nouveau nom/MASTER2/DATA ENGINEERING/airflow/py_env/lib/python3.10/site-packages/airflow/example_dags/subdags/subdag.py for tasks to queue
[2023-01-14T21:18:49.101+0000] {logging_mixin.py:137} INFO - [2023-01-14T21:18:49.101+0000] {dagbag.py:538} INFO - Filling up the DagBag from /media/prempeh/Nouveau nom/MASTER2/DATA ENGINEERING/airflow/py_env/lib/python3.10/site-packages/airflow/example_dags/subdags/subdag.py
[2023-01-14T21:18:49.124+0000] {processor.py:755} WARNING - No viable dags retrieved from /media/prempeh/Nouveau nom/MASTER2/DATA ENGINEERING/airflow/py_env/lib/python3.10/site-packages/airflow/example_dags/subdags/subdag.py
[2023-01-14T21:18:49.155+0000] {processor.py:175} INFO - Processing /media/prempeh/Nouveau nom/MASTER2/DATA ENGINEERING/airflow/py_env/lib/python3.10/site-packages/airflow/example_dags/subdags/subdag.py took 0.071 seconds
[2023-01-14T21:19:26.780+0000] {processor.py:153} INFO - Started process (PID=9532) to work on /media/prempeh/Nouveau nom/MASTER2/DATA ENGINEERING/airflow/py_env/lib/python3.10/site-packages/airflow/example_dags/subdags/subdag.py
[2023-01-14T21:19:26.783+0000] {processor.py:743} INFO - Processing file /media/prempeh/Nouveau nom/MASTER2/DATA ENGINEERING/airflow/py_env/lib/python3.10/site-packages/airflow/example_dags/subdags/subdag.py for tasks to queue
[2023-01-14T21:19:26.789+0000] {logging_mixin.py:137} INFO - [2023-01-14T21:19:26.789+0000] {dagbag.py:538} INFO - Filling up the DagBag from /media/prempeh/Nouveau nom/MASTER2/DATA ENGINEERING/airflow/py_env/lib/python3.10/site-packages/airflow/example_dags/subdags/subdag.py
[2023-01-14T21:19:26.823+0000] {processor.py:755} WARNING - No viable dags retrieved from /media/prempeh/Nouveau nom/MASTER2/DATA ENGINEERING/airflow/py_env/lib/python3.10/site-packages/airflow/example_dags/subdags/subdag.py
[2023-01-14T21:19:26.865+0000] {processor.py:175} INFO - Processing /media/prempeh/Nouveau nom/MASTER2/DATA ENGINEERING/airflow/py_env/lib/python3.10/site-packages/airflow/example_dags/subdags/subdag.py took 0.097 seconds
[2023-01-14T21:20:02.930+0000] {processor.py:153} INFO - Started process (PID=9713) to work on /media/prempeh/Nouveau nom/MASTER2/DATA ENGINEERING/airflow/py_env/lib/python3.10/site-packages/airflow/example_dags/subdags/subdag.py
[2023-01-14T21:20:02.932+0000] {processor.py:743} INFO - Processing file /media/prempeh/Nouveau nom/MASTER2/DATA ENGINEERING/airflow/py_env/lib/python3.10/site-packages/airflow/example_dags/subdags/subdag.py for tasks to queue
[2023-01-14T21:20:02.937+0000] {logging_mixin.py:137} INFO - [2023-01-14T21:20:02.936+0000] {dagbag.py:538} INFO - Filling up the DagBag from /media/prempeh/Nouveau nom/MASTER2/DATA ENGINEERING/airflow/py_env/lib/python3.10/site-packages/airflow/example_dags/subdags/subdag.py
[2023-01-14T21:20:02.964+0000] {processor.py:755} WARNING - No viable dags retrieved from /media/prempeh/Nouveau nom/MASTER2/DATA ENGINEERING/airflow/py_env/lib/python3.10/site-packages/airflow/example_dags/subdags/subdag.py
[2023-01-14T21:20:02.994+0000] {processor.py:175} INFO - Processing /media/prempeh/Nouveau nom/MASTER2/DATA ENGINEERING/airflow/py_env/lib/python3.10/site-packages/airflow/example_dags/subdags/subdag.py took 0.073 seconds
[2023-01-14T21:20:37.941+0000] {processor.py:153} INFO - Started process (PID=9796) to work on /media/prempeh/Nouveau nom/MASTER2/DATA ENGINEERING/airflow/py_env/lib/python3.10/site-packages/airflow/example_dags/subdags/subdag.py
[2023-01-14T21:20:37.944+0000] {processor.py:743} INFO - Processing file /media/prempeh/Nouveau nom/MASTER2/DATA ENGINEERING/airflow/py_env/lib/python3.10/site-packages/airflow/example_dags/subdags/subdag.py for tasks to queue
[2023-01-14T21:20:37.948+0000] {logging_mixin.py:137} INFO - [2023-01-14T21:20:37.948+0000] {dagbag.py:538} INFO - Filling up the DagBag from /media/prempeh/Nouveau nom/MASTER2/DATA ENGINEERING/airflow/py_env/lib/python3.10/site-packages/airflow/example_dags/subdags/subdag.py
[2023-01-14T21:20:37.972+0000] {processor.py:755} WARNING - No viable dags retrieved from /media/prempeh/Nouveau nom/MASTER2/DATA ENGINEERING/airflow/py_env/lib/python3.10/site-packages/airflow/example_dags/subdags/subdag.py
[2023-01-14T21:20:38.006+0000] {processor.py:175} INFO - Processing /media/prempeh/Nouveau nom/MASTER2/DATA ENGINEERING/airflow/py_env/lib/python3.10/site-packages/airflow/example_dags/subdags/subdag.py took 0.073 seconds
[2023-01-14T21:21:12.337+0000] {processor.py:153} INFO - Started process (PID=9821) to work on /media/prempeh/Nouveau nom/MASTER2/DATA ENGINEERING/airflow/py_env/lib/python3.10/site-packages/airflow/example_dags/subdags/subdag.py
[2023-01-14T21:21:12.341+0000] {processor.py:743} INFO - Processing file /media/prempeh/Nouveau nom/MASTER2/DATA ENGINEERING/airflow/py_env/lib/python3.10/site-packages/airflow/example_dags/subdags/subdag.py for tasks to queue
[2023-01-14T21:21:12.346+0000] {logging_mixin.py:137} INFO - [2023-01-14T21:21:12.345+0000] {dagbag.py:538} INFO - Filling up the DagBag from /media/prempeh/Nouveau nom/MASTER2/DATA ENGINEERING/airflow/py_env/lib/python3.10/site-packages/airflow/example_dags/subdags/subdag.py
[2023-01-14T21:21:12.373+0000] {processor.py:755} WARNING - No viable dags retrieved from /media/prempeh/Nouveau nom/MASTER2/DATA ENGINEERING/airflow/py_env/lib/python3.10/site-packages/airflow/example_dags/subdags/subdag.py
[2023-01-14T21:21:12.413+0000] {processor.py:175} INFO - Processing /media/prempeh/Nouveau nom/MASTER2/DATA ENGINEERING/airflow/py_env/lib/python3.10/site-packages/airflow/example_dags/subdags/subdag.py took 0.085 seconds
[2023-01-14T21:21:46.548+0000] {processor.py:153} INFO - Started process (PID=9847) to work on /media/prempeh/Nouveau nom/MASTER2/DATA ENGINEERING/airflow/py_env/lib/python3.10/site-packages/airflow/example_dags/subdags/subdag.py
[2023-01-14T21:21:46.552+0000] {processor.py:743} INFO - Processing file /media/prempeh/Nouveau nom/MASTER2/DATA ENGINEERING/airflow/py_env/lib/python3.10/site-packages/airflow/example_dags/subdags/subdag.py for tasks to queue
[2023-01-14T21:21:46.561+0000] {logging_mixin.py:137} INFO - [2023-01-14T21:21:46.560+0000] {dagbag.py:538} INFO - Filling up the DagBag from /media/prempeh/Nouveau nom/MASTER2/DATA ENGINEERING/airflow/py_env/lib/python3.10/site-packages/airflow/example_dags/subdags/subdag.py
[2023-01-14T21:21:46.613+0000] {processor.py:755} WARNING - No viable dags retrieved from /media/prempeh/Nouveau nom/MASTER2/DATA ENGINEERING/airflow/py_env/lib/python3.10/site-packages/airflow/example_dags/subdags/subdag.py
[2023-01-14T21:21:46.669+0000] {processor.py:175} INFO - Processing /media/prempeh/Nouveau nom/MASTER2/DATA ENGINEERING/airflow/py_env/lib/python3.10/site-packages/airflow/example_dags/subdags/subdag.py took 0.133 seconds
[2023-01-14T21:22:22.315+0000] {processor.py:153} INFO - Started process (PID=10027) to work on /media/prempeh/Nouveau nom/MASTER2/DATA ENGINEERING/airflow/py_env/lib/python3.10/site-packages/airflow/example_dags/subdags/subdag.py
[2023-01-14T21:22:22.320+0000] {processor.py:743} INFO - Processing file /media/prempeh/Nouveau nom/MASTER2/DATA ENGINEERING/airflow/py_env/lib/python3.10/site-packages/airflow/example_dags/subdags/subdag.py for tasks to queue
[2023-01-14T21:22:22.327+0000] {logging_mixin.py:137} INFO - [2023-01-14T21:22:22.326+0000] {dagbag.py:538} INFO - Filling up the DagBag from /media/prempeh/Nouveau nom/MASTER2/DATA ENGINEERING/airflow/py_env/lib/python3.10/site-packages/airflow/example_dags/subdags/subdag.py
[2023-01-14T21:22:22.374+0000] {processor.py:755} WARNING - No viable dags retrieved from /media/prempeh/Nouveau nom/MASTER2/DATA ENGINEERING/airflow/py_env/lib/python3.10/site-packages/airflow/example_dags/subdags/subdag.py
[2023-01-14T21:22:22.441+0000] {processor.py:175} INFO - Processing /media/prempeh/Nouveau nom/MASTER2/DATA ENGINEERING/airflow/py_env/lib/python3.10/site-packages/airflow/example_dags/subdags/subdag.py took 0.139 seconds
[2023-01-14T21:23:02.095+0000] {processor.py:153} INFO - Started process (PID=10278) to work on /media/prempeh/Nouveau nom/MASTER2/DATA ENGINEERING/airflow/py_env/lib/python3.10/site-packages/airflow/example_dags/subdags/subdag.py
[2023-01-14T21:23:02.103+0000] {processor.py:743} INFO - Processing file /media/prempeh/Nouveau nom/MASTER2/DATA ENGINEERING/airflow/py_env/lib/python3.10/site-packages/airflow/example_dags/subdags/subdag.py for tasks to queue
[2023-01-14T21:23:02.113+0000] {logging_mixin.py:137} INFO - [2023-01-14T21:23:02.112+0000] {dagbag.py:538} INFO - Filling up the DagBag from /media/prempeh/Nouveau nom/MASTER2/DATA ENGINEERING/airflow/py_env/lib/python3.10/site-packages/airflow/example_dags/subdags/subdag.py
[2023-01-14T21:23:02.154+0000] {processor.py:755} WARNING - No viable dags retrieved from /media/prempeh/Nouveau nom/MASTER2/DATA ENGINEERING/airflow/py_env/lib/python3.10/site-packages/airflow/example_dags/subdags/subdag.py
[2023-01-14T21:23:02.225+0000] {processor.py:175} INFO - Processing /media/prempeh/Nouveau nom/MASTER2/DATA ENGINEERING/airflow/py_env/lib/python3.10/site-packages/airflow/example_dags/subdags/subdag.py took 0.142 seconds
[2023-01-14T21:23:39.378+0000] {processor.py:153} INFO - Started process (PID=10352) to work on /media/prempeh/Nouveau nom/MASTER2/DATA ENGINEERING/airflow/py_env/lib/python3.10/site-packages/airflow/example_dags/subdags/subdag.py
[2023-01-14T21:23:39.381+0000] {processor.py:743} INFO - Processing file /media/prempeh/Nouveau nom/MASTER2/DATA ENGINEERING/airflow/py_env/lib/python3.10/site-packages/airflow/example_dags/subdags/subdag.py for tasks to queue
[2023-01-14T21:23:39.385+0000] {logging_mixin.py:137} INFO - [2023-01-14T21:23:39.385+0000] {dagbag.py:538} INFO - Filling up the DagBag from /media/prempeh/Nouveau nom/MASTER2/DATA ENGINEERING/airflow/py_env/lib/python3.10/site-packages/airflow/example_dags/subdags/subdag.py
[2023-01-14T21:23:39.416+0000] {processor.py:755} WARNING - No viable dags retrieved from /media/prempeh/Nouveau nom/MASTER2/DATA ENGINEERING/airflow/py_env/lib/python3.10/site-packages/airflow/example_dags/subdags/subdag.py
[2023-01-14T21:23:39.449+0000] {processor.py:175} INFO - Processing /media/prempeh/Nouveau nom/MASTER2/DATA ENGINEERING/airflow/py_env/lib/python3.10/site-packages/airflow/example_dags/subdags/subdag.py took 0.079 seconds
[2023-01-14T21:24:11.705+0000] {processor.py:153} INFO - Started process (PID=10374) to work on /media/prempeh/Nouveau nom/MASTER2/DATA ENGINEERING/airflow/py_env/lib/python3.10/site-packages/airflow/example_dags/subdags/subdag.py
[2023-01-14T21:24:11.709+0000] {processor.py:743} INFO - Processing file /media/prempeh/Nouveau nom/MASTER2/DATA ENGINEERING/airflow/py_env/lib/python3.10/site-packages/airflow/example_dags/subdags/subdag.py for tasks to queue
[2023-01-14T21:24:11.714+0000] {logging_mixin.py:137} INFO - [2023-01-14T21:24:11.713+0000] {dagbag.py:538} INFO - Filling up the DagBag from /media/prempeh/Nouveau nom/MASTER2/DATA ENGINEERING/airflow/py_env/lib/python3.10/site-packages/airflow/example_dags/subdags/subdag.py
[2023-01-14T21:24:11.739+0000] {processor.py:755} WARNING - No viable dags retrieved from /media/prempeh/Nouveau nom/MASTER2/DATA ENGINEERING/airflow/py_env/lib/python3.10/site-packages/airflow/example_dags/subdags/subdag.py
[2023-01-14T21:24:11.772+0000] {processor.py:175} INFO - Processing /media/prempeh/Nouveau nom/MASTER2/DATA ENGINEERING/airflow/py_env/lib/python3.10/site-packages/airflow/example_dags/subdags/subdag.py took 0.076 seconds
[2023-01-14T21:24:42.119+0000] {processor.py:153} INFO - Started process (PID=10430) to work on /media/prempeh/Nouveau nom/MASTER2/DATA ENGINEERING/airflow/py_env/lib/python3.10/site-packages/airflow/example_dags/subdags/subdag.py
[2023-01-14T21:24:42.121+0000] {processor.py:743} INFO - Processing file /media/prempeh/Nouveau nom/MASTER2/DATA ENGINEERING/airflow/py_env/lib/python3.10/site-packages/airflow/example_dags/subdags/subdag.py for tasks to queue
[2023-01-14T21:24:42.125+0000] {logging_mixin.py:137} INFO - [2023-01-14T21:24:42.125+0000] {dagbag.py:538} INFO - Filling up the DagBag from /media/prempeh/Nouveau nom/MASTER2/DATA ENGINEERING/airflow/py_env/lib/python3.10/site-packages/airflow/example_dags/subdags/subdag.py
[2023-01-14T21:24:42.144+0000] {processor.py:755} WARNING - No viable dags retrieved from /media/prempeh/Nouveau nom/MASTER2/DATA ENGINEERING/airflow/py_env/lib/python3.10/site-packages/airflow/example_dags/subdags/subdag.py
[2023-01-14T21:24:42.172+0000] {processor.py:175} INFO - Processing /media/prempeh/Nouveau nom/MASTER2/DATA ENGINEERING/airflow/py_env/lib/python3.10/site-packages/airflow/example_dags/subdags/subdag.py took 0.061 seconds
[2023-01-14T21:25:17.324+0000] {processor.py:153} INFO - Started process (PID=10464) to work on /media/prempeh/Nouveau nom/MASTER2/DATA ENGINEERING/airflow/py_env/lib/python3.10/site-packages/airflow/example_dags/subdags/subdag.py
[2023-01-14T21:25:17.327+0000] {processor.py:743} INFO - Processing file /media/prempeh/Nouveau nom/MASTER2/DATA ENGINEERING/airflow/py_env/lib/python3.10/site-packages/airflow/example_dags/subdags/subdag.py for tasks to queue
[2023-01-14T21:25:17.335+0000] {logging_mixin.py:137} INFO - [2023-01-14T21:25:17.335+0000] {dagbag.py:538} INFO - Filling up the DagBag from /media/prempeh/Nouveau nom/MASTER2/DATA ENGINEERING/airflow/py_env/lib/python3.10/site-packages/airflow/example_dags/subdags/subdag.py
[2023-01-14T21:25:17.366+0000] {processor.py:755} WARNING - No viable dags retrieved from /media/prempeh/Nouveau nom/MASTER2/DATA ENGINEERING/airflow/py_env/lib/python3.10/site-packages/airflow/example_dags/subdags/subdag.py
[2023-01-14T21:25:17.409+0000] {processor.py:175} INFO - Processing /media/prempeh/Nouveau nom/MASTER2/DATA ENGINEERING/airflow/py_env/lib/python3.10/site-packages/airflow/example_dags/subdags/subdag.py took 0.099 seconds
[2023-01-14T21:25:56.461+0000] {processor.py:153} INFO - Started process (PID=10559) to work on /media/prempeh/Nouveau nom/MASTER2/DATA ENGINEERING/airflow/py_env/lib/python3.10/site-packages/airflow/example_dags/subdags/subdag.py
[2023-01-14T21:25:56.463+0000] {processor.py:743} INFO - Processing file /media/prempeh/Nouveau nom/MASTER2/DATA ENGINEERING/airflow/py_env/lib/python3.10/site-packages/airflow/example_dags/subdags/subdag.py for tasks to queue
[2023-01-14T21:25:56.468+0000] {logging_mixin.py:137} INFO - [2023-01-14T21:25:56.468+0000] {dagbag.py:538} INFO - Filling up the DagBag from /media/prempeh/Nouveau nom/MASTER2/DATA ENGINEERING/airflow/py_env/lib/python3.10/site-packages/airflow/example_dags/subdags/subdag.py
[2023-01-14T21:25:56.493+0000] {processor.py:755} WARNING - No viable dags retrieved from /media/prempeh/Nouveau nom/MASTER2/DATA ENGINEERING/airflow/py_env/lib/python3.10/site-packages/airflow/example_dags/subdags/subdag.py
[2023-01-14T21:25:56.530+0000] {processor.py:175} INFO - Processing /media/prempeh/Nouveau nom/MASTER2/DATA ENGINEERING/airflow/py_env/lib/python3.10/site-packages/airflow/example_dags/subdags/subdag.py took 0.080 seconds
[2023-01-14T21:26:32.173+0000] {processor.py:153} INFO - Started process (PID=10631) to work on /media/prempeh/Nouveau nom/MASTER2/DATA ENGINEERING/airflow/py_env/lib/python3.10/site-packages/airflow/example_dags/subdags/subdag.py
[2023-01-14T21:26:32.177+0000] {processor.py:743} INFO - Processing file /media/prempeh/Nouveau nom/MASTER2/DATA ENGINEERING/airflow/py_env/lib/python3.10/site-packages/airflow/example_dags/subdags/subdag.py for tasks to queue
[2023-01-14T21:26:32.184+0000] {logging_mixin.py:137} INFO - [2023-01-14T21:26:32.184+0000] {dagbag.py:538} INFO - Filling up the DagBag from /media/prempeh/Nouveau nom/MASTER2/DATA ENGINEERING/airflow/py_env/lib/python3.10/site-packages/airflow/example_dags/subdags/subdag.py
[2023-01-14T21:26:32.211+0000] {processor.py:755} WARNING - No viable dags retrieved from /media/prempeh/Nouveau nom/MASTER2/DATA ENGINEERING/airflow/py_env/lib/python3.10/site-packages/airflow/example_dags/subdags/subdag.py
[2023-01-14T21:26:32.245+0000] {processor.py:175} INFO - Processing /media/prempeh/Nouveau nom/MASTER2/DATA ENGINEERING/airflow/py_env/lib/python3.10/site-packages/airflow/example_dags/subdags/subdag.py took 0.082 seconds
[2023-01-14T21:27:07.373+0000] {processor.py:153} INFO - Started process (PID=10740) to work on /media/prempeh/Nouveau nom/MASTER2/DATA ENGINEERING/airflow/py_env/lib/python3.10/site-packages/airflow/example_dags/subdags/subdag.py
[2023-01-14T21:27:07.376+0000] {processor.py:743} INFO - Processing file /media/prempeh/Nouveau nom/MASTER2/DATA ENGINEERING/airflow/py_env/lib/python3.10/site-packages/airflow/example_dags/subdags/subdag.py for tasks to queue
[2023-01-14T21:27:07.382+0000] {logging_mixin.py:137} INFO - [2023-01-14T21:27:07.382+0000] {dagbag.py:538} INFO - Filling up the DagBag from /media/prempeh/Nouveau nom/MASTER2/DATA ENGINEERING/airflow/py_env/lib/python3.10/site-packages/airflow/example_dags/subdags/subdag.py
[2023-01-14T21:27:07.405+0000] {processor.py:755} WARNING - No viable dags retrieved from /media/prempeh/Nouveau nom/MASTER2/DATA ENGINEERING/airflow/py_env/lib/python3.10/site-packages/airflow/example_dags/subdags/subdag.py
[2023-01-14T21:27:07.438+0000] {processor.py:175} INFO - Processing /media/prempeh/Nouveau nom/MASTER2/DATA ENGINEERING/airflow/py_env/lib/python3.10/site-packages/airflow/example_dags/subdags/subdag.py took 0.074 seconds
[2023-01-14T21:27:41.263+0000] {processor.py:153} INFO - Started process (PID=10904) to work on /media/prempeh/Nouveau nom/MASTER2/DATA ENGINEERING/airflow/py_env/lib/python3.10/site-packages/airflow/example_dags/subdags/subdag.py
[2023-01-14T21:27:41.268+0000] {processor.py:743} INFO - Processing file /media/prempeh/Nouveau nom/MASTER2/DATA ENGINEERING/airflow/py_env/lib/python3.10/site-packages/airflow/example_dags/subdags/subdag.py for tasks to queue
[2023-01-14T21:27:41.278+0000] {logging_mixin.py:137} INFO - [2023-01-14T21:27:41.278+0000] {dagbag.py:538} INFO - Filling up the DagBag from /media/prempeh/Nouveau nom/MASTER2/DATA ENGINEERING/airflow/py_env/lib/python3.10/site-packages/airflow/example_dags/subdags/subdag.py
[2023-01-14T21:27:41.321+0000] {processor.py:755} WARNING - No viable dags retrieved from /media/prempeh/Nouveau nom/MASTER2/DATA ENGINEERING/airflow/py_env/lib/python3.10/site-packages/airflow/example_dags/subdags/subdag.py
[2023-01-14T21:27:41.371+0000] {processor.py:175} INFO - Processing /media/prempeh/Nouveau nom/MASTER2/DATA ENGINEERING/airflow/py_env/lib/python3.10/site-packages/airflow/example_dags/subdags/subdag.py took 0.122 seconds
