[2023-01-14T20:53:00.438+0000] {processor.py:153} INFO - Started process (PID=6413) to work on /media/prempeh/Nouveau nom/MASTER2/DATA ENGINEERING/airflow/py_env/lib/python3.10/site-packages/airflow/example_dags/example_sla_dag.py
[2023-01-14T20:53:00.441+0000] {processor.py:743} INFO - Processing file /media/prempeh/Nouveau nom/MASTER2/DATA ENGINEERING/airflow/py_env/lib/python3.10/site-packages/airflow/example_dags/example_sla_dag.py for tasks to queue
[2023-01-14T20:53:00.446+0000] {logging_mixin.py:137} INFO - [2023-01-14T20:53:00.445+0000] {dagbag.py:538} INFO - Filling up the DagBag from /media/prempeh/Nouveau nom/MASTER2/DATA ENGINEERING/airflow/py_env/lib/python3.10/site-packages/airflow/example_dags/example_sla_dag.py
[2023-01-14T20:53:00.644+0000] {processor.py:753} INFO - DAG(s) dict_keys(['example_sla_dag']) retrieved from /media/prempeh/Nouveau nom/MASTER2/DATA ENGINEERING/airflow/py_env/lib/python3.10/site-packages/airflow/example_dags/example_sla_dag.py
[2023-01-14T20:53:01.375+0000] {logging_mixin.py:137} INFO - [2023-01-14T20:53:01.375+0000] {manager.py:504} INFO - Created Permission View: can edit on DAG:example_sla_dag
[2023-01-14T20:53:01.411+0000] {logging_mixin.py:137} INFO - [2023-01-14T20:53:01.410+0000] {manager.py:504} INFO - Created Permission View: can delete on DAG:example_sla_dag
[2023-01-14T20:53:01.436+0000] {logging_mixin.py:137} INFO - [2023-01-14T20:53:01.435+0000] {manager.py:504} INFO - Created Permission View: can read on DAG:example_sla_dag
[2023-01-14T20:53:01.437+0000] {logging_mixin.py:137} INFO - [2023-01-14T20:53:01.436+0000] {dag.py:2676} INFO - Sync 1 DAGs
[2023-01-14T20:53:01.473+0000] {logging_mixin.py:137} INFO - [2023-01-14T20:53:01.472+0000] {dag.py:2697} INFO - Creating ORM DAG for example_sla_dag
[2023-01-14T20:53:01.513+0000] {logging_mixin.py:137} INFO - [2023-01-14T20:53:01.513+0000] {dag.py:3423} INFO - Setting next_dagrun for example_sla_dag to 2023-01-14T20:50:00+00:00, run_after=2023-01-14T20:52:00+00:00
[2023-01-14T20:53:01.583+0000] {processor.py:175} INFO - Processing /media/prempeh/Nouveau nom/MASTER2/DATA ENGINEERING/airflow/py_env/lib/python3.10/site-packages/airflow/example_dags/example_sla_dag.py took 1.153 seconds
[2023-01-14T20:54:13.146+0000] {processor.py:153} INFO - Started process (PID=6717) to work on /media/prempeh/Nouveau nom/MASTER2/DATA ENGINEERING/airflow/py_env/lib/python3.10/site-packages/airflow/example_dags/example_sla_dag.py
[2023-01-14T20:54:13.149+0000] {processor.py:743} INFO - Processing file /media/prempeh/Nouveau nom/MASTER2/DATA ENGINEERING/airflow/py_env/lib/python3.10/site-packages/airflow/example_dags/example_sla_dag.py for tasks to queue
[2023-01-14T20:54:13.153+0000] {logging_mixin.py:137} INFO - [2023-01-14T20:54:13.152+0000] {dagbag.py:538} INFO - Filling up the DagBag from /media/prempeh/Nouveau nom/MASTER2/DATA ENGINEERING/airflow/py_env/lib/python3.10/site-packages/airflow/example_dags/example_sla_dag.py
[2023-01-14T20:54:13.347+0000] {processor.py:753} INFO - DAG(s) dict_keys(['example_sla_dag']) retrieved from /media/prempeh/Nouveau nom/MASTER2/DATA ENGINEERING/airflow/py_env/lib/python3.10/site-packages/airflow/example_dags/example_sla_dag.py
[2023-01-14T20:54:13.467+0000] {logging_mixin.py:137} INFO - [2023-01-14T20:54:13.467+0000] {dag.py:2676} INFO - Sync 1 DAGs
[2023-01-14T20:54:13.538+0000] {logging_mixin.py:137} INFO - [2023-01-14T20:54:13.537+0000] {dag.py:3423} INFO - Setting next_dagrun for example_sla_dag to 2023-01-14T20:52:00+00:00, run_after=2023-01-14T20:54:00+00:00
[2023-01-14T20:54:13.609+0000] {processor.py:175} INFO - Processing /media/prempeh/Nouveau nom/MASTER2/DATA ENGINEERING/airflow/py_env/lib/python3.10/site-packages/airflow/example_dags/example_sla_dag.py took 0.472 seconds
[2023-01-14T20:55:13.716+0000] {processor.py:153} INFO - Started process (PID=6755) to work on /media/prempeh/Nouveau nom/MASTER2/DATA ENGINEERING/airflow/py_env/lib/python3.10/site-packages/airflow/example_dags/example_sla_dag.py
[2023-01-14T20:55:13.718+0000] {processor.py:743} INFO - Processing file /media/prempeh/Nouveau nom/MASTER2/DATA ENGINEERING/airflow/py_env/lib/python3.10/site-packages/airflow/example_dags/example_sla_dag.py for tasks to queue
[2023-01-14T20:55:13.723+0000] {logging_mixin.py:137} INFO - [2023-01-14T20:55:13.722+0000] {dagbag.py:538} INFO - Filling up the DagBag from /media/prempeh/Nouveau nom/MASTER2/DATA ENGINEERING/airflow/py_env/lib/python3.10/site-packages/airflow/example_dags/example_sla_dag.py
[2023-01-14T20:55:13.887+0000] {processor.py:753} INFO - DAG(s) dict_keys(['example_sla_dag']) retrieved from /media/prempeh/Nouveau nom/MASTER2/DATA ENGINEERING/airflow/py_env/lib/python3.10/site-packages/airflow/example_dags/example_sla_dag.py
[2023-01-14T20:55:14.019+0000] {logging_mixin.py:137} INFO - [2023-01-14T20:55:14.018+0000] {dag.py:2676} INFO - Sync 1 DAGs
[2023-01-14T20:55:14.151+0000] {logging_mixin.py:137} INFO - [2023-01-14T20:55:14.150+0000] {dag.py:3423} INFO - Setting next_dagrun for example_sla_dag to 2023-01-14T20:52:00+00:00, run_after=2023-01-14T20:54:00+00:00
[2023-01-14T20:55:14.267+0000] {processor.py:175} INFO - Processing /media/prempeh/Nouveau nom/MASTER2/DATA ENGINEERING/airflow/py_env/lib/python3.10/site-packages/airflow/example_dags/example_sla_dag.py took 0.560 seconds
[2023-01-14T20:56:12.338+0000] {processor.py:153} INFO - Started process (PID=6879) to work on /media/prempeh/Nouveau nom/MASTER2/DATA ENGINEERING/airflow/py_env/lib/python3.10/site-packages/airflow/example_dags/example_sla_dag.py
[2023-01-14T20:56:12.343+0000] {processor.py:743} INFO - Processing file /media/prempeh/Nouveau nom/MASTER2/DATA ENGINEERING/airflow/py_env/lib/python3.10/site-packages/airflow/example_dags/example_sla_dag.py for tasks to queue
[2023-01-14T20:56:12.353+0000] {logging_mixin.py:137} INFO - [2023-01-14T20:56:12.352+0000] {dagbag.py:538} INFO - Filling up the DagBag from /media/prempeh/Nouveau nom/MASTER2/DATA ENGINEERING/airflow/py_env/lib/python3.10/site-packages/airflow/example_dags/example_sla_dag.py
[2023-01-14T20:56:12.721+0000] {processor.py:753} INFO - DAG(s) dict_keys(['example_sla_dag']) retrieved from /media/prempeh/Nouveau nom/MASTER2/DATA ENGINEERING/airflow/py_env/lib/python3.10/site-packages/airflow/example_dags/example_sla_dag.py
[2023-01-14T20:56:12.905+0000] {logging_mixin.py:137} INFO - [2023-01-14T20:56:12.904+0000] {dag.py:2676} INFO - Sync 1 DAGs
[2023-01-14T20:56:12.984+0000] {logging_mixin.py:137} INFO - [2023-01-14T20:56:12.984+0000] {dag.py:3423} INFO - Setting next_dagrun for example_sla_dag to 2023-01-14T20:54:00+00:00, run_after=2023-01-14T20:56:00+00:00
[2023-01-14T20:56:13.049+0000] {processor.py:175} INFO - Processing /media/prempeh/Nouveau nom/MASTER2/DATA ENGINEERING/airflow/py_env/lib/python3.10/site-packages/airflow/example_dags/example_sla_dag.py took 0.728 seconds
[2023-01-14T20:57:14.398+0000] {processor.py:153} INFO - Started process (PID=7061) to work on /media/prempeh/Nouveau nom/MASTER2/DATA ENGINEERING/airflow/py_env/lib/python3.10/site-packages/airflow/example_dags/example_sla_dag.py
[2023-01-14T20:57:14.401+0000] {processor.py:743} INFO - Processing file /media/prempeh/Nouveau nom/MASTER2/DATA ENGINEERING/airflow/py_env/lib/python3.10/site-packages/airflow/example_dags/example_sla_dag.py for tasks to queue
[2023-01-14T20:57:14.405+0000] {logging_mixin.py:137} INFO - [2023-01-14T20:57:14.405+0000] {dagbag.py:538} INFO - Filling up the DagBag from /media/prempeh/Nouveau nom/MASTER2/DATA ENGINEERING/airflow/py_env/lib/python3.10/site-packages/airflow/example_dags/example_sla_dag.py
[2023-01-14T20:57:14.594+0000] {processor.py:753} INFO - DAG(s) dict_keys(['example_sla_dag']) retrieved from /media/prempeh/Nouveau nom/MASTER2/DATA ENGINEERING/airflow/py_env/lib/python3.10/site-packages/airflow/example_dags/example_sla_dag.py
[2023-01-14T20:57:14.715+0000] {logging_mixin.py:137} INFO - [2023-01-14T20:57:14.715+0000] {dag.py:2676} INFO - Sync 1 DAGs
[2023-01-14T20:57:14.786+0000] {logging_mixin.py:137} INFO - [2023-01-14T20:57:14.786+0000] {dag.py:3423} INFO - Setting next_dagrun for example_sla_dag to 2023-01-14T20:54:00+00:00, run_after=2023-01-14T20:56:00+00:00
[2023-01-14T20:57:14.856+0000] {processor.py:175} INFO - Processing /media/prempeh/Nouveau nom/MASTER2/DATA ENGINEERING/airflow/py_env/lib/python3.10/site-packages/airflow/example_dags/example_sla_dag.py took 0.467 seconds
[2023-01-14T20:58:11.286+0000] {processor.py:153} INFO - Started process (PID=7117) to work on /media/prempeh/Nouveau nom/MASTER2/DATA ENGINEERING/airflow/py_env/lib/python3.10/site-packages/airflow/example_dags/example_sla_dag.py
[2023-01-14T20:58:11.289+0000] {processor.py:743} INFO - Processing file /media/prempeh/Nouveau nom/MASTER2/DATA ENGINEERING/airflow/py_env/lib/python3.10/site-packages/airflow/example_dags/example_sla_dag.py for tasks to queue
[2023-01-14T20:58:11.293+0000] {logging_mixin.py:137} INFO - [2023-01-14T20:58:11.293+0000] {dagbag.py:538} INFO - Filling up the DagBag from /media/prempeh/Nouveau nom/MASTER2/DATA ENGINEERING/airflow/py_env/lib/python3.10/site-packages/airflow/example_dags/example_sla_dag.py
[2023-01-14T20:58:11.613+0000] {processor.py:753} INFO - DAG(s) dict_keys(['example_sla_dag']) retrieved from /media/prempeh/Nouveau nom/MASTER2/DATA ENGINEERING/airflow/py_env/lib/python3.10/site-packages/airflow/example_dags/example_sla_dag.py
[2023-01-14T20:58:11.858+0000] {logging_mixin.py:137} INFO - [2023-01-14T20:58:11.857+0000] {dag.py:2676} INFO - Sync 1 DAGs
[2023-01-14T20:58:11.943+0000] {logging_mixin.py:137} INFO - [2023-01-14T20:58:11.943+0000] {dag.py:3423} INFO - Setting next_dagrun for example_sla_dag to 2023-01-14T20:56:00+00:00, run_after=2023-01-14T20:58:00+00:00
[2023-01-14T20:58:12.012+0000] {processor.py:175} INFO - Processing /media/prempeh/Nouveau nom/MASTER2/DATA ENGINEERING/airflow/py_env/lib/python3.10/site-packages/airflow/example_dags/example_sla_dag.py took 0.736 seconds
[2023-01-14T20:59:06.106+0000] {processor.py:153} INFO - Started process (PID=7159) to work on /media/prempeh/Nouveau nom/MASTER2/DATA ENGINEERING/airflow/py_env/lib/python3.10/site-packages/airflow/example_dags/example_sla_dag.py
[2023-01-14T20:59:06.109+0000] {processor.py:743} INFO - Processing file /media/prempeh/Nouveau nom/MASTER2/DATA ENGINEERING/airflow/py_env/lib/python3.10/site-packages/airflow/example_dags/example_sla_dag.py for tasks to queue
[2023-01-14T20:59:06.114+0000] {logging_mixin.py:137} INFO - [2023-01-14T20:59:06.114+0000] {dagbag.py:538} INFO - Filling up the DagBag from /media/prempeh/Nouveau nom/MASTER2/DATA ENGINEERING/airflow/py_env/lib/python3.10/site-packages/airflow/example_dags/example_sla_dag.py
[2023-01-14T20:59:06.285+0000] {processor.py:753} INFO - DAG(s) dict_keys(['example_sla_dag']) retrieved from /media/prempeh/Nouveau nom/MASTER2/DATA ENGINEERING/airflow/py_env/lib/python3.10/site-packages/airflow/example_dags/example_sla_dag.py
[2023-01-14T20:59:06.421+0000] {logging_mixin.py:137} INFO - [2023-01-14T20:59:06.420+0000] {dag.py:2676} INFO - Sync 1 DAGs
[2023-01-14T20:59:06.491+0000] {logging_mixin.py:137} INFO - [2023-01-14T20:59:06.491+0000] {dag.py:3423} INFO - Setting next_dagrun for example_sla_dag to 2023-01-14T20:56:00+00:00, run_after=2023-01-14T20:58:00+00:00
[2023-01-14T20:59:06.563+0000] {processor.py:175} INFO - Processing /media/prempeh/Nouveau nom/MASTER2/DATA ENGINEERING/airflow/py_env/lib/python3.10/site-packages/airflow/example_dags/example_sla_dag.py took 0.471 seconds
[2023-01-14T20:59:54.146+0000] {processor.py:153} INFO - Started process (PID=7240) to work on /media/prempeh/Nouveau nom/MASTER2/DATA ENGINEERING/airflow/py_env/lib/python3.10/site-packages/airflow/example_dags/example_sla_dag.py
[2023-01-14T20:59:54.148+0000] {processor.py:743} INFO - Processing file /media/prempeh/Nouveau nom/MASTER2/DATA ENGINEERING/airflow/py_env/lib/python3.10/site-packages/airflow/example_dags/example_sla_dag.py for tasks to queue
[2023-01-14T20:59:54.153+0000] {logging_mixin.py:137} INFO - [2023-01-14T20:59:54.153+0000] {dagbag.py:538} INFO - Filling up the DagBag from /media/prempeh/Nouveau nom/MASTER2/DATA ENGINEERING/airflow/py_env/lib/python3.10/site-packages/airflow/example_dags/example_sla_dag.py
[2023-01-14T20:59:54.379+0000] {processor.py:753} INFO - DAG(s) dict_keys(['example_sla_dag']) retrieved from /media/prempeh/Nouveau nom/MASTER2/DATA ENGINEERING/airflow/py_env/lib/python3.10/site-packages/airflow/example_dags/example_sla_dag.py
[2023-01-14T20:59:54.522+0000] {logging_mixin.py:137} INFO - [2023-01-14T20:59:54.521+0000] {dag.py:2676} INFO - Sync 1 DAGs
[2023-01-14T20:59:54.598+0000] {logging_mixin.py:137} INFO - [2023-01-14T20:59:54.598+0000] {dag.py:3423} INFO - Setting next_dagrun for example_sla_dag to 2023-01-14T20:56:00+00:00, run_after=2023-01-14T20:58:00+00:00
[2023-01-14T20:59:54.664+0000] {processor.py:175} INFO - Processing /media/prempeh/Nouveau nom/MASTER2/DATA ENGINEERING/airflow/py_env/lib/python3.10/site-packages/airflow/example_dags/example_sla_dag.py took 0.528 seconds
[2023-01-14T21:00:49.895+0000] {processor.py:153} INFO - Started process (PID=7277) to work on /media/prempeh/Nouveau nom/MASTER2/DATA ENGINEERING/airflow/py_env/lib/python3.10/site-packages/airflow/example_dags/example_sla_dag.py
[2023-01-14T21:00:49.897+0000] {processor.py:743} INFO - Processing file /media/prempeh/Nouveau nom/MASTER2/DATA ENGINEERING/airflow/py_env/lib/python3.10/site-packages/airflow/example_dags/example_sla_dag.py for tasks to queue
[2023-01-14T21:00:49.901+0000] {logging_mixin.py:137} INFO - [2023-01-14T21:00:49.901+0000] {dagbag.py:538} INFO - Filling up the DagBag from /media/prempeh/Nouveau nom/MASTER2/DATA ENGINEERING/airflow/py_env/lib/python3.10/site-packages/airflow/example_dags/example_sla_dag.py
[2023-01-14T21:00:50.075+0000] {processor.py:753} INFO - DAG(s) dict_keys(['example_sla_dag']) retrieved from /media/prempeh/Nouveau nom/MASTER2/DATA ENGINEERING/airflow/py_env/lib/python3.10/site-packages/airflow/example_dags/example_sla_dag.py
[2023-01-14T21:00:50.212+0000] {logging_mixin.py:137} INFO - [2023-01-14T21:00:50.212+0000] {dag.py:2676} INFO - Sync 1 DAGs
[2023-01-14T21:00:50.284+0000] {logging_mixin.py:137} INFO - [2023-01-14T21:00:50.284+0000] {dag.py:3423} INFO - Setting next_dagrun for example_sla_dag to 2023-01-14T20:58:00+00:00, run_after=2023-01-14T21:00:00+00:00
[2023-01-14T21:00:50.370+0000] {processor.py:175} INFO - Processing /media/prempeh/Nouveau nom/MASTER2/DATA ENGINEERING/airflow/py_env/lib/python3.10/site-packages/airflow/example_dags/example_sla_dag.py took 0.486 seconds
[2023-01-14T21:01:45.674+0000] {processor.py:153} INFO - Started process (PID=7323) to work on /media/prempeh/Nouveau nom/MASTER2/DATA ENGINEERING/airflow/py_env/lib/python3.10/site-packages/airflow/example_dags/example_sla_dag.py
[2023-01-14T21:01:45.677+0000] {processor.py:743} INFO - Processing file /media/prempeh/Nouveau nom/MASTER2/DATA ENGINEERING/airflow/py_env/lib/python3.10/site-packages/airflow/example_dags/example_sla_dag.py for tasks to queue
[2023-01-14T21:01:45.682+0000] {logging_mixin.py:137} INFO - [2023-01-14T21:01:45.681+0000] {dagbag.py:538} INFO - Filling up the DagBag from /media/prempeh/Nouveau nom/MASTER2/DATA ENGINEERING/airflow/py_env/lib/python3.10/site-packages/airflow/example_dags/example_sla_dag.py
[2023-01-14T21:01:45.876+0000] {processor.py:753} INFO - DAG(s) dict_keys(['example_sla_dag']) retrieved from /media/prempeh/Nouveau nom/MASTER2/DATA ENGINEERING/airflow/py_env/lib/python3.10/site-packages/airflow/example_dags/example_sla_dag.py
[2023-01-14T21:01:46.016+0000] {logging_mixin.py:137} INFO - [2023-01-14T21:01:46.015+0000] {dag.py:2676} INFO - Sync 1 DAGs
[2023-01-14T21:01:46.119+0000] {logging_mixin.py:137} INFO - [2023-01-14T21:01:46.118+0000] {dag.py:3423} INFO - Setting next_dagrun for example_sla_dag to 2023-01-14T20:58:00+00:00, run_after=2023-01-14T21:00:00+00:00
[2023-01-14T21:01:46.223+0000] {processor.py:175} INFO - Processing /media/prempeh/Nouveau nom/MASTER2/DATA ENGINEERING/airflow/py_env/lib/python3.10/site-packages/airflow/example_dags/example_sla_dag.py took 0.558 seconds
[2023-01-14T21:02:37.930+0000] {processor.py:153} INFO - Started process (PID=7389) to work on /media/prempeh/Nouveau nom/MASTER2/DATA ENGINEERING/airflow/py_env/lib/python3.10/site-packages/airflow/example_dags/example_sla_dag.py
[2023-01-14T21:02:37.933+0000] {processor.py:743} INFO - Processing file /media/prempeh/Nouveau nom/MASTER2/DATA ENGINEERING/airflow/py_env/lib/python3.10/site-packages/airflow/example_dags/example_sla_dag.py for tasks to queue
[2023-01-14T21:02:37.938+0000] {logging_mixin.py:137} INFO - [2023-01-14T21:02:37.937+0000] {dagbag.py:538} INFO - Filling up the DagBag from /media/prempeh/Nouveau nom/MASTER2/DATA ENGINEERING/airflow/py_env/lib/python3.10/site-packages/airflow/example_dags/example_sla_dag.py
[2023-01-14T21:02:38.097+0000] {processor.py:753} INFO - DAG(s) dict_keys(['example_sla_dag']) retrieved from /media/prempeh/Nouveau nom/MASTER2/DATA ENGINEERING/airflow/py_env/lib/python3.10/site-packages/airflow/example_dags/example_sla_dag.py
[2023-01-14T21:02:38.227+0000] {logging_mixin.py:137} INFO - [2023-01-14T21:02:38.226+0000] {dag.py:2676} INFO - Sync 1 DAGs
[2023-01-14T21:02:38.304+0000] {logging_mixin.py:137} INFO - [2023-01-14T21:02:38.303+0000] {dag.py:3423} INFO - Setting next_dagrun for example_sla_dag to 2023-01-14T21:00:00+00:00, run_after=2023-01-14T21:02:00+00:00
[2023-01-14T21:02:38.373+0000] {processor.py:175} INFO - Processing /media/prempeh/Nouveau nom/MASTER2/DATA ENGINEERING/airflow/py_env/lib/python3.10/site-packages/airflow/example_dags/example_sla_dag.py took 0.454 seconds
[2023-01-14T21:03:28.527+0000] {processor.py:153} INFO - Started process (PID=7432) to work on /media/prempeh/Nouveau nom/MASTER2/DATA ENGINEERING/airflow/py_env/lib/python3.10/site-packages/airflow/example_dags/example_sla_dag.py
[2023-01-14T21:03:28.529+0000] {processor.py:743} INFO - Processing file /media/prempeh/Nouveau nom/MASTER2/DATA ENGINEERING/airflow/py_env/lib/python3.10/site-packages/airflow/example_dags/example_sla_dag.py for tasks to queue
[2023-01-14T21:03:28.536+0000] {logging_mixin.py:137} INFO - [2023-01-14T21:03:28.535+0000] {dagbag.py:538} INFO - Filling up the DagBag from /media/prempeh/Nouveau nom/MASTER2/DATA ENGINEERING/airflow/py_env/lib/python3.10/site-packages/airflow/example_dags/example_sla_dag.py
[2023-01-14T21:03:28.712+0000] {processor.py:753} INFO - DAG(s) dict_keys(['example_sla_dag']) retrieved from /media/prempeh/Nouveau nom/MASTER2/DATA ENGINEERING/airflow/py_env/lib/python3.10/site-packages/airflow/example_dags/example_sla_dag.py
[2023-01-14T21:03:28.845+0000] {logging_mixin.py:137} INFO - [2023-01-14T21:03:28.844+0000] {dag.py:2676} INFO - Sync 1 DAGs
[2023-01-14T21:03:28.921+0000] {logging_mixin.py:137} INFO - [2023-01-14T21:03:28.920+0000] {dag.py:3423} INFO - Setting next_dagrun for example_sla_dag to 2023-01-14T21:00:00+00:00, run_after=2023-01-14T21:02:00+00:00
[2023-01-14T21:03:28.987+0000] {processor.py:175} INFO - Processing /media/prempeh/Nouveau nom/MASTER2/DATA ENGINEERING/airflow/py_env/lib/python3.10/site-packages/airflow/example_dags/example_sla_dag.py took 0.469 seconds
[2023-01-14T21:04:34.461+0000] {processor.py:153} INFO - Started process (PID=7501) to work on /media/prempeh/Nouveau nom/MASTER2/DATA ENGINEERING/airflow/py_env/lib/python3.10/site-packages/airflow/example_dags/example_sla_dag.py
[2023-01-14T21:04:34.466+0000] {processor.py:743} INFO - Processing file /media/prempeh/Nouveau nom/MASTER2/DATA ENGINEERING/airflow/py_env/lib/python3.10/site-packages/airflow/example_dags/example_sla_dag.py for tasks to queue
[2023-01-14T21:04:34.476+0000] {logging_mixin.py:137} INFO - [2023-01-14T21:04:34.475+0000] {dagbag.py:538} INFO - Filling up the DagBag from /media/prempeh/Nouveau nom/MASTER2/DATA ENGINEERING/airflow/py_env/lib/python3.10/site-packages/airflow/example_dags/example_sla_dag.py
[2023-01-14T21:04:34.849+0000] {processor.py:753} INFO - DAG(s) dict_keys(['example_sla_dag']) retrieved from /media/prempeh/Nouveau nom/MASTER2/DATA ENGINEERING/airflow/py_env/lib/python3.10/site-packages/airflow/example_dags/example_sla_dag.py
[2023-01-14T21:04:35.200+0000] {logging_mixin.py:137} INFO - [2023-01-14T21:04:35.198+0000] {dag.py:2676} INFO - Sync 1 DAGs
[2023-01-14T21:04:35.305+0000] {logging_mixin.py:137} INFO - [2023-01-14T21:04:35.305+0000] {dag.py:3423} INFO - Setting next_dagrun for example_sla_dag to 2023-01-14T21:02:00+00:00, run_after=2023-01-14T21:04:00+00:00
[2023-01-14T21:04:35.402+0000] {processor.py:175} INFO - Processing /media/prempeh/Nouveau nom/MASTER2/DATA ENGINEERING/airflow/py_env/lib/python3.10/site-packages/airflow/example_dags/example_sla_dag.py took 0.955 seconds
[2023-01-14T21:05:31.261+0000] {processor.py:153} INFO - Started process (PID=7551) to work on /media/prempeh/Nouveau nom/MASTER2/DATA ENGINEERING/airflow/py_env/lib/python3.10/site-packages/airflow/example_dags/example_sla_dag.py
[2023-01-14T21:05:31.263+0000] {processor.py:743} INFO - Processing file /media/prempeh/Nouveau nom/MASTER2/DATA ENGINEERING/airflow/py_env/lib/python3.10/site-packages/airflow/example_dags/example_sla_dag.py for tasks to queue
[2023-01-14T21:05:31.268+0000] {logging_mixin.py:137} INFO - [2023-01-14T21:05:31.267+0000] {dagbag.py:538} INFO - Filling up the DagBag from /media/prempeh/Nouveau nom/MASTER2/DATA ENGINEERING/airflow/py_env/lib/python3.10/site-packages/airflow/example_dags/example_sla_dag.py
[2023-01-14T21:05:31.461+0000] {processor.py:753} INFO - DAG(s) dict_keys(['example_sla_dag']) retrieved from /media/prempeh/Nouveau nom/MASTER2/DATA ENGINEERING/airflow/py_env/lib/python3.10/site-packages/airflow/example_dags/example_sla_dag.py
[2023-01-14T21:05:31.606+0000] {logging_mixin.py:137} INFO - [2023-01-14T21:05:31.605+0000] {dag.py:2676} INFO - Sync 1 DAGs
[2023-01-14T21:05:31.694+0000] {logging_mixin.py:137} INFO - [2023-01-14T21:05:31.693+0000] {dag.py:3423} INFO - Setting next_dagrun for example_sla_dag to 2023-01-14T21:02:00+00:00, run_after=2023-01-14T21:04:00+00:00
[2023-01-14T21:05:31.796+0000] {processor.py:175} INFO - Processing /media/prempeh/Nouveau nom/MASTER2/DATA ENGINEERING/airflow/py_env/lib/python3.10/site-packages/airflow/example_dags/example_sla_dag.py took 0.545 seconds
[2023-01-14T21:06:39.282+0000] {processor.py:153} INFO - Started process (PID=7757) to work on /media/prempeh/Nouveau nom/MASTER2/DATA ENGINEERING/airflow/py_env/lib/python3.10/site-packages/airflow/example_dags/example_sla_dag.py
[2023-01-14T21:06:39.284+0000] {processor.py:743} INFO - Processing file /media/prempeh/Nouveau nom/MASTER2/DATA ENGINEERING/airflow/py_env/lib/python3.10/site-packages/airflow/example_dags/example_sla_dag.py for tasks to queue
[2023-01-14T21:06:39.291+0000] {logging_mixin.py:137} INFO - [2023-01-14T21:06:39.290+0000] {dagbag.py:538} INFO - Filling up the DagBag from /media/prempeh/Nouveau nom/MASTER2/DATA ENGINEERING/airflow/py_env/lib/python3.10/site-packages/airflow/example_dags/example_sla_dag.py
[2023-01-14T21:06:39.453+0000] {processor.py:753} INFO - DAG(s) dict_keys(['example_sla_dag']) retrieved from /media/prempeh/Nouveau nom/MASTER2/DATA ENGINEERING/airflow/py_env/lib/python3.10/site-packages/airflow/example_dags/example_sla_dag.py
[2023-01-14T21:06:39.585+0000] {logging_mixin.py:137} INFO - [2023-01-14T21:06:39.584+0000] {dag.py:2676} INFO - Sync 1 DAGs
[2023-01-14T21:06:39.677+0000] {logging_mixin.py:137} INFO - [2023-01-14T21:06:39.677+0000] {dag.py:3423} INFO - Setting next_dagrun for example_sla_dag to 2023-01-14T21:04:00+00:00, run_after=2023-01-14T21:06:00+00:00
[2023-01-14T21:06:39.756+0000] {processor.py:175} INFO - Processing /media/prempeh/Nouveau nom/MASTER2/DATA ENGINEERING/airflow/py_env/lib/python3.10/site-packages/airflow/example_dags/example_sla_dag.py took 0.483 seconds
[2023-01-14T21:08:12.577+0000] {processor.py:153} INFO - Started process (PID=8043) to work on /media/prempeh/Nouveau nom/MASTER2/DATA ENGINEERING/airflow/py_env/lib/python3.10/site-packages/airflow/example_dags/example_sla_dag.py
[2023-01-14T21:08:12.579+0000] {processor.py:743} INFO - Processing file /media/prempeh/Nouveau nom/MASTER2/DATA ENGINEERING/airflow/py_env/lib/python3.10/site-packages/airflow/example_dags/example_sla_dag.py for tasks to queue
[2023-01-14T21:08:12.583+0000] {logging_mixin.py:137} INFO - [2023-01-14T21:08:12.583+0000] {dagbag.py:538} INFO - Filling up the DagBag from /media/prempeh/Nouveau nom/MASTER2/DATA ENGINEERING/airflow/py_env/lib/python3.10/site-packages/airflow/example_dags/example_sla_dag.py
[2023-01-14T21:08:12.764+0000] {processor.py:753} INFO - DAG(s) dict_keys(['example_sla_dag']) retrieved from /media/prempeh/Nouveau nom/MASTER2/DATA ENGINEERING/airflow/py_env/lib/python3.10/site-packages/airflow/example_dags/example_sla_dag.py
[2023-01-14T21:08:12.886+0000] {logging_mixin.py:137} INFO - [2023-01-14T21:08:12.885+0000] {dag.py:2676} INFO - Sync 1 DAGs
[2023-01-14T21:08:12.959+0000] {logging_mixin.py:137} INFO - [2023-01-14T21:08:12.958+0000] {dag.py:3423} INFO - Setting next_dagrun for example_sla_dag to 2023-01-14T21:06:00+00:00, run_after=2023-01-14T21:08:00+00:00
[2023-01-14T21:08:13.031+0000] {processor.py:175} INFO - Processing /media/prempeh/Nouveau nom/MASTER2/DATA ENGINEERING/airflow/py_env/lib/python3.10/site-packages/airflow/example_dags/example_sla_dag.py took 0.466 seconds
[2023-01-14T21:09:13.427+0000] {processor.py:153} INFO - Started process (PID=8101) to work on /media/prempeh/Nouveau nom/MASTER2/DATA ENGINEERING/airflow/py_env/lib/python3.10/site-packages/airflow/example_dags/example_sla_dag.py
[2023-01-14T21:09:13.430+0000] {processor.py:743} INFO - Processing file /media/prempeh/Nouveau nom/MASTER2/DATA ENGINEERING/airflow/py_env/lib/python3.10/site-packages/airflow/example_dags/example_sla_dag.py for tasks to queue
[2023-01-14T21:09:13.434+0000] {logging_mixin.py:137} INFO - [2023-01-14T21:09:13.434+0000] {dagbag.py:538} INFO - Filling up the DagBag from /media/prempeh/Nouveau nom/MASTER2/DATA ENGINEERING/airflow/py_env/lib/python3.10/site-packages/airflow/example_dags/example_sla_dag.py
[2023-01-14T21:09:13.612+0000] {processor.py:753} INFO - DAG(s) dict_keys(['example_sla_dag']) retrieved from /media/prempeh/Nouveau nom/MASTER2/DATA ENGINEERING/airflow/py_env/lib/python3.10/site-packages/airflow/example_dags/example_sla_dag.py
[2023-01-14T21:09:13.744+0000] {logging_mixin.py:137} INFO - [2023-01-14T21:09:13.743+0000] {dag.py:2676} INFO - Sync 1 DAGs
[2023-01-14T21:09:13.819+0000] {logging_mixin.py:137} INFO - [2023-01-14T21:09:13.819+0000] {dag.py:3423} INFO - Setting next_dagrun for example_sla_dag to 2023-01-14T21:06:00+00:00, run_after=2023-01-14T21:08:00+00:00
[2023-01-14T21:09:13.892+0000] {processor.py:175} INFO - Processing /media/prempeh/Nouveau nom/MASTER2/DATA ENGINEERING/airflow/py_env/lib/python3.10/site-packages/airflow/example_dags/example_sla_dag.py took 0.474 seconds
[2023-01-14T21:10:13.757+0000] {processor.py:153} INFO - Started process (PID=8147) to work on /media/prempeh/Nouveau nom/MASTER2/DATA ENGINEERING/airflow/py_env/lib/python3.10/site-packages/airflow/example_dags/example_sla_dag.py
[2023-01-14T21:10:13.760+0000] {processor.py:743} INFO - Processing file /media/prempeh/Nouveau nom/MASTER2/DATA ENGINEERING/airflow/py_env/lib/python3.10/site-packages/airflow/example_dags/example_sla_dag.py for tasks to queue
[2023-01-14T21:10:13.764+0000] {logging_mixin.py:137} INFO - [2023-01-14T21:10:13.764+0000] {dagbag.py:538} INFO - Filling up the DagBag from /media/prempeh/Nouveau nom/MASTER2/DATA ENGINEERING/airflow/py_env/lib/python3.10/site-packages/airflow/example_dags/example_sla_dag.py
[2023-01-14T21:10:13.926+0000] {processor.py:753} INFO - DAG(s) dict_keys(['example_sla_dag']) retrieved from /media/prempeh/Nouveau nom/MASTER2/DATA ENGINEERING/airflow/py_env/lib/python3.10/site-packages/airflow/example_dags/example_sla_dag.py
[2023-01-14T21:10:14.041+0000] {logging_mixin.py:137} INFO - [2023-01-14T21:10:14.041+0000] {dag.py:2676} INFO - Sync 1 DAGs
[2023-01-14T21:10:14.116+0000] {logging_mixin.py:137} INFO - [2023-01-14T21:10:14.116+0000] {dag.py:3423} INFO - Setting next_dagrun for example_sla_dag to 2023-01-14T21:08:00+00:00, run_after=2023-01-14T21:10:00+00:00
[2023-01-14T21:10:14.184+0000] {processor.py:175} INFO - Processing /media/prempeh/Nouveau nom/MASTER2/DATA ENGINEERING/airflow/py_env/lib/python3.10/site-packages/airflow/example_dags/example_sla_dag.py took 0.435 seconds
[2023-01-14T21:11:15.406+0000] {processor.py:153} INFO - Started process (PID=8196) to work on /media/prempeh/Nouveau nom/MASTER2/DATA ENGINEERING/airflow/py_env/lib/python3.10/site-packages/airflow/example_dags/example_sla_dag.py
[2023-01-14T21:11:15.409+0000] {processor.py:743} INFO - Processing file /media/prempeh/Nouveau nom/MASTER2/DATA ENGINEERING/airflow/py_env/lib/python3.10/site-packages/airflow/example_dags/example_sla_dag.py for tasks to queue
[2023-01-14T21:11:15.414+0000] {logging_mixin.py:137} INFO - [2023-01-14T21:11:15.413+0000] {dagbag.py:538} INFO - Filling up the DagBag from /media/prempeh/Nouveau nom/MASTER2/DATA ENGINEERING/airflow/py_env/lib/python3.10/site-packages/airflow/example_dags/example_sla_dag.py
[2023-01-14T21:11:15.599+0000] {processor.py:753} INFO - DAG(s) dict_keys(['example_sla_dag']) retrieved from /media/prempeh/Nouveau nom/MASTER2/DATA ENGINEERING/airflow/py_env/lib/python3.10/site-packages/airflow/example_dags/example_sla_dag.py
[2023-01-14T21:11:15.751+0000] {logging_mixin.py:137} INFO - [2023-01-14T21:11:15.750+0000] {dag.py:2676} INFO - Sync 1 DAGs
[2023-01-14T21:11:15.887+0000] {logging_mixin.py:137} INFO - [2023-01-14T21:11:15.886+0000] {dag.py:3423} INFO - Setting next_dagrun for example_sla_dag to 2023-01-14T21:08:00+00:00, run_after=2023-01-14T21:10:00+00:00
[2023-01-14T21:11:15.995+0000] {processor.py:175} INFO - Processing /media/prempeh/Nouveau nom/MASTER2/DATA ENGINEERING/airflow/py_env/lib/python3.10/site-packages/airflow/example_dags/example_sla_dag.py took 0.602 seconds
[2023-01-14T21:12:27.210+0000] {processor.py:153} INFO - Started process (PID=8243) to work on /media/prempeh/Nouveau nom/MASTER2/DATA ENGINEERING/airflow/py_env/lib/python3.10/site-packages/airflow/example_dags/example_sla_dag.py
[2023-01-14T21:12:27.213+0000] {processor.py:743} INFO - Processing file /media/prempeh/Nouveau nom/MASTER2/DATA ENGINEERING/airflow/py_env/lib/python3.10/site-packages/airflow/example_dags/example_sla_dag.py for tasks to queue
[2023-01-14T21:12:27.218+0000] {logging_mixin.py:137} INFO - [2023-01-14T21:12:27.218+0000] {dagbag.py:538} INFO - Filling up the DagBag from /media/prempeh/Nouveau nom/MASTER2/DATA ENGINEERING/airflow/py_env/lib/python3.10/site-packages/airflow/example_dags/example_sla_dag.py
[2023-01-14T21:12:27.402+0000] {processor.py:753} INFO - DAG(s) dict_keys(['example_sla_dag']) retrieved from /media/prempeh/Nouveau nom/MASTER2/DATA ENGINEERING/airflow/py_env/lib/python3.10/site-packages/airflow/example_dags/example_sla_dag.py
[2023-01-14T21:12:27.540+0000] {logging_mixin.py:137} INFO - [2023-01-14T21:12:27.539+0000] {dag.py:2676} INFO - Sync 1 DAGs
[2023-01-14T21:12:27.616+0000] {logging_mixin.py:137} INFO - [2023-01-14T21:12:27.616+0000] {dag.py:3423} INFO - Setting next_dagrun for example_sla_dag to 2023-01-14T21:10:00+00:00, run_after=2023-01-14T21:12:00+00:00
[2023-01-14T21:12:27.687+0000] {processor.py:175} INFO - Processing /media/prempeh/Nouveau nom/MASTER2/DATA ENGINEERING/airflow/py_env/lib/python3.10/site-packages/airflow/example_dags/example_sla_dag.py took 0.491 seconds
[2023-01-14T21:13:42.416+0000] {processor.py:153} INFO - Started process (PID=8296) to work on /media/prempeh/Nouveau nom/MASTER2/DATA ENGINEERING/airflow/py_env/lib/python3.10/site-packages/airflow/example_dags/example_sla_dag.py
[2023-01-14T21:13:42.419+0000] {processor.py:743} INFO - Processing file /media/prempeh/Nouveau nom/MASTER2/DATA ENGINEERING/airflow/py_env/lib/python3.10/site-packages/airflow/example_dags/example_sla_dag.py for tasks to queue
[2023-01-14T21:13:42.424+0000] {logging_mixin.py:137} INFO - [2023-01-14T21:13:42.424+0000] {dagbag.py:538} INFO - Filling up the DagBag from /media/prempeh/Nouveau nom/MASTER2/DATA ENGINEERING/airflow/py_env/lib/python3.10/site-packages/airflow/example_dags/example_sla_dag.py
[2023-01-14T21:13:42.609+0000] {processor.py:753} INFO - DAG(s) dict_keys(['example_sla_dag']) retrieved from /media/prempeh/Nouveau nom/MASTER2/DATA ENGINEERING/airflow/py_env/lib/python3.10/site-packages/airflow/example_dags/example_sla_dag.py
[2023-01-14T21:13:42.731+0000] {logging_mixin.py:137} INFO - [2023-01-14T21:13:42.731+0000] {dag.py:2676} INFO - Sync 1 DAGs
[2023-01-14T21:13:42.803+0000] {logging_mixin.py:137} INFO - [2023-01-14T21:13:42.803+0000] {dag.py:3423} INFO - Setting next_dagrun for example_sla_dag to 2023-01-14T21:10:00+00:00, run_after=2023-01-14T21:12:00+00:00
[2023-01-14T21:13:42.875+0000] {processor.py:175} INFO - Processing /media/prempeh/Nouveau nom/MASTER2/DATA ENGINEERING/airflow/py_env/lib/python3.10/site-packages/airflow/example_dags/example_sla_dag.py took 0.470 seconds
[2023-01-14T21:14:48.151+0000] {processor.py:153} INFO - Started process (PID=8384) to work on /media/prempeh/Nouveau nom/MASTER2/DATA ENGINEERING/airflow/py_env/lib/python3.10/site-packages/airflow/example_dags/example_sla_dag.py
[2023-01-14T21:14:48.154+0000] {processor.py:743} INFO - Processing file /media/prempeh/Nouveau nom/MASTER2/DATA ENGINEERING/airflow/py_env/lib/python3.10/site-packages/airflow/example_dags/example_sla_dag.py for tasks to queue
[2023-01-14T21:14:48.159+0000] {logging_mixin.py:137} INFO - [2023-01-14T21:14:48.158+0000] {dagbag.py:538} INFO - Filling up the DagBag from /media/prempeh/Nouveau nom/MASTER2/DATA ENGINEERING/airflow/py_env/lib/python3.10/site-packages/airflow/example_dags/example_sla_dag.py
[2023-01-14T21:14:48.359+0000] {processor.py:753} INFO - DAG(s) dict_keys(['example_sla_dag']) retrieved from /media/prempeh/Nouveau nom/MASTER2/DATA ENGINEERING/airflow/py_env/lib/python3.10/site-packages/airflow/example_dags/example_sla_dag.py
[2023-01-14T21:14:48.509+0000] {logging_mixin.py:137} INFO - [2023-01-14T21:14:48.509+0000] {dag.py:2676} INFO - Sync 1 DAGs
[2023-01-14T21:14:48.602+0000] {logging_mixin.py:137} INFO - [2023-01-14T21:14:48.602+0000] {dag.py:3423} INFO - Setting next_dagrun for example_sla_dag to 2023-01-14T21:12:00+00:00, run_after=2023-01-14T21:14:00+00:00
[2023-01-14T21:14:48.682+0000] {processor.py:175} INFO - Processing /media/prempeh/Nouveau nom/MASTER2/DATA ENGINEERING/airflow/py_env/lib/python3.10/site-packages/airflow/example_dags/example_sla_dag.py took 0.539 seconds
[2023-01-14T21:16:00.597+0000] {processor.py:153} INFO - Started process (PID=8924) to work on /media/prempeh/Nouveau nom/MASTER2/DATA ENGINEERING/airflow/py_env/lib/python3.10/site-packages/airflow/example_dags/example_sla_dag.py
[2023-01-14T21:16:00.601+0000] {processor.py:743} INFO - Processing file /media/prempeh/Nouveau nom/MASTER2/DATA ENGINEERING/airflow/py_env/lib/python3.10/site-packages/airflow/example_dags/example_sla_dag.py for tasks to queue
[2023-01-14T21:16:00.606+0000] {logging_mixin.py:137} INFO - [2023-01-14T21:16:00.606+0000] {dagbag.py:538} INFO - Filling up the DagBag from /media/prempeh/Nouveau nom/MASTER2/DATA ENGINEERING/airflow/py_env/lib/python3.10/site-packages/airflow/example_dags/example_sla_dag.py
[2023-01-14T21:16:00.844+0000] {processor.py:753} INFO - DAG(s) dict_keys(['example_sla_dag']) retrieved from /media/prempeh/Nouveau nom/MASTER2/DATA ENGINEERING/airflow/py_env/lib/python3.10/site-packages/airflow/example_dags/example_sla_dag.py
[2023-01-14T21:16:00.991+0000] {logging_mixin.py:137} INFO - [2023-01-14T21:16:00.990+0000] {dag.py:2676} INFO - Sync 1 DAGs
[2023-01-14T21:16:01.083+0000] {logging_mixin.py:137} INFO - [2023-01-14T21:16:01.082+0000] {dag.py:3423} INFO - Setting next_dagrun for example_sla_dag to 2023-01-14T21:14:00+00:00, run_after=2023-01-14T21:16:00+00:00
[2023-01-14T21:16:01.163+0000] {processor.py:175} INFO - Processing /media/prempeh/Nouveau nom/MASTER2/DATA ENGINEERING/airflow/py_env/lib/python3.10/site-packages/airflow/example_dags/example_sla_dag.py took 0.580 seconds
[2023-01-14T21:17:13.589+0000] {processor.py:153} INFO - Started process (PID=9146) to work on /media/prempeh/Nouveau nom/MASTER2/DATA ENGINEERING/airflow/py_env/lib/python3.10/site-packages/airflow/example_dags/example_sla_dag.py
[2023-01-14T21:17:13.593+0000] {processor.py:743} INFO - Processing file /media/prempeh/Nouveau nom/MASTER2/DATA ENGINEERING/airflow/py_env/lib/python3.10/site-packages/airflow/example_dags/example_sla_dag.py for tasks to queue
[2023-01-14T21:17:13.597+0000] {logging_mixin.py:137} INFO - [2023-01-14T21:17:13.596+0000] {dagbag.py:538} INFO - Filling up the DagBag from /media/prempeh/Nouveau nom/MASTER2/DATA ENGINEERING/airflow/py_env/lib/python3.10/site-packages/airflow/example_dags/example_sla_dag.py
[2023-01-14T21:17:13.815+0000] {processor.py:753} INFO - DAG(s) dict_keys(['example_sla_dag']) retrieved from /media/prempeh/Nouveau nom/MASTER2/DATA ENGINEERING/airflow/py_env/lib/python3.10/site-packages/airflow/example_dags/example_sla_dag.py
[2023-01-14T21:17:13.958+0000] {logging_mixin.py:137} INFO - [2023-01-14T21:17:13.958+0000] {dag.py:2676} INFO - Sync 1 DAGs
[2023-01-14T21:17:14.043+0000] {logging_mixin.py:137} INFO - [2023-01-14T21:17:14.042+0000] {dag.py:3423} INFO - Setting next_dagrun for example_sla_dag to 2023-01-14T21:14:00+00:00, run_after=2023-01-14T21:16:00+00:00
[2023-01-14T21:17:14.115+0000] {processor.py:175} INFO - Processing /media/prempeh/Nouveau nom/MASTER2/DATA ENGINEERING/airflow/py_env/lib/python3.10/site-packages/airflow/example_dags/example_sla_dag.py took 0.535 seconds
[2023-01-14T21:18:23.185+0000] {processor.py:153} INFO - Started process (PID=9268) to work on /media/prempeh/Nouveau nom/MASTER2/DATA ENGINEERING/airflow/py_env/lib/python3.10/site-packages/airflow/example_dags/example_sla_dag.py
[2023-01-14T21:18:23.189+0000] {processor.py:743} INFO - Processing file /media/prempeh/Nouveau nom/MASTER2/DATA ENGINEERING/airflow/py_env/lib/python3.10/site-packages/airflow/example_dags/example_sla_dag.py for tasks to queue
[2023-01-14T21:18:23.196+0000] {logging_mixin.py:137} INFO - [2023-01-14T21:18:23.195+0000] {dagbag.py:538} INFO - Filling up the DagBag from /media/prempeh/Nouveau nom/MASTER2/DATA ENGINEERING/airflow/py_env/lib/python3.10/site-packages/airflow/example_dags/example_sla_dag.py
[2023-01-14T21:18:23.374+0000] {processor.py:753} INFO - DAG(s) dict_keys(['example_sla_dag']) retrieved from /media/prempeh/Nouveau nom/MASTER2/DATA ENGINEERING/airflow/py_env/lib/python3.10/site-packages/airflow/example_dags/example_sla_dag.py
[2023-01-14T21:18:23.567+0000] {logging_mixin.py:137} INFO - [2023-01-14T21:18:23.567+0000] {dag.py:2676} INFO - Sync 1 DAGs
[2023-01-14T21:18:23.688+0000] {logging_mixin.py:137} INFO - [2023-01-14T21:18:23.687+0000] {dag.py:3423} INFO - Setting next_dagrun for example_sla_dag to 2023-01-14T21:16:00+00:00, run_after=2023-01-14T21:18:00+00:00
[2023-01-14T21:18:23.778+0000] {processor.py:175} INFO - Processing /media/prempeh/Nouveau nom/MASTER2/DATA ENGINEERING/airflow/py_env/lib/python3.10/site-packages/airflow/example_dags/example_sla_dag.py took 0.605 seconds
[2023-01-14T21:19:40.395+0000] {processor.py:153} INFO - Started process (PID=9634) to work on /media/prempeh/Nouveau nom/MASTER2/DATA ENGINEERING/airflow/py_env/lib/python3.10/site-packages/airflow/example_dags/example_sla_dag.py
[2023-01-14T21:19:40.399+0000] {processor.py:743} INFO - Processing file /media/prempeh/Nouveau nom/MASTER2/DATA ENGINEERING/airflow/py_env/lib/python3.10/site-packages/airflow/example_dags/example_sla_dag.py for tasks to queue
[2023-01-14T21:19:40.407+0000] {logging_mixin.py:137} INFO - [2023-01-14T21:19:40.405+0000] {dagbag.py:538} INFO - Filling up the DagBag from /media/prempeh/Nouveau nom/MASTER2/DATA ENGINEERING/airflow/py_env/lib/python3.10/site-packages/airflow/example_dags/example_sla_dag.py
[2023-01-14T21:19:40.648+0000] {processor.py:753} INFO - DAG(s) dict_keys(['example_sla_dag']) retrieved from /media/prempeh/Nouveau nom/MASTER2/DATA ENGINEERING/airflow/py_env/lib/python3.10/site-packages/airflow/example_dags/example_sla_dag.py
[2023-01-14T21:19:40.782+0000] {logging_mixin.py:137} INFO - [2023-01-14T21:19:40.781+0000] {dag.py:2676} INFO - Sync 1 DAGs
[2023-01-14T21:19:40.850+0000] {logging_mixin.py:137} INFO - [2023-01-14T21:19:40.850+0000] {dag.py:3423} INFO - Setting next_dagrun for example_sla_dag to 2023-01-14T21:16:00+00:00, run_after=2023-01-14T21:18:00+00:00
[2023-01-14T21:19:40.916+0000] {processor.py:175} INFO - Processing /media/prempeh/Nouveau nom/MASTER2/DATA ENGINEERING/airflow/py_env/lib/python3.10/site-packages/airflow/example_dags/example_sla_dag.py took 0.533 seconds
[2023-01-14T21:20:49.006+0000] {processor.py:153} INFO - Started process (PID=9805) to work on /media/prempeh/Nouveau nom/MASTER2/DATA ENGINEERING/airflow/py_env/lib/python3.10/site-packages/airflow/example_dags/example_sla_dag.py
[2023-01-14T21:20:49.009+0000] {processor.py:743} INFO - Processing file /media/prempeh/Nouveau nom/MASTER2/DATA ENGINEERING/airflow/py_env/lib/python3.10/site-packages/airflow/example_dags/example_sla_dag.py for tasks to queue
[2023-01-14T21:20:49.017+0000] {logging_mixin.py:137} INFO - [2023-01-14T21:20:49.017+0000] {dagbag.py:538} INFO - Filling up the DagBag from /media/prempeh/Nouveau nom/MASTER2/DATA ENGINEERING/airflow/py_env/lib/python3.10/site-packages/airflow/example_dags/example_sla_dag.py
[2023-01-14T21:20:49.215+0000] {processor.py:753} INFO - DAG(s) dict_keys(['example_sla_dag']) retrieved from /media/prempeh/Nouveau nom/MASTER2/DATA ENGINEERING/airflow/py_env/lib/python3.10/site-packages/airflow/example_dags/example_sla_dag.py
[2023-01-14T21:20:49.361+0000] {logging_mixin.py:137} INFO - [2023-01-14T21:20:49.360+0000] {dag.py:2676} INFO - Sync 1 DAGs
[2023-01-14T21:20:49.442+0000] {logging_mixin.py:137} INFO - [2023-01-14T21:20:49.441+0000] {dag.py:3423} INFO - Setting next_dagrun for example_sla_dag to 2023-01-14T21:18:00+00:00, run_after=2023-01-14T21:20:00+00:00
[2023-01-14T21:20:49.527+0000] {processor.py:175} INFO - Processing /media/prempeh/Nouveau nom/MASTER2/DATA ENGINEERING/airflow/py_env/lib/python3.10/site-packages/airflow/example_dags/example_sla_dag.py took 0.530 seconds
[2023-01-14T21:21:57.144+0000] {processor.py:153} INFO - Started process (PID=9919) to work on /media/prempeh/Nouveau nom/MASTER2/DATA ENGINEERING/airflow/py_env/lib/python3.10/site-packages/airflow/example_dags/example_sla_dag.py
[2023-01-14T21:21:57.147+0000] {processor.py:743} INFO - Processing file /media/prempeh/Nouveau nom/MASTER2/DATA ENGINEERING/airflow/py_env/lib/python3.10/site-packages/airflow/example_dags/example_sla_dag.py for tasks to queue
[2023-01-14T21:21:57.153+0000] {logging_mixin.py:137} INFO - [2023-01-14T21:21:57.152+0000] {dagbag.py:538} INFO - Filling up the DagBag from /media/prempeh/Nouveau nom/MASTER2/DATA ENGINEERING/airflow/py_env/lib/python3.10/site-packages/airflow/example_dags/example_sla_dag.py
[2023-01-14T21:21:57.399+0000] {processor.py:753} INFO - DAG(s) dict_keys(['example_sla_dag']) retrieved from /media/prempeh/Nouveau nom/MASTER2/DATA ENGINEERING/airflow/py_env/lib/python3.10/site-packages/airflow/example_dags/example_sla_dag.py
[2023-01-14T21:21:57.549+0000] {logging_mixin.py:137} INFO - [2023-01-14T21:21:57.548+0000] {dag.py:2676} INFO - Sync 1 DAGs
[2023-01-14T21:21:57.620+0000] {logging_mixin.py:137} INFO - [2023-01-14T21:21:57.620+0000] {dag.py:3423} INFO - Setting next_dagrun for example_sla_dag to 2023-01-14T21:18:00+00:00, run_after=2023-01-14T21:20:00+00:00
[2023-01-14T21:21:57.688+0000] {processor.py:175} INFO - Processing /media/prempeh/Nouveau nom/MASTER2/DATA ENGINEERING/airflow/py_env/lib/python3.10/site-packages/airflow/example_dags/example_sla_dag.py took 0.553 seconds
[2023-01-14T21:23:14.808+0000] {processor.py:153} INFO - Started process (PID=10337) to work on /media/prempeh/Nouveau nom/MASTER2/DATA ENGINEERING/airflow/py_env/lib/python3.10/site-packages/airflow/example_dags/example_sla_dag.py
[2023-01-14T21:23:14.811+0000] {processor.py:743} INFO - Processing file /media/prempeh/Nouveau nom/MASTER2/DATA ENGINEERING/airflow/py_env/lib/python3.10/site-packages/airflow/example_dags/example_sla_dag.py for tasks to queue
[2023-01-14T21:23:14.820+0000] {logging_mixin.py:137} INFO - [2023-01-14T21:23:14.820+0000] {dagbag.py:538} INFO - Filling up the DagBag from /media/prempeh/Nouveau nom/MASTER2/DATA ENGINEERING/airflow/py_env/lib/python3.10/site-packages/airflow/example_dags/example_sla_dag.py
[2023-01-14T21:23:15.027+0000] {processor.py:753} INFO - DAG(s) dict_keys(['example_sla_dag']) retrieved from /media/prempeh/Nouveau nom/MASTER2/DATA ENGINEERING/airflow/py_env/lib/python3.10/site-packages/airflow/example_dags/example_sla_dag.py
[2023-01-14T21:23:15.193+0000] {logging_mixin.py:137} INFO - [2023-01-14T21:23:15.193+0000] {dag.py:2676} INFO - Sync 1 DAGs
[2023-01-14T21:23:15.278+0000] {logging_mixin.py:137} INFO - [2023-01-14T21:23:15.277+0000] {dag.py:3423} INFO - Setting next_dagrun for example_sla_dag to 2023-01-14T21:20:00+00:00, run_after=2023-01-14T21:22:00+00:00
[2023-01-14T21:23:15.357+0000] {processor.py:175} INFO - Processing /media/prempeh/Nouveau nom/MASTER2/DATA ENGINEERING/airflow/py_env/lib/python3.10/site-packages/airflow/example_dags/example_sla_dag.py took 0.558 seconds
[2023-01-14T21:24:19.537+0000] {processor.py:153} INFO - Started process (PID=10381) to work on /media/prempeh/Nouveau nom/MASTER2/DATA ENGINEERING/airflow/py_env/lib/python3.10/site-packages/airflow/example_dags/example_sla_dag.py
[2023-01-14T21:24:19.541+0000] {processor.py:743} INFO - Processing file /media/prempeh/Nouveau nom/MASTER2/DATA ENGINEERING/airflow/py_env/lib/python3.10/site-packages/airflow/example_dags/example_sla_dag.py for tasks to queue
[2023-01-14T21:24:19.548+0000] {logging_mixin.py:137} INFO - [2023-01-14T21:24:19.547+0000] {dagbag.py:538} INFO - Filling up the DagBag from /media/prempeh/Nouveau nom/MASTER2/DATA ENGINEERING/airflow/py_env/lib/python3.10/site-packages/airflow/example_dags/example_sla_dag.py
[2023-01-14T21:24:19.800+0000] {processor.py:753} INFO - DAG(s) dict_keys(['example_sla_dag']) retrieved from /media/prempeh/Nouveau nom/MASTER2/DATA ENGINEERING/airflow/py_env/lib/python3.10/site-packages/airflow/example_dags/example_sla_dag.py
[2023-01-14T21:24:19.962+0000] {logging_mixin.py:137} INFO - [2023-01-14T21:24:19.962+0000] {dag.py:2676} INFO - Sync 1 DAGs
[2023-01-14T21:24:20.062+0000] {logging_mixin.py:137} INFO - [2023-01-14T21:24:20.062+0000] {dag.py:3423} INFO - Setting next_dagrun for example_sla_dag to 2023-01-14T21:22:00+00:00, run_after=2023-01-14T21:24:00+00:00
[2023-01-14T21:24:20.133+0000] {processor.py:175} INFO - Processing /media/prempeh/Nouveau nom/MASTER2/DATA ENGINEERING/airflow/py_env/lib/python3.10/site-packages/airflow/example_dags/example_sla_dag.py took 0.607 seconds
[2023-01-14T21:25:31.121+0000] {processor.py:153} INFO - Started process (PID=10522) to work on /media/prempeh/Nouveau nom/MASTER2/DATA ENGINEERING/airflow/py_env/lib/python3.10/site-packages/airflow/example_dags/example_sla_dag.py
[2023-01-14T21:25:31.124+0000] {processor.py:743} INFO - Processing file /media/prempeh/Nouveau nom/MASTER2/DATA ENGINEERING/airflow/py_env/lib/python3.10/site-packages/airflow/example_dags/example_sla_dag.py for tasks to queue
[2023-01-14T21:25:31.128+0000] {logging_mixin.py:137} INFO - [2023-01-14T21:25:31.127+0000] {dagbag.py:538} INFO - Filling up the DagBag from /media/prempeh/Nouveau nom/MASTER2/DATA ENGINEERING/airflow/py_env/lib/python3.10/site-packages/airflow/example_dags/example_sla_dag.py
[2023-01-14T21:25:31.315+0000] {processor.py:753} INFO - DAG(s) dict_keys(['example_sla_dag']) retrieved from /media/prempeh/Nouveau nom/MASTER2/DATA ENGINEERING/airflow/py_env/lib/python3.10/site-packages/airflow/example_dags/example_sla_dag.py
[2023-01-14T21:25:31.457+0000] {logging_mixin.py:137} INFO - [2023-01-14T21:25:31.456+0000] {dag.py:2676} INFO - Sync 1 DAGs
[2023-01-14T21:25:31.534+0000] {logging_mixin.py:137} INFO - [2023-01-14T21:25:31.534+0000] {dag.py:3423} INFO - Setting next_dagrun for example_sla_dag to 2023-01-14T21:22:00+00:00, run_after=2023-01-14T21:24:00+00:00
[2023-01-14T21:25:31.603+0000] {processor.py:175} INFO - Processing /media/prempeh/Nouveau nom/MASTER2/DATA ENGINEERING/airflow/py_env/lib/python3.10/site-packages/airflow/example_dags/example_sla_dag.py took 0.493 seconds
[2023-01-14T21:26:42.402+0000] {processor.py:153} INFO - Started process (PID=10680) to work on /media/prempeh/Nouveau nom/MASTER2/DATA ENGINEERING/airflow/py_env/lib/python3.10/site-packages/airflow/example_dags/example_sla_dag.py
[2023-01-14T21:26:42.405+0000] {processor.py:743} INFO - Processing file /media/prempeh/Nouveau nom/MASTER2/DATA ENGINEERING/airflow/py_env/lib/python3.10/site-packages/airflow/example_dags/example_sla_dag.py for tasks to queue
[2023-01-14T21:26:42.410+0000] {logging_mixin.py:137} INFO - [2023-01-14T21:26:42.410+0000] {dagbag.py:538} INFO - Filling up the DagBag from /media/prempeh/Nouveau nom/MASTER2/DATA ENGINEERING/airflow/py_env/lib/python3.10/site-packages/airflow/example_dags/example_sla_dag.py
[2023-01-14T21:26:42.687+0000] {processor.py:753} INFO - DAG(s) dict_keys(['example_sla_dag']) retrieved from /media/prempeh/Nouveau nom/MASTER2/DATA ENGINEERING/airflow/py_env/lib/python3.10/site-packages/airflow/example_dags/example_sla_dag.py
[2023-01-14T21:26:42.958+0000] {logging_mixin.py:137} INFO - [2023-01-14T21:26:42.957+0000] {dag.py:2676} INFO - Sync 1 DAGs
[2023-01-14T21:26:43.158+0000] {logging_mixin.py:137} INFO - [2023-01-14T21:26:43.157+0000] {dag.py:3423} INFO - Setting next_dagrun for example_sla_dag to 2023-01-14T21:24:00+00:00, run_after=2023-01-14T21:26:00+00:00
[2023-01-14T21:26:43.314+0000] {processor.py:175} INFO - Processing /media/prempeh/Nouveau nom/MASTER2/DATA ENGINEERING/airflow/py_env/lib/python3.10/site-packages/airflow/example_dags/example_sla_dag.py took 0.922 seconds
