[2023-01-14T20:53:35.567+0000] {processor.py:153} INFO - Started process (PID=6659) to work on /media/prempeh/Nouveau nom/MASTER2/DATA ENGINEERING/airflow/py_env/lib/python3.10/site-packages/airflow/example_dags/example_branch_python_dop_operator_3.py
[2023-01-14T20:53:35.570+0000] {processor.py:743} INFO - Processing file /media/prempeh/Nouveau nom/MASTER2/DATA ENGINEERING/airflow/py_env/lib/python3.10/site-packages/airflow/example_dags/example_branch_python_dop_operator_3.py for tasks to queue
[2023-01-14T20:53:35.573+0000] {logging_mixin.py:137} INFO - [2023-01-14T20:53:35.573+0000] {dagbag.py:538} INFO - Filling up the DagBag from /media/prempeh/Nouveau nom/MASTER2/DATA ENGINEERING/airflow/py_env/lib/python3.10/site-packages/airflow/example_dags/example_branch_python_dop_operator_3.py
[2023-01-14T20:53:35.728+0000] {processor.py:753} INFO - DAG(s) dict_keys(['example_branch_dop_operator_v3']) retrieved from /media/prempeh/Nouveau nom/MASTER2/DATA ENGINEERING/airflow/py_env/lib/python3.10/site-packages/airflow/example_dags/example_branch_python_dop_operator_3.py
[2023-01-14T20:53:36.464+0000] {logging_mixin.py:137} INFO - [2023-01-14T20:53:36.463+0000] {manager.py:504} INFO - Created Permission View: can edit on DAG:example_branch_dop_operator_v3
[2023-01-14T20:53:36.497+0000] {logging_mixin.py:137} INFO - [2023-01-14T20:53:36.496+0000] {manager.py:504} INFO - Created Permission View: can delete on DAG:example_branch_dop_operator_v3
[2023-01-14T20:53:36.519+0000] {logging_mixin.py:137} INFO - [2023-01-14T20:53:36.519+0000] {manager.py:504} INFO - Created Permission View: can read on DAG:example_branch_dop_operator_v3
[2023-01-14T20:53:36.520+0000] {logging_mixin.py:137} INFO - [2023-01-14T20:53:36.520+0000] {dag.py:2676} INFO - Sync 1 DAGs
[2023-01-14T20:53:36.548+0000] {logging_mixin.py:137} INFO - [2023-01-14T20:53:36.548+0000] {dag.py:2697} INFO - Creating ORM DAG for example_branch_dop_operator_v3
[2023-01-14T20:53:36.587+0000] {logging_mixin.py:137} INFO - [2023-01-14T20:53:36.587+0000] {dag.py:3423} INFO - Setting next_dagrun for example_branch_dop_operator_v3 to 2023-01-14T20:52:00+00:00, run_after=2023-01-14T20:53:00+00:00
[2023-01-14T20:53:36.641+0000] {processor.py:175} INFO - Processing /media/prempeh/Nouveau nom/MASTER2/DATA ENGINEERING/airflow/py_env/lib/python3.10/site-packages/airflow/example_dags/example_branch_python_dop_operator_3.py took 1.082 seconds
[2023-01-14T20:54:46.289+0000] {processor.py:153} INFO - Started process (PID=6739) to work on /media/prempeh/Nouveau nom/MASTER2/DATA ENGINEERING/airflow/py_env/lib/python3.10/site-packages/airflow/example_dags/example_branch_python_dop_operator_3.py
[2023-01-14T20:54:46.292+0000] {processor.py:743} INFO - Processing file /media/prempeh/Nouveau nom/MASTER2/DATA ENGINEERING/airflow/py_env/lib/python3.10/site-packages/airflow/example_dags/example_branch_python_dop_operator_3.py for tasks to queue
[2023-01-14T20:54:46.296+0000] {logging_mixin.py:137} INFO - [2023-01-14T20:54:46.296+0000] {dagbag.py:538} INFO - Filling up the DagBag from /media/prempeh/Nouveau nom/MASTER2/DATA ENGINEERING/airflow/py_env/lib/python3.10/site-packages/airflow/example_dags/example_branch_python_dop_operator_3.py
[2023-01-14T20:54:46.483+0000] {processor.py:753} INFO - DAG(s) dict_keys(['example_branch_dop_operator_v3']) retrieved from /media/prempeh/Nouveau nom/MASTER2/DATA ENGINEERING/airflow/py_env/lib/python3.10/site-packages/airflow/example_dags/example_branch_python_dop_operator_3.py
[2023-01-14T20:54:46.634+0000] {logging_mixin.py:137} INFO - [2023-01-14T20:54:46.633+0000] {dag.py:2676} INFO - Sync 1 DAGs
[2023-01-14T20:54:46.724+0000] {logging_mixin.py:137} INFO - [2023-01-14T20:54:46.723+0000] {dag.py:3423} INFO - Setting next_dagrun for example_branch_dop_operator_v3 to 2023-01-14T20:53:00+00:00, run_after=2023-01-14T20:54:00+00:00
[2023-01-14T20:54:46.808+0000] {processor.py:175} INFO - Processing /media/prempeh/Nouveau nom/MASTER2/DATA ENGINEERING/airflow/py_env/lib/python3.10/site-packages/airflow/example_dags/example_branch_python_dop_operator_3.py took 0.527 seconds
[2023-01-14T20:55:48.813+0000] {processor.py:153} INFO - Started process (PID=6780) to work on /media/prempeh/Nouveau nom/MASTER2/DATA ENGINEERING/airflow/py_env/lib/python3.10/site-packages/airflow/example_dags/example_branch_python_dop_operator_3.py
[2023-01-14T20:55:48.816+0000] {processor.py:743} INFO - Processing file /media/prempeh/Nouveau nom/MASTER2/DATA ENGINEERING/airflow/py_env/lib/python3.10/site-packages/airflow/example_dags/example_branch_python_dop_operator_3.py for tasks to queue
[2023-01-14T20:55:48.820+0000] {logging_mixin.py:137} INFO - [2023-01-14T20:55:48.820+0000] {dagbag.py:538} INFO - Filling up the DagBag from /media/prempeh/Nouveau nom/MASTER2/DATA ENGINEERING/airflow/py_env/lib/python3.10/site-packages/airflow/example_dags/example_branch_python_dop_operator_3.py
[2023-01-14T20:55:49.021+0000] {processor.py:753} INFO - DAG(s) dict_keys(['example_branch_dop_operator_v3']) retrieved from /media/prempeh/Nouveau nom/MASTER2/DATA ENGINEERING/airflow/py_env/lib/python3.10/site-packages/airflow/example_dags/example_branch_python_dop_operator_3.py
[2023-01-14T20:55:49.164+0000] {logging_mixin.py:137} INFO - [2023-01-14T20:55:49.163+0000] {dag.py:2676} INFO - Sync 1 DAGs
[2023-01-14T20:55:49.251+0000] {logging_mixin.py:137} INFO - [2023-01-14T20:55:49.251+0000] {dag.py:3423} INFO - Setting next_dagrun for example_branch_dop_operator_v3 to 2023-01-14T20:54:00+00:00, run_after=2023-01-14T20:55:00+00:00
[2023-01-14T20:55:49.327+0000] {processor.py:175} INFO - Processing /media/prempeh/Nouveau nom/MASTER2/DATA ENGINEERING/airflow/py_env/lib/python3.10/site-packages/airflow/example_dags/example_branch_python_dop_operator_3.py took 0.524 seconds
[2023-01-14T20:56:47.694+0000] {processor.py:153} INFO - Started process (PID=6955) to work on /media/prempeh/Nouveau nom/MASTER2/DATA ENGINEERING/airflow/py_env/lib/python3.10/site-packages/airflow/example_dags/example_branch_python_dop_operator_3.py
[2023-01-14T20:56:47.697+0000] {processor.py:743} INFO - Processing file /media/prempeh/Nouveau nom/MASTER2/DATA ENGINEERING/airflow/py_env/lib/python3.10/site-packages/airflow/example_dags/example_branch_python_dop_operator_3.py for tasks to queue
[2023-01-14T20:56:47.701+0000] {logging_mixin.py:137} INFO - [2023-01-14T20:56:47.701+0000] {dagbag.py:538} INFO - Filling up the DagBag from /media/prempeh/Nouveau nom/MASTER2/DATA ENGINEERING/airflow/py_env/lib/python3.10/site-packages/airflow/example_dags/example_branch_python_dop_operator_3.py
[2023-01-14T20:56:47.930+0000] {processor.py:753} INFO - DAG(s) dict_keys(['example_branch_dop_operator_v3']) retrieved from /media/prempeh/Nouveau nom/MASTER2/DATA ENGINEERING/airflow/py_env/lib/python3.10/site-packages/airflow/example_dags/example_branch_python_dop_operator_3.py
[2023-01-14T20:56:48.049+0000] {logging_mixin.py:137} INFO - [2023-01-14T20:56:48.048+0000] {dag.py:2676} INFO - Sync 1 DAGs
[2023-01-14T20:56:48.128+0000] {logging_mixin.py:137} INFO - [2023-01-14T20:56:48.128+0000] {dag.py:3423} INFO - Setting next_dagrun for example_branch_dop_operator_v3 to 2023-01-14T20:55:00+00:00, run_after=2023-01-14T20:56:00+00:00
[2023-01-14T20:56:48.199+0000] {processor.py:175} INFO - Processing /media/prempeh/Nouveau nom/MASTER2/DATA ENGINEERING/airflow/py_env/lib/python3.10/site-packages/airflow/example_dags/example_branch_python_dop_operator_3.py took 0.515 seconds
[2023-01-14T20:57:50.363+0000] {processor.py:153} INFO - Started process (PID=7102) to work on /media/prempeh/Nouveau nom/MASTER2/DATA ENGINEERING/airflow/py_env/lib/python3.10/site-packages/airflow/example_dags/example_branch_python_dop_operator_3.py
[2023-01-14T20:57:50.366+0000] {processor.py:743} INFO - Processing file /media/prempeh/Nouveau nom/MASTER2/DATA ENGINEERING/airflow/py_env/lib/python3.10/site-packages/airflow/example_dags/example_branch_python_dop_operator_3.py for tasks to queue
[2023-01-14T20:57:50.378+0000] {logging_mixin.py:137} INFO - [2023-01-14T20:57:50.376+0000] {dagbag.py:538} INFO - Filling up the DagBag from /media/prempeh/Nouveau nom/MASTER2/DATA ENGINEERING/airflow/py_env/lib/python3.10/site-packages/airflow/example_dags/example_branch_python_dop_operator_3.py
[2023-01-14T20:57:50.761+0000] {processor.py:753} INFO - DAG(s) dict_keys(['example_branch_dop_operator_v3']) retrieved from /media/prempeh/Nouveau nom/MASTER2/DATA ENGINEERING/airflow/py_env/lib/python3.10/site-packages/airflow/example_dags/example_branch_python_dop_operator_3.py
[2023-01-14T20:57:50.907+0000] {logging_mixin.py:137} INFO - [2023-01-14T20:57:50.906+0000] {dag.py:2676} INFO - Sync 1 DAGs
[2023-01-14T20:57:50.987+0000] {logging_mixin.py:137} INFO - [2023-01-14T20:57:50.986+0000] {dag.py:3423} INFO - Setting next_dagrun for example_branch_dop_operator_v3 to 2023-01-14T20:56:00+00:00, run_after=2023-01-14T20:57:00+00:00
[2023-01-14T20:57:51.062+0000] {processor.py:175} INFO - Processing /media/prempeh/Nouveau nom/MASTER2/DATA ENGINEERING/airflow/py_env/lib/python3.10/site-packages/airflow/example_dags/example_branch_python_dop_operator_3.py took 0.713 seconds
[2023-01-14T20:58:46.842+0000] {processor.py:153} INFO - Started process (PID=7143) to work on /media/prempeh/Nouveau nom/MASTER2/DATA ENGINEERING/airflow/py_env/lib/python3.10/site-packages/airflow/example_dags/example_branch_python_dop_operator_3.py
[2023-01-14T20:58:46.845+0000] {processor.py:743} INFO - Processing file /media/prempeh/Nouveau nom/MASTER2/DATA ENGINEERING/airflow/py_env/lib/python3.10/site-packages/airflow/example_dags/example_branch_python_dop_operator_3.py for tasks to queue
[2023-01-14T20:58:46.850+0000] {logging_mixin.py:137} INFO - [2023-01-14T20:58:46.849+0000] {dagbag.py:538} INFO - Filling up the DagBag from /media/prempeh/Nouveau nom/MASTER2/DATA ENGINEERING/airflow/py_env/lib/python3.10/site-packages/airflow/example_dags/example_branch_python_dop_operator_3.py
[2023-01-14T20:58:47.022+0000] {processor.py:753} INFO - DAG(s) dict_keys(['example_branch_dop_operator_v3']) retrieved from /media/prempeh/Nouveau nom/MASTER2/DATA ENGINEERING/airflow/py_env/lib/python3.10/site-packages/airflow/example_dags/example_branch_python_dop_operator_3.py
[2023-01-14T20:58:47.153+0000] {logging_mixin.py:137} INFO - [2023-01-14T20:58:47.153+0000] {dag.py:2676} INFO - Sync 1 DAGs
[2023-01-14T20:58:47.230+0000] {logging_mixin.py:137} INFO - [2023-01-14T20:58:47.229+0000] {dag.py:3423} INFO - Setting next_dagrun for example_branch_dop_operator_v3 to 2023-01-14T20:57:00+00:00, run_after=2023-01-14T20:58:00+00:00
[2023-01-14T20:58:47.305+0000] {processor.py:175} INFO - Processing /media/prempeh/Nouveau nom/MASTER2/DATA ENGINEERING/airflow/py_env/lib/python3.10/site-packages/airflow/example_dags/example_branch_python_dop_operator_3.py took 0.473 seconds
[2023-01-14T20:59:37.886+0000] {processor.py:153} INFO - Started process (PID=7191) to work on /media/prempeh/Nouveau nom/MASTER2/DATA ENGINEERING/airflow/py_env/lib/python3.10/site-packages/airflow/example_dags/example_branch_python_dop_operator_3.py
[2023-01-14T20:59:37.890+0000] {processor.py:743} INFO - Processing file /media/prempeh/Nouveau nom/MASTER2/DATA ENGINEERING/airflow/py_env/lib/python3.10/site-packages/airflow/example_dags/example_branch_python_dop_operator_3.py for tasks to queue
[2023-01-14T20:59:37.898+0000] {logging_mixin.py:137} INFO - [2023-01-14T20:59:37.897+0000] {dagbag.py:538} INFO - Filling up the DagBag from /media/prempeh/Nouveau nom/MASTER2/DATA ENGINEERING/airflow/py_env/lib/python3.10/site-packages/airflow/example_dags/example_branch_python_dop_operator_3.py
[2023-01-14T20:59:38.191+0000] {processor.py:753} INFO - DAG(s) dict_keys(['example_branch_dop_operator_v3']) retrieved from /media/prempeh/Nouveau nom/MASTER2/DATA ENGINEERING/airflow/py_env/lib/python3.10/site-packages/airflow/example_dags/example_branch_python_dop_operator_3.py
[2023-01-14T20:59:38.307+0000] {logging_mixin.py:137} INFO - [2023-01-14T20:59:38.306+0000] {dag.py:2676} INFO - Sync 1 DAGs
[2023-01-14T20:59:38.384+0000] {logging_mixin.py:137} INFO - [2023-01-14T20:59:38.384+0000] {dag.py:3423} INFO - Setting next_dagrun for example_branch_dop_operator_v3 to 2023-01-14T20:58:00+00:00, run_after=2023-01-14T20:59:00+00:00
[2023-01-14T20:59:38.457+0000] {processor.py:175} INFO - Processing /media/prempeh/Nouveau nom/MASTER2/DATA ENGINEERING/airflow/py_env/lib/python3.10/site-packages/airflow/example_dags/example_branch_python_dop_operator_3.py took 0.588 seconds
[2023-01-14T21:00:36.744+0000] {processor.py:153} INFO - Started process (PID=7268) to work on /media/prempeh/Nouveau nom/MASTER2/DATA ENGINEERING/airflow/py_env/lib/python3.10/site-packages/airflow/example_dags/example_branch_python_dop_operator_3.py
[2023-01-14T21:00:36.747+0000] {processor.py:743} INFO - Processing file /media/prempeh/Nouveau nom/MASTER2/DATA ENGINEERING/airflow/py_env/lib/python3.10/site-packages/airflow/example_dags/example_branch_python_dop_operator_3.py for tasks to queue
[2023-01-14T21:00:36.753+0000] {logging_mixin.py:137} INFO - [2023-01-14T21:00:36.752+0000] {dagbag.py:538} INFO - Filling up the DagBag from /media/prempeh/Nouveau nom/MASTER2/DATA ENGINEERING/airflow/py_env/lib/python3.10/site-packages/airflow/example_dags/example_branch_python_dop_operator_3.py
[2023-01-14T21:00:36.944+0000] {processor.py:753} INFO - DAG(s) dict_keys(['example_branch_dop_operator_v3']) retrieved from /media/prempeh/Nouveau nom/MASTER2/DATA ENGINEERING/airflow/py_env/lib/python3.10/site-packages/airflow/example_dags/example_branch_python_dop_operator_3.py
[2023-01-14T21:00:37.084+0000] {logging_mixin.py:137} INFO - [2023-01-14T21:00:37.084+0000] {dag.py:2676} INFO - Sync 1 DAGs
[2023-01-14T21:00:37.164+0000] {logging_mixin.py:137} INFO - [2023-01-14T21:00:37.163+0000] {dag.py:3423} INFO - Setting next_dagrun for example_branch_dop_operator_v3 to 2023-01-14T20:59:00+00:00, run_after=2023-01-14T21:00:00+00:00
[2023-01-14T21:00:37.241+0000] {processor.py:175} INFO - Processing /media/prempeh/Nouveau nom/MASTER2/DATA ENGINEERING/airflow/py_env/lib/python3.10/site-packages/airflow/example_dags/example_branch_python_dop_operator_3.py took 0.505 seconds
[2023-01-14T21:01:53.935+0000] {processor.py:153} INFO - Started process (PID=7328) to work on /media/prempeh/Nouveau nom/MASTER2/DATA ENGINEERING/airflow/py_env/lib/python3.10/site-packages/airflow/example_dags/example_branch_python_dop_operator_3.py
[2023-01-14T21:01:53.938+0000] {processor.py:743} INFO - Processing file /media/prempeh/Nouveau nom/MASTER2/DATA ENGINEERING/airflow/py_env/lib/python3.10/site-packages/airflow/example_dags/example_branch_python_dop_operator_3.py for tasks to queue
[2023-01-14T21:01:53.943+0000] {logging_mixin.py:137} INFO - [2023-01-14T21:01:53.943+0000] {dagbag.py:538} INFO - Filling up the DagBag from /media/prempeh/Nouveau nom/MASTER2/DATA ENGINEERING/airflow/py_env/lib/python3.10/site-packages/airflow/example_dags/example_branch_python_dop_operator_3.py
[2023-01-14T21:01:54.182+0000] {processor.py:753} INFO - DAG(s) dict_keys(['example_branch_dop_operator_v3']) retrieved from /media/prempeh/Nouveau nom/MASTER2/DATA ENGINEERING/airflow/py_env/lib/python3.10/site-packages/airflow/example_dags/example_branch_python_dop_operator_3.py
[2023-01-14T21:01:54.319+0000] {logging_mixin.py:137} INFO - [2023-01-14T21:01:54.318+0000] {dag.py:2676} INFO - Sync 1 DAGs
[2023-01-14T21:01:54.411+0000] {logging_mixin.py:137} INFO - [2023-01-14T21:01:54.411+0000] {dag.py:3423} INFO - Setting next_dagrun for example_branch_dop_operator_v3 to 2023-01-14T21:00:00+00:00, run_after=2023-01-14T21:01:00+00:00
[2023-01-14T21:01:54.482+0000] {processor.py:175} INFO - Processing /media/prempeh/Nouveau nom/MASTER2/DATA ENGINEERING/airflow/py_env/lib/python3.10/site-packages/airflow/example_dags/example_branch_python_dop_operator_3.py took 0.558 seconds
[2023-01-14T21:02:47.720+0000] {processor.py:153} INFO - Started process (PID=7400) to work on /media/prempeh/Nouveau nom/MASTER2/DATA ENGINEERING/airflow/py_env/lib/python3.10/site-packages/airflow/example_dags/example_branch_python_dop_operator_3.py
[2023-01-14T21:02:47.723+0000] {processor.py:743} INFO - Processing file /media/prempeh/Nouveau nom/MASTER2/DATA ENGINEERING/airflow/py_env/lib/python3.10/site-packages/airflow/example_dags/example_branch_python_dop_operator_3.py for tasks to queue
[2023-01-14T21:02:47.729+0000] {logging_mixin.py:137} INFO - [2023-01-14T21:02:47.728+0000] {dagbag.py:538} INFO - Filling up the DagBag from /media/prempeh/Nouveau nom/MASTER2/DATA ENGINEERING/airflow/py_env/lib/python3.10/site-packages/airflow/example_dags/example_branch_python_dop_operator_3.py
[2023-01-14T21:02:48.024+0000] {processor.py:753} INFO - DAG(s) dict_keys(['example_branch_dop_operator_v3']) retrieved from /media/prempeh/Nouveau nom/MASTER2/DATA ENGINEERING/airflow/py_env/lib/python3.10/site-packages/airflow/example_dags/example_branch_python_dop_operator_3.py
[2023-01-14T21:02:48.236+0000] {logging_mixin.py:137} INFO - [2023-01-14T21:02:48.235+0000] {dag.py:2676} INFO - Sync 1 DAGs
[2023-01-14T21:02:48.389+0000] {logging_mixin.py:137} INFO - [2023-01-14T21:02:48.388+0000] {dag.py:3423} INFO - Setting next_dagrun for example_branch_dop_operator_v3 to 2023-01-14T21:01:00+00:00, run_after=2023-01-14T21:02:00+00:00
[2023-01-14T21:02:48.498+0000] {processor.py:175} INFO - Processing /media/prempeh/Nouveau nom/MASTER2/DATA ENGINEERING/airflow/py_env/lib/python3.10/site-packages/airflow/example_dags/example_branch_python_dop_operator_3.py took 0.790 seconds
[2023-01-14T21:04:10.931+0000] {processor.py:153} INFO - Started process (PID=7485) to work on /media/prempeh/Nouveau nom/MASTER2/DATA ENGINEERING/airflow/py_env/lib/python3.10/site-packages/airflow/example_dags/example_branch_python_dop_operator_3.py
[2023-01-14T21:04:10.942+0000] {processor.py:743} INFO - Processing file /media/prempeh/Nouveau nom/MASTER2/DATA ENGINEERING/airflow/py_env/lib/python3.10/site-packages/airflow/example_dags/example_branch_python_dop_operator_3.py for tasks to queue
[2023-01-14T21:04:10.953+0000] {logging_mixin.py:137} INFO - [2023-01-14T21:04:10.953+0000] {dagbag.py:538} INFO - Filling up the DagBag from /media/prempeh/Nouveau nom/MASTER2/DATA ENGINEERING/airflow/py_env/lib/python3.10/site-packages/airflow/example_dags/example_branch_python_dop_operator_3.py
[2023-01-14T21:04:11.234+0000] {processor.py:753} INFO - DAG(s) dict_keys(['example_branch_dop_operator_v3']) retrieved from /media/prempeh/Nouveau nom/MASTER2/DATA ENGINEERING/airflow/py_env/lib/python3.10/site-packages/airflow/example_dags/example_branch_python_dop_operator_3.py
[2023-01-14T21:04:11.409+0000] {logging_mixin.py:137} INFO - [2023-01-14T21:04:11.409+0000] {dag.py:2676} INFO - Sync 1 DAGs
[2023-01-14T21:04:11.555+0000] {logging_mixin.py:137} INFO - [2023-01-14T21:04:11.554+0000] {dag.py:3423} INFO - Setting next_dagrun for example_branch_dop_operator_v3 to 2023-01-14T21:03:00+00:00, run_after=2023-01-14T21:04:00+00:00
[2023-01-14T21:04:11.656+0000] {processor.py:175} INFO - Processing /media/prempeh/Nouveau nom/MASTER2/DATA ENGINEERING/airflow/py_env/lib/python3.10/site-packages/airflow/example_dags/example_branch_python_dop_operator_3.py took 0.735 seconds
[2023-01-14T21:05:13.221+0000] {processor.py:153} INFO - Started process (PID=7537) to work on /media/prempeh/Nouveau nom/MASTER2/DATA ENGINEERING/airflow/py_env/lib/python3.10/site-packages/airflow/example_dags/example_branch_python_dop_operator_3.py
[2023-01-14T21:05:13.225+0000] {processor.py:743} INFO - Processing file /media/prempeh/Nouveau nom/MASTER2/DATA ENGINEERING/airflow/py_env/lib/python3.10/site-packages/airflow/example_dags/example_branch_python_dop_operator_3.py for tasks to queue
[2023-01-14T21:05:13.232+0000] {logging_mixin.py:137} INFO - [2023-01-14T21:05:13.231+0000] {dagbag.py:538} INFO - Filling up the DagBag from /media/prempeh/Nouveau nom/MASTER2/DATA ENGINEERING/airflow/py_env/lib/python3.10/site-packages/airflow/example_dags/example_branch_python_dop_operator_3.py
[2023-01-14T21:05:13.481+0000] {processor.py:753} INFO - DAG(s) dict_keys(['example_branch_dop_operator_v3']) retrieved from /media/prempeh/Nouveau nom/MASTER2/DATA ENGINEERING/airflow/py_env/lib/python3.10/site-packages/airflow/example_dags/example_branch_python_dop_operator_3.py
[2023-01-14T21:05:13.640+0000] {logging_mixin.py:137} INFO - [2023-01-14T21:05:13.640+0000] {dag.py:2676} INFO - Sync 1 DAGs
[2023-01-14T21:05:13.724+0000] {logging_mixin.py:137} INFO - [2023-01-14T21:05:13.724+0000] {dag.py:3423} INFO - Setting next_dagrun for example_branch_dop_operator_v3 to 2023-01-14T21:04:00+00:00, run_after=2023-01-14T21:05:00+00:00
[2023-01-14T21:05:13.793+0000] {processor.py:175} INFO - Processing /media/prempeh/Nouveau nom/MASTER2/DATA ENGINEERING/airflow/py_env/lib/python3.10/site-packages/airflow/example_dags/example_branch_python_dop_operator_3.py took 0.584 seconds
[2023-01-14T21:06:13.235+0000] {processor.py:153} INFO - Started process (PID=7670) to work on /media/prempeh/Nouveau nom/MASTER2/DATA ENGINEERING/airflow/py_env/lib/python3.10/site-packages/airflow/example_dags/example_branch_python_dop_operator_3.py
[2023-01-14T21:06:13.249+0000] {processor.py:743} INFO - Processing file /media/prempeh/Nouveau nom/MASTER2/DATA ENGINEERING/airflow/py_env/lib/python3.10/site-packages/airflow/example_dags/example_branch_python_dop_operator_3.py for tasks to queue
[2023-01-14T21:06:13.254+0000] {logging_mixin.py:137} INFO - [2023-01-14T21:06:13.254+0000] {dagbag.py:538} INFO - Filling up the DagBag from /media/prempeh/Nouveau nom/MASTER2/DATA ENGINEERING/airflow/py_env/lib/python3.10/site-packages/airflow/example_dags/example_branch_python_dop_operator_3.py
[2023-01-14T21:06:13.598+0000] {processor.py:753} INFO - DAG(s) dict_keys(['example_branch_dop_operator_v3']) retrieved from /media/prempeh/Nouveau nom/MASTER2/DATA ENGINEERING/airflow/py_env/lib/python3.10/site-packages/airflow/example_dags/example_branch_python_dop_operator_3.py
[2023-01-14T21:06:13.820+0000] {logging_mixin.py:137} INFO - [2023-01-14T21:06:13.819+0000] {dag.py:2676} INFO - Sync 1 DAGs
[2023-01-14T21:06:13.950+0000] {logging_mixin.py:137} INFO - [2023-01-14T21:06:13.949+0000] {dag.py:3423} INFO - Setting next_dagrun for example_branch_dop_operator_v3 to 2023-01-14T21:05:00+00:00, run_after=2023-01-14T21:06:00+00:00
[2023-01-14T21:06:14.054+0000] {processor.py:175} INFO - Processing /media/prempeh/Nouveau nom/MASTER2/DATA ENGINEERING/airflow/py_env/lib/python3.10/site-packages/airflow/example_dags/example_branch_python_dop_operator_3.py took 0.838 seconds
[2023-01-14T21:07:41.679+0000] {processor.py:153} INFO - Started process (PID=7941) to work on /media/prempeh/Nouveau nom/MASTER2/DATA ENGINEERING/airflow/py_env/lib/python3.10/site-packages/airflow/example_dags/example_branch_python_dop_operator_3.py
[2023-01-14T21:07:41.684+0000] {processor.py:743} INFO - Processing file /media/prempeh/Nouveau nom/MASTER2/DATA ENGINEERING/airflow/py_env/lib/python3.10/site-packages/airflow/example_dags/example_branch_python_dop_operator_3.py for tasks to queue
[2023-01-14T21:07:41.689+0000] {logging_mixin.py:137} INFO - [2023-01-14T21:07:41.688+0000] {dagbag.py:538} INFO - Filling up the DagBag from /media/prempeh/Nouveau nom/MASTER2/DATA ENGINEERING/airflow/py_env/lib/python3.10/site-packages/airflow/example_dags/example_branch_python_dop_operator_3.py
[2023-01-14T21:07:42.070+0000] {processor.py:753} INFO - DAG(s) dict_keys(['example_branch_dop_operator_v3']) retrieved from /media/prempeh/Nouveau nom/MASTER2/DATA ENGINEERING/airflow/py_env/lib/python3.10/site-packages/airflow/example_dags/example_branch_python_dop_operator_3.py
[2023-01-14T21:07:42.292+0000] {logging_mixin.py:137} INFO - [2023-01-14T21:07:42.291+0000] {dag.py:2676} INFO - Sync 1 DAGs
[2023-01-14T21:07:42.421+0000] {logging_mixin.py:137} INFO - [2023-01-14T21:07:42.420+0000] {dag.py:3423} INFO - Setting next_dagrun for example_branch_dop_operator_v3 to 2023-01-14T21:06:00+00:00, run_after=2023-01-14T21:07:00+00:00
[2023-01-14T21:07:42.543+0000] {processor.py:175} INFO - Processing /media/prempeh/Nouveau nom/MASTER2/DATA ENGINEERING/airflow/py_env/lib/python3.10/site-packages/airflow/example_dags/example_branch_python_dop_operator_3.py took 0.879 seconds
[2023-01-14T21:08:59.840+0000] {processor.py:153} INFO - Started process (PID=8091) to work on /media/prempeh/Nouveau nom/MASTER2/DATA ENGINEERING/airflow/py_env/lib/python3.10/site-packages/airflow/example_dags/example_branch_python_dop_operator_3.py
[2023-01-14T21:08:59.843+0000] {processor.py:743} INFO - Processing file /media/prempeh/Nouveau nom/MASTER2/DATA ENGINEERING/airflow/py_env/lib/python3.10/site-packages/airflow/example_dags/example_branch_python_dop_operator_3.py for tasks to queue
[2023-01-14T21:08:59.848+0000] {logging_mixin.py:137} INFO - [2023-01-14T21:08:59.847+0000] {dagbag.py:538} INFO - Filling up the DagBag from /media/prempeh/Nouveau nom/MASTER2/DATA ENGINEERING/airflow/py_env/lib/python3.10/site-packages/airflow/example_dags/example_branch_python_dop_operator_3.py
[2023-01-14T21:09:00.044+0000] {processor.py:753} INFO - DAG(s) dict_keys(['example_branch_dop_operator_v3']) retrieved from /media/prempeh/Nouveau nom/MASTER2/DATA ENGINEERING/airflow/py_env/lib/python3.10/site-packages/airflow/example_dags/example_branch_python_dop_operator_3.py
[2023-01-14T21:09:00.158+0000] {logging_mixin.py:137} INFO - [2023-01-14T21:09:00.158+0000] {dag.py:2676} INFO - Sync 1 DAGs
[2023-01-14T21:09:00.238+0000] {logging_mixin.py:137} INFO - [2023-01-14T21:09:00.238+0000] {dag.py:3423} INFO - Setting next_dagrun for example_branch_dop_operator_v3 to 2023-01-14T21:08:00+00:00, run_after=2023-01-14T21:09:00+00:00
[2023-01-14T21:09:00.313+0000] {processor.py:175} INFO - Processing /media/prempeh/Nouveau nom/MASTER2/DATA ENGINEERING/airflow/py_env/lib/python3.10/site-packages/airflow/example_dags/example_branch_python_dop_operator_3.py took 0.483 seconds
[2023-01-14T21:10:00.050+0000] {processor.py:153} INFO - Started process (PID=8135) to work on /media/prempeh/Nouveau nom/MASTER2/DATA ENGINEERING/airflow/py_env/lib/python3.10/site-packages/airflow/example_dags/example_branch_python_dop_operator_3.py
[2023-01-14T21:10:00.053+0000] {processor.py:743} INFO - Processing file /media/prempeh/Nouveau nom/MASTER2/DATA ENGINEERING/airflow/py_env/lib/python3.10/site-packages/airflow/example_dags/example_branch_python_dop_operator_3.py for tasks to queue
[2023-01-14T21:10:00.059+0000] {logging_mixin.py:137} INFO - [2023-01-14T21:10:00.059+0000] {dagbag.py:538} INFO - Filling up the DagBag from /media/prempeh/Nouveau nom/MASTER2/DATA ENGINEERING/airflow/py_env/lib/python3.10/site-packages/airflow/example_dags/example_branch_python_dop_operator_3.py
[2023-01-14T21:10:00.246+0000] {processor.py:753} INFO - DAG(s) dict_keys(['example_branch_dop_operator_v3']) retrieved from /media/prempeh/Nouveau nom/MASTER2/DATA ENGINEERING/airflow/py_env/lib/python3.10/site-packages/airflow/example_dags/example_branch_python_dop_operator_3.py
[2023-01-14T21:10:00.364+0000] {logging_mixin.py:137} INFO - [2023-01-14T21:10:00.363+0000] {dag.py:2676} INFO - Sync 1 DAGs
[2023-01-14T21:10:00.444+0000] {logging_mixin.py:137} INFO - [2023-01-14T21:10:00.443+0000] {dag.py:3423} INFO - Setting next_dagrun for example_branch_dop_operator_v3 to 2023-01-14T21:09:00+00:00, run_after=2023-01-14T21:10:00+00:00
[2023-01-14T21:10:00.513+0000] {processor.py:175} INFO - Processing /media/prempeh/Nouveau nom/MASTER2/DATA ENGINEERING/airflow/py_env/lib/python3.10/site-packages/airflow/example_dags/example_branch_python_dop_operator_3.py took 0.471 seconds
[2023-01-14T21:11:00.269+0000] {processor.py:153} INFO - Started process (PID=8181) to work on /media/prempeh/Nouveau nom/MASTER2/DATA ENGINEERING/airflow/py_env/lib/python3.10/site-packages/airflow/example_dags/example_branch_python_dop_operator_3.py
[2023-01-14T21:11:00.272+0000] {processor.py:743} INFO - Processing file /media/prempeh/Nouveau nom/MASTER2/DATA ENGINEERING/airflow/py_env/lib/python3.10/site-packages/airflow/example_dags/example_branch_python_dop_operator_3.py for tasks to queue
[2023-01-14T21:11:00.277+0000] {logging_mixin.py:137} INFO - [2023-01-14T21:11:00.277+0000] {dagbag.py:538} INFO - Filling up the DagBag from /media/prempeh/Nouveau nom/MASTER2/DATA ENGINEERING/airflow/py_env/lib/python3.10/site-packages/airflow/example_dags/example_branch_python_dop_operator_3.py
[2023-01-14T21:11:00.485+0000] {processor.py:753} INFO - DAG(s) dict_keys(['example_branch_dop_operator_v3']) retrieved from /media/prempeh/Nouveau nom/MASTER2/DATA ENGINEERING/airflow/py_env/lib/python3.10/site-packages/airflow/example_dags/example_branch_python_dop_operator_3.py
[2023-01-14T21:11:00.600+0000] {logging_mixin.py:137} INFO - [2023-01-14T21:11:00.600+0000] {dag.py:2676} INFO - Sync 1 DAGs
[2023-01-14T21:11:00.679+0000] {logging_mixin.py:137} INFO - [2023-01-14T21:11:00.678+0000] {dag.py:3423} INFO - Setting next_dagrun for example_branch_dop_operator_v3 to 2023-01-14T21:10:00+00:00, run_after=2023-01-14T21:11:00+00:00
[2023-01-14T21:11:00.754+0000] {processor.py:175} INFO - Processing /media/prempeh/Nouveau nom/MASTER2/DATA ENGINEERING/airflow/py_env/lib/python3.10/site-packages/airflow/example_dags/example_branch_python_dop_operator_3.py took 0.494 seconds
[2023-01-14T21:12:09.879+0000] {processor.py:153} INFO - Started process (PID=8230) to work on /media/prempeh/Nouveau nom/MASTER2/DATA ENGINEERING/airflow/py_env/lib/python3.10/site-packages/airflow/example_dags/example_branch_python_dop_operator_3.py
[2023-01-14T21:12:09.882+0000] {processor.py:743} INFO - Processing file /media/prempeh/Nouveau nom/MASTER2/DATA ENGINEERING/airflow/py_env/lib/python3.10/site-packages/airflow/example_dags/example_branch_python_dop_operator_3.py for tasks to queue
[2023-01-14T21:12:09.886+0000] {logging_mixin.py:137} INFO - [2023-01-14T21:12:09.886+0000] {dagbag.py:538} INFO - Filling up the DagBag from /media/prempeh/Nouveau nom/MASTER2/DATA ENGINEERING/airflow/py_env/lib/python3.10/site-packages/airflow/example_dags/example_branch_python_dop_operator_3.py
[2023-01-14T21:12:10.078+0000] {processor.py:753} INFO - DAG(s) dict_keys(['example_branch_dop_operator_v3']) retrieved from /media/prempeh/Nouveau nom/MASTER2/DATA ENGINEERING/airflow/py_env/lib/python3.10/site-packages/airflow/example_dags/example_branch_python_dop_operator_3.py
[2023-01-14T21:12:10.221+0000] {logging_mixin.py:137} INFO - [2023-01-14T21:12:10.220+0000] {dag.py:2676} INFO - Sync 1 DAGs
[2023-01-14T21:12:10.308+0000] {logging_mixin.py:137} INFO - [2023-01-14T21:12:10.307+0000] {dag.py:3423} INFO - Setting next_dagrun for example_branch_dop_operator_v3 to 2023-01-14T21:11:00+00:00, run_after=2023-01-14T21:12:00+00:00
[2023-01-14T21:12:10.383+0000] {processor.py:175} INFO - Processing /media/prempeh/Nouveau nom/MASTER2/DATA ENGINEERING/airflow/py_env/lib/python3.10/site-packages/airflow/example_dags/example_branch_python_dop_operator_3.py took 0.512 seconds
[2023-01-14T21:13:18.337+0000] {processor.py:153} INFO - Started process (PID=8278) to work on /media/prempeh/Nouveau nom/MASTER2/DATA ENGINEERING/airflow/py_env/lib/python3.10/site-packages/airflow/example_dags/example_branch_python_dop_operator_3.py
[2023-01-14T21:13:18.339+0000] {processor.py:743} INFO - Processing file /media/prempeh/Nouveau nom/MASTER2/DATA ENGINEERING/airflow/py_env/lib/python3.10/site-packages/airflow/example_dags/example_branch_python_dop_operator_3.py for tasks to queue
[2023-01-14T21:13:18.343+0000] {logging_mixin.py:137} INFO - [2023-01-14T21:13:18.343+0000] {dagbag.py:538} INFO - Filling up the DagBag from /media/prempeh/Nouveau nom/MASTER2/DATA ENGINEERING/airflow/py_env/lib/python3.10/site-packages/airflow/example_dags/example_branch_python_dop_operator_3.py
[2023-01-14T21:13:18.528+0000] {processor.py:753} INFO - DAG(s) dict_keys(['example_branch_dop_operator_v3']) retrieved from /media/prempeh/Nouveau nom/MASTER2/DATA ENGINEERING/airflow/py_env/lib/python3.10/site-packages/airflow/example_dags/example_branch_python_dop_operator_3.py
[2023-01-14T21:13:18.783+0000] {logging_mixin.py:137} INFO - [2023-01-14T21:13:18.782+0000] {dag.py:2676} INFO - Sync 1 DAGs
[2023-01-14T21:13:18.914+0000] {logging_mixin.py:137} INFO - [2023-01-14T21:13:18.913+0000] {dag.py:3423} INFO - Setting next_dagrun for example_branch_dop_operator_v3 to 2023-01-14T21:12:00+00:00, run_after=2023-01-14T21:13:00+00:00
[2023-01-14T21:13:19.008+0000] {processor.py:175} INFO - Processing /media/prempeh/Nouveau nom/MASTER2/DATA ENGINEERING/airflow/py_env/lib/python3.10/site-packages/airflow/example_dags/example_branch_python_dop_operator_3.py took 0.682 seconds
[2023-01-14T21:14:31.472+0000] {processor.py:153} INFO - Started process (PID=8329) to work on /media/prempeh/Nouveau nom/MASTER2/DATA ENGINEERING/airflow/py_env/lib/python3.10/site-packages/airflow/example_dags/example_branch_python_dop_operator_3.py
[2023-01-14T21:14:31.476+0000] {processor.py:743} INFO - Processing file /media/prempeh/Nouveau nom/MASTER2/DATA ENGINEERING/airflow/py_env/lib/python3.10/site-packages/airflow/example_dags/example_branch_python_dop_operator_3.py for tasks to queue
[2023-01-14T21:14:31.486+0000] {logging_mixin.py:137} INFO - [2023-01-14T21:14:31.485+0000] {dagbag.py:538} INFO - Filling up the DagBag from /media/prempeh/Nouveau nom/MASTER2/DATA ENGINEERING/airflow/py_env/lib/python3.10/site-packages/airflow/example_dags/example_branch_python_dop_operator_3.py
[2023-01-14T21:14:31.734+0000] {processor.py:753} INFO - DAG(s) dict_keys(['example_branch_dop_operator_v3']) retrieved from /media/prempeh/Nouveau nom/MASTER2/DATA ENGINEERING/airflow/py_env/lib/python3.10/site-packages/airflow/example_dags/example_branch_python_dop_operator_3.py
[2023-01-14T21:14:31.855+0000] {logging_mixin.py:137} INFO - [2023-01-14T21:14:31.855+0000] {dag.py:2676} INFO - Sync 1 DAGs
[2023-01-14T21:14:31.942+0000] {logging_mixin.py:137} INFO - [2023-01-14T21:14:31.941+0000] {dag.py:3423} INFO - Setting next_dagrun for example_branch_dop_operator_v3 to 2023-01-14T21:13:00+00:00, run_after=2023-01-14T21:14:00+00:00
[2023-01-14T21:14:32.033+0000] {processor.py:175} INFO - Processing /media/prempeh/Nouveau nom/MASTER2/DATA ENGINEERING/airflow/py_env/lib/python3.10/site-packages/airflow/example_dags/example_branch_python_dop_operator_3.py took 0.573 seconds
[2023-01-14T21:15:43.345+0000] {processor.py:153} INFO - Started process (PID=8756) to work on /media/prempeh/Nouveau nom/MASTER2/DATA ENGINEERING/airflow/py_env/lib/python3.10/site-packages/airflow/example_dags/example_branch_python_dop_operator_3.py
[2023-01-14T21:15:43.349+0000] {processor.py:743} INFO - Processing file /media/prempeh/Nouveau nom/MASTER2/DATA ENGINEERING/airflow/py_env/lib/python3.10/site-packages/airflow/example_dags/example_branch_python_dop_operator_3.py for tasks to queue
[2023-01-14T21:15:43.356+0000] {logging_mixin.py:137} INFO - [2023-01-14T21:15:43.355+0000] {dagbag.py:538} INFO - Filling up the DagBag from /media/prempeh/Nouveau nom/MASTER2/DATA ENGINEERING/airflow/py_env/lib/python3.10/site-packages/airflow/example_dags/example_branch_python_dop_operator_3.py
[2023-01-14T21:15:43.608+0000] {processor.py:753} INFO - DAG(s) dict_keys(['example_branch_dop_operator_v3']) retrieved from /media/prempeh/Nouveau nom/MASTER2/DATA ENGINEERING/airflow/py_env/lib/python3.10/site-packages/airflow/example_dags/example_branch_python_dop_operator_3.py
[2023-01-14T21:15:43.724+0000] {logging_mixin.py:137} INFO - [2023-01-14T21:15:43.723+0000] {dag.py:2676} INFO - Sync 1 DAGs
[2023-01-14T21:15:43.815+0000] {logging_mixin.py:137} INFO - [2023-01-14T21:15:43.814+0000] {dag.py:3423} INFO - Setting next_dagrun for example_branch_dop_operator_v3 to 2023-01-14T21:14:00+00:00, run_after=2023-01-14T21:15:00+00:00
[2023-01-14T21:15:43.920+0000] {processor.py:175} INFO - Processing /media/prempeh/Nouveau nom/MASTER2/DATA ENGINEERING/airflow/py_env/lib/python3.10/site-packages/airflow/example_dags/example_branch_python_dop_operator_3.py took 0.587 seconds
[2023-01-14T21:16:54.466+0000] {processor.py:153} INFO - Started process (PID=9064) to work on /media/prempeh/Nouveau nom/MASTER2/DATA ENGINEERING/airflow/py_env/lib/python3.10/site-packages/airflow/example_dags/example_branch_python_dop_operator_3.py
[2023-01-14T21:16:54.468+0000] {processor.py:743} INFO - Processing file /media/prempeh/Nouveau nom/MASTER2/DATA ENGINEERING/airflow/py_env/lib/python3.10/site-packages/airflow/example_dags/example_branch_python_dop_operator_3.py for tasks to queue
[2023-01-14T21:16:54.472+0000] {logging_mixin.py:137} INFO - [2023-01-14T21:16:54.472+0000] {dagbag.py:538} INFO - Filling up the DagBag from /media/prempeh/Nouveau nom/MASTER2/DATA ENGINEERING/airflow/py_env/lib/python3.10/site-packages/airflow/example_dags/example_branch_python_dop_operator_3.py
[2023-01-14T21:16:54.652+0000] {processor.py:753} INFO - DAG(s) dict_keys(['example_branch_dop_operator_v3']) retrieved from /media/prempeh/Nouveau nom/MASTER2/DATA ENGINEERING/airflow/py_env/lib/python3.10/site-packages/airflow/example_dags/example_branch_python_dop_operator_3.py
[2023-01-14T21:16:54.775+0000] {logging_mixin.py:137} INFO - [2023-01-14T21:16:54.775+0000] {dag.py:2676} INFO - Sync 1 DAGs
[2023-01-14T21:16:54.857+0000] {logging_mixin.py:137} INFO - [2023-01-14T21:16:54.857+0000] {dag.py:3423} INFO - Setting next_dagrun for example_branch_dop_operator_v3 to 2023-01-14T21:15:00+00:00, run_after=2023-01-14T21:16:00+00:00
[2023-01-14T21:16:54.930+0000] {processor.py:175} INFO - Processing /media/prempeh/Nouveau nom/MASTER2/DATA ENGINEERING/airflow/py_env/lib/python3.10/site-packages/airflow/example_dags/example_branch_python_dop_operator_3.py took 0.473 seconds
[2023-01-14T21:18:06.529+0000] {processor.py:153} INFO - Started process (PID=9255) to work on /media/prempeh/Nouveau nom/MASTER2/DATA ENGINEERING/airflow/py_env/lib/python3.10/site-packages/airflow/example_dags/example_branch_python_dop_operator_3.py
[2023-01-14T21:18:06.532+0000] {processor.py:743} INFO - Processing file /media/prempeh/Nouveau nom/MASTER2/DATA ENGINEERING/airflow/py_env/lib/python3.10/site-packages/airflow/example_dags/example_branch_python_dop_operator_3.py for tasks to queue
[2023-01-14T21:18:06.536+0000] {logging_mixin.py:137} INFO - [2023-01-14T21:18:06.536+0000] {dagbag.py:538} INFO - Filling up the DagBag from /media/prempeh/Nouveau nom/MASTER2/DATA ENGINEERING/airflow/py_env/lib/python3.10/site-packages/airflow/example_dags/example_branch_python_dop_operator_3.py
[2023-01-14T21:18:06.707+0000] {processor.py:753} INFO - DAG(s) dict_keys(['example_branch_dop_operator_v3']) retrieved from /media/prempeh/Nouveau nom/MASTER2/DATA ENGINEERING/airflow/py_env/lib/python3.10/site-packages/airflow/example_dags/example_branch_python_dop_operator_3.py
[2023-01-14T21:18:06.837+0000] {logging_mixin.py:137} INFO - [2023-01-14T21:18:06.836+0000] {dag.py:2676} INFO - Sync 1 DAGs
[2023-01-14T21:18:06.917+0000] {logging_mixin.py:137} INFO - [2023-01-14T21:18:06.916+0000] {dag.py:3423} INFO - Setting next_dagrun for example_branch_dop_operator_v3 to 2023-01-14T21:17:00+00:00, run_after=2023-01-14T21:18:00+00:00
[2023-01-14T21:18:06.988+0000] {processor.py:175} INFO - Processing /media/prempeh/Nouveau nom/MASTER2/DATA ENGINEERING/airflow/py_env/lib/python3.10/site-packages/airflow/example_dags/example_branch_python_dop_operator_3.py took 0.468 seconds
[2023-01-14T21:19:20.321+0000] {processor.py:153} INFO - Started process (PID=9498) to work on /media/prempeh/Nouveau nom/MASTER2/DATA ENGINEERING/airflow/py_env/lib/python3.10/site-packages/airflow/example_dags/example_branch_python_dop_operator_3.py
[2023-01-14T21:19:20.323+0000] {processor.py:743} INFO - Processing file /media/prempeh/Nouveau nom/MASTER2/DATA ENGINEERING/airflow/py_env/lib/python3.10/site-packages/airflow/example_dags/example_branch_python_dop_operator_3.py for tasks to queue
[2023-01-14T21:19:20.328+0000] {logging_mixin.py:137} INFO - [2023-01-14T21:19:20.327+0000] {dagbag.py:538} INFO - Filling up the DagBag from /media/prempeh/Nouveau nom/MASTER2/DATA ENGINEERING/airflow/py_env/lib/python3.10/site-packages/airflow/example_dags/example_branch_python_dop_operator_3.py
[2023-01-14T21:19:20.502+0000] {processor.py:753} INFO - DAG(s) dict_keys(['example_branch_dop_operator_v3']) retrieved from /media/prempeh/Nouveau nom/MASTER2/DATA ENGINEERING/airflow/py_env/lib/python3.10/site-packages/airflow/example_dags/example_branch_python_dop_operator_3.py
[2023-01-14T21:19:20.653+0000] {logging_mixin.py:137} INFO - [2023-01-14T21:19:20.652+0000] {dag.py:2676} INFO - Sync 1 DAGs
[2023-01-14T21:19:20.731+0000] {logging_mixin.py:137} INFO - [2023-01-14T21:19:20.730+0000] {dag.py:3423} INFO - Setting next_dagrun for example_branch_dop_operator_v3 to 2023-01-14T21:18:00+00:00, run_after=2023-01-14T21:19:00+00:00
[2023-01-14T21:19:20.802+0000] {processor.py:175} INFO - Processing /media/prempeh/Nouveau nom/MASTER2/DATA ENGINEERING/airflow/py_env/lib/python3.10/site-packages/airflow/example_dags/example_branch_python_dop_operator_3.py took 0.489 seconds
[2023-01-14T21:20:32.247+0000] {processor.py:153} INFO - Started process (PID=9791) to work on /media/prempeh/Nouveau nom/MASTER2/DATA ENGINEERING/airflow/py_env/lib/python3.10/site-packages/airflow/example_dags/example_branch_python_dop_operator_3.py
[2023-01-14T21:20:32.250+0000] {processor.py:743} INFO - Processing file /media/prempeh/Nouveau nom/MASTER2/DATA ENGINEERING/airflow/py_env/lib/python3.10/site-packages/airflow/example_dags/example_branch_python_dop_operator_3.py for tasks to queue
[2023-01-14T21:20:32.254+0000] {logging_mixin.py:137} INFO - [2023-01-14T21:20:32.254+0000] {dagbag.py:538} INFO - Filling up the DagBag from /media/prempeh/Nouveau nom/MASTER2/DATA ENGINEERING/airflow/py_env/lib/python3.10/site-packages/airflow/example_dags/example_branch_python_dop_operator_3.py
[2023-01-14T21:20:32.418+0000] {processor.py:753} INFO - DAG(s) dict_keys(['example_branch_dop_operator_v3']) retrieved from /media/prempeh/Nouveau nom/MASTER2/DATA ENGINEERING/airflow/py_env/lib/python3.10/site-packages/airflow/example_dags/example_branch_python_dop_operator_3.py
[2023-01-14T21:20:32.550+0000] {logging_mixin.py:137} INFO - [2023-01-14T21:20:32.550+0000] {dag.py:2676} INFO - Sync 1 DAGs
[2023-01-14T21:20:32.629+0000] {logging_mixin.py:137} INFO - [2023-01-14T21:20:32.629+0000] {dag.py:3423} INFO - Setting next_dagrun for example_branch_dop_operator_v3 to 2023-01-14T21:19:00+00:00, run_after=2023-01-14T21:20:00+00:00
[2023-01-14T21:20:32.701+0000] {processor.py:175} INFO - Processing /media/prempeh/Nouveau nom/MASTER2/DATA ENGINEERING/airflow/py_env/lib/python3.10/site-packages/airflow/example_dags/example_branch_python_dop_operator_3.py took 0.462 seconds
[2023-01-14T21:21:40.160+0000] {processor.py:153} INFO - Started process (PID=9842) to work on /media/prempeh/Nouveau nom/MASTER2/DATA ENGINEERING/airflow/py_env/lib/python3.10/site-packages/airflow/example_dags/example_branch_python_dop_operator_3.py
[2023-01-14T21:21:40.163+0000] {processor.py:743} INFO - Processing file /media/prempeh/Nouveau nom/MASTER2/DATA ENGINEERING/airflow/py_env/lib/python3.10/site-packages/airflow/example_dags/example_branch_python_dop_operator_3.py for tasks to queue
[2023-01-14T21:21:40.167+0000] {logging_mixin.py:137} INFO - [2023-01-14T21:21:40.167+0000] {dagbag.py:538} INFO - Filling up the DagBag from /media/prempeh/Nouveau nom/MASTER2/DATA ENGINEERING/airflow/py_env/lib/python3.10/site-packages/airflow/example_dags/example_branch_python_dop_operator_3.py
[2023-01-14T21:21:40.401+0000] {processor.py:753} INFO - DAG(s) dict_keys(['example_branch_dop_operator_v3']) retrieved from /media/prempeh/Nouveau nom/MASTER2/DATA ENGINEERING/airflow/py_env/lib/python3.10/site-packages/airflow/example_dags/example_branch_python_dop_operator_3.py
[2023-01-14T21:21:40.523+0000] {logging_mixin.py:137} INFO - [2023-01-14T21:21:40.523+0000] {dag.py:2676} INFO - Sync 1 DAGs
[2023-01-14T21:21:40.601+0000] {logging_mixin.py:137} INFO - [2023-01-14T21:21:40.600+0000] {dag.py:3423} INFO - Setting next_dagrun for example_branch_dop_operator_v3 to 2023-01-14T21:20:00+00:00, run_after=2023-01-14T21:21:00+00:00
[2023-01-14T21:21:40.673+0000] {processor.py:175} INFO - Processing /media/prempeh/Nouveau nom/MASTER2/DATA ENGINEERING/airflow/py_env/lib/python3.10/site-packages/airflow/example_dags/example_branch_python_dop_operator_3.py took 0.522 seconds
[2023-01-14T21:22:56.172+0000] {processor.py:153} INFO - Started process (PID=10244) to work on /media/prempeh/Nouveau nom/MASTER2/DATA ENGINEERING/airflow/py_env/lib/python3.10/site-packages/airflow/example_dags/example_branch_python_dop_operator_3.py
[2023-01-14T21:22:56.175+0000] {processor.py:743} INFO - Processing file /media/prempeh/Nouveau nom/MASTER2/DATA ENGINEERING/airflow/py_env/lib/python3.10/site-packages/airflow/example_dags/example_branch_python_dop_operator_3.py for tasks to queue
[2023-01-14T21:22:56.179+0000] {logging_mixin.py:137} INFO - [2023-01-14T21:22:56.179+0000] {dagbag.py:538} INFO - Filling up the DagBag from /media/prempeh/Nouveau nom/MASTER2/DATA ENGINEERING/airflow/py_env/lib/python3.10/site-packages/airflow/example_dags/example_branch_python_dop_operator_3.py
[2023-01-14T21:22:56.352+0000] {processor.py:753} INFO - DAG(s) dict_keys(['example_branch_dop_operator_v3']) retrieved from /media/prempeh/Nouveau nom/MASTER2/DATA ENGINEERING/airflow/py_env/lib/python3.10/site-packages/airflow/example_dags/example_branch_python_dop_operator_3.py
[2023-01-14T21:22:56.466+0000] {logging_mixin.py:137} INFO - [2023-01-14T21:22:56.466+0000] {dag.py:2676} INFO - Sync 1 DAGs
[2023-01-14T21:22:56.540+0000] {logging_mixin.py:137} INFO - [2023-01-14T21:22:56.540+0000] {dag.py:3423} INFO - Setting next_dagrun for example_branch_dop_operator_v3 to 2023-01-14T21:21:00+00:00, run_after=2023-01-14T21:22:00+00:00
[2023-01-14T21:22:56.618+0000] {processor.py:175} INFO - Processing /media/prempeh/Nouveau nom/MASTER2/DATA ENGINEERING/airflow/py_env/lib/python3.10/site-packages/airflow/example_dags/example_branch_python_dop_operator_3.py took 0.453 seconds
[2023-01-14T21:24:05.162+0000] {processor.py:153} INFO - Started process (PID=10370) to work on /media/prempeh/Nouveau nom/MASTER2/DATA ENGINEERING/airflow/py_env/lib/python3.10/site-packages/airflow/example_dags/example_branch_python_dop_operator_3.py
[2023-01-14T21:24:05.165+0000] {processor.py:743} INFO - Processing file /media/prempeh/Nouveau nom/MASTER2/DATA ENGINEERING/airflow/py_env/lib/python3.10/site-packages/airflow/example_dags/example_branch_python_dop_operator_3.py for tasks to queue
[2023-01-14T21:24:05.171+0000] {logging_mixin.py:137} INFO - [2023-01-14T21:24:05.170+0000] {dagbag.py:538} INFO - Filling up the DagBag from /media/prempeh/Nouveau nom/MASTER2/DATA ENGINEERING/airflow/py_env/lib/python3.10/site-packages/airflow/example_dags/example_branch_python_dop_operator_3.py
[2023-01-14T21:24:05.380+0000] {processor.py:753} INFO - DAG(s) dict_keys(['example_branch_dop_operator_v3']) retrieved from /media/prempeh/Nouveau nom/MASTER2/DATA ENGINEERING/airflow/py_env/lib/python3.10/site-packages/airflow/example_dags/example_branch_python_dop_operator_3.py
[2023-01-14T21:24:05.506+0000] {logging_mixin.py:137} INFO - [2023-01-14T21:24:05.506+0000] {dag.py:2676} INFO - Sync 1 DAGs
[2023-01-14T21:24:05.607+0000] {logging_mixin.py:137} INFO - [2023-01-14T21:24:05.606+0000] {dag.py:3423} INFO - Setting next_dagrun for example_branch_dop_operator_v3 to 2023-01-14T21:23:00+00:00, run_after=2023-01-14T21:24:00+00:00
[2023-01-14T21:24:05.687+0000] {processor.py:175} INFO - Processing /media/prempeh/Nouveau nom/MASTER2/DATA ENGINEERING/airflow/py_env/lib/python3.10/site-packages/airflow/example_dags/example_branch_python_dop_operator_3.py took 0.535 seconds
[2023-01-14T21:25:10.009+0000] {processor.py:153} INFO - Started process (PID=10451) to work on /media/prempeh/Nouveau nom/MASTER2/DATA ENGINEERING/airflow/py_env/lib/python3.10/site-packages/airflow/example_dags/example_branch_python_dop_operator_3.py
[2023-01-14T21:25:10.012+0000] {processor.py:743} INFO - Processing file /media/prempeh/Nouveau nom/MASTER2/DATA ENGINEERING/airflow/py_env/lib/python3.10/site-packages/airflow/example_dags/example_branch_python_dop_operator_3.py for tasks to queue
[2023-01-14T21:25:10.018+0000] {logging_mixin.py:137} INFO - [2023-01-14T21:25:10.018+0000] {dagbag.py:538} INFO - Filling up the DagBag from /media/prempeh/Nouveau nom/MASTER2/DATA ENGINEERING/airflow/py_env/lib/python3.10/site-packages/airflow/example_dags/example_branch_python_dop_operator_3.py
[2023-01-14T21:25:10.202+0000] {processor.py:753} INFO - DAG(s) dict_keys(['example_branch_dop_operator_v3']) retrieved from /media/prempeh/Nouveau nom/MASTER2/DATA ENGINEERING/airflow/py_env/lib/python3.10/site-packages/airflow/example_dags/example_branch_python_dop_operator_3.py
[2023-01-14T21:25:10.352+0000] {logging_mixin.py:137} INFO - [2023-01-14T21:25:10.351+0000] {dag.py:2676} INFO - Sync 1 DAGs
[2023-01-14T21:25:10.458+0000] {logging_mixin.py:137} INFO - [2023-01-14T21:25:10.458+0000] {dag.py:3423} INFO - Setting next_dagrun for example_branch_dop_operator_v3 to 2023-01-14T21:24:00+00:00, run_after=2023-01-14T21:25:00+00:00
[2023-01-14T21:25:10.548+0000] {processor.py:175} INFO - Processing /media/prempeh/Nouveau nom/MASTER2/DATA ENGINEERING/airflow/py_env/lib/python3.10/site-packages/airflow/example_dags/example_branch_python_dop_operator_3.py took 0.551 seconds
[2023-01-14T21:26:24.794+0000] {processor.py:153} INFO - Started process (PID=10583) to work on /media/prempeh/Nouveau nom/MASTER2/DATA ENGINEERING/airflow/py_env/lib/python3.10/site-packages/airflow/example_dags/example_branch_python_dop_operator_3.py
[2023-01-14T21:26:24.798+0000] {processor.py:743} INFO - Processing file /media/prempeh/Nouveau nom/MASTER2/DATA ENGINEERING/airflow/py_env/lib/python3.10/site-packages/airflow/example_dags/example_branch_python_dop_operator_3.py for tasks to queue
[2023-01-14T21:26:24.806+0000] {logging_mixin.py:137} INFO - [2023-01-14T21:26:24.805+0000] {dagbag.py:538} INFO - Filling up the DagBag from /media/prempeh/Nouveau nom/MASTER2/DATA ENGINEERING/airflow/py_env/lib/python3.10/site-packages/airflow/example_dags/example_branch_python_dop_operator_3.py
[2023-01-14T21:26:25.092+0000] {processor.py:753} INFO - DAG(s) dict_keys(['example_branch_dop_operator_v3']) retrieved from /media/prempeh/Nouveau nom/MASTER2/DATA ENGINEERING/airflow/py_env/lib/python3.10/site-packages/airflow/example_dags/example_branch_python_dop_operator_3.py
[2023-01-14T21:26:25.286+0000] {logging_mixin.py:137} INFO - [2023-01-14T21:26:25.286+0000] {dag.py:2676} INFO - Sync 1 DAGs
[2023-01-14T21:26:25.431+0000] {logging_mixin.py:137} INFO - [2023-01-14T21:26:25.430+0000] {dag.py:3423} INFO - Setting next_dagrun for example_branch_dop_operator_v3 to 2023-01-14T21:25:00+00:00, run_after=2023-01-14T21:26:00+00:00
[2023-01-14T21:26:25.541+0000] {processor.py:175} INFO - Processing /media/prempeh/Nouveau nom/MASTER2/DATA ENGINEERING/airflow/py_env/lib/python3.10/site-packages/airflow/example_dags/example_branch_python_dop_operator_3.py took 0.762 seconds
[2023-01-14T21:27:35.546+0000] {processor.py:153} INFO - Started process (PID=10900) to work on /media/prempeh/Nouveau nom/MASTER2/DATA ENGINEERING/airflow/py_env/lib/python3.10/site-packages/airflow/example_dags/example_branch_python_dop_operator_3.py
[2023-01-14T21:27:35.549+0000] {processor.py:743} INFO - Processing file /media/prempeh/Nouveau nom/MASTER2/DATA ENGINEERING/airflow/py_env/lib/python3.10/site-packages/airflow/example_dags/example_branch_python_dop_operator_3.py for tasks to queue
[2023-01-14T21:27:35.554+0000] {logging_mixin.py:137} INFO - [2023-01-14T21:27:35.553+0000] {dagbag.py:538} INFO - Filling up the DagBag from /media/prempeh/Nouveau nom/MASTER2/DATA ENGINEERING/airflow/py_env/lib/python3.10/site-packages/airflow/example_dags/example_branch_python_dop_operator_3.py
[2023-01-14T21:27:35.746+0000] {processor.py:753} INFO - DAG(s) dict_keys(['example_branch_dop_operator_v3']) retrieved from /media/prempeh/Nouveau nom/MASTER2/DATA ENGINEERING/airflow/py_env/lib/python3.10/site-packages/airflow/example_dags/example_branch_python_dop_operator_3.py
[2023-01-14T21:27:35.879+0000] {logging_mixin.py:137} INFO - [2023-01-14T21:27:35.878+0000] {dag.py:2676} INFO - Sync 1 DAGs
[2023-01-14T21:27:35.959+0000] {logging_mixin.py:137} INFO - [2023-01-14T21:27:35.958+0000] {dag.py:3423} INFO - Setting next_dagrun for example_branch_dop_operator_v3 to 2023-01-14T21:26:00+00:00, run_after=2023-01-14T21:27:00+00:00
[2023-01-14T21:27:36.031+0000] {processor.py:175} INFO - Processing /media/prempeh/Nouveau nom/MASTER2/DATA ENGINEERING/airflow/py_env/lib/python3.10/site-packages/airflow/example_dags/example_branch_python_dop_operator_3.py took 0.494 seconds
