[2023-01-14T20:52:49.585+0000] {processor.py:153} INFO - Started process (PID=6407) to work on /media/prempeh/Nouveau nom/MASTER2/DATA ENGINEERING/airflow/py_env/lib/python3.10/site-packages/airflow/example_dags/example_trigger_controller_dag.py
[2023-01-14T20:52:49.588+0000] {processor.py:743} INFO - Processing file /media/prempeh/Nouveau nom/MASTER2/DATA ENGINEERING/airflow/py_env/lib/python3.10/site-packages/airflow/example_dags/example_trigger_controller_dag.py for tasks to queue
[2023-01-14T20:52:49.593+0000] {logging_mixin.py:137} INFO - [2023-01-14T20:52:49.593+0000] {dagbag.py:538} INFO - Filling up the DagBag from /media/prempeh/Nouveau nom/MASTER2/DATA ENGINEERING/airflow/py_env/lib/python3.10/site-packages/airflow/example_dags/example_trigger_controller_dag.py
[2023-01-14T20:52:49.736+0000] {processor.py:753} INFO - DAG(s) dict_keys(['example_trigger_controller_dag']) retrieved from /media/prempeh/Nouveau nom/MASTER2/DATA ENGINEERING/airflow/py_env/lib/python3.10/site-packages/airflow/example_dags/example_trigger_controller_dag.py
[2023-01-14T20:52:50.501+0000] {logging_mixin.py:137} INFO - [2023-01-14T20:52:50.500+0000] {manager.py:504} INFO - Created Permission View: can edit on DAG:example_trigger_controller_dag
[2023-01-14T20:52:50.540+0000] {logging_mixin.py:137} INFO - [2023-01-14T20:52:50.539+0000] {manager.py:504} INFO - Created Permission View: can delete on DAG:example_trigger_controller_dag
[2023-01-14T20:52:50.571+0000] {logging_mixin.py:137} INFO - [2023-01-14T20:52:50.570+0000] {manager.py:504} INFO - Created Permission View: can read on DAG:example_trigger_controller_dag
[2023-01-14T20:52:50.574+0000] {logging_mixin.py:137} INFO - [2023-01-14T20:52:50.573+0000] {dag.py:2676} INFO - Sync 1 DAGs
[2023-01-14T20:52:50.621+0000] {logging_mixin.py:137} INFO - [2023-01-14T20:52:50.620+0000] {dag.py:2697} INFO - Creating ORM DAG for example_trigger_controller_dag
[2023-01-14T20:52:50.660+0000] {logging_mixin.py:137} INFO - [2023-01-14T20:52:50.659+0000] {dag.py:3423} INFO - Setting next_dagrun for example_trigger_controller_dag to 2021-01-01T00:00:00+00:00, run_after=2021-01-01T00:00:00+00:00
[2023-01-14T20:52:50.748+0000] {processor.py:175} INFO - Processing /media/prempeh/Nouveau nom/MASTER2/DATA ENGINEERING/airflow/py_env/lib/python3.10/site-packages/airflow/example_dags/example_trigger_controller_dag.py took 1.174 seconds
[2023-01-14T20:54:05.746+0000] {processor.py:153} INFO - Started process (PID=6712) to work on /media/prempeh/Nouveau nom/MASTER2/DATA ENGINEERING/airflow/py_env/lib/python3.10/site-packages/airflow/example_dags/example_trigger_controller_dag.py
[2023-01-14T20:54:05.748+0000] {processor.py:743} INFO - Processing file /media/prempeh/Nouveau nom/MASTER2/DATA ENGINEERING/airflow/py_env/lib/python3.10/site-packages/airflow/example_dags/example_trigger_controller_dag.py for tasks to queue
[2023-01-14T20:54:05.752+0000] {logging_mixin.py:137} INFO - [2023-01-14T20:54:05.752+0000] {dagbag.py:538} INFO - Filling up the DagBag from /media/prempeh/Nouveau nom/MASTER2/DATA ENGINEERING/airflow/py_env/lib/python3.10/site-packages/airflow/example_dags/example_trigger_controller_dag.py
[2023-01-14T20:54:05.859+0000] {processor.py:753} INFO - DAG(s) dict_keys(['example_trigger_controller_dag']) retrieved from /media/prempeh/Nouveau nom/MASTER2/DATA ENGINEERING/airflow/py_env/lib/python3.10/site-packages/airflow/example_dags/example_trigger_controller_dag.py
[2023-01-14T20:54:05.970+0000] {logging_mixin.py:137} INFO - [2023-01-14T20:54:05.969+0000] {dag.py:2676} INFO - Sync 1 DAGs
[2023-01-14T20:54:06.030+0000] {logging_mixin.py:137} INFO - [2023-01-14T20:54:06.030+0000] {dag.py:3423} INFO - Setting next_dagrun for example_trigger_controller_dag to 2021-01-01T00:00:00+00:00, run_after=2021-01-01T00:00:00+00:00
[2023-01-14T20:54:06.098+0000] {processor.py:175} INFO - Processing /media/prempeh/Nouveau nom/MASTER2/DATA ENGINEERING/airflow/py_env/lib/python3.10/site-packages/airflow/example_dags/example_trigger_controller_dag.py took 0.363 seconds
[2023-01-14T20:55:05.254+0000] {processor.py:153} INFO - Started process (PID=6750) to work on /media/prempeh/Nouveau nom/MASTER2/DATA ENGINEERING/airflow/py_env/lib/python3.10/site-packages/airflow/example_dags/example_trigger_controller_dag.py
[2023-01-14T20:55:05.258+0000] {processor.py:743} INFO - Processing file /media/prempeh/Nouveau nom/MASTER2/DATA ENGINEERING/airflow/py_env/lib/python3.10/site-packages/airflow/example_dags/example_trigger_controller_dag.py for tasks to queue
[2023-01-14T20:55:05.266+0000] {logging_mixin.py:137} INFO - [2023-01-14T20:55:05.265+0000] {dagbag.py:538} INFO - Filling up the DagBag from /media/prempeh/Nouveau nom/MASTER2/DATA ENGINEERING/airflow/py_env/lib/python3.10/site-packages/airflow/example_dags/example_trigger_controller_dag.py
[2023-01-14T20:55:05.380+0000] {processor.py:753} INFO - DAG(s) dict_keys(['example_trigger_controller_dag']) retrieved from /media/prempeh/Nouveau nom/MASTER2/DATA ENGINEERING/airflow/py_env/lib/python3.10/site-packages/airflow/example_dags/example_trigger_controller_dag.py
[2023-01-14T20:55:05.515+0000] {logging_mixin.py:137} INFO - [2023-01-14T20:55:05.514+0000] {dag.py:2676} INFO - Sync 1 DAGs
[2023-01-14T20:55:05.575+0000] {logging_mixin.py:137} INFO - [2023-01-14T20:55:05.574+0000] {dag.py:3423} INFO - Setting next_dagrun for example_trigger_controller_dag to 2021-01-01T00:00:00+00:00, run_after=2021-01-01T00:00:00+00:00
[2023-01-14T20:55:05.648+0000] {processor.py:175} INFO - Processing /media/prempeh/Nouveau nom/MASTER2/DATA ENGINEERING/airflow/py_env/lib/python3.10/site-packages/airflow/example_dags/example_trigger_controller_dag.py took 0.404 seconds
[2023-01-14T20:56:05.206+0000] {processor.py:153} INFO - Started process (PID=6838) to work on /media/prempeh/Nouveau nom/MASTER2/DATA ENGINEERING/airflow/py_env/lib/python3.10/site-packages/airflow/example_dags/example_trigger_controller_dag.py
[2023-01-14T20:56:05.209+0000] {processor.py:743} INFO - Processing file /media/prempeh/Nouveau nom/MASTER2/DATA ENGINEERING/airflow/py_env/lib/python3.10/site-packages/airflow/example_dags/example_trigger_controller_dag.py for tasks to queue
[2023-01-14T20:56:05.215+0000] {logging_mixin.py:137} INFO - [2023-01-14T20:56:05.215+0000] {dagbag.py:538} INFO - Filling up the DagBag from /media/prempeh/Nouveau nom/MASTER2/DATA ENGINEERING/airflow/py_env/lib/python3.10/site-packages/airflow/example_dags/example_trigger_controller_dag.py
[2023-01-14T20:56:05.392+0000] {processor.py:753} INFO - DAG(s) dict_keys(['example_trigger_controller_dag']) retrieved from /media/prempeh/Nouveau nom/MASTER2/DATA ENGINEERING/airflow/py_env/lib/python3.10/site-packages/airflow/example_dags/example_trigger_controller_dag.py
[2023-01-14T20:56:05.543+0000] {logging_mixin.py:137} INFO - [2023-01-14T20:56:05.542+0000] {dag.py:2676} INFO - Sync 1 DAGs
[2023-01-14T20:56:05.615+0000] {logging_mixin.py:137} INFO - [2023-01-14T20:56:05.614+0000] {dag.py:3423} INFO - Setting next_dagrun for example_trigger_controller_dag to 2021-01-01T00:00:00+00:00, run_after=2021-01-01T00:00:00+00:00
[2023-01-14T20:56:05.695+0000] {processor.py:175} INFO - Processing /media/prempeh/Nouveau nom/MASTER2/DATA ENGINEERING/airflow/py_env/lib/python3.10/site-packages/airflow/example_dags/example_trigger_controller_dag.py took 0.499 seconds
[2023-01-14T20:57:05.677+0000] {processor.py:153} INFO - Started process (PID=7029) to work on /media/prempeh/Nouveau nom/MASTER2/DATA ENGINEERING/airflow/py_env/lib/python3.10/site-packages/airflow/example_dags/example_trigger_controller_dag.py
[2023-01-14T20:57:05.680+0000] {processor.py:743} INFO - Processing file /media/prempeh/Nouveau nom/MASTER2/DATA ENGINEERING/airflow/py_env/lib/python3.10/site-packages/airflow/example_dags/example_trigger_controller_dag.py for tasks to queue
[2023-01-14T20:57:05.686+0000] {logging_mixin.py:137} INFO - [2023-01-14T20:57:05.685+0000] {dagbag.py:538} INFO - Filling up the DagBag from /media/prempeh/Nouveau nom/MASTER2/DATA ENGINEERING/airflow/py_env/lib/python3.10/site-packages/airflow/example_dags/example_trigger_controller_dag.py
[2023-01-14T20:57:05.868+0000] {processor.py:753} INFO - DAG(s) dict_keys(['example_trigger_controller_dag']) retrieved from /media/prempeh/Nouveau nom/MASTER2/DATA ENGINEERING/airflow/py_env/lib/python3.10/site-packages/airflow/example_dags/example_trigger_controller_dag.py
[2023-01-14T20:57:06.008+0000] {logging_mixin.py:137} INFO - [2023-01-14T20:57:06.008+0000] {dag.py:2676} INFO - Sync 1 DAGs
[2023-01-14T20:57:06.086+0000] {logging_mixin.py:137} INFO - [2023-01-14T20:57:06.085+0000] {dag.py:3423} INFO - Setting next_dagrun for example_trigger_controller_dag to 2021-01-01T00:00:00+00:00, run_after=2021-01-01T00:00:00+00:00
[2023-01-14T20:57:06.207+0000] {processor.py:175} INFO - Processing /media/prempeh/Nouveau nom/MASTER2/DATA ENGINEERING/airflow/py_env/lib/python3.10/site-packages/airflow/example_dags/example_trigger_controller_dag.py took 0.541 seconds
[2023-01-14T20:58:04.006+0000] {processor.py:153} INFO - Started process (PID=7111) to work on /media/prempeh/Nouveau nom/MASTER2/DATA ENGINEERING/airflow/py_env/lib/python3.10/site-packages/airflow/example_dags/example_trigger_controller_dag.py
[2023-01-14T20:58:04.008+0000] {processor.py:743} INFO - Processing file /media/prempeh/Nouveau nom/MASTER2/DATA ENGINEERING/airflow/py_env/lib/python3.10/site-packages/airflow/example_dags/example_trigger_controller_dag.py for tasks to queue
[2023-01-14T20:58:04.013+0000] {logging_mixin.py:137} INFO - [2023-01-14T20:58:04.012+0000] {dagbag.py:538} INFO - Filling up the DagBag from /media/prempeh/Nouveau nom/MASTER2/DATA ENGINEERING/airflow/py_env/lib/python3.10/site-packages/airflow/example_dags/example_trigger_controller_dag.py
[2023-01-14T20:58:04.114+0000] {processor.py:753} INFO - DAG(s) dict_keys(['example_trigger_controller_dag']) retrieved from /media/prempeh/Nouveau nom/MASTER2/DATA ENGINEERING/airflow/py_env/lib/python3.10/site-packages/airflow/example_dags/example_trigger_controller_dag.py
[2023-01-14T20:58:04.224+0000] {logging_mixin.py:137} INFO - [2023-01-14T20:58:04.224+0000] {dag.py:2676} INFO - Sync 1 DAGs
[2023-01-14T20:58:04.285+0000] {logging_mixin.py:137} INFO - [2023-01-14T20:58:04.285+0000] {dag.py:3423} INFO - Setting next_dagrun for example_trigger_controller_dag to 2021-01-01T00:00:00+00:00, run_after=2021-01-01T00:00:00+00:00
[2023-01-14T20:58:04.356+0000] {processor.py:175} INFO - Processing /media/prempeh/Nouveau nom/MASTER2/DATA ENGINEERING/airflow/py_env/lib/python3.10/site-packages/airflow/example_dags/example_trigger_controller_dag.py took 0.361 seconds
[2023-01-14T20:58:58.889+0000] {processor.py:153} INFO - Started process (PID=7152) to work on /media/prempeh/Nouveau nom/MASTER2/DATA ENGINEERING/airflow/py_env/lib/python3.10/site-packages/airflow/example_dags/example_trigger_controller_dag.py
[2023-01-14T20:58:58.892+0000] {processor.py:743} INFO - Processing file /media/prempeh/Nouveau nom/MASTER2/DATA ENGINEERING/airflow/py_env/lib/python3.10/site-packages/airflow/example_dags/example_trigger_controller_dag.py for tasks to queue
[2023-01-14T20:58:58.897+0000] {logging_mixin.py:137} INFO - [2023-01-14T20:58:58.897+0000] {dagbag.py:538} INFO - Filling up the DagBag from /media/prempeh/Nouveau nom/MASTER2/DATA ENGINEERING/airflow/py_env/lib/python3.10/site-packages/airflow/example_dags/example_trigger_controller_dag.py
[2023-01-14T20:58:59.004+0000] {processor.py:753} INFO - DAG(s) dict_keys(['example_trigger_controller_dag']) retrieved from /media/prempeh/Nouveau nom/MASTER2/DATA ENGINEERING/airflow/py_env/lib/python3.10/site-packages/airflow/example_dags/example_trigger_controller_dag.py
[2023-01-14T20:58:59.131+0000] {logging_mixin.py:137} INFO - [2023-01-14T20:58:59.130+0000] {dag.py:2676} INFO - Sync 1 DAGs
[2023-01-14T20:58:59.191+0000] {logging_mixin.py:137} INFO - [2023-01-14T20:58:59.191+0000] {dag.py:3423} INFO - Setting next_dagrun for example_trigger_controller_dag to 2021-01-01T00:00:00+00:00, run_after=2021-01-01T00:00:00+00:00
[2023-01-14T20:58:59.260+0000] {processor.py:175} INFO - Processing /media/prempeh/Nouveau nom/MASTER2/DATA ENGINEERING/airflow/py_env/lib/python3.10/site-packages/airflow/example_dags/example_trigger_controller_dag.py took 0.380 seconds
[2023-01-14T20:59:46.932+0000] {processor.py:153} INFO - Started process (PID=7219) to work on /media/prempeh/Nouveau nom/MASTER2/DATA ENGINEERING/airflow/py_env/lib/python3.10/site-packages/airflow/example_dags/example_trigger_controller_dag.py
[2023-01-14T20:59:46.935+0000] {processor.py:743} INFO - Processing file /media/prempeh/Nouveau nom/MASTER2/DATA ENGINEERING/airflow/py_env/lib/python3.10/site-packages/airflow/example_dags/example_trigger_controller_dag.py for tasks to queue
[2023-01-14T20:59:46.940+0000] {logging_mixin.py:137} INFO - [2023-01-14T20:59:46.939+0000] {dagbag.py:538} INFO - Filling up the DagBag from /media/prempeh/Nouveau nom/MASTER2/DATA ENGINEERING/airflow/py_env/lib/python3.10/site-packages/airflow/example_dags/example_trigger_controller_dag.py
[2023-01-14T20:59:47.061+0000] {processor.py:753} INFO - DAG(s) dict_keys(['example_trigger_controller_dag']) retrieved from /media/prempeh/Nouveau nom/MASTER2/DATA ENGINEERING/airflow/py_env/lib/python3.10/site-packages/airflow/example_dags/example_trigger_controller_dag.py
[2023-01-14T20:59:47.223+0000] {logging_mixin.py:137} INFO - [2023-01-14T20:59:47.222+0000] {dag.py:2676} INFO - Sync 1 DAGs
[2023-01-14T20:59:47.284+0000] {logging_mixin.py:137} INFO - [2023-01-14T20:59:47.283+0000] {dag.py:3423} INFO - Setting next_dagrun for example_trigger_controller_dag to 2021-01-01T00:00:00+00:00, run_after=2021-01-01T00:00:00+00:00
[2023-01-14T20:59:47.353+0000] {processor.py:175} INFO - Processing /media/prempeh/Nouveau nom/MASTER2/DATA ENGINEERING/airflow/py_env/lib/python3.10/site-packages/airflow/example_dags/example_trigger_controller_dag.py took 0.431 seconds
[2023-01-14T21:00:43.465+0000] {processor.py:153} INFO - Started process (PID=7272) to work on /media/prempeh/Nouveau nom/MASTER2/DATA ENGINEERING/airflow/py_env/lib/python3.10/site-packages/airflow/example_dags/example_trigger_controller_dag.py
[2023-01-14T21:00:43.468+0000] {processor.py:743} INFO - Processing file /media/prempeh/Nouveau nom/MASTER2/DATA ENGINEERING/airflow/py_env/lib/python3.10/site-packages/airflow/example_dags/example_trigger_controller_dag.py for tasks to queue
[2023-01-14T21:00:43.475+0000] {logging_mixin.py:137} INFO - [2023-01-14T21:00:43.474+0000] {dagbag.py:538} INFO - Filling up the DagBag from /media/prempeh/Nouveau nom/MASTER2/DATA ENGINEERING/airflow/py_env/lib/python3.10/site-packages/airflow/example_dags/example_trigger_controller_dag.py
[2023-01-14T21:00:43.584+0000] {processor.py:753} INFO - DAG(s) dict_keys(['example_trigger_controller_dag']) retrieved from /media/prempeh/Nouveau nom/MASTER2/DATA ENGINEERING/airflow/py_env/lib/python3.10/site-packages/airflow/example_dags/example_trigger_controller_dag.py
[2023-01-14T21:00:43.701+0000] {logging_mixin.py:137} INFO - [2023-01-14T21:00:43.701+0000] {dag.py:2676} INFO - Sync 1 DAGs
[2023-01-14T21:00:43.761+0000] {logging_mixin.py:137} INFO - [2023-01-14T21:00:43.760+0000] {dag.py:3423} INFO - Setting next_dagrun for example_trigger_controller_dag to 2021-01-01T00:00:00+00:00, run_after=2021-01-01T00:00:00+00:00
[2023-01-14T21:00:43.829+0000] {processor.py:175} INFO - Processing /media/prempeh/Nouveau nom/MASTER2/DATA ENGINEERING/airflow/py_env/lib/python3.10/site-packages/airflow/example_dags/example_trigger_controller_dag.py took 0.375 seconds
[2023-01-14T21:01:37.200+0000] {processor.py:153} INFO - Started process (PID=7317) to work on /media/prempeh/Nouveau nom/MASTER2/DATA ENGINEERING/airflow/py_env/lib/python3.10/site-packages/airflow/example_dags/example_trigger_controller_dag.py
[2023-01-14T21:01:37.204+0000] {processor.py:743} INFO - Processing file /media/prempeh/Nouveau nom/MASTER2/DATA ENGINEERING/airflow/py_env/lib/python3.10/site-packages/airflow/example_dags/example_trigger_controller_dag.py for tasks to queue
[2023-01-14T21:01:37.213+0000] {logging_mixin.py:137} INFO - [2023-01-14T21:01:37.211+0000] {dagbag.py:538} INFO - Filling up the DagBag from /media/prempeh/Nouveau nom/MASTER2/DATA ENGINEERING/airflow/py_env/lib/python3.10/site-packages/airflow/example_dags/example_trigger_controller_dag.py
[2023-01-14T21:01:37.359+0000] {processor.py:753} INFO - DAG(s) dict_keys(['example_trigger_controller_dag']) retrieved from /media/prempeh/Nouveau nom/MASTER2/DATA ENGINEERING/airflow/py_env/lib/python3.10/site-packages/airflow/example_dags/example_trigger_controller_dag.py
[2023-01-14T21:01:37.505+0000] {logging_mixin.py:137} INFO - [2023-01-14T21:01:37.505+0000] {dag.py:2676} INFO - Sync 1 DAGs
[2023-01-14T21:01:37.579+0000] {logging_mixin.py:137} INFO - [2023-01-14T21:01:37.578+0000] {dag.py:3423} INFO - Setting next_dagrun for example_trigger_controller_dag to 2021-01-01T00:00:00+00:00, run_after=2021-01-01T00:00:00+00:00
[2023-01-14T21:01:37.663+0000] {processor.py:175} INFO - Processing /media/prempeh/Nouveau nom/MASTER2/DATA ENGINEERING/airflow/py_env/lib/python3.10/site-packages/airflow/example_dags/example_trigger_controller_dag.py took 0.477 seconds
[2023-01-14T21:02:31.041+0000] {processor.py:153} INFO - Started process (PID=7382) to work on /media/prempeh/Nouveau nom/MASTER2/DATA ENGINEERING/airflow/py_env/lib/python3.10/site-packages/airflow/example_dags/example_trigger_controller_dag.py
[2023-01-14T21:02:31.043+0000] {processor.py:743} INFO - Processing file /media/prempeh/Nouveau nom/MASTER2/DATA ENGINEERING/airflow/py_env/lib/python3.10/site-packages/airflow/example_dags/example_trigger_controller_dag.py for tasks to queue
[2023-01-14T21:02:31.050+0000] {logging_mixin.py:137} INFO - [2023-01-14T21:02:31.049+0000] {dagbag.py:538} INFO - Filling up the DagBag from /media/prempeh/Nouveau nom/MASTER2/DATA ENGINEERING/airflow/py_env/lib/python3.10/site-packages/airflow/example_dags/example_trigger_controller_dag.py
[2023-01-14T21:02:31.157+0000] {processor.py:753} INFO - DAG(s) dict_keys(['example_trigger_controller_dag']) retrieved from /media/prempeh/Nouveau nom/MASTER2/DATA ENGINEERING/airflow/py_env/lib/python3.10/site-packages/airflow/example_dags/example_trigger_controller_dag.py
[2023-01-14T21:02:31.281+0000] {logging_mixin.py:137} INFO - [2023-01-14T21:02:31.280+0000] {dag.py:2676} INFO - Sync 1 DAGs
[2023-01-14T21:02:31.342+0000] {logging_mixin.py:137} INFO - [2023-01-14T21:02:31.341+0000] {dag.py:3423} INFO - Setting next_dagrun for example_trigger_controller_dag to 2021-01-01T00:00:00+00:00, run_after=2021-01-01T00:00:00+00:00
[2023-01-14T21:02:31.416+0000] {processor.py:175} INFO - Processing /media/prempeh/Nouveau nom/MASTER2/DATA ENGINEERING/airflow/py_env/lib/python3.10/site-packages/airflow/example_dags/example_trigger_controller_dag.py took 0.383 seconds
[2023-01-14T21:03:20.989+0000] {processor.py:153} INFO - Started process (PID=7426) to work on /media/prempeh/Nouveau nom/MASTER2/DATA ENGINEERING/airflow/py_env/lib/python3.10/site-packages/airflow/example_dags/example_trigger_controller_dag.py
[2023-01-14T21:03:20.992+0000] {processor.py:743} INFO - Processing file /media/prempeh/Nouveau nom/MASTER2/DATA ENGINEERING/airflow/py_env/lib/python3.10/site-packages/airflow/example_dags/example_trigger_controller_dag.py for tasks to queue
[2023-01-14T21:03:20.997+0000] {logging_mixin.py:137} INFO - [2023-01-14T21:03:20.996+0000] {dagbag.py:538} INFO - Filling up the DagBag from /media/prempeh/Nouveau nom/MASTER2/DATA ENGINEERING/airflow/py_env/lib/python3.10/site-packages/airflow/example_dags/example_trigger_controller_dag.py
[2023-01-14T21:03:21.106+0000] {processor.py:753} INFO - DAG(s) dict_keys(['example_trigger_controller_dag']) retrieved from /media/prempeh/Nouveau nom/MASTER2/DATA ENGINEERING/airflow/py_env/lib/python3.10/site-packages/airflow/example_dags/example_trigger_controller_dag.py
[2023-01-14T21:03:21.230+0000] {logging_mixin.py:137} INFO - [2023-01-14T21:03:21.230+0000] {dag.py:2676} INFO - Sync 1 DAGs
[2023-01-14T21:03:21.310+0000] {logging_mixin.py:137} INFO - [2023-01-14T21:03:21.309+0000] {dag.py:3423} INFO - Setting next_dagrun for example_trigger_controller_dag to 2021-01-01T00:00:00+00:00, run_after=2021-01-01T00:00:00+00:00
[2023-01-14T21:03:21.382+0000] {processor.py:175} INFO - Processing /media/prempeh/Nouveau nom/MASTER2/DATA ENGINEERING/airflow/py_env/lib/python3.10/site-packages/airflow/example_dags/example_trigger_controller_dag.py took 0.402 seconds
[2023-01-14T21:04:26.870+0000] {processor.py:153} INFO - Started process (PID=7496) to work on /media/prempeh/Nouveau nom/MASTER2/DATA ENGINEERING/airflow/py_env/lib/python3.10/site-packages/airflow/example_dags/example_trigger_controller_dag.py
[2023-01-14T21:04:26.872+0000] {processor.py:743} INFO - Processing file /media/prempeh/Nouveau nom/MASTER2/DATA ENGINEERING/airflow/py_env/lib/python3.10/site-packages/airflow/example_dags/example_trigger_controller_dag.py for tasks to queue
[2023-01-14T21:04:26.877+0000] {logging_mixin.py:137} INFO - [2023-01-14T21:04:26.876+0000] {dagbag.py:538} INFO - Filling up the DagBag from /media/prempeh/Nouveau nom/MASTER2/DATA ENGINEERING/airflow/py_env/lib/python3.10/site-packages/airflow/example_dags/example_trigger_controller_dag.py
[2023-01-14T21:04:26.974+0000] {processor.py:753} INFO - DAG(s) dict_keys(['example_trigger_controller_dag']) retrieved from /media/prempeh/Nouveau nom/MASTER2/DATA ENGINEERING/airflow/py_env/lib/python3.10/site-packages/airflow/example_dags/example_trigger_controller_dag.py
[2023-01-14T21:04:27.092+0000] {logging_mixin.py:137} INFO - [2023-01-14T21:04:27.092+0000] {dag.py:2676} INFO - Sync 1 DAGs
[2023-01-14T21:04:27.154+0000] {logging_mixin.py:137} INFO - [2023-01-14T21:04:27.153+0000] {dag.py:3423} INFO - Setting next_dagrun for example_trigger_controller_dag to 2021-01-01T00:00:00+00:00, run_after=2021-01-01T00:00:00+00:00
[2023-01-14T21:04:27.221+0000] {processor.py:175} INFO - Processing /media/prempeh/Nouveau nom/MASTER2/DATA ENGINEERING/airflow/py_env/lib/python3.10/site-packages/airflow/example_dags/example_trigger_controller_dag.py took 0.360 seconds
[2023-01-14T21:05:25.015+0000] {processor.py:153} INFO - Started process (PID=7546) to work on /media/prempeh/Nouveau nom/MASTER2/DATA ENGINEERING/airflow/py_env/lib/python3.10/site-packages/airflow/example_dags/example_trigger_controller_dag.py
[2023-01-14T21:05:25.018+0000] {processor.py:743} INFO - Processing file /media/prempeh/Nouveau nom/MASTER2/DATA ENGINEERING/airflow/py_env/lib/python3.10/site-packages/airflow/example_dags/example_trigger_controller_dag.py for tasks to queue
[2023-01-14T21:05:25.023+0000] {logging_mixin.py:137} INFO - [2023-01-14T21:05:25.023+0000] {dagbag.py:538} INFO - Filling up the DagBag from /media/prempeh/Nouveau nom/MASTER2/DATA ENGINEERING/airflow/py_env/lib/python3.10/site-packages/airflow/example_dags/example_trigger_controller_dag.py
[2023-01-14T21:05:25.134+0000] {processor.py:753} INFO - DAG(s) dict_keys(['example_trigger_controller_dag']) retrieved from /media/prempeh/Nouveau nom/MASTER2/DATA ENGINEERING/airflow/py_env/lib/python3.10/site-packages/airflow/example_dags/example_trigger_controller_dag.py
[2023-01-14T21:05:25.252+0000] {logging_mixin.py:137} INFO - [2023-01-14T21:05:25.252+0000] {dag.py:2676} INFO - Sync 1 DAGs
[2023-01-14T21:05:25.314+0000] {logging_mixin.py:137} INFO - [2023-01-14T21:05:25.313+0000] {dag.py:3423} INFO - Setting next_dagrun for example_trigger_controller_dag to 2021-01-01T00:00:00+00:00, run_after=2021-01-01T00:00:00+00:00
[2023-01-14T21:05:25.389+0000] {processor.py:175} INFO - Processing /media/prempeh/Nouveau nom/MASTER2/DATA ENGINEERING/airflow/py_env/lib/python3.10/site-packages/airflow/example_dags/example_trigger_controller_dag.py took 0.387 seconds
[2023-01-14T21:06:31.325+0000] {processor.py:153} INFO - Started process (PID=7729) to work on /media/prempeh/Nouveau nom/MASTER2/DATA ENGINEERING/airflow/py_env/lib/python3.10/site-packages/airflow/example_dags/example_trigger_controller_dag.py
[2023-01-14T21:06:31.327+0000] {processor.py:743} INFO - Processing file /media/prempeh/Nouveau nom/MASTER2/DATA ENGINEERING/airflow/py_env/lib/python3.10/site-packages/airflow/example_dags/example_trigger_controller_dag.py for tasks to queue
[2023-01-14T21:06:31.332+0000] {logging_mixin.py:137} INFO - [2023-01-14T21:06:31.331+0000] {dagbag.py:538} INFO - Filling up the DagBag from /media/prempeh/Nouveau nom/MASTER2/DATA ENGINEERING/airflow/py_env/lib/python3.10/site-packages/airflow/example_dags/example_trigger_controller_dag.py
[2023-01-14T21:06:31.440+0000] {processor.py:753} INFO - DAG(s) dict_keys(['example_trigger_controller_dag']) retrieved from /media/prempeh/Nouveau nom/MASTER2/DATA ENGINEERING/airflow/py_env/lib/python3.10/site-packages/airflow/example_dags/example_trigger_controller_dag.py
[2023-01-14T21:06:31.573+0000] {logging_mixin.py:137} INFO - [2023-01-14T21:06:31.573+0000] {dag.py:2676} INFO - Sync 1 DAGs
[2023-01-14T21:06:31.660+0000] {logging_mixin.py:137} INFO - [2023-01-14T21:06:31.660+0000] {dag.py:3423} INFO - Setting next_dagrun for example_trigger_controller_dag to 2021-01-01T00:00:00+00:00, run_after=2021-01-01T00:00:00+00:00
[2023-01-14T21:06:31.749+0000] {processor.py:175} INFO - Processing /media/prempeh/Nouveau nom/MASTER2/DATA ENGINEERING/airflow/py_env/lib/python3.10/site-packages/airflow/example_dags/example_trigger_controller_dag.py took 0.432 seconds
[2023-01-14T21:08:05.039+0000] {processor.py:153} INFO - Started process (PID=8010) to work on /media/prempeh/Nouveau nom/MASTER2/DATA ENGINEERING/airflow/py_env/lib/python3.10/site-packages/airflow/example_dags/example_trigger_controller_dag.py
[2023-01-14T21:08:05.042+0000] {processor.py:743} INFO - Processing file /media/prempeh/Nouveau nom/MASTER2/DATA ENGINEERING/airflow/py_env/lib/python3.10/site-packages/airflow/example_dags/example_trigger_controller_dag.py for tasks to queue
[2023-01-14T21:08:05.047+0000] {logging_mixin.py:137} INFO - [2023-01-14T21:08:05.047+0000] {dagbag.py:538} INFO - Filling up the DagBag from /media/prempeh/Nouveau nom/MASTER2/DATA ENGINEERING/airflow/py_env/lib/python3.10/site-packages/airflow/example_dags/example_trigger_controller_dag.py
[2023-01-14T21:08:05.203+0000] {processor.py:753} INFO - DAG(s) dict_keys(['example_trigger_controller_dag']) retrieved from /media/prempeh/Nouveau nom/MASTER2/DATA ENGINEERING/airflow/py_env/lib/python3.10/site-packages/airflow/example_dags/example_trigger_controller_dag.py
[2023-01-14T21:08:05.389+0000] {logging_mixin.py:137} INFO - [2023-01-14T21:08:05.388+0000] {dag.py:2676} INFO - Sync 1 DAGs
[2023-01-14T21:08:05.488+0000] {logging_mixin.py:137} INFO - [2023-01-14T21:08:05.487+0000] {dag.py:3423} INFO - Setting next_dagrun for example_trigger_controller_dag to 2021-01-01T00:00:00+00:00, run_after=2021-01-01T00:00:00+00:00
[2023-01-14T21:08:05.601+0000] {processor.py:175} INFO - Processing /media/prempeh/Nouveau nom/MASTER2/DATA ENGINEERING/airflow/py_env/lib/python3.10/site-packages/airflow/example_dags/example_trigger_controller_dag.py took 0.574 seconds
[2023-01-14T21:09:06.721+0000] {processor.py:153} INFO - Started process (PID=8096) to work on /media/prempeh/Nouveau nom/MASTER2/DATA ENGINEERING/airflow/py_env/lib/python3.10/site-packages/airflow/example_dags/example_trigger_controller_dag.py
[2023-01-14T21:09:06.724+0000] {processor.py:743} INFO - Processing file /media/prempeh/Nouveau nom/MASTER2/DATA ENGINEERING/airflow/py_env/lib/python3.10/site-packages/airflow/example_dags/example_trigger_controller_dag.py for tasks to queue
[2023-01-14T21:09:06.728+0000] {logging_mixin.py:137} INFO - [2023-01-14T21:09:06.728+0000] {dagbag.py:538} INFO - Filling up the DagBag from /media/prempeh/Nouveau nom/MASTER2/DATA ENGINEERING/airflow/py_env/lib/python3.10/site-packages/airflow/example_dags/example_trigger_controller_dag.py
[2023-01-14T21:09:06.844+0000] {processor.py:753} INFO - DAG(s) dict_keys(['example_trigger_controller_dag']) retrieved from /media/prempeh/Nouveau nom/MASTER2/DATA ENGINEERING/airflow/py_env/lib/python3.10/site-packages/airflow/example_dags/example_trigger_controller_dag.py
[2023-01-14T21:09:06.972+0000] {logging_mixin.py:137} INFO - [2023-01-14T21:09:06.971+0000] {dag.py:2676} INFO - Sync 1 DAGs
[2023-01-14T21:09:07.030+0000] {logging_mixin.py:137} INFO - [2023-01-14T21:09:07.030+0000] {dag.py:3423} INFO - Setting next_dagrun for example_trigger_controller_dag to 2021-01-01T00:00:00+00:00, run_after=2021-01-01T00:00:00+00:00
[2023-01-14T21:09:07.091+0000] {processor.py:175} INFO - Processing /media/prempeh/Nouveau nom/MASTER2/DATA ENGINEERING/airflow/py_env/lib/python3.10/site-packages/airflow/example_dags/example_trigger_controller_dag.py took 0.380 seconds
[2023-01-14T21:10:07.454+0000] {processor.py:153} INFO - Started process (PID=8141) to work on /media/prempeh/Nouveau nom/MASTER2/DATA ENGINEERING/airflow/py_env/lib/python3.10/site-packages/airflow/example_dags/example_trigger_controller_dag.py
[2023-01-14T21:10:07.457+0000] {processor.py:743} INFO - Processing file /media/prempeh/Nouveau nom/MASTER2/DATA ENGINEERING/airflow/py_env/lib/python3.10/site-packages/airflow/example_dags/example_trigger_controller_dag.py for tasks to queue
[2023-01-14T21:10:07.462+0000] {logging_mixin.py:137} INFO - [2023-01-14T21:10:07.462+0000] {dagbag.py:538} INFO - Filling up the DagBag from /media/prempeh/Nouveau nom/MASTER2/DATA ENGINEERING/airflow/py_env/lib/python3.10/site-packages/airflow/example_dags/example_trigger_controller_dag.py
[2023-01-14T21:10:07.569+0000] {processor.py:753} INFO - DAG(s) dict_keys(['example_trigger_controller_dag']) retrieved from /media/prempeh/Nouveau nom/MASTER2/DATA ENGINEERING/airflow/py_env/lib/python3.10/site-packages/airflow/example_dags/example_trigger_controller_dag.py
[2023-01-14T21:10:07.680+0000] {logging_mixin.py:137} INFO - [2023-01-14T21:10:07.679+0000] {dag.py:2676} INFO - Sync 1 DAGs
[2023-01-14T21:10:07.743+0000] {logging_mixin.py:137} INFO - [2023-01-14T21:10:07.742+0000] {dag.py:3423} INFO - Setting next_dagrun for example_trigger_controller_dag to 2021-01-01T00:00:00+00:00, run_after=2021-01-01T00:00:00+00:00
[2023-01-14T21:10:07.821+0000] {processor.py:175} INFO - Processing /media/prempeh/Nouveau nom/MASTER2/DATA ENGINEERING/airflow/py_env/lib/python3.10/site-packages/airflow/example_dags/example_trigger_controller_dag.py took 0.377 seconds
[2023-01-14T21:11:07.642+0000] {processor.py:153} INFO - Started process (PID=8191) to work on /media/prempeh/Nouveau nom/MASTER2/DATA ENGINEERING/airflow/py_env/lib/python3.10/site-packages/airflow/example_dags/example_trigger_controller_dag.py
[2023-01-14T21:11:07.647+0000] {processor.py:743} INFO - Processing file /media/prempeh/Nouveau nom/MASTER2/DATA ENGINEERING/airflow/py_env/lib/python3.10/site-packages/airflow/example_dags/example_trigger_controller_dag.py for tasks to queue
[2023-01-14T21:11:07.658+0000] {logging_mixin.py:137} INFO - [2023-01-14T21:11:07.657+0000] {dagbag.py:538} INFO - Filling up the DagBag from /media/prempeh/Nouveau nom/MASTER2/DATA ENGINEERING/airflow/py_env/lib/python3.10/site-packages/airflow/example_dags/example_trigger_controller_dag.py
[2023-01-14T21:11:07.806+0000] {processor.py:753} INFO - DAG(s) dict_keys(['example_trigger_controller_dag']) retrieved from /media/prempeh/Nouveau nom/MASTER2/DATA ENGINEERING/airflow/py_env/lib/python3.10/site-packages/airflow/example_dags/example_trigger_controller_dag.py
[2023-01-14T21:11:07.980+0000] {logging_mixin.py:137} INFO - [2023-01-14T21:11:07.979+0000] {dag.py:2676} INFO - Sync 1 DAGs
[2023-01-14T21:11:08.094+0000] {logging_mixin.py:137} INFO - [2023-01-14T21:11:08.093+0000] {dag.py:3423} INFO - Setting next_dagrun for example_trigger_controller_dag to 2021-01-01T00:00:00+00:00, run_after=2021-01-01T00:00:00+00:00
[2023-01-14T21:11:08.209+0000] {processor.py:175} INFO - Processing /media/prempeh/Nouveau nom/MASTER2/DATA ENGINEERING/airflow/py_env/lib/python3.10/site-packages/airflow/example_dags/example_trigger_controller_dag.py took 0.584 seconds
[2023-01-14T21:11:52.603+0000] {processor.py:153} INFO - Started process (PID=8223) to work on /media/prempeh/Nouveau nom/MASTER2/DATA ENGINEERING/airflow/py_env/lib/python3.10/site-packages/airflow/example_dags/example_trigger_controller_dag.py
[2023-01-14T21:11:52.606+0000] {processor.py:743} INFO - Processing file /media/prempeh/Nouveau nom/MASTER2/DATA ENGINEERING/airflow/py_env/lib/python3.10/site-packages/airflow/example_dags/example_trigger_controller_dag.py for tasks to queue
[2023-01-14T21:11:52.610+0000] {logging_mixin.py:137} INFO - [2023-01-14T21:11:52.610+0000] {dagbag.py:538} INFO - Filling up the DagBag from /media/prempeh/Nouveau nom/MASTER2/DATA ENGINEERING/airflow/py_env/lib/python3.10/site-packages/airflow/example_dags/example_trigger_controller_dag.py
[2023-01-14T21:11:52.707+0000] {processor.py:753} INFO - DAG(s) dict_keys(['example_trigger_controller_dag']) retrieved from /media/prempeh/Nouveau nom/MASTER2/DATA ENGINEERING/airflow/py_env/lib/python3.10/site-packages/airflow/example_dags/example_trigger_controller_dag.py
[2023-01-14T21:11:52.823+0000] {logging_mixin.py:137} INFO - [2023-01-14T21:11:52.823+0000] {dag.py:2676} INFO - Sync 1 DAGs
[2023-01-14T21:11:52.886+0000] {logging_mixin.py:137} INFO - [2023-01-14T21:11:52.886+0000] {dag.py:3423} INFO - Setting next_dagrun for example_trigger_controller_dag to 2021-01-01T00:00:00+00:00, run_after=2021-01-01T00:00:00+00:00
[2023-01-14T21:11:52.954+0000] {processor.py:175} INFO - Processing /media/prempeh/Nouveau nom/MASTER2/DATA ENGINEERING/airflow/py_env/lib/python3.10/site-packages/airflow/example_dags/example_trigger_controller_dag.py took 0.359 seconds
[2023-01-14T21:12:58.846+0000] {processor.py:153} INFO - Started process (PID=8268) to work on /media/prempeh/Nouveau nom/MASTER2/DATA ENGINEERING/airflow/py_env/lib/python3.10/site-packages/airflow/example_dags/example_trigger_controller_dag.py
[2023-01-14T21:12:58.849+0000] {processor.py:743} INFO - Processing file /media/prempeh/Nouveau nom/MASTER2/DATA ENGINEERING/airflow/py_env/lib/python3.10/site-packages/airflow/example_dags/example_trigger_controller_dag.py for tasks to queue
[2023-01-14T21:12:58.854+0000] {logging_mixin.py:137} INFO - [2023-01-14T21:12:58.853+0000] {dagbag.py:538} INFO - Filling up the DagBag from /media/prempeh/Nouveau nom/MASTER2/DATA ENGINEERING/airflow/py_env/lib/python3.10/site-packages/airflow/example_dags/example_trigger_controller_dag.py
[2023-01-14T21:12:58.975+0000] {processor.py:753} INFO - DAG(s) dict_keys(['example_trigger_controller_dag']) retrieved from /media/prempeh/Nouveau nom/MASTER2/DATA ENGINEERING/airflow/py_env/lib/python3.10/site-packages/airflow/example_dags/example_trigger_controller_dag.py
[2023-01-14T21:12:59.096+0000] {logging_mixin.py:137} INFO - [2023-01-14T21:12:59.095+0000] {dag.py:2676} INFO - Sync 1 DAGs
[2023-01-14T21:12:59.161+0000] {logging_mixin.py:137} INFO - [2023-01-14T21:12:59.160+0000] {dag.py:3423} INFO - Setting next_dagrun for example_trigger_controller_dag to 2021-01-01T00:00:00+00:00, run_after=2021-01-01T00:00:00+00:00
[2023-01-14T21:12:59.228+0000] {processor.py:175} INFO - Processing /media/prempeh/Nouveau nom/MASTER2/DATA ENGINEERING/airflow/py_env/lib/python3.10/site-packages/airflow/example_dags/example_trigger_controller_dag.py took 0.392 seconds
[2023-01-14T21:14:14.309+0000] {processor.py:153} INFO - Started process (PID=8322) to work on /media/prempeh/Nouveau nom/MASTER2/DATA ENGINEERING/airflow/py_env/lib/python3.10/site-packages/airflow/example_dags/example_trigger_controller_dag.py
[2023-01-14T21:14:14.312+0000] {processor.py:743} INFO - Processing file /media/prempeh/Nouveau nom/MASTER2/DATA ENGINEERING/airflow/py_env/lib/python3.10/site-packages/airflow/example_dags/example_trigger_controller_dag.py for tasks to queue
[2023-01-14T21:14:14.317+0000] {logging_mixin.py:137} INFO - [2023-01-14T21:14:14.316+0000] {dagbag.py:538} INFO - Filling up the DagBag from /media/prempeh/Nouveau nom/MASTER2/DATA ENGINEERING/airflow/py_env/lib/python3.10/site-packages/airflow/example_dags/example_trigger_controller_dag.py
[2023-01-14T21:14:14.444+0000] {processor.py:753} INFO - DAG(s) dict_keys(['example_trigger_controller_dag']) retrieved from /media/prempeh/Nouveau nom/MASTER2/DATA ENGINEERING/airflow/py_env/lib/python3.10/site-packages/airflow/example_dags/example_trigger_controller_dag.py
[2023-01-14T21:14:14.581+0000] {logging_mixin.py:137} INFO - [2023-01-14T21:14:14.581+0000] {dag.py:2676} INFO - Sync 1 DAGs
[2023-01-14T21:14:14.657+0000] {logging_mixin.py:137} INFO - [2023-01-14T21:14:14.656+0000] {dag.py:3423} INFO - Setting next_dagrun for example_trigger_controller_dag to 2021-01-01T00:00:00+00:00, run_after=2021-01-01T00:00:00+00:00
[2023-01-14T21:14:14.737+0000] {processor.py:175} INFO - Processing /media/prempeh/Nouveau nom/MASTER2/DATA ENGINEERING/airflow/py_env/lib/python3.10/site-packages/airflow/example_dags/example_trigger_controller_dag.py took 0.437 seconds
[2023-01-14T21:15:25.213+0000] {processor.py:153} INFO - Started process (PID=8684) to work on /media/prempeh/Nouveau nom/MASTER2/DATA ENGINEERING/airflow/py_env/lib/python3.10/site-packages/airflow/example_dags/example_trigger_controller_dag.py
[2023-01-14T21:15:25.216+0000] {processor.py:743} INFO - Processing file /media/prempeh/Nouveau nom/MASTER2/DATA ENGINEERING/airflow/py_env/lib/python3.10/site-packages/airflow/example_dags/example_trigger_controller_dag.py for tasks to queue
[2023-01-14T21:15:25.220+0000] {logging_mixin.py:137} INFO - [2023-01-14T21:15:25.219+0000] {dagbag.py:538} INFO - Filling up the DagBag from /media/prempeh/Nouveau nom/MASTER2/DATA ENGINEERING/airflow/py_env/lib/python3.10/site-packages/airflow/example_dags/example_trigger_controller_dag.py
[2023-01-14T21:15:25.351+0000] {processor.py:753} INFO - DAG(s) dict_keys(['example_trigger_controller_dag']) retrieved from /media/prempeh/Nouveau nom/MASTER2/DATA ENGINEERING/airflow/py_env/lib/python3.10/site-packages/airflow/example_dags/example_trigger_controller_dag.py
[2023-01-14T21:15:25.515+0000] {logging_mixin.py:137} INFO - [2023-01-14T21:15:25.514+0000] {dag.py:2676} INFO - Sync 1 DAGs
[2023-01-14T21:15:25.591+0000] {logging_mixin.py:137} INFO - [2023-01-14T21:15:25.591+0000] {dag.py:3423} INFO - Setting next_dagrun for example_trigger_controller_dag to 2021-01-01T00:00:00+00:00, run_after=2021-01-01T00:00:00+00:00
[2023-01-14T21:15:25.676+0000] {processor.py:175} INFO - Processing /media/prempeh/Nouveau nom/MASTER2/DATA ENGINEERING/airflow/py_env/lib/python3.10/site-packages/airflow/example_dags/example_trigger_controller_dag.py took 0.472 seconds
[2023-01-14T21:16:36.076+0000] {processor.py:153} INFO - Started process (PID=9051) to work on /media/prempeh/Nouveau nom/MASTER2/DATA ENGINEERING/airflow/py_env/lib/python3.10/site-packages/airflow/example_dags/example_trigger_controller_dag.py
[2023-01-14T21:16:36.079+0000] {processor.py:743} INFO - Processing file /media/prempeh/Nouveau nom/MASTER2/DATA ENGINEERING/airflow/py_env/lib/python3.10/site-packages/airflow/example_dags/example_trigger_controller_dag.py for tasks to queue
[2023-01-14T21:16:36.083+0000] {logging_mixin.py:137} INFO - [2023-01-14T21:16:36.083+0000] {dagbag.py:538} INFO - Filling up the DagBag from /media/prempeh/Nouveau nom/MASTER2/DATA ENGINEERING/airflow/py_env/lib/python3.10/site-packages/airflow/example_dags/example_trigger_controller_dag.py
[2023-01-14T21:16:36.221+0000] {processor.py:753} INFO - DAG(s) dict_keys(['example_trigger_controller_dag']) retrieved from /media/prempeh/Nouveau nom/MASTER2/DATA ENGINEERING/airflow/py_env/lib/python3.10/site-packages/airflow/example_dags/example_trigger_controller_dag.py
[2023-01-14T21:16:36.351+0000] {logging_mixin.py:137} INFO - [2023-01-14T21:16:36.350+0000] {dag.py:2676} INFO - Sync 1 DAGs
[2023-01-14T21:16:36.418+0000] {logging_mixin.py:137} INFO - [2023-01-14T21:16:36.418+0000] {dag.py:3423} INFO - Setting next_dagrun for example_trigger_controller_dag to 2021-01-01T00:00:00+00:00, run_after=2021-01-01T00:00:00+00:00
[2023-01-14T21:16:36.492+0000] {processor.py:175} INFO - Processing /media/prempeh/Nouveau nom/MASTER2/DATA ENGINEERING/airflow/py_env/lib/python3.10/site-packages/airflow/example_dags/example_trigger_controller_dag.py took 0.425 seconds
[2023-01-14T21:17:49.211+0000] {processor.py:153} INFO - Started process (PID=9206) to work on /media/prempeh/Nouveau nom/MASTER2/DATA ENGINEERING/airflow/py_env/lib/python3.10/site-packages/airflow/example_dags/example_trigger_controller_dag.py
[2023-01-14T21:17:49.213+0000] {processor.py:743} INFO - Processing file /media/prempeh/Nouveau nom/MASTER2/DATA ENGINEERING/airflow/py_env/lib/python3.10/site-packages/airflow/example_dags/example_trigger_controller_dag.py for tasks to queue
[2023-01-14T21:17:49.220+0000] {logging_mixin.py:137} INFO - [2023-01-14T21:17:49.219+0000] {dagbag.py:538} INFO - Filling up the DagBag from /media/prempeh/Nouveau nom/MASTER2/DATA ENGINEERING/airflow/py_env/lib/python3.10/site-packages/airflow/example_dags/example_trigger_controller_dag.py
[2023-01-14T21:17:49.352+0000] {processor.py:753} INFO - DAG(s) dict_keys(['example_trigger_controller_dag']) retrieved from /media/prempeh/Nouveau nom/MASTER2/DATA ENGINEERING/airflow/py_env/lib/python3.10/site-packages/airflow/example_dags/example_trigger_controller_dag.py
[2023-01-14T21:17:49.462+0000] {logging_mixin.py:137} INFO - [2023-01-14T21:17:49.461+0000] {dag.py:2676} INFO - Sync 1 DAGs
[2023-01-14T21:17:49.514+0000] {logging_mixin.py:137} INFO - [2023-01-14T21:17:49.513+0000] {dag.py:3423} INFO - Setting next_dagrun for example_trigger_controller_dag to 2021-01-01T00:00:00+00:00, run_after=2021-01-01T00:00:00+00:00
[2023-01-14T21:17:49.572+0000] {processor.py:175} INFO - Processing /media/prempeh/Nouveau nom/MASTER2/DATA ENGINEERING/airflow/py_env/lib/python3.10/site-packages/airflow/example_dags/example_trigger_controller_dag.py took 0.373 seconds
[2023-01-14T21:19:01.907+0000] {processor.py:153} INFO - Started process (PID=9425) to work on /media/prempeh/Nouveau nom/MASTER2/DATA ENGINEERING/airflow/py_env/lib/python3.10/site-packages/airflow/example_dags/example_trigger_controller_dag.py
[2023-01-14T21:19:01.910+0000] {processor.py:743} INFO - Processing file /media/prempeh/Nouveau nom/MASTER2/DATA ENGINEERING/airflow/py_env/lib/python3.10/site-packages/airflow/example_dags/example_trigger_controller_dag.py for tasks to queue
[2023-01-14T21:19:01.914+0000] {logging_mixin.py:137} INFO - [2023-01-14T21:19:01.914+0000] {dagbag.py:538} INFO - Filling up the DagBag from /media/prempeh/Nouveau nom/MASTER2/DATA ENGINEERING/airflow/py_env/lib/python3.10/site-packages/airflow/example_dags/example_trigger_controller_dag.py
[2023-01-14T21:19:02.042+0000] {processor.py:753} INFO - DAG(s) dict_keys(['example_trigger_controller_dag']) retrieved from /media/prempeh/Nouveau nom/MASTER2/DATA ENGINEERING/airflow/py_env/lib/python3.10/site-packages/airflow/example_dags/example_trigger_controller_dag.py
[2023-01-14T21:19:02.208+0000] {logging_mixin.py:137} INFO - [2023-01-14T21:19:02.207+0000] {dag.py:2676} INFO - Sync 1 DAGs
[2023-01-14T21:19:02.307+0000] {logging_mixin.py:137} INFO - [2023-01-14T21:19:02.306+0000] {dag.py:3423} INFO - Setting next_dagrun for example_trigger_controller_dag to 2021-01-01T00:00:00+00:00, run_after=2021-01-01T00:00:00+00:00
[2023-01-14T21:19:02.405+0000] {processor.py:175} INFO - Processing /media/prempeh/Nouveau nom/MASTER2/DATA ENGINEERING/airflow/py_env/lib/python3.10/site-packages/airflow/example_dags/example_trigger_controller_dag.py took 0.506 seconds
[2023-01-14T21:20:13.986+0000] {processor.py:153} INFO - Started process (PID=9722) to work on /media/prempeh/Nouveau nom/MASTER2/DATA ENGINEERING/airflow/py_env/lib/python3.10/site-packages/airflow/example_dags/example_trigger_controller_dag.py
[2023-01-14T21:20:13.999+0000] {processor.py:743} INFO - Processing file /media/prempeh/Nouveau nom/MASTER2/DATA ENGINEERING/airflow/py_env/lib/python3.10/site-packages/airflow/example_dags/example_trigger_controller_dag.py for tasks to queue
[2023-01-14T21:20:14.010+0000] {logging_mixin.py:137} INFO - [2023-01-14T21:20:14.009+0000] {dagbag.py:538} INFO - Filling up the DagBag from /media/prempeh/Nouveau nom/MASTER2/DATA ENGINEERING/airflow/py_env/lib/python3.10/site-packages/airflow/example_dags/example_trigger_controller_dag.py
[2023-01-14T21:20:14.312+0000] {processor.py:753} INFO - DAG(s) dict_keys(['example_trigger_controller_dag']) retrieved from /media/prempeh/Nouveau nom/MASTER2/DATA ENGINEERING/airflow/py_env/lib/python3.10/site-packages/airflow/example_dags/example_trigger_controller_dag.py
[2023-01-14T21:20:14.623+0000] {logging_mixin.py:137} INFO - [2023-01-14T21:20:14.623+0000] {dag.py:2676} INFO - Sync 1 DAGs
[2023-01-14T21:20:14.770+0000] {logging_mixin.py:137} INFO - [2023-01-14T21:20:14.770+0000] {dag.py:3423} INFO - Setting next_dagrun for example_trigger_controller_dag to 2021-01-01T00:00:00+00:00, run_after=2021-01-01T00:00:00+00:00
[2023-01-14T21:20:14.937+0000] {processor.py:175} INFO - Processing /media/prempeh/Nouveau nom/MASTER2/DATA ENGINEERING/airflow/py_env/lib/python3.10/site-packages/airflow/example_dags/example_trigger_controller_dag.py took 0.977 seconds
[2023-01-14T21:21:23.366+0000] {processor.py:153} INFO - Started process (PID=9832) to work on /media/prempeh/Nouveau nom/MASTER2/DATA ENGINEERING/airflow/py_env/lib/python3.10/site-packages/airflow/example_dags/example_trigger_controller_dag.py
[2023-01-14T21:21:23.369+0000] {processor.py:743} INFO - Processing file /media/prempeh/Nouveau nom/MASTER2/DATA ENGINEERING/airflow/py_env/lib/python3.10/site-packages/airflow/example_dags/example_trigger_controller_dag.py for tasks to queue
[2023-01-14T21:21:23.375+0000] {logging_mixin.py:137} INFO - [2023-01-14T21:21:23.375+0000] {dagbag.py:538} INFO - Filling up the DagBag from /media/prempeh/Nouveau nom/MASTER2/DATA ENGINEERING/airflow/py_env/lib/python3.10/site-packages/airflow/example_dags/example_trigger_controller_dag.py
[2023-01-14T21:21:23.502+0000] {processor.py:753} INFO - DAG(s) dict_keys(['example_trigger_controller_dag']) retrieved from /media/prempeh/Nouveau nom/MASTER2/DATA ENGINEERING/airflow/py_env/lib/python3.10/site-packages/airflow/example_dags/example_trigger_controller_dag.py
[2023-01-14T21:21:23.628+0000] {logging_mixin.py:137} INFO - [2023-01-14T21:21:23.627+0000] {dag.py:2676} INFO - Sync 1 DAGs
[2023-01-14T21:21:23.699+0000] {logging_mixin.py:137} INFO - [2023-01-14T21:21:23.699+0000] {dag.py:3423} INFO - Setting next_dagrun for example_trigger_controller_dag to 2021-01-01T00:00:00+00:00, run_after=2021-01-01T00:00:00+00:00
[2023-01-14T21:21:23.773+0000] {processor.py:175} INFO - Processing /media/prempeh/Nouveau nom/MASTER2/DATA ENGINEERING/airflow/py_env/lib/python3.10/site-packages/airflow/example_dags/example_trigger_controller_dag.py took 0.420 seconds
[2023-01-14T21:22:37.642+0000] {processor.py:153} INFO - Started process (PID=10130) to work on /media/prempeh/Nouveau nom/MASTER2/DATA ENGINEERING/airflow/py_env/lib/python3.10/site-packages/airflow/example_dags/example_trigger_controller_dag.py
[2023-01-14T21:22:37.645+0000] {processor.py:743} INFO - Processing file /media/prempeh/Nouveau nom/MASTER2/DATA ENGINEERING/airflow/py_env/lib/python3.10/site-packages/airflow/example_dags/example_trigger_controller_dag.py for tasks to queue
[2023-01-14T21:22:37.653+0000] {logging_mixin.py:137} INFO - [2023-01-14T21:22:37.652+0000] {dagbag.py:538} INFO - Filling up the DagBag from /media/prempeh/Nouveau nom/MASTER2/DATA ENGINEERING/airflow/py_env/lib/python3.10/site-packages/airflow/example_dags/example_trigger_controller_dag.py
[2023-01-14T21:22:37.787+0000] {processor.py:753} INFO - DAG(s) dict_keys(['example_trigger_controller_dag']) retrieved from /media/prempeh/Nouveau nom/MASTER2/DATA ENGINEERING/airflow/py_env/lib/python3.10/site-packages/airflow/example_dags/example_trigger_controller_dag.py
[2023-01-14T21:22:37.910+0000] {logging_mixin.py:137} INFO - [2023-01-14T21:22:37.909+0000] {dag.py:2676} INFO - Sync 1 DAGs
[2023-01-14T21:22:37.981+0000] {logging_mixin.py:137} INFO - [2023-01-14T21:22:37.981+0000] {dag.py:3423} INFO - Setting next_dagrun for example_trigger_controller_dag to 2021-01-01T00:00:00+00:00, run_after=2021-01-01T00:00:00+00:00
[2023-01-14T21:22:38.061+0000] {processor.py:175} INFO - Processing /media/prempeh/Nouveau nom/MASTER2/DATA ENGINEERING/airflow/py_env/lib/python3.10/site-packages/airflow/example_dags/example_trigger_controller_dag.py took 0.430 seconds
[2023-01-14T21:23:50.081+0000] {processor.py:153} INFO - Started process (PID=10361) to work on /media/prempeh/Nouveau nom/MASTER2/DATA ENGINEERING/airflow/py_env/lib/python3.10/site-packages/airflow/example_dags/example_trigger_controller_dag.py
[2023-01-14T21:23:50.083+0000] {processor.py:743} INFO - Processing file /media/prempeh/Nouveau nom/MASTER2/DATA ENGINEERING/airflow/py_env/lib/python3.10/site-packages/airflow/example_dags/example_trigger_controller_dag.py for tasks to queue
[2023-01-14T21:23:50.090+0000] {logging_mixin.py:137} INFO - [2023-01-14T21:23:50.090+0000] {dagbag.py:538} INFO - Filling up the DagBag from /media/prempeh/Nouveau nom/MASTER2/DATA ENGINEERING/airflow/py_env/lib/python3.10/site-packages/airflow/example_dags/example_trigger_controller_dag.py
[2023-01-14T21:23:50.277+0000] {processor.py:753} INFO - DAG(s) dict_keys(['example_trigger_controller_dag']) retrieved from /media/prempeh/Nouveau nom/MASTER2/DATA ENGINEERING/airflow/py_env/lib/python3.10/site-packages/airflow/example_dags/example_trigger_controller_dag.py
[2023-01-14T21:23:50.429+0000] {logging_mixin.py:137} INFO - [2023-01-14T21:23:50.428+0000] {dag.py:2676} INFO - Sync 1 DAGs
[2023-01-14T21:23:50.497+0000] {logging_mixin.py:137} INFO - [2023-01-14T21:23:50.496+0000] {dag.py:3423} INFO - Setting next_dagrun for example_trigger_controller_dag to 2021-01-01T00:00:00+00:00, run_after=2021-01-01T00:00:00+00:00
[2023-01-14T21:23:50.576+0000] {processor.py:175} INFO - Processing /media/prempeh/Nouveau nom/MASTER2/DATA ENGINEERING/airflow/py_env/lib/python3.10/site-packages/airflow/example_dags/example_trigger_controller_dag.py took 0.505 seconds
[2023-01-14T21:24:52.452+0000] {processor.py:153} INFO - Started process (PID=10441) to work on /media/prempeh/Nouveau nom/MASTER2/DATA ENGINEERING/airflow/py_env/lib/python3.10/site-packages/airflow/example_dags/example_trigger_controller_dag.py
[2023-01-14T21:24:52.457+0000] {processor.py:743} INFO - Processing file /media/prempeh/Nouveau nom/MASTER2/DATA ENGINEERING/airflow/py_env/lib/python3.10/site-packages/airflow/example_dags/example_trigger_controller_dag.py for tasks to queue
[2023-01-14T21:24:52.463+0000] {logging_mixin.py:137} INFO - [2023-01-14T21:24:52.462+0000] {dagbag.py:538} INFO - Filling up the DagBag from /media/prempeh/Nouveau nom/MASTER2/DATA ENGINEERING/airflow/py_env/lib/python3.10/site-packages/airflow/example_dags/example_trigger_controller_dag.py
[2023-01-14T21:24:52.614+0000] {processor.py:753} INFO - DAG(s) dict_keys(['example_trigger_controller_dag']) retrieved from /media/prempeh/Nouveau nom/MASTER2/DATA ENGINEERING/airflow/py_env/lib/python3.10/site-packages/airflow/example_dags/example_trigger_controller_dag.py
[2023-01-14T21:24:52.750+0000] {logging_mixin.py:137} INFO - [2023-01-14T21:24:52.750+0000] {dag.py:2676} INFO - Sync 1 DAGs
[2023-01-14T21:24:52.820+0000] {logging_mixin.py:137} INFO - [2023-01-14T21:24:52.819+0000] {dag.py:3423} INFO - Setting next_dagrun for example_trigger_controller_dag to 2021-01-01T00:00:00+00:00, run_after=2021-01-01T00:00:00+00:00
[2023-01-14T21:24:52.891+0000] {processor.py:175} INFO - Processing /media/prempeh/Nouveau nom/MASTER2/DATA ENGINEERING/airflow/py_env/lib/python3.10/site-packages/airflow/example_dags/example_trigger_controller_dag.py took 0.449 seconds
[2023-01-14T21:26:08.771+0000] {processor.py:153} INFO - Started process (PID=10569) to work on /media/prempeh/Nouveau nom/MASTER2/DATA ENGINEERING/airflow/py_env/lib/python3.10/site-packages/airflow/example_dags/example_trigger_controller_dag.py
[2023-01-14T21:26:08.773+0000] {processor.py:743} INFO - Processing file /media/prempeh/Nouveau nom/MASTER2/DATA ENGINEERING/airflow/py_env/lib/python3.10/site-packages/airflow/example_dags/example_trigger_controller_dag.py for tasks to queue
[2023-01-14T21:26:08.778+0000] {logging_mixin.py:137} INFO - [2023-01-14T21:26:08.778+0000] {dagbag.py:538} INFO - Filling up the DagBag from /media/prempeh/Nouveau nom/MASTER2/DATA ENGINEERING/airflow/py_env/lib/python3.10/site-packages/airflow/example_dags/example_trigger_controller_dag.py
[2023-01-14T21:26:08.895+0000] {processor.py:753} INFO - DAG(s) dict_keys(['example_trigger_controller_dag']) retrieved from /media/prempeh/Nouveau nom/MASTER2/DATA ENGINEERING/airflow/py_env/lib/python3.10/site-packages/airflow/example_dags/example_trigger_controller_dag.py
[2023-01-14T21:26:09.029+0000] {logging_mixin.py:137} INFO - [2023-01-14T21:26:09.028+0000] {dag.py:2676} INFO - Sync 1 DAGs
[2023-01-14T21:26:09.098+0000] {logging_mixin.py:137} INFO - [2023-01-14T21:26:09.097+0000] {dag.py:3423} INFO - Setting next_dagrun for example_trigger_controller_dag to 2021-01-01T00:00:00+00:00, run_after=2021-01-01T00:00:00+00:00
[2023-01-14T21:26:09.175+0000] {processor.py:175} INFO - Processing /media/prempeh/Nouveau nom/MASTER2/DATA ENGINEERING/airflow/py_env/lib/python3.10/site-packages/airflow/example_dags/example_trigger_controller_dag.py took 0.413 seconds
[2023-01-14T21:27:18.260+0000] {processor.py:153} INFO - Started process (PID=10813) to work on /media/prempeh/Nouveau nom/MASTER2/DATA ENGINEERING/airflow/py_env/lib/python3.10/site-packages/airflow/example_dags/example_trigger_controller_dag.py
[2023-01-14T21:27:18.263+0000] {processor.py:743} INFO - Processing file /media/prempeh/Nouveau nom/MASTER2/DATA ENGINEERING/airflow/py_env/lib/python3.10/site-packages/airflow/example_dags/example_trigger_controller_dag.py for tasks to queue
[2023-01-14T21:27:18.267+0000] {logging_mixin.py:137} INFO - [2023-01-14T21:27:18.267+0000] {dagbag.py:538} INFO - Filling up the DagBag from /media/prempeh/Nouveau nom/MASTER2/DATA ENGINEERING/airflow/py_env/lib/python3.10/site-packages/airflow/example_dags/example_trigger_controller_dag.py
[2023-01-14T21:27:18.373+0000] {processor.py:753} INFO - DAG(s) dict_keys(['example_trigger_controller_dag']) retrieved from /media/prempeh/Nouveau nom/MASTER2/DATA ENGINEERING/airflow/py_env/lib/python3.10/site-packages/airflow/example_dags/example_trigger_controller_dag.py
[2023-01-14T21:27:18.499+0000] {logging_mixin.py:137} INFO - [2023-01-14T21:27:18.499+0000] {dag.py:2676} INFO - Sync 1 DAGs
[2023-01-14T21:27:18.565+0000] {logging_mixin.py:137} INFO - [2023-01-14T21:27:18.565+0000] {dag.py:3423} INFO - Setting next_dagrun for example_trigger_controller_dag to 2021-01-01T00:00:00+00:00, run_after=2021-01-01T00:00:00+00:00
[2023-01-14T21:27:18.643+0000] {processor.py:175} INFO - Processing /media/prempeh/Nouveau nom/MASTER2/DATA ENGINEERING/airflow/py_env/lib/python3.10/site-packages/airflow/example_dags/example_trigger_controller_dag.py took 0.391 seconds
