[2023-01-14T20:53:10.107+0000] {processor.py:153} INFO - Started process (PID=6419) to work on /media/prempeh/Nouveau nom/MASTER2/DATA ENGINEERING/airflow/py_env/lib/python3.10/site-packages/airflow/example_dags/example_sensor_decorator.py
[2023-01-14T20:53:10.110+0000] {processor.py:743} INFO - Processing file /media/prempeh/Nouveau nom/MASTER2/DATA ENGINEERING/airflow/py_env/lib/python3.10/site-packages/airflow/example_dags/example_sensor_decorator.py for tasks to queue
[2023-01-14T20:53:10.115+0000] {logging_mixin.py:137} INFO - [2023-01-14T20:53:10.115+0000] {dagbag.py:538} INFO - Filling up the DagBag from /media/prempeh/Nouveau nom/MASTER2/DATA ENGINEERING/airflow/py_env/lib/python3.10/site-packages/airflow/example_dags/example_sensor_decorator.py
[2023-01-14T20:53:10.262+0000] {logging_mixin.py:137} WARNING - /media/prempeh/Nouveau nom/MASTER2/DATA ENGINEERING/airflow/py_env/lib/python3.10/site-packages/airflow/models/dag.py:3492 RemovedInAirflow3Warning: Param `schedule_interval` is deprecated and will be removed in a future release. Please use `schedule` instead.
[2023-01-14T20:53:10.333+0000] {processor.py:753} INFO - DAG(s) dict_keys(['example_sensor_decorator']) retrieved from /media/prempeh/Nouveau nom/MASTER2/DATA ENGINEERING/airflow/py_env/lib/python3.10/site-packages/airflow/example_dags/example_sensor_decorator.py
[2023-01-14T20:53:11.010+0000] {logging_mixin.py:137} INFO - [2023-01-14T20:53:11.010+0000] {manager.py:504} INFO - Created Permission View: can edit on DAG:example_sensor_decorator
[2023-01-14T20:53:11.051+0000] {logging_mixin.py:137} INFO - [2023-01-14T20:53:11.050+0000] {manager.py:504} INFO - Created Permission View: can delete on DAG:example_sensor_decorator
[2023-01-14T20:53:11.081+0000] {logging_mixin.py:137} INFO - [2023-01-14T20:53:11.080+0000] {manager.py:504} INFO - Created Permission View: can read on DAG:example_sensor_decorator
[2023-01-14T20:53:11.083+0000] {logging_mixin.py:137} INFO - [2023-01-14T20:53:11.082+0000] {dag.py:2676} INFO - Sync 1 DAGs
[2023-01-14T20:53:11.128+0000] {logging_mixin.py:137} INFO - [2023-01-14T20:53:11.127+0000] {dag.py:2697} INFO - Creating ORM DAG for example_sensor_decorator
[2023-01-14T20:53:11.169+0000] {logging_mixin.py:137} INFO - [2023-01-14T20:53:11.168+0000] {dag.py:3423} INFO - Setting next_dagrun for example_sensor_decorator to None, run_after=None
[2023-01-14T20:53:11.257+0000] {processor.py:175} INFO - Processing /media/prempeh/Nouveau nom/MASTER2/DATA ENGINEERING/airflow/py_env/lib/python3.10/site-packages/airflow/example_dags/example_sensor_decorator.py took 1.158 seconds
[2023-01-14T20:54:21.300+0000] {processor.py:153} INFO - Started process (PID=6722) to work on /media/prempeh/Nouveau nom/MASTER2/DATA ENGINEERING/airflow/py_env/lib/python3.10/site-packages/airflow/example_dags/example_sensor_decorator.py
[2023-01-14T20:54:21.303+0000] {processor.py:743} INFO - Processing file /media/prempeh/Nouveau nom/MASTER2/DATA ENGINEERING/airflow/py_env/lib/python3.10/site-packages/airflow/example_dags/example_sensor_decorator.py for tasks to queue
[2023-01-14T20:54:21.307+0000] {logging_mixin.py:137} INFO - [2023-01-14T20:54:21.306+0000] {dagbag.py:538} INFO - Filling up the DagBag from /media/prempeh/Nouveau nom/MASTER2/DATA ENGINEERING/airflow/py_env/lib/python3.10/site-packages/airflow/example_dags/example_sensor_decorator.py
[2023-01-14T20:54:21.446+0000] {logging_mixin.py:137} WARNING - /media/prempeh/Nouveau nom/MASTER2/DATA ENGINEERING/airflow/py_env/lib/python3.10/site-packages/airflow/models/dag.py:3492 RemovedInAirflow3Warning: Param `schedule_interval` is deprecated and will be removed in a future release. Please use `schedule` instead.
[2023-01-14T20:54:21.515+0000] {processor.py:753} INFO - DAG(s) dict_keys(['example_sensor_decorator']) retrieved from /media/prempeh/Nouveau nom/MASTER2/DATA ENGINEERING/airflow/py_env/lib/python3.10/site-packages/airflow/example_dags/example_sensor_decorator.py
[2023-01-14T20:54:21.628+0000] {logging_mixin.py:137} INFO - [2023-01-14T20:54:21.628+0000] {dag.py:2676} INFO - Sync 1 DAGs
[2023-01-14T20:54:21.693+0000] {logging_mixin.py:137} INFO - [2023-01-14T20:54:21.693+0000] {dag.py:3423} INFO - Setting next_dagrun for example_sensor_decorator to None, run_after=None
[2023-01-14T20:54:21.764+0000] {processor.py:175} INFO - Processing /media/prempeh/Nouveau nom/MASTER2/DATA ENGINEERING/airflow/py_env/lib/python3.10/site-packages/airflow/example_dags/example_sensor_decorator.py took 0.472 seconds
[2023-01-14T20:55:22.368+0000] {processor.py:153} INFO - Started process (PID=6760) to work on /media/prempeh/Nouveau nom/MASTER2/DATA ENGINEERING/airflow/py_env/lib/python3.10/site-packages/airflow/example_dags/example_sensor_decorator.py
[2023-01-14T20:55:22.371+0000] {processor.py:743} INFO - Processing file /media/prempeh/Nouveau nom/MASTER2/DATA ENGINEERING/airflow/py_env/lib/python3.10/site-packages/airflow/example_dags/example_sensor_decorator.py for tasks to queue
[2023-01-14T20:55:22.376+0000] {logging_mixin.py:137} INFO - [2023-01-14T20:55:22.376+0000] {dagbag.py:538} INFO - Filling up the DagBag from /media/prempeh/Nouveau nom/MASTER2/DATA ENGINEERING/airflow/py_env/lib/python3.10/site-packages/airflow/example_dags/example_sensor_decorator.py
[2023-01-14T20:55:22.501+0000] {logging_mixin.py:137} WARNING - /media/prempeh/Nouveau nom/MASTER2/DATA ENGINEERING/airflow/py_env/lib/python3.10/site-packages/airflow/models/dag.py:3492 RemovedInAirflow3Warning: Param `schedule_interval` is deprecated and will be removed in a future release. Please use `schedule` instead.
[2023-01-14T20:55:22.565+0000] {processor.py:753} INFO - DAG(s) dict_keys(['example_sensor_decorator']) retrieved from /media/prempeh/Nouveau nom/MASTER2/DATA ENGINEERING/airflow/py_env/lib/python3.10/site-packages/airflow/example_dags/example_sensor_decorator.py
[2023-01-14T20:55:22.698+0000] {logging_mixin.py:137} INFO - [2023-01-14T20:55:22.697+0000] {dag.py:2676} INFO - Sync 1 DAGs
[2023-01-14T20:55:22.764+0000] {logging_mixin.py:137} INFO - [2023-01-14T20:55:22.764+0000] {dag.py:3423} INFO - Setting next_dagrun for example_sensor_decorator to None, run_after=None
[2023-01-14T20:55:22.837+0000] {processor.py:175} INFO - Processing /media/prempeh/Nouveau nom/MASTER2/DATA ENGINEERING/airflow/py_env/lib/python3.10/site-packages/airflow/example_dags/example_sensor_decorator.py took 0.478 seconds
[2023-01-14T20:56:19.507+0000] {processor.py:153} INFO - Started process (PID=6885) to work on /media/prempeh/Nouveau nom/MASTER2/DATA ENGINEERING/airflow/py_env/lib/python3.10/site-packages/airflow/example_dags/example_sensor_decorator.py
[2023-01-14T20:56:19.511+0000] {processor.py:743} INFO - Processing file /media/prempeh/Nouveau nom/MASTER2/DATA ENGINEERING/airflow/py_env/lib/python3.10/site-packages/airflow/example_dags/example_sensor_decorator.py for tasks to queue
[2023-01-14T20:56:19.521+0000] {logging_mixin.py:137} INFO - [2023-01-14T20:56:19.520+0000] {dagbag.py:538} INFO - Filling up the DagBag from /media/prempeh/Nouveau nom/MASTER2/DATA ENGINEERING/airflow/py_env/lib/python3.10/site-packages/airflow/example_dags/example_sensor_decorator.py
[2023-01-14T20:56:19.696+0000] {logging_mixin.py:137} WARNING - /media/prempeh/Nouveau nom/MASTER2/DATA ENGINEERING/airflow/py_env/lib/python3.10/site-packages/airflow/models/dag.py:3492 RemovedInAirflow3Warning: Param `schedule_interval` is deprecated and will be removed in a future release. Please use `schedule` instead.
[2023-01-14T20:56:19.775+0000] {processor.py:753} INFO - DAG(s) dict_keys(['example_sensor_decorator']) retrieved from /media/prempeh/Nouveau nom/MASTER2/DATA ENGINEERING/airflow/py_env/lib/python3.10/site-packages/airflow/example_dags/example_sensor_decorator.py
[2023-01-14T20:56:19.928+0000] {logging_mixin.py:137} INFO - [2023-01-14T20:56:19.927+0000] {dag.py:2676} INFO - Sync 1 DAGs
[2023-01-14T20:56:19.999+0000] {logging_mixin.py:137} INFO - [2023-01-14T20:56:19.998+0000] {dag.py:3423} INFO - Setting next_dagrun for example_sensor_decorator to None, run_after=None
[2023-01-14T20:56:20.114+0000] {processor.py:175} INFO - Processing /media/prempeh/Nouveau nom/MASTER2/DATA ENGINEERING/airflow/py_env/lib/python3.10/site-packages/airflow/example_dags/example_sensor_decorator.py took 0.620 seconds
[2023-01-14T20:57:21.673+0000] {processor.py:153} INFO - Started process (PID=7079) to work on /media/prempeh/Nouveau nom/MASTER2/DATA ENGINEERING/airflow/py_env/lib/python3.10/site-packages/airflow/example_dags/example_sensor_decorator.py
[2023-01-14T20:57:21.678+0000] {processor.py:743} INFO - Processing file /media/prempeh/Nouveau nom/MASTER2/DATA ENGINEERING/airflow/py_env/lib/python3.10/site-packages/airflow/example_dags/example_sensor_decorator.py for tasks to queue
[2023-01-14T20:57:21.683+0000] {logging_mixin.py:137} INFO - [2023-01-14T20:57:21.682+0000] {dagbag.py:538} INFO - Filling up the DagBag from /media/prempeh/Nouveau nom/MASTER2/DATA ENGINEERING/airflow/py_env/lib/python3.10/site-packages/airflow/example_dags/example_sensor_decorator.py
[2023-01-14T20:57:21.801+0000] {logging_mixin.py:137} WARNING - /media/prempeh/Nouveau nom/MASTER2/DATA ENGINEERING/airflow/py_env/lib/python3.10/site-packages/airflow/models/dag.py:3492 RemovedInAirflow3Warning: Param `schedule_interval` is deprecated and will be removed in a future release. Please use `schedule` instead.
[2023-01-14T20:57:21.873+0000] {processor.py:753} INFO - DAG(s) dict_keys(['example_sensor_decorator']) retrieved from /media/prempeh/Nouveau nom/MASTER2/DATA ENGINEERING/airflow/py_env/lib/python3.10/site-packages/airflow/example_dags/example_sensor_decorator.py
[2023-01-14T20:57:22.003+0000] {logging_mixin.py:137} INFO - [2023-01-14T20:57:22.003+0000] {dag.py:2676} INFO - Sync 1 DAGs
[2023-01-14T20:57:22.066+0000] {logging_mixin.py:137} INFO - [2023-01-14T20:57:22.066+0000] {dag.py:3423} INFO - Setting next_dagrun for example_sensor_decorator to None, run_after=None
[2023-01-14T20:57:22.142+0000] {processor.py:175} INFO - Processing /media/prempeh/Nouveau nom/MASTER2/DATA ENGINEERING/airflow/py_env/lib/python3.10/site-packages/airflow/example_dags/example_sensor_decorator.py took 0.479 seconds
[2023-01-14T20:58:19.678+0000] {processor.py:153} INFO - Started process (PID=7124) to work on /media/prempeh/Nouveau nom/MASTER2/DATA ENGINEERING/airflow/py_env/lib/python3.10/site-packages/airflow/example_dags/example_sensor_decorator.py
[2023-01-14T20:58:19.681+0000] {processor.py:743} INFO - Processing file /media/prempeh/Nouveau nom/MASTER2/DATA ENGINEERING/airflow/py_env/lib/python3.10/site-packages/airflow/example_dags/example_sensor_decorator.py for tasks to queue
[2023-01-14T20:58:19.686+0000] {logging_mixin.py:137} INFO - [2023-01-14T20:58:19.685+0000] {dagbag.py:538} INFO - Filling up the DagBag from /media/prempeh/Nouveau nom/MASTER2/DATA ENGINEERING/airflow/py_env/lib/python3.10/site-packages/airflow/example_dags/example_sensor_decorator.py
[2023-01-14T20:58:19.810+0000] {logging_mixin.py:137} WARNING - /media/prempeh/Nouveau nom/MASTER2/DATA ENGINEERING/airflow/py_env/lib/python3.10/site-packages/airflow/models/dag.py:3492 RemovedInAirflow3Warning: Param `schedule_interval` is deprecated and will be removed in a future release. Please use `schedule` instead.
[2023-01-14T20:58:19.886+0000] {processor.py:753} INFO - DAG(s) dict_keys(['example_sensor_decorator']) retrieved from /media/prempeh/Nouveau nom/MASTER2/DATA ENGINEERING/airflow/py_env/lib/python3.10/site-packages/airflow/example_dags/example_sensor_decorator.py
[2023-01-14T20:58:20.066+0000] {logging_mixin.py:137} INFO - [2023-01-14T20:58:20.065+0000] {dag.py:2676} INFO - Sync 1 DAGs
[2023-01-14T20:58:20.156+0000] {logging_mixin.py:137} INFO - [2023-01-14T20:58:20.156+0000] {dag.py:3423} INFO - Setting next_dagrun for example_sensor_decorator to None, run_after=None
[2023-01-14T20:58:20.250+0000] {processor.py:175} INFO - Processing /media/prempeh/Nouveau nom/MASTER2/DATA ENGINEERING/airflow/py_env/lib/python3.10/site-packages/airflow/example_dags/example_sensor_decorator.py took 0.583 seconds
[2023-01-14T20:59:13.478+0000] {processor.py:153} INFO - Started process (PID=7166) to work on /media/prempeh/Nouveau nom/MASTER2/DATA ENGINEERING/airflow/py_env/lib/python3.10/site-packages/airflow/example_dags/example_sensor_decorator.py
[2023-01-14T20:59:13.481+0000] {processor.py:743} INFO - Processing file /media/prempeh/Nouveau nom/MASTER2/DATA ENGINEERING/airflow/py_env/lib/python3.10/site-packages/airflow/example_dags/example_sensor_decorator.py for tasks to queue
[2023-01-14T20:59:13.486+0000] {logging_mixin.py:137} INFO - [2023-01-14T20:59:13.486+0000] {dagbag.py:538} INFO - Filling up the DagBag from /media/prempeh/Nouveau nom/MASTER2/DATA ENGINEERING/airflow/py_env/lib/python3.10/site-packages/airflow/example_dags/example_sensor_decorator.py
[2023-01-14T20:59:13.605+0000] {logging_mixin.py:137} WARNING - /media/prempeh/Nouveau nom/MASTER2/DATA ENGINEERING/airflow/py_env/lib/python3.10/site-packages/airflow/models/dag.py:3492 RemovedInAirflow3Warning: Param `schedule_interval` is deprecated and will be removed in a future release. Please use `schedule` instead.
[2023-01-14T20:59:13.673+0000] {processor.py:753} INFO - DAG(s) dict_keys(['example_sensor_decorator']) retrieved from /media/prempeh/Nouveau nom/MASTER2/DATA ENGINEERING/airflow/py_env/lib/python3.10/site-packages/airflow/example_dags/example_sensor_decorator.py
[2023-01-14T20:59:13.800+0000] {logging_mixin.py:137} INFO - [2023-01-14T20:59:13.800+0000] {dag.py:2676} INFO - Sync 1 DAGs
[2023-01-14T20:59:13.860+0000] {logging_mixin.py:137} INFO - [2023-01-14T20:59:13.859+0000] {dag.py:3423} INFO - Setting next_dagrun for example_sensor_decorator to None, run_after=None
[2023-01-14T20:59:13.934+0000] {processor.py:175} INFO - Processing /media/prempeh/Nouveau nom/MASTER2/DATA ENGINEERING/airflow/py_env/lib/python3.10/site-packages/airflow/example_dags/example_sensor_decorator.py took 0.467 seconds
[2023-01-14T21:00:17.361+0000] {processor.py:153} INFO - Started process (PID=7256) to work on /media/prempeh/Nouveau nom/MASTER2/DATA ENGINEERING/airflow/py_env/lib/python3.10/site-packages/airflow/example_dags/example_sensor_decorator.py
[2023-01-14T21:00:17.364+0000] {processor.py:743} INFO - Processing file /media/prempeh/Nouveau nom/MASTER2/DATA ENGINEERING/airflow/py_env/lib/python3.10/site-packages/airflow/example_dags/example_sensor_decorator.py for tasks to queue
[2023-01-14T21:00:17.369+0000] {logging_mixin.py:137} INFO - [2023-01-14T21:00:17.369+0000] {dagbag.py:538} INFO - Filling up the DagBag from /media/prempeh/Nouveau nom/MASTER2/DATA ENGINEERING/airflow/py_env/lib/python3.10/site-packages/airflow/example_dags/example_sensor_decorator.py
[2023-01-14T21:00:17.499+0000] {logging_mixin.py:137} WARNING - /media/prempeh/Nouveau nom/MASTER2/DATA ENGINEERING/airflow/py_env/lib/python3.10/site-packages/airflow/models/dag.py:3492 RemovedInAirflow3Warning: Param `schedule_interval` is deprecated and will be removed in a future release. Please use `schedule` instead.
[2023-01-14T21:00:17.562+0000] {processor.py:753} INFO - DAG(s) dict_keys(['example_sensor_decorator']) retrieved from /media/prempeh/Nouveau nom/MASTER2/DATA ENGINEERING/airflow/py_env/lib/python3.10/site-packages/airflow/example_dags/example_sensor_decorator.py
[2023-01-14T21:00:17.690+0000] {logging_mixin.py:137} INFO - [2023-01-14T21:00:17.689+0000] {dag.py:2676} INFO - Sync 1 DAGs
[2023-01-14T21:00:17.812+0000] {logging_mixin.py:137} INFO - [2023-01-14T21:00:17.811+0000] {dag.py:3423} INFO - Setting next_dagrun for example_sensor_decorator to None, run_after=None
[2023-01-14T21:00:17.947+0000] {processor.py:175} INFO - Processing /media/prempeh/Nouveau nom/MASTER2/DATA ENGINEERING/airflow/py_env/lib/python3.10/site-packages/airflow/example_dags/example_sensor_decorator.py took 0.594 seconds
[2023-01-14T21:01:15.043+0000] {processor.py:153} INFO - Started process (PID=7301) to work on /media/prempeh/Nouveau nom/MASTER2/DATA ENGINEERING/airflow/py_env/lib/python3.10/site-packages/airflow/example_dags/example_sensor_decorator.py
[2023-01-14T21:01:15.046+0000] {processor.py:743} INFO - Processing file /media/prempeh/Nouveau nom/MASTER2/DATA ENGINEERING/airflow/py_env/lib/python3.10/site-packages/airflow/example_dags/example_sensor_decorator.py for tasks to queue
[2023-01-14T21:01:15.053+0000] {logging_mixin.py:137} INFO - [2023-01-14T21:01:15.052+0000] {dagbag.py:538} INFO - Filling up the DagBag from /media/prempeh/Nouveau nom/MASTER2/DATA ENGINEERING/airflow/py_env/lib/python3.10/site-packages/airflow/example_dags/example_sensor_decorator.py
[2023-01-14T21:01:15.249+0000] {logging_mixin.py:137} WARNING - /media/prempeh/Nouveau nom/MASTER2/DATA ENGINEERING/airflow/py_env/lib/python3.10/site-packages/airflow/models/dag.py:3492 RemovedInAirflow3Warning: Param `schedule_interval` is deprecated and will be removed in a future release. Please use `schedule` instead.
[2023-01-14T21:01:15.345+0000] {processor.py:753} INFO - DAG(s) dict_keys(['example_sensor_decorator']) retrieved from /media/prempeh/Nouveau nom/MASTER2/DATA ENGINEERING/airflow/py_env/lib/python3.10/site-packages/airflow/example_dags/example_sensor_decorator.py
[2023-01-14T21:01:15.578+0000] {logging_mixin.py:137} INFO - [2023-01-14T21:01:15.577+0000] {dag.py:2676} INFO - Sync 1 DAGs
[2023-01-14T21:01:15.697+0000] {logging_mixin.py:137} INFO - [2023-01-14T21:01:15.696+0000] {dag.py:3423} INFO - Setting next_dagrun for example_sensor_decorator to None, run_after=None
[2023-01-14T21:01:15.806+0000] {processor.py:175} INFO - Processing /media/prempeh/Nouveau nom/MASTER2/DATA ENGINEERING/airflow/py_env/lib/python3.10/site-packages/airflow/example_dags/example_sensor_decorator.py took 0.772 seconds
[2023-01-14T21:02:09.646+0000] {processor.py:153} INFO - Started process (PID=7354) to work on /media/prempeh/Nouveau nom/MASTER2/DATA ENGINEERING/airflow/py_env/lib/python3.10/site-packages/airflow/example_dags/example_sensor_decorator.py
[2023-01-14T21:02:09.649+0000] {processor.py:743} INFO - Processing file /media/prempeh/Nouveau nom/MASTER2/DATA ENGINEERING/airflow/py_env/lib/python3.10/site-packages/airflow/example_dags/example_sensor_decorator.py for tasks to queue
[2023-01-14T21:02:09.654+0000] {logging_mixin.py:137} INFO - [2023-01-14T21:02:09.653+0000] {dagbag.py:538} INFO - Filling up the DagBag from /media/prempeh/Nouveau nom/MASTER2/DATA ENGINEERING/airflow/py_env/lib/python3.10/site-packages/airflow/example_dags/example_sensor_decorator.py
[2023-01-14T21:02:09.853+0000] {logging_mixin.py:137} WARNING - /media/prempeh/Nouveau nom/MASTER2/DATA ENGINEERING/airflow/py_env/lib/python3.10/site-packages/airflow/models/dag.py:3492 RemovedInAirflow3Warning: Param `schedule_interval` is deprecated and will be removed in a future release. Please use `schedule` instead.
[2023-01-14T21:02:09.974+0000] {processor.py:753} INFO - DAG(s) dict_keys(['example_sensor_decorator']) retrieved from /media/prempeh/Nouveau nom/MASTER2/DATA ENGINEERING/airflow/py_env/lib/python3.10/site-packages/airflow/example_dags/example_sensor_decorator.py
[2023-01-14T21:02:10.248+0000] {logging_mixin.py:137} INFO - [2023-01-14T21:02:10.247+0000] {dag.py:2676} INFO - Sync 1 DAGs
[2023-01-14T21:02:10.380+0000] {logging_mixin.py:137} INFO - [2023-01-14T21:02:10.379+0000] {dag.py:3423} INFO - Setting next_dagrun for example_sensor_decorator to None, run_after=None
[2023-01-14T21:02:10.490+0000] {processor.py:175} INFO - Processing /media/prempeh/Nouveau nom/MASTER2/DATA ENGINEERING/airflow/py_env/lib/python3.10/site-packages/airflow/example_dags/example_sensor_decorator.py took 0.855 seconds
[2023-01-14T21:03:00.481+0000] {processor.py:153} INFO - Started process (PID=7409) to work on /media/prempeh/Nouveau nom/MASTER2/DATA ENGINEERING/airflow/py_env/lib/python3.10/site-packages/airflow/example_dags/example_sensor_decorator.py
[2023-01-14T21:03:00.484+0000] {processor.py:743} INFO - Processing file /media/prempeh/Nouveau nom/MASTER2/DATA ENGINEERING/airflow/py_env/lib/python3.10/site-packages/airflow/example_dags/example_sensor_decorator.py for tasks to queue
[2023-01-14T21:03:00.489+0000] {logging_mixin.py:137} INFO - [2023-01-14T21:03:00.488+0000] {dagbag.py:538} INFO - Filling up the DagBag from /media/prempeh/Nouveau nom/MASTER2/DATA ENGINEERING/airflow/py_env/lib/python3.10/site-packages/airflow/example_dags/example_sensor_decorator.py
[2023-01-14T21:03:00.622+0000] {logging_mixin.py:137} WARNING - /media/prempeh/Nouveau nom/MASTER2/DATA ENGINEERING/airflow/py_env/lib/python3.10/site-packages/airflow/models/dag.py:3492 RemovedInAirflow3Warning: Param `schedule_interval` is deprecated and will be removed in a future release. Please use `schedule` instead.
[2023-01-14T21:03:00.692+0000] {processor.py:753} INFO - DAG(s) dict_keys(['example_sensor_decorator']) retrieved from /media/prempeh/Nouveau nom/MASTER2/DATA ENGINEERING/airflow/py_env/lib/python3.10/site-packages/airflow/example_dags/example_sensor_decorator.py
[2023-01-14T21:03:00.819+0000] {logging_mixin.py:137} INFO - [2023-01-14T21:03:00.819+0000] {dag.py:2676} INFO - Sync 1 DAGs
[2023-01-14T21:03:00.883+0000] {logging_mixin.py:137} INFO - [2023-01-14T21:03:00.883+0000] {dag.py:3423} INFO - Setting next_dagrun for example_sensor_decorator to None, run_after=None
[2023-01-14T21:03:00.950+0000] {processor.py:175} INFO - Processing /media/prempeh/Nouveau nom/MASTER2/DATA ENGINEERING/airflow/py_env/lib/python3.10/site-packages/airflow/example_dags/example_sensor_decorator.py took 0.482 seconds
[2023-01-14T21:03:54.840+0000] {processor.py:153} INFO - Started process (PID=7475) to work on /media/prempeh/Nouveau nom/MASTER2/DATA ENGINEERING/airflow/py_env/lib/python3.10/site-packages/airflow/example_dags/example_sensor_decorator.py
[2023-01-14T21:03:54.846+0000] {processor.py:743} INFO - Processing file /media/prempeh/Nouveau nom/MASTER2/DATA ENGINEERING/airflow/py_env/lib/python3.10/site-packages/airflow/example_dags/example_sensor_decorator.py for tasks to queue
[2023-01-14T21:03:54.855+0000] {logging_mixin.py:137} INFO - [2023-01-14T21:03:54.854+0000] {dagbag.py:538} INFO - Filling up the DagBag from /media/prempeh/Nouveau nom/MASTER2/DATA ENGINEERING/airflow/py_env/lib/python3.10/site-packages/airflow/example_dags/example_sensor_decorator.py
[2023-01-14T21:03:55.052+0000] {logging_mixin.py:137} WARNING - /media/prempeh/Nouveau nom/MASTER2/DATA ENGINEERING/airflow/py_env/lib/python3.10/site-packages/airflow/models/dag.py:3492 RemovedInAirflow3Warning: Param `schedule_interval` is deprecated and will be removed in a future release. Please use `schedule` instead.
[2023-01-14T21:03:55.155+0000] {processor.py:753} INFO - DAG(s) dict_keys(['example_sensor_decorator']) retrieved from /media/prempeh/Nouveau nom/MASTER2/DATA ENGINEERING/airflow/py_env/lib/python3.10/site-packages/airflow/example_dags/example_sensor_decorator.py
[2023-01-14T21:03:55.388+0000] {logging_mixin.py:137} INFO - [2023-01-14T21:03:55.384+0000] {dag.py:2676} INFO - Sync 1 DAGs
[2023-01-14T21:03:55.501+0000] {logging_mixin.py:137} INFO - [2023-01-14T21:03:55.500+0000] {dag.py:3423} INFO - Setting next_dagrun for example_sensor_decorator to None, run_after=None
[2023-01-14T21:03:55.667+0000] {processor.py:175} INFO - Processing /media/prempeh/Nouveau nom/MASTER2/DATA ENGINEERING/airflow/py_env/lib/python3.10/site-packages/airflow/example_dags/example_sensor_decorator.py took 0.834 seconds
[2023-01-14T21:04:59.842+0000] {processor.py:153} INFO - Started process (PID=7527) to work on /media/prempeh/Nouveau nom/MASTER2/DATA ENGINEERING/airflow/py_env/lib/python3.10/site-packages/airflow/example_dags/example_sensor_decorator.py
[2023-01-14T21:04:59.846+0000] {processor.py:743} INFO - Processing file /media/prempeh/Nouveau nom/MASTER2/DATA ENGINEERING/airflow/py_env/lib/python3.10/site-packages/airflow/example_dags/example_sensor_decorator.py for tasks to queue
[2023-01-14T21:04:59.852+0000] {logging_mixin.py:137} INFO - [2023-01-14T21:04:59.851+0000] {dagbag.py:538} INFO - Filling up the DagBag from /media/prempeh/Nouveau nom/MASTER2/DATA ENGINEERING/airflow/py_env/lib/python3.10/site-packages/airflow/example_dags/example_sensor_decorator.py
[2023-01-14T21:05:00.028+0000] {logging_mixin.py:137} WARNING - /media/prempeh/Nouveau nom/MASTER2/DATA ENGINEERING/airflow/py_env/lib/python3.10/site-packages/airflow/models/dag.py:3492 RemovedInAirflow3Warning: Param `schedule_interval` is deprecated and will be removed in a future release. Please use `schedule` instead.
[2023-01-14T21:05:00.131+0000] {processor.py:753} INFO - DAG(s) dict_keys(['example_sensor_decorator']) retrieved from /media/prempeh/Nouveau nom/MASTER2/DATA ENGINEERING/airflow/py_env/lib/python3.10/site-packages/airflow/example_dags/example_sensor_decorator.py
[2023-01-14T21:05:00.341+0000] {logging_mixin.py:137} INFO - [2023-01-14T21:05:00.341+0000] {dag.py:2676} INFO - Sync 1 DAGs
[2023-01-14T21:05:00.417+0000] {logging_mixin.py:137} INFO - [2023-01-14T21:05:00.416+0000] {dag.py:3423} INFO - Setting next_dagrun for example_sensor_decorator to None, run_after=None
[2023-01-14T21:05:00.493+0000] {processor.py:175} INFO - Processing /media/prempeh/Nouveau nom/MASTER2/DATA ENGINEERING/airflow/py_env/lib/python3.10/site-packages/airflow/example_dags/example_sensor_decorator.py took 0.662 seconds
[2023-01-14T21:05:57.678+0000] {processor.py:153} INFO - Started process (PID=7579) to work on /media/prempeh/Nouveau nom/MASTER2/DATA ENGINEERING/airflow/py_env/lib/python3.10/site-packages/airflow/example_dags/example_sensor_decorator.py
[2023-01-14T21:05:57.682+0000] {processor.py:743} INFO - Processing file /media/prempeh/Nouveau nom/MASTER2/DATA ENGINEERING/airflow/py_env/lib/python3.10/site-packages/airflow/example_dags/example_sensor_decorator.py for tasks to queue
[2023-01-14T21:05:57.690+0000] {logging_mixin.py:137} INFO - [2023-01-14T21:05:57.689+0000] {dagbag.py:538} INFO - Filling up the DagBag from /media/prempeh/Nouveau nom/MASTER2/DATA ENGINEERING/airflow/py_env/lib/python3.10/site-packages/airflow/example_dags/example_sensor_decorator.py
[2023-01-14T21:05:57.885+0000] {logging_mixin.py:137} WARNING - /media/prempeh/Nouveau nom/MASTER2/DATA ENGINEERING/airflow/py_env/lib/python3.10/site-packages/airflow/models/dag.py:3492 RemovedInAirflow3Warning: Param `schedule_interval` is deprecated and will be removed in a future release. Please use `schedule` instead.
[2023-01-14T21:05:57.987+0000] {processor.py:753} INFO - DAG(s) dict_keys(['example_sensor_decorator']) retrieved from /media/prempeh/Nouveau nom/MASTER2/DATA ENGINEERING/airflow/py_env/lib/python3.10/site-packages/airflow/example_dags/example_sensor_decorator.py
[2023-01-14T21:05:58.179+0000] {logging_mixin.py:137} INFO - [2023-01-14T21:05:58.178+0000] {dag.py:2676} INFO - Sync 1 DAGs
[2023-01-14T21:05:58.269+0000] {logging_mixin.py:137} INFO - [2023-01-14T21:05:58.268+0000] {dag.py:3423} INFO - Setting next_dagrun for example_sensor_decorator to None, run_after=None
[2023-01-14T21:05:58.368+0000] {processor.py:175} INFO - Processing /media/prempeh/Nouveau nom/MASTER2/DATA ENGINEERING/airflow/py_env/lib/python3.10/site-packages/airflow/example_dags/example_sensor_decorator.py took 0.704 seconds
[2023-01-14T21:07:04.126+0000] {processor.py:153} INFO - Started process (PID=7856) to work on /media/prempeh/Nouveau nom/MASTER2/DATA ENGINEERING/airflow/py_env/lib/python3.10/site-packages/airflow/example_dags/example_sensor_decorator.py
[2023-01-14T21:07:04.130+0000] {processor.py:743} INFO - Processing file /media/prempeh/Nouveau nom/MASTER2/DATA ENGINEERING/airflow/py_env/lib/python3.10/site-packages/airflow/example_dags/example_sensor_decorator.py for tasks to queue
[2023-01-14T21:07:04.147+0000] {logging_mixin.py:137} INFO - [2023-01-14T21:07:04.146+0000] {dagbag.py:538} INFO - Filling up the DagBag from /media/prempeh/Nouveau nom/MASTER2/DATA ENGINEERING/airflow/py_env/lib/python3.10/site-packages/airflow/example_dags/example_sensor_decorator.py
[2023-01-14T21:07:04.430+0000] {logging_mixin.py:137} WARNING - /media/prempeh/Nouveau nom/MASTER2/DATA ENGINEERING/airflow/py_env/lib/python3.10/site-packages/airflow/models/dag.py:3492 RemovedInAirflow3Warning: Param `schedule_interval` is deprecated and will be removed in a future release. Please use `schedule` instead.
[2023-01-14T21:07:04.625+0000] {processor.py:753} INFO - DAG(s) dict_keys(['example_sensor_decorator']) retrieved from /media/prempeh/Nouveau nom/MASTER2/DATA ENGINEERING/airflow/py_env/lib/python3.10/site-packages/airflow/example_dags/example_sensor_decorator.py
[2023-01-14T21:07:04.934+0000] {logging_mixin.py:137} INFO - [2023-01-14T21:07:04.934+0000] {dag.py:2676} INFO - Sync 1 DAGs
[2023-01-14T21:07:05.036+0000] {logging_mixin.py:137} INFO - [2023-01-14T21:07:05.036+0000] {dag.py:3423} INFO - Setting next_dagrun for example_sensor_decorator to None, run_after=None
[2023-01-14T21:07:05.147+0000] {processor.py:175} INFO - Processing /media/prempeh/Nouveau nom/MASTER2/DATA ENGINEERING/airflow/py_env/lib/python3.10/site-packages/airflow/example_dags/example_sensor_decorator.py took 1.036 seconds
[2023-01-14T21:08:19.850+0000] {processor.py:153} INFO - Started process (PID=8061) to work on /media/prempeh/Nouveau nom/MASTER2/DATA ENGINEERING/airflow/py_env/lib/python3.10/site-packages/airflow/example_dags/example_sensor_decorator.py
[2023-01-14T21:08:19.852+0000] {processor.py:743} INFO - Processing file /media/prempeh/Nouveau nom/MASTER2/DATA ENGINEERING/airflow/py_env/lib/python3.10/site-packages/airflow/example_dags/example_sensor_decorator.py for tasks to queue
[2023-01-14T21:08:19.857+0000] {logging_mixin.py:137} INFO - [2023-01-14T21:08:19.856+0000] {dagbag.py:538} INFO - Filling up the DagBag from /media/prempeh/Nouveau nom/MASTER2/DATA ENGINEERING/airflow/py_env/lib/python3.10/site-packages/airflow/example_dags/example_sensor_decorator.py
[2023-01-14T21:08:19.973+0000] {logging_mixin.py:137} WARNING - /media/prempeh/Nouveau nom/MASTER2/DATA ENGINEERING/airflow/py_env/lib/python3.10/site-packages/airflow/models/dag.py:3492 RemovedInAirflow3Warning: Param `schedule_interval` is deprecated and will be removed in a future release. Please use `schedule` instead.
[2023-01-14T21:08:20.034+0000] {processor.py:753} INFO - DAG(s) dict_keys(['example_sensor_decorator']) retrieved from /media/prempeh/Nouveau nom/MASTER2/DATA ENGINEERING/airflow/py_env/lib/python3.10/site-packages/airflow/example_dags/example_sensor_decorator.py
[2023-01-14T21:08:20.170+0000] {logging_mixin.py:137} INFO - [2023-01-14T21:08:20.170+0000] {dag.py:2676} INFO - Sync 1 DAGs
[2023-01-14T21:08:20.231+0000] {logging_mixin.py:137} INFO - [2023-01-14T21:08:20.230+0000] {dag.py:3423} INFO - Setting next_dagrun for example_sensor_decorator to None, run_after=None
[2023-01-14T21:08:20.306+0000] {processor.py:175} INFO - Processing /media/prempeh/Nouveau nom/MASTER2/DATA ENGINEERING/airflow/py_env/lib/python3.10/site-packages/airflow/example_dags/example_sensor_decorator.py took 0.465 seconds
[2023-01-14T21:09:20.740+0000] {processor.py:153} INFO - Started process (PID=8106) to work on /media/prempeh/Nouveau nom/MASTER2/DATA ENGINEERING/airflow/py_env/lib/python3.10/site-packages/airflow/example_dags/example_sensor_decorator.py
[2023-01-14T21:09:20.743+0000] {processor.py:743} INFO - Processing file /media/prempeh/Nouveau nom/MASTER2/DATA ENGINEERING/airflow/py_env/lib/python3.10/site-packages/airflow/example_dags/example_sensor_decorator.py for tasks to queue
[2023-01-14T21:09:20.752+0000] {logging_mixin.py:137} INFO - [2023-01-14T21:09:20.751+0000] {dagbag.py:538} INFO - Filling up the DagBag from /media/prempeh/Nouveau nom/MASTER2/DATA ENGINEERING/airflow/py_env/lib/python3.10/site-packages/airflow/example_dags/example_sensor_decorator.py
[2023-01-14T21:09:20.950+0000] {logging_mixin.py:137} WARNING - /media/prempeh/Nouveau nom/MASTER2/DATA ENGINEERING/airflow/py_env/lib/python3.10/site-packages/airflow/models/dag.py:3492 RemovedInAirflow3Warning: Param `schedule_interval` is deprecated and will be removed in a future release. Please use `schedule` instead.
[2023-01-14T21:09:21.038+0000] {processor.py:753} INFO - DAG(s) dict_keys(['example_sensor_decorator']) retrieved from /media/prempeh/Nouveau nom/MASTER2/DATA ENGINEERING/airflow/py_env/lib/python3.10/site-packages/airflow/example_dags/example_sensor_decorator.py
[2023-01-14T21:09:21.201+0000] {logging_mixin.py:137} INFO - [2023-01-14T21:09:21.200+0000] {dag.py:2676} INFO - Sync 1 DAGs
[2023-01-14T21:09:21.289+0000] {logging_mixin.py:137} INFO - [2023-01-14T21:09:21.289+0000] {dag.py:3423} INFO - Setting next_dagrun for example_sensor_decorator to None, run_after=None
[2023-01-14T21:09:21.383+0000] {processor.py:175} INFO - Processing /media/prempeh/Nouveau nom/MASTER2/DATA ENGINEERING/airflow/py_env/lib/python3.10/site-packages/airflow/example_dags/example_sensor_decorator.py took 0.654 seconds
[2023-01-14T21:10:21.068+0000] {processor.py:153} INFO - Started process (PID=8152) to work on /media/prempeh/Nouveau nom/MASTER2/DATA ENGINEERING/airflow/py_env/lib/python3.10/site-packages/airflow/example_dags/example_sensor_decorator.py
[2023-01-14T21:10:21.071+0000] {processor.py:743} INFO - Processing file /media/prempeh/Nouveau nom/MASTER2/DATA ENGINEERING/airflow/py_env/lib/python3.10/site-packages/airflow/example_dags/example_sensor_decorator.py for tasks to queue
[2023-01-14T21:10:21.076+0000] {logging_mixin.py:137} INFO - [2023-01-14T21:10:21.076+0000] {dagbag.py:538} INFO - Filling up the DagBag from /media/prempeh/Nouveau nom/MASTER2/DATA ENGINEERING/airflow/py_env/lib/python3.10/site-packages/airflow/example_dags/example_sensor_decorator.py
[2023-01-14T21:10:21.209+0000] {logging_mixin.py:137} WARNING - /media/prempeh/Nouveau nom/MASTER2/DATA ENGINEERING/airflow/py_env/lib/python3.10/site-packages/airflow/models/dag.py:3492 RemovedInAirflow3Warning: Param `schedule_interval` is deprecated and will be removed in a future release. Please use `schedule` instead.
[2023-01-14T21:10:21.285+0000] {processor.py:753} INFO - DAG(s) dict_keys(['example_sensor_decorator']) retrieved from /media/prempeh/Nouveau nom/MASTER2/DATA ENGINEERING/airflow/py_env/lib/python3.10/site-packages/airflow/example_dags/example_sensor_decorator.py
[2023-01-14T21:10:21.403+0000] {logging_mixin.py:137} INFO - [2023-01-14T21:10:21.402+0000] {dag.py:2676} INFO - Sync 1 DAGs
[2023-01-14T21:10:21.468+0000] {logging_mixin.py:137} INFO - [2023-01-14T21:10:21.468+0000] {dag.py:3423} INFO - Setting next_dagrun for example_sensor_decorator to None, run_after=None
[2023-01-14T21:10:21.538+0000] {processor.py:175} INFO - Processing /media/prempeh/Nouveau nom/MASTER2/DATA ENGINEERING/airflow/py_env/lib/python3.10/site-packages/airflow/example_dags/example_sensor_decorator.py took 0.480 seconds
[2023-01-14T21:11:23.328+0000] {processor.py:153} INFO - Started process (PID=8203) to work on /media/prempeh/Nouveau nom/MASTER2/DATA ENGINEERING/airflow/py_env/lib/python3.10/site-packages/airflow/example_dags/example_sensor_decorator.py
[2023-01-14T21:11:23.331+0000] {processor.py:743} INFO - Processing file /media/prempeh/Nouveau nom/MASTER2/DATA ENGINEERING/airflow/py_env/lib/python3.10/site-packages/airflow/example_dags/example_sensor_decorator.py for tasks to queue
[2023-01-14T21:11:23.336+0000] {logging_mixin.py:137} INFO - [2023-01-14T21:11:23.335+0000] {dagbag.py:538} INFO - Filling up the DagBag from /media/prempeh/Nouveau nom/MASTER2/DATA ENGINEERING/airflow/py_env/lib/python3.10/site-packages/airflow/example_dags/example_sensor_decorator.py
[2023-01-14T21:11:23.488+0000] {logging_mixin.py:137} WARNING - /media/prempeh/Nouveau nom/MASTER2/DATA ENGINEERING/airflow/py_env/lib/python3.10/site-packages/airflow/models/dag.py:3492 RemovedInAirflow3Warning: Param `schedule_interval` is deprecated and will be removed in a future release. Please use `schedule` instead.
[2023-01-14T21:11:23.577+0000] {processor.py:753} INFO - DAG(s) dict_keys(['example_sensor_decorator']) retrieved from /media/prempeh/Nouveau nom/MASTER2/DATA ENGINEERING/airflow/py_env/lib/python3.10/site-packages/airflow/example_dags/example_sensor_decorator.py
[2023-01-14T21:11:23.817+0000] {logging_mixin.py:137} INFO - [2023-01-14T21:11:23.816+0000] {dag.py:2676} INFO - Sync 1 DAGs
[2023-01-14T21:11:23.949+0000] {logging_mixin.py:137} INFO - [2023-01-14T21:11:23.948+0000] {dag.py:3423} INFO - Setting next_dagrun for example_sensor_decorator to None, run_after=None
[2023-01-14T21:11:24.055+0000] {processor.py:175} INFO - Processing /media/prempeh/Nouveau nom/MASTER2/DATA ENGINEERING/airflow/py_env/lib/python3.10/site-packages/airflow/example_dags/example_sensor_decorator.py took 0.737 seconds
[2023-01-14T21:12:33.939+0000] {processor.py:153} INFO - Started process (PID=8248) to work on /media/prempeh/Nouveau nom/MASTER2/DATA ENGINEERING/airflow/py_env/lib/python3.10/site-packages/airflow/example_dags/example_sensor_decorator.py
[2023-01-14T21:12:33.942+0000] {processor.py:743} INFO - Processing file /media/prempeh/Nouveau nom/MASTER2/DATA ENGINEERING/airflow/py_env/lib/python3.10/site-packages/airflow/example_dags/example_sensor_decorator.py for tasks to queue
[2023-01-14T21:12:33.946+0000] {logging_mixin.py:137} INFO - [2023-01-14T21:12:33.946+0000] {dagbag.py:538} INFO - Filling up the DagBag from /media/prempeh/Nouveau nom/MASTER2/DATA ENGINEERING/airflow/py_env/lib/python3.10/site-packages/airflow/example_dags/example_sensor_decorator.py
[2023-01-14T21:12:34.077+0000] {logging_mixin.py:137} WARNING - /media/prempeh/Nouveau nom/MASTER2/DATA ENGINEERING/airflow/py_env/lib/python3.10/site-packages/airflow/models/dag.py:3492 RemovedInAirflow3Warning: Param `schedule_interval` is deprecated and will be removed in a future release. Please use `schedule` instead.
[2023-01-14T21:12:34.144+0000] {processor.py:753} INFO - DAG(s) dict_keys(['example_sensor_decorator']) retrieved from /media/prempeh/Nouveau nom/MASTER2/DATA ENGINEERING/airflow/py_env/lib/python3.10/site-packages/airflow/example_dags/example_sensor_decorator.py
[2023-01-14T21:12:34.276+0000] {logging_mixin.py:137} INFO - [2023-01-14T21:12:34.275+0000] {dag.py:2676} INFO - Sync 1 DAGs
[2023-01-14T21:12:34.340+0000] {logging_mixin.py:137} INFO - [2023-01-14T21:12:34.339+0000] {dag.py:3423} INFO - Setting next_dagrun for example_sensor_decorator to None, run_after=None
[2023-01-14T21:12:34.414+0000] {processor.py:175} INFO - Processing /media/prempeh/Nouveau nom/MASTER2/DATA ENGINEERING/airflow/py_env/lib/python3.10/site-packages/airflow/example_dags/example_sensor_decorator.py took 0.483 seconds
[2023-01-14T21:13:48.831+0000] {processor.py:153} INFO - Started process (PID=8301) to work on /media/prempeh/Nouveau nom/MASTER2/DATA ENGINEERING/airflow/py_env/lib/python3.10/site-packages/airflow/example_dags/example_sensor_decorator.py
[2023-01-14T21:13:48.834+0000] {processor.py:743} INFO - Processing file /media/prempeh/Nouveau nom/MASTER2/DATA ENGINEERING/airflow/py_env/lib/python3.10/site-packages/airflow/example_dags/example_sensor_decorator.py for tasks to queue
[2023-01-14T21:13:48.841+0000] {logging_mixin.py:137} INFO - [2023-01-14T21:13:48.841+0000] {dagbag.py:538} INFO - Filling up the DagBag from /media/prempeh/Nouveau nom/MASTER2/DATA ENGINEERING/airflow/py_env/lib/python3.10/site-packages/airflow/example_dags/example_sensor_decorator.py
[2023-01-14T21:13:48.988+0000] {logging_mixin.py:137} WARNING - /media/prempeh/Nouveau nom/MASTER2/DATA ENGINEERING/airflow/py_env/lib/python3.10/site-packages/airflow/models/dag.py:3492 RemovedInAirflow3Warning: Param `schedule_interval` is deprecated and will be removed in a future release. Please use `schedule` instead.
[2023-01-14T21:13:49.063+0000] {processor.py:753} INFO - DAG(s) dict_keys(['example_sensor_decorator']) retrieved from /media/prempeh/Nouveau nom/MASTER2/DATA ENGINEERING/airflow/py_env/lib/python3.10/site-packages/airflow/example_dags/example_sensor_decorator.py
[2023-01-14T21:13:49.184+0000] {logging_mixin.py:137} INFO - [2023-01-14T21:13:49.184+0000] {dag.py:2676} INFO - Sync 1 DAGs
[2023-01-14T21:13:49.245+0000] {logging_mixin.py:137} INFO - [2023-01-14T21:13:49.244+0000] {dag.py:3423} INFO - Setting next_dagrun for example_sensor_decorator to None, run_after=None
[2023-01-14T21:13:49.318+0000] {processor.py:175} INFO - Processing /media/prempeh/Nouveau nom/MASTER2/DATA ENGINEERING/airflow/py_env/lib/python3.10/site-packages/airflow/example_dags/example_sensor_decorator.py took 0.495 seconds
[2023-01-14T21:14:54.695+0000] {processor.py:153} INFO - Started process (PID=8409) to work on /media/prempeh/Nouveau nom/MASTER2/DATA ENGINEERING/airflow/py_env/lib/python3.10/site-packages/airflow/example_dags/example_sensor_decorator.py
[2023-01-14T21:14:54.698+0000] {processor.py:743} INFO - Processing file /media/prempeh/Nouveau nom/MASTER2/DATA ENGINEERING/airflow/py_env/lib/python3.10/site-packages/airflow/example_dags/example_sensor_decorator.py for tasks to queue
[2023-01-14T21:14:54.704+0000] {logging_mixin.py:137} INFO - [2023-01-14T21:14:54.703+0000] {dagbag.py:538} INFO - Filling up the DagBag from /media/prempeh/Nouveau nom/MASTER2/DATA ENGINEERING/airflow/py_env/lib/python3.10/site-packages/airflow/example_dags/example_sensor_decorator.py
[2023-01-14T21:14:54.855+0000] {logging_mixin.py:137} WARNING - /media/prempeh/Nouveau nom/MASTER2/DATA ENGINEERING/airflow/py_env/lib/python3.10/site-packages/airflow/models/dag.py:3492 RemovedInAirflow3Warning: Param `schedule_interval` is deprecated and will be removed in a future release. Please use `schedule` instead.
[2023-01-14T21:14:54.936+0000] {processor.py:753} INFO - DAG(s) dict_keys(['example_sensor_decorator']) retrieved from /media/prempeh/Nouveau nom/MASTER2/DATA ENGINEERING/airflow/py_env/lib/python3.10/site-packages/airflow/example_dags/example_sensor_decorator.py
[2023-01-14T21:14:55.094+0000] {logging_mixin.py:137} INFO - [2023-01-14T21:14:55.093+0000] {dag.py:2676} INFO - Sync 1 DAGs
[2023-01-14T21:14:55.190+0000] {logging_mixin.py:137} INFO - [2023-01-14T21:14:55.190+0000] {dag.py:3423} INFO - Setting next_dagrun for example_sensor_decorator to None, run_after=None
[2023-01-14T21:14:55.273+0000] {processor.py:175} INFO - Processing /media/prempeh/Nouveau nom/MASTER2/DATA ENGINEERING/airflow/py_env/lib/python3.10/site-packages/airflow/example_dags/example_sensor_decorator.py took 0.590 seconds
[2023-01-14T21:16:07.741+0000] {processor.py:153} INFO - Started process (PID=8978) to work on /media/prempeh/Nouveau nom/MASTER2/DATA ENGINEERING/airflow/py_env/lib/python3.10/site-packages/airflow/example_dags/example_sensor_decorator.py
[2023-01-14T21:16:07.744+0000] {processor.py:743} INFO - Processing file /media/prempeh/Nouveau nom/MASTER2/DATA ENGINEERING/airflow/py_env/lib/python3.10/site-packages/airflow/example_dags/example_sensor_decorator.py for tasks to queue
[2023-01-14T21:16:07.748+0000] {logging_mixin.py:137} INFO - [2023-01-14T21:16:07.747+0000] {dagbag.py:538} INFO - Filling up the DagBag from /media/prempeh/Nouveau nom/MASTER2/DATA ENGINEERING/airflow/py_env/lib/python3.10/site-packages/airflow/example_dags/example_sensor_decorator.py
[2023-01-14T21:16:07.891+0000] {logging_mixin.py:137} WARNING - /media/prempeh/Nouveau nom/MASTER2/DATA ENGINEERING/airflow/py_env/lib/python3.10/site-packages/airflow/models/dag.py:3492 RemovedInAirflow3Warning: Param `schedule_interval` is deprecated and will be removed in a future release. Please use `schedule` instead.
[2023-01-14T21:16:07.974+0000] {processor.py:753} INFO - DAG(s) dict_keys(['example_sensor_decorator']) retrieved from /media/prempeh/Nouveau nom/MASTER2/DATA ENGINEERING/airflow/py_env/lib/python3.10/site-packages/airflow/example_dags/example_sensor_decorator.py
[2023-01-14T21:16:08.206+0000] {logging_mixin.py:137} INFO - [2023-01-14T21:16:08.200+0000] {dag.py:2676} INFO - Sync 1 DAGs
[2023-01-14T21:16:08.307+0000] {logging_mixin.py:137} INFO - [2023-01-14T21:16:08.306+0000] {dag.py:3423} INFO - Setting next_dagrun for example_sensor_decorator to None, run_after=None
[2023-01-14T21:16:08.390+0000] {processor.py:175} INFO - Processing /media/prempeh/Nouveau nom/MASTER2/DATA ENGINEERING/airflow/py_env/lib/python3.10/site-packages/airflow/example_dags/example_sensor_decorator.py took 0.658 seconds
[2023-01-14T21:17:21.783+0000] {processor.py:153} INFO - Started process (PID=9152) to work on /media/prempeh/Nouveau nom/MASTER2/DATA ENGINEERING/airflow/py_env/lib/python3.10/site-packages/airflow/example_dags/example_sensor_decorator.py
[2023-01-14T21:17:21.786+0000] {processor.py:743} INFO - Processing file /media/prempeh/Nouveau nom/MASTER2/DATA ENGINEERING/airflow/py_env/lib/python3.10/site-packages/airflow/example_dags/example_sensor_decorator.py for tasks to queue
[2023-01-14T21:17:21.791+0000] {logging_mixin.py:137} INFO - [2023-01-14T21:17:21.790+0000] {dagbag.py:538} INFO - Filling up the DagBag from /media/prempeh/Nouveau nom/MASTER2/DATA ENGINEERING/airflow/py_env/lib/python3.10/site-packages/airflow/example_dags/example_sensor_decorator.py
[2023-01-14T21:17:21.933+0000] {logging_mixin.py:137} WARNING - /media/prempeh/Nouveau nom/MASTER2/DATA ENGINEERING/airflow/py_env/lib/python3.10/site-packages/airflow/models/dag.py:3492 RemovedInAirflow3Warning: Param `schedule_interval` is deprecated and will be removed in a future release. Please use `schedule` instead.
[2023-01-14T21:17:22.002+0000] {processor.py:753} INFO - DAG(s) dict_keys(['example_sensor_decorator']) retrieved from /media/prempeh/Nouveau nom/MASTER2/DATA ENGINEERING/airflow/py_env/lib/python3.10/site-packages/airflow/example_dags/example_sensor_decorator.py
[2023-01-14T21:17:22.139+0000] {logging_mixin.py:137} INFO - [2023-01-14T21:17:22.138+0000] {dag.py:2676} INFO - Sync 1 DAGs
[2023-01-14T21:17:22.211+0000] {logging_mixin.py:137} INFO - [2023-01-14T21:17:22.210+0000] {dag.py:3423} INFO - Setting next_dagrun for example_sensor_decorator to None, run_after=None
[2023-01-14T21:17:22.286+0000] {processor.py:175} INFO - Processing /media/prempeh/Nouveau nom/MASTER2/DATA ENGINEERING/airflow/py_env/lib/python3.10/site-packages/airflow/example_dags/example_sensor_decorator.py took 0.512 seconds
[2023-01-14T21:18:30.952+0000] {processor.py:153} INFO - Started process (PID=9309) to work on /media/prempeh/Nouveau nom/MASTER2/DATA ENGINEERING/airflow/py_env/lib/python3.10/site-packages/airflow/example_dags/example_sensor_decorator.py
[2023-01-14T21:18:30.955+0000] {processor.py:743} INFO - Processing file /media/prempeh/Nouveau nom/MASTER2/DATA ENGINEERING/airflow/py_env/lib/python3.10/site-packages/airflow/example_dags/example_sensor_decorator.py for tasks to queue
[2023-01-14T21:18:30.962+0000] {logging_mixin.py:137} INFO - [2023-01-14T21:18:30.961+0000] {dagbag.py:538} INFO - Filling up the DagBag from /media/prempeh/Nouveau nom/MASTER2/DATA ENGINEERING/airflow/py_env/lib/python3.10/site-packages/airflow/example_dags/example_sensor_decorator.py
[2023-01-14T21:18:31.172+0000] {logging_mixin.py:137} WARNING - /media/prempeh/Nouveau nom/MASTER2/DATA ENGINEERING/airflow/py_env/lib/python3.10/site-packages/airflow/models/dag.py:3492 RemovedInAirflow3Warning: Param `schedule_interval` is deprecated and will be removed in a future release. Please use `schedule` instead.
[2023-01-14T21:18:31.289+0000] {processor.py:753} INFO - DAG(s) dict_keys(['example_sensor_decorator']) retrieved from /media/prempeh/Nouveau nom/MASTER2/DATA ENGINEERING/airflow/py_env/lib/python3.10/site-packages/airflow/example_dags/example_sensor_decorator.py
[2023-01-14T21:18:31.489+0000] {logging_mixin.py:137} INFO - [2023-01-14T21:18:31.489+0000] {dag.py:2676} INFO - Sync 1 DAGs
[2023-01-14T21:18:31.599+0000] {logging_mixin.py:137} INFO - [2023-01-14T21:18:31.598+0000] {dag.py:3423} INFO - Setting next_dagrun for example_sensor_decorator to None, run_after=None
[2023-01-14T21:18:31.697+0000] {processor.py:175} INFO - Processing /media/prempeh/Nouveau nom/MASTER2/DATA ENGINEERING/airflow/py_env/lib/python3.10/site-packages/airflow/example_dags/example_sensor_decorator.py took 0.756 seconds
[2023-01-14T21:19:47.855+0000] {processor.py:153} INFO - Started process (PID=9669) to work on /media/prempeh/Nouveau nom/MASTER2/DATA ENGINEERING/airflow/py_env/lib/python3.10/site-packages/airflow/example_dags/example_sensor_decorator.py
[2023-01-14T21:19:47.858+0000] {processor.py:743} INFO - Processing file /media/prempeh/Nouveau nom/MASTER2/DATA ENGINEERING/airflow/py_env/lib/python3.10/site-packages/airflow/example_dags/example_sensor_decorator.py for tasks to queue
[2023-01-14T21:19:47.862+0000] {logging_mixin.py:137} INFO - [2023-01-14T21:19:47.862+0000] {dagbag.py:538} INFO - Filling up the DagBag from /media/prempeh/Nouveau nom/MASTER2/DATA ENGINEERING/airflow/py_env/lib/python3.10/site-packages/airflow/example_dags/example_sensor_decorator.py
[2023-01-14T21:19:48.004+0000] {logging_mixin.py:137} WARNING - /media/prempeh/Nouveau nom/MASTER2/DATA ENGINEERING/airflow/py_env/lib/python3.10/site-packages/airflow/models/dag.py:3492 RemovedInAirflow3Warning: Param `schedule_interval` is deprecated and will be removed in a future release. Please use `schedule` instead.
[2023-01-14T21:19:48.084+0000] {processor.py:753} INFO - DAG(s) dict_keys(['example_sensor_decorator']) retrieved from /media/prempeh/Nouveau nom/MASTER2/DATA ENGINEERING/airflow/py_env/lib/python3.10/site-packages/airflow/example_dags/example_sensor_decorator.py
[2023-01-14T21:19:48.224+0000] {logging_mixin.py:137} INFO - [2023-01-14T21:19:48.223+0000] {dag.py:2676} INFO - Sync 1 DAGs
[2023-01-14T21:19:48.296+0000] {logging_mixin.py:137} INFO - [2023-01-14T21:19:48.296+0000] {dag.py:3423} INFO - Setting next_dagrun for example_sensor_decorator to None, run_after=None
[2023-01-14T21:19:48.370+0000] {processor.py:175} INFO - Processing /media/prempeh/Nouveau nom/MASTER2/DATA ENGINEERING/airflow/py_env/lib/python3.10/site-packages/airflow/example_dags/example_sensor_decorator.py took 0.526 seconds
[2023-01-14T21:20:56.397+0000] {processor.py:153} INFO - Started process (PID=9810) to work on /media/prempeh/Nouveau nom/MASTER2/DATA ENGINEERING/airflow/py_env/lib/python3.10/site-packages/airflow/example_dags/example_sensor_decorator.py
[2023-01-14T21:20:56.400+0000] {processor.py:743} INFO - Processing file /media/prempeh/Nouveau nom/MASTER2/DATA ENGINEERING/airflow/py_env/lib/python3.10/site-packages/airflow/example_dags/example_sensor_decorator.py for tasks to queue
[2023-01-14T21:20:56.404+0000] {logging_mixin.py:137} INFO - [2023-01-14T21:20:56.404+0000] {dagbag.py:538} INFO - Filling up the DagBag from /media/prempeh/Nouveau nom/MASTER2/DATA ENGINEERING/airflow/py_env/lib/python3.10/site-packages/airflow/example_dags/example_sensor_decorator.py
[2023-01-14T21:20:56.531+0000] {logging_mixin.py:137} WARNING - /media/prempeh/Nouveau nom/MASTER2/DATA ENGINEERING/airflow/py_env/lib/python3.10/site-packages/airflow/models/dag.py:3492 RemovedInAirflow3Warning: Param `schedule_interval` is deprecated and will be removed in a future release. Please use `schedule` instead.
[2023-01-14T21:20:56.601+0000] {processor.py:753} INFO - DAG(s) dict_keys(['example_sensor_decorator']) retrieved from /media/prempeh/Nouveau nom/MASTER2/DATA ENGINEERING/airflow/py_env/lib/python3.10/site-packages/airflow/example_dags/example_sensor_decorator.py
[2023-01-14T21:20:56.743+0000] {logging_mixin.py:137} INFO - [2023-01-14T21:20:56.743+0000] {dag.py:2676} INFO - Sync 1 DAGs
[2023-01-14T21:20:56.809+0000] {logging_mixin.py:137} INFO - [2023-01-14T21:20:56.808+0000] {dag.py:3423} INFO - Setting next_dagrun for example_sensor_decorator to None, run_after=None
[2023-01-14T21:20:56.891+0000] {processor.py:175} INFO - Processing /media/prempeh/Nouveau nom/MASTER2/DATA ENGINEERING/airflow/py_env/lib/python3.10/site-packages/airflow/example_dags/example_sensor_decorator.py took 0.505 seconds
[2023-01-14T21:22:05.979+0000] {processor.py:153} INFO - Started process (PID=9970) to work on /media/prempeh/Nouveau nom/MASTER2/DATA ENGINEERING/airflow/py_env/lib/python3.10/site-packages/airflow/example_dags/example_sensor_decorator.py
[2023-01-14T21:22:05.983+0000] {processor.py:743} INFO - Processing file /media/prempeh/Nouveau nom/MASTER2/DATA ENGINEERING/airflow/py_env/lib/python3.10/site-packages/airflow/example_dags/example_sensor_decorator.py for tasks to queue
[2023-01-14T21:22:05.989+0000] {logging_mixin.py:137} INFO - [2023-01-14T21:22:05.988+0000] {dagbag.py:538} INFO - Filling up the DagBag from /media/prempeh/Nouveau nom/MASTER2/DATA ENGINEERING/airflow/py_env/lib/python3.10/site-packages/airflow/example_dags/example_sensor_decorator.py
[2023-01-14T21:22:06.196+0000] {logging_mixin.py:137} WARNING - /media/prempeh/Nouveau nom/MASTER2/DATA ENGINEERING/airflow/py_env/lib/python3.10/site-packages/airflow/models/dag.py:3492 RemovedInAirflow3Warning: Param `schedule_interval` is deprecated and will be removed in a future release. Please use `schedule` instead.
[2023-01-14T21:22:06.312+0000] {processor.py:753} INFO - DAG(s) dict_keys(['example_sensor_decorator']) retrieved from /media/prempeh/Nouveau nom/MASTER2/DATA ENGINEERING/airflow/py_env/lib/python3.10/site-packages/airflow/example_dags/example_sensor_decorator.py
[2023-01-14T21:22:06.524+0000] {logging_mixin.py:137} INFO - [2023-01-14T21:22:06.523+0000] {dag.py:2676} INFO - Sync 1 DAGs
[2023-01-14T21:22:06.609+0000] {logging_mixin.py:137} INFO - [2023-01-14T21:22:06.608+0000] {dag.py:3423} INFO - Setting next_dagrun for example_sensor_decorator to None, run_after=None
[2023-01-14T21:22:06.704+0000] {processor.py:175} INFO - Processing /media/prempeh/Nouveau nom/MASTER2/DATA ENGINEERING/airflow/py_env/lib/python3.10/site-packages/airflow/example_dags/example_sensor_decorator.py took 0.737 seconds
[2023-01-14T21:23:22.302+0000] {processor.py:153} INFO - Started process (PID=10342) to work on /media/prempeh/Nouveau nom/MASTER2/DATA ENGINEERING/airflow/py_env/lib/python3.10/site-packages/airflow/example_dags/example_sensor_decorator.py
[2023-01-14T21:23:22.306+0000] {processor.py:743} INFO - Processing file /media/prempeh/Nouveau nom/MASTER2/DATA ENGINEERING/airflow/py_env/lib/python3.10/site-packages/airflow/example_dags/example_sensor_decorator.py for tasks to queue
[2023-01-14T21:23:22.310+0000] {logging_mixin.py:137} INFO - [2023-01-14T21:23:22.310+0000] {dagbag.py:538} INFO - Filling up the DagBag from /media/prempeh/Nouveau nom/MASTER2/DATA ENGINEERING/airflow/py_env/lib/python3.10/site-packages/airflow/example_dags/example_sensor_decorator.py
[2023-01-14T21:23:22.439+0000] {logging_mixin.py:137} WARNING - /media/prempeh/Nouveau nom/MASTER2/DATA ENGINEERING/airflow/py_env/lib/python3.10/site-packages/airflow/models/dag.py:3492 RemovedInAirflow3Warning: Param `schedule_interval` is deprecated and will be removed in a future release. Please use `schedule` instead.
[2023-01-14T21:23:22.525+0000] {processor.py:753} INFO - DAG(s) dict_keys(['example_sensor_decorator']) retrieved from /media/prempeh/Nouveau nom/MASTER2/DATA ENGINEERING/airflow/py_env/lib/python3.10/site-packages/airflow/example_dags/example_sensor_decorator.py
[2023-01-14T21:23:22.665+0000] {logging_mixin.py:137} INFO - [2023-01-14T21:23:22.664+0000] {dag.py:2676} INFO - Sync 1 DAGs
[2023-01-14T21:23:22.735+0000] {logging_mixin.py:137} INFO - [2023-01-14T21:23:22.735+0000] {dag.py:3423} INFO - Setting next_dagrun for example_sensor_decorator to None, run_after=None
[2023-01-14T21:23:22.816+0000] {processor.py:175} INFO - Processing /media/prempeh/Nouveau nom/MASTER2/DATA ENGINEERING/airflow/py_env/lib/python3.10/site-packages/airflow/example_dags/example_sensor_decorator.py took 0.523 seconds
[2023-01-14T21:24:26.925+0000] {processor.py:153} INFO - Started process (PID=10391) to work on /media/prempeh/Nouveau nom/MASTER2/DATA ENGINEERING/airflow/py_env/lib/python3.10/site-packages/airflow/example_dags/example_sensor_decorator.py
[2023-01-14T21:24:26.929+0000] {processor.py:743} INFO - Processing file /media/prempeh/Nouveau nom/MASTER2/DATA ENGINEERING/airflow/py_env/lib/python3.10/site-packages/airflow/example_dags/example_sensor_decorator.py for tasks to queue
[2023-01-14T21:24:26.935+0000] {logging_mixin.py:137} INFO - [2023-01-14T21:24:26.934+0000] {dagbag.py:538} INFO - Filling up the DagBag from /media/prempeh/Nouveau nom/MASTER2/DATA ENGINEERING/airflow/py_env/lib/python3.10/site-packages/airflow/example_dags/example_sensor_decorator.py
[2023-01-14T21:24:27.073+0000] {logging_mixin.py:137} WARNING - /media/prempeh/Nouveau nom/MASTER2/DATA ENGINEERING/airflow/py_env/lib/python3.10/site-packages/airflow/models/dag.py:3492 RemovedInAirflow3Warning: Param `schedule_interval` is deprecated and will be removed in a future release. Please use `schedule` instead.
[2023-01-14T21:24:27.134+0000] {processor.py:753} INFO - DAG(s) dict_keys(['example_sensor_decorator']) retrieved from /media/prempeh/Nouveau nom/MASTER2/DATA ENGINEERING/airflow/py_env/lib/python3.10/site-packages/airflow/example_dags/example_sensor_decorator.py
[2023-01-14T21:24:27.261+0000] {logging_mixin.py:137} INFO - [2023-01-14T21:24:27.260+0000] {dag.py:2676} INFO - Sync 1 DAGs
[2023-01-14T21:24:27.316+0000] {logging_mixin.py:137} INFO - [2023-01-14T21:24:27.315+0000] {dag.py:3423} INFO - Setting next_dagrun for example_sensor_decorator to None, run_after=None
[2023-01-14T21:24:27.385+0000] {processor.py:175} INFO - Processing /media/prempeh/Nouveau nom/MASTER2/DATA ENGINEERING/airflow/py_env/lib/python3.10/site-packages/airflow/example_dags/example_sensor_decorator.py took 0.470 seconds
[2023-01-14T21:25:39.286+0000] {processor.py:153} INFO - Started process (PID=10545) to work on /media/prempeh/Nouveau nom/MASTER2/DATA ENGINEERING/airflow/py_env/lib/python3.10/site-packages/airflow/example_dags/example_sensor_decorator.py
[2023-01-14T21:25:39.289+0000] {processor.py:743} INFO - Processing file /media/prempeh/Nouveau nom/MASTER2/DATA ENGINEERING/airflow/py_env/lib/python3.10/site-packages/airflow/example_dags/example_sensor_decorator.py for tasks to queue
[2023-01-14T21:25:39.294+0000] {logging_mixin.py:137} INFO - [2023-01-14T21:25:39.293+0000] {dagbag.py:538} INFO - Filling up the DagBag from /media/prempeh/Nouveau nom/MASTER2/DATA ENGINEERING/airflow/py_env/lib/python3.10/site-packages/airflow/example_dags/example_sensor_decorator.py
[2023-01-14T21:25:39.433+0000] {logging_mixin.py:137} WARNING - /media/prempeh/Nouveau nom/MASTER2/DATA ENGINEERING/airflow/py_env/lib/python3.10/site-packages/airflow/models/dag.py:3492 RemovedInAirflow3Warning: Param `schedule_interval` is deprecated and will be removed in a future release. Please use `schedule` instead.
[2023-01-14T21:25:39.502+0000] {processor.py:753} INFO - DAG(s) dict_keys(['example_sensor_decorator']) retrieved from /media/prempeh/Nouveau nom/MASTER2/DATA ENGINEERING/airflow/py_env/lib/python3.10/site-packages/airflow/example_dags/example_sensor_decorator.py
[2023-01-14T21:25:39.654+0000] {logging_mixin.py:137} INFO - [2023-01-14T21:25:39.653+0000] {dag.py:2676} INFO - Sync 1 DAGs
[2023-01-14T21:25:39.721+0000] {logging_mixin.py:137} INFO - [2023-01-14T21:25:39.720+0000] {dag.py:3423} INFO - Setting next_dagrun for example_sensor_decorator to None, run_after=None
[2023-01-14T21:25:39.795+0000] {processor.py:175} INFO - Processing /media/prempeh/Nouveau nom/MASTER2/DATA ENGINEERING/airflow/py_env/lib/python3.10/site-packages/airflow/example_dags/example_sensor_decorator.py took 0.518 seconds
[2023-01-14T21:26:49.734+0000] {processor.py:153} INFO - Started process (PID=10689) to work on /media/prempeh/Nouveau nom/MASTER2/DATA ENGINEERING/airflow/py_env/lib/python3.10/site-packages/airflow/example_dags/example_sensor_decorator.py
[2023-01-14T21:26:49.740+0000] {processor.py:743} INFO - Processing file /media/prempeh/Nouveau nom/MASTER2/DATA ENGINEERING/airflow/py_env/lib/python3.10/site-packages/airflow/example_dags/example_sensor_decorator.py for tasks to queue
[2023-01-14T21:26:49.748+0000] {logging_mixin.py:137} INFO - [2023-01-14T21:26:49.747+0000] {dagbag.py:538} INFO - Filling up the DagBag from /media/prempeh/Nouveau nom/MASTER2/DATA ENGINEERING/airflow/py_env/lib/python3.10/site-packages/airflow/example_dags/example_sensor_decorator.py
[2023-01-14T21:26:49.924+0000] {logging_mixin.py:137} WARNING - /media/prempeh/Nouveau nom/MASTER2/DATA ENGINEERING/airflow/py_env/lib/python3.10/site-packages/airflow/models/dag.py:3492 RemovedInAirflow3Warning: Param `schedule_interval` is deprecated and will be removed in a future release. Please use `schedule` instead.
[2023-01-14T21:26:50.024+0000] {processor.py:753} INFO - DAG(s) dict_keys(['example_sensor_decorator']) retrieved from /media/prempeh/Nouveau nom/MASTER2/DATA ENGINEERING/airflow/py_env/lib/python3.10/site-packages/airflow/example_dags/example_sensor_decorator.py
[2023-01-14T21:26:50.216+0000] {logging_mixin.py:137} INFO - [2023-01-14T21:26:50.215+0000] {dag.py:2676} INFO - Sync 1 DAGs
[2023-01-14T21:26:50.306+0000] {logging_mixin.py:137} INFO - [2023-01-14T21:26:50.305+0000] {dag.py:3423} INFO - Setting next_dagrun for example_sensor_decorator to None, run_after=None
[2023-01-14T21:26:50.406+0000] {processor.py:175} INFO - Processing /media/prempeh/Nouveau nom/MASTER2/DATA ENGINEERING/airflow/py_env/lib/python3.10/site-packages/airflow/example_dags/example_sensor_decorator.py took 0.683 seconds
