[2023-01-14T20:52:45.582+0000] {processor.py:153} INFO - Started process (PID=6405) to work on /media/prempeh/Nouveau nom/MASTER2/DATA ENGINEERING/airflow/py_env/lib/python3.10/site-packages/airflow/example_dags/example_xcom.py
[2023-01-14T20:52:45.585+0000] {processor.py:743} INFO - Processing file /media/prempeh/Nouveau nom/MASTER2/DATA ENGINEERING/airflow/py_env/lib/python3.10/site-packages/airflow/example_dags/example_xcom.py for tasks to queue
[2023-01-14T20:52:45.589+0000] {logging_mixin.py:137} INFO - [2023-01-14T20:52:45.589+0000] {dagbag.py:538} INFO - Filling up the DagBag from /media/prempeh/Nouveau nom/MASTER2/DATA ENGINEERING/airflow/py_env/lib/python3.10/site-packages/airflow/example_dags/example_xcom.py
[2023-01-14T20:52:45.773+0000] {processor.py:753} INFO - DAG(s) dict_keys(['example_xcom']) retrieved from /media/prempeh/Nouveau nom/MASTER2/DATA ENGINEERING/airflow/py_env/lib/python3.10/site-packages/airflow/example_dags/example_xcom.py
[2023-01-14T20:52:46.406+0000] {logging_mixin.py:137} INFO - [2023-01-14T20:52:46.405+0000] {manager.py:504} INFO - Created Permission View: can edit on DAG:example_xcom
[2023-01-14T20:52:46.437+0000] {logging_mixin.py:137} INFO - [2023-01-14T20:52:46.436+0000] {manager.py:504} INFO - Created Permission View: can delete on DAG:example_xcom
[2023-01-14T20:52:46.461+0000] {logging_mixin.py:137} INFO - [2023-01-14T20:52:46.460+0000] {manager.py:504} INFO - Created Permission View: can read on DAG:example_xcom
[2023-01-14T20:52:46.462+0000] {logging_mixin.py:137} INFO - [2023-01-14T20:52:46.462+0000] {dag.py:2676} INFO - Sync 1 DAGs
[2023-01-14T20:52:46.495+0000] {logging_mixin.py:137} INFO - [2023-01-14T20:52:46.495+0000] {dag.py:2697} INFO - Creating ORM DAG for example_xcom
[2023-01-14T20:52:46.522+0000] {logging_mixin.py:137} INFO - [2023-01-14T20:52:46.521+0000] {dag.py:3423} INFO - Setting next_dagrun for example_xcom to 2021-01-01T00:00:00+00:00, run_after=2021-01-01T00:00:00+00:00
[2023-01-14T20:52:46.586+0000] {processor.py:175} INFO - Processing /media/prempeh/Nouveau nom/MASTER2/DATA ENGINEERING/airflow/py_env/lib/python3.10/site-packages/airflow/example_dags/example_xcom.py took 1.012 seconds
[2023-01-14T20:54:01.985+0000] {processor.py:153} INFO - Started process (PID=6710) to work on /media/prempeh/Nouveau nom/MASTER2/DATA ENGINEERING/airflow/py_env/lib/python3.10/site-packages/airflow/example_dags/example_xcom.py
[2023-01-14T20:54:01.990+0000] {processor.py:743} INFO - Processing file /media/prempeh/Nouveau nom/MASTER2/DATA ENGINEERING/airflow/py_env/lib/python3.10/site-packages/airflow/example_dags/example_xcom.py for tasks to queue
[2023-01-14T20:54:01.997+0000] {logging_mixin.py:137} INFO - [2023-01-14T20:54:01.997+0000] {dagbag.py:538} INFO - Filling up the DagBag from /media/prempeh/Nouveau nom/MASTER2/DATA ENGINEERING/airflow/py_env/lib/python3.10/site-packages/airflow/example_dags/example_xcom.py
[2023-01-14T20:54:02.398+0000] {processor.py:753} INFO - DAG(s) dict_keys(['example_xcom']) retrieved from /media/prempeh/Nouveau nom/MASTER2/DATA ENGINEERING/airflow/py_env/lib/python3.10/site-packages/airflow/example_dags/example_xcom.py
[2023-01-14T20:54:02.653+0000] {logging_mixin.py:137} INFO - [2023-01-14T20:54:02.653+0000] {dag.py:2676} INFO - Sync 1 DAGs
[2023-01-14T20:54:02.753+0000] {logging_mixin.py:137} INFO - [2023-01-14T20:54:02.752+0000] {dag.py:3423} INFO - Setting next_dagrun for example_xcom to 2021-01-01T00:00:00+00:00, run_after=2021-01-01T00:00:00+00:00
[2023-01-14T20:54:02.873+0000] {processor.py:175} INFO - Processing /media/prempeh/Nouveau nom/MASTER2/DATA ENGINEERING/airflow/py_env/lib/python3.10/site-packages/airflow/example_dags/example_xcom.py took 0.904 seconds
[2023-01-14T20:55:01.491+0000] {processor.py:153} INFO - Started process (PID=6748) to work on /media/prempeh/Nouveau nom/MASTER2/DATA ENGINEERING/airflow/py_env/lib/python3.10/site-packages/airflow/example_dags/example_xcom.py
[2023-01-14T20:55:01.495+0000] {processor.py:743} INFO - Processing file /media/prempeh/Nouveau nom/MASTER2/DATA ENGINEERING/airflow/py_env/lib/python3.10/site-packages/airflow/example_dags/example_xcom.py for tasks to queue
[2023-01-14T20:55:01.501+0000] {logging_mixin.py:137} INFO - [2023-01-14T20:55:01.500+0000] {dagbag.py:538} INFO - Filling up the DagBag from /media/prempeh/Nouveau nom/MASTER2/DATA ENGINEERING/airflow/py_env/lib/python3.10/site-packages/airflow/example_dags/example_xcom.py
[2023-01-14T20:55:01.709+0000] {processor.py:753} INFO - DAG(s) dict_keys(['example_xcom']) retrieved from /media/prempeh/Nouveau nom/MASTER2/DATA ENGINEERING/airflow/py_env/lib/python3.10/site-packages/airflow/example_dags/example_xcom.py
[2023-01-14T20:55:01.957+0000] {logging_mixin.py:137} INFO - [2023-01-14T20:55:01.956+0000] {dag.py:2676} INFO - Sync 1 DAGs
[2023-01-14T20:55:02.103+0000] {logging_mixin.py:137} INFO - [2023-01-14T20:55:02.102+0000] {dag.py:3423} INFO - Setting next_dagrun for example_xcom to 2021-01-01T00:00:00+00:00, run_after=2021-01-01T00:00:00+00:00
[2023-01-14T20:55:02.236+0000] {processor.py:175} INFO - Processing /media/prempeh/Nouveau nom/MASTER2/DATA ENGINEERING/airflow/py_env/lib/python3.10/site-packages/airflow/example_dags/example_xcom.py took 0.756 seconds
[2023-01-14T20:56:01.610+0000] {processor.py:153} INFO - Started process (PID=6815) to work on /media/prempeh/Nouveau nom/MASTER2/DATA ENGINEERING/airflow/py_env/lib/python3.10/site-packages/airflow/example_dags/example_xcom.py
[2023-01-14T20:56:01.613+0000] {processor.py:743} INFO - Processing file /media/prempeh/Nouveau nom/MASTER2/DATA ENGINEERING/airflow/py_env/lib/python3.10/site-packages/airflow/example_dags/example_xcom.py for tasks to queue
[2023-01-14T20:56:01.619+0000] {logging_mixin.py:137} INFO - [2023-01-14T20:56:01.618+0000] {dagbag.py:538} INFO - Filling up the DagBag from /media/prempeh/Nouveau nom/MASTER2/DATA ENGINEERING/airflow/py_env/lib/python3.10/site-packages/airflow/example_dags/example_xcom.py
[2023-01-14T20:56:01.926+0000] {processor.py:753} INFO - DAG(s) dict_keys(['example_xcom']) retrieved from /media/prempeh/Nouveau nom/MASTER2/DATA ENGINEERING/airflow/py_env/lib/python3.10/site-packages/airflow/example_dags/example_xcom.py
[2023-01-14T20:56:02.098+0000] {logging_mixin.py:137} INFO - [2023-01-14T20:56:02.097+0000] {dag.py:2676} INFO - Sync 1 DAGs
[2023-01-14T20:56:02.176+0000] {logging_mixin.py:137} INFO - [2023-01-14T20:56:02.176+0000] {dag.py:3423} INFO - Setting next_dagrun for example_xcom to 2021-01-01T00:00:00+00:00, run_after=2021-01-01T00:00:00+00:00
[2023-01-14T20:56:02.240+0000] {processor.py:175} INFO - Processing /media/prempeh/Nouveau nom/MASTER2/DATA ENGINEERING/airflow/py_env/lib/python3.10/site-packages/airflow/example_dags/example_xcom.py took 0.643 seconds
[2023-01-14T20:57:01.902+0000] {processor.py:153} INFO - Started process (PID=7012) to work on /media/prempeh/Nouveau nom/MASTER2/DATA ENGINEERING/airflow/py_env/lib/python3.10/site-packages/airflow/example_dags/example_xcom.py
[2023-01-14T20:57:01.907+0000] {processor.py:743} INFO - Processing file /media/prempeh/Nouveau nom/MASTER2/DATA ENGINEERING/airflow/py_env/lib/python3.10/site-packages/airflow/example_dags/example_xcom.py for tasks to queue
[2023-01-14T20:57:01.914+0000] {logging_mixin.py:137} INFO - [2023-01-14T20:57:01.913+0000] {dagbag.py:538} INFO - Filling up the DagBag from /media/prempeh/Nouveau nom/MASTER2/DATA ENGINEERING/airflow/py_env/lib/python3.10/site-packages/airflow/example_dags/example_xcom.py
[2023-01-14T20:57:02.133+0000] {processor.py:753} INFO - DAG(s) dict_keys(['example_xcom']) retrieved from /media/prempeh/Nouveau nom/MASTER2/DATA ENGINEERING/airflow/py_env/lib/python3.10/site-packages/airflow/example_dags/example_xcom.py
[2023-01-14T20:57:02.288+0000] {logging_mixin.py:137} INFO - [2023-01-14T20:57:02.287+0000] {dag.py:2676} INFO - Sync 1 DAGs
[2023-01-14T20:57:02.382+0000] {logging_mixin.py:137} INFO - [2023-01-14T20:57:02.381+0000] {dag.py:3423} INFO - Setting next_dagrun for example_xcom to 2021-01-01T00:00:00+00:00, run_after=2021-01-01T00:00:00+00:00
[2023-01-14T20:57:02.486+0000] {processor.py:175} INFO - Processing /media/prempeh/Nouveau nom/MASTER2/DATA ENGINEERING/airflow/py_env/lib/python3.10/site-packages/airflow/example_dags/example_xcom.py took 0.595 seconds
[2023-01-14T20:58:01.305+0000] {processor.py:153} INFO - Started process (PID=7109) to work on /media/prempeh/Nouveau nom/MASTER2/DATA ENGINEERING/airflow/py_env/lib/python3.10/site-packages/airflow/example_dags/example_xcom.py
[2023-01-14T20:58:01.308+0000] {processor.py:743} INFO - Processing file /media/prempeh/Nouveau nom/MASTER2/DATA ENGINEERING/airflow/py_env/lib/python3.10/site-packages/airflow/example_dags/example_xcom.py for tasks to queue
[2023-01-14T20:58:01.316+0000] {logging_mixin.py:137} INFO - [2023-01-14T20:58:01.315+0000] {dagbag.py:538} INFO - Filling up the DagBag from /media/prempeh/Nouveau nom/MASTER2/DATA ENGINEERING/airflow/py_env/lib/python3.10/site-packages/airflow/example_dags/example_xcom.py
[2023-01-14T20:58:01.563+0000] {processor.py:753} INFO - DAG(s) dict_keys(['example_xcom']) retrieved from /media/prempeh/Nouveau nom/MASTER2/DATA ENGINEERING/airflow/py_env/lib/python3.10/site-packages/airflow/example_dags/example_xcom.py
[2023-01-14T20:58:01.759+0000] {logging_mixin.py:137} INFO - [2023-01-14T20:58:01.759+0000] {dag.py:2676} INFO - Sync 1 DAGs
[2023-01-14T20:58:01.814+0000] {logging_mixin.py:137} INFO - [2023-01-14T20:58:01.814+0000] {dag.py:3423} INFO - Setting next_dagrun for example_xcom to 2021-01-01T00:00:00+00:00, run_after=2021-01-01T00:00:00+00:00
[2023-01-14T20:58:01.878+0000] {processor.py:175} INFO - Processing /media/prempeh/Nouveau nom/MASTER2/DATA ENGINEERING/airflow/py_env/lib/python3.10/site-packages/airflow/example_dags/example_xcom.py took 0.582 seconds
[2023-01-14T20:58:56.526+0000] {processor.py:153} INFO - Started process (PID=7150) to work on /media/prempeh/Nouveau nom/MASTER2/DATA ENGINEERING/airflow/py_env/lib/python3.10/site-packages/airflow/example_dags/example_xcom.py
[2023-01-14T20:58:56.529+0000] {processor.py:743} INFO - Processing file /media/prempeh/Nouveau nom/MASTER2/DATA ENGINEERING/airflow/py_env/lib/python3.10/site-packages/airflow/example_dags/example_xcom.py for tasks to queue
[2023-01-14T20:58:56.534+0000] {logging_mixin.py:137} INFO - [2023-01-14T20:58:56.534+0000] {dagbag.py:538} INFO - Filling up the DagBag from /media/prempeh/Nouveau nom/MASTER2/DATA ENGINEERING/airflow/py_env/lib/python3.10/site-packages/airflow/example_dags/example_xcom.py
[2023-01-14T20:58:56.722+0000] {processor.py:753} INFO - DAG(s) dict_keys(['example_xcom']) retrieved from /media/prempeh/Nouveau nom/MASTER2/DATA ENGINEERING/airflow/py_env/lib/python3.10/site-packages/airflow/example_dags/example_xcom.py
[2023-01-14T20:58:56.842+0000] {logging_mixin.py:137} INFO - [2023-01-14T20:58:56.841+0000] {dag.py:2676} INFO - Sync 1 DAGs
[2023-01-14T20:58:56.903+0000] {logging_mixin.py:137} INFO - [2023-01-14T20:58:56.902+0000] {dag.py:3423} INFO - Setting next_dagrun for example_xcom to 2021-01-01T00:00:00+00:00, run_after=2021-01-01T00:00:00+00:00
[2023-01-14T20:58:56.969+0000] {processor.py:175} INFO - Processing /media/prempeh/Nouveau nom/MASTER2/DATA ENGINEERING/airflow/py_env/lib/python3.10/site-packages/airflow/example_dags/example_xcom.py took 0.453 seconds
[2023-01-14T20:59:43.566+0000] {processor.py:153} INFO - Started process (PID=7198) to work on /media/prempeh/Nouveau nom/MASTER2/DATA ENGINEERING/airflow/py_env/lib/python3.10/site-packages/airflow/example_dags/example_xcom.py
[2023-01-14T20:59:43.570+0000] {processor.py:743} INFO - Processing file /media/prempeh/Nouveau nom/MASTER2/DATA ENGINEERING/airflow/py_env/lib/python3.10/site-packages/airflow/example_dags/example_xcom.py for tasks to queue
[2023-01-14T20:59:43.577+0000] {logging_mixin.py:137} INFO - [2023-01-14T20:59:43.576+0000] {dagbag.py:538} INFO - Filling up the DagBag from /media/prempeh/Nouveau nom/MASTER2/DATA ENGINEERING/airflow/py_env/lib/python3.10/site-packages/airflow/example_dags/example_xcom.py
[2023-01-14T20:59:43.821+0000] {processor.py:753} INFO - DAG(s) dict_keys(['example_xcom']) retrieved from /media/prempeh/Nouveau nom/MASTER2/DATA ENGINEERING/airflow/py_env/lib/python3.10/site-packages/airflow/example_dags/example_xcom.py
[2023-01-14T20:59:44.002+0000] {logging_mixin.py:137} INFO - [2023-01-14T20:59:44.002+0000] {dag.py:2676} INFO - Sync 1 DAGs
[2023-01-14T20:59:44.068+0000] {logging_mixin.py:137} INFO - [2023-01-14T20:59:44.068+0000] {dag.py:3423} INFO - Setting next_dagrun for example_xcom to 2021-01-01T00:00:00+00:00, run_after=2021-01-01T00:00:00+00:00
[2023-01-14T20:59:44.140+0000] {processor.py:175} INFO - Processing /media/prempeh/Nouveau nom/MASTER2/DATA ENGINEERING/airflow/py_env/lib/python3.10/site-packages/airflow/example_dags/example_xcom.py took 0.586 seconds
[2023-01-14T21:00:40.244+0000] {processor.py:153} INFO - Started process (PID=7270) to work on /media/prempeh/Nouveau nom/MASTER2/DATA ENGINEERING/airflow/py_env/lib/python3.10/site-packages/airflow/example_dags/example_xcom.py
[2023-01-14T21:00:40.247+0000] {processor.py:743} INFO - Processing file /media/prempeh/Nouveau nom/MASTER2/DATA ENGINEERING/airflow/py_env/lib/python3.10/site-packages/airflow/example_dags/example_xcom.py for tasks to queue
[2023-01-14T21:00:40.252+0000] {logging_mixin.py:137} INFO - [2023-01-14T21:00:40.251+0000] {dagbag.py:538} INFO - Filling up the DagBag from /media/prempeh/Nouveau nom/MASTER2/DATA ENGINEERING/airflow/py_env/lib/python3.10/site-packages/airflow/example_dags/example_xcom.py
[2023-01-14T21:00:40.430+0000] {processor.py:753} INFO - DAG(s) dict_keys(['example_xcom']) retrieved from /media/prempeh/Nouveau nom/MASTER2/DATA ENGINEERING/airflow/py_env/lib/python3.10/site-packages/airflow/example_dags/example_xcom.py
[2023-01-14T21:00:40.570+0000] {logging_mixin.py:137} INFO - [2023-01-14T21:00:40.569+0000] {dag.py:2676} INFO - Sync 1 DAGs
[2023-01-14T21:00:40.628+0000] {logging_mixin.py:137} INFO - [2023-01-14T21:00:40.628+0000] {dag.py:3423} INFO - Setting next_dagrun for example_xcom to 2021-01-01T00:00:00+00:00, run_after=2021-01-01T00:00:00+00:00
[2023-01-14T21:00:40.701+0000] {processor.py:175} INFO - Processing /media/prempeh/Nouveau nom/MASTER2/DATA ENGINEERING/airflow/py_env/lib/python3.10/site-packages/airflow/example_dags/example_xcom.py took 0.468 seconds
[2023-01-14T21:01:33.925+0000] {processor.py:153} INFO - Started process (PID=7315) to work on /media/prempeh/Nouveau nom/MASTER2/DATA ENGINEERING/airflow/py_env/lib/python3.10/site-packages/airflow/example_dags/example_xcom.py
[2023-01-14T21:01:33.928+0000] {processor.py:743} INFO - Processing file /media/prempeh/Nouveau nom/MASTER2/DATA ENGINEERING/airflow/py_env/lib/python3.10/site-packages/airflow/example_dags/example_xcom.py for tasks to queue
[2023-01-14T21:01:33.932+0000] {logging_mixin.py:137} INFO - [2023-01-14T21:01:33.932+0000] {dagbag.py:538} INFO - Filling up the DagBag from /media/prempeh/Nouveau nom/MASTER2/DATA ENGINEERING/airflow/py_env/lib/python3.10/site-packages/airflow/example_dags/example_xcom.py
[2023-01-14T21:01:34.125+0000] {processor.py:753} INFO - DAG(s) dict_keys(['example_xcom']) retrieved from /media/prempeh/Nouveau nom/MASTER2/DATA ENGINEERING/airflow/py_env/lib/python3.10/site-packages/airflow/example_dags/example_xcom.py
[2023-01-14T21:01:34.252+0000] {logging_mixin.py:137} INFO - [2023-01-14T21:01:34.251+0000] {dag.py:2676} INFO - Sync 1 DAGs
[2023-01-14T21:01:34.316+0000] {logging_mixin.py:137} INFO - [2023-01-14T21:01:34.316+0000] {dag.py:3423} INFO - Setting next_dagrun for example_xcom to 2021-01-01T00:00:00+00:00, run_after=2021-01-01T00:00:00+00:00
[2023-01-14T21:01:34.385+0000] {processor.py:175} INFO - Processing /media/prempeh/Nouveau nom/MASTER2/DATA ENGINEERING/airflow/py_env/lib/python3.10/site-packages/airflow/example_dags/example_xcom.py took 0.468 seconds
[2023-01-14T21:02:27.713+0000] {processor.py:153} INFO - Started process (PID=7380) to work on /media/prempeh/Nouveau nom/MASTER2/DATA ENGINEERING/airflow/py_env/lib/python3.10/site-packages/airflow/example_dags/example_xcom.py
[2023-01-14T21:02:27.717+0000] {processor.py:743} INFO - Processing file /media/prempeh/Nouveau nom/MASTER2/DATA ENGINEERING/airflow/py_env/lib/python3.10/site-packages/airflow/example_dags/example_xcom.py for tasks to queue
[2023-01-14T21:02:27.727+0000] {logging_mixin.py:137} INFO - [2023-01-14T21:02:27.726+0000] {dagbag.py:538} INFO - Filling up the DagBag from /media/prempeh/Nouveau nom/MASTER2/DATA ENGINEERING/airflow/py_env/lib/python3.10/site-packages/airflow/example_dags/example_xcom.py
[2023-01-14T21:02:27.930+0000] {processor.py:753} INFO - DAG(s) dict_keys(['example_xcom']) retrieved from /media/prempeh/Nouveau nom/MASTER2/DATA ENGINEERING/airflow/py_env/lib/python3.10/site-packages/airflow/example_dags/example_xcom.py
[2023-01-14T21:02:28.063+0000] {logging_mixin.py:137} INFO - [2023-01-14T21:02:28.063+0000] {dag.py:2676} INFO - Sync 1 DAGs
[2023-01-14T21:02:28.144+0000] {logging_mixin.py:137} INFO - [2023-01-14T21:02:28.143+0000] {dag.py:3423} INFO - Setting next_dagrun for example_xcom to 2021-01-01T00:00:00+00:00, run_after=2021-01-01T00:00:00+00:00
[2023-01-14T21:02:28.231+0000] {processor.py:175} INFO - Processing /media/prempeh/Nouveau nom/MASTER2/DATA ENGINEERING/airflow/py_env/lib/python3.10/site-packages/airflow/example_dags/example_xcom.py took 0.530 seconds
[2023-01-14T21:03:17.598+0000] {processor.py:153} INFO - Started process (PID=7424) to work on /media/prempeh/Nouveau nom/MASTER2/DATA ENGINEERING/airflow/py_env/lib/python3.10/site-packages/airflow/example_dags/example_xcom.py
[2023-01-14T21:03:17.601+0000] {processor.py:743} INFO - Processing file /media/prempeh/Nouveau nom/MASTER2/DATA ENGINEERING/airflow/py_env/lib/python3.10/site-packages/airflow/example_dags/example_xcom.py for tasks to queue
[2023-01-14T21:03:17.606+0000] {logging_mixin.py:137} INFO - [2023-01-14T21:03:17.605+0000] {dagbag.py:538} INFO - Filling up the DagBag from /media/prempeh/Nouveau nom/MASTER2/DATA ENGINEERING/airflow/py_env/lib/python3.10/site-packages/airflow/example_dags/example_xcom.py
[2023-01-14T21:03:17.811+0000] {processor.py:753} INFO - DAG(s) dict_keys(['example_xcom']) retrieved from /media/prempeh/Nouveau nom/MASTER2/DATA ENGINEERING/airflow/py_env/lib/python3.10/site-packages/airflow/example_dags/example_xcom.py
[2023-01-14T21:03:17.938+0000] {logging_mixin.py:137} INFO - [2023-01-14T21:03:17.937+0000] {dag.py:2676} INFO - Sync 1 DAGs
[2023-01-14T21:03:18.001+0000] {logging_mixin.py:137} INFO - [2023-01-14T21:03:18.000+0000] {dag.py:3423} INFO - Setting next_dagrun for example_xcom to 2021-01-01T00:00:00+00:00, run_after=2021-01-01T00:00:00+00:00
[2023-01-14T21:03:18.071+0000] {processor.py:175} INFO - Processing /media/prempeh/Nouveau nom/MASTER2/DATA ENGINEERING/airflow/py_env/lib/python3.10/site-packages/airflow/example_dags/example_xcom.py took 0.482 seconds
[2023-01-14T21:04:23.777+0000] {processor.py:153} INFO - Started process (PID=7494) to work on /media/prempeh/Nouveau nom/MASTER2/DATA ENGINEERING/airflow/py_env/lib/python3.10/site-packages/airflow/example_dags/example_xcom.py
[2023-01-14T21:04:23.780+0000] {processor.py:743} INFO - Processing file /media/prempeh/Nouveau nom/MASTER2/DATA ENGINEERING/airflow/py_env/lib/python3.10/site-packages/airflow/example_dags/example_xcom.py for tasks to queue
[2023-01-14T21:04:23.786+0000] {logging_mixin.py:137} INFO - [2023-01-14T21:04:23.785+0000] {dagbag.py:538} INFO - Filling up the DagBag from /media/prempeh/Nouveau nom/MASTER2/DATA ENGINEERING/airflow/py_env/lib/python3.10/site-packages/airflow/example_dags/example_xcom.py
[2023-01-14T21:04:24.001+0000] {processor.py:753} INFO - DAG(s) dict_keys(['example_xcom']) retrieved from /media/prempeh/Nouveau nom/MASTER2/DATA ENGINEERING/airflow/py_env/lib/python3.10/site-packages/airflow/example_dags/example_xcom.py
[2023-01-14T21:04:24.146+0000] {logging_mixin.py:137} INFO - [2023-01-14T21:04:24.145+0000] {dag.py:2676} INFO - Sync 1 DAGs
[2023-01-14T21:04:24.205+0000] {logging_mixin.py:137} INFO - [2023-01-14T21:04:24.205+0000] {dag.py:3423} INFO - Setting next_dagrun for example_xcom to 2021-01-01T00:00:00+00:00, run_after=2021-01-01T00:00:00+00:00
[2023-01-14T21:04:24.273+0000] {processor.py:175} INFO - Processing /media/prempeh/Nouveau nom/MASTER2/DATA ENGINEERING/airflow/py_env/lib/python3.10/site-packages/airflow/example_dags/example_xcom.py took 0.506 seconds
[2023-01-14T21:05:21.694+0000] {processor.py:153} INFO - Started process (PID=7543) to work on /media/prempeh/Nouveau nom/MASTER2/DATA ENGINEERING/airflow/py_env/lib/python3.10/site-packages/airflow/example_dags/example_xcom.py
[2023-01-14T21:05:21.697+0000] {processor.py:743} INFO - Processing file /media/prempeh/Nouveau nom/MASTER2/DATA ENGINEERING/airflow/py_env/lib/python3.10/site-packages/airflow/example_dags/example_xcom.py for tasks to queue
[2023-01-14T21:05:21.704+0000] {logging_mixin.py:137} INFO - [2023-01-14T21:05:21.704+0000] {dagbag.py:538} INFO - Filling up the DagBag from /media/prempeh/Nouveau nom/MASTER2/DATA ENGINEERING/airflow/py_env/lib/python3.10/site-packages/airflow/example_dags/example_xcom.py
[2023-01-14T21:05:21.889+0000] {processor.py:753} INFO - DAG(s) dict_keys(['example_xcom']) retrieved from /media/prempeh/Nouveau nom/MASTER2/DATA ENGINEERING/airflow/py_env/lib/python3.10/site-packages/airflow/example_dags/example_xcom.py
[2023-01-14T21:05:22.013+0000] {logging_mixin.py:137} INFO - [2023-01-14T21:05:22.013+0000] {dag.py:2676} INFO - Sync 1 DAGs
[2023-01-14T21:05:22.083+0000] {logging_mixin.py:137} INFO - [2023-01-14T21:05:22.083+0000] {dag.py:3423} INFO - Setting next_dagrun for example_xcom to 2021-01-01T00:00:00+00:00, run_after=2021-01-01T00:00:00+00:00
[2023-01-14T21:05:22.152+0000] {processor.py:175} INFO - Processing /media/prempeh/Nouveau nom/MASTER2/DATA ENGINEERING/airflow/py_env/lib/python3.10/site-packages/airflow/example_dags/example_xcom.py took 0.466 seconds
[2023-01-14T21:06:28.119+0000] {processor.py:153} INFO - Started process (PID=7717) to work on /media/prempeh/Nouveau nom/MASTER2/DATA ENGINEERING/airflow/py_env/lib/python3.10/site-packages/airflow/example_dags/example_xcom.py
[2023-01-14T21:06:28.122+0000] {processor.py:743} INFO - Processing file /media/prempeh/Nouveau nom/MASTER2/DATA ENGINEERING/airflow/py_env/lib/python3.10/site-packages/airflow/example_dags/example_xcom.py for tasks to queue
[2023-01-14T21:06:28.126+0000] {logging_mixin.py:137} INFO - [2023-01-14T21:06:28.126+0000] {dagbag.py:538} INFO - Filling up the DagBag from /media/prempeh/Nouveau nom/MASTER2/DATA ENGINEERING/airflow/py_env/lib/python3.10/site-packages/airflow/example_dags/example_xcom.py
[2023-01-14T21:06:28.334+0000] {processor.py:753} INFO - DAG(s) dict_keys(['example_xcom']) retrieved from /media/prempeh/Nouveau nom/MASTER2/DATA ENGINEERING/airflow/py_env/lib/python3.10/site-packages/airflow/example_dags/example_xcom.py
[2023-01-14T21:06:28.480+0000] {logging_mixin.py:137} INFO - [2023-01-14T21:06:28.480+0000] {dag.py:2676} INFO - Sync 1 DAGs
[2023-01-14T21:06:28.549+0000] {logging_mixin.py:137} INFO - [2023-01-14T21:06:28.548+0000] {dag.py:3423} INFO - Setting next_dagrun for example_xcom to 2021-01-01T00:00:00+00:00, run_after=2021-01-01T00:00:00+00:00
[2023-01-14T21:06:28.625+0000] {processor.py:175} INFO - Processing /media/prempeh/Nouveau nom/MASTER2/DATA ENGINEERING/airflow/py_env/lib/python3.10/site-packages/airflow/example_dags/example_xcom.py took 0.514 seconds
[2023-01-14T21:08:00.516+0000] {processor.py:153} INFO - Started process (PID=7993) to work on /media/prempeh/Nouveau nom/MASTER2/DATA ENGINEERING/airflow/py_env/lib/python3.10/site-packages/airflow/example_dags/example_xcom.py
[2023-01-14T21:08:00.519+0000] {processor.py:743} INFO - Processing file /media/prempeh/Nouveau nom/MASTER2/DATA ENGINEERING/airflow/py_env/lib/python3.10/site-packages/airflow/example_dags/example_xcom.py for tasks to queue
[2023-01-14T21:08:00.530+0000] {logging_mixin.py:137} INFO - [2023-01-14T21:08:00.529+0000] {dagbag.py:538} INFO - Filling up the DagBag from /media/prempeh/Nouveau nom/MASTER2/DATA ENGINEERING/airflow/py_env/lib/python3.10/site-packages/airflow/example_dags/example_xcom.py
[2023-01-14T21:08:00.963+0000] {processor.py:753} INFO - DAG(s) dict_keys(['example_xcom']) retrieved from /media/prempeh/Nouveau nom/MASTER2/DATA ENGINEERING/airflow/py_env/lib/python3.10/site-packages/airflow/example_dags/example_xcom.py
[2023-01-14T21:08:01.242+0000] {logging_mixin.py:137} INFO - [2023-01-14T21:08:01.239+0000] {dag.py:2676} INFO - Sync 1 DAGs
[2023-01-14T21:08:01.399+0000] {logging_mixin.py:137} INFO - [2023-01-14T21:08:01.399+0000] {dag.py:3423} INFO - Setting next_dagrun for example_xcom to 2021-01-01T00:00:00+00:00, run_after=2021-01-01T00:00:00+00:00
[2023-01-14T21:08:01.524+0000] {processor.py:175} INFO - Processing /media/prempeh/Nouveau nom/MASTER2/DATA ENGINEERING/airflow/py_env/lib/python3.10/site-packages/airflow/example_dags/example_xcom.py took 1.018 seconds
[2023-01-14T21:08:44.413+0000] {processor.py:153} INFO - Started process (PID=8081) to work on /media/prempeh/Nouveau nom/MASTER2/DATA ENGINEERING/airflow/py_env/lib/python3.10/site-packages/airflow/example_dags/example_xcom.py
[2023-01-14T21:08:44.416+0000] {processor.py:743} INFO - Processing file /media/prempeh/Nouveau nom/MASTER2/DATA ENGINEERING/airflow/py_env/lib/python3.10/site-packages/airflow/example_dags/example_xcom.py for tasks to queue
[2023-01-14T21:08:44.422+0000] {logging_mixin.py:137} INFO - [2023-01-14T21:08:44.421+0000] {dagbag.py:538} INFO - Filling up the DagBag from /media/prempeh/Nouveau nom/MASTER2/DATA ENGINEERING/airflow/py_env/lib/python3.10/site-packages/airflow/example_dags/example_xcom.py
[2023-01-14T21:08:44.623+0000] {processor.py:753} INFO - DAG(s) dict_keys(['example_xcom']) retrieved from /media/prempeh/Nouveau nom/MASTER2/DATA ENGINEERING/airflow/py_env/lib/python3.10/site-packages/airflow/example_dags/example_xcom.py
[2023-01-14T21:08:44.747+0000] {logging_mixin.py:137} INFO - [2023-01-14T21:08:44.747+0000] {dag.py:2676} INFO - Sync 1 DAGs
[2023-01-14T21:08:44.812+0000] {logging_mixin.py:137} INFO - [2023-01-14T21:08:44.812+0000] {dag.py:3423} INFO - Setting next_dagrun for example_xcom to 2021-01-01T00:00:00+00:00, run_after=2021-01-01T00:00:00+00:00
[2023-01-14T21:08:44.881+0000] {processor.py:175} INFO - Processing /media/prempeh/Nouveau nom/MASTER2/DATA ENGINEERING/airflow/py_env/lib/python3.10/site-packages/airflow/example_dags/example_xcom.py took 0.481 seconds
[2023-01-14T21:09:43.391+0000] {processor.py:153} INFO - Started process (PID=8128) to work on /media/prempeh/Nouveau nom/MASTER2/DATA ENGINEERING/airflow/py_env/lib/python3.10/site-packages/airflow/example_dags/example_xcom.py
[2023-01-14T21:09:43.395+0000] {processor.py:743} INFO - Processing file /media/prempeh/Nouveau nom/MASTER2/DATA ENGINEERING/airflow/py_env/lib/python3.10/site-packages/airflow/example_dags/example_xcom.py for tasks to queue
[2023-01-14T21:09:43.400+0000] {logging_mixin.py:137} INFO - [2023-01-14T21:09:43.399+0000] {dagbag.py:538} INFO - Filling up the DagBag from /media/prempeh/Nouveau nom/MASTER2/DATA ENGINEERING/airflow/py_env/lib/python3.10/site-packages/airflow/example_dags/example_xcom.py
[2023-01-14T21:09:43.589+0000] {processor.py:753} INFO - DAG(s) dict_keys(['example_xcom']) retrieved from /media/prempeh/Nouveau nom/MASTER2/DATA ENGINEERING/airflow/py_env/lib/python3.10/site-packages/airflow/example_dags/example_xcom.py
[2023-01-14T21:09:43.716+0000] {logging_mixin.py:137} INFO - [2023-01-14T21:09:43.716+0000] {dag.py:2676} INFO - Sync 1 DAGs
[2023-01-14T21:09:43.782+0000] {logging_mixin.py:137} INFO - [2023-01-14T21:09:43.782+0000] {dag.py:3423} INFO - Setting next_dagrun for example_xcom to 2021-01-01T00:00:00+00:00, run_after=2021-01-01T00:00:00+00:00
[2023-01-14T21:09:43.849+0000] {processor.py:175} INFO - Processing /media/prempeh/Nouveau nom/MASTER2/DATA ENGINEERING/airflow/py_env/lib/python3.10/site-packages/airflow/example_dags/example_xcom.py took 0.466 seconds
[2023-01-14T21:10:44.001+0000] {processor.py:153} INFO - Started process (PID=8173) to work on /media/prempeh/Nouveau nom/MASTER2/DATA ENGINEERING/airflow/py_env/lib/python3.10/site-packages/airflow/example_dags/example_xcom.py
[2023-01-14T21:10:44.004+0000] {processor.py:743} INFO - Processing file /media/prempeh/Nouveau nom/MASTER2/DATA ENGINEERING/airflow/py_env/lib/python3.10/site-packages/airflow/example_dags/example_xcom.py for tasks to queue
[2023-01-14T21:10:44.009+0000] {logging_mixin.py:137} INFO - [2023-01-14T21:10:44.008+0000] {dagbag.py:538} INFO - Filling up the DagBag from /media/prempeh/Nouveau nom/MASTER2/DATA ENGINEERING/airflow/py_env/lib/python3.10/site-packages/airflow/example_dags/example_xcom.py
[2023-01-14T21:10:44.180+0000] {processor.py:753} INFO - DAG(s) dict_keys(['example_xcom']) retrieved from /media/prempeh/Nouveau nom/MASTER2/DATA ENGINEERING/airflow/py_env/lib/python3.10/site-packages/airflow/example_dags/example_xcom.py
[2023-01-14T21:10:44.300+0000] {logging_mixin.py:137} INFO - [2023-01-14T21:10:44.299+0000] {dag.py:2676} INFO - Sync 1 DAGs
[2023-01-14T21:10:44.364+0000] {logging_mixin.py:137} INFO - [2023-01-14T21:10:44.363+0000] {dag.py:3423} INFO - Setting next_dagrun for example_xcom to 2021-01-01T00:00:00+00:00, run_after=2021-01-01T00:00:00+00:00
[2023-01-14T21:10:44.436+0000] {processor.py:175} INFO - Processing /media/prempeh/Nouveau nom/MASTER2/DATA ENGINEERING/airflow/py_env/lib/python3.10/site-packages/airflow/example_dags/example_xcom.py took 0.445 seconds
[2023-01-14T21:11:50.002+0000] {processor.py:153} INFO - Started process (PID=8221) to work on /media/prempeh/Nouveau nom/MASTER2/DATA ENGINEERING/airflow/py_env/lib/python3.10/site-packages/airflow/example_dags/example_xcom.py
[2023-01-14T21:11:50.006+0000] {processor.py:743} INFO - Processing file /media/prempeh/Nouveau nom/MASTER2/DATA ENGINEERING/airflow/py_env/lib/python3.10/site-packages/airflow/example_dags/example_xcom.py for tasks to queue
[2023-01-14T21:11:50.012+0000] {logging_mixin.py:137} INFO - [2023-01-14T21:11:50.011+0000] {dagbag.py:538} INFO - Filling up the DagBag from /media/prempeh/Nouveau nom/MASTER2/DATA ENGINEERING/airflow/py_env/lib/python3.10/site-packages/airflow/example_dags/example_xcom.py
[2023-01-14T21:11:50.339+0000] {processor.py:753} INFO - DAG(s) dict_keys(['example_xcom']) retrieved from /media/prempeh/Nouveau nom/MASTER2/DATA ENGINEERING/airflow/py_env/lib/python3.10/site-packages/airflow/example_dags/example_xcom.py
[2023-01-14T21:11:50.540+0000] {logging_mixin.py:137} INFO - [2023-01-14T21:11:50.539+0000] {dag.py:2676} INFO - Sync 1 DAGs
[2023-01-14T21:11:50.651+0000] {logging_mixin.py:137} INFO - [2023-01-14T21:11:50.650+0000] {dag.py:3423} INFO - Setting next_dagrun for example_xcom to 2021-01-01T00:00:00+00:00, run_after=2021-01-01T00:00:00+00:00
[2023-01-14T21:11:50.760+0000] {processor.py:175} INFO - Processing /media/prempeh/Nouveau nom/MASTER2/DATA ENGINEERING/airflow/py_env/lib/python3.10/site-packages/airflow/example_dags/example_xcom.py took 0.775 seconds
[2023-01-14T21:12:55.901+0000] {processor.py:153} INFO - Started process (PID=8266) to work on /media/prempeh/Nouveau nom/MASTER2/DATA ENGINEERING/airflow/py_env/lib/python3.10/site-packages/airflow/example_dags/example_xcom.py
[2023-01-14T21:12:55.904+0000] {processor.py:743} INFO - Processing file /media/prempeh/Nouveau nom/MASTER2/DATA ENGINEERING/airflow/py_env/lib/python3.10/site-packages/airflow/example_dags/example_xcom.py for tasks to queue
[2023-01-14T21:12:55.909+0000] {logging_mixin.py:137} INFO - [2023-01-14T21:12:55.908+0000] {dagbag.py:538} INFO - Filling up the DagBag from /media/prempeh/Nouveau nom/MASTER2/DATA ENGINEERING/airflow/py_env/lib/python3.10/site-packages/airflow/example_dags/example_xcom.py
[2023-01-14T21:12:56.092+0000] {processor.py:753} INFO - DAG(s) dict_keys(['example_xcom']) retrieved from /media/prempeh/Nouveau nom/MASTER2/DATA ENGINEERING/airflow/py_env/lib/python3.10/site-packages/airflow/example_dags/example_xcom.py
[2023-01-14T21:12:56.214+0000] {logging_mixin.py:137} INFO - [2023-01-14T21:12:56.213+0000] {dag.py:2676} INFO - Sync 1 DAGs
[2023-01-14T21:12:56.274+0000] {logging_mixin.py:137} INFO - [2023-01-14T21:12:56.274+0000] {dag.py:3423} INFO - Setting next_dagrun for example_xcom to 2021-01-01T00:00:00+00:00, run_after=2021-01-01T00:00:00+00:00
[2023-01-14T21:12:56.348+0000] {processor.py:175} INFO - Processing /media/prempeh/Nouveau nom/MASTER2/DATA ENGINEERING/airflow/py_env/lib/python3.10/site-packages/airflow/example_dags/example_xcom.py took 0.457 seconds
[2023-01-14T21:13:36.775+0000] {processor.py:153} INFO - Started process (PID=8291) to work on /media/prempeh/Nouveau nom/MASTER2/DATA ENGINEERING/airflow/py_env/lib/python3.10/site-packages/airflow/example_dags/example_xcom.py
[2023-01-14T21:13:36.778+0000] {processor.py:743} INFO - Processing file /media/prempeh/Nouveau nom/MASTER2/DATA ENGINEERING/airflow/py_env/lib/python3.10/site-packages/airflow/example_dags/example_xcom.py for tasks to queue
[2023-01-14T21:13:36.782+0000] {logging_mixin.py:137} INFO - [2023-01-14T21:13:36.782+0000] {dagbag.py:538} INFO - Filling up the DagBag from /media/prempeh/Nouveau nom/MASTER2/DATA ENGINEERING/airflow/py_env/lib/python3.10/site-packages/airflow/example_dags/example_xcom.py
[2023-01-14T21:13:36.988+0000] {processor.py:753} INFO - DAG(s) dict_keys(['example_xcom']) retrieved from /media/prempeh/Nouveau nom/MASTER2/DATA ENGINEERING/airflow/py_env/lib/python3.10/site-packages/airflow/example_dags/example_xcom.py
[2023-01-14T21:13:37.105+0000] {logging_mixin.py:137} INFO - [2023-01-14T21:13:37.105+0000] {dag.py:2676} INFO - Sync 1 DAGs
[2023-01-14T21:13:37.167+0000] {logging_mixin.py:137} INFO - [2023-01-14T21:13:37.166+0000] {dag.py:3423} INFO - Setting next_dagrun for example_xcom to 2021-01-01T00:00:00+00:00, run_after=2021-01-01T00:00:00+00:00
[2023-01-14T21:13:37.234+0000] {processor.py:175} INFO - Processing /media/prempeh/Nouveau nom/MASTER2/DATA ENGINEERING/airflow/py_env/lib/python3.10/site-packages/airflow/example_dags/example_xcom.py took 0.469 seconds
[2023-01-14T21:14:42.214+0000] {processor.py:153} INFO - Started process (PID=8343) to work on /media/prempeh/Nouveau nom/MASTER2/DATA ENGINEERING/airflow/py_env/lib/python3.10/site-packages/airflow/example_dags/example_xcom.py
[2023-01-14T21:14:42.217+0000] {processor.py:743} INFO - Processing file /media/prempeh/Nouveau nom/MASTER2/DATA ENGINEERING/airflow/py_env/lib/python3.10/site-packages/airflow/example_dags/example_xcom.py for tasks to queue
[2023-01-14T21:14:42.222+0000] {logging_mixin.py:137} INFO - [2023-01-14T21:14:42.221+0000] {dagbag.py:538} INFO - Filling up the DagBag from /media/prempeh/Nouveau nom/MASTER2/DATA ENGINEERING/airflow/py_env/lib/python3.10/site-packages/airflow/example_dags/example_xcom.py
[2023-01-14T21:14:42.421+0000] {processor.py:753} INFO - DAG(s) dict_keys(['example_xcom']) retrieved from /media/prempeh/Nouveau nom/MASTER2/DATA ENGINEERING/airflow/py_env/lib/python3.10/site-packages/airflow/example_dags/example_xcom.py
[2023-01-14T21:14:42.563+0000] {logging_mixin.py:137} INFO - [2023-01-14T21:14:42.563+0000] {dag.py:2676} INFO - Sync 1 DAGs
[2023-01-14T21:14:42.623+0000] {logging_mixin.py:137} INFO - [2023-01-14T21:14:42.622+0000] {dag.py:3423} INFO - Setting next_dagrun for example_xcom to 2021-01-01T00:00:00+00:00, run_after=2021-01-01T00:00:00+00:00
[2023-01-14T21:14:42.712+0000] {processor.py:175} INFO - Processing /media/prempeh/Nouveau nom/MASTER2/DATA ENGINEERING/airflow/py_env/lib/python3.10/site-packages/airflow/example_dags/example_xcom.py took 0.507 seconds
[2023-01-14T21:15:54.741+0000] {processor.py:153} INFO - Started process (PID=8888) to work on /media/prempeh/Nouveau nom/MASTER2/DATA ENGINEERING/airflow/py_env/lib/python3.10/site-packages/airflow/example_dags/example_xcom.py
[2023-01-14T21:15:54.745+0000] {processor.py:743} INFO - Processing file /media/prempeh/Nouveau nom/MASTER2/DATA ENGINEERING/airflow/py_env/lib/python3.10/site-packages/airflow/example_dags/example_xcom.py for tasks to queue
[2023-01-14T21:15:54.751+0000] {logging_mixin.py:137} INFO - [2023-01-14T21:15:54.750+0000] {dagbag.py:538} INFO - Filling up the DagBag from /media/prempeh/Nouveau nom/MASTER2/DATA ENGINEERING/airflow/py_env/lib/python3.10/site-packages/airflow/example_dags/example_xcom.py
[2023-01-14T21:15:55.066+0000] {processor.py:753} INFO - DAG(s) dict_keys(['example_xcom']) retrieved from /media/prempeh/Nouveau nom/MASTER2/DATA ENGINEERING/airflow/py_env/lib/python3.10/site-packages/airflow/example_dags/example_xcom.py
[2023-01-14T21:15:55.273+0000] {logging_mixin.py:137} INFO - [2023-01-14T21:15:55.272+0000] {dag.py:2676} INFO - Sync 1 DAGs
[2023-01-14T21:15:55.367+0000] {logging_mixin.py:137} INFO - [2023-01-14T21:15:55.367+0000] {dag.py:3423} INFO - Setting next_dagrun for example_xcom to 2021-01-01T00:00:00+00:00, run_after=2021-01-01T00:00:00+00:00
[2023-01-14T21:15:55.503+0000] {processor.py:175} INFO - Processing /media/prempeh/Nouveau nom/MASTER2/DATA ENGINEERING/airflow/py_env/lib/python3.10/site-packages/airflow/example_dags/example_xcom.py took 0.773 seconds
[2023-01-14T21:17:07.278+0000] {processor.py:153} INFO - Started process (PID=9140) to work on /media/prempeh/Nouveau nom/MASTER2/DATA ENGINEERING/airflow/py_env/lib/python3.10/site-packages/airflow/example_dags/example_xcom.py
[2023-01-14T21:17:07.281+0000] {processor.py:743} INFO - Processing file /media/prempeh/Nouveau nom/MASTER2/DATA ENGINEERING/airflow/py_env/lib/python3.10/site-packages/airflow/example_dags/example_xcom.py for tasks to queue
[2023-01-14T21:17:07.292+0000] {logging_mixin.py:137} INFO - [2023-01-14T21:17:07.292+0000] {dagbag.py:538} INFO - Filling up the DagBag from /media/prempeh/Nouveau nom/MASTER2/DATA ENGINEERING/airflow/py_env/lib/python3.10/site-packages/airflow/example_dags/example_xcom.py
[2023-01-14T21:17:07.536+0000] {processor.py:753} INFO - DAG(s) dict_keys(['example_xcom']) retrieved from /media/prempeh/Nouveau nom/MASTER2/DATA ENGINEERING/airflow/py_env/lib/python3.10/site-packages/airflow/example_dags/example_xcom.py
[2023-01-14T21:17:07.698+0000] {logging_mixin.py:137} INFO - [2023-01-14T21:17:07.697+0000] {dag.py:2676} INFO - Sync 1 DAGs
[2023-01-14T21:17:07.788+0000] {logging_mixin.py:137} INFO - [2023-01-14T21:17:07.787+0000] {dag.py:3423} INFO - Setting next_dagrun for example_xcom to 2021-01-01T00:00:00+00:00, run_after=2021-01-01T00:00:00+00:00
[2023-01-14T21:17:07.875+0000] {processor.py:175} INFO - Processing /media/prempeh/Nouveau nom/MASTER2/DATA ENGINEERING/airflow/py_env/lib/python3.10/site-packages/airflow/example_dags/example_xcom.py took 0.607 seconds
[2023-01-14T21:18:17.141+0000] {processor.py:153} INFO - Started process (PID=9264) to work on /media/prempeh/Nouveau nom/MASTER2/DATA ENGINEERING/airflow/py_env/lib/python3.10/site-packages/airflow/example_dags/example_xcom.py
[2023-01-14T21:18:17.143+0000] {processor.py:743} INFO - Processing file /media/prempeh/Nouveau nom/MASTER2/DATA ENGINEERING/airflow/py_env/lib/python3.10/site-packages/airflow/example_dags/example_xcom.py for tasks to queue
[2023-01-14T21:18:17.151+0000] {logging_mixin.py:137} INFO - [2023-01-14T21:18:17.150+0000] {dagbag.py:538} INFO - Filling up the DagBag from /media/prempeh/Nouveau nom/MASTER2/DATA ENGINEERING/airflow/py_env/lib/python3.10/site-packages/airflow/example_dags/example_xcom.py
[2023-01-14T21:18:17.350+0000] {processor.py:753} INFO - DAG(s) dict_keys(['example_xcom']) retrieved from /media/prempeh/Nouveau nom/MASTER2/DATA ENGINEERING/airflow/py_env/lib/python3.10/site-packages/airflow/example_dags/example_xcom.py
[2023-01-14T21:18:17.501+0000] {logging_mixin.py:137} INFO - [2023-01-14T21:18:17.500+0000] {dag.py:2676} INFO - Sync 1 DAGs
[2023-01-14T21:18:17.566+0000] {logging_mixin.py:137} INFO - [2023-01-14T21:18:17.565+0000] {dag.py:3423} INFO - Setting next_dagrun for example_xcom to 2021-01-01T00:00:00+00:00, run_after=2021-01-01T00:00:00+00:00
[2023-01-14T21:18:17.638+0000] {processor.py:175} INFO - Processing /media/prempeh/Nouveau nom/MASTER2/DATA ENGINEERING/airflow/py_env/lib/python3.10/site-packages/airflow/example_dags/example_xcom.py took 0.505 seconds
[2023-01-14T21:18:58.578+0000] {processor.py:153} INFO - Started process (PID=9423) to work on /media/prempeh/Nouveau nom/MASTER2/DATA ENGINEERING/airflow/py_env/lib/python3.10/site-packages/airflow/example_dags/example_xcom.py
[2023-01-14T21:18:58.582+0000] {processor.py:743} INFO - Processing file /media/prempeh/Nouveau nom/MASTER2/DATA ENGINEERING/airflow/py_env/lib/python3.10/site-packages/airflow/example_dags/example_xcom.py for tasks to queue
[2023-01-14T21:18:58.587+0000] {logging_mixin.py:137} INFO - [2023-01-14T21:18:58.586+0000] {dagbag.py:538} INFO - Filling up the DagBag from /media/prempeh/Nouveau nom/MASTER2/DATA ENGINEERING/airflow/py_env/lib/python3.10/site-packages/airflow/example_dags/example_xcom.py
[2023-01-14T21:18:58.804+0000] {processor.py:753} INFO - DAG(s) dict_keys(['example_xcom']) retrieved from /media/prempeh/Nouveau nom/MASTER2/DATA ENGINEERING/airflow/py_env/lib/python3.10/site-packages/airflow/example_dags/example_xcom.py
[2023-01-14T21:18:58.946+0000] {logging_mixin.py:137} INFO - [2023-01-14T21:18:58.945+0000] {dag.py:2676} INFO - Sync 1 DAGs
[2023-01-14T21:18:59.016+0000] {logging_mixin.py:137} INFO - [2023-01-14T21:18:59.015+0000] {dag.py:3423} INFO - Setting next_dagrun for example_xcom to 2021-01-01T00:00:00+00:00, run_after=2021-01-01T00:00:00+00:00
[2023-01-14T21:18:59.081+0000] {processor.py:175} INFO - Processing /media/prempeh/Nouveau nom/MASTER2/DATA ENGINEERING/airflow/py_env/lib/python3.10/site-packages/airflow/example_dags/example_xcom.py took 0.511 seconds
[2023-01-14T21:20:11.618+0000] {processor.py:153} INFO - Started process (PID=9719) to work on /media/prempeh/Nouveau nom/MASTER2/DATA ENGINEERING/airflow/py_env/lib/python3.10/site-packages/airflow/example_dags/example_xcom.py
[2023-01-14T21:20:11.621+0000] {processor.py:743} INFO - Processing file /media/prempeh/Nouveau nom/MASTER2/DATA ENGINEERING/airflow/py_env/lib/python3.10/site-packages/airflow/example_dags/example_xcom.py for tasks to queue
[2023-01-14T21:20:11.624+0000] {logging_mixin.py:137} INFO - [2023-01-14T21:20:11.624+0000] {dagbag.py:538} INFO - Filling up the DagBag from /media/prempeh/Nouveau nom/MASTER2/DATA ENGINEERING/airflow/py_env/lib/python3.10/site-packages/airflow/example_dags/example_xcom.py
[2023-01-14T21:20:11.800+0000] {processor.py:753} INFO - DAG(s) dict_keys(['example_xcom']) retrieved from /media/prempeh/Nouveau nom/MASTER2/DATA ENGINEERING/airflow/py_env/lib/python3.10/site-packages/airflow/example_dags/example_xcom.py
[2023-01-14T21:20:11.928+0000] {logging_mixin.py:137} INFO - [2023-01-14T21:20:11.928+0000] {dag.py:2676} INFO - Sync 1 DAGs
[2023-01-14T21:20:11.988+0000] {logging_mixin.py:137} INFO - [2023-01-14T21:20:11.988+0000] {dag.py:3423} INFO - Setting next_dagrun for example_xcom to 2021-01-01T00:00:00+00:00, run_after=2021-01-01T00:00:00+00:00
[2023-01-14T21:20:12.054+0000] {processor.py:175} INFO - Processing /media/prempeh/Nouveau nom/MASTER2/DATA ENGINEERING/airflow/py_env/lib/python3.10/site-packages/airflow/example_dags/example_xcom.py took 0.447 seconds
[2023-01-14T21:21:19.945+0000] {processor.py:153} INFO - Started process (PID=9830) to work on /media/prempeh/Nouveau nom/MASTER2/DATA ENGINEERING/airflow/py_env/lib/python3.10/site-packages/airflow/example_dags/example_xcom.py
[2023-01-14T21:21:19.948+0000] {processor.py:743} INFO - Processing file /media/prempeh/Nouveau nom/MASTER2/DATA ENGINEERING/airflow/py_env/lib/python3.10/site-packages/airflow/example_dags/example_xcom.py for tasks to queue
[2023-01-14T21:21:19.955+0000] {logging_mixin.py:137} INFO - [2023-01-14T21:21:19.954+0000] {dagbag.py:538} INFO - Filling up the DagBag from /media/prempeh/Nouveau nom/MASTER2/DATA ENGINEERING/airflow/py_env/lib/python3.10/site-packages/airflow/example_dags/example_xcom.py
[2023-01-14T21:21:20.173+0000] {processor.py:753} INFO - DAG(s) dict_keys(['example_xcom']) retrieved from /media/prempeh/Nouveau nom/MASTER2/DATA ENGINEERING/airflow/py_env/lib/python3.10/site-packages/airflow/example_dags/example_xcom.py
[2023-01-14T21:21:20.313+0000] {logging_mixin.py:137} INFO - [2023-01-14T21:21:20.312+0000] {dag.py:2676} INFO - Sync 1 DAGs
[2023-01-14T21:21:20.383+0000] {logging_mixin.py:137} INFO - [2023-01-14T21:21:20.382+0000] {dag.py:3423} INFO - Setting next_dagrun for example_xcom to 2021-01-01T00:00:00+00:00, run_after=2021-01-01T00:00:00+00:00
[2023-01-14T21:21:20.463+0000] {processor.py:175} INFO - Processing /media/prempeh/Nouveau nom/MASTER2/DATA ENGINEERING/airflow/py_env/lib/python3.10/site-packages/airflow/example_dags/example_xcom.py took 0.528 seconds
[2023-01-14T21:22:33.821+0000] {processor.py:153} INFO - Started process (PID=10113) to work on /media/prempeh/Nouveau nom/MASTER2/DATA ENGINEERING/airflow/py_env/lib/python3.10/site-packages/airflow/example_dags/example_xcom.py
[2023-01-14T21:22:33.826+0000] {processor.py:743} INFO - Processing file /media/prempeh/Nouveau nom/MASTER2/DATA ENGINEERING/airflow/py_env/lib/python3.10/site-packages/airflow/example_dags/example_xcom.py for tasks to queue
[2023-01-14T21:22:33.833+0000] {logging_mixin.py:137} INFO - [2023-01-14T21:22:33.832+0000] {dagbag.py:538} INFO - Filling up the DagBag from /media/prempeh/Nouveau nom/MASTER2/DATA ENGINEERING/airflow/py_env/lib/python3.10/site-packages/airflow/example_dags/example_xcom.py
[2023-01-14T21:22:34.247+0000] {processor.py:753} INFO - DAG(s) dict_keys(['example_xcom']) retrieved from /media/prempeh/Nouveau nom/MASTER2/DATA ENGINEERING/airflow/py_env/lib/python3.10/site-packages/airflow/example_dags/example_xcom.py
[2023-01-14T21:22:34.468+0000] {logging_mixin.py:137} INFO - [2023-01-14T21:22:34.468+0000] {dag.py:2676} INFO - Sync 1 DAGs
[2023-01-14T21:22:34.562+0000] {logging_mixin.py:137} INFO - [2023-01-14T21:22:34.560+0000] {dag.py:3423} INFO - Setting next_dagrun for example_xcom to 2021-01-01T00:00:00+00:00, run_after=2021-01-01T00:00:00+00:00
[2023-01-14T21:22:34.637+0000] {processor.py:175} INFO - Processing /media/prempeh/Nouveau nom/MASTER2/DATA ENGINEERING/airflow/py_env/lib/python3.10/site-packages/airflow/example_dags/example_xcom.py took 0.827 seconds
[2023-01-14T21:23:47.390+0000] {processor.py:153} INFO - Started process (PID=10359) to work on /media/prempeh/Nouveau nom/MASTER2/DATA ENGINEERING/airflow/py_env/lib/python3.10/site-packages/airflow/example_dags/example_xcom.py
[2023-01-14T21:23:47.393+0000] {processor.py:743} INFO - Processing file /media/prempeh/Nouveau nom/MASTER2/DATA ENGINEERING/airflow/py_env/lib/python3.10/site-packages/airflow/example_dags/example_xcom.py for tasks to queue
[2023-01-14T21:23:47.399+0000] {logging_mixin.py:137} INFO - [2023-01-14T21:23:47.398+0000] {dagbag.py:538} INFO - Filling up the DagBag from /media/prempeh/Nouveau nom/MASTER2/DATA ENGINEERING/airflow/py_env/lib/python3.10/site-packages/airflow/example_dags/example_xcom.py
[2023-01-14T21:23:47.619+0000] {processor.py:753} INFO - DAG(s) dict_keys(['example_xcom']) retrieved from /media/prempeh/Nouveau nom/MASTER2/DATA ENGINEERING/airflow/py_env/lib/python3.10/site-packages/airflow/example_dags/example_xcom.py
[2023-01-14T21:23:47.776+0000] {logging_mixin.py:137} INFO - [2023-01-14T21:23:47.775+0000] {dag.py:2676} INFO - Sync 1 DAGs
[2023-01-14T21:23:47.849+0000] {logging_mixin.py:137} INFO - [2023-01-14T21:23:47.848+0000] {dag.py:3423} INFO - Setting next_dagrun for example_xcom to 2021-01-01T00:00:00+00:00, run_after=2021-01-01T00:00:00+00:00
[2023-01-14T21:23:47.924+0000] {processor.py:175} INFO - Processing /media/prempeh/Nouveau nom/MASTER2/DATA ENGINEERING/airflow/py_env/lib/python3.10/site-packages/airflow/example_dags/example_xcom.py took 0.543 seconds
[2023-01-14T21:24:48.996+0000] {processor.py:153} INFO - Started process (PID=10439) to work on /media/prempeh/Nouveau nom/MASTER2/DATA ENGINEERING/airflow/py_env/lib/python3.10/site-packages/airflow/example_dags/example_xcom.py
[2023-01-14T21:24:48.999+0000] {processor.py:743} INFO - Processing file /media/prempeh/Nouveau nom/MASTER2/DATA ENGINEERING/airflow/py_env/lib/python3.10/site-packages/airflow/example_dags/example_xcom.py for tasks to queue
[2023-01-14T21:24:49.003+0000] {logging_mixin.py:137} INFO - [2023-01-14T21:24:49.002+0000] {dagbag.py:538} INFO - Filling up the DagBag from /media/prempeh/Nouveau nom/MASTER2/DATA ENGINEERING/airflow/py_env/lib/python3.10/site-packages/airflow/example_dags/example_xcom.py
[2023-01-14T21:24:49.214+0000] {processor.py:753} INFO - DAG(s) dict_keys(['example_xcom']) retrieved from /media/prempeh/Nouveau nom/MASTER2/DATA ENGINEERING/airflow/py_env/lib/python3.10/site-packages/airflow/example_dags/example_xcom.py
[2023-01-14T21:24:49.341+0000] {logging_mixin.py:137} INFO - [2023-01-14T21:24:49.341+0000] {dag.py:2676} INFO - Sync 1 DAGs
[2023-01-14T21:24:49.410+0000] {logging_mixin.py:137} INFO - [2023-01-14T21:24:49.409+0000] {dag.py:3423} INFO - Setting next_dagrun for example_xcom to 2021-01-01T00:00:00+00:00, run_after=2021-01-01T00:00:00+00:00
[2023-01-14T21:24:49.485+0000] {processor.py:175} INFO - Processing /media/prempeh/Nouveau nom/MASTER2/DATA ENGINEERING/airflow/py_env/lib/python3.10/site-packages/airflow/example_dags/example_xcom.py took 0.498 seconds
[2023-01-14T21:26:05.173+0000] {processor.py:153} INFO - Started process (PID=10566) to work on /media/prempeh/Nouveau nom/MASTER2/DATA ENGINEERING/airflow/py_env/lib/python3.10/site-packages/airflow/example_dags/example_xcom.py
[2023-01-14T21:26:05.175+0000] {processor.py:743} INFO - Processing file /media/prempeh/Nouveau nom/MASTER2/DATA ENGINEERING/airflow/py_env/lib/python3.10/site-packages/airflow/example_dags/example_xcom.py for tasks to queue
[2023-01-14T21:26:05.180+0000] {logging_mixin.py:137} INFO - [2023-01-14T21:26:05.179+0000] {dagbag.py:538} INFO - Filling up the DagBag from /media/prempeh/Nouveau nom/MASTER2/DATA ENGINEERING/airflow/py_env/lib/python3.10/site-packages/airflow/example_dags/example_xcom.py
[2023-01-14T21:26:05.402+0000] {processor.py:753} INFO - DAG(s) dict_keys(['example_xcom']) retrieved from /media/prempeh/Nouveau nom/MASTER2/DATA ENGINEERING/airflow/py_env/lib/python3.10/site-packages/airflow/example_dags/example_xcom.py
[2023-01-14T21:26:05.580+0000] {logging_mixin.py:137} INFO - [2023-01-14T21:26:05.579+0000] {dag.py:2676} INFO - Sync 1 DAGs
[2023-01-14T21:26:05.661+0000] {logging_mixin.py:137} INFO - [2023-01-14T21:26:05.660+0000] {dag.py:3423} INFO - Setting next_dagrun for example_xcom to 2021-01-01T00:00:00+00:00, run_after=2021-01-01T00:00:00+00:00
[2023-01-14T21:26:05.750+0000] {processor.py:175} INFO - Processing /media/prempeh/Nouveau nom/MASTER2/DATA ENGINEERING/airflow/py_env/lib/python3.10/site-packages/airflow/example_dags/example_xcom.py took 0.586 seconds
[2023-01-14T21:27:15.060+0000] {processor.py:153} INFO - Started process (PID=10791) to work on /media/prempeh/Nouveau nom/MASTER2/DATA ENGINEERING/airflow/py_env/lib/python3.10/site-packages/airflow/example_dags/example_xcom.py
[2023-01-14T21:27:15.063+0000] {processor.py:743} INFO - Processing file /media/prempeh/Nouveau nom/MASTER2/DATA ENGINEERING/airflow/py_env/lib/python3.10/site-packages/airflow/example_dags/example_xcom.py for tasks to queue
[2023-01-14T21:27:15.069+0000] {logging_mixin.py:137} INFO - [2023-01-14T21:27:15.069+0000] {dagbag.py:538} INFO - Filling up the DagBag from /media/prempeh/Nouveau nom/MASTER2/DATA ENGINEERING/airflow/py_env/lib/python3.10/site-packages/airflow/example_dags/example_xcom.py
[2023-01-14T21:27:15.262+0000] {processor.py:753} INFO - DAG(s) dict_keys(['example_xcom']) retrieved from /media/prempeh/Nouveau nom/MASTER2/DATA ENGINEERING/airflow/py_env/lib/python3.10/site-packages/airflow/example_dags/example_xcom.py
[2023-01-14T21:27:15.407+0000] {logging_mixin.py:137} INFO - [2023-01-14T21:27:15.406+0000] {dag.py:2676} INFO - Sync 1 DAGs
[2023-01-14T21:27:15.476+0000] {logging_mixin.py:137} INFO - [2023-01-14T21:27:15.476+0000] {dag.py:3423} INFO - Setting next_dagrun for example_xcom to 2021-01-01T00:00:00+00:00, run_after=2021-01-01T00:00:00+00:00
[2023-01-14T21:27:15.552+0000] {processor.py:175} INFO - Processing /media/prempeh/Nouveau nom/MASTER2/DATA ENGINEERING/airflow/py_env/lib/python3.10/site-packages/airflow/example_dags/example_xcom.py took 0.501 seconds
