[2023-01-14T20:53:47.651+0000] {processor.py:153} INFO - Started process (PID=6699) to work on /media/prempeh/Nouveau nom/MASTER2/DATA ENGINEERING/airflow/py_env/lib/python3.10/site-packages/airflow/example_dags/example_branch_datetime_operator.py
[2023-01-14T20:53:47.654+0000] {processor.py:743} INFO - Processing file /media/prempeh/Nouveau nom/MASTER2/DATA ENGINEERING/airflow/py_env/lib/python3.10/site-packages/airflow/example_dags/example_branch_datetime_operator.py for tasks to queue
[2023-01-14T20:53:47.657+0000] {logging_mixin.py:137} INFO - [2023-01-14T20:53:47.657+0000] {dagbag.py:538} INFO - Filling up the DagBag from /media/prempeh/Nouveau nom/MASTER2/DATA ENGINEERING/airflow/py_env/lib/python3.10/site-packages/airflow/example_dags/example_branch_datetime_operator.py
[2023-01-14T20:53:47.817+0000] {processor.py:753} INFO - DAG(s) dict_keys(['example_branch_datetime_operator', 'example_branch_datetime_operator_2', 'example_branch_datetime_operator_3']) retrieved from /media/prempeh/Nouveau nom/MASTER2/DATA ENGINEERING/airflow/py_env/lib/python3.10/site-packages/airflow/example_dags/example_branch_datetime_operator.py
[2023-01-14T20:53:48.508+0000] {logging_mixin.py:137} INFO - [2023-01-14T20:53:48.507+0000] {manager.py:504} INFO - Created Permission View: can edit on DAG:example_branch_datetime_operator
[2023-01-14T20:53:48.537+0000] {logging_mixin.py:137} INFO - [2023-01-14T20:53:48.536+0000] {manager.py:504} INFO - Created Permission View: can delete on DAG:example_branch_datetime_operator
[2023-01-14T20:53:48.561+0000] {logging_mixin.py:137} INFO - [2023-01-14T20:53:48.560+0000] {manager.py:504} INFO - Created Permission View: can read on DAG:example_branch_datetime_operator
[2023-01-14T20:53:48.610+0000] {logging_mixin.py:137} INFO - [2023-01-14T20:53:48.609+0000] {manager.py:504} INFO - Created Permission View: can edit on DAG:example_branch_datetime_operator_2
[2023-01-14T20:53:48.634+0000] {logging_mixin.py:137} INFO - [2023-01-14T20:53:48.633+0000] {manager.py:504} INFO - Created Permission View: can delete on DAG:example_branch_datetime_operator_2
[2023-01-14T20:53:48.657+0000] {logging_mixin.py:137} INFO - [2023-01-14T20:53:48.656+0000] {manager.py:504} INFO - Created Permission View: can read on DAG:example_branch_datetime_operator_2
[2023-01-14T20:53:48.706+0000] {logging_mixin.py:137} INFO - [2023-01-14T20:53:48.706+0000] {manager.py:504} INFO - Created Permission View: can edit on DAG:example_branch_datetime_operator_3
[2023-01-14T20:53:48.729+0000] {logging_mixin.py:137} INFO - [2023-01-14T20:53:48.728+0000] {manager.py:504} INFO - Created Permission View: can delete on DAG:example_branch_datetime_operator_3
[2023-01-14T20:53:48.753+0000] {logging_mixin.py:137} INFO - [2023-01-14T20:53:48.752+0000] {manager.py:504} INFO - Created Permission View: can read on DAG:example_branch_datetime_operator_3
[2023-01-14T20:53:48.754+0000] {logging_mixin.py:137} INFO - [2023-01-14T20:53:48.754+0000] {dag.py:2676} INFO - Sync 3 DAGs
[2023-01-14T20:53:48.786+0000] {logging_mixin.py:137} INFO - [2023-01-14T20:53:48.786+0000] {dag.py:2697} INFO - Creating ORM DAG for example_branch_datetime_operator
[2023-01-14T20:53:48.789+0000] {logging_mixin.py:137} INFO - [2023-01-14T20:53:48.788+0000] {dag.py:2697} INFO - Creating ORM DAG for example_branch_datetime_operator_2
[2023-01-14T20:53:48.791+0000] {logging_mixin.py:137} INFO - [2023-01-14T20:53:48.790+0000] {dag.py:2697} INFO - Creating ORM DAG for example_branch_datetime_operator_3
[2023-01-14T20:53:48.822+0000] {logging_mixin.py:137} INFO - [2023-01-14T20:53:48.821+0000] {dag.py:3423} INFO - Setting next_dagrun for example_branch_datetime_operator to 2023-01-13T00:00:00+00:00, run_after=2023-01-14T00:00:00+00:00
[2023-01-14T20:53:48.830+0000] {logging_mixin.py:137} INFO - [2023-01-14T20:53:48.829+0000] {dag.py:3423} INFO - Setting next_dagrun for example_branch_datetime_operator_2 to 2023-01-13T00:00:00+00:00, run_after=2023-01-14T00:00:00+00:00
[2023-01-14T20:53:48.836+0000] {logging_mixin.py:137} INFO - [2023-01-14T20:53:48.836+0000] {dag.py:3423} INFO - Setting next_dagrun for example_branch_datetime_operator_3 to 2023-01-13T00:00:00+00:00, run_after=2023-01-14T00:00:00+00:00
[2023-01-14T20:53:48.904+0000] {processor.py:175} INFO - Processing /media/prempeh/Nouveau nom/MASTER2/DATA ENGINEERING/airflow/py_env/lib/python3.10/site-packages/airflow/example_dags/example_branch_datetime_operator.py took 1.260 seconds
[2023-01-14T20:54:54.695+0000] {processor.py:153} INFO - Started process (PID=6744) to work on /media/prempeh/Nouveau nom/MASTER2/DATA ENGINEERING/airflow/py_env/lib/python3.10/site-packages/airflow/example_dags/example_branch_datetime_operator.py
[2023-01-14T20:54:54.698+0000] {processor.py:743} INFO - Processing file /media/prempeh/Nouveau nom/MASTER2/DATA ENGINEERING/airflow/py_env/lib/python3.10/site-packages/airflow/example_dags/example_branch_datetime_operator.py for tasks to queue
[2023-01-14T20:54:54.702+0000] {logging_mixin.py:137} INFO - [2023-01-14T20:54:54.702+0000] {dagbag.py:538} INFO - Filling up the DagBag from /media/prempeh/Nouveau nom/MASTER2/DATA ENGINEERING/airflow/py_env/lib/python3.10/site-packages/airflow/example_dags/example_branch_datetime_operator.py
[2023-01-14T20:54:54.836+0000] {processor.py:753} INFO - DAG(s) dict_keys(['example_branch_datetime_operator_3', 'example_branch_datetime_operator', 'example_branch_datetime_operator_2']) retrieved from /media/prempeh/Nouveau nom/MASTER2/DATA ENGINEERING/airflow/py_env/lib/python3.10/site-packages/airflow/example_dags/example_branch_datetime_operator.py
[2023-01-14T20:54:54.968+0000] {logging_mixin.py:137} INFO - [2023-01-14T20:54:54.967+0000] {dag.py:2676} INFO - Sync 3 DAGs
[2023-01-14T20:54:55.034+0000] {logging_mixin.py:137} INFO - [2023-01-14T20:54:55.033+0000] {dag.py:3423} INFO - Setting next_dagrun for example_branch_datetime_operator to 2023-01-13T00:00:00+00:00, run_after=2023-01-14T00:00:00+00:00
[2023-01-14T20:54:55.048+0000] {logging_mixin.py:137} INFO - [2023-01-14T20:54:55.048+0000] {dag.py:3423} INFO - Setting next_dagrun for example_branch_datetime_operator_2 to 2023-01-13T00:00:00+00:00, run_after=2023-01-14T00:00:00+00:00
[2023-01-14T20:54:55.057+0000] {logging_mixin.py:137} INFO - [2023-01-14T20:54:55.057+0000] {dag.py:3423} INFO - Setting next_dagrun for example_branch_datetime_operator_3 to 2023-01-13T00:00:00+00:00, run_after=2023-01-14T00:00:00+00:00
[2023-01-14T20:54:55.137+0000] {processor.py:175} INFO - Processing /media/prempeh/Nouveau nom/MASTER2/DATA ENGINEERING/airflow/py_env/lib/python3.10/site-packages/airflow/example_dags/example_branch_datetime_operator.py took 0.449 seconds
[2023-01-14T20:55:56.598+0000] {processor.py:153} INFO - Started process (PID=6789) to work on /media/prempeh/Nouveau nom/MASTER2/DATA ENGINEERING/airflow/py_env/lib/python3.10/site-packages/airflow/example_dags/example_branch_datetime_operator.py
[2023-01-14T20:55:56.602+0000] {processor.py:743} INFO - Processing file /media/prempeh/Nouveau nom/MASTER2/DATA ENGINEERING/airflow/py_env/lib/python3.10/site-packages/airflow/example_dags/example_branch_datetime_operator.py for tasks to queue
[2023-01-14T20:55:56.607+0000] {logging_mixin.py:137} INFO - [2023-01-14T20:55:56.606+0000] {dagbag.py:538} INFO - Filling up the DagBag from /media/prempeh/Nouveau nom/MASTER2/DATA ENGINEERING/airflow/py_env/lib/python3.10/site-packages/airflow/example_dags/example_branch_datetime_operator.py
[2023-01-14T20:55:56.746+0000] {processor.py:753} INFO - DAG(s) dict_keys(['example_branch_datetime_operator_2', 'example_branch_datetime_operator', 'example_branch_datetime_operator_3']) retrieved from /media/prempeh/Nouveau nom/MASTER2/DATA ENGINEERING/airflow/py_env/lib/python3.10/site-packages/airflow/example_dags/example_branch_datetime_operator.py
[2023-01-14T20:55:56.917+0000] {logging_mixin.py:137} INFO - [2023-01-14T20:55:56.917+0000] {dag.py:2676} INFO - Sync 3 DAGs
[2023-01-14T20:55:57.021+0000] {logging_mixin.py:137} INFO - [2023-01-14T20:55:57.020+0000] {dag.py:3423} INFO - Setting next_dagrun for example_branch_datetime_operator to 2023-01-13T00:00:00+00:00, run_after=2023-01-14T00:00:00+00:00
[2023-01-14T20:55:57.043+0000] {logging_mixin.py:137} INFO - [2023-01-14T20:55:57.042+0000] {dag.py:3423} INFO - Setting next_dagrun for example_branch_datetime_operator_2 to 2023-01-13T00:00:00+00:00, run_after=2023-01-14T00:00:00+00:00
[2023-01-14T20:55:57.052+0000] {logging_mixin.py:137} INFO - [2023-01-14T20:55:57.051+0000] {dag.py:3423} INFO - Setting next_dagrun for example_branch_datetime_operator_3 to 2023-01-13T00:00:00+00:00, run_after=2023-01-14T00:00:00+00:00
[2023-01-14T20:55:57.114+0000] {processor.py:175} INFO - Processing /media/prempeh/Nouveau nom/MASTER2/DATA ENGINEERING/airflow/py_env/lib/python3.10/site-packages/airflow/example_dags/example_branch_datetime_operator.py took 0.529 seconds
[2023-01-14T20:56:56.527+0000] {processor.py:153} INFO - Started process (PID=6991) to work on /media/prempeh/Nouveau nom/MASTER2/DATA ENGINEERING/airflow/py_env/lib/python3.10/site-packages/airflow/example_dags/example_branch_datetime_operator.py
[2023-01-14T20:56:56.530+0000] {processor.py:743} INFO - Processing file /media/prempeh/Nouveau nom/MASTER2/DATA ENGINEERING/airflow/py_env/lib/python3.10/site-packages/airflow/example_dags/example_branch_datetime_operator.py for tasks to queue
[2023-01-14T20:56:56.537+0000] {logging_mixin.py:137} INFO - [2023-01-14T20:56:56.537+0000] {dagbag.py:538} INFO - Filling up the DagBag from /media/prempeh/Nouveau nom/MASTER2/DATA ENGINEERING/airflow/py_env/lib/python3.10/site-packages/airflow/example_dags/example_branch_datetime_operator.py
[2023-01-14T20:56:56.779+0000] {processor.py:753} INFO - DAG(s) dict_keys(['example_branch_datetime_operator', 'example_branch_datetime_operator_3', 'example_branch_datetime_operator_2']) retrieved from /media/prempeh/Nouveau nom/MASTER2/DATA ENGINEERING/airflow/py_env/lib/python3.10/site-packages/airflow/example_dags/example_branch_datetime_operator.py
[2023-01-14T20:56:57.026+0000] {logging_mixin.py:137} INFO - [2023-01-14T20:56:57.025+0000] {dag.py:2676} INFO - Sync 3 DAGs
[2023-01-14T20:56:57.164+0000] {logging_mixin.py:137} INFO - [2023-01-14T20:56:57.163+0000] {dag.py:3423} INFO - Setting next_dagrun for example_branch_datetime_operator to 2023-01-13T00:00:00+00:00, run_after=2023-01-14T00:00:00+00:00
[2023-01-14T20:56:57.187+0000] {logging_mixin.py:137} INFO - [2023-01-14T20:56:57.187+0000] {dag.py:3423} INFO - Setting next_dagrun for example_branch_datetime_operator_2 to 2023-01-13T00:00:00+00:00, run_after=2023-01-14T00:00:00+00:00
[2023-01-14T20:56:57.202+0000] {logging_mixin.py:137} INFO - [2023-01-14T20:56:57.202+0000] {dag.py:3423} INFO - Setting next_dagrun for example_branch_datetime_operator_3 to 2023-01-13T00:00:00+00:00, run_after=2023-01-14T00:00:00+00:00
[2023-01-14T20:56:57.277+0000] {processor.py:175} INFO - Processing /media/prempeh/Nouveau nom/MASTER2/DATA ENGINEERING/airflow/py_env/lib/python3.10/site-packages/airflow/example_dags/example_branch_datetime_operator.py took 0.760 seconds
[2023-01-14T20:57:58.202+0000] {processor.py:153} INFO - Started process (PID=7107) to work on /media/prempeh/Nouveau nom/MASTER2/DATA ENGINEERING/airflow/py_env/lib/python3.10/site-packages/airflow/example_dags/example_branch_datetime_operator.py
[2023-01-14T20:57:58.205+0000] {processor.py:743} INFO - Processing file /media/prempeh/Nouveau nom/MASTER2/DATA ENGINEERING/airflow/py_env/lib/python3.10/site-packages/airflow/example_dags/example_branch_datetime_operator.py for tasks to queue
[2023-01-14T20:57:58.212+0000] {logging_mixin.py:137} INFO - [2023-01-14T20:57:58.212+0000] {dagbag.py:538} INFO - Filling up the DagBag from /media/prempeh/Nouveau nom/MASTER2/DATA ENGINEERING/airflow/py_env/lib/python3.10/site-packages/airflow/example_dags/example_branch_datetime_operator.py
[2023-01-14T20:57:58.349+0000] {processor.py:753} INFO - DAG(s) dict_keys(['example_branch_datetime_operator_3', 'example_branch_datetime_operator', 'example_branch_datetime_operator_2']) retrieved from /media/prempeh/Nouveau nom/MASTER2/DATA ENGINEERING/airflow/py_env/lib/python3.10/site-packages/airflow/example_dags/example_branch_datetime_operator.py
[2023-01-14T20:57:58.506+0000] {logging_mixin.py:137} INFO - [2023-01-14T20:57:58.505+0000] {dag.py:2676} INFO - Sync 3 DAGs
[2023-01-14T20:57:58.598+0000] {logging_mixin.py:137} INFO - [2023-01-14T20:57:58.598+0000] {dag.py:3423} INFO - Setting next_dagrun for example_branch_datetime_operator to 2023-01-13T00:00:00+00:00, run_after=2023-01-14T00:00:00+00:00
[2023-01-14T20:57:58.615+0000] {logging_mixin.py:137} INFO - [2023-01-14T20:57:58.614+0000] {dag.py:3423} INFO - Setting next_dagrun for example_branch_datetime_operator_2 to 2023-01-13T00:00:00+00:00, run_after=2023-01-14T00:00:00+00:00
[2023-01-14T20:57:58.624+0000] {logging_mixin.py:137} INFO - [2023-01-14T20:57:58.623+0000] {dag.py:3423} INFO - Setting next_dagrun for example_branch_datetime_operator_3 to 2023-01-13T00:00:00+00:00, run_after=2023-01-14T00:00:00+00:00
[2023-01-14T20:57:58.693+0000] {processor.py:175} INFO - Processing /media/prempeh/Nouveau nom/MASTER2/DATA ENGINEERING/airflow/py_env/lib/python3.10/site-packages/airflow/example_dags/example_branch_datetime_operator.py took 0.501 seconds
[2023-01-14T20:58:53.246+0000] {processor.py:153} INFO - Started process (PID=7148) to work on /media/prempeh/Nouveau nom/MASTER2/DATA ENGINEERING/airflow/py_env/lib/python3.10/site-packages/airflow/example_dags/example_branch_datetime_operator.py
[2023-01-14T20:58:53.248+0000] {processor.py:743} INFO - Processing file /media/prempeh/Nouveau nom/MASTER2/DATA ENGINEERING/airflow/py_env/lib/python3.10/site-packages/airflow/example_dags/example_branch_datetime_operator.py for tasks to queue
[2023-01-14T20:58:53.253+0000] {logging_mixin.py:137} INFO - [2023-01-14T20:58:53.252+0000] {dagbag.py:538} INFO - Filling up the DagBag from /media/prempeh/Nouveau nom/MASTER2/DATA ENGINEERING/airflow/py_env/lib/python3.10/site-packages/airflow/example_dags/example_branch_datetime_operator.py
[2023-01-14T20:58:53.395+0000] {processor.py:753} INFO - DAG(s) dict_keys(['example_branch_datetime_operator_2', 'example_branch_datetime_operator', 'example_branch_datetime_operator_3']) retrieved from /media/prempeh/Nouveau nom/MASTER2/DATA ENGINEERING/airflow/py_env/lib/python3.10/site-packages/airflow/example_dags/example_branch_datetime_operator.py
[2023-01-14T20:58:53.539+0000] {logging_mixin.py:137} INFO - [2023-01-14T20:58:53.539+0000] {dag.py:2676} INFO - Sync 3 DAGs
[2023-01-14T20:58:53.607+0000] {logging_mixin.py:137} INFO - [2023-01-14T20:58:53.607+0000] {dag.py:3423} INFO - Setting next_dagrun for example_branch_datetime_operator to 2023-01-13T00:00:00+00:00, run_after=2023-01-14T00:00:00+00:00
[2023-01-14T20:58:53.622+0000] {logging_mixin.py:137} INFO - [2023-01-14T20:58:53.621+0000] {dag.py:3423} INFO - Setting next_dagrun for example_branch_datetime_operator_2 to 2023-01-13T00:00:00+00:00, run_after=2023-01-14T00:00:00+00:00
[2023-01-14T20:58:53.630+0000] {logging_mixin.py:137} INFO - [2023-01-14T20:58:53.629+0000] {dag.py:3423} INFO - Setting next_dagrun for example_branch_datetime_operator_3 to 2023-01-13T00:00:00+00:00, run_after=2023-01-14T00:00:00+00:00
[2023-01-14T20:58:53.691+0000] {processor.py:175} INFO - Processing /media/prempeh/Nouveau nom/MASTER2/DATA ENGINEERING/airflow/py_env/lib/python3.10/site-packages/airflow/example_dags/example_branch_datetime_operator.py took 0.454 seconds
[2023-01-14T21:00:07.702+0000] {processor.py:153} INFO - Started process (PID=7248) to work on /media/prempeh/Nouveau nom/MASTER2/DATA ENGINEERING/airflow/py_env/lib/python3.10/site-packages/airflow/example_dags/example_branch_datetime_operator.py
[2023-01-14T21:00:07.705+0000] {processor.py:743} INFO - Processing file /media/prempeh/Nouveau nom/MASTER2/DATA ENGINEERING/airflow/py_env/lib/python3.10/site-packages/airflow/example_dags/example_branch_datetime_operator.py for tasks to queue
[2023-01-14T21:00:07.710+0000] {logging_mixin.py:137} INFO - [2023-01-14T21:00:07.709+0000] {dagbag.py:538} INFO - Filling up the DagBag from /media/prempeh/Nouveau nom/MASTER2/DATA ENGINEERING/airflow/py_env/lib/python3.10/site-packages/airflow/example_dags/example_branch_datetime_operator.py
[2023-01-14T21:00:07.859+0000] {processor.py:753} INFO - DAG(s) dict_keys(['example_branch_datetime_operator_3', 'example_branch_datetime_operator_2', 'example_branch_datetime_operator']) retrieved from /media/prempeh/Nouveau nom/MASTER2/DATA ENGINEERING/airflow/py_env/lib/python3.10/site-packages/airflow/example_dags/example_branch_datetime_operator.py
[2023-01-14T21:00:08.003+0000] {logging_mixin.py:137} INFO - [2023-01-14T21:00:08.002+0000] {dag.py:2676} INFO - Sync 3 DAGs
[2023-01-14T21:00:08.076+0000] {logging_mixin.py:137} INFO - [2023-01-14T21:00:08.075+0000] {dag.py:3423} INFO - Setting next_dagrun for example_branch_datetime_operator to 2023-01-13T00:00:00+00:00, run_after=2023-01-14T00:00:00+00:00
[2023-01-14T21:00:08.092+0000] {logging_mixin.py:137} INFO - [2023-01-14T21:00:08.091+0000] {dag.py:3423} INFO - Setting next_dagrun for example_branch_datetime_operator_2 to 2023-01-13T00:00:00+00:00, run_after=2023-01-14T00:00:00+00:00
[2023-01-14T21:00:08.103+0000] {logging_mixin.py:137} INFO - [2023-01-14T21:00:08.102+0000] {dag.py:3423} INFO - Setting next_dagrun for example_branch_datetime_operator_3 to 2023-01-13T00:00:00+00:00, run_after=2023-01-14T00:00:00+00:00
[2023-01-14T21:00:08.167+0000] {processor.py:175} INFO - Processing /media/prempeh/Nouveau nom/MASTER2/DATA ENGINEERING/airflow/py_env/lib/python3.10/site-packages/airflow/example_dags/example_branch_datetime_operator.py took 0.474 seconds
[2023-01-14T21:01:02.501+0000] {processor.py:153} INFO - Started process (PID=7285) to work on /media/prempeh/Nouveau nom/MASTER2/DATA ENGINEERING/airflow/py_env/lib/python3.10/site-packages/airflow/example_dags/example_branch_datetime_operator.py
[2023-01-14T21:01:02.504+0000] {processor.py:743} INFO - Processing file /media/prempeh/Nouveau nom/MASTER2/DATA ENGINEERING/airflow/py_env/lib/python3.10/site-packages/airflow/example_dags/example_branch_datetime_operator.py for tasks to queue
[2023-01-14T21:01:02.510+0000] {logging_mixin.py:137} INFO - [2023-01-14T21:01:02.509+0000] {dagbag.py:538} INFO - Filling up the DagBag from /media/prempeh/Nouveau nom/MASTER2/DATA ENGINEERING/airflow/py_env/lib/python3.10/site-packages/airflow/example_dags/example_branch_datetime_operator.py
[2023-01-14T21:01:02.645+0000] {processor.py:753} INFO - DAG(s) dict_keys(['example_branch_datetime_operator_2', 'example_branch_datetime_operator_3', 'example_branch_datetime_operator']) retrieved from /media/prempeh/Nouveau nom/MASTER2/DATA ENGINEERING/airflow/py_env/lib/python3.10/site-packages/airflow/example_dags/example_branch_datetime_operator.py
[2023-01-14T21:01:02.786+0000] {logging_mixin.py:137} INFO - [2023-01-14T21:01:02.785+0000] {dag.py:2676} INFO - Sync 3 DAGs
[2023-01-14T21:01:02.861+0000] {logging_mixin.py:137} INFO - [2023-01-14T21:01:02.860+0000] {dag.py:3423} INFO - Setting next_dagrun for example_branch_datetime_operator to 2023-01-13T00:00:00+00:00, run_after=2023-01-14T00:00:00+00:00
[2023-01-14T21:01:02.876+0000] {logging_mixin.py:137} INFO - [2023-01-14T21:01:02.875+0000] {dag.py:3423} INFO - Setting next_dagrun for example_branch_datetime_operator_2 to 2023-01-13T00:00:00+00:00, run_after=2023-01-14T00:00:00+00:00
[2023-01-14T21:01:02.886+0000] {logging_mixin.py:137} INFO - [2023-01-14T21:01:02.885+0000] {dag.py:3423} INFO - Setting next_dagrun for example_branch_datetime_operator_3 to 2023-01-13T00:00:00+00:00, run_after=2023-01-14T00:00:00+00:00
[2023-01-14T21:01:02.951+0000] {processor.py:175} INFO - Processing /media/prempeh/Nouveau nom/MASTER2/DATA ENGINEERING/airflow/py_env/lib/python3.10/site-packages/airflow/example_dags/example_branch_datetime_operator.py took 0.460 seconds
[2023-01-14T21:02:23.695+0000] {processor.py:153} INFO - Started process (PID=7377) to work on /media/prempeh/Nouveau nom/MASTER2/DATA ENGINEERING/airflow/py_env/lib/python3.10/site-packages/airflow/example_dags/example_branch_datetime_operator.py
[2023-01-14T21:02:23.698+0000] {processor.py:743} INFO - Processing file /media/prempeh/Nouveau nom/MASTER2/DATA ENGINEERING/airflow/py_env/lib/python3.10/site-packages/airflow/example_dags/example_branch_datetime_operator.py for tasks to queue
[2023-01-14T21:02:23.703+0000] {logging_mixin.py:137} INFO - [2023-01-14T21:02:23.702+0000] {dagbag.py:538} INFO - Filling up the DagBag from /media/prempeh/Nouveau nom/MASTER2/DATA ENGINEERING/airflow/py_env/lib/python3.10/site-packages/airflow/example_dags/example_branch_datetime_operator.py
[2023-01-14T21:02:23.842+0000] {processor.py:753} INFO - DAG(s) dict_keys(['example_branch_datetime_operator', 'example_branch_datetime_operator_3', 'example_branch_datetime_operator_2']) retrieved from /media/prempeh/Nouveau nom/MASTER2/DATA ENGINEERING/airflow/py_env/lib/python3.10/site-packages/airflow/example_dags/example_branch_datetime_operator.py
[2023-01-14T21:02:23.990+0000] {logging_mixin.py:137} INFO - [2023-01-14T21:02:23.989+0000] {dag.py:2676} INFO - Sync 3 DAGs
[2023-01-14T21:02:24.059+0000] {logging_mixin.py:137} INFO - [2023-01-14T21:02:24.058+0000] {dag.py:3423} INFO - Setting next_dagrun for example_branch_datetime_operator to 2023-01-13T00:00:00+00:00, run_after=2023-01-14T00:00:00+00:00
[2023-01-14T21:02:24.078+0000] {logging_mixin.py:137} INFO - [2023-01-14T21:02:24.077+0000] {dag.py:3423} INFO - Setting next_dagrun for example_branch_datetime_operator_2 to 2023-01-13T00:00:00+00:00, run_after=2023-01-14T00:00:00+00:00
[2023-01-14T21:02:24.086+0000] {logging_mixin.py:137} INFO - [2023-01-14T21:02:24.085+0000] {dag.py:3423} INFO - Setting next_dagrun for example_branch_datetime_operator_3 to 2023-01-13T00:00:00+00:00, run_after=2023-01-14T00:00:00+00:00
[2023-01-14T21:02:24.151+0000] {processor.py:175} INFO - Processing /media/prempeh/Nouveau nom/MASTER2/DATA ENGINEERING/airflow/py_env/lib/python3.10/site-packages/airflow/example_dags/example_branch_datetime_operator.py took 0.465 seconds
[2023-01-14T21:03:40.558+0000] {processor.py:153} INFO - Started process (PID=7451) to work on /media/prempeh/Nouveau nom/MASTER2/DATA ENGINEERING/airflow/py_env/lib/python3.10/site-packages/airflow/example_dags/example_branch_datetime_operator.py
[2023-01-14T21:03:40.561+0000] {processor.py:743} INFO - Processing file /media/prempeh/Nouveau nom/MASTER2/DATA ENGINEERING/airflow/py_env/lib/python3.10/site-packages/airflow/example_dags/example_branch_datetime_operator.py for tasks to queue
[2023-01-14T21:03:40.570+0000] {logging_mixin.py:137} INFO - [2023-01-14T21:03:40.569+0000] {dagbag.py:538} INFO - Filling up the DagBag from /media/prempeh/Nouveau nom/MASTER2/DATA ENGINEERING/airflow/py_env/lib/python3.10/site-packages/airflow/example_dags/example_branch_datetime_operator.py
[2023-01-14T21:03:40.783+0000] {processor.py:753} INFO - DAG(s) dict_keys(['example_branch_datetime_operator', 'example_branch_datetime_operator_3', 'example_branch_datetime_operator_2']) retrieved from /media/prempeh/Nouveau nom/MASTER2/DATA ENGINEERING/airflow/py_env/lib/python3.10/site-packages/airflow/example_dags/example_branch_datetime_operator.py
[2023-01-14T21:03:41.013+0000] {logging_mixin.py:137} INFO - [2023-01-14T21:03:41.012+0000] {dag.py:2676} INFO - Sync 3 DAGs
[2023-01-14T21:03:41.145+0000] {logging_mixin.py:137} INFO - [2023-01-14T21:03:41.140+0000] {dag.py:3423} INFO - Setting next_dagrun for example_branch_datetime_operator to 2023-01-13T00:00:00+00:00, run_after=2023-01-14T00:00:00+00:00
[2023-01-14T21:03:41.174+0000] {logging_mixin.py:137} INFO - [2023-01-14T21:03:41.173+0000] {dag.py:3423} INFO - Setting next_dagrun for example_branch_datetime_operator_2 to 2023-01-13T00:00:00+00:00, run_after=2023-01-14T00:00:00+00:00
[2023-01-14T21:03:41.191+0000] {logging_mixin.py:137} INFO - [2023-01-14T21:03:41.191+0000] {dag.py:3423} INFO - Setting next_dagrun for example_branch_datetime_operator_3 to 2023-01-13T00:00:00+00:00, run_after=2023-01-14T00:00:00+00:00
[2023-01-14T21:03:41.291+0000] {processor.py:175} INFO - Processing /media/prempeh/Nouveau nom/MASTER2/DATA ENGINEERING/airflow/py_env/lib/python3.10/site-packages/airflow/example_dags/example_branch_datetime_operator.py took 0.747 seconds
[2023-01-14T21:04:47.910+0000] {processor.py:153} INFO - Started process (PID=7515) to work on /media/prempeh/Nouveau nom/MASTER2/DATA ENGINEERING/airflow/py_env/lib/python3.10/site-packages/airflow/example_dags/example_branch_datetime_operator.py
[2023-01-14T21:04:47.913+0000] {processor.py:743} INFO - Processing file /media/prempeh/Nouveau nom/MASTER2/DATA ENGINEERING/airflow/py_env/lib/python3.10/site-packages/airflow/example_dags/example_branch_datetime_operator.py for tasks to queue
[2023-01-14T21:04:47.924+0000] {logging_mixin.py:137} INFO - [2023-01-14T21:04:47.924+0000] {dagbag.py:538} INFO - Filling up the DagBag from /media/prempeh/Nouveau nom/MASTER2/DATA ENGINEERING/airflow/py_env/lib/python3.10/site-packages/airflow/example_dags/example_branch_datetime_operator.py
[2023-01-14T21:04:48.069+0000] {processor.py:753} INFO - DAG(s) dict_keys(['example_branch_datetime_operator_2', 'example_branch_datetime_operator_3', 'example_branch_datetime_operator']) retrieved from /media/prempeh/Nouveau nom/MASTER2/DATA ENGINEERING/airflow/py_env/lib/python3.10/site-packages/airflow/example_dags/example_branch_datetime_operator.py
[2023-01-14T21:04:48.239+0000] {logging_mixin.py:137} INFO - [2023-01-14T21:04:48.238+0000] {dag.py:2676} INFO - Sync 3 DAGs
[2023-01-14T21:04:48.321+0000] {logging_mixin.py:137} INFO - [2023-01-14T21:04:48.320+0000] {dag.py:3423} INFO - Setting next_dagrun for example_branch_datetime_operator to 2023-01-13T00:00:00+00:00, run_after=2023-01-14T00:00:00+00:00
[2023-01-14T21:04:48.341+0000] {logging_mixin.py:137} INFO - [2023-01-14T21:04:48.341+0000] {dag.py:3423} INFO - Setting next_dagrun for example_branch_datetime_operator_2 to 2023-01-13T00:00:00+00:00, run_after=2023-01-14T00:00:00+00:00
[2023-01-14T21:04:48.350+0000] {logging_mixin.py:137} INFO - [2023-01-14T21:04:48.350+0000] {dag.py:3423} INFO - Setting next_dagrun for example_branch_datetime_operator_3 to 2023-01-13T00:00:00+00:00, run_after=2023-01-14T00:00:00+00:00
[2023-01-14T21:04:48.427+0000] {processor.py:175} INFO - Processing /media/prempeh/Nouveau nom/MASTER2/DATA ENGINEERING/airflow/py_env/lib/python3.10/site-packages/airflow/example_dags/example_branch_datetime_operator.py took 0.528 seconds
[2023-01-14T21:05:46.002+0000] {processor.py:153} INFO - Started process (PID=7566) to work on /media/prempeh/Nouveau nom/MASTER2/DATA ENGINEERING/airflow/py_env/lib/python3.10/site-packages/airflow/example_dags/example_branch_datetime_operator.py
[2023-01-14T21:05:46.005+0000] {processor.py:743} INFO - Processing file /media/prempeh/Nouveau nom/MASTER2/DATA ENGINEERING/airflow/py_env/lib/python3.10/site-packages/airflow/example_dags/example_branch_datetime_operator.py for tasks to queue
[2023-01-14T21:05:46.011+0000] {logging_mixin.py:137} INFO - [2023-01-14T21:05:46.010+0000] {dagbag.py:538} INFO - Filling up the DagBag from /media/prempeh/Nouveau nom/MASTER2/DATA ENGINEERING/airflow/py_env/lib/python3.10/site-packages/airflow/example_dags/example_branch_datetime_operator.py
[2023-01-14T21:05:46.205+0000] {processor.py:753} INFO - DAG(s) dict_keys(['example_branch_datetime_operator', 'example_branch_datetime_operator_2', 'example_branch_datetime_operator_3']) retrieved from /media/prempeh/Nouveau nom/MASTER2/DATA ENGINEERING/airflow/py_env/lib/python3.10/site-packages/airflow/example_dags/example_branch_datetime_operator.py
[2023-01-14T21:05:46.459+0000] {logging_mixin.py:137} INFO - [2023-01-14T21:05:46.458+0000] {dag.py:2676} INFO - Sync 3 DAGs
[2023-01-14T21:05:46.574+0000] {logging_mixin.py:137} INFO - [2023-01-14T21:05:46.573+0000] {dag.py:3423} INFO - Setting next_dagrun for example_branch_datetime_operator to 2023-01-13T00:00:00+00:00, run_after=2023-01-14T00:00:00+00:00
[2023-01-14T21:05:46.601+0000] {logging_mixin.py:137} INFO - [2023-01-14T21:05:46.601+0000] {dag.py:3423} INFO - Setting next_dagrun for example_branch_datetime_operator_2 to 2023-01-13T00:00:00+00:00, run_after=2023-01-14T00:00:00+00:00
[2023-01-14T21:05:46.611+0000] {logging_mixin.py:137} INFO - [2023-01-14T21:05:46.610+0000] {dag.py:3423} INFO - Setting next_dagrun for example_branch_datetime_operator_3 to 2023-01-13T00:00:00+00:00, run_after=2023-01-14T00:00:00+00:00
[2023-01-14T21:05:46.704+0000] {processor.py:175} INFO - Processing /media/prempeh/Nouveau nom/MASTER2/DATA ENGINEERING/airflow/py_env/lib/python3.10/site-packages/airflow/example_dags/example_branch_datetime_operator.py took 0.713 seconds
[2023-01-14T21:06:52.204+0000] {processor.py:153} INFO - Started process (PID=7817) to work on /media/prempeh/Nouveau nom/MASTER2/DATA ENGINEERING/airflow/py_env/lib/python3.10/site-packages/airflow/example_dags/example_branch_datetime_operator.py
[2023-01-14T21:06:52.207+0000] {processor.py:743} INFO - Processing file /media/prempeh/Nouveau nom/MASTER2/DATA ENGINEERING/airflow/py_env/lib/python3.10/site-packages/airflow/example_dags/example_branch_datetime_operator.py for tasks to queue
[2023-01-14T21:06:52.211+0000] {logging_mixin.py:137} INFO - [2023-01-14T21:06:52.210+0000] {dagbag.py:538} INFO - Filling up the DagBag from /media/prempeh/Nouveau nom/MASTER2/DATA ENGINEERING/airflow/py_env/lib/python3.10/site-packages/airflow/example_dags/example_branch_datetime_operator.py
[2023-01-14T21:06:52.351+0000] {processor.py:753} INFO - DAG(s) dict_keys(['example_branch_datetime_operator', 'example_branch_datetime_operator_3', 'example_branch_datetime_operator_2']) retrieved from /media/prempeh/Nouveau nom/MASTER2/DATA ENGINEERING/airflow/py_env/lib/python3.10/site-packages/airflow/example_dags/example_branch_datetime_operator.py
[2023-01-14T21:06:52.497+0000] {logging_mixin.py:137} INFO - [2023-01-14T21:06:52.496+0000] {dag.py:2676} INFO - Sync 3 DAGs
[2023-01-14T21:06:52.565+0000] {logging_mixin.py:137} INFO - [2023-01-14T21:06:52.565+0000] {dag.py:3423} INFO - Setting next_dagrun for example_branch_datetime_operator to 2023-01-13T00:00:00+00:00, run_after=2023-01-14T00:00:00+00:00
[2023-01-14T21:06:52.579+0000] {logging_mixin.py:137} INFO - [2023-01-14T21:06:52.578+0000] {dag.py:3423} INFO - Setting next_dagrun for example_branch_datetime_operator_2 to 2023-01-13T00:00:00+00:00, run_after=2023-01-14T00:00:00+00:00
[2023-01-14T21:06:52.587+0000] {logging_mixin.py:137} INFO - [2023-01-14T21:06:52.586+0000] {dag.py:3423} INFO - Setting next_dagrun for example_branch_datetime_operator_3 to 2023-01-13T00:00:00+00:00, run_after=2023-01-14T00:00:00+00:00
[2023-01-14T21:06:52.654+0000] {processor.py:175} INFO - Processing /media/prempeh/Nouveau nom/MASTER2/DATA ENGINEERING/airflow/py_env/lib/python3.10/site-packages/airflow/example_dags/example_branch_datetime_operator.py took 0.459 seconds
[2023-01-14T21:08:32.907+0000] {processor.py:153} INFO - Started process (PID=8071) to work on /media/prempeh/Nouveau nom/MASTER2/DATA ENGINEERING/airflow/py_env/lib/python3.10/site-packages/airflow/example_dags/example_branch_datetime_operator.py
[2023-01-14T21:08:32.910+0000] {processor.py:743} INFO - Processing file /media/prempeh/Nouveau nom/MASTER2/DATA ENGINEERING/airflow/py_env/lib/python3.10/site-packages/airflow/example_dags/example_branch_datetime_operator.py for tasks to queue
[2023-01-14T21:08:32.916+0000] {logging_mixin.py:137} INFO - [2023-01-14T21:08:32.915+0000] {dagbag.py:538} INFO - Filling up the DagBag from /media/prempeh/Nouveau nom/MASTER2/DATA ENGINEERING/airflow/py_env/lib/python3.10/site-packages/airflow/example_dags/example_branch_datetime_operator.py
[2023-01-14T21:08:33.051+0000] {processor.py:753} INFO - DAG(s) dict_keys(['example_branch_datetime_operator', 'example_branch_datetime_operator_2', 'example_branch_datetime_operator_3']) retrieved from /media/prempeh/Nouveau nom/MASTER2/DATA ENGINEERING/airflow/py_env/lib/python3.10/site-packages/airflow/example_dags/example_branch_datetime_operator.py
[2023-01-14T21:08:33.194+0000] {logging_mixin.py:137} INFO - [2023-01-14T21:08:33.193+0000] {dag.py:2676} INFO - Sync 3 DAGs
[2023-01-14T21:08:33.260+0000] {logging_mixin.py:137} INFO - [2023-01-14T21:08:33.259+0000] {dag.py:3423} INFO - Setting next_dagrun for example_branch_datetime_operator to 2023-01-13T00:00:00+00:00, run_after=2023-01-14T00:00:00+00:00
[2023-01-14T21:08:33.275+0000] {logging_mixin.py:137} INFO - [2023-01-14T21:08:33.274+0000] {dag.py:3423} INFO - Setting next_dagrun for example_branch_datetime_operator_2 to 2023-01-13T00:00:00+00:00, run_after=2023-01-14T00:00:00+00:00
[2023-01-14T21:08:33.284+0000] {logging_mixin.py:137} INFO - [2023-01-14T21:08:33.283+0000] {dag.py:3423} INFO - Setting next_dagrun for example_branch_datetime_operator_3 to 2023-01-13T00:00:00+00:00, run_after=2023-01-14T00:00:00+00:00
[2023-01-14T21:08:33.351+0000] {processor.py:175} INFO - Processing /media/prempeh/Nouveau nom/MASTER2/DATA ENGINEERING/airflow/py_env/lib/python3.10/site-packages/airflow/example_dags/example_branch_datetime_operator.py took 0.454 seconds
[2023-01-14T21:09:33.953+0000] {processor.py:153} INFO - Started process (PID=8119) to work on /media/prempeh/Nouveau nom/MASTER2/DATA ENGINEERING/airflow/py_env/lib/python3.10/site-packages/airflow/example_dags/example_branch_datetime_operator.py
[2023-01-14T21:09:33.956+0000] {processor.py:743} INFO - Processing file /media/prempeh/Nouveau nom/MASTER2/DATA ENGINEERING/airflow/py_env/lib/python3.10/site-packages/airflow/example_dags/example_branch_datetime_operator.py for tasks to queue
[2023-01-14T21:09:33.961+0000] {logging_mixin.py:137} INFO - [2023-01-14T21:09:33.960+0000] {dagbag.py:538} INFO - Filling up the DagBag from /media/prempeh/Nouveau nom/MASTER2/DATA ENGINEERING/airflow/py_env/lib/python3.10/site-packages/airflow/example_dags/example_branch_datetime_operator.py
[2023-01-14T21:09:34.098+0000] {processor.py:753} INFO - DAG(s) dict_keys(['example_branch_datetime_operator_2', 'example_branch_datetime_operator_3', 'example_branch_datetime_operator']) retrieved from /media/prempeh/Nouveau nom/MASTER2/DATA ENGINEERING/airflow/py_env/lib/python3.10/site-packages/airflow/example_dags/example_branch_datetime_operator.py
[2023-01-14T21:09:34.235+0000] {logging_mixin.py:137} INFO - [2023-01-14T21:09:34.234+0000] {dag.py:2676} INFO - Sync 3 DAGs
[2023-01-14T21:09:34.302+0000] {logging_mixin.py:137} INFO - [2023-01-14T21:09:34.301+0000] {dag.py:3423} INFO - Setting next_dagrun for example_branch_datetime_operator to 2023-01-13T00:00:00+00:00, run_after=2023-01-14T00:00:00+00:00
[2023-01-14T21:09:34.320+0000] {logging_mixin.py:137} INFO - [2023-01-14T21:09:34.319+0000] {dag.py:3423} INFO - Setting next_dagrun for example_branch_datetime_operator_2 to 2023-01-13T00:00:00+00:00, run_after=2023-01-14T00:00:00+00:00
[2023-01-14T21:09:34.329+0000] {logging_mixin.py:137} INFO - [2023-01-14T21:09:34.329+0000] {dag.py:3423} INFO - Setting next_dagrun for example_branch_datetime_operator_3 to 2023-01-13T00:00:00+00:00, run_after=2023-01-14T00:00:00+00:00
[2023-01-14T21:09:34.389+0000] {processor.py:175} INFO - Processing /media/prempeh/Nouveau nom/MASTER2/DATA ENGINEERING/airflow/py_env/lib/python3.10/site-packages/airflow/example_dags/example_branch_datetime_operator.py took 0.448 seconds
[2023-01-14T21:10:35.094+0000] {processor.py:153} INFO - Started process (PID=8166) to work on /media/prempeh/Nouveau nom/MASTER2/DATA ENGINEERING/airflow/py_env/lib/python3.10/site-packages/airflow/example_dags/example_branch_datetime_operator.py
[2023-01-14T21:10:35.098+0000] {processor.py:743} INFO - Processing file /media/prempeh/Nouveau nom/MASTER2/DATA ENGINEERING/airflow/py_env/lib/python3.10/site-packages/airflow/example_dags/example_branch_datetime_operator.py for tasks to queue
[2023-01-14T21:10:35.106+0000] {logging_mixin.py:137} INFO - [2023-01-14T21:10:35.105+0000] {dagbag.py:538} INFO - Filling up the DagBag from /media/prempeh/Nouveau nom/MASTER2/DATA ENGINEERING/airflow/py_env/lib/python3.10/site-packages/airflow/example_dags/example_branch_datetime_operator.py
[2023-01-14T21:10:35.293+0000] {processor.py:753} INFO - DAG(s) dict_keys(['example_branch_datetime_operator_3', 'example_branch_datetime_operator', 'example_branch_datetime_operator_2']) retrieved from /media/prempeh/Nouveau nom/MASTER2/DATA ENGINEERING/airflow/py_env/lib/python3.10/site-packages/airflow/example_dags/example_branch_datetime_operator.py
[2023-01-14T21:10:35.423+0000] {logging_mixin.py:137} INFO - [2023-01-14T21:10:35.423+0000] {dag.py:2676} INFO - Sync 3 DAGs
[2023-01-14T21:10:35.494+0000] {logging_mixin.py:137} INFO - [2023-01-14T21:10:35.493+0000] {dag.py:3423} INFO - Setting next_dagrun for example_branch_datetime_operator to 2023-01-13T00:00:00+00:00, run_after=2023-01-14T00:00:00+00:00
[2023-01-14T21:10:35.508+0000] {logging_mixin.py:137} INFO - [2023-01-14T21:10:35.508+0000] {dag.py:3423} INFO - Setting next_dagrun for example_branch_datetime_operator_2 to 2023-01-13T00:00:00+00:00, run_after=2023-01-14T00:00:00+00:00
[2023-01-14T21:10:35.518+0000] {logging_mixin.py:137} INFO - [2023-01-14T21:10:35.517+0000] {dag.py:3423} INFO - Setting next_dagrun for example_branch_datetime_operator_3 to 2023-01-13T00:00:00+00:00, run_after=2023-01-14T00:00:00+00:00
[2023-01-14T21:10:35.583+0000] {processor.py:175} INFO - Processing /media/prempeh/Nouveau nom/MASTER2/DATA ENGINEERING/airflow/py_env/lib/python3.10/site-packages/airflow/example_dags/example_branch_datetime_operator.py took 0.505 seconds
[2023-01-14T21:11:38.617+0000] {processor.py:153} INFO - Started process (PID=8213) to work on /media/prempeh/Nouveau nom/MASTER2/DATA ENGINEERING/airflow/py_env/lib/python3.10/site-packages/airflow/example_dags/example_branch_datetime_operator.py
[2023-01-14T21:11:38.620+0000] {processor.py:743} INFO - Processing file /media/prempeh/Nouveau nom/MASTER2/DATA ENGINEERING/airflow/py_env/lib/python3.10/site-packages/airflow/example_dags/example_branch_datetime_operator.py for tasks to queue
[2023-01-14T21:11:38.625+0000] {logging_mixin.py:137} INFO - [2023-01-14T21:11:38.625+0000] {dagbag.py:538} INFO - Filling up the DagBag from /media/prempeh/Nouveau nom/MASTER2/DATA ENGINEERING/airflow/py_env/lib/python3.10/site-packages/airflow/example_dags/example_branch_datetime_operator.py
[2023-01-14T21:11:38.774+0000] {processor.py:753} INFO - DAG(s) dict_keys(['example_branch_datetime_operator', 'example_branch_datetime_operator_2', 'example_branch_datetime_operator_3']) retrieved from /media/prempeh/Nouveau nom/MASTER2/DATA ENGINEERING/airflow/py_env/lib/python3.10/site-packages/airflow/example_dags/example_branch_datetime_operator.py
[2023-01-14T21:11:38.909+0000] {logging_mixin.py:137} INFO - [2023-01-14T21:11:38.908+0000] {dag.py:2676} INFO - Sync 3 DAGs
[2023-01-14T21:11:38.983+0000] {logging_mixin.py:137} INFO - [2023-01-14T21:11:38.982+0000] {dag.py:3423} INFO - Setting next_dagrun for example_branch_datetime_operator to 2023-01-13T00:00:00+00:00, run_after=2023-01-14T00:00:00+00:00
[2023-01-14T21:11:38.998+0000] {logging_mixin.py:137} INFO - [2023-01-14T21:11:38.998+0000] {dag.py:3423} INFO - Setting next_dagrun for example_branch_datetime_operator_2 to 2023-01-13T00:00:00+00:00, run_after=2023-01-14T00:00:00+00:00
[2023-01-14T21:11:39.006+0000] {logging_mixin.py:137} INFO - [2023-01-14T21:11:39.006+0000] {dag.py:3423} INFO - Setting next_dagrun for example_branch_datetime_operator_3 to 2023-01-13T00:00:00+00:00, run_after=2023-01-14T00:00:00+00:00
[2023-01-14T21:11:39.072+0000] {processor.py:175} INFO - Processing /media/prempeh/Nouveau nom/MASTER2/DATA ENGINEERING/airflow/py_env/lib/python3.10/site-packages/airflow/example_dags/example_branch_datetime_operator.py took 0.465 seconds
[2023-01-14T21:12:48.125+0000] {processor.py:153} INFO - Started process (PID=8259) to work on /media/prempeh/Nouveau nom/MASTER2/DATA ENGINEERING/airflow/py_env/lib/python3.10/site-packages/airflow/example_dags/example_branch_datetime_operator.py
[2023-01-14T21:12:48.128+0000] {processor.py:743} INFO - Processing file /media/prempeh/Nouveau nom/MASTER2/DATA ENGINEERING/airflow/py_env/lib/python3.10/site-packages/airflow/example_dags/example_branch_datetime_operator.py for tasks to queue
[2023-01-14T21:12:48.133+0000] {logging_mixin.py:137} INFO - [2023-01-14T21:12:48.133+0000] {dagbag.py:538} INFO - Filling up the DagBag from /media/prempeh/Nouveau nom/MASTER2/DATA ENGINEERING/airflow/py_env/lib/python3.10/site-packages/airflow/example_dags/example_branch_datetime_operator.py
[2023-01-14T21:12:48.297+0000] {processor.py:753} INFO - DAG(s) dict_keys(['example_branch_datetime_operator_2', 'example_branch_datetime_operator', 'example_branch_datetime_operator_3']) retrieved from /media/prempeh/Nouveau nom/MASTER2/DATA ENGINEERING/airflow/py_env/lib/python3.10/site-packages/airflow/example_dags/example_branch_datetime_operator.py
[2023-01-14T21:12:48.442+0000] {logging_mixin.py:137} INFO - [2023-01-14T21:12:48.442+0000] {dag.py:2676} INFO - Sync 3 DAGs
[2023-01-14T21:12:48.508+0000] {logging_mixin.py:137} INFO - [2023-01-14T21:12:48.507+0000] {dag.py:3423} INFO - Setting next_dagrun for example_branch_datetime_operator to 2023-01-13T00:00:00+00:00, run_after=2023-01-14T00:00:00+00:00
[2023-01-14T21:12:48.522+0000] {logging_mixin.py:137} INFO - [2023-01-14T21:12:48.522+0000] {dag.py:3423} INFO - Setting next_dagrun for example_branch_datetime_operator_2 to 2023-01-13T00:00:00+00:00, run_after=2023-01-14T00:00:00+00:00
[2023-01-14T21:12:48.532+0000] {logging_mixin.py:137} INFO - [2023-01-14T21:12:48.531+0000] {dag.py:3423} INFO - Setting next_dagrun for example_branch_datetime_operator_3 to 2023-01-13T00:00:00+00:00, run_after=2023-01-14T00:00:00+00:00
[2023-01-14T21:12:48.599+0000] {processor.py:175} INFO - Processing /media/prempeh/Nouveau nom/MASTER2/DATA ENGINEERING/airflow/py_env/lib/python3.10/site-packages/airflow/example_dags/example_branch_datetime_operator.py took 0.483 seconds
[2023-01-14T21:14:03.139+0000] {processor.py:153} INFO - Started process (PID=8313) to work on /media/prempeh/Nouveau nom/MASTER2/DATA ENGINEERING/airflow/py_env/lib/python3.10/site-packages/airflow/example_dags/example_branch_datetime_operator.py
[2023-01-14T21:14:03.141+0000] {processor.py:743} INFO - Processing file /media/prempeh/Nouveau nom/MASTER2/DATA ENGINEERING/airflow/py_env/lib/python3.10/site-packages/airflow/example_dags/example_branch_datetime_operator.py for tasks to queue
[2023-01-14T21:14:03.147+0000] {logging_mixin.py:137} INFO - [2023-01-14T21:14:03.146+0000] {dagbag.py:538} INFO - Filling up the DagBag from /media/prempeh/Nouveau nom/MASTER2/DATA ENGINEERING/airflow/py_env/lib/python3.10/site-packages/airflow/example_dags/example_branch_datetime_operator.py
[2023-01-14T21:14:03.324+0000] {processor.py:753} INFO - DAG(s) dict_keys(['example_branch_datetime_operator_3', 'example_branch_datetime_operator_2', 'example_branch_datetime_operator']) retrieved from /media/prempeh/Nouveau nom/MASTER2/DATA ENGINEERING/airflow/py_env/lib/python3.10/site-packages/airflow/example_dags/example_branch_datetime_operator.py
[2023-01-14T21:14:03.516+0000] {logging_mixin.py:137} INFO - [2023-01-14T21:14:03.515+0000] {dag.py:2676} INFO - Sync 3 DAGs
[2023-01-14T21:14:03.597+0000] {logging_mixin.py:137} INFO - [2023-01-14T21:14:03.596+0000] {dag.py:3423} INFO - Setting next_dagrun for example_branch_datetime_operator to 2023-01-13T00:00:00+00:00, run_after=2023-01-14T00:00:00+00:00
[2023-01-14T21:14:03.612+0000] {logging_mixin.py:137} INFO - [2023-01-14T21:14:03.611+0000] {dag.py:3423} INFO - Setting next_dagrun for example_branch_datetime_operator_2 to 2023-01-13T00:00:00+00:00, run_after=2023-01-14T00:00:00+00:00
[2023-01-14T21:14:03.621+0000] {logging_mixin.py:137} INFO - [2023-01-14T21:14:03.620+0000] {dag.py:3423} INFO - Setting next_dagrun for example_branch_datetime_operator_3 to 2023-01-13T00:00:00+00:00, run_after=2023-01-14T00:00:00+00:00
[2023-01-14T21:14:03.693+0000] {processor.py:175} INFO - Processing /media/prempeh/Nouveau nom/MASTER2/DATA ENGINEERING/airflow/py_env/lib/python3.10/site-packages/airflow/example_dags/example_branch_datetime_operator.py took 0.565 seconds
[2023-01-14T21:15:10.215+0000] {processor.py:153} INFO - Started process (PID=8475) to work on /media/prempeh/Nouveau nom/MASTER2/DATA ENGINEERING/airflow/py_env/lib/python3.10/site-packages/airflow/example_dags/example_branch_datetime_operator.py
[2023-01-14T21:15:10.221+0000] {processor.py:743} INFO - Processing file /media/prempeh/Nouveau nom/MASTER2/DATA ENGINEERING/airflow/py_env/lib/python3.10/site-packages/airflow/example_dags/example_branch_datetime_operator.py for tasks to queue
[2023-01-14T21:15:10.228+0000] {logging_mixin.py:137} INFO - [2023-01-14T21:15:10.227+0000] {dagbag.py:538} INFO - Filling up the DagBag from /media/prempeh/Nouveau nom/MASTER2/DATA ENGINEERING/airflow/py_env/lib/python3.10/site-packages/airflow/example_dags/example_branch_datetime_operator.py
[2023-01-14T21:15:10.560+0000] {processor.py:753} INFO - DAG(s) dict_keys(['example_branch_datetime_operator', 'example_branch_datetime_operator_2', 'example_branch_datetime_operator_3']) retrieved from /media/prempeh/Nouveau nom/MASTER2/DATA ENGINEERING/airflow/py_env/lib/python3.10/site-packages/airflow/example_dags/example_branch_datetime_operator.py
[2023-01-14T21:15:10.933+0000] {logging_mixin.py:137} INFO - [2023-01-14T21:15:10.932+0000] {dag.py:2676} INFO - Sync 3 DAGs
[2023-01-14T21:15:11.124+0000] {logging_mixin.py:137} INFO - [2023-01-14T21:15:11.122+0000] {dag.py:3423} INFO - Setting next_dagrun for example_branch_datetime_operator to 2023-01-13T00:00:00+00:00, run_after=2023-01-14T00:00:00+00:00
[2023-01-14T21:15:11.182+0000] {logging_mixin.py:137} INFO - [2023-01-14T21:15:11.181+0000] {dag.py:3423} INFO - Setting next_dagrun for example_branch_datetime_operator_2 to 2023-01-13T00:00:00+00:00, run_after=2023-01-14T00:00:00+00:00
[2023-01-14T21:15:11.208+0000] {logging_mixin.py:137} INFO - [2023-01-14T21:15:11.207+0000] {dag.py:3423} INFO - Setting next_dagrun for example_branch_datetime_operator_3 to 2023-01-13T00:00:00+00:00, run_after=2023-01-14T00:00:00+00:00
[2023-01-14T21:15:11.343+0000] {processor.py:175} INFO - Processing /media/prempeh/Nouveau nom/MASTER2/DATA ENGINEERING/airflow/py_env/lib/python3.10/site-packages/airflow/example_dags/example_branch_datetime_operator.py took 1.148 seconds
[2023-01-14T21:16:23.225+0000] {processor.py:153} INFO - Started process (PID=9039) to work on /media/prempeh/Nouveau nom/MASTER2/DATA ENGINEERING/airflow/py_env/lib/python3.10/site-packages/airflow/example_dags/example_branch_datetime_operator.py
[2023-01-14T21:16:23.228+0000] {processor.py:743} INFO - Processing file /media/prempeh/Nouveau nom/MASTER2/DATA ENGINEERING/airflow/py_env/lib/python3.10/site-packages/airflow/example_dags/example_branch_datetime_operator.py for tasks to queue
[2023-01-14T21:16:23.234+0000] {logging_mixin.py:137} INFO - [2023-01-14T21:16:23.234+0000] {dagbag.py:538} INFO - Filling up the DagBag from /media/prempeh/Nouveau nom/MASTER2/DATA ENGINEERING/airflow/py_env/lib/python3.10/site-packages/airflow/example_dags/example_branch_datetime_operator.py
[2023-01-14T21:16:23.366+0000] {processor.py:753} INFO - DAG(s) dict_keys(['example_branch_datetime_operator_3', 'example_branch_datetime_operator_2', 'example_branch_datetime_operator']) retrieved from /media/prempeh/Nouveau nom/MASTER2/DATA ENGINEERING/airflow/py_env/lib/python3.10/site-packages/airflow/example_dags/example_branch_datetime_operator.py
[2023-01-14T21:16:23.514+0000] {logging_mixin.py:137} INFO - [2023-01-14T21:16:23.513+0000] {dag.py:2676} INFO - Sync 3 DAGs
[2023-01-14T21:16:23.582+0000] {logging_mixin.py:137} INFO - [2023-01-14T21:16:23.581+0000] {dag.py:3423} INFO - Setting next_dagrun for example_branch_datetime_operator to 2023-01-13T00:00:00+00:00, run_after=2023-01-14T00:00:00+00:00
[2023-01-14T21:16:23.596+0000] {logging_mixin.py:137} INFO - [2023-01-14T21:16:23.595+0000] {dag.py:3423} INFO - Setting next_dagrun for example_branch_datetime_operator_2 to 2023-01-13T00:00:00+00:00, run_after=2023-01-14T00:00:00+00:00
[2023-01-14T21:16:23.603+0000] {logging_mixin.py:137} INFO - [2023-01-14T21:16:23.603+0000] {dag.py:3423} INFO - Setting next_dagrun for example_branch_datetime_operator_3 to 2023-01-13T00:00:00+00:00, run_after=2023-01-14T00:00:00+00:00
[2023-01-14T21:16:23.674+0000] {processor.py:175} INFO - Processing /media/prempeh/Nouveau nom/MASTER2/DATA ENGINEERING/airflow/py_env/lib/python3.10/site-packages/airflow/example_dags/example_branch_datetime_operator.py took 0.458 seconds
[2023-01-14T21:17:35.126+0000] {processor.py:153} INFO - Started process (PID=9162) to work on /media/prempeh/Nouveau nom/MASTER2/DATA ENGINEERING/airflow/py_env/lib/python3.10/site-packages/airflow/example_dags/example_branch_datetime_operator.py
[2023-01-14T21:17:35.130+0000] {processor.py:743} INFO - Processing file /media/prempeh/Nouveau nom/MASTER2/DATA ENGINEERING/airflow/py_env/lib/python3.10/site-packages/airflow/example_dags/example_branch_datetime_operator.py for tasks to queue
[2023-01-14T21:17:35.135+0000] {logging_mixin.py:137} INFO - [2023-01-14T21:17:35.134+0000] {dagbag.py:538} INFO - Filling up the DagBag from /media/prempeh/Nouveau nom/MASTER2/DATA ENGINEERING/airflow/py_env/lib/python3.10/site-packages/airflow/example_dags/example_branch_datetime_operator.py
[2023-01-14T21:17:35.279+0000] {processor.py:753} INFO - DAG(s) dict_keys(['example_branch_datetime_operator_2', 'example_branch_datetime_operator_3', 'example_branch_datetime_operator']) retrieved from /media/prempeh/Nouveau nom/MASTER2/DATA ENGINEERING/airflow/py_env/lib/python3.10/site-packages/airflow/example_dags/example_branch_datetime_operator.py
[2023-01-14T21:17:35.433+0000] {logging_mixin.py:137} INFO - [2023-01-14T21:17:35.433+0000] {dag.py:2676} INFO - Sync 3 DAGs
[2023-01-14T21:17:35.501+0000] {logging_mixin.py:137} INFO - [2023-01-14T21:17:35.501+0000] {dag.py:3423} INFO - Setting next_dagrun for example_branch_datetime_operator to 2023-01-13T00:00:00+00:00, run_after=2023-01-14T00:00:00+00:00
[2023-01-14T21:17:35.515+0000] {logging_mixin.py:137} INFO - [2023-01-14T21:17:35.514+0000] {dag.py:3423} INFO - Setting next_dagrun for example_branch_datetime_operator_2 to 2023-01-13T00:00:00+00:00, run_after=2023-01-14T00:00:00+00:00
[2023-01-14T21:17:35.522+0000] {logging_mixin.py:137} INFO - [2023-01-14T21:17:35.521+0000] {dag.py:3423} INFO - Setting next_dagrun for example_branch_datetime_operator_3 to 2023-01-13T00:00:00+00:00, run_after=2023-01-14T00:00:00+00:00
[2023-01-14T21:17:35.588+0000] {processor.py:175} INFO - Processing /media/prempeh/Nouveau nom/MASTER2/DATA ENGINEERING/airflow/py_env/lib/python3.10/site-packages/airflow/example_dags/example_branch_datetime_operator.py took 0.474 seconds
[2023-01-14T21:18:47.220+0000] {processor.py:153} INFO - Started process (PID=9415) to work on /media/prempeh/Nouveau nom/MASTER2/DATA ENGINEERING/airflow/py_env/lib/python3.10/site-packages/airflow/example_dags/example_branch_datetime_operator.py
[2023-01-14T21:18:47.226+0000] {processor.py:743} INFO - Processing file /media/prempeh/Nouveau nom/MASTER2/DATA ENGINEERING/airflow/py_env/lib/python3.10/site-packages/airflow/example_dags/example_branch_datetime_operator.py for tasks to queue
[2023-01-14T21:18:47.235+0000] {logging_mixin.py:137} INFO - [2023-01-14T21:18:47.235+0000] {dagbag.py:538} INFO - Filling up the DagBag from /media/prempeh/Nouveau nom/MASTER2/DATA ENGINEERING/airflow/py_env/lib/python3.10/site-packages/airflow/example_dags/example_branch_datetime_operator.py
[2023-01-14T21:18:47.441+0000] {processor.py:753} INFO - DAG(s) dict_keys(['example_branch_datetime_operator_3', 'example_branch_datetime_operator_2', 'example_branch_datetime_operator']) retrieved from /media/prempeh/Nouveau nom/MASTER2/DATA ENGINEERING/airflow/py_env/lib/python3.10/site-packages/airflow/example_dags/example_branch_datetime_operator.py
[2023-01-14T21:18:47.616+0000] {logging_mixin.py:137} INFO - [2023-01-14T21:18:47.615+0000] {dag.py:2676} INFO - Sync 3 DAGs
[2023-01-14T21:18:47.714+0000] {logging_mixin.py:137} INFO - [2023-01-14T21:18:47.714+0000] {dag.py:3423} INFO - Setting next_dagrun for example_branch_datetime_operator to 2023-01-13T00:00:00+00:00, run_after=2023-01-14T00:00:00+00:00
[2023-01-14T21:18:47.732+0000] {logging_mixin.py:137} INFO - [2023-01-14T21:18:47.732+0000] {dag.py:3423} INFO - Setting next_dagrun for example_branch_datetime_operator_2 to 2023-01-13T00:00:00+00:00, run_after=2023-01-14T00:00:00+00:00
[2023-01-14T21:18:47.740+0000] {logging_mixin.py:137} INFO - [2023-01-14T21:18:47.740+0000] {dag.py:3423} INFO - Setting next_dagrun for example_branch_datetime_operator_3 to 2023-01-13T00:00:00+00:00, run_after=2023-01-14T00:00:00+00:00
[2023-01-14T21:18:47.814+0000] {processor.py:175} INFO - Processing /media/prempeh/Nouveau nom/MASTER2/DATA ENGINEERING/airflow/py_env/lib/python3.10/site-packages/airflow/example_dags/example_branch_datetime_operator.py took 0.606 seconds
[2023-01-14T21:20:02.046+0000] {processor.py:153} INFO - Started process (PID=9710) to work on /media/prempeh/Nouveau nom/MASTER2/DATA ENGINEERING/airflow/py_env/lib/python3.10/site-packages/airflow/example_dags/example_branch_datetime_operator.py
[2023-01-14T21:20:02.049+0000] {processor.py:743} INFO - Processing file /media/prempeh/Nouveau nom/MASTER2/DATA ENGINEERING/airflow/py_env/lib/python3.10/site-packages/airflow/example_dags/example_branch_datetime_operator.py for tasks to queue
[2023-01-14T21:20:02.054+0000] {logging_mixin.py:137} INFO - [2023-01-14T21:20:02.054+0000] {dagbag.py:538} INFO - Filling up the DagBag from /media/prempeh/Nouveau nom/MASTER2/DATA ENGINEERING/airflow/py_env/lib/python3.10/site-packages/airflow/example_dags/example_branch_datetime_operator.py
[2023-01-14T21:20:02.185+0000] {processor.py:753} INFO - DAG(s) dict_keys(['example_branch_datetime_operator_2', 'example_branch_datetime_operator', 'example_branch_datetime_operator_3']) retrieved from /media/prempeh/Nouveau nom/MASTER2/DATA ENGINEERING/airflow/py_env/lib/python3.10/site-packages/airflow/example_dags/example_branch_datetime_operator.py
[2023-01-14T21:20:02.333+0000] {logging_mixin.py:137} INFO - [2023-01-14T21:20:02.333+0000] {dag.py:2676} INFO - Sync 3 DAGs
[2023-01-14T21:20:02.402+0000] {logging_mixin.py:137} INFO - [2023-01-14T21:20:02.402+0000] {dag.py:3423} INFO - Setting next_dagrun for example_branch_datetime_operator to 2023-01-13T00:00:00+00:00, run_after=2023-01-14T00:00:00+00:00
[2023-01-14T21:20:02.417+0000] {logging_mixin.py:137} INFO - [2023-01-14T21:20:02.416+0000] {dag.py:3423} INFO - Setting next_dagrun for example_branch_datetime_operator_2 to 2023-01-13T00:00:00+00:00, run_after=2023-01-14T00:00:00+00:00
[2023-01-14T21:20:02.427+0000] {logging_mixin.py:137} INFO - [2023-01-14T21:20:02.426+0000] {dag.py:3423} INFO - Setting next_dagrun for example_branch_datetime_operator_3 to 2023-01-13T00:00:00+00:00, run_after=2023-01-14T00:00:00+00:00
[2023-01-14T21:20:02.485+0000] {processor.py:175} INFO - Processing /media/prempeh/Nouveau nom/MASTER2/DATA ENGINEERING/airflow/py_env/lib/python3.10/site-packages/airflow/example_dags/example_branch_datetime_operator.py took 0.449 seconds
[2023-01-14T21:21:10.614+0000] {processor.py:153} INFO - Started process (PID=9820) to work on /media/prempeh/Nouveau nom/MASTER2/DATA ENGINEERING/airflow/py_env/lib/python3.10/site-packages/airflow/example_dags/example_branch_datetime_operator.py
[2023-01-14T21:21:10.617+0000] {processor.py:743} INFO - Processing file /media/prempeh/Nouveau nom/MASTER2/DATA ENGINEERING/airflow/py_env/lib/python3.10/site-packages/airflow/example_dags/example_branch_datetime_operator.py for tasks to queue
[2023-01-14T21:21:10.622+0000] {logging_mixin.py:137} INFO - [2023-01-14T21:21:10.621+0000] {dagbag.py:538} INFO - Filling up the DagBag from /media/prempeh/Nouveau nom/MASTER2/DATA ENGINEERING/airflow/py_env/lib/python3.10/site-packages/airflow/example_dags/example_branch_datetime_operator.py
[2023-01-14T21:21:10.801+0000] {processor.py:753} INFO - DAG(s) dict_keys(['example_branch_datetime_operator', 'example_branch_datetime_operator_3', 'example_branch_datetime_operator_2']) retrieved from /media/prempeh/Nouveau nom/MASTER2/DATA ENGINEERING/airflow/py_env/lib/python3.10/site-packages/airflow/example_dags/example_branch_datetime_operator.py
[2023-01-14T21:21:10.962+0000] {logging_mixin.py:137} INFO - [2023-01-14T21:21:10.962+0000] {dag.py:2676} INFO - Sync 3 DAGs
[2023-01-14T21:21:11.038+0000] {logging_mixin.py:137} INFO - [2023-01-14T21:21:11.038+0000] {dag.py:3423} INFO - Setting next_dagrun for example_branch_datetime_operator to 2023-01-13T00:00:00+00:00, run_after=2023-01-14T00:00:00+00:00
[2023-01-14T21:21:11.054+0000] {logging_mixin.py:137} INFO - [2023-01-14T21:21:11.054+0000] {dag.py:3423} INFO - Setting next_dagrun for example_branch_datetime_operator_2 to 2023-01-13T00:00:00+00:00, run_after=2023-01-14T00:00:00+00:00
[2023-01-14T21:21:11.063+0000] {logging_mixin.py:137} INFO - [2023-01-14T21:21:11.062+0000] {dag.py:3423} INFO - Setting next_dagrun for example_branch_datetime_operator_3 to 2023-01-13T00:00:00+00:00, run_after=2023-01-14T00:00:00+00:00
[2023-01-14T21:21:11.132+0000] {processor.py:175} INFO - Processing /media/prempeh/Nouveau nom/MASTER2/DATA ENGINEERING/airflow/py_env/lib/python3.10/site-packages/airflow/example_dags/example_branch_datetime_operator.py took 0.527 seconds
[2023-01-14T21:22:20.672+0000] {processor.py:153} INFO - Started process (PID=10026) to work on /media/prempeh/Nouveau nom/MASTER2/DATA ENGINEERING/airflow/py_env/lib/python3.10/site-packages/airflow/example_dags/example_branch_datetime_operator.py
[2023-01-14T21:22:20.680+0000] {processor.py:743} INFO - Processing file /media/prempeh/Nouveau nom/MASTER2/DATA ENGINEERING/airflow/py_env/lib/python3.10/site-packages/airflow/example_dags/example_branch_datetime_operator.py for tasks to queue
[2023-01-14T21:22:20.688+0000] {logging_mixin.py:137} INFO - [2023-01-14T21:22:20.686+0000] {dagbag.py:538} INFO - Filling up the DagBag from /media/prempeh/Nouveau nom/MASTER2/DATA ENGINEERING/airflow/py_env/lib/python3.10/site-packages/airflow/example_dags/example_branch_datetime_operator.py
[2023-01-14T21:22:20.905+0000] {processor.py:753} INFO - DAG(s) dict_keys(['example_branch_datetime_operator_2', 'example_branch_datetime_operator_3', 'example_branch_datetime_operator']) retrieved from /media/prempeh/Nouveau nom/MASTER2/DATA ENGINEERING/airflow/py_env/lib/python3.10/site-packages/airflow/example_dags/example_branch_datetime_operator.py
[2023-01-14T21:22:21.123+0000] {logging_mixin.py:137} INFO - [2023-01-14T21:22:21.123+0000] {dag.py:2676} INFO - Sync 3 DAGs
[2023-01-14T21:22:21.193+0000] {logging_mixin.py:137} INFO - [2023-01-14T21:22:21.193+0000] {dag.py:3423} INFO - Setting next_dagrun for example_branch_datetime_operator to 2023-01-13T00:00:00+00:00, run_after=2023-01-14T00:00:00+00:00
[2023-01-14T21:22:21.206+0000] {logging_mixin.py:137} INFO - [2023-01-14T21:22:21.206+0000] {dag.py:3423} INFO - Setting next_dagrun for example_branch_datetime_operator_2 to 2023-01-13T00:00:00+00:00, run_after=2023-01-14T00:00:00+00:00
[2023-01-14T21:22:21.215+0000] {logging_mixin.py:137} INFO - [2023-01-14T21:22:21.215+0000] {dag.py:3423} INFO - Setting next_dagrun for example_branch_datetime_operator_3 to 2023-01-13T00:00:00+00:00, run_after=2023-01-14T00:00:00+00:00
[2023-01-14T21:22:21.274+0000] {processor.py:175} INFO - Processing /media/prempeh/Nouveau nom/MASTER2/DATA ENGINEERING/airflow/py_env/lib/python3.10/site-packages/airflow/example_dags/example_branch_datetime_operator.py took 0.616 seconds
[2023-01-14T21:23:37.645+0000] {processor.py:153} INFO - Started process (PID=10351) to work on /media/prempeh/Nouveau nom/MASTER2/DATA ENGINEERING/airflow/py_env/lib/python3.10/site-packages/airflow/example_dags/example_branch_datetime_operator.py
[2023-01-14T21:23:37.648+0000] {processor.py:743} INFO - Processing file /media/prempeh/Nouveau nom/MASTER2/DATA ENGINEERING/airflow/py_env/lib/python3.10/site-packages/airflow/example_dags/example_branch_datetime_operator.py for tasks to queue
[2023-01-14T21:23:37.654+0000] {logging_mixin.py:137} INFO - [2023-01-14T21:23:37.653+0000] {dagbag.py:538} INFO - Filling up the DagBag from /media/prempeh/Nouveau nom/MASTER2/DATA ENGINEERING/airflow/py_env/lib/python3.10/site-packages/airflow/example_dags/example_branch_datetime_operator.py
[2023-01-14T21:23:37.821+0000] {processor.py:753} INFO - DAG(s) dict_keys(['example_branch_datetime_operator_2', 'example_branch_datetime_operator_3', 'example_branch_datetime_operator']) retrieved from /media/prempeh/Nouveau nom/MASTER2/DATA ENGINEERING/airflow/py_env/lib/python3.10/site-packages/airflow/example_dags/example_branch_datetime_operator.py
[2023-01-14T21:23:37.968+0000] {logging_mixin.py:137} INFO - [2023-01-14T21:23:37.968+0000] {dag.py:2676} INFO - Sync 3 DAGs
[2023-01-14T21:23:38.049+0000] {logging_mixin.py:137} INFO - [2023-01-14T21:23:38.049+0000] {dag.py:3423} INFO - Setting next_dagrun for example_branch_datetime_operator to 2023-01-13T00:00:00+00:00, run_after=2023-01-14T00:00:00+00:00
[2023-01-14T21:23:38.068+0000] {logging_mixin.py:137} INFO - [2023-01-14T21:23:38.067+0000] {dag.py:3423} INFO - Setting next_dagrun for example_branch_datetime_operator_2 to 2023-01-13T00:00:00+00:00, run_after=2023-01-14T00:00:00+00:00
[2023-01-14T21:23:38.076+0000] {logging_mixin.py:137} INFO - [2023-01-14T21:23:38.076+0000] {dag.py:3423} INFO - Setting next_dagrun for example_branch_datetime_operator_3 to 2023-01-13T00:00:00+00:00, run_after=2023-01-14T00:00:00+00:00
[2023-01-14T21:23:38.149+0000] {processor.py:175} INFO - Processing /media/prempeh/Nouveau nom/MASTER2/DATA ENGINEERING/airflow/py_env/lib/python3.10/site-packages/airflow/example_dags/example_branch_datetime_operator.py took 0.512 seconds
[2023-01-14T21:24:40.240+0000] {processor.py:153} INFO - Started process (PID=10427) to work on /media/prempeh/Nouveau nom/MASTER2/DATA ENGINEERING/airflow/py_env/lib/python3.10/site-packages/airflow/example_dags/example_branch_datetime_operator.py
[2023-01-14T21:24:40.244+0000] {processor.py:743} INFO - Processing file /media/prempeh/Nouveau nom/MASTER2/DATA ENGINEERING/airflow/py_env/lib/python3.10/site-packages/airflow/example_dags/example_branch_datetime_operator.py for tasks to queue
[2023-01-14T21:24:40.249+0000] {logging_mixin.py:137} INFO - [2023-01-14T21:24:40.249+0000] {dagbag.py:538} INFO - Filling up the DagBag from /media/prempeh/Nouveau nom/MASTER2/DATA ENGINEERING/airflow/py_env/lib/python3.10/site-packages/airflow/example_dags/example_branch_datetime_operator.py
[2023-01-14T21:24:40.401+0000] {processor.py:753} INFO - DAG(s) dict_keys(['example_branch_datetime_operator_3', 'example_branch_datetime_operator_2', 'example_branch_datetime_operator']) retrieved from /media/prempeh/Nouveau nom/MASTER2/DATA ENGINEERING/airflow/py_env/lib/python3.10/site-packages/airflow/example_dags/example_branch_datetime_operator.py
[2023-01-14T21:24:40.586+0000] {logging_mixin.py:137} INFO - [2023-01-14T21:24:40.586+0000] {dag.py:2676} INFO - Sync 3 DAGs
[2023-01-14T21:24:40.705+0000] {logging_mixin.py:137} INFO - [2023-01-14T21:24:40.704+0000] {dag.py:3423} INFO - Setting next_dagrun for example_branch_datetime_operator to 2023-01-13T00:00:00+00:00, run_after=2023-01-14T00:00:00+00:00
[2023-01-14T21:24:40.728+0000] {logging_mixin.py:137} INFO - [2023-01-14T21:24:40.727+0000] {dag.py:3423} INFO - Setting next_dagrun for example_branch_datetime_operator_2 to 2023-01-13T00:00:00+00:00, run_after=2023-01-14T00:00:00+00:00
[2023-01-14T21:24:40.742+0000] {logging_mixin.py:137} INFO - [2023-01-14T21:24:40.741+0000] {dag.py:3423} INFO - Setting next_dagrun for example_branch_datetime_operator_3 to 2023-01-13T00:00:00+00:00, run_after=2023-01-14T00:00:00+00:00
[2023-01-14T21:24:40.835+0000] {processor.py:175} INFO - Processing /media/prempeh/Nouveau nom/MASTER2/DATA ENGINEERING/airflow/py_env/lib/python3.10/site-packages/airflow/example_dags/example_branch_datetime_operator.py took 0.606 seconds
[2023-01-14T21:25:54.696+0000] {processor.py:153} INFO - Started process (PID=10558) to work on /media/prempeh/Nouveau nom/MASTER2/DATA ENGINEERING/airflow/py_env/lib/python3.10/site-packages/airflow/example_dags/example_branch_datetime_operator.py
[2023-01-14T21:25:54.699+0000] {processor.py:743} INFO - Processing file /media/prempeh/Nouveau nom/MASTER2/DATA ENGINEERING/airflow/py_env/lib/python3.10/site-packages/airflow/example_dags/example_branch_datetime_operator.py for tasks to queue
[2023-01-14T21:25:54.703+0000] {logging_mixin.py:137} INFO - [2023-01-14T21:25:54.702+0000] {dagbag.py:538} INFO - Filling up the DagBag from /media/prempeh/Nouveau nom/MASTER2/DATA ENGINEERING/airflow/py_env/lib/python3.10/site-packages/airflow/example_dags/example_branch_datetime_operator.py
[2023-01-14T21:25:54.854+0000] {processor.py:753} INFO - DAG(s) dict_keys(['example_branch_datetime_operator_2', 'example_branch_datetime_operator', 'example_branch_datetime_operator_3']) retrieved from /media/prempeh/Nouveau nom/MASTER2/DATA ENGINEERING/airflow/py_env/lib/python3.10/site-packages/airflow/example_dags/example_branch_datetime_operator.py
[2023-01-14T21:25:55.009+0000] {logging_mixin.py:137} INFO - [2023-01-14T21:25:55.009+0000] {dag.py:2676} INFO - Sync 3 DAGs
[2023-01-14T21:25:55.087+0000] {logging_mixin.py:137} INFO - [2023-01-14T21:25:55.086+0000] {dag.py:3423} INFO - Setting next_dagrun for example_branch_datetime_operator to 2023-01-13T00:00:00+00:00, run_after=2023-01-14T00:00:00+00:00
[2023-01-14T21:25:55.109+0000] {logging_mixin.py:137} INFO - [2023-01-14T21:25:55.108+0000] {dag.py:3423} INFO - Setting next_dagrun for example_branch_datetime_operator_2 to 2023-01-13T00:00:00+00:00, run_after=2023-01-14T00:00:00+00:00
[2023-01-14T21:25:55.119+0000] {logging_mixin.py:137} INFO - [2023-01-14T21:25:55.119+0000] {dag.py:3423} INFO - Setting next_dagrun for example_branch_datetime_operator_3 to 2023-01-13T00:00:00+00:00, run_after=2023-01-14T00:00:00+00:00
[2023-01-14T21:25:55.187+0000] {processor.py:175} INFO - Processing /media/prempeh/Nouveau nom/MASTER2/DATA ENGINEERING/airflow/py_env/lib/python3.10/site-packages/airflow/example_dags/example_branch_datetime_operator.py took 0.504 seconds
[2023-01-14T21:27:06.071+0000] {processor.py:153} INFO - Started process (PID=10739) to work on /media/prempeh/Nouveau nom/MASTER2/DATA ENGINEERING/airflow/py_env/lib/python3.10/site-packages/airflow/example_dags/example_branch_datetime_operator.py
[2023-01-14T21:27:06.074+0000] {processor.py:743} INFO - Processing file /media/prempeh/Nouveau nom/MASTER2/DATA ENGINEERING/airflow/py_env/lib/python3.10/site-packages/airflow/example_dags/example_branch_datetime_operator.py for tasks to queue
[2023-01-14T21:27:06.082+0000] {logging_mixin.py:137} INFO - [2023-01-14T21:27:06.082+0000] {dagbag.py:538} INFO - Filling up the DagBag from /media/prempeh/Nouveau nom/MASTER2/DATA ENGINEERING/airflow/py_env/lib/python3.10/site-packages/airflow/example_dags/example_branch_datetime_operator.py
[2023-01-14T21:27:06.256+0000] {processor.py:753} INFO - DAG(s) dict_keys(['example_branch_datetime_operator_2', 'example_branch_datetime_operator_3', 'example_branch_datetime_operator']) retrieved from /media/prempeh/Nouveau nom/MASTER2/DATA ENGINEERING/airflow/py_env/lib/python3.10/site-packages/airflow/example_dags/example_branch_datetime_operator.py
[2023-01-14T21:27:06.441+0000] {logging_mixin.py:137} INFO - [2023-01-14T21:27:06.440+0000] {dag.py:2676} INFO - Sync 3 DAGs
[2023-01-14T21:27:06.525+0000] {logging_mixin.py:137} INFO - [2023-01-14T21:27:06.524+0000] {dag.py:3423} INFO - Setting next_dagrun for example_branch_datetime_operator to 2023-01-13T00:00:00+00:00, run_after=2023-01-14T00:00:00+00:00
[2023-01-14T21:27:06.542+0000] {logging_mixin.py:137} INFO - [2023-01-14T21:27:06.542+0000] {dag.py:3423} INFO - Setting next_dagrun for example_branch_datetime_operator_2 to 2023-01-13T00:00:00+00:00, run_after=2023-01-14T00:00:00+00:00
[2023-01-14T21:27:06.553+0000] {logging_mixin.py:137} INFO - [2023-01-14T21:27:06.553+0000] {dag.py:3423} INFO - Setting next_dagrun for example_branch_datetime_operator_3 to 2023-01-13T00:00:00+00:00, run_after=2023-01-14T00:00:00+00:00
[2023-01-14T21:27:06.627+0000] {processor.py:175} INFO - Processing /media/prempeh/Nouveau nom/MASTER2/DATA ENGINEERING/airflow/py_env/lib/python3.10/site-packages/airflow/example_dags/example_branch_datetime_operator.py took 0.568 seconds
