[2023-01-14T20:53:07.858+0000] {processor.py:153} INFO - Started process (PID=6418) to work on /media/prempeh/Nouveau nom/MASTER2/DATA ENGINEERING/airflow/py_env/lib/python3.10/site-packages/airflow/example_dags/example_sensors.py
[2023-01-14T20:53:07.862+0000] {processor.py:743} INFO - Processing file /media/prempeh/Nouveau nom/MASTER2/DATA ENGINEERING/airflow/py_env/lib/python3.10/site-packages/airflow/example_dags/example_sensors.py for tasks to queue
[2023-01-14T20:53:07.867+0000] {logging_mixin.py:137} INFO - [2023-01-14T20:53:07.866+0000] {dagbag.py:538} INFO - Filling up the DagBag from /media/prempeh/Nouveau nom/MASTER2/DATA ENGINEERING/airflow/py_env/lib/python3.10/site-packages/airflow/example_dags/example_sensors.py
[2023-01-14T20:53:08.044+0000] {processor.py:753} INFO - DAG(s) dict_keys(['example_sensors']) retrieved from /media/prempeh/Nouveau nom/MASTER2/DATA ENGINEERING/airflow/py_env/lib/python3.10/site-packages/airflow/example_dags/example_sensors.py
[2023-01-14T20:53:08.728+0000] {logging_mixin.py:137} INFO - [2023-01-14T20:53:08.727+0000] {manager.py:504} INFO - Created Permission View: can edit on DAG:example_sensors
[2023-01-14T20:53:08.756+0000] {logging_mixin.py:137} INFO - [2023-01-14T20:53:08.756+0000] {manager.py:504} INFO - Created Permission View: can delete on DAG:example_sensors
[2023-01-14T20:53:08.779+0000] {logging_mixin.py:137} INFO - [2023-01-14T20:53:08.779+0000] {manager.py:504} INFO - Created Permission View: can read on DAG:example_sensors
[2023-01-14T20:53:08.781+0000] {logging_mixin.py:137} INFO - [2023-01-14T20:53:08.780+0000] {dag.py:2676} INFO - Sync 1 DAGs
[2023-01-14T20:53:08.815+0000] {logging_mixin.py:137} INFO - [2023-01-14T20:53:08.815+0000] {dag.py:2697} INFO - Creating ORM DAG for example_sensors
[2023-01-14T20:53:08.843+0000] {logging_mixin.py:137} INFO - [2023-01-14T20:53:08.842+0000] {dag.py:3423} INFO - Setting next_dagrun for example_sensors to None, run_after=None
[2023-01-14T20:53:08.910+0000] {processor.py:175} INFO - Processing /media/prempeh/Nouveau nom/MASTER2/DATA ENGINEERING/airflow/py_env/lib/python3.10/site-packages/airflow/example_dags/example_sensors.py took 1.061 seconds
[2023-01-14T20:54:19.476+0000] {processor.py:153} INFO - Started process (PID=6721) to work on /media/prempeh/Nouveau nom/MASTER2/DATA ENGINEERING/airflow/py_env/lib/python3.10/site-packages/airflow/example_dags/example_sensors.py
[2023-01-14T20:54:19.479+0000] {processor.py:743} INFO - Processing file /media/prempeh/Nouveau nom/MASTER2/DATA ENGINEERING/airflow/py_env/lib/python3.10/site-packages/airflow/example_dags/example_sensors.py for tasks to queue
[2023-01-14T20:54:19.484+0000] {logging_mixin.py:137} INFO - [2023-01-14T20:54:19.484+0000] {dagbag.py:538} INFO - Filling up the DagBag from /media/prempeh/Nouveau nom/MASTER2/DATA ENGINEERING/airflow/py_env/lib/python3.10/site-packages/airflow/example_dags/example_sensors.py
[2023-01-14T20:54:19.654+0000] {processor.py:753} INFO - DAG(s) dict_keys(['example_sensors']) retrieved from /media/prempeh/Nouveau nom/MASTER2/DATA ENGINEERING/airflow/py_env/lib/python3.10/site-packages/airflow/example_dags/example_sensors.py
[2023-01-14T20:54:19.917+0000] {logging_mixin.py:137} INFO - [2023-01-14T20:54:19.916+0000] {dag.py:2676} INFO - Sync 1 DAGs
[2023-01-14T20:54:20.024+0000] {logging_mixin.py:137} INFO - [2023-01-14T20:54:20.023+0000] {dag.py:3423} INFO - Setting next_dagrun for example_sensors to None, run_after=None
[2023-01-14T20:54:20.133+0000] {processor.py:175} INFO - Processing /media/prempeh/Nouveau nom/MASTER2/DATA ENGINEERING/airflow/py_env/lib/python3.10/site-packages/airflow/example_dags/example_sensors.py took 0.666 seconds
[2023-01-14T20:55:20.663+0000] {processor.py:153} INFO - Started process (PID=6759) to work on /media/prempeh/Nouveau nom/MASTER2/DATA ENGINEERING/airflow/py_env/lib/python3.10/site-packages/airflow/example_dags/example_sensors.py
[2023-01-14T20:55:20.666+0000] {processor.py:743} INFO - Processing file /media/prempeh/Nouveau nom/MASTER2/DATA ENGINEERING/airflow/py_env/lib/python3.10/site-packages/airflow/example_dags/example_sensors.py for tasks to queue
[2023-01-14T20:55:20.671+0000] {logging_mixin.py:137} INFO - [2023-01-14T20:55:20.670+0000] {dagbag.py:538} INFO - Filling up the DagBag from /media/prempeh/Nouveau nom/MASTER2/DATA ENGINEERING/airflow/py_env/lib/python3.10/site-packages/airflow/example_dags/example_sensors.py
[2023-01-14T20:55:20.839+0000] {processor.py:753} INFO - DAG(s) dict_keys(['example_sensors']) retrieved from /media/prempeh/Nouveau nom/MASTER2/DATA ENGINEERING/airflow/py_env/lib/python3.10/site-packages/airflow/example_dags/example_sensors.py
[2023-01-14T20:55:20.979+0000] {logging_mixin.py:137} INFO - [2023-01-14T20:55:20.979+0000] {dag.py:2676} INFO - Sync 1 DAGs
[2023-01-14T20:55:21.060+0000] {logging_mixin.py:137} INFO - [2023-01-14T20:55:21.059+0000] {dag.py:3423} INFO - Setting next_dagrun for example_sensors to None, run_after=None
[2023-01-14T20:55:21.149+0000] {processor.py:175} INFO - Processing /media/prempeh/Nouveau nom/MASTER2/DATA ENGINEERING/airflow/py_env/lib/python3.10/site-packages/airflow/example_dags/example_sensors.py took 0.496 seconds
[2023-01-14T20:56:18.367+0000] {processor.py:153} INFO - Started process (PID=6884) to work on /media/prempeh/Nouveau nom/MASTER2/DATA ENGINEERING/airflow/py_env/lib/python3.10/site-packages/airflow/example_dags/example_sensors.py
[2023-01-14T20:56:18.373+0000] {processor.py:743} INFO - Processing file /media/prempeh/Nouveau nom/MASTER2/DATA ENGINEERING/airflow/py_env/lib/python3.10/site-packages/airflow/example_dags/example_sensors.py for tasks to queue
[2023-01-14T20:56:18.384+0000] {logging_mixin.py:137} INFO - [2023-01-14T20:56:18.383+0000] {dagbag.py:538} INFO - Filling up the DagBag from /media/prempeh/Nouveau nom/MASTER2/DATA ENGINEERING/airflow/py_env/lib/python3.10/site-packages/airflow/example_dags/example_sensors.py
[2023-01-14T20:56:18.677+0000] {processor.py:753} INFO - DAG(s) dict_keys(['example_sensors']) retrieved from /media/prempeh/Nouveau nom/MASTER2/DATA ENGINEERING/airflow/py_env/lib/python3.10/site-packages/airflow/example_dags/example_sensors.py
[2023-01-14T20:56:18.948+0000] {logging_mixin.py:137} INFO - [2023-01-14T20:56:18.948+0000] {dag.py:2676} INFO - Sync 1 DAGs
[2023-01-14T20:56:19.046+0000] {logging_mixin.py:137} INFO - [2023-01-14T20:56:19.045+0000] {dag.py:3423} INFO - Setting next_dagrun for example_sensors to None, run_after=None
[2023-01-14T20:56:19.147+0000] {processor.py:175} INFO - Processing /media/prempeh/Nouveau nom/MASTER2/DATA ENGINEERING/airflow/py_env/lib/python3.10/site-packages/airflow/example_dags/example_sensors.py took 0.795 seconds
[2023-01-14T20:57:20.066+0000] {processor.py:153} INFO - Started process (PID=7078) to work on /media/prempeh/Nouveau nom/MASTER2/DATA ENGINEERING/airflow/py_env/lib/python3.10/site-packages/airflow/example_dags/example_sensors.py
[2023-01-14T20:57:20.069+0000] {processor.py:743} INFO - Processing file /media/prempeh/Nouveau nom/MASTER2/DATA ENGINEERING/airflow/py_env/lib/python3.10/site-packages/airflow/example_dags/example_sensors.py for tasks to queue
[2023-01-14T20:57:20.073+0000] {logging_mixin.py:137} INFO - [2023-01-14T20:57:20.073+0000] {dagbag.py:538} INFO - Filling up the DagBag from /media/prempeh/Nouveau nom/MASTER2/DATA ENGINEERING/airflow/py_env/lib/python3.10/site-packages/airflow/example_dags/example_sensors.py
[2023-01-14T20:57:20.243+0000] {processor.py:753} INFO - DAG(s) dict_keys(['example_sensors']) retrieved from /media/prempeh/Nouveau nom/MASTER2/DATA ENGINEERING/airflow/py_env/lib/python3.10/site-packages/airflow/example_dags/example_sensors.py
[2023-01-14T20:57:20.391+0000] {logging_mixin.py:137} INFO - [2023-01-14T20:57:20.391+0000] {dag.py:2676} INFO - Sync 1 DAGs
[2023-01-14T20:57:20.452+0000] {logging_mixin.py:137} INFO - [2023-01-14T20:57:20.451+0000] {dag.py:3423} INFO - Setting next_dagrun for example_sensors to None, run_after=None
[2023-01-14T20:57:20.520+0000] {processor.py:175} INFO - Processing /media/prempeh/Nouveau nom/MASTER2/DATA ENGINEERING/airflow/py_env/lib/python3.10/site-packages/airflow/example_dags/example_sensors.py took 0.463 seconds
[2023-01-14T20:58:18.071+0000] {processor.py:153} INFO - Started process (PID=7123) to work on /media/prempeh/Nouveau nom/MASTER2/DATA ENGINEERING/airflow/py_env/lib/python3.10/site-packages/airflow/example_dags/example_sensors.py
[2023-01-14T20:58:18.074+0000] {processor.py:743} INFO - Processing file /media/prempeh/Nouveau nom/MASTER2/DATA ENGINEERING/airflow/py_env/lib/python3.10/site-packages/airflow/example_dags/example_sensors.py for tasks to queue
[2023-01-14T20:58:18.079+0000] {logging_mixin.py:137} INFO - [2023-01-14T20:58:18.079+0000] {dagbag.py:538} INFO - Filling up the DagBag from /media/prempeh/Nouveau nom/MASTER2/DATA ENGINEERING/airflow/py_env/lib/python3.10/site-packages/airflow/example_dags/example_sensors.py
[2023-01-14T20:58:18.228+0000] {processor.py:753} INFO - DAG(s) dict_keys(['example_sensors']) retrieved from /media/prempeh/Nouveau nom/MASTER2/DATA ENGINEERING/airflow/py_env/lib/python3.10/site-packages/airflow/example_dags/example_sensors.py
[2023-01-14T20:58:18.356+0000] {logging_mixin.py:137} INFO - [2023-01-14T20:58:18.355+0000] {dag.py:2676} INFO - Sync 1 DAGs
[2023-01-14T20:58:18.415+0000] {logging_mixin.py:137} INFO - [2023-01-14T20:58:18.414+0000] {dag.py:3423} INFO - Setting next_dagrun for example_sensors to None, run_after=None
[2023-01-14T20:58:18.488+0000] {processor.py:175} INFO - Processing /media/prempeh/Nouveau nom/MASTER2/DATA ENGINEERING/airflow/py_env/lib/python3.10/site-packages/airflow/example_dags/example_sensors.py took 0.430 seconds
[2023-01-14T20:59:11.850+0000] {processor.py:153} INFO - Started process (PID=7165) to work on /media/prempeh/Nouveau nom/MASTER2/DATA ENGINEERING/airflow/py_env/lib/python3.10/site-packages/airflow/example_dags/example_sensors.py
[2023-01-14T20:59:11.853+0000] {processor.py:743} INFO - Processing file /media/prempeh/Nouveau nom/MASTER2/DATA ENGINEERING/airflow/py_env/lib/python3.10/site-packages/airflow/example_dags/example_sensors.py for tasks to queue
[2023-01-14T20:59:11.858+0000] {logging_mixin.py:137} INFO - [2023-01-14T20:59:11.857+0000] {dagbag.py:538} INFO - Filling up the DagBag from /media/prempeh/Nouveau nom/MASTER2/DATA ENGINEERING/airflow/py_env/lib/python3.10/site-packages/airflow/example_dags/example_sensors.py
[2023-01-14T20:59:12.042+0000] {processor.py:753} INFO - DAG(s) dict_keys(['example_sensors']) retrieved from /media/prempeh/Nouveau nom/MASTER2/DATA ENGINEERING/airflow/py_env/lib/python3.10/site-packages/airflow/example_dags/example_sensors.py
[2023-01-14T20:59:12.187+0000] {logging_mixin.py:137} INFO - [2023-01-14T20:59:12.187+0000] {dag.py:2676} INFO - Sync 1 DAGs
[2023-01-14T20:59:12.245+0000] {logging_mixin.py:137} INFO - [2023-01-14T20:59:12.245+0000] {dag.py:3423} INFO - Setting next_dagrun for example_sensors to None, run_after=None
[2023-01-14T20:59:12.317+0000] {processor.py:175} INFO - Processing /media/prempeh/Nouveau nom/MASTER2/DATA ENGINEERING/airflow/py_env/lib/python3.10/site-packages/airflow/example_dags/example_sensors.py took 0.477 seconds
[2023-01-14T21:00:16.623+0000] {processor.py:153} INFO - Started process (PID=7255) to work on /media/prempeh/Nouveau nom/MASTER2/DATA ENGINEERING/airflow/py_env/lib/python3.10/site-packages/airflow/example_dags/example_sensors.py
[2023-01-14T21:00:16.626+0000] {processor.py:743} INFO - Processing file /media/prempeh/Nouveau nom/MASTER2/DATA ENGINEERING/airflow/py_env/lib/python3.10/site-packages/airflow/example_dags/example_sensors.py for tasks to queue
[2023-01-14T21:00:16.633+0000] {logging_mixin.py:137} INFO - [2023-01-14T21:00:16.632+0000] {dagbag.py:538} INFO - Filling up the DagBag from /media/prempeh/Nouveau nom/MASTER2/DATA ENGINEERING/airflow/py_env/lib/python3.10/site-packages/airflow/example_dags/example_sensors.py
[2023-01-14T21:00:16.789+0000] {processor.py:753} INFO - DAG(s) dict_keys(['example_sensors']) retrieved from /media/prempeh/Nouveau nom/MASTER2/DATA ENGINEERING/airflow/py_env/lib/python3.10/site-packages/airflow/example_dags/example_sensors.py
[2023-01-14T21:00:16.943+0000] {logging_mixin.py:137} INFO - [2023-01-14T21:00:16.943+0000] {dag.py:2676} INFO - Sync 1 DAGs
[2023-01-14T21:00:17.006+0000] {logging_mixin.py:137} INFO - [2023-01-14T21:00:17.006+0000] {dag.py:3423} INFO - Setting next_dagrun for example_sensors to None, run_after=None
[2023-01-14T21:00:17.079+0000] {processor.py:175} INFO - Processing /media/prempeh/Nouveau nom/MASTER2/DATA ENGINEERING/airflow/py_env/lib/python3.10/site-packages/airflow/example_dags/example_sensors.py took 0.468 seconds
[2023-01-14T21:01:13.151+0000] {processor.py:153} INFO - Started process (PID=7300) to work on /media/prempeh/Nouveau nom/MASTER2/DATA ENGINEERING/airflow/py_env/lib/python3.10/site-packages/airflow/example_dags/example_sensors.py
[2023-01-14T21:01:13.157+0000] {processor.py:743} INFO - Processing file /media/prempeh/Nouveau nom/MASTER2/DATA ENGINEERING/airflow/py_env/lib/python3.10/site-packages/airflow/example_dags/example_sensors.py for tasks to queue
[2023-01-14T21:01:13.166+0000] {logging_mixin.py:137} INFO - [2023-01-14T21:01:13.164+0000] {dagbag.py:538} INFO - Filling up the DagBag from /media/prempeh/Nouveau nom/MASTER2/DATA ENGINEERING/airflow/py_env/lib/python3.10/site-packages/airflow/example_dags/example_sensors.py
[2023-01-14T21:01:13.464+0000] {processor.py:753} INFO - DAG(s) dict_keys(['example_sensors']) retrieved from /media/prempeh/Nouveau nom/MASTER2/DATA ENGINEERING/airflow/py_env/lib/python3.10/site-packages/airflow/example_dags/example_sensors.py
[2023-01-14T21:01:13.646+0000] {logging_mixin.py:137} INFO - [2023-01-14T21:01:13.646+0000] {dag.py:2676} INFO - Sync 1 DAGs
[2023-01-14T21:01:13.705+0000] {logging_mixin.py:137} INFO - [2023-01-14T21:01:13.705+0000] {dag.py:3423} INFO - Setting next_dagrun for example_sensors to None, run_after=None
[2023-01-14T21:01:13.786+0000] {processor.py:175} INFO - Processing /media/prempeh/Nouveau nom/MASTER2/DATA ENGINEERING/airflow/py_env/lib/python3.10/site-packages/airflow/example_dags/example_sensors.py took 0.646 seconds
[2023-01-14T21:02:07.935+0000] {processor.py:153} INFO - Started process (PID=7339) to work on /media/prempeh/Nouveau nom/MASTER2/DATA ENGINEERING/airflow/py_env/lib/python3.10/site-packages/airflow/example_dags/example_sensors.py
[2023-01-14T21:02:07.937+0000] {processor.py:743} INFO - Processing file /media/prempeh/Nouveau nom/MASTER2/DATA ENGINEERING/airflow/py_env/lib/python3.10/site-packages/airflow/example_dags/example_sensors.py for tasks to queue
[2023-01-14T21:02:07.943+0000] {logging_mixin.py:137} INFO - [2023-01-14T21:02:07.943+0000] {dagbag.py:538} INFO - Filling up the DagBag from /media/prempeh/Nouveau nom/MASTER2/DATA ENGINEERING/airflow/py_env/lib/python3.10/site-packages/airflow/example_dags/example_sensors.py
[2023-01-14T21:02:08.145+0000] {processor.py:753} INFO - DAG(s) dict_keys(['example_sensors']) retrieved from /media/prempeh/Nouveau nom/MASTER2/DATA ENGINEERING/airflow/py_env/lib/python3.10/site-packages/airflow/example_dags/example_sensors.py
[2023-01-14T21:02:08.352+0000] {logging_mixin.py:137} INFO - [2023-01-14T21:02:08.352+0000] {dag.py:2676} INFO - Sync 1 DAGs
[2023-01-14T21:02:08.418+0000] {logging_mixin.py:137} INFO - [2023-01-14T21:02:08.418+0000] {dag.py:3423} INFO - Setting next_dagrun for example_sensors to None, run_after=None
[2023-01-14T21:02:08.491+0000] {processor.py:175} INFO - Processing /media/prempeh/Nouveau nom/MASTER2/DATA ENGINEERING/airflow/py_env/lib/python3.10/site-packages/airflow/example_dags/example_sensors.py took 0.565 seconds
[2023-01-14T21:02:58.744+0000] {processor.py:153} INFO - Started process (PID=7408) to work on /media/prempeh/Nouveau nom/MASTER2/DATA ENGINEERING/airflow/py_env/lib/python3.10/site-packages/airflow/example_dags/example_sensors.py
[2023-01-14T21:02:58.747+0000] {processor.py:743} INFO - Processing file /media/prempeh/Nouveau nom/MASTER2/DATA ENGINEERING/airflow/py_env/lib/python3.10/site-packages/airflow/example_dags/example_sensors.py for tasks to queue
[2023-01-14T21:02:58.758+0000] {logging_mixin.py:137} INFO - [2023-01-14T21:02:58.758+0000] {dagbag.py:538} INFO - Filling up the DagBag from /media/prempeh/Nouveau nom/MASTER2/DATA ENGINEERING/airflow/py_env/lib/python3.10/site-packages/airflow/example_dags/example_sensors.py
[2023-01-14T21:02:58.965+0000] {processor.py:753} INFO - DAG(s) dict_keys(['example_sensors']) retrieved from /media/prempeh/Nouveau nom/MASTER2/DATA ENGINEERING/airflow/py_env/lib/python3.10/site-packages/airflow/example_dags/example_sensors.py
[2023-01-14T21:02:59.121+0000] {logging_mixin.py:137} INFO - [2023-01-14T21:02:59.120+0000] {dag.py:2676} INFO - Sync 1 DAGs
[2023-01-14T21:02:59.187+0000] {logging_mixin.py:137} INFO - [2023-01-14T21:02:59.187+0000] {dag.py:3423} INFO - Setting next_dagrun for example_sensors to None, run_after=None
[2023-01-14T21:02:59.271+0000] {processor.py:175} INFO - Processing /media/prempeh/Nouveau nom/MASTER2/DATA ENGINEERING/airflow/py_env/lib/python3.10/site-packages/airflow/example_dags/example_sensors.py took 0.538 seconds
[2023-01-14T21:03:53.569+0000] {processor.py:153} INFO - Started process (PID=7473) to work on /media/prempeh/Nouveau nom/MASTER2/DATA ENGINEERING/airflow/py_env/lib/python3.10/site-packages/airflow/example_dags/example_sensors.py
[2023-01-14T21:03:53.577+0000] {processor.py:743} INFO - Processing file /media/prempeh/Nouveau nom/MASTER2/DATA ENGINEERING/airflow/py_env/lib/python3.10/site-packages/airflow/example_dags/example_sensors.py for tasks to queue
[2023-01-14T21:03:53.588+0000] {logging_mixin.py:137} INFO - [2023-01-14T21:03:53.587+0000] {dagbag.py:538} INFO - Filling up the DagBag from /media/prempeh/Nouveau nom/MASTER2/DATA ENGINEERING/airflow/py_env/lib/python3.10/site-packages/airflow/example_dags/example_sensors.py
[2023-01-14T21:03:53.846+0000] {processor.py:753} INFO - DAG(s) dict_keys(['example_sensors']) retrieved from /media/prempeh/Nouveau nom/MASTER2/DATA ENGINEERING/airflow/py_env/lib/python3.10/site-packages/airflow/example_dags/example_sensors.py
[2023-01-14T21:03:54.092+0000] {logging_mixin.py:137} INFO - [2023-01-14T21:03:54.091+0000] {dag.py:2676} INFO - Sync 1 DAGs
[2023-01-14T21:03:54.199+0000] {logging_mixin.py:137} INFO - [2023-01-14T21:03:54.198+0000] {dag.py:3423} INFO - Setting next_dagrun for example_sensors to None, run_after=None
[2023-01-14T21:03:54.308+0000] {processor.py:175} INFO - Processing /media/prempeh/Nouveau nom/MASTER2/DATA ENGINEERING/airflow/py_env/lib/python3.10/site-packages/airflow/example_dags/example_sensors.py took 0.749 seconds
[2023-01-14T21:04:57.992+0000] {processor.py:153} INFO - Started process (PID=7523) to work on /media/prempeh/Nouveau nom/MASTER2/DATA ENGINEERING/airflow/py_env/lib/python3.10/site-packages/airflow/example_dags/example_sensors.py
[2023-01-14T21:04:57.996+0000] {processor.py:743} INFO - Processing file /media/prempeh/Nouveau nom/MASTER2/DATA ENGINEERING/airflow/py_env/lib/python3.10/site-packages/airflow/example_dags/example_sensors.py for tasks to queue
[2023-01-14T21:04:58.002+0000] {logging_mixin.py:137} INFO - [2023-01-14T21:04:58.001+0000] {dagbag.py:538} INFO - Filling up the DagBag from /media/prempeh/Nouveau nom/MASTER2/DATA ENGINEERING/airflow/py_env/lib/python3.10/site-packages/airflow/example_dags/example_sensors.py
[2023-01-14T21:04:58.293+0000] {processor.py:753} INFO - DAG(s) dict_keys(['example_sensors']) retrieved from /media/prempeh/Nouveau nom/MASTER2/DATA ENGINEERING/airflow/py_env/lib/python3.10/site-packages/airflow/example_dags/example_sensors.py
[2023-01-14T21:04:58.483+0000] {logging_mixin.py:137} INFO - [2023-01-14T21:04:58.482+0000] {dag.py:2676} INFO - Sync 1 DAGs
[2023-01-14T21:04:58.557+0000] {logging_mixin.py:137} INFO - [2023-01-14T21:04:58.557+0000] {dag.py:3423} INFO - Setting next_dagrun for example_sensors to None, run_after=None
[2023-01-14T21:04:58.643+0000] {processor.py:175} INFO - Processing /media/prempeh/Nouveau nom/MASTER2/DATA ENGINEERING/airflow/py_env/lib/python3.10/site-packages/airflow/example_dags/example_sensors.py took 0.662 seconds
[2023-01-14T21:05:55.398+0000] {processor.py:153} INFO - Started process (PID=7577) to work on /media/prempeh/Nouveau nom/MASTER2/DATA ENGINEERING/airflow/py_env/lib/python3.10/site-packages/airflow/example_dags/example_sensors.py
[2023-01-14T21:05:55.412+0000] {processor.py:743} INFO - Processing file /media/prempeh/Nouveau nom/MASTER2/DATA ENGINEERING/airflow/py_env/lib/python3.10/site-packages/airflow/example_dags/example_sensors.py for tasks to queue
[2023-01-14T21:05:55.425+0000] {logging_mixin.py:137} INFO - [2023-01-14T21:05:55.424+0000] {dagbag.py:538} INFO - Filling up the DagBag from /media/prempeh/Nouveau nom/MASTER2/DATA ENGINEERING/airflow/py_env/lib/python3.10/site-packages/airflow/example_dags/example_sensors.py
[2023-01-14T21:05:55.766+0000] {processor.py:753} INFO - DAG(s) dict_keys(['example_sensors']) retrieved from /media/prempeh/Nouveau nom/MASTER2/DATA ENGINEERING/airflow/py_env/lib/python3.10/site-packages/airflow/example_dags/example_sensors.py
[2023-01-14T21:05:56.090+0000] {logging_mixin.py:137} INFO - [2023-01-14T21:05:56.089+0000] {dag.py:2676} INFO - Sync 1 DAGs
[2023-01-14T21:05:56.218+0000] {logging_mixin.py:137} INFO - [2023-01-14T21:05:56.217+0000] {dag.py:3423} INFO - Setting next_dagrun for example_sensors to None, run_after=None
[2023-01-14T21:05:56.363+0000] {processor.py:175} INFO - Processing /media/prempeh/Nouveau nom/MASTER2/DATA ENGINEERING/airflow/py_env/lib/python3.10/site-packages/airflow/example_dags/example_sensors.py took 0.981 seconds
[2023-01-14T21:07:01.752+0000] {processor.py:153} INFO - Started process (PID=7850) to work on /media/prempeh/Nouveau nom/MASTER2/DATA ENGINEERING/airflow/py_env/lib/python3.10/site-packages/airflow/example_dags/example_sensors.py
[2023-01-14T21:07:01.764+0000] {processor.py:743} INFO - Processing file /media/prempeh/Nouveau nom/MASTER2/DATA ENGINEERING/airflow/py_env/lib/python3.10/site-packages/airflow/example_dags/example_sensors.py for tasks to queue
[2023-01-14T21:07:01.770+0000] {logging_mixin.py:137} INFO - [2023-01-14T21:07:01.769+0000] {dagbag.py:538} INFO - Filling up the DagBag from /media/prempeh/Nouveau nom/MASTER2/DATA ENGINEERING/airflow/py_env/lib/python3.10/site-packages/airflow/example_dags/example_sensors.py
[2023-01-14T21:07:02.198+0000] {processor.py:753} INFO - DAG(s) dict_keys(['example_sensors']) retrieved from /media/prempeh/Nouveau nom/MASTER2/DATA ENGINEERING/airflow/py_env/lib/python3.10/site-packages/airflow/example_dags/example_sensors.py
[2023-01-14T21:07:02.526+0000] {logging_mixin.py:137} INFO - [2023-01-14T21:07:02.525+0000] {dag.py:2676} INFO - Sync 1 DAGs
[2023-01-14T21:07:02.638+0000] {logging_mixin.py:137} INFO - [2023-01-14T21:07:02.637+0000] {dag.py:3423} INFO - Setting next_dagrun for example_sensors to None, run_after=None
[2023-01-14T21:07:02.756+0000] {processor.py:175} INFO - Processing /media/prempeh/Nouveau nom/MASTER2/DATA ENGINEERING/airflow/py_env/lib/python3.10/site-packages/airflow/example_dags/example_sensors.py took 1.017 seconds
[2023-01-14T21:08:18.207+0000] {processor.py:153} INFO - Started process (PID=8060) to work on /media/prempeh/Nouveau nom/MASTER2/DATA ENGINEERING/airflow/py_env/lib/python3.10/site-packages/airflow/example_dags/example_sensors.py
[2023-01-14T21:08:18.209+0000] {processor.py:743} INFO - Processing file /media/prempeh/Nouveau nom/MASTER2/DATA ENGINEERING/airflow/py_env/lib/python3.10/site-packages/airflow/example_dags/example_sensors.py for tasks to queue
[2023-01-14T21:08:18.214+0000] {logging_mixin.py:137} INFO - [2023-01-14T21:08:18.213+0000] {dagbag.py:538} INFO - Filling up the DagBag from /media/prempeh/Nouveau nom/MASTER2/DATA ENGINEERING/airflow/py_env/lib/python3.10/site-packages/airflow/example_dags/example_sensors.py
[2023-01-14T21:08:18.396+0000] {processor.py:753} INFO - DAG(s) dict_keys(['example_sensors']) retrieved from /media/prempeh/Nouveau nom/MASTER2/DATA ENGINEERING/airflow/py_env/lib/python3.10/site-packages/airflow/example_dags/example_sensors.py
[2023-01-14T21:08:18.532+0000] {logging_mixin.py:137} INFO - [2023-01-14T21:08:18.532+0000] {dag.py:2676} INFO - Sync 1 DAGs
[2023-01-14T21:08:18.596+0000] {logging_mixin.py:137} INFO - [2023-01-14T21:08:18.595+0000] {dag.py:3423} INFO - Setting next_dagrun for example_sensors to None, run_after=None
[2023-01-14T21:08:18.672+0000] {processor.py:175} INFO - Processing /media/prempeh/Nouveau nom/MASTER2/DATA ENGINEERING/airflow/py_env/lib/python3.10/site-packages/airflow/example_dags/example_sensors.py took 0.473 seconds
[2023-01-14T21:09:19.086+0000] {processor.py:153} INFO - Started process (PID=8105) to work on /media/prempeh/Nouveau nom/MASTER2/DATA ENGINEERING/airflow/py_env/lib/python3.10/site-packages/airflow/example_dags/example_sensors.py
[2023-01-14T21:09:19.089+0000] {processor.py:743} INFO - Processing file /media/prempeh/Nouveau nom/MASTER2/DATA ENGINEERING/airflow/py_env/lib/python3.10/site-packages/airflow/example_dags/example_sensors.py for tasks to queue
[2023-01-14T21:09:19.098+0000] {logging_mixin.py:137} INFO - [2023-01-14T21:09:19.097+0000] {dagbag.py:538} INFO - Filling up the DagBag from /media/prempeh/Nouveau nom/MASTER2/DATA ENGINEERING/airflow/py_env/lib/python3.10/site-packages/airflow/example_dags/example_sensors.py
[2023-01-14T21:09:19.242+0000] {processor.py:753} INFO - DAG(s) dict_keys(['example_sensors']) retrieved from /media/prempeh/Nouveau nom/MASTER2/DATA ENGINEERING/airflow/py_env/lib/python3.10/site-packages/airflow/example_dags/example_sensors.py
[2023-01-14T21:09:19.396+0000] {logging_mixin.py:137} INFO - [2023-01-14T21:09:19.396+0000] {dag.py:2676} INFO - Sync 1 DAGs
[2023-01-14T21:09:19.459+0000] {logging_mixin.py:137} INFO - [2023-01-14T21:09:19.458+0000] {dag.py:3423} INFO - Setting next_dagrun for example_sensors to None, run_after=None
[2023-01-14T21:09:19.531+0000] {processor.py:175} INFO - Processing /media/prempeh/Nouveau nom/MASTER2/DATA ENGINEERING/airflow/py_env/lib/python3.10/site-packages/airflow/example_dags/example_sensors.py took 0.455 seconds
[2023-01-14T21:10:19.411+0000] {processor.py:153} INFO - Started process (PID=8151) to work on /media/prempeh/Nouveau nom/MASTER2/DATA ENGINEERING/airflow/py_env/lib/python3.10/site-packages/airflow/example_dags/example_sensors.py
[2023-01-14T21:10:19.413+0000] {processor.py:743} INFO - Processing file /media/prempeh/Nouveau nom/MASTER2/DATA ENGINEERING/airflow/py_env/lib/python3.10/site-packages/airflow/example_dags/example_sensors.py for tasks to queue
[2023-01-14T21:10:19.418+0000] {logging_mixin.py:137} INFO - [2023-01-14T21:10:19.418+0000] {dagbag.py:538} INFO - Filling up the DagBag from /media/prempeh/Nouveau nom/MASTER2/DATA ENGINEERING/airflow/py_env/lib/python3.10/site-packages/airflow/example_dags/example_sensors.py
[2023-01-14T21:10:19.567+0000] {processor.py:753} INFO - DAG(s) dict_keys(['example_sensors']) retrieved from /media/prempeh/Nouveau nom/MASTER2/DATA ENGINEERING/airflow/py_env/lib/python3.10/site-packages/airflow/example_dags/example_sensors.py
[2023-01-14T21:10:19.698+0000] {logging_mixin.py:137} INFO - [2023-01-14T21:10:19.697+0000] {dag.py:2676} INFO - Sync 1 DAGs
[2023-01-14T21:10:19.765+0000] {logging_mixin.py:137} INFO - [2023-01-14T21:10:19.765+0000] {dag.py:3423} INFO - Setting next_dagrun for example_sensors to None, run_after=None
[2023-01-14T21:10:19.830+0000] {processor.py:175} INFO - Processing /media/prempeh/Nouveau nom/MASTER2/DATA ENGINEERING/airflow/py_env/lib/python3.10/site-packages/airflow/example_dags/example_sensors.py took 0.427 seconds
[2023-01-14T21:11:21.587+0000] {processor.py:153} INFO - Started process (PID=8201) to work on /media/prempeh/Nouveau nom/MASTER2/DATA ENGINEERING/airflow/py_env/lib/python3.10/site-packages/airflow/example_dags/example_sensors.py
[2023-01-14T21:11:21.590+0000] {processor.py:743} INFO - Processing file /media/prempeh/Nouveau nom/MASTER2/DATA ENGINEERING/airflow/py_env/lib/python3.10/site-packages/airflow/example_dags/example_sensors.py for tasks to queue
[2023-01-14T21:11:21.594+0000] {logging_mixin.py:137} INFO - [2023-01-14T21:11:21.593+0000] {dagbag.py:538} INFO - Filling up the DagBag from /media/prempeh/Nouveau nom/MASTER2/DATA ENGINEERING/airflow/py_env/lib/python3.10/site-packages/airflow/example_dags/example_sensors.py
[2023-01-14T21:11:21.769+0000] {processor.py:753} INFO - DAG(s) dict_keys(['example_sensors']) retrieved from /media/prempeh/Nouveau nom/MASTER2/DATA ENGINEERING/airflow/py_env/lib/python3.10/site-packages/airflow/example_dags/example_sensors.py
[2023-01-14T21:11:21.905+0000] {logging_mixin.py:137} INFO - [2023-01-14T21:11:21.905+0000] {dag.py:2676} INFO - Sync 1 DAGs
[2023-01-14T21:11:21.977+0000] {logging_mixin.py:137} INFO - [2023-01-14T21:11:21.976+0000] {dag.py:3423} INFO - Setting next_dagrun for example_sensors to None, run_after=None
[2023-01-14T21:11:22.066+0000] {processor.py:175} INFO - Processing /media/prempeh/Nouveau nom/MASTER2/DATA ENGINEERING/airflow/py_env/lib/python3.10/site-packages/airflow/example_dags/example_sensors.py took 0.488 seconds
[2023-01-14T21:12:33.256+0000] {processor.py:153} INFO - Started process (PID=8247) to work on /media/prempeh/Nouveau nom/MASTER2/DATA ENGINEERING/airflow/py_env/lib/python3.10/site-packages/airflow/example_dags/example_sensors.py
[2023-01-14T21:12:33.259+0000] {processor.py:743} INFO - Processing file /media/prempeh/Nouveau nom/MASTER2/DATA ENGINEERING/airflow/py_env/lib/python3.10/site-packages/airflow/example_dags/example_sensors.py for tasks to queue
[2023-01-14T21:12:33.263+0000] {logging_mixin.py:137} INFO - [2023-01-14T21:12:33.263+0000] {dagbag.py:538} INFO - Filling up the DagBag from /media/prempeh/Nouveau nom/MASTER2/DATA ENGINEERING/airflow/py_env/lib/python3.10/site-packages/airflow/example_dags/example_sensors.py
[2023-01-14T21:12:33.443+0000] {processor.py:753} INFO - DAG(s) dict_keys(['example_sensors']) retrieved from /media/prempeh/Nouveau nom/MASTER2/DATA ENGINEERING/airflow/py_env/lib/python3.10/site-packages/airflow/example_dags/example_sensors.py
[2023-01-14T21:12:33.581+0000] {logging_mixin.py:137} INFO - [2023-01-14T21:12:33.581+0000] {dag.py:2676} INFO - Sync 1 DAGs
[2023-01-14T21:12:33.645+0000] {logging_mixin.py:137} INFO - [2023-01-14T21:12:33.645+0000] {dag.py:3423} INFO - Setting next_dagrun for example_sensors to None, run_after=None
[2023-01-14T21:12:33.719+0000] {processor.py:175} INFO - Processing /media/prempeh/Nouveau nom/MASTER2/DATA ENGINEERING/airflow/py_env/lib/python3.10/site-packages/airflow/example_dags/example_sensors.py took 0.472 seconds
[2023-01-14T21:13:47.398+0000] {processor.py:153} INFO - Started process (PID=8300) to work on /media/prempeh/Nouveau nom/MASTER2/DATA ENGINEERING/airflow/py_env/lib/python3.10/site-packages/airflow/example_dags/example_sensors.py
[2023-01-14T21:13:47.402+0000] {processor.py:743} INFO - Processing file /media/prempeh/Nouveau nom/MASTER2/DATA ENGINEERING/airflow/py_env/lib/python3.10/site-packages/airflow/example_dags/example_sensors.py for tasks to queue
[2023-01-14T21:13:47.408+0000] {logging_mixin.py:137} INFO - [2023-01-14T21:13:47.407+0000] {dagbag.py:538} INFO - Filling up the DagBag from /media/prempeh/Nouveau nom/MASTER2/DATA ENGINEERING/airflow/py_env/lib/python3.10/site-packages/airflow/example_dags/example_sensors.py
[2023-01-14T21:13:47.597+0000] {processor.py:753} INFO - DAG(s) dict_keys(['example_sensors']) retrieved from /media/prempeh/Nouveau nom/MASTER2/DATA ENGINEERING/airflow/py_env/lib/python3.10/site-packages/airflow/example_dags/example_sensors.py
[2023-01-14T21:13:47.735+0000] {logging_mixin.py:137} INFO - [2023-01-14T21:13:47.735+0000] {dag.py:2676} INFO - Sync 1 DAGs
[2023-01-14T21:13:47.795+0000] {logging_mixin.py:137} INFO - [2023-01-14T21:13:47.794+0000] {dag.py:3423} INFO - Setting next_dagrun for example_sensors to None, run_after=None
[2023-01-14T21:13:47.875+0000] {processor.py:175} INFO - Processing /media/prempeh/Nouveau nom/MASTER2/DATA ENGINEERING/airflow/py_env/lib/python3.10/site-packages/airflow/example_dags/example_sensors.py took 0.486 seconds
[2023-01-14T21:14:52.930+0000] {processor.py:153} INFO - Started process (PID=8403) to work on /media/prempeh/Nouveau nom/MASTER2/DATA ENGINEERING/airflow/py_env/lib/python3.10/site-packages/airflow/example_dags/example_sensors.py
[2023-01-14T21:14:52.934+0000] {processor.py:743} INFO - Processing file /media/prempeh/Nouveau nom/MASTER2/DATA ENGINEERING/airflow/py_env/lib/python3.10/site-packages/airflow/example_dags/example_sensors.py for tasks to queue
[2023-01-14T21:14:52.940+0000] {logging_mixin.py:137} INFO - [2023-01-14T21:14:52.939+0000] {dagbag.py:538} INFO - Filling up the DagBag from /media/prempeh/Nouveau nom/MASTER2/DATA ENGINEERING/airflow/py_env/lib/python3.10/site-packages/airflow/example_dags/example_sensors.py
[2023-01-14T21:14:53.142+0000] {processor.py:753} INFO - DAG(s) dict_keys(['example_sensors']) retrieved from /media/prempeh/Nouveau nom/MASTER2/DATA ENGINEERING/airflow/py_env/lib/python3.10/site-packages/airflow/example_dags/example_sensors.py
[2023-01-14T21:14:53.331+0000] {logging_mixin.py:137} INFO - [2023-01-14T21:14:53.330+0000] {dag.py:2676} INFO - Sync 1 DAGs
[2023-01-14T21:14:53.400+0000] {logging_mixin.py:137} INFO - [2023-01-14T21:14:53.399+0000] {dag.py:3423} INFO - Setting next_dagrun for example_sensors to None, run_after=None
[2023-01-14T21:14:53.496+0000] {processor.py:175} INFO - Processing /media/prempeh/Nouveau nom/MASTER2/DATA ENGINEERING/airflow/py_env/lib/python3.10/site-packages/airflow/example_dags/example_sensors.py took 0.577 seconds
[2023-01-14T21:16:07.067+0000] {processor.py:153} INFO - Started process (PID=8977) to work on /media/prempeh/Nouveau nom/MASTER2/DATA ENGINEERING/airflow/py_env/lib/python3.10/site-packages/airflow/example_dags/example_sensors.py
[2023-01-14T21:16:07.071+0000] {processor.py:743} INFO - Processing file /media/prempeh/Nouveau nom/MASTER2/DATA ENGINEERING/airflow/py_env/lib/python3.10/site-packages/airflow/example_dags/example_sensors.py for tasks to queue
[2023-01-14T21:16:07.077+0000] {logging_mixin.py:137} INFO - [2023-01-14T21:16:07.076+0000] {dagbag.py:538} INFO - Filling up the DagBag from /media/prempeh/Nouveau nom/MASTER2/DATA ENGINEERING/airflow/py_env/lib/python3.10/site-packages/airflow/example_dags/example_sensors.py
[2023-01-14T21:16:07.238+0000] {processor.py:753} INFO - DAG(s) dict_keys(['example_sensors']) retrieved from /media/prempeh/Nouveau nom/MASTER2/DATA ENGINEERING/airflow/py_env/lib/python3.10/site-packages/airflow/example_dags/example_sensors.py
[2023-01-14T21:16:07.377+0000] {logging_mixin.py:137} INFO - [2023-01-14T21:16:07.376+0000] {dag.py:2676} INFO - Sync 1 DAGs
[2023-01-14T21:16:07.446+0000] {logging_mixin.py:137} INFO - [2023-01-14T21:16:07.446+0000] {dag.py:3423} INFO - Setting next_dagrun for example_sensors to None, run_after=None
[2023-01-14T21:16:07.523+0000] {processor.py:175} INFO - Processing /media/prempeh/Nouveau nom/MASTER2/DATA ENGINEERING/airflow/py_env/lib/python3.10/site-packages/airflow/example_dags/example_sensors.py took 0.465 seconds
[2023-01-14T21:17:20.074+0000] {processor.py:153} INFO - Started process (PID=9151) to work on /media/prempeh/Nouveau nom/MASTER2/DATA ENGINEERING/airflow/py_env/lib/python3.10/site-packages/airflow/example_dags/example_sensors.py
[2023-01-14T21:17:20.076+0000] {processor.py:743} INFO - Processing file /media/prempeh/Nouveau nom/MASTER2/DATA ENGINEERING/airflow/py_env/lib/python3.10/site-packages/airflow/example_dags/example_sensors.py for tasks to queue
[2023-01-14T21:17:20.081+0000] {logging_mixin.py:137} INFO - [2023-01-14T21:17:20.080+0000] {dagbag.py:538} INFO - Filling up the DagBag from /media/prempeh/Nouveau nom/MASTER2/DATA ENGINEERING/airflow/py_env/lib/python3.10/site-packages/airflow/example_dags/example_sensors.py
[2023-01-14T21:17:20.276+0000] {processor.py:753} INFO - DAG(s) dict_keys(['example_sensors']) retrieved from /media/prempeh/Nouveau nom/MASTER2/DATA ENGINEERING/airflow/py_env/lib/python3.10/site-packages/airflow/example_dags/example_sensors.py
[2023-01-14T21:17:20.455+0000] {logging_mixin.py:137} INFO - [2023-01-14T21:17:20.454+0000] {dag.py:2676} INFO - Sync 1 DAGs
[2023-01-14T21:17:20.527+0000] {logging_mixin.py:137} INFO - [2023-01-14T21:17:20.527+0000] {dag.py:3423} INFO - Setting next_dagrun for example_sensors to None, run_after=None
[2023-01-14T21:17:20.606+0000] {processor.py:175} INFO - Processing /media/prempeh/Nouveau nom/MASTER2/DATA ENGINEERING/airflow/py_env/lib/python3.10/site-packages/airflow/example_dags/example_sensors.py took 0.541 seconds
[2023-01-14T21:18:29.943+0000] {processor.py:153} INFO - Started process (PID=9308) to work on /media/prempeh/Nouveau nom/MASTER2/DATA ENGINEERING/airflow/py_env/lib/python3.10/site-packages/airflow/example_dags/example_sensors.py
[2023-01-14T21:18:29.950+0000] {processor.py:743} INFO - Processing file /media/prempeh/Nouveau nom/MASTER2/DATA ENGINEERING/airflow/py_env/lib/python3.10/site-packages/airflow/example_dags/example_sensors.py for tasks to queue
[2023-01-14T21:18:29.956+0000] {logging_mixin.py:137} INFO - [2023-01-14T21:18:29.955+0000] {dagbag.py:538} INFO - Filling up the DagBag from /media/prempeh/Nouveau nom/MASTER2/DATA ENGINEERING/airflow/py_env/lib/python3.10/site-packages/airflow/example_dags/example_sensors.py
[2023-01-14T21:18:30.239+0000] {processor.py:753} INFO - DAG(s) dict_keys(['example_sensors']) retrieved from /media/prempeh/Nouveau nom/MASTER2/DATA ENGINEERING/airflow/py_env/lib/python3.10/site-packages/airflow/example_dags/example_sensors.py
[2023-01-14T21:18:30.470+0000] {logging_mixin.py:137} INFO - [2023-01-14T21:18:30.469+0000] {dag.py:2676} INFO - Sync 1 DAGs
[2023-01-14T21:18:30.548+0000] {logging_mixin.py:137} INFO - [2023-01-14T21:18:30.548+0000] {dag.py:3423} INFO - Setting next_dagrun for example_sensors to None, run_after=None
[2023-01-14T21:18:30.636+0000] {processor.py:175} INFO - Processing /media/prempeh/Nouveau nom/MASTER2/DATA ENGINEERING/airflow/py_env/lib/python3.10/site-packages/airflow/example_dags/example_sensors.py took 0.705 seconds
[2023-01-14T21:19:46.116+0000] {processor.py:153} INFO - Started process (PID=9668) to work on /media/prempeh/Nouveau nom/MASTER2/DATA ENGINEERING/airflow/py_env/lib/python3.10/site-packages/airflow/example_dags/example_sensors.py
[2023-01-14T21:19:46.118+0000] {processor.py:743} INFO - Processing file /media/prempeh/Nouveau nom/MASTER2/DATA ENGINEERING/airflow/py_env/lib/python3.10/site-packages/airflow/example_dags/example_sensors.py for tasks to queue
[2023-01-14T21:19:46.123+0000] {logging_mixin.py:137} INFO - [2023-01-14T21:19:46.123+0000] {dagbag.py:538} INFO - Filling up the DagBag from /media/prempeh/Nouveau nom/MASTER2/DATA ENGINEERING/airflow/py_env/lib/python3.10/site-packages/airflow/example_dags/example_sensors.py
[2023-01-14T21:19:46.306+0000] {processor.py:753} INFO - DAG(s) dict_keys(['example_sensors']) retrieved from /media/prempeh/Nouveau nom/MASTER2/DATA ENGINEERING/airflow/py_env/lib/python3.10/site-packages/airflow/example_dags/example_sensors.py
[2023-01-14T21:19:46.460+0000] {logging_mixin.py:137} INFO - [2023-01-14T21:19:46.459+0000] {dag.py:2676} INFO - Sync 1 DAGs
[2023-01-14T21:19:46.533+0000] {logging_mixin.py:137} INFO - [2023-01-14T21:19:46.532+0000] {dag.py:3423} INFO - Setting next_dagrun for example_sensors to None, run_after=None
[2023-01-14T21:19:46.611+0000] {processor.py:175} INFO - Processing /media/prempeh/Nouveau nom/MASTER2/DATA ENGINEERING/airflow/py_env/lib/python3.10/site-packages/airflow/example_dags/example_sensors.py took 0.506 seconds
[2023-01-14T21:20:55.050+0000] {processor.py:153} INFO - Started process (PID=9809) to work on /media/prempeh/Nouveau nom/MASTER2/DATA ENGINEERING/airflow/py_env/lib/python3.10/site-packages/airflow/example_dags/example_sensors.py
[2023-01-14T21:20:55.054+0000] {processor.py:743} INFO - Processing file /media/prempeh/Nouveau nom/MASTER2/DATA ENGINEERING/airflow/py_env/lib/python3.10/site-packages/airflow/example_dags/example_sensors.py for tasks to queue
[2023-01-14T21:20:55.058+0000] {logging_mixin.py:137} INFO - [2023-01-14T21:20:55.058+0000] {dagbag.py:538} INFO - Filling up the DagBag from /media/prempeh/Nouveau nom/MASTER2/DATA ENGINEERING/airflow/py_env/lib/python3.10/site-packages/airflow/example_dags/example_sensors.py
[2023-01-14T21:20:55.236+0000] {processor.py:753} INFO - DAG(s) dict_keys(['example_sensors']) retrieved from /media/prempeh/Nouveau nom/MASTER2/DATA ENGINEERING/airflow/py_env/lib/python3.10/site-packages/airflow/example_dags/example_sensors.py
[2023-01-14T21:20:55.389+0000] {logging_mixin.py:137} INFO - [2023-01-14T21:20:55.389+0000] {dag.py:2676} INFO - Sync 1 DAGs
[2023-01-14T21:20:55.462+0000] {logging_mixin.py:137} INFO - [2023-01-14T21:20:55.462+0000] {dag.py:3423} INFO - Setting next_dagrun for example_sensors to None, run_after=None
[2023-01-14T21:20:55.541+0000] {processor.py:175} INFO - Processing /media/prempeh/Nouveau nom/MASTER2/DATA ENGINEERING/airflow/py_env/lib/python3.10/site-packages/airflow/example_dags/example_sensors.py took 0.500 seconds
[2023-01-14T21:22:04.071+0000] {processor.py:153} INFO - Started process (PID=9954) to work on /media/prempeh/Nouveau nom/MASTER2/DATA ENGINEERING/airflow/py_env/lib/python3.10/site-packages/airflow/example_dags/example_sensors.py
[2023-01-14T21:22:04.075+0000] {processor.py:743} INFO - Processing file /media/prempeh/Nouveau nom/MASTER2/DATA ENGINEERING/airflow/py_env/lib/python3.10/site-packages/airflow/example_dags/example_sensors.py for tasks to queue
[2023-01-14T21:22:04.081+0000] {logging_mixin.py:137} INFO - [2023-01-14T21:22:04.081+0000] {dagbag.py:538} INFO - Filling up the DagBag from /media/prempeh/Nouveau nom/MASTER2/DATA ENGINEERING/airflow/py_env/lib/python3.10/site-packages/airflow/example_dags/example_sensors.py
[2023-01-14T21:22:04.318+0000] {processor.py:753} INFO - DAG(s) dict_keys(['example_sensors']) retrieved from /media/prempeh/Nouveau nom/MASTER2/DATA ENGINEERING/airflow/py_env/lib/python3.10/site-packages/airflow/example_dags/example_sensors.py
[2023-01-14T21:22:04.509+0000] {logging_mixin.py:137} INFO - [2023-01-14T21:22:04.509+0000] {dag.py:2676} INFO - Sync 1 DAGs
[2023-01-14T21:22:04.621+0000] {logging_mixin.py:137} INFO - [2023-01-14T21:22:04.620+0000] {dag.py:3423} INFO - Setting next_dagrun for example_sensors to None, run_after=None
[2023-01-14T21:22:04.734+0000] {processor.py:175} INFO - Processing /media/prempeh/Nouveau nom/MASTER2/DATA ENGINEERING/airflow/py_env/lib/python3.10/site-packages/airflow/example_dags/example_sensors.py took 0.674 seconds
[2023-01-14T21:23:20.554+0000] {processor.py:153} INFO - Started process (PID=10341) to work on /media/prempeh/Nouveau nom/MASTER2/DATA ENGINEERING/airflow/py_env/lib/python3.10/site-packages/airflow/example_dags/example_sensors.py
[2023-01-14T21:23:20.557+0000] {processor.py:743} INFO - Processing file /media/prempeh/Nouveau nom/MASTER2/DATA ENGINEERING/airflow/py_env/lib/python3.10/site-packages/airflow/example_dags/example_sensors.py for tasks to queue
[2023-01-14T21:23:20.561+0000] {logging_mixin.py:137} INFO - [2023-01-14T21:23:20.560+0000] {dagbag.py:538} INFO - Filling up the DagBag from /media/prempeh/Nouveau nom/MASTER2/DATA ENGINEERING/airflow/py_env/lib/python3.10/site-packages/airflow/example_dags/example_sensors.py
[2023-01-14T21:23:20.734+0000] {processor.py:753} INFO - DAG(s) dict_keys(['example_sensors']) retrieved from /media/prempeh/Nouveau nom/MASTER2/DATA ENGINEERING/airflow/py_env/lib/python3.10/site-packages/airflow/example_dags/example_sensors.py
[2023-01-14T21:23:20.902+0000] {logging_mixin.py:137} INFO - [2023-01-14T21:23:20.900+0000] {dag.py:2676} INFO - Sync 1 DAGs
[2023-01-14T21:23:20.967+0000] {logging_mixin.py:137} INFO - [2023-01-14T21:23:20.967+0000] {dag.py:3423} INFO - Setting next_dagrun for example_sensors to None, run_after=None
[2023-01-14T21:23:21.050+0000] {processor.py:175} INFO - Processing /media/prempeh/Nouveau nom/MASTER2/DATA ENGINEERING/airflow/py_env/lib/python3.10/site-packages/airflow/example_dags/example_sensors.py took 0.508 seconds
[2023-01-14T21:24:25.187+0000] {processor.py:153} INFO - Started process (PID=10385) to work on /media/prempeh/Nouveau nom/MASTER2/DATA ENGINEERING/airflow/py_env/lib/python3.10/site-packages/airflow/example_dags/example_sensors.py
[2023-01-14T21:24:25.190+0000] {processor.py:743} INFO - Processing file /media/prempeh/Nouveau nom/MASTER2/DATA ENGINEERING/airflow/py_env/lib/python3.10/site-packages/airflow/example_dags/example_sensors.py for tasks to queue
[2023-01-14T21:24:25.195+0000] {logging_mixin.py:137} INFO - [2023-01-14T21:24:25.194+0000] {dagbag.py:538} INFO - Filling up the DagBag from /media/prempeh/Nouveau nom/MASTER2/DATA ENGINEERING/airflow/py_env/lib/python3.10/site-packages/airflow/example_dags/example_sensors.py
[2023-01-14T21:24:25.373+0000] {processor.py:753} INFO - DAG(s) dict_keys(['example_sensors']) retrieved from /media/prempeh/Nouveau nom/MASTER2/DATA ENGINEERING/airflow/py_env/lib/python3.10/site-packages/airflow/example_dags/example_sensors.py
[2023-01-14T21:24:25.667+0000] {logging_mixin.py:137} INFO - [2023-01-14T21:24:25.666+0000] {dag.py:2676} INFO - Sync 1 DAGs
[2023-01-14T21:24:25.806+0000] {logging_mixin.py:137} INFO - [2023-01-14T21:24:25.805+0000] {dag.py:3423} INFO - Setting next_dagrun for example_sensors to None, run_after=None
[2023-01-14T21:24:25.917+0000] {processor.py:175} INFO - Processing /media/prempeh/Nouveau nom/MASTER2/DATA ENGINEERING/airflow/py_env/lib/python3.10/site-packages/airflow/example_dags/example_sensors.py took 0.742 seconds
[2023-01-14T21:25:37.572+0000] {processor.py:153} INFO - Started process (PID=10544) to work on /media/prempeh/Nouveau nom/MASTER2/DATA ENGINEERING/airflow/py_env/lib/python3.10/site-packages/airflow/example_dags/example_sensors.py
[2023-01-14T21:25:37.575+0000] {processor.py:743} INFO - Processing file /media/prempeh/Nouveau nom/MASTER2/DATA ENGINEERING/airflow/py_env/lib/python3.10/site-packages/airflow/example_dags/example_sensors.py for tasks to queue
[2023-01-14T21:25:37.580+0000] {logging_mixin.py:137} INFO - [2023-01-14T21:25:37.580+0000] {dagbag.py:538} INFO - Filling up the DagBag from /media/prempeh/Nouveau nom/MASTER2/DATA ENGINEERING/airflow/py_env/lib/python3.10/site-packages/airflow/example_dags/example_sensors.py
[2023-01-14T21:25:37.765+0000] {processor.py:753} INFO - DAG(s) dict_keys(['example_sensors']) retrieved from /media/prempeh/Nouveau nom/MASTER2/DATA ENGINEERING/airflow/py_env/lib/python3.10/site-packages/airflow/example_dags/example_sensors.py
[2023-01-14T21:25:37.918+0000] {logging_mixin.py:137} INFO - [2023-01-14T21:25:37.917+0000] {dag.py:2676} INFO - Sync 1 DAGs
[2023-01-14T21:25:37.988+0000] {logging_mixin.py:137} INFO - [2023-01-14T21:25:37.987+0000] {dag.py:3423} INFO - Setting next_dagrun for example_sensors to None, run_after=None
[2023-01-14T21:25:38.070+0000] {processor.py:175} INFO - Processing /media/prempeh/Nouveau nom/MASTER2/DATA ENGINEERING/airflow/py_env/lib/python3.10/site-packages/airflow/example_dags/example_sensors.py took 0.507 seconds
[2023-01-14T21:26:48.405+0000] {processor.py:153} INFO - Started process (PID=10685) to work on /media/prempeh/Nouveau nom/MASTER2/DATA ENGINEERING/airflow/py_env/lib/python3.10/site-packages/airflow/example_dags/example_sensors.py
[2023-01-14T21:26:48.408+0000] {processor.py:743} INFO - Processing file /media/prempeh/Nouveau nom/MASTER2/DATA ENGINEERING/airflow/py_env/lib/python3.10/site-packages/airflow/example_dags/example_sensors.py for tasks to queue
[2023-01-14T21:26:48.413+0000] {logging_mixin.py:137} INFO - [2023-01-14T21:26:48.413+0000] {dagbag.py:538} INFO - Filling up the DagBag from /media/prempeh/Nouveau nom/MASTER2/DATA ENGINEERING/airflow/py_env/lib/python3.10/site-packages/airflow/example_dags/example_sensors.py
[2023-01-14T21:26:48.731+0000] {processor.py:753} INFO - DAG(s) dict_keys(['example_sensors']) retrieved from /media/prempeh/Nouveau nom/MASTER2/DATA ENGINEERING/airflow/py_env/lib/python3.10/site-packages/airflow/example_dags/example_sensors.py
[2023-01-14T21:26:48.958+0000] {logging_mixin.py:137} INFO - [2023-01-14T21:26:48.958+0000] {dag.py:2676} INFO - Sync 1 DAGs
[2023-01-14T21:26:49.070+0000] {logging_mixin.py:137} INFO - [2023-01-14T21:26:49.070+0000] {dag.py:3423} INFO - Setting next_dagrun for example_sensors to None, run_after=None
[2023-01-14T21:26:49.180+0000] {processor.py:175} INFO - Processing /media/prempeh/Nouveau nom/MASTER2/DATA ENGINEERING/airflow/py_env/lib/python3.10/site-packages/airflow/example_dags/example_sensors.py took 0.784 seconds
