[2023-01-14T20:53:24.974+0000] {processor.py:153} INFO - Started process (PID=6585) to work on /media/prempeh/Nouveau nom/MASTER2/DATA ENGINEERING/airflow/py_env/lib/python3.10/site-packages/airflow/example_dags/example_kubernetes_executor.py
[2023-01-14T20:53:24.976+0000] {processor.py:743} INFO - Processing file /media/prempeh/Nouveau nom/MASTER2/DATA ENGINEERING/airflow/py_env/lib/python3.10/site-packages/airflow/example_dags/example_kubernetes_executor.py for tasks to queue
[2023-01-14T20:53:24.980+0000] {logging_mixin.py:137} INFO - [2023-01-14T20:53:24.980+0000] {dagbag.py:538} INFO - Filling up the DagBag from /media/prempeh/Nouveau nom/MASTER2/DATA ENGINEERING/airflow/py_env/lib/python3.10/site-packages/airflow/example_dags/example_kubernetes_executor.py
[2023-01-14T20:53:25.091+0000] {logging_mixin.py:137} INFO - [2023-01-14T20:53:25.091+0000] {example_kubernetes_executor.py:41} WARNING - The example_kubernetes_executor example DAG requires the kubernetes provider. Please install it with: pip install apache-airflow[cncf.kubernetes]
[2023-01-14T20:53:25.092+0000] {processor.py:755} WARNING - No viable dags retrieved from /media/prempeh/Nouveau nom/MASTER2/DATA ENGINEERING/airflow/py_env/lib/python3.10/site-packages/airflow/example_dags/example_kubernetes_executor.py
[2023-01-14T20:53:25.124+0000] {processor.py:175} INFO - Processing /media/prempeh/Nouveau nom/MASTER2/DATA ENGINEERING/airflow/py_env/lib/python3.10/site-packages/airflow/example_dags/example_kubernetes_executor.py took 0.158 seconds
[2023-01-14T20:54:37.766+0000] {processor.py:153} INFO - Started process (PID=6734) to work on /media/prempeh/Nouveau nom/MASTER2/DATA ENGINEERING/airflow/py_env/lib/python3.10/site-packages/airflow/example_dags/example_kubernetes_executor.py
[2023-01-14T20:54:37.769+0000] {processor.py:743} INFO - Processing file /media/prempeh/Nouveau nom/MASTER2/DATA ENGINEERING/airflow/py_env/lib/python3.10/site-packages/airflow/example_dags/example_kubernetes_executor.py for tasks to queue
[2023-01-14T20:54:37.774+0000] {logging_mixin.py:137} INFO - [2023-01-14T20:54:37.773+0000] {dagbag.py:538} INFO - Filling up the DagBag from /media/prempeh/Nouveau nom/MASTER2/DATA ENGINEERING/airflow/py_env/lib/python3.10/site-packages/airflow/example_dags/example_kubernetes_executor.py
[2023-01-14T20:54:37.890+0000] {logging_mixin.py:137} INFO - [2023-01-14T20:54:37.889+0000] {example_kubernetes_executor.py:41} WARNING - The example_kubernetes_executor example DAG requires the kubernetes provider. Please install it with: pip install apache-airflow[cncf.kubernetes]
[2023-01-14T20:54:37.891+0000] {processor.py:755} WARNING - No viable dags retrieved from /media/prempeh/Nouveau nom/MASTER2/DATA ENGINEERING/airflow/py_env/lib/python3.10/site-packages/airflow/example_dags/example_kubernetes_executor.py
[2023-01-14T20:54:37.917+0000] {processor.py:175} INFO - Processing /media/prempeh/Nouveau nom/MASTER2/DATA ENGINEERING/airflow/py_env/lib/python3.10/site-packages/airflow/example_dags/example_kubernetes_executor.py took 0.159 seconds
[2023-01-14T20:55:40.743+0000] {processor.py:153} INFO - Started process (PID=6775) to work on /media/prempeh/Nouveau nom/MASTER2/DATA ENGINEERING/airflow/py_env/lib/python3.10/site-packages/airflow/example_dags/example_kubernetes_executor.py
[2023-01-14T20:55:40.747+0000] {processor.py:743} INFO - Processing file /media/prempeh/Nouveau nom/MASTER2/DATA ENGINEERING/airflow/py_env/lib/python3.10/site-packages/airflow/example_dags/example_kubernetes_executor.py for tasks to queue
[2023-01-14T20:55:40.756+0000] {logging_mixin.py:137} INFO - [2023-01-14T20:55:40.755+0000] {dagbag.py:538} INFO - Filling up the DagBag from /media/prempeh/Nouveau nom/MASTER2/DATA ENGINEERING/airflow/py_env/lib/python3.10/site-packages/airflow/example_dags/example_kubernetes_executor.py
[2023-01-14T20:55:40.886+0000] {logging_mixin.py:137} INFO - [2023-01-14T20:55:40.885+0000] {example_kubernetes_executor.py:41} WARNING - The example_kubernetes_executor example DAG requires the kubernetes provider. Please install it with: pip install apache-airflow[cncf.kubernetes]
[2023-01-14T20:55:40.887+0000] {processor.py:755} WARNING - No viable dags retrieved from /media/prempeh/Nouveau nom/MASTER2/DATA ENGINEERING/airflow/py_env/lib/python3.10/site-packages/airflow/example_dags/example_kubernetes_executor.py
[2023-01-14T20:55:40.915+0000] {processor.py:175} INFO - Processing /media/prempeh/Nouveau nom/MASTER2/DATA ENGINEERING/airflow/py_env/lib/python3.10/site-packages/airflow/example_dags/example_kubernetes_executor.py took 0.181 seconds
[2023-01-14T20:56:39.259+0000] {processor.py:153} INFO - Started process (PID=6925) to work on /media/prempeh/Nouveau nom/MASTER2/DATA ENGINEERING/airflow/py_env/lib/python3.10/site-packages/airflow/example_dags/example_kubernetes_executor.py
[2023-01-14T20:56:39.264+0000] {processor.py:743} INFO - Processing file /media/prempeh/Nouveau nom/MASTER2/DATA ENGINEERING/airflow/py_env/lib/python3.10/site-packages/airflow/example_dags/example_kubernetes_executor.py for tasks to queue
[2023-01-14T20:56:39.272+0000] {logging_mixin.py:137} INFO - [2023-01-14T20:56:39.271+0000] {dagbag.py:538} INFO - Filling up the DagBag from /media/prempeh/Nouveau nom/MASTER2/DATA ENGINEERING/airflow/py_env/lib/python3.10/site-packages/airflow/example_dags/example_kubernetes_executor.py
[2023-01-14T20:56:39.523+0000] {logging_mixin.py:137} INFO - [2023-01-14T20:56:39.522+0000] {example_kubernetes_executor.py:41} WARNING - The example_kubernetes_executor example DAG requires the kubernetes provider. Please install it with: pip install apache-airflow[cncf.kubernetes]
[2023-01-14T20:56:39.525+0000] {processor.py:755} WARNING - No viable dags retrieved from /media/prempeh/Nouveau nom/MASTER2/DATA ENGINEERING/airflow/py_env/lib/python3.10/site-packages/airflow/example_dags/example_kubernetes_executor.py
[2023-01-14T20:56:39.580+0000] {processor.py:175} INFO - Processing /media/prempeh/Nouveau nom/MASTER2/DATA ENGINEERING/airflow/py_env/lib/python3.10/site-packages/airflow/example_dags/example_kubernetes_executor.py took 0.337 seconds
[2023-01-14T20:57:42.267+0000] {processor.py:153} INFO - Started process (PID=7096) to work on /media/prempeh/Nouveau nom/MASTER2/DATA ENGINEERING/airflow/py_env/lib/python3.10/site-packages/airflow/example_dags/example_kubernetes_executor.py
[2023-01-14T20:57:42.269+0000] {processor.py:743} INFO - Processing file /media/prempeh/Nouveau nom/MASTER2/DATA ENGINEERING/airflow/py_env/lib/python3.10/site-packages/airflow/example_dags/example_kubernetes_executor.py for tasks to queue
[2023-01-14T20:57:42.276+0000] {logging_mixin.py:137} INFO - [2023-01-14T20:57:42.275+0000] {dagbag.py:538} INFO - Filling up the DagBag from /media/prempeh/Nouveau nom/MASTER2/DATA ENGINEERING/airflow/py_env/lib/python3.10/site-packages/airflow/example_dags/example_kubernetes_executor.py
[2023-01-14T20:57:42.403+0000] {logging_mixin.py:137} INFO - [2023-01-14T20:57:42.402+0000] {example_kubernetes_executor.py:41} WARNING - The example_kubernetes_executor example DAG requires the kubernetes provider. Please install it with: pip install apache-airflow[cncf.kubernetes]
[2023-01-14T20:57:42.404+0000] {processor.py:755} WARNING - No viable dags retrieved from /media/prempeh/Nouveau nom/MASTER2/DATA ENGINEERING/airflow/py_env/lib/python3.10/site-packages/airflow/example_dags/example_kubernetes_executor.py
[2023-01-14T20:57:42.433+0000] {processor.py:175} INFO - Processing /media/prempeh/Nouveau nom/MASTER2/DATA ENGINEERING/airflow/py_env/lib/python3.10/site-packages/airflow/example_dags/example_kubernetes_executor.py took 0.175 seconds
[2023-01-14T20:58:38.830+0000] {processor.py:153} INFO - Started process (PID=7138) to work on /media/prempeh/Nouveau nom/MASTER2/DATA ENGINEERING/airflow/py_env/lib/python3.10/site-packages/airflow/example_dags/example_kubernetes_executor.py
[2023-01-14T20:58:38.834+0000] {processor.py:743} INFO - Processing file /media/prempeh/Nouveau nom/MASTER2/DATA ENGINEERING/airflow/py_env/lib/python3.10/site-packages/airflow/example_dags/example_kubernetes_executor.py for tasks to queue
[2023-01-14T20:58:38.839+0000] {logging_mixin.py:137} INFO - [2023-01-14T20:58:38.839+0000] {dagbag.py:538} INFO - Filling up the DagBag from /media/prempeh/Nouveau nom/MASTER2/DATA ENGINEERING/airflow/py_env/lib/python3.10/site-packages/airflow/example_dags/example_kubernetes_executor.py
[2023-01-14T20:58:38.959+0000] {logging_mixin.py:137} INFO - [2023-01-14T20:58:38.959+0000] {example_kubernetes_executor.py:41} WARNING - The example_kubernetes_executor example DAG requires the kubernetes provider. Please install it with: pip install apache-airflow[cncf.kubernetes]
[2023-01-14T20:58:38.960+0000] {processor.py:755} WARNING - No viable dags retrieved from /media/prempeh/Nouveau nom/MASTER2/DATA ENGINEERING/airflow/py_env/lib/python3.10/site-packages/airflow/example_dags/example_kubernetes_executor.py
[2023-01-14T20:58:38.985+0000] {processor.py:175} INFO - Processing /media/prempeh/Nouveau nom/MASTER2/DATA ENGINEERING/airflow/py_env/lib/python3.10/site-packages/airflow/example_dags/example_kubernetes_executor.py took 0.163 seconds
[2023-01-14T20:59:29.797+0000] {processor.py:153} INFO - Started process (PID=7180) to work on /media/prempeh/Nouveau nom/MASTER2/DATA ENGINEERING/airflow/py_env/lib/python3.10/site-packages/airflow/example_dags/example_kubernetes_executor.py
[2023-01-14T20:59:29.800+0000] {processor.py:743} INFO - Processing file /media/prempeh/Nouveau nom/MASTER2/DATA ENGINEERING/airflow/py_env/lib/python3.10/site-packages/airflow/example_dags/example_kubernetes_executor.py for tasks to queue
[2023-01-14T20:59:29.804+0000] {logging_mixin.py:137} INFO - [2023-01-14T20:59:29.804+0000] {dagbag.py:538} INFO - Filling up the DagBag from /media/prempeh/Nouveau nom/MASTER2/DATA ENGINEERING/airflow/py_env/lib/python3.10/site-packages/airflow/example_dags/example_kubernetes_executor.py
[2023-01-14T20:59:29.921+0000] {logging_mixin.py:137} INFO - [2023-01-14T20:59:29.921+0000] {example_kubernetes_executor.py:41} WARNING - The example_kubernetes_executor example DAG requires the kubernetes provider. Please install it with: pip install apache-airflow[cncf.kubernetes]
[2023-01-14T20:59:29.922+0000] {processor.py:755} WARNING - No viable dags retrieved from /media/prempeh/Nouveau nom/MASTER2/DATA ENGINEERING/airflow/py_env/lib/python3.10/site-packages/airflow/example_dags/example_kubernetes_executor.py
[2023-01-14T20:59:29.951+0000] {processor.py:175} INFO - Processing /media/prempeh/Nouveau nom/MASTER2/DATA ENGINEERING/airflow/py_env/lib/python3.10/site-packages/airflow/example_dags/example_kubernetes_executor.py took 0.164 seconds
[2023-01-14T21:00:28.617+0000] {processor.py:153} INFO - Started process (PID=7263) to work on /media/prempeh/Nouveau nom/MASTER2/DATA ENGINEERING/airflow/py_env/lib/python3.10/site-packages/airflow/example_dags/example_kubernetes_executor.py
[2023-01-14T21:00:28.620+0000] {processor.py:743} INFO - Processing file /media/prempeh/Nouveau nom/MASTER2/DATA ENGINEERING/airflow/py_env/lib/python3.10/site-packages/airflow/example_dags/example_kubernetes_executor.py for tasks to queue
[2023-01-14T21:00:28.625+0000] {logging_mixin.py:137} INFO - [2023-01-14T21:00:28.624+0000] {dagbag.py:538} INFO - Filling up the DagBag from /media/prempeh/Nouveau nom/MASTER2/DATA ENGINEERING/airflow/py_env/lib/python3.10/site-packages/airflow/example_dags/example_kubernetes_executor.py
[2023-01-14T21:00:28.733+0000] {logging_mixin.py:137} INFO - [2023-01-14T21:00:28.732+0000] {example_kubernetes_executor.py:41} WARNING - The example_kubernetes_executor example DAG requires the kubernetes provider. Please install it with: pip install apache-airflow[cncf.kubernetes]
[2023-01-14T21:00:28.734+0000] {processor.py:755} WARNING - No viable dags retrieved from /media/prempeh/Nouveau nom/MASTER2/DATA ENGINEERING/airflow/py_env/lib/python3.10/site-packages/airflow/example_dags/example_kubernetes_executor.py
[2023-01-14T21:00:28.762+0000] {processor.py:175} INFO - Processing /media/prempeh/Nouveau nom/MASTER2/DATA ENGINEERING/airflow/py_env/lib/python3.10/site-packages/airflow/example_dags/example_kubernetes_executor.py took 0.155 seconds
[2023-01-14T21:01:25.540+0000] {processor.py:153} INFO - Started process (PID=7310) to work on /media/prempeh/Nouveau nom/MASTER2/DATA ENGINEERING/airflow/py_env/lib/python3.10/site-packages/airflow/example_dags/example_kubernetes_executor.py
[2023-01-14T21:01:25.543+0000] {processor.py:743} INFO - Processing file /media/prempeh/Nouveau nom/MASTER2/DATA ENGINEERING/airflow/py_env/lib/python3.10/site-packages/airflow/example_dags/example_kubernetes_executor.py for tasks to queue
[2023-01-14T21:01:25.547+0000] {logging_mixin.py:137} INFO - [2023-01-14T21:01:25.547+0000] {dagbag.py:538} INFO - Filling up the DagBag from /media/prempeh/Nouveau nom/MASTER2/DATA ENGINEERING/airflow/py_env/lib/python3.10/site-packages/airflow/example_dags/example_kubernetes_executor.py
[2023-01-14T21:01:25.671+0000] {logging_mixin.py:137} INFO - [2023-01-14T21:01:25.671+0000] {example_kubernetes_executor.py:41} WARNING - The example_kubernetes_executor example DAG requires the kubernetes provider. Please install it with: pip install apache-airflow[cncf.kubernetes]
[2023-01-14T21:01:25.673+0000] {processor.py:755} WARNING - No viable dags retrieved from /media/prempeh/Nouveau nom/MASTER2/DATA ENGINEERING/airflow/py_env/lib/python3.10/site-packages/airflow/example_dags/example_kubernetes_executor.py
[2023-01-14T21:01:25.698+0000] {processor.py:175} INFO - Processing /media/prempeh/Nouveau nom/MASTER2/DATA ENGINEERING/airflow/py_env/lib/python3.10/site-packages/airflow/example_dags/example_kubernetes_executor.py took 0.167 seconds
[2023-01-14T21:02:19.895+0000] {processor.py:153} INFO - Started process (PID=7374) to work on /media/prempeh/Nouveau nom/MASTER2/DATA ENGINEERING/airflow/py_env/lib/python3.10/site-packages/airflow/example_dags/example_kubernetes_executor.py
[2023-01-14T21:02:19.898+0000] {processor.py:743} INFO - Processing file /media/prempeh/Nouveau nom/MASTER2/DATA ENGINEERING/airflow/py_env/lib/python3.10/site-packages/airflow/example_dags/example_kubernetes_executor.py for tasks to queue
[2023-01-14T21:02:19.903+0000] {logging_mixin.py:137} INFO - [2023-01-14T21:02:19.902+0000] {dagbag.py:538} INFO - Filling up the DagBag from /media/prempeh/Nouveau nom/MASTER2/DATA ENGINEERING/airflow/py_env/lib/python3.10/site-packages/airflow/example_dags/example_kubernetes_executor.py
[2023-01-14T21:02:20.037+0000] {logging_mixin.py:137} INFO - [2023-01-14T21:02:20.036+0000] {example_kubernetes_executor.py:41} WARNING - The example_kubernetes_executor example DAG requires the kubernetes provider. Please install it with: pip install apache-airflow[cncf.kubernetes]
[2023-01-14T21:02:20.038+0000] {processor.py:755} WARNING - No viable dags retrieved from /media/prempeh/Nouveau nom/MASTER2/DATA ENGINEERING/airflow/py_env/lib/python3.10/site-packages/airflow/example_dags/example_kubernetes_executor.py
[2023-01-14T21:02:20.064+0000] {processor.py:175} INFO - Processing /media/prempeh/Nouveau nom/MASTER2/DATA ENGINEERING/airflow/py_env/lib/python3.10/site-packages/airflow/example_dags/example_kubernetes_executor.py took 0.178 seconds
[2023-01-14T21:03:09.472+0000] {processor.py:153} INFO - Started process (PID=7416) to work on /media/prempeh/Nouveau nom/MASTER2/DATA ENGINEERING/airflow/py_env/lib/python3.10/site-packages/airflow/example_dags/example_kubernetes_executor.py
[2023-01-14T21:03:09.475+0000] {processor.py:743} INFO - Processing file /media/prempeh/Nouveau nom/MASTER2/DATA ENGINEERING/airflow/py_env/lib/python3.10/site-packages/airflow/example_dags/example_kubernetes_executor.py for tasks to queue
[2023-01-14T21:03:09.479+0000] {logging_mixin.py:137} INFO - [2023-01-14T21:03:09.479+0000] {dagbag.py:538} INFO - Filling up the DagBag from /media/prempeh/Nouveau nom/MASTER2/DATA ENGINEERING/airflow/py_env/lib/python3.10/site-packages/airflow/example_dags/example_kubernetes_executor.py
[2023-01-14T21:03:09.613+0000] {logging_mixin.py:137} INFO - [2023-01-14T21:03:09.612+0000] {example_kubernetes_executor.py:41} WARNING - The example_kubernetes_executor example DAG requires the kubernetes provider. Please install it with: pip install apache-airflow[cncf.kubernetes]
[2023-01-14T21:03:09.614+0000] {processor.py:755} WARNING - No viable dags retrieved from /media/prempeh/Nouveau nom/MASTER2/DATA ENGINEERING/airflow/py_env/lib/python3.10/site-packages/airflow/example_dags/example_kubernetes_executor.py
[2023-01-14T21:03:09.643+0000] {processor.py:175} INFO - Processing /media/prempeh/Nouveau nom/MASTER2/DATA ENGINEERING/airflow/py_env/lib/python3.10/site-packages/airflow/example_dags/example_kubernetes_executor.py took 0.180 seconds
[2023-01-14T21:04:07.532+0000] {processor.py:153} INFO - Started process (PID=7483) to work on /media/prempeh/Nouveau nom/MASTER2/DATA ENGINEERING/airflow/py_env/lib/python3.10/site-packages/airflow/example_dags/example_kubernetes_executor.py
[2023-01-14T21:04:07.535+0000] {processor.py:743} INFO - Processing file /media/prempeh/Nouveau nom/MASTER2/DATA ENGINEERING/airflow/py_env/lib/python3.10/site-packages/airflow/example_dags/example_kubernetes_executor.py for tasks to queue
[2023-01-14T21:04:07.541+0000] {logging_mixin.py:137} INFO - [2023-01-14T21:04:07.540+0000] {dagbag.py:538} INFO - Filling up the DagBag from /media/prempeh/Nouveau nom/MASTER2/DATA ENGINEERING/airflow/py_env/lib/python3.10/site-packages/airflow/example_dags/example_kubernetes_executor.py
[2023-01-14T21:04:07.739+0000] {logging_mixin.py:137} INFO - [2023-01-14T21:04:07.738+0000] {example_kubernetes_executor.py:41} WARNING - The example_kubernetes_executor example DAG requires the kubernetes provider. Please install it with: pip install apache-airflow[cncf.kubernetes]
[2023-01-14T21:04:07.741+0000] {processor.py:755} WARNING - No viable dags retrieved from /media/prempeh/Nouveau nom/MASTER2/DATA ENGINEERING/airflow/py_env/lib/python3.10/site-packages/airflow/example_dags/example_kubernetes_executor.py
[2023-01-14T21:04:07.782+0000] {processor.py:175} INFO - Processing /media/prempeh/Nouveau nom/MASTER2/DATA ENGINEERING/airflow/py_env/lib/python3.10/site-packages/airflow/example_dags/example_kubernetes_executor.py took 0.261 seconds
[2023-01-14T21:05:10.190+0000] {processor.py:153} INFO - Started process (PID=7535) to work on /media/prempeh/Nouveau nom/MASTER2/DATA ENGINEERING/airflow/py_env/lib/python3.10/site-packages/airflow/example_dags/example_kubernetes_executor.py
[2023-01-14T21:05:10.194+0000] {processor.py:743} INFO - Processing file /media/prempeh/Nouveau nom/MASTER2/DATA ENGINEERING/airflow/py_env/lib/python3.10/site-packages/airflow/example_dags/example_kubernetes_executor.py for tasks to queue
[2023-01-14T21:05:10.199+0000] {logging_mixin.py:137} INFO - [2023-01-14T21:05:10.198+0000] {dagbag.py:538} INFO - Filling up the DagBag from /media/prempeh/Nouveau nom/MASTER2/DATA ENGINEERING/airflow/py_env/lib/python3.10/site-packages/airflow/example_dags/example_kubernetes_executor.py
[2023-01-14T21:05:10.306+0000] {logging_mixin.py:137} INFO - [2023-01-14T21:05:10.305+0000] {example_kubernetes_executor.py:41} WARNING - The example_kubernetes_executor example DAG requires the kubernetes provider. Please install it with: pip install apache-airflow[cncf.kubernetes]
[2023-01-14T21:05:10.307+0000] {processor.py:755} WARNING - No viable dags retrieved from /media/prempeh/Nouveau nom/MASTER2/DATA ENGINEERING/airflow/py_env/lib/python3.10/site-packages/airflow/example_dags/example_kubernetes_executor.py
[2023-01-14T21:05:10.334+0000] {processor.py:175} INFO - Processing /media/prempeh/Nouveau nom/MASTER2/DATA ENGINEERING/airflow/py_env/lib/python3.10/site-packages/airflow/example_dags/example_kubernetes_executor.py took 0.153 seconds
[2023-01-14T21:06:10.508+0000] {processor.py:153} INFO - Started process (PID=7650) to work on /media/prempeh/Nouveau nom/MASTER2/DATA ENGINEERING/airflow/py_env/lib/python3.10/site-packages/airflow/example_dags/example_kubernetes_executor.py
[2023-01-14T21:06:10.511+0000] {processor.py:743} INFO - Processing file /media/prempeh/Nouveau nom/MASTER2/DATA ENGINEERING/airflow/py_env/lib/python3.10/site-packages/airflow/example_dags/example_kubernetes_executor.py for tasks to queue
[2023-01-14T21:06:10.516+0000] {logging_mixin.py:137} INFO - [2023-01-14T21:06:10.516+0000] {dagbag.py:538} INFO - Filling up the DagBag from /media/prempeh/Nouveau nom/MASTER2/DATA ENGINEERING/airflow/py_env/lib/python3.10/site-packages/airflow/example_dags/example_kubernetes_executor.py
[2023-01-14T21:06:10.712+0000] {logging_mixin.py:137} INFO - [2023-01-14T21:06:10.711+0000] {example_kubernetes_executor.py:41} WARNING - The example_kubernetes_executor example DAG requires the kubernetes provider. Please install it with: pip install apache-airflow[cncf.kubernetes]
[2023-01-14T21:06:10.713+0000] {processor.py:755} WARNING - No viable dags retrieved from /media/prempeh/Nouveau nom/MASTER2/DATA ENGINEERING/airflow/py_env/lib/python3.10/site-packages/airflow/example_dags/example_kubernetes_executor.py
[2023-01-14T21:06:10.751+0000] {processor.py:175} INFO - Processing /media/prempeh/Nouveau nom/MASTER2/DATA ENGINEERING/airflow/py_env/lib/python3.10/site-packages/airflow/example_dags/example_kubernetes_executor.py took 0.255 seconds
[2023-01-14T21:07:32.553+0000] {processor.py:153} INFO - Started process (PID=7892) to work on /media/prempeh/Nouveau nom/MASTER2/DATA ENGINEERING/airflow/py_env/lib/python3.10/site-packages/airflow/example_dags/example_kubernetes_executor.py
[2023-01-14T21:07:32.556+0000] {processor.py:743} INFO - Processing file /media/prempeh/Nouveau nom/MASTER2/DATA ENGINEERING/airflow/py_env/lib/python3.10/site-packages/airflow/example_dags/example_kubernetes_executor.py for tasks to queue
[2023-01-14T21:07:32.560+0000] {logging_mixin.py:137} INFO - [2023-01-14T21:07:32.560+0000] {dagbag.py:538} INFO - Filling up the DagBag from /media/prempeh/Nouveau nom/MASTER2/DATA ENGINEERING/airflow/py_env/lib/python3.10/site-packages/airflow/example_dags/example_kubernetes_executor.py
[2023-01-14T21:07:36.908+0000] {processor.py:753} INFO - DAG(s) dict_keys(['example_kubernetes_executor']) retrieved from /media/prempeh/Nouveau nom/MASTER2/DATA ENGINEERING/airflow/py_env/lib/python3.10/site-packages/airflow/example_dags/example_kubernetes_executor.py
[2023-01-14T21:07:37.894+0000] {logging_mixin.py:137} INFO - [2023-01-14T21:07:37.893+0000] {manager.py:504} INFO - Created Permission View: can edit on DAG:example_kubernetes_executor
[2023-01-14T21:07:37.934+0000] {logging_mixin.py:137} INFO - [2023-01-14T21:07:37.932+0000] {manager.py:504} INFO - Created Permission View: can delete on DAG:example_kubernetes_executor
[2023-01-14T21:07:37.964+0000] {logging_mixin.py:137} INFO - [2023-01-14T21:07:37.963+0000] {manager.py:504} INFO - Created Permission View: can read on DAG:example_kubernetes_executor
[2023-01-14T21:07:37.965+0000] {logging_mixin.py:137} INFO - [2023-01-14T21:07:37.964+0000] {dag.py:2676} INFO - Sync 1 DAGs
[2023-01-14T21:07:38.012+0000] {logging_mixin.py:137} INFO - [2023-01-14T21:07:38.011+0000] {dag.py:2697} INFO - Creating ORM DAG for example_kubernetes_executor
[2023-01-14T21:07:38.046+0000] {logging_mixin.py:137} INFO - [2023-01-14T21:07:38.046+0000] {dag.py:3423} INFO - Setting next_dagrun for example_kubernetes_executor to None, run_after=None
[2023-01-14T21:07:38.151+0000] {processor.py:175} INFO - Processing /media/prempeh/Nouveau nom/MASTER2/DATA ENGINEERING/airflow/py_env/lib/python3.10/site-packages/airflow/example_dags/example_kubernetes_executor.py took 5.614 seconds
[2023-01-14T21:08:53.667+0000] {processor.py:153} INFO - Started process (PID=8087) to work on /media/prempeh/Nouveau nom/MASTER2/DATA ENGINEERING/airflow/py_env/lib/python3.10/site-packages/airflow/example_dags/example_kubernetes_executor.py
[2023-01-14T21:08:53.671+0000] {processor.py:743} INFO - Processing file /media/prempeh/Nouveau nom/MASTER2/DATA ENGINEERING/airflow/py_env/lib/python3.10/site-packages/airflow/example_dags/example_kubernetes_executor.py for tasks to queue
[2023-01-14T21:08:53.676+0000] {logging_mixin.py:137} INFO - [2023-01-14T21:08:53.675+0000] {dagbag.py:538} INFO - Filling up the DagBag from /media/prempeh/Nouveau nom/MASTER2/DATA ENGINEERING/airflow/py_env/lib/python3.10/site-packages/airflow/example_dags/example_kubernetes_executor.py
[2023-01-14T21:08:56.723+0000] {processor.py:753} INFO - DAG(s) dict_keys(['example_kubernetes_executor']) retrieved from /media/prempeh/Nouveau nom/MASTER2/DATA ENGINEERING/airflow/py_env/lib/python3.10/site-packages/airflow/example_dags/example_kubernetes_executor.py
[2023-01-14T21:08:56.874+0000] {logging_mixin.py:137} INFO - [2023-01-14T21:08:56.874+0000] {dag.py:2676} INFO - Sync 1 DAGs
[2023-01-14T21:08:56.933+0000] {logging_mixin.py:137} INFO - [2023-01-14T21:08:56.932+0000] {dag.py:3423} INFO - Setting next_dagrun for example_kubernetes_executor to None, run_after=None
[2023-01-14T21:08:56.999+0000] {processor.py:175} INFO - Processing /media/prempeh/Nouveau nom/MASTER2/DATA ENGINEERING/airflow/py_env/lib/python3.10/site-packages/airflow/example_dags/example_kubernetes_executor.py took 3.342 seconds
[2023-01-14T21:09:53.885+0000] {processor.py:153} INFO - Started process (PID=8133) to work on /media/prempeh/Nouveau nom/MASTER2/DATA ENGINEERING/airflow/py_env/lib/python3.10/site-packages/airflow/example_dags/example_kubernetes_executor.py
[2023-01-14T21:09:53.888+0000] {processor.py:743} INFO - Processing file /media/prempeh/Nouveau nom/MASTER2/DATA ENGINEERING/airflow/py_env/lib/python3.10/site-packages/airflow/example_dags/example_kubernetes_executor.py for tasks to queue
[2023-01-14T21:09:53.897+0000] {logging_mixin.py:137} INFO - [2023-01-14T21:09:53.896+0000] {dagbag.py:538} INFO - Filling up the DagBag from /media/prempeh/Nouveau nom/MASTER2/DATA ENGINEERING/airflow/py_env/lib/python3.10/site-packages/airflow/example_dags/example_kubernetes_executor.py
[2023-01-14T21:09:56.940+0000] {processor.py:753} INFO - DAG(s) dict_keys(['example_kubernetes_executor']) retrieved from /media/prempeh/Nouveau nom/MASTER2/DATA ENGINEERING/airflow/py_env/lib/python3.10/site-packages/airflow/example_dags/example_kubernetes_executor.py
[2023-01-14T21:09:57.080+0000] {logging_mixin.py:137} INFO - [2023-01-14T21:09:57.079+0000] {dag.py:2676} INFO - Sync 1 DAGs
[2023-01-14T21:09:57.135+0000] {logging_mixin.py:137} INFO - [2023-01-14T21:09:57.134+0000] {dag.py:3423} INFO - Setting next_dagrun for example_kubernetes_executor to None, run_after=None
[2023-01-14T21:09:57.205+0000] {processor.py:175} INFO - Processing /media/prempeh/Nouveau nom/MASTER2/DATA ENGINEERING/airflow/py_env/lib/python3.10/site-packages/airflow/example_dags/example_kubernetes_executor.py took 3.328 seconds
[2023-01-14T21:10:53.908+0000] {processor.py:153} INFO - Started process (PID=8178) to work on /media/prempeh/Nouveau nom/MASTER2/DATA ENGINEERING/airflow/py_env/lib/python3.10/site-packages/airflow/example_dags/example_kubernetes_executor.py
[2023-01-14T21:10:53.911+0000] {processor.py:743} INFO - Processing file /media/prempeh/Nouveau nom/MASTER2/DATA ENGINEERING/airflow/py_env/lib/python3.10/site-packages/airflow/example_dags/example_kubernetes_executor.py for tasks to queue
[2023-01-14T21:10:53.915+0000] {logging_mixin.py:137} INFO - [2023-01-14T21:10:53.914+0000] {dagbag.py:538} INFO - Filling up the DagBag from /media/prempeh/Nouveau nom/MASTER2/DATA ENGINEERING/airflow/py_env/lib/python3.10/site-packages/airflow/example_dags/example_kubernetes_executor.py
[2023-01-14T21:10:56.857+0000] {processor.py:753} INFO - DAG(s) dict_keys(['example_kubernetes_executor']) retrieved from /media/prempeh/Nouveau nom/MASTER2/DATA ENGINEERING/airflow/py_env/lib/python3.10/site-packages/airflow/example_dags/example_kubernetes_executor.py
[2023-01-14T21:10:57.030+0000] {logging_mixin.py:137} INFO - [2023-01-14T21:10:57.029+0000] {dag.py:2676} INFO - Sync 1 DAGs
[2023-01-14T21:10:57.084+0000] {logging_mixin.py:137} INFO - [2023-01-14T21:10:57.083+0000] {dag.py:3423} INFO - Setting next_dagrun for example_kubernetes_executor to None, run_after=None
[2023-01-14T21:10:57.149+0000] {processor.py:175} INFO - Processing /media/prempeh/Nouveau nom/MASTER2/DATA ENGINEERING/airflow/py_env/lib/python3.10/site-packages/airflow/example_dags/example_kubernetes_executor.py took 3.250 seconds
[2023-01-14T21:12:03.125+0000] {processor.py:153} INFO - Started process (PID=8228) to work on /media/prempeh/Nouveau nom/MASTER2/DATA ENGINEERING/airflow/py_env/lib/python3.10/site-packages/airflow/example_dags/example_kubernetes_executor.py
[2023-01-14T21:12:03.130+0000] {processor.py:743} INFO - Processing file /media/prempeh/Nouveau nom/MASTER2/DATA ENGINEERING/airflow/py_env/lib/python3.10/site-packages/airflow/example_dags/example_kubernetes_executor.py for tasks to queue
[2023-01-14T21:12:03.135+0000] {logging_mixin.py:137} INFO - [2023-01-14T21:12:03.134+0000] {dagbag.py:538} INFO - Filling up the DagBag from /media/prempeh/Nouveau nom/MASTER2/DATA ENGINEERING/airflow/py_env/lib/python3.10/site-packages/airflow/example_dags/example_kubernetes_executor.py
[2023-01-14T21:12:06.690+0000] {processor.py:753} INFO - DAG(s) dict_keys(['example_kubernetes_executor']) retrieved from /media/prempeh/Nouveau nom/MASTER2/DATA ENGINEERING/airflow/py_env/lib/python3.10/site-packages/airflow/example_dags/example_kubernetes_executor.py
[2023-01-14T21:12:06.883+0000] {logging_mixin.py:137} INFO - [2023-01-14T21:12:06.882+0000] {dag.py:2676} INFO - Sync 1 DAGs
[2023-01-14T21:12:06.953+0000] {logging_mixin.py:137} INFO - [2023-01-14T21:12:06.953+0000] {dag.py:3423} INFO - Setting next_dagrun for example_kubernetes_executor to None, run_after=None
[2023-01-14T21:12:07.025+0000] {processor.py:175} INFO - Processing /media/prempeh/Nouveau nom/MASTER2/DATA ENGINEERING/airflow/py_env/lib/python3.10/site-packages/airflow/example_dags/example_kubernetes_executor.py took 3.910 seconds
[2023-01-14T21:13:09.463+0000] {processor.py:153} INFO - Started process (PID=8273) to work on /media/prempeh/Nouveau nom/MASTER2/DATA ENGINEERING/airflow/py_env/lib/python3.10/site-packages/airflow/example_dags/example_kubernetes_executor.py
[2023-01-14T21:13:09.468+0000] {processor.py:743} INFO - Processing file /media/prempeh/Nouveau nom/MASTER2/DATA ENGINEERING/airflow/py_env/lib/python3.10/site-packages/airflow/example_dags/example_kubernetes_executor.py for tasks to queue
[2023-01-14T21:13:09.482+0000] {logging_mixin.py:137} INFO - [2023-01-14T21:13:09.481+0000] {dagbag.py:538} INFO - Filling up the DagBag from /media/prempeh/Nouveau nom/MASTER2/DATA ENGINEERING/airflow/py_env/lib/python3.10/site-packages/airflow/example_dags/example_kubernetes_executor.py
[2023-01-14T21:13:14.154+0000] {processor.py:753} INFO - DAG(s) dict_keys(['example_kubernetes_executor']) retrieved from /media/prempeh/Nouveau nom/MASTER2/DATA ENGINEERING/airflow/py_env/lib/python3.10/site-packages/airflow/example_dags/example_kubernetes_executor.py
[2023-01-14T21:13:14.431+0000] {logging_mixin.py:137} INFO - [2023-01-14T21:13:14.429+0000] {dag.py:2676} INFO - Sync 1 DAGs
[2023-01-14T21:13:14.562+0000] {logging_mixin.py:137} INFO - [2023-01-14T21:13:14.561+0000] {dag.py:3423} INFO - Setting next_dagrun for example_kubernetes_executor to None, run_after=None
[2023-01-14T21:13:14.709+0000] {processor.py:175} INFO - Processing /media/prempeh/Nouveau nom/MASTER2/DATA ENGINEERING/airflow/py_env/lib/python3.10/site-packages/airflow/example_dags/example_kubernetes_executor.py took 5.258 seconds
[2023-01-14T21:14:24.983+0000] {processor.py:153} INFO - Started process (PID=8327) to work on /media/prempeh/Nouveau nom/MASTER2/DATA ENGINEERING/airflow/py_env/lib/python3.10/site-packages/airflow/example_dags/example_kubernetes_executor.py
[2023-01-14T21:14:24.989+0000] {processor.py:743} INFO - Processing file /media/prempeh/Nouveau nom/MASTER2/DATA ENGINEERING/airflow/py_env/lib/python3.10/site-packages/airflow/example_dags/example_kubernetes_executor.py for tasks to queue
[2023-01-14T21:14:24.995+0000] {logging_mixin.py:137} INFO - [2023-01-14T21:14:24.994+0000] {dagbag.py:538} INFO - Filling up the DagBag from /media/prempeh/Nouveau nom/MASTER2/DATA ENGINEERING/airflow/py_env/lib/python3.10/site-packages/airflow/example_dags/example_kubernetes_executor.py
[2023-01-14T21:14:28.779+0000] {processor.py:753} INFO - DAG(s) dict_keys(['example_kubernetes_executor']) retrieved from /media/prempeh/Nouveau nom/MASTER2/DATA ENGINEERING/airflow/py_env/lib/python3.10/site-packages/airflow/example_dags/example_kubernetes_executor.py
[2023-01-14T21:14:28.977+0000] {logging_mixin.py:137} INFO - [2023-01-14T21:14:28.976+0000] {dag.py:2676} INFO - Sync 1 DAGs
[2023-01-14T21:14:29.038+0000] {logging_mixin.py:137} INFO - [2023-01-14T21:14:29.037+0000] {dag.py:3423} INFO - Setting next_dagrun for example_kubernetes_executor to None, run_after=None
[2023-01-14T21:14:29.094+0000] {processor.py:175} INFO - Processing /media/prempeh/Nouveau nom/MASTER2/DATA ENGINEERING/airflow/py_env/lib/python3.10/site-packages/airflow/example_dags/example_kubernetes_executor.py took 4.125 seconds
[2023-01-14T21:15:37.183+0000] {processor.py:153} INFO - Started process (PID=8724) to work on /media/prempeh/Nouveau nom/MASTER2/DATA ENGINEERING/airflow/py_env/lib/python3.10/site-packages/airflow/example_dags/example_kubernetes_executor.py
[2023-01-14T21:15:37.185+0000] {processor.py:743} INFO - Processing file /media/prempeh/Nouveau nom/MASTER2/DATA ENGINEERING/airflow/py_env/lib/python3.10/site-packages/airflow/example_dags/example_kubernetes_executor.py for tasks to queue
[2023-01-14T21:15:37.190+0000] {logging_mixin.py:137} INFO - [2023-01-14T21:15:37.190+0000] {dagbag.py:538} INFO - Filling up the DagBag from /media/prempeh/Nouveau nom/MASTER2/DATA ENGINEERING/airflow/py_env/lib/python3.10/site-packages/airflow/example_dags/example_kubernetes_executor.py
[2023-01-14T21:15:40.199+0000] {processor.py:753} INFO - DAG(s) dict_keys(['example_kubernetes_executor']) retrieved from /media/prempeh/Nouveau nom/MASTER2/DATA ENGINEERING/airflow/py_env/lib/python3.10/site-packages/airflow/example_dags/example_kubernetes_executor.py
[2023-01-14T21:15:40.353+0000] {logging_mixin.py:137} INFO - [2023-01-14T21:15:40.352+0000] {dag.py:2676} INFO - Sync 1 DAGs
[2023-01-14T21:15:40.410+0000] {logging_mixin.py:137} INFO - [2023-01-14T21:15:40.409+0000] {dag.py:3423} INFO - Setting next_dagrun for example_kubernetes_executor to None, run_after=None
[2023-01-14T21:15:40.477+0000] {processor.py:175} INFO - Processing /media/prempeh/Nouveau nom/MASTER2/DATA ENGINEERING/airflow/py_env/lib/python3.10/site-packages/airflow/example_dags/example_kubernetes_executor.py took 3.302 seconds
[2023-01-14T21:16:47.209+0000] {processor.py:153} INFO - Started process (PID=9062) to work on /media/prempeh/Nouveau nom/MASTER2/DATA ENGINEERING/airflow/py_env/lib/python3.10/site-packages/airflow/example_dags/example_kubernetes_executor.py
[2023-01-14T21:16:47.213+0000] {processor.py:743} INFO - Processing file /media/prempeh/Nouveau nom/MASTER2/DATA ENGINEERING/airflow/py_env/lib/python3.10/site-packages/airflow/example_dags/example_kubernetes_executor.py for tasks to queue
[2023-01-14T21:16:47.223+0000] {logging_mixin.py:137} INFO - [2023-01-14T21:16:47.222+0000] {dagbag.py:538} INFO - Filling up the DagBag from /media/prempeh/Nouveau nom/MASTER2/DATA ENGINEERING/airflow/py_env/lib/python3.10/site-packages/airflow/example_dags/example_kubernetes_executor.py
[2023-01-14T21:16:51.325+0000] {processor.py:753} INFO - DAG(s) dict_keys(['example_kubernetes_executor']) retrieved from /media/prempeh/Nouveau nom/MASTER2/DATA ENGINEERING/airflow/py_env/lib/python3.10/site-packages/airflow/example_dags/example_kubernetes_executor.py
[2023-01-14T21:16:51.490+0000] {logging_mixin.py:137} INFO - [2023-01-14T21:16:51.489+0000] {dag.py:2676} INFO - Sync 1 DAGs
[2023-01-14T21:16:51.597+0000] {logging_mixin.py:137} INFO - [2023-01-14T21:16:51.596+0000] {dag.py:3423} INFO - Setting next_dagrun for example_kubernetes_executor to None, run_after=None
[2023-01-14T21:16:51.667+0000] {processor.py:175} INFO - Processing /media/prempeh/Nouveau nom/MASTER2/DATA ENGINEERING/airflow/py_env/lib/python3.10/site-packages/airflow/example_dags/example_kubernetes_executor.py took 4.473 seconds
[2023-01-14T21:17:59.624+0000] {processor.py:153} INFO - Started process (PID=9253) to work on /media/prempeh/Nouveau nom/MASTER2/DATA ENGINEERING/airflow/py_env/lib/python3.10/site-packages/airflow/example_dags/example_kubernetes_executor.py
[2023-01-14T21:17:59.627+0000] {processor.py:743} INFO - Processing file /media/prempeh/Nouveau nom/MASTER2/DATA ENGINEERING/airflow/py_env/lib/python3.10/site-packages/airflow/example_dags/example_kubernetes_executor.py for tasks to queue
[2023-01-14T21:17:59.632+0000] {logging_mixin.py:137} INFO - [2023-01-14T21:17:59.632+0000] {dagbag.py:538} INFO - Filling up the DagBag from /media/prempeh/Nouveau nom/MASTER2/DATA ENGINEERING/airflow/py_env/lib/python3.10/site-packages/airflow/example_dags/example_kubernetes_executor.py
[2023-01-14T21:18:03.298+0000] {processor.py:753} INFO - DAG(s) dict_keys(['example_kubernetes_executor']) retrieved from /media/prempeh/Nouveau nom/MASTER2/DATA ENGINEERING/airflow/py_env/lib/python3.10/site-packages/airflow/example_dags/example_kubernetes_executor.py
[2023-01-14T21:18:03.457+0000] {logging_mixin.py:137} INFO - [2023-01-14T21:18:03.456+0000] {dag.py:2676} INFO - Sync 1 DAGs
[2023-01-14T21:18:03.527+0000] {logging_mixin.py:137} INFO - [2023-01-14T21:18:03.527+0000] {dag.py:3423} INFO - Setting next_dagrun for example_kubernetes_executor to None, run_after=None
[2023-01-14T21:18:03.601+0000] {processor.py:175} INFO - Processing /media/prempeh/Nouveau nom/MASTER2/DATA ENGINEERING/airflow/py_env/lib/python3.10/site-packages/airflow/example_dags/example_kubernetes_executor.py took 3.988 seconds
[2023-01-14T21:19:14.534+0000] {processor.py:153} INFO - Started process (PID=9496) to work on /media/prempeh/Nouveau nom/MASTER2/DATA ENGINEERING/airflow/py_env/lib/python3.10/site-packages/airflow/example_dags/example_kubernetes_executor.py
[2023-01-14T21:19:14.539+0000] {processor.py:743} INFO - Processing file /media/prempeh/Nouveau nom/MASTER2/DATA ENGINEERING/airflow/py_env/lib/python3.10/site-packages/airflow/example_dags/example_kubernetes_executor.py for tasks to queue
[2023-01-14T21:19:14.544+0000] {logging_mixin.py:137} INFO - [2023-01-14T21:19:14.543+0000] {dagbag.py:538} INFO - Filling up the DagBag from /media/prempeh/Nouveau nom/MASTER2/DATA ENGINEERING/airflow/py_env/lib/python3.10/site-packages/airflow/example_dags/example_kubernetes_executor.py
[2023-01-14T21:19:18.036+0000] {processor.py:753} INFO - DAG(s) dict_keys(['example_kubernetes_executor']) retrieved from /media/prempeh/Nouveau nom/MASTER2/DATA ENGINEERING/airflow/py_env/lib/python3.10/site-packages/airflow/example_dags/example_kubernetes_executor.py
[2023-01-14T21:19:18.173+0000] {logging_mixin.py:137} INFO - [2023-01-14T21:19:18.173+0000] {dag.py:2676} INFO - Sync 1 DAGs
[2023-01-14T21:19:18.222+0000] {logging_mixin.py:137} INFO - [2023-01-14T21:19:18.222+0000] {dag.py:3423} INFO - Setting next_dagrun for example_kubernetes_executor to None, run_after=None
[2023-01-14T21:19:18.281+0000] {processor.py:175} INFO - Processing /media/prempeh/Nouveau nom/MASTER2/DATA ENGINEERING/airflow/py_env/lib/python3.10/site-packages/airflow/example_dags/example_kubernetes_executor.py took 3.758 seconds
[2023-01-14T21:20:26.065+0000] {processor.py:153} INFO - Started process (PID=9789) to work on /media/prempeh/Nouveau nom/MASTER2/DATA ENGINEERING/airflow/py_env/lib/python3.10/site-packages/airflow/example_dags/example_kubernetes_executor.py
[2023-01-14T21:20:26.068+0000] {processor.py:743} INFO - Processing file /media/prempeh/Nouveau nom/MASTER2/DATA ENGINEERING/airflow/py_env/lib/python3.10/site-packages/airflow/example_dags/example_kubernetes_executor.py for tasks to queue
[2023-01-14T21:20:26.072+0000] {logging_mixin.py:137} INFO - [2023-01-14T21:20:26.071+0000] {dagbag.py:538} INFO - Filling up the DagBag from /media/prempeh/Nouveau nom/MASTER2/DATA ENGINEERING/airflow/py_env/lib/python3.10/site-packages/airflow/example_dags/example_kubernetes_executor.py
[2023-01-14T21:20:29.068+0000] {processor.py:753} INFO - DAG(s) dict_keys(['example_kubernetes_executor']) retrieved from /media/prempeh/Nouveau nom/MASTER2/DATA ENGINEERING/airflow/py_env/lib/python3.10/site-packages/airflow/example_dags/example_kubernetes_executor.py
[2023-01-14T21:20:29.184+0000] {logging_mixin.py:137} INFO - [2023-01-14T21:20:29.183+0000] {dag.py:2676} INFO - Sync 1 DAGs
[2023-01-14T21:20:29.233+0000] {logging_mixin.py:137} INFO - [2023-01-14T21:20:29.233+0000] {dag.py:3423} INFO - Setting next_dagrun for example_kubernetes_executor to None, run_after=None
[2023-01-14T21:20:29.291+0000] {processor.py:175} INFO - Processing /media/prempeh/Nouveau nom/MASTER2/DATA ENGINEERING/airflow/py_env/lib/python3.10/site-packages/airflow/example_dags/example_kubernetes_executor.py took 3.235 seconds
[2023-01-14T21:21:34.395+0000] {processor.py:153} INFO - Started process (PID=9839) to work on /media/prempeh/Nouveau nom/MASTER2/DATA ENGINEERING/airflow/py_env/lib/python3.10/site-packages/airflow/example_dags/example_kubernetes_executor.py
[2023-01-14T21:21:34.397+0000] {processor.py:743} INFO - Processing file /media/prempeh/Nouveau nom/MASTER2/DATA ENGINEERING/airflow/py_env/lib/python3.10/site-packages/airflow/example_dags/example_kubernetes_executor.py for tasks to queue
[2023-01-14T21:21:34.404+0000] {logging_mixin.py:137} INFO - [2023-01-14T21:21:34.403+0000] {dagbag.py:538} INFO - Filling up the DagBag from /media/prempeh/Nouveau nom/MASTER2/DATA ENGINEERING/airflow/py_env/lib/python3.10/site-packages/airflow/example_dags/example_kubernetes_executor.py
[2023-01-14T21:21:37.551+0000] {processor.py:753} INFO - DAG(s) dict_keys(['example_kubernetes_executor']) retrieved from /media/prempeh/Nouveau nom/MASTER2/DATA ENGINEERING/airflow/py_env/lib/python3.10/site-packages/airflow/example_dags/example_kubernetes_executor.py
[2023-01-14T21:21:37.668+0000] {logging_mixin.py:137} INFO - [2023-01-14T21:21:37.667+0000] {dag.py:2676} INFO - Sync 1 DAGs
[2023-01-14T21:21:37.722+0000] {logging_mixin.py:137} INFO - [2023-01-14T21:21:37.721+0000] {dag.py:3423} INFO - Setting next_dagrun for example_kubernetes_executor to None, run_after=None
[2023-01-14T21:21:37.788+0000] {processor.py:175} INFO - Processing /media/prempeh/Nouveau nom/MASTER2/DATA ENGINEERING/airflow/py_env/lib/python3.10/site-packages/airflow/example_dags/example_kubernetes_executor.py took 3.405 seconds
[2023-01-14T21:22:49.822+0000] {processor.py:153} INFO - Started process (PID=10227) to work on /media/prempeh/Nouveau nom/MASTER2/DATA ENGINEERING/airflow/py_env/lib/python3.10/site-packages/airflow/example_dags/example_kubernetes_executor.py
[2023-01-14T21:22:49.824+0000] {processor.py:743} INFO - Processing file /media/prempeh/Nouveau nom/MASTER2/DATA ENGINEERING/airflow/py_env/lib/python3.10/site-packages/airflow/example_dags/example_kubernetes_executor.py for tasks to queue
[2023-01-14T21:22:49.828+0000] {logging_mixin.py:137} INFO - [2023-01-14T21:22:49.828+0000] {dagbag.py:538} INFO - Filling up the DagBag from /media/prempeh/Nouveau nom/MASTER2/DATA ENGINEERING/airflow/py_env/lib/python3.10/site-packages/airflow/example_dags/example_kubernetes_executor.py
[2023-01-14T21:22:53.016+0000] {processor.py:753} INFO - DAG(s) dict_keys(['example_kubernetes_executor']) retrieved from /media/prempeh/Nouveau nom/MASTER2/DATA ENGINEERING/airflow/py_env/lib/python3.10/site-packages/airflow/example_dags/example_kubernetes_executor.py
[2023-01-14T21:22:53.159+0000] {logging_mixin.py:137} INFO - [2023-01-14T21:22:53.158+0000] {dag.py:2676} INFO - Sync 1 DAGs
[2023-01-14T21:22:53.210+0000] {logging_mixin.py:137} INFO - [2023-01-14T21:22:53.210+0000] {dag.py:3423} INFO - Setting next_dagrun for example_kubernetes_executor to None, run_after=None
[2023-01-14T21:22:53.271+0000] {processor.py:175} INFO - Processing /media/prempeh/Nouveau nom/MASTER2/DATA ENGINEERING/airflow/py_env/lib/python3.10/site-packages/airflow/example_dags/example_kubernetes_executor.py took 3.458 seconds
[2023-01-14T21:23:59.075+0000] {processor.py:153} INFO - Started process (PID=10366) to work on /media/prempeh/Nouveau nom/MASTER2/DATA ENGINEERING/airflow/py_env/lib/python3.10/site-packages/airflow/example_dags/example_kubernetes_executor.py
[2023-01-14T21:23:59.077+0000] {processor.py:743} INFO - Processing file /media/prempeh/Nouveau nom/MASTER2/DATA ENGINEERING/airflow/py_env/lib/python3.10/site-packages/airflow/example_dags/example_kubernetes_executor.py for tasks to queue
[2023-01-14T21:23:59.082+0000] {logging_mixin.py:137} INFO - [2023-01-14T21:23:59.081+0000] {dagbag.py:538} INFO - Filling up the DagBag from /media/prempeh/Nouveau nom/MASTER2/DATA ENGINEERING/airflow/py_env/lib/python3.10/site-packages/airflow/example_dags/example_kubernetes_executor.py
[2023-01-14T21:24:02.077+0000] {processor.py:753} INFO - DAG(s) dict_keys(['example_kubernetes_executor']) retrieved from /media/prempeh/Nouveau nom/MASTER2/DATA ENGINEERING/airflow/py_env/lib/python3.10/site-packages/airflow/example_dags/example_kubernetes_executor.py
[2023-01-14T21:24:02.222+0000] {logging_mixin.py:137} INFO - [2023-01-14T21:24:02.221+0000] {dag.py:2676} INFO - Sync 1 DAGs
[2023-01-14T21:24:02.279+0000] {logging_mixin.py:137} INFO - [2023-01-14T21:24:02.279+0000] {dag.py:3423} INFO - Setting next_dagrun for example_kubernetes_executor to None, run_after=None
[2023-01-14T21:24:02.342+0000] {processor.py:175} INFO - Processing /media/prempeh/Nouveau nom/MASTER2/DATA ENGINEERING/airflow/py_env/lib/python3.10/site-packages/airflow/example_dags/example_kubernetes_executor.py took 3.277 seconds
[2023-01-14T21:25:03.322+0000] {processor.py:153} INFO - Started process (PID=10448) to work on /media/prempeh/Nouveau nom/MASTER2/DATA ENGINEERING/airflow/py_env/lib/python3.10/site-packages/airflow/example_dags/example_kubernetes_executor.py
[2023-01-14T21:25:03.325+0000] {processor.py:743} INFO - Processing file /media/prempeh/Nouveau nom/MASTER2/DATA ENGINEERING/airflow/py_env/lib/python3.10/site-packages/airflow/example_dags/example_kubernetes_executor.py for tasks to queue
[2023-01-14T21:25:03.329+0000] {logging_mixin.py:137} INFO - [2023-01-14T21:25:03.329+0000] {dagbag.py:538} INFO - Filling up the DagBag from /media/prempeh/Nouveau nom/MASTER2/DATA ENGINEERING/airflow/py_env/lib/python3.10/site-packages/airflow/example_dags/example_kubernetes_executor.py
[2023-01-14T21:25:06.774+0000] {processor.py:753} INFO - DAG(s) dict_keys(['example_kubernetes_executor']) retrieved from /media/prempeh/Nouveau nom/MASTER2/DATA ENGINEERING/airflow/py_env/lib/python3.10/site-packages/airflow/example_dags/example_kubernetes_executor.py
[2023-01-14T21:25:06.904+0000] {logging_mixin.py:137} INFO - [2023-01-14T21:25:06.903+0000] {dag.py:2676} INFO - Sync 1 DAGs
[2023-01-14T21:25:06.961+0000] {logging_mixin.py:137} INFO - [2023-01-14T21:25:06.960+0000] {dag.py:3423} INFO - Setting next_dagrun for example_kubernetes_executor to None, run_after=None
[2023-01-14T21:25:07.024+0000] {processor.py:175} INFO - Processing /media/prempeh/Nouveau nom/MASTER2/DATA ENGINEERING/airflow/py_env/lib/python3.10/site-packages/airflow/example_dags/example_kubernetes_executor.py took 3.710 seconds
[2023-01-14T21:26:18.695+0000] {processor.py:153} INFO - Started process (PID=10581) to work on /media/prempeh/Nouveau nom/MASTER2/DATA ENGINEERING/airflow/py_env/lib/python3.10/site-packages/airflow/example_dags/example_kubernetes_executor.py
[2023-01-14T21:26:18.697+0000] {processor.py:743} INFO - Processing file /media/prempeh/Nouveau nom/MASTER2/DATA ENGINEERING/airflow/py_env/lib/python3.10/site-packages/airflow/example_dags/example_kubernetes_executor.py for tasks to queue
[2023-01-14T21:26:18.703+0000] {logging_mixin.py:137} INFO - [2023-01-14T21:26:18.703+0000] {dagbag.py:538} INFO - Filling up the DagBag from /media/prempeh/Nouveau nom/MASTER2/DATA ENGINEERING/airflow/py_env/lib/python3.10/site-packages/airflow/example_dags/example_kubernetes_executor.py
[2023-01-14T21:26:21.680+0000] {processor.py:753} INFO - DAG(s) dict_keys(['example_kubernetes_executor']) retrieved from /media/prempeh/Nouveau nom/MASTER2/DATA ENGINEERING/airflow/py_env/lib/python3.10/site-packages/airflow/example_dags/example_kubernetes_executor.py
[2023-01-14T21:26:21.844+0000] {logging_mixin.py:137} INFO - [2023-01-14T21:26:21.843+0000] {dag.py:2676} INFO - Sync 1 DAGs
[2023-01-14T21:26:21.899+0000] {logging_mixin.py:137} INFO - [2023-01-14T21:26:21.899+0000] {dag.py:3423} INFO - Setting next_dagrun for example_kubernetes_executor to None, run_after=None
[2023-01-14T21:26:21.963+0000] {processor.py:175} INFO - Processing /media/prempeh/Nouveau nom/MASTER2/DATA ENGINEERING/airflow/py_env/lib/python3.10/site-packages/airflow/example_dags/example_kubernetes_executor.py took 3.277 seconds
[2023-01-14T21:27:28.993+0000] {processor.py:153} INFO - Started process (PID=10864) to work on /media/prempeh/Nouveau nom/MASTER2/DATA ENGINEERING/airflow/py_env/lib/python3.10/site-packages/airflow/example_dags/example_kubernetes_executor.py
[2023-01-14T21:27:28.996+0000] {processor.py:743} INFO - Processing file /media/prempeh/Nouveau nom/MASTER2/DATA ENGINEERING/airflow/py_env/lib/python3.10/site-packages/airflow/example_dags/example_kubernetes_executor.py for tasks to queue
[2023-01-14T21:27:29.000+0000] {logging_mixin.py:137} INFO - [2023-01-14T21:27:29.000+0000] {dagbag.py:538} INFO - Filling up the DagBag from /media/prempeh/Nouveau nom/MASTER2/DATA ENGINEERING/airflow/py_env/lib/python3.10/site-packages/airflow/example_dags/example_kubernetes_executor.py
[2023-01-14T21:27:32.395+0000] {processor.py:753} INFO - DAG(s) dict_keys(['example_kubernetes_executor']) retrieved from /media/prempeh/Nouveau nom/MASTER2/DATA ENGINEERING/airflow/py_env/lib/python3.10/site-packages/airflow/example_dags/example_kubernetes_executor.py
[2023-01-14T21:27:32.528+0000] {logging_mixin.py:137} INFO - [2023-01-14T21:27:32.528+0000] {dag.py:2676} INFO - Sync 1 DAGs
[2023-01-14T21:27:32.581+0000] {logging_mixin.py:137} INFO - [2023-01-14T21:27:32.581+0000] {dag.py:3423} INFO - Setting next_dagrun for example_kubernetes_executor to None, run_after=None
[2023-01-14T21:27:32.642+0000] {processor.py:175} INFO - Processing /media/prempeh/Nouveau nom/MASTER2/DATA ENGINEERING/airflow/py_env/lib/python3.10/site-packages/airflow/example_dags/example_kubernetes_executor.py took 3.658 seconds
