[2023-01-14T20:52:54.328+0000] {processor.py:153} INFO - Started process (PID=6409) to work on /media/prempeh/Nouveau nom/MASTER2/DATA ENGINEERING/airflow/py_env/lib/python3.10/site-packages/airflow/example_dags/example_task_group_decorator.py
[2023-01-14T20:52:54.332+0000] {processor.py:743} INFO - Processing file /media/prempeh/Nouveau nom/MASTER2/DATA ENGINEERING/airflow/py_env/lib/python3.10/site-packages/airflow/example_dags/example_task_group_decorator.py for tasks to queue
[2023-01-14T20:52:54.338+0000] {logging_mixin.py:137} INFO - [2023-01-14T20:52:54.338+0000] {dagbag.py:538} INFO - Filling up the DagBag from /media/prempeh/Nouveau nom/MASTER2/DATA ENGINEERING/airflow/py_env/lib/python3.10/site-packages/airflow/example_dags/example_task_group_decorator.py
[2023-01-14T20:52:54.537+0000] {processor.py:753} INFO - DAG(s) dict_keys(['example_task_group_decorator']) retrieved from /media/prempeh/Nouveau nom/MASTER2/DATA ENGINEERING/airflow/py_env/lib/python3.10/site-packages/airflow/example_dags/example_task_group_decorator.py
[2023-01-14T20:52:55.246+0000] {logging_mixin.py:137} INFO - [2023-01-14T20:52:55.245+0000] {manager.py:504} INFO - Created Permission View: can edit on DAG:example_task_group_decorator
[2023-01-14T20:52:55.278+0000] {logging_mixin.py:137} INFO - [2023-01-14T20:52:55.277+0000] {manager.py:504} INFO - Created Permission View: can delete on DAG:example_task_group_decorator
[2023-01-14T20:52:55.304+0000] {logging_mixin.py:137} INFO - [2023-01-14T20:52:55.303+0000] {manager.py:504} INFO - Created Permission View: can read on DAG:example_task_group_decorator
[2023-01-14T20:52:55.305+0000] {logging_mixin.py:137} INFO - [2023-01-14T20:52:55.305+0000] {dag.py:2676} INFO - Sync 1 DAGs
[2023-01-14T20:52:55.338+0000] {logging_mixin.py:137} INFO - [2023-01-14T20:52:55.337+0000] {dag.py:2697} INFO - Creating ORM DAG for example_task_group_decorator
[2023-01-14T20:52:55.374+0000] {logging_mixin.py:137} INFO - [2023-01-14T20:52:55.373+0000] {dag.py:3423} INFO - Setting next_dagrun for example_task_group_decorator to 2023-01-13T20:52:55.371778+00:00, run_after=2023-01-14T20:52:55.371778+00:00
[2023-01-14T20:52:55.470+0000] {processor.py:175} INFO - Processing /media/prempeh/Nouveau nom/MASTER2/DATA ENGINEERING/airflow/py_env/lib/python3.10/site-packages/airflow/example_dags/example_task_group_decorator.py took 1.154 seconds
[2023-01-14T20:54:08.205+0000] {processor.py:153} INFO - Started process (PID=6714) to work on /media/prempeh/Nouveau nom/MASTER2/DATA ENGINEERING/airflow/py_env/lib/python3.10/site-packages/airflow/example_dags/example_task_group_decorator.py
[2023-01-14T20:54:08.208+0000] {processor.py:743} INFO - Processing file /media/prempeh/Nouveau nom/MASTER2/DATA ENGINEERING/airflow/py_env/lib/python3.10/site-packages/airflow/example_dags/example_task_group_decorator.py for tasks to queue
[2023-01-14T20:54:08.213+0000] {logging_mixin.py:137} INFO - [2023-01-14T20:54:08.212+0000] {dagbag.py:538} INFO - Filling up the DagBag from /media/prempeh/Nouveau nom/MASTER2/DATA ENGINEERING/airflow/py_env/lib/python3.10/site-packages/airflow/example_dags/example_task_group_decorator.py
[2023-01-14T20:54:08.525+0000] {processor.py:753} INFO - DAG(s) dict_keys(['example_task_group_decorator']) retrieved from /media/prempeh/Nouveau nom/MASTER2/DATA ENGINEERING/airflow/py_env/lib/python3.10/site-packages/airflow/example_dags/example_task_group_decorator.py
[2023-01-14T20:54:08.763+0000] {logging_mixin.py:137} INFO - [2023-01-14T20:54:08.762+0000] {dag.py:2676} INFO - Sync 1 DAGs
[2023-01-14T20:54:08.856+0000] {logging_mixin.py:137} INFO - [2023-01-14T20:54:08.856+0000] {dag.py:3423} INFO - Setting next_dagrun for example_task_group_decorator to 2023-01-13T20:54:08.855313+00:00, run_after=2023-01-14T20:54:08.855313+00:00
[2023-01-14T20:54:08.956+0000] {processor.py:175} INFO - Processing /media/prempeh/Nouveau nom/MASTER2/DATA ENGINEERING/airflow/py_env/lib/python3.10/site-packages/airflow/example_dags/example_task_group_decorator.py took 0.760 seconds
[2023-01-14T20:55:08.470+0000] {processor.py:153} INFO - Started process (PID=6752) to work on /media/prempeh/Nouveau nom/MASTER2/DATA ENGINEERING/airflow/py_env/lib/python3.10/site-packages/airflow/example_dags/example_task_group_decorator.py
[2023-01-14T20:55:08.473+0000] {processor.py:743} INFO - Processing file /media/prempeh/Nouveau nom/MASTER2/DATA ENGINEERING/airflow/py_env/lib/python3.10/site-packages/airflow/example_dags/example_task_group_decorator.py for tasks to queue
[2023-01-14T20:55:08.481+0000] {logging_mixin.py:137} INFO - [2023-01-14T20:55:08.481+0000] {dagbag.py:538} INFO - Filling up the DagBag from /media/prempeh/Nouveau nom/MASTER2/DATA ENGINEERING/airflow/py_env/lib/python3.10/site-packages/airflow/example_dags/example_task_group_decorator.py
[2023-01-14T20:55:08.719+0000] {processor.py:753} INFO - DAG(s) dict_keys(['example_task_group_decorator']) retrieved from /media/prempeh/Nouveau nom/MASTER2/DATA ENGINEERING/airflow/py_env/lib/python3.10/site-packages/airflow/example_dags/example_task_group_decorator.py
[2023-01-14T20:55:08.894+0000] {logging_mixin.py:137} INFO - [2023-01-14T20:55:08.893+0000] {dag.py:2676} INFO - Sync 1 DAGs
[2023-01-14T20:55:08.974+0000] {logging_mixin.py:137} INFO - [2023-01-14T20:55:08.973+0000] {dag.py:3423} INFO - Setting next_dagrun for example_task_group_decorator to 2023-01-13T20:55:08.972449+00:00, run_after=2023-01-14T20:55:08.972449+00:00
[2023-01-14T20:55:09.055+0000] {processor.py:175} INFO - Processing /media/prempeh/Nouveau nom/MASTER2/DATA ENGINEERING/airflow/py_env/lib/python3.10/site-packages/airflow/example_dags/example_task_group_decorator.py took 0.595 seconds
[2023-01-14T20:56:07.434+0000] {processor.py:153} INFO - Started process (PID=6858) to work on /media/prempeh/Nouveau nom/MASTER2/DATA ENGINEERING/airflow/py_env/lib/python3.10/site-packages/airflow/example_dags/example_task_group_decorator.py
[2023-01-14T20:56:07.437+0000] {processor.py:743} INFO - Processing file /media/prempeh/Nouveau nom/MASTER2/DATA ENGINEERING/airflow/py_env/lib/python3.10/site-packages/airflow/example_dags/example_task_group_decorator.py for tasks to queue
[2023-01-14T20:56:07.441+0000] {logging_mixin.py:137} INFO - [2023-01-14T20:56:07.441+0000] {dagbag.py:538} INFO - Filling up the DagBag from /media/prempeh/Nouveau nom/MASTER2/DATA ENGINEERING/airflow/py_env/lib/python3.10/site-packages/airflow/example_dags/example_task_group_decorator.py
[2023-01-14T20:56:07.635+0000] {processor.py:753} INFO - DAG(s) dict_keys(['example_task_group_decorator']) retrieved from /media/prempeh/Nouveau nom/MASTER2/DATA ENGINEERING/airflow/py_env/lib/python3.10/site-packages/airflow/example_dags/example_task_group_decorator.py
[2023-01-14T20:56:07.813+0000] {logging_mixin.py:137} INFO - [2023-01-14T20:56:07.812+0000] {dag.py:2676} INFO - Sync 1 DAGs
[2023-01-14T20:56:07.921+0000] {logging_mixin.py:137} INFO - [2023-01-14T20:56:07.920+0000] {dag.py:3423} INFO - Setting next_dagrun for example_task_group_decorator to 2023-01-13T20:56:07.919975+00:00, run_after=2023-01-14T20:56:07.919975+00:00
[2023-01-14T20:56:08.046+0000] {processor.py:175} INFO - Processing /media/prempeh/Nouveau nom/MASTER2/DATA ENGINEERING/airflow/py_env/lib/python3.10/site-packages/airflow/example_dags/example_task_group_decorator.py took 0.622 seconds
[2023-01-14T20:57:09.068+0000] {processor.py:153} INFO - Started process (PID=7034) to work on /media/prempeh/Nouveau nom/MASTER2/DATA ENGINEERING/airflow/py_env/lib/python3.10/site-packages/airflow/example_dags/example_task_group_decorator.py
[2023-01-14T20:57:09.072+0000] {processor.py:743} INFO - Processing file /media/prempeh/Nouveau nom/MASTER2/DATA ENGINEERING/airflow/py_env/lib/python3.10/site-packages/airflow/example_dags/example_task_group_decorator.py for tasks to queue
[2023-01-14T20:57:09.077+0000] {logging_mixin.py:137} INFO - [2023-01-14T20:57:09.077+0000] {dagbag.py:538} INFO - Filling up the DagBag from /media/prempeh/Nouveau nom/MASTER2/DATA ENGINEERING/airflow/py_env/lib/python3.10/site-packages/airflow/example_dags/example_task_group_decorator.py
[2023-01-14T20:57:09.306+0000] {processor.py:753} INFO - DAG(s) dict_keys(['example_task_group_decorator']) retrieved from /media/prempeh/Nouveau nom/MASTER2/DATA ENGINEERING/airflow/py_env/lib/python3.10/site-packages/airflow/example_dags/example_task_group_decorator.py
[2023-01-14T20:57:09.483+0000] {logging_mixin.py:137} INFO - [2023-01-14T20:57:09.483+0000] {dag.py:2676} INFO - Sync 1 DAGs
[2023-01-14T20:57:09.568+0000] {logging_mixin.py:137} INFO - [2023-01-14T20:57:09.567+0000] {dag.py:3423} INFO - Setting next_dagrun for example_task_group_decorator to 2023-01-13T20:57:09.566634+00:00, run_after=2023-01-14T20:57:09.566634+00:00
[2023-01-14T20:57:09.652+0000] {processor.py:175} INFO - Processing /media/prempeh/Nouveau nom/MASTER2/DATA ENGINEERING/airflow/py_env/lib/python3.10/site-packages/airflow/example_dags/example_task_group_decorator.py took 0.596 seconds
[2023-01-14T20:58:06.309+0000] {processor.py:153} INFO - Started process (PID=7114) to work on /media/prempeh/Nouveau nom/MASTER2/DATA ENGINEERING/airflow/py_env/lib/python3.10/site-packages/airflow/example_dags/example_task_group_decorator.py
[2023-01-14T20:58:06.312+0000] {processor.py:743} INFO - Processing file /media/prempeh/Nouveau nom/MASTER2/DATA ENGINEERING/airflow/py_env/lib/python3.10/site-packages/airflow/example_dags/example_task_group_decorator.py for tasks to queue
[2023-01-14T20:58:06.317+0000] {logging_mixin.py:137} INFO - [2023-01-14T20:58:06.316+0000] {dagbag.py:538} INFO - Filling up the DagBag from /media/prempeh/Nouveau nom/MASTER2/DATA ENGINEERING/airflow/py_env/lib/python3.10/site-packages/airflow/example_dags/example_task_group_decorator.py
[2023-01-14T20:58:06.532+0000] {processor.py:753} INFO - DAG(s) dict_keys(['example_task_group_decorator']) retrieved from /media/prempeh/Nouveau nom/MASTER2/DATA ENGINEERING/airflow/py_env/lib/python3.10/site-packages/airflow/example_dags/example_task_group_decorator.py
[2023-01-14T20:58:06.690+0000] {logging_mixin.py:137} INFO - [2023-01-14T20:58:06.690+0000] {dag.py:2676} INFO - Sync 1 DAGs
[2023-01-14T20:58:06.756+0000] {logging_mixin.py:137} INFO - [2023-01-14T20:58:06.756+0000] {dag.py:3423} INFO - Setting next_dagrun for example_task_group_decorator to 2023-01-13T20:58:06.754640+00:00, run_after=2023-01-14T20:58:06.754640+00:00
[2023-01-14T20:58:06.827+0000] {processor.py:175} INFO - Processing /media/prempeh/Nouveau nom/MASTER2/DATA ENGINEERING/airflow/py_env/lib/python3.10/site-packages/airflow/example_dags/example_task_group_decorator.py took 0.526 seconds
[2023-01-14T20:59:01.975+0000] {processor.py:153} INFO - Started process (PID=7154) to work on /media/prempeh/Nouveau nom/MASTER2/DATA ENGINEERING/airflow/py_env/lib/python3.10/site-packages/airflow/example_dags/example_task_group_decorator.py
[2023-01-14T20:59:01.978+0000] {processor.py:743} INFO - Processing file /media/prempeh/Nouveau nom/MASTER2/DATA ENGINEERING/airflow/py_env/lib/python3.10/site-packages/airflow/example_dags/example_task_group_decorator.py for tasks to queue
[2023-01-14T20:59:01.985+0000] {logging_mixin.py:137} INFO - [2023-01-14T20:59:01.985+0000] {dagbag.py:538} INFO - Filling up the DagBag from /media/prempeh/Nouveau nom/MASTER2/DATA ENGINEERING/airflow/py_env/lib/python3.10/site-packages/airflow/example_dags/example_task_group_decorator.py
[2023-01-14T20:59:02.172+0000] {processor.py:753} INFO - DAG(s) dict_keys(['example_task_group_decorator']) retrieved from /media/prempeh/Nouveau nom/MASTER2/DATA ENGINEERING/airflow/py_env/lib/python3.10/site-packages/airflow/example_dags/example_task_group_decorator.py
[2023-01-14T20:59:02.321+0000] {logging_mixin.py:137} INFO - [2023-01-14T20:59:02.320+0000] {dag.py:2676} INFO - Sync 1 DAGs
[2023-01-14T20:59:02.382+0000] {logging_mixin.py:137} INFO - [2023-01-14T20:59:02.381+0000] {dag.py:3423} INFO - Setting next_dagrun for example_task_group_decorator to 2023-01-13T20:59:02.381249+00:00, run_after=2023-01-14T20:59:02.381249+00:00
[2023-01-14T20:59:02.457+0000] {processor.py:175} INFO - Processing /media/prempeh/Nouveau nom/MASTER2/DATA ENGINEERING/airflow/py_env/lib/python3.10/site-packages/airflow/example_dags/example_task_group_decorator.py took 0.492 seconds
[2023-01-14T20:59:49.407+0000] {processor.py:153} INFO - Started process (PID=7224) to work on /media/prempeh/Nouveau nom/MASTER2/DATA ENGINEERING/airflow/py_env/lib/python3.10/site-packages/airflow/example_dags/example_task_group_decorator.py
[2023-01-14T20:59:49.410+0000] {processor.py:743} INFO - Processing file /media/prempeh/Nouveau nom/MASTER2/DATA ENGINEERING/airflow/py_env/lib/python3.10/site-packages/airflow/example_dags/example_task_group_decorator.py for tasks to queue
[2023-01-14T20:59:49.414+0000] {logging_mixin.py:137} INFO - [2023-01-14T20:59:49.413+0000] {dagbag.py:538} INFO - Filling up the DagBag from /media/prempeh/Nouveau nom/MASTER2/DATA ENGINEERING/airflow/py_env/lib/python3.10/site-packages/airflow/example_dags/example_task_group_decorator.py
[2023-01-14T20:59:49.629+0000] {processor.py:753} INFO - DAG(s) dict_keys(['example_task_group_decorator']) retrieved from /media/prempeh/Nouveau nom/MASTER2/DATA ENGINEERING/airflow/py_env/lib/python3.10/site-packages/airflow/example_dags/example_task_group_decorator.py
[2023-01-14T20:59:49.785+0000] {logging_mixin.py:137} INFO - [2023-01-14T20:59:49.785+0000] {dag.py:2676} INFO - Sync 1 DAGs
[2023-01-14T20:59:49.856+0000] {logging_mixin.py:137} INFO - [2023-01-14T20:59:49.856+0000] {dag.py:3423} INFO - Setting next_dagrun for example_task_group_decorator to 2023-01-13T20:59:49.855286+00:00, run_after=2023-01-14T20:59:49.855286+00:00
[2023-01-14T20:59:49.935+0000] {processor.py:175} INFO - Processing /media/prempeh/Nouveau nom/MASTER2/DATA ENGINEERING/airflow/py_env/lib/python3.10/site-packages/airflow/example_dags/example_task_group_decorator.py took 0.537 seconds
[2023-01-14T21:00:45.893+0000] {processor.py:153} INFO - Started process (PID=7274) to work on /media/prempeh/Nouveau nom/MASTER2/DATA ENGINEERING/airflow/py_env/lib/python3.10/site-packages/airflow/example_dags/example_task_group_decorator.py
[2023-01-14T21:00:45.897+0000] {processor.py:743} INFO - Processing file /media/prempeh/Nouveau nom/MASTER2/DATA ENGINEERING/airflow/py_env/lib/python3.10/site-packages/airflow/example_dags/example_task_group_decorator.py for tasks to queue
[2023-01-14T21:00:45.905+0000] {logging_mixin.py:137} INFO - [2023-01-14T21:00:45.904+0000] {dagbag.py:538} INFO - Filling up the DagBag from /media/prempeh/Nouveau nom/MASTER2/DATA ENGINEERING/airflow/py_env/lib/python3.10/site-packages/airflow/example_dags/example_task_group_decorator.py
[2023-01-14T21:00:46.094+0000] {processor.py:753} INFO - DAG(s) dict_keys(['example_task_group_decorator']) retrieved from /media/prempeh/Nouveau nom/MASTER2/DATA ENGINEERING/airflow/py_env/lib/python3.10/site-packages/airflow/example_dags/example_task_group_decorator.py
[2023-01-14T21:00:46.243+0000] {logging_mixin.py:137} INFO - [2023-01-14T21:00:46.242+0000] {dag.py:2676} INFO - Sync 1 DAGs
[2023-01-14T21:00:46.305+0000] {logging_mixin.py:137} INFO - [2023-01-14T21:00:46.305+0000] {dag.py:3423} INFO - Setting next_dagrun for example_task_group_decorator to 2023-01-13T21:00:46.304687+00:00, run_after=2023-01-14T21:00:46.304687+00:00
[2023-01-14T21:00:46.383+0000] {processor.py:175} INFO - Processing /media/prempeh/Nouveau nom/MASTER2/DATA ENGINEERING/airflow/py_env/lib/python3.10/site-packages/airflow/example_dags/example_task_group_decorator.py took 0.500 seconds
[2023-01-14T21:01:40.597+0000] {processor.py:153} INFO - Started process (PID=7319) to work on /media/prempeh/Nouveau nom/MASTER2/DATA ENGINEERING/airflow/py_env/lib/python3.10/site-packages/airflow/example_dags/example_task_group_decorator.py
[2023-01-14T21:01:40.600+0000] {processor.py:743} INFO - Processing file /media/prempeh/Nouveau nom/MASTER2/DATA ENGINEERING/airflow/py_env/lib/python3.10/site-packages/airflow/example_dags/example_task_group_decorator.py for tasks to queue
[2023-01-14T21:01:40.604+0000] {logging_mixin.py:137} INFO - [2023-01-14T21:01:40.604+0000] {dagbag.py:538} INFO - Filling up the DagBag from /media/prempeh/Nouveau nom/MASTER2/DATA ENGINEERING/airflow/py_env/lib/python3.10/site-packages/airflow/example_dags/example_task_group_decorator.py
[2023-01-14T21:01:40.794+0000] {processor.py:753} INFO - DAG(s) dict_keys(['example_task_group_decorator']) retrieved from /media/prempeh/Nouveau nom/MASTER2/DATA ENGINEERING/airflow/py_env/lib/python3.10/site-packages/airflow/example_dags/example_task_group_decorator.py
[2023-01-14T21:01:40.938+0000] {logging_mixin.py:137} INFO - [2023-01-14T21:01:40.937+0000] {dag.py:2676} INFO - Sync 1 DAGs
[2023-01-14T21:01:41.005+0000] {logging_mixin.py:137} INFO - [2023-01-14T21:01:41.004+0000] {dag.py:3423} INFO - Setting next_dagrun for example_task_group_decorator to 2023-01-13T21:01:41.004100+00:00, run_after=2023-01-14T21:01:41.004100+00:00
[2023-01-14T21:01:41.077+0000] {processor.py:175} INFO - Processing /media/prempeh/Nouveau nom/MASTER2/DATA ENGINEERING/airflow/py_env/lib/python3.10/site-packages/airflow/example_dags/example_task_group_decorator.py took 0.489 seconds
[2023-01-14T21:02:33.719+0000] {processor.py:153} INFO - Started process (PID=7386) to work on /media/prempeh/Nouveau nom/MASTER2/DATA ENGINEERING/airflow/py_env/lib/python3.10/site-packages/airflow/example_dags/example_task_group_decorator.py
[2023-01-14T21:02:33.721+0000] {processor.py:743} INFO - Processing file /media/prempeh/Nouveau nom/MASTER2/DATA ENGINEERING/airflow/py_env/lib/python3.10/site-packages/airflow/example_dags/example_task_group_decorator.py for tasks to queue
[2023-01-14T21:02:33.725+0000] {logging_mixin.py:137} INFO - [2023-01-14T21:02:33.725+0000] {dagbag.py:538} INFO - Filling up the DagBag from /media/prempeh/Nouveau nom/MASTER2/DATA ENGINEERING/airflow/py_env/lib/python3.10/site-packages/airflow/example_dags/example_task_group_decorator.py
[2023-01-14T21:02:33.927+0000] {processor.py:753} INFO - DAG(s) dict_keys(['example_task_group_decorator']) retrieved from /media/prempeh/Nouveau nom/MASTER2/DATA ENGINEERING/airflow/py_env/lib/python3.10/site-packages/airflow/example_dags/example_task_group_decorator.py
[2023-01-14T21:02:34.066+0000] {logging_mixin.py:137} INFO - [2023-01-14T21:02:34.065+0000] {dag.py:2676} INFO - Sync 1 DAGs
[2023-01-14T21:02:34.130+0000] {logging_mixin.py:137} INFO - [2023-01-14T21:02:34.129+0000] {dag.py:3423} INFO - Setting next_dagrun for example_task_group_decorator to 2023-01-13T21:02:34.129030+00:00, run_after=2023-01-14T21:02:34.129030+00:00
[2023-01-14T21:02:34.203+0000] {processor.py:175} INFO - Processing /media/prempeh/Nouveau nom/MASTER2/DATA ENGINEERING/airflow/py_env/lib/python3.10/site-packages/airflow/example_dags/example_task_group_decorator.py took 0.493 seconds
[2023-01-14T21:03:23.259+0000] {processor.py:153} INFO - Started process (PID=7429) to work on /media/prempeh/Nouveau nom/MASTER2/DATA ENGINEERING/airflow/py_env/lib/python3.10/site-packages/airflow/example_dags/example_task_group_decorator.py
[2023-01-14T21:03:23.262+0000] {processor.py:743} INFO - Processing file /media/prempeh/Nouveau nom/MASTER2/DATA ENGINEERING/airflow/py_env/lib/python3.10/site-packages/airflow/example_dags/example_task_group_decorator.py for tasks to queue
[2023-01-14T21:03:23.266+0000] {logging_mixin.py:137} INFO - [2023-01-14T21:03:23.266+0000] {dagbag.py:538} INFO - Filling up the DagBag from /media/prempeh/Nouveau nom/MASTER2/DATA ENGINEERING/airflow/py_env/lib/python3.10/site-packages/airflow/example_dags/example_task_group_decorator.py
[2023-01-14T21:03:23.459+0000] {processor.py:753} INFO - DAG(s) dict_keys(['example_task_group_decorator']) retrieved from /media/prempeh/Nouveau nom/MASTER2/DATA ENGINEERING/airflow/py_env/lib/python3.10/site-packages/airflow/example_dags/example_task_group_decorator.py
[2023-01-14T21:03:23.611+0000] {logging_mixin.py:137} INFO - [2023-01-14T21:03:23.611+0000] {dag.py:2676} INFO - Sync 1 DAGs
[2023-01-14T21:03:23.671+0000] {logging_mixin.py:137} INFO - [2023-01-14T21:03:23.671+0000] {dag.py:3423} INFO - Setting next_dagrun for example_task_group_decorator to 2023-01-13T21:03:23.670735+00:00, run_after=2023-01-14T21:03:23.670735+00:00
[2023-01-14T21:03:23.742+0000] {processor.py:175} INFO - Processing /media/prempeh/Nouveau nom/MASTER2/DATA ENGINEERING/airflow/py_env/lib/python3.10/site-packages/airflow/example_dags/example_task_group_decorator.py took 0.491 seconds
[2023-01-14T21:04:29.548+0000] {processor.py:153} INFO - Started process (PID=7498) to work on /media/prempeh/Nouveau nom/MASTER2/DATA ENGINEERING/airflow/py_env/lib/python3.10/site-packages/airflow/example_dags/example_task_group_decorator.py
[2023-01-14T21:04:29.551+0000] {processor.py:743} INFO - Processing file /media/prempeh/Nouveau nom/MASTER2/DATA ENGINEERING/airflow/py_env/lib/python3.10/site-packages/airflow/example_dags/example_task_group_decorator.py for tasks to queue
[2023-01-14T21:04:29.555+0000] {logging_mixin.py:137} INFO - [2023-01-14T21:04:29.555+0000] {dagbag.py:538} INFO - Filling up the DagBag from /media/prempeh/Nouveau nom/MASTER2/DATA ENGINEERING/airflow/py_env/lib/python3.10/site-packages/airflow/example_dags/example_task_group_decorator.py
[2023-01-14T21:04:29.766+0000] {processor.py:753} INFO - DAG(s) dict_keys(['example_task_group_decorator']) retrieved from /media/prempeh/Nouveau nom/MASTER2/DATA ENGINEERING/airflow/py_env/lib/python3.10/site-packages/airflow/example_dags/example_task_group_decorator.py
[2023-01-14T21:04:29.894+0000] {logging_mixin.py:137} INFO - [2023-01-14T21:04:29.893+0000] {dag.py:2676} INFO - Sync 1 DAGs
[2023-01-14T21:04:29.954+0000] {logging_mixin.py:137} INFO - [2023-01-14T21:04:29.953+0000] {dag.py:3423} INFO - Setting next_dagrun for example_task_group_decorator to 2023-01-13T21:04:29.953068+00:00, run_after=2023-01-14T21:04:29.953068+00:00
[2023-01-14T21:04:30.023+0000] {processor.py:175} INFO - Processing /media/prempeh/Nouveau nom/MASTER2/DATA ENGINEERING/airflow/py_env/lib/python3.10/site-packages/airflow/example_dags/example_task_group_decorator.py took 0.483 seconds
[2023-01-14T21:05:27.262+0000] {processor.py:153} INFO - Started process (PID=7548) to work on /media/prempeh/Nouveau nom/MASTER2/DATA ENGINEERING/airflow/py_env/lib/python3.10/site-packages/airflow/example_dags/example_task_group_decorator.py
[2023-01-14T21:05:27.265+0000] {processor.py:743} INFO - Processing file /media/prempeh/Nouveau nom/MASTER2/DATA ENGINEERING/airflow/py_env/lib/python3.10/site-packages/airflow/example_dags/example_task_group_decorator.py for tasks to queue
[2023-01-14T21:05:27.270+0000] {logging_mixin.py:137} INFO - [2023-01-14T21:05:27.269+0000] {dagbag.py:538} INFO - Filling up the DagBag from /media/prempeh/Nouveau nom/MASTER2/DATA ENGINEERING/airflow/py_env/lib/python3.10/site-packages/airflow/example_dags/example_task_group_decorator.py
[2023-01-14T21:05:27.467+0000] {processor.py:753} INFO - DAG(s) dict_keys(['example_task_group_decorator']) retrieved from /media/prempeh/Nouveau nom/MASTER2/DATA ENGINEERING/airflow/py_env/lib/python3.10/site-packages/airflow/example_dags/example_task_group_decorator.py
[2023-01-14T21:05:27.603+0000] {logging_mixin.py:137} INFO - [2023-01-14T21:05:27.602+0000] {dag.py:2676} INFO - Sync 1 DAGs
[2023-01-14T21:05:27.665+0000] {logging_mixin.py:137} INFO - [2023-01-14T21:05:27.665+0000] {dag.py:3423} INFO - Setting next_dagrun for example_task_group_decorator to 2023-01-13T21:05:27.664549+00:00, run_after=2023-01-14T21:05:27.664549+00:00
[2023-01-14T21:05:27.735+0000] {processor.py:175} INFO - Processing /media/prempeh/Nouveau nom/MASTER2/DATA ENGINEERING/airflow/py_env/lib/python3.10/site-packages/airflow/example_dags/example_task_group_decorator.py took 0.483 seconds
[2023-01-14T21:06:33.930+0000] {processor.py:153} INFO - Started process (PID=7737) to work on /media/prempeh/Nouveau nom/MASTER2/DATA ENGINEERING/airflow/py_env/lib/python3.10/site-packages/airflow/example_dags/example_task_group_decorator.py
[2023-01-14T21:06:33.934+0000] {processor.py:743} INFO - Processing file /media/prempeh/Nouveau nom/MASTER2/DATA ENGINEERING/airflow/py_env/lib/python3.10/site-packages/airflow/example_dags/example_task_group_decorator.py for tasks to queue
[2023-01-14T21:06:33.941+0000] {logging_mixin.py:137} INFO - [2023-01-14T21:06:33.940+0000] {dagbag.py:538} INFO - Filling up the DagBag from /media/prempeh/Nouveau nom/MASTER2/DATA ENGINEERING/airflow/py_env/lib/python3.10/site-packages/airflow/example_dags/example_task_group_decorator.py
[2023-01-14T21:06:34.193+0000] {processor.py:753} INFO - DAG(s) dict_keys(['example_task_group_decorator']) retrieved from /media/prempeh/Nouveau nom/MASTER2/DATA ENGINEERING/airflow/py_env/lib/python3.10/site-packages/airflow/example_dags/example_task_group_decorator.py
[2023-01-14T21:06:34.340+0000] {logging_mixin.py:137} INFO - [2023-01-14T21:06:34.339+0000] {dag.py:2676} INFO - Sync 1 DAGs
[2023-01-14T21:06:34.402+0000] {logging_mixin.py:137} INFO - [2023-01-14T21:06:34.402+0000] {dag.py:3423} INFO - Setting next_dagrun for example_task_group_decorator to 2023-01-13T21:06:34.401458+00:00, run_after=2023-01-14T21:06:34.401458+00:00
[2023-01-14T21:06:34.469+0000] {processor.py:175} INFO - Processing /media/prempeh/Nouveau nom/MASTER2/DATA ENGINEERING/airflow/py_env/lib/python3.10/site-packages/airflow/example_dags/example_task_group_decorator.py took 0.552 seconds
[2023-01-14T21:08:08.609+0000] {processor.py:153} INFO - Started process (PID=8026) to work on /media/prempeh/Nouveau nom/MASTER2/DATA ENGINEERING/airflow/py_env/lib/python3.10/site-packages/airflow/example_dags/example_task_group_decorator.py
[2023-01-14T21:08:08.615+0000] {processor.py:743} INFO - Processing file /media/prempeh/Nouveau nom/MASTER2/DATA ENGINEERING/airflow/py_env/lib/python3.10/site-packages/airflow/example_dags/example_task_group_decorator.py for tasks to queue
[2023-01-14T21:08:08.627+0000] {logging_mixin.py:137} INFO - [2023-01-14T21:08:08.626+0000] {dagbag.py:538} INFO - Filling up the DagBag from /media/prempeh/Nouveau nom/MASTER2/DATA ENGINEERING/airflow/py_env/lib/python3.10/site-packages/airflow/example_dags/example_task_group_decorator.py
[2023-01-14T21:08:08.916+0000] {processor.py:753} INFO - DAG(s) dict_keys(['example_task_group_decorator']) retrieved from /media/prempeh/Nouveau nom/MASTER2/DATA ENGINEERING/airflow/py_env/lib/python3.10/site-packages/airflow/example_dags/example_task_group_decorator.py
[2023-01-14T21:08:09.093+0000] {logging_mixin.py:137} INFO - [2023-01-14T21:08:09.092+0000] {dag.py:2676} INFO - Sync 1 DAGs
[2023-01-14T21:08:09.166+0000] {logging_mixin.py:137} INFO - [2023-01-14T21:08:09.166+0000] {dag.py:3423} INFO - Setting next_dagrun for example_task_group_decorator to 2023-01-13T21:08:09.165555+00:00, run_after=2023-01-14T21:08:09.165555+00:00
[2023-01-14T21:08:09.232+0000] {processor.py:175} INFO - Processing /media/prempeh/Nouveau nom/MASTER2/DATA ENGINEERING/airflow/py_env/lib/python3.10/site-packages/airflow/example_dags/example_task_group_decorator.py took 0.632 seconds
[2023-01-14T21:09:09.428+0000] {processor.py:153} INFO - Started process (PID=8098) to work on /media/prempeh/Nouveau nom/MASTER2/DATA ENGINEERING/airflow/py_env/lib/python3.10/site-packages/airflow/example_dags/example_task_group_decorator.py
[2023-01-14T21:09:09.431+0000] {processor.py:743} INFO - Processing file /media/prempeh/Nouveau nom/MASTER2/DATA ENGINEERING/airflow/py_env/lib/python3.10/site-packages/airflow/example_dags/example_task_group_decorator.py for tasks to queue
[2023-01-14T21:09:09.436+0000] {logging_mixin.py:137} INFO - [2023-01-14T21:09:09.435+0000] {dagbag.py:538} INFO - Filling up the DagBag from /media/prempeh/Nouveau nom/MASTER2/DATA ENGINEERING/airflow/py_env/lib/python3.10/site-packages/airflow/example_dags/example_task_group_decorator.py
[2023-01-14T21:09:09.648+0000] {processor.py:753} INFO - DAG(s) dict_keys(['example_task_group_decorator']) retrieved from /media/prempeh/Nouveau nom/MASTER2/DATA ENGINEERING/airflow/py_env/lib/python3.10/site-packages/airflow/example_dags/example_task_group_decorator.py
[2023-01-14T21:09:09.781+0000] {logging_mixin.py:137} INFO - [2023-01-14T21:09:09.781+0000] {dag.py:2676} INFO - Sync 1 DAGs
[2023-01-14T21:09:09.846+0000] {logging_mixin.py:137} INFO - [2023-01-14T21:09:09.846+0000] {dag.py:3423} INFO - Setting next_dagrun for example_task_group_decorator to 2023-01-13T21:09:09.845804+00:00, run_after=2023-01-14T21:09:09.845804+00:00
[2023-01-14T21:09:09.915+0000] {processor.py:175} INFO - Processing /media/prempeh/Nouveau nom/MASTER2/DATA ENGINEERING/airflow/py_env/lib/python3.10/site-packages/airflow/example_dags/example_task_group_decorator.py took 0.497 seconds
[2023-01-14T21:10:09.761+0000] {processor.py:153} INFO - Started process (PID=8144) to work on /media/prempeh/Nouveau nom/MASTER2/DATA ENGINEERING/airflow/py_env/lib/python3.10/site-packages/airflow/example_dags/example_task_group_decorator.py
[2023-01-14T21:10:09.765+0000] {processor.py:743} INFO - Processing file /media/prempeh/Nouveau nom/MASTER2/DATA ENGINEERING/airflow/py_env/lib/python3.10/site-packages/airflow/example_dags/example_task_group_decorator.py for tasks to queue
[2023-01-14T21:10:09.770+0000] {logging_mixin.py:137} INFO - [2023-01-14T21:10:09.770+0000] {dagbag.py:538} INFO - Filling up the DagBag from /media/prempeh/Nouveau nom/MASTER2/DATA ENGINEERING/airflow/py_env/lib/python3.10/site-packages/airflow/example_dags/example_task_group_decorator.py
[2023-01-14T21:10:09.964+0000] {processor.py:753} INFO - DAG(s) dict_keys(['example_task_group_decorator']) retrieved from /media/prempeh/Nouveau nom/MASTER2/DATA ENGINEERING/airflow/py_env/lib/python3.10/site-packages/airflow/example_dags/example_task_group_decorator.py
[2023-01-14T21:10:10.092+0000] {logging_mixin.py:137} INFO - [2023-01-14T21:10:10.091+0000] {dag.py:2676} INFO - Sync 1 DAGs
[2023-01-14T21:10:10.157+0000] {logging_mixin.py:137} INFO - [2023-01-14T21:10:10.156+0000] {dag.py:3423} INFO - Setting next_dagrun for example_task_group_decorator to 2023-01-13T21:10:10.156161+00:00, run_after=2023-01-14T21:10:10.156161+00:00
[2023-01-14T21:10:10.227+0000] {processor.py:175} INFO - Processing /media/prempeh/Nouveau nom/MASTER2/DATA ENGINEERING/airflow/py_env/lib/python3.10/site-packages/airflow/example_dags/example_task_group_decorator.py took 0.477 seconds
[2023-01-14T21:11:10.982+0000] {processor.py:153} INFO - Started process (PID=8193) to work on /media/prempeh/Nouveau nom/MASTER2/DATA ENGINEERING/airflow/py_env/lib/python3.10/site-packages/airflow/example_dags/example_task_group_decorator.py
[2023-01-14T21:11:10.985+0000] {processor.py:743} INFO - Processing file /media/prempeh/Nouveau nom/MASTER2/DATA ENGINEERING/airflow/py_env/lib/python3.10/site-packages/airflow/example_dags/example_task_group_decorator.py for tasks to queue
[2023-01-14T21:11:10.992+0000] {logging_mixin.py:137} INFO - [2023-01-14T21:11:10.991+0000] {dagbag.py:538} INFO - Filling up the DagBag from /media/prempeh/Nouveau nom/MASTER2/DATA ENGINEERING/airflow/py_env/lib/python3.10/site-packages/airflow/example_dags/example_task_group_decorator.py
[2023-01-14T21:11:11.194+0000] {processor.py:753} INFO - DAG(s) dict_keys(['example_task_group_decorator']) retrieved from /media/prempeh/Nouveau nom/MASTER2/DATA ENGINEERING/airflow/py_env/lib/python3.10/site-packages/airflow/example_dags/example_task_group_decorator.py
[2023-01-14T21:11:11.363+0000] {logging_mixin.py:137} INFO - [2023-01-14T21:11:11.362+0000] {dag.py:2676} INFO - Sync 1 DAGs
[2023-01-14T21:11:11.435+0000] {logging_mixin.py:137} INFO - [2023-01-14T21:11:11.434+0000] {dag.py:3423} INFO - Setting next_dagrun for example_task_group_decorator to 2023-01-13T21:11:11.434144+00:00, run_after=2023-01-14T21:11:11.434144+00:00
[2023-01-14T21:11:11.509+0000] {processor.py:175} INFO - Processing /media/prempeh/Nouveau nom/MASTER2/DATA ENGINEERING/airflow/py_env/lib/python3.10/site-packages/airflow/example_dags/example_task_group_decorator.py took 0.535 seconds
[2023-01-14T21:12:22.530+0000] {processor.py:153} INFO - Started process (PID=8240) to work on /media/prempeh/Nouveau nom/MASTER2/DATA ENGINEERING/airflow/py_env/lib/python3.10/site-packages/airflow/example_dags/example_task_group_decorator.py
[2023-01-14T21:12:22.533+0000] {processor.py:743} INFO - Processing file /media/prempeh/Nouveau nom/MASTER2/DATA ENGINEERING/airflow/py_env/lib/python3.10/site-packages/airflow/example_dags/example_task_group_decorator.py for tasks to queue
[2023-01-14T21:12:22.540+0000] {logging_mixin.py:137} INFO - [2023-01-14T21:12:22.539+0000] {dagbag.py:538} INFO - Filling up the DagBag from /media/prempeh/Nouveau nom/MASTER2/DATA ENGINEERING/airflow/py_env/lib/python3.10/site-packages/airflow/example_dags/example_task_group_decorator.py
[2023-01-14T21:12:22.733+0000] {processor.py:753} INFO - DAG(s) dict_keys(['example_task_group_decorator']) retrieved from /media/prempeh/Nouveau nom/MASTER2/DATA ENGINEERING/airflow/py_env/lib/python3.10/site-packages/airflow/example_dags/example_task_group_decorator.py
[2023-01-14T21:12:22.887+0000] {logging_mixin.py:137} INFO - [2023-01-14T21:12:22.886+0000] {dag.py:2676} INFO - Sync 1 DAGs
[2023-01-14T21:12:22.950+0000] {logging_mixin.py:137} INFO - [2023-01-14T21:12:22.950+0000] {dag.py:3423} INFO - Setting next_dagrun for example_task_group_decorator to 2023-01-13T21:12:22.949796+00:00, run_after=2023-01-14T21:12:22.949796+00:00
[2023-01-14T21:12:23.026+0000] {processor.py:175} INFO - Processing /media/prempeh/Nouveau nom/MASTER2/DATA ENGINEERING/airflow/py_env/lib/python3.10/site-packages/airflow/example_dags/example_task_group_decorator.py took 0.505 seconds
[2023-01-14T21:13:37.435+0000] {processor.py:153} INFO - Started process (PID=8292) to work on /media/prempeh/Nouveau nom/MASTER2/DATA ENGINEERING/airflow/py_env/lib/python3.10/site-packages/airflow/example_dags/example_task_group_decorator.py
[2023-01-14T21:13:37.440+0000] {processor.py:743} INFO - Processing file /media/prempeh/Nouveau nom/MASTER2/DATA ENGINEERING/airflow/py_env/lib/python3.10/site-packages/airflow/example_dags/example_task_group_decorator.py for tasks to queue
[2023-01-14T21:13:37.446+0000] {logging_mixin.py:137} INFO - [2023-01-14T21:13:37.446+0000] {dagbag.py:538} INFO - Filling up the DagBag from /media/prempeh/Nouveau nom/MASTER2/DATA ENGINEERING/airflow/py_env/lib/python3.10/site-packages/airflow/example_dags/example_task_group_decorator.py
[2023-01-14T21:13:37.656+0000] {processor.py:753} INFO - DAG(s) dict_keys(['example_task_group_decorator']) retrieved from /media/prempeh/Nouveau nom/MASTER2/DATA ENGINEERING/airflow/py_env/lib/python3.10/site-packages/airflow/example_dags/example_task_group_decorator.py
[2023-01-14T21:13:37.809+0000] {logging_mixin.py:137} INFO - [2023-01-14T21:13:37.809+0000] {dag.py:2676} INFO - Sync 1 DAGs
[2023-01-14T21:13:37.870+0000] {logging_mixin.py:137} INFO - [2023-01-14T21:13:37.869+0000] {dag.py:3423} INFO - Setting next_dagrun for example_task_group_decorator to 2023-01-13T21:13:37.869319+00:00, run_after=2023-01-14T21:13:37.869319+00:00
[2023-01-14T21:13:37.952+0000] {processor.py:175} INFO - Processing /media/prempeh/Nouveau nom/MASTER2/DATA ENGINEERING/airflow/py_env/lib/python3.10/site-packages/airflow/example_dags/example_task_group_decorator.py took 0.528 seconds
[2023-01-14T21:14:43.927+0000] {processor.py:153} INFO - Started process (PID=8361) to work on /media/prempeh/Nouveau nom/MASTER2/DATA ENGINEERING/airflow/py_env/lib/python3.10/site-packages/airflow/example_dags/example_task_group_decorator.py
[2023-01-14T21:14:43.930+0000] {processor.py:743} INFO - Processing file /media/prempeh/Nouveau nom/MASTER2/DATA ENGINEERING/airflow/py_env/lib/python3.10/site-packages/airflow/example_dags/example_task_group_decorator.py for tasks to queue
[2023-01-14T21:14:43.935+0000] {logging_mixin.py:137} INFO - [2023-01-14T21:14:43.934+0000] {dagbag.py:538} INFO - Filling up the DagBag from /media/prempeh/Nouveau nom/MASTER2/DATA ENGINEERING/airflow/py_env/lib/python3.10/site-packages/airflow/example_dags/example_task_group_decorator.py
[2023-01-14T21:14:44.147+0000] {processor.py:753} INFO - DAG(s) dict_keys(['example_task_group_decorator']) retrieved from /media/prempeh/Nouveau nom/MASTER2/DATA ENGINEERING/airflow/py_env/lib/python3.10/site-packages/airflow/example_dags/example_task_group_decorator.py
[2023-01-14T21:14:44.279+0000] {logging_mixin.py:137} INFO - [2023-01-14T21:14:44.279+0000] {dag.py:2676} INFO - Sync 1 DAGs
[2023-01-14T21:14:44.340+0000] {logging_mixin.py:137} INFO - [2023-01-14T21:14:44.339+0000] {dag.py:3423} INFO - Setting next_dagrun for example_task_group_decorator to 2023-01-13T21:14:44.338917+00:00, run_after=2023-01-14T21:14:44.338917+00:00
[2023-01-14T21:14:44.412+0000] {processor.py:175} INFO - Processing /media/prempeh/Nouveau nom/MASTER2/DATA ENGINEERING/airflow/py_env/lib/python3.10/site-packages/airflow/example_dags/example_task_group_decorator.py took 0.496 seconds
[2023-01-14T21:15:55.748+0000] {processor.py:153} INFO - Started process (PID=8890) to work on /media/prempeh/Nouveau nom/MASTER2/DATA ENGINEERING/airflow/py_env/lib/python3.10/site-packages/airflow/example_dags/example_task_group_decorator.py
[2023-01-14T21:15:55.751+0000] {processor.py:743} INFO - Processing file /media/prempeh/Nouveau nom/MASTER2/DATA ENGINEERING/airflow/py_env/lib/python3.10/site-packages/airflow/example_dags/example_task_group_decorator.py for tasks to queue
[2023-01-14T21:15:55.757+0000] {logging_mixin.py:137} INFO - [2023-01-14T21:15:55.757+0000] {dagbag.py:538} INFO - Filling up the DagBag from /media/prempeh/Nouveau nom/MASTER2/DATA ENGINEERING/airflow/py_env/lib/python3.10/site-packages/airflow/example_dags/example_task_group_decorator.py
[2023-01-14T21:15:56.065+0000] {processor.py:753} INFO - DAG(s) dict_keys(['example_task_group_decorator']) retrieved from /media/prempeh/Nouveau nom/MASTER2/DATA ENGINEERING/airflow/py_env/lib/python3.10/site-packages/airflow/example_dags/example_task_group_decorator.py
[2023-01-14T21:15:56.252+0000] {logging_mixin.py:137} INFO - [2023-01-14T21:15:56.251+0000] {dag.py:2676} INFO - Sync 1 DAGs
[2023-01-14T21:15:56.343+0000] {logging_mixin.py:137} INFO - [2023-01-14T21:15:56.342+0000] {dag.py:3423} INFO - Setting next_dagrun for example_task_group_decorator to 2023-01-13T21:15:56.342364+00:00, run_after=2023-01-14T21:15:56.342364+00:00
[2023-01-14T21:15:56.451+0000] {processor.py:175} INFO - Processing /media/prempeh/Nouveau nom/MASTER2/DATA ENGINEERING/airflow/py_env/lib/python3.10/site-packages/airflow/example_dags/example_task_group_decorator.py took 0.713 seconds
[2023-01-14T21:17:09.149+0000] {processor.py:153} INFO - Started process (PID=9142) to work on /media/prempeh/Nouveau nom/MASTER2/DATA ENGINEERING/airflow/py_env/lib/python3.10/site-packages/airflow/example_dags/example_task_group_decorator.py
[2023-01-14T21:17:09.153+0000] {processor.py:743} INFO - Processing file /media/prempeh/Nouveau nom/MASTER2/DATA ENGINEERING/airflow/py_env/lib/python3.10/site-packages/airflow/example_dags/example_task_group_decorator.py for tasks to queue
[2023-01-14T21:17:09.162+0000] {logging_mixin.py:137} INFO - [2023-01-14T21:17:09.162+0000] {dagbag.py:538} INFO - Filling up the DagBag from /media/prempeh/Nouveau nom/MASTER2/DATA ENGINEERING/airflow/py_env/lib/python3.10/site-packages/airflow/example_dags/example_task_group_decorator.py
[2023-01-14T21:17:09.381+0000] {processor.py:753} INFO - DAG(s) dict_keys(['example_task_group_decorator']) retrieved from /media/prempeh/Nouveau nom/MASTER2/DATA ENGINEERING/airflow/py_env/lib/python3.10/site-packages/airflow/example_dags/example_task_group_decorator.py
[2023-01-14T21:17:09.542+0000] {logging_mixin.py:137} INFO - [2023-01-14T21:17:09.541+0000] {dag.py:2676} INFO - Sync 1 DAGs
[2023-01-14T21:17:09.619+0000] {logging_mixin.py:137} INFO - [2023-01-14T21:17:09.619+0000] {dag.py:3423} INFO - Setting next_dagrun for example_task_group_decorator to 2023-01-13T21:17:09.618063+00:00, run_after=2023-01-14T21:17:09.618063+00:00
[2023-01-14T21:17:09.746+0000] {processor.py:175} INFO - Processing /media/prempeh/Nouveau nom/MASTER2/DATA ENGINEERING/airflow/py_env/lib/python3.10/site-packages/airflow/example_dags/example_task_group_decorator.py took 0.612 seconds
[2023-01-14T21:18:18.833+0000] {processor.py:153} INFO - Started process (PID=9265) to work on /media/prempeh/Nouveau nom/MASTER2/DATA ENGINEERING/airflow/py_env/lib/python3.10/site-packages/airflow/example_dags/example_task_group_decorator.py
[2023-01-14T21:18:18.837+0000] {processor.py:743} INFO - Processing file /media/prempeh/Nouveau nom/MASTER2/DATA ENGINEERING/airflow/py_env/lib/python3.10/site-packages/airflow/example_dags/example_task_group_decorator.py for tasks to queue
[2023-01-14T21:18:18.842+0000] {logging_mixin.py:137} INFO - [2023-01-14T21:18:18.842+0000] {dagbag.py:538} INFO - Filling up the DagBag from /media/prempeh/Nouveau nom/MASTER2/DATA ENGINEERING/airflow/py_env/lib/python3.10/site-packages/airflow/example_dags/example_task_group_decorator.py
[2023-01-14T21:18:19.085+0000] {processor.py:753} INFO - DAG(s) dict_keys(['example_task_group_decorator']) retrieved from /media/prempeh/Nouveau nom/MASTER2/DATA ENGINEERING/airflow/py_env/lib/python3.10/site-packages/airflow/example_dags/example_task_group_decorator.py
[2023-01-14T21:18:19.239+0000] {logging_mixin.py:137} INFO - [2023-01-14T21:18:19.239+0000] {dag.py:2676} INFO - Sync 1 DAGs
[2023-01-14T21:18:19.333+0000] {logging_mixin.py:137} INFO - [2023-01-14T21:18:19.333+0000] {dag.py:3423} INFO - Setting next_dagrun for example_task_group_decorator to 2023-01-13T21:18:19.332430+00:00, run_after=2023-01-14T21:18:19.332430+00:00
[2023-01-14T21:18:19.419+0000] {processor.py:175} INFO - Processing /media/prempeh/Nouveau nom/MASTER2/DATA ENGINEERING/airflow/py_env/lib/python3.10/site-packages/airflow/example_dags/example_task_group_decorator.py took 0.600 seconds
[2023-01-14T21:19:34.700+0000] {processor.py:153} INFO - Started process (PID=9599) to work on /media/prempeh/Nouveau nom/MASTER2/DATA ENGINEERING/airflow/py_env/lib/python3.10/site-packages/airflow/example_dags/example_task_group_decorator.py
[2023-01-14T21:19:34.704+0000] {processor.py:743} INFO - Processing file /media/prempeh/Nouveau nom/MASTER2/DATA ENGINEERING/airflow/py_env/lib/python3.10/site-packages/airflow/example_dags/example_task_group_decorator.py for tasks to queue
[2023-01-14T21:19:34.711+0000] {logging_mixin.py:137} INFO - [2023-01-14T21:19:34.710+0000] {dagbag.py:538} INFO - Filling up the DagBag from /media/prempeh/Nouveau nom/MASTER2/DATA ENGINEERING/airflow/py_env/lib/python3.10/site-packages/airflow/example_dags/example_task_group_decorator.py
[2023-01-14T21:19:34.965+0000] {processor.py:753} INFO - DAG(s) dict_keys(['example_task_group_decorator']) retrieved from /media/prempeh/Nouveau nom/MASTER2/DATA ENGINEERING/airflow/py_env/lib/python3.10/site-packages/airflow/example_dags/example_task_group_decorator.py
[2023-01-14T21:19:35.147+0000] {logging_mixin.py:137} INFO - [2023-01-14T21:19:35.146+0000] {dag.py:2676} INFO - Sync 1 DAGs
[2023-01-14T21:19:35.223+0000] {logging_mixin.py:137} INFO - [2023-01-14T21:19:35.223+0000] {dag.py:3423} INFO - Setting next_dagrun for example_task_group_decorator to 2023-01-13T21:19:35.222383+00:00, run_after=2023-01-14T21:19:35.222383+00:00
[2023-01-14T21:19:35.311+0000] {processor.py:175} INFO - Processing /media/prempeh/Nouveau nom/MASTER2/DATA ENGINEERING/airflow/py_env/lib/python3.10/site-packages/airflow/example_dags/example_task_group_decorator.py took 0.625 seconds
[2023-01-14T21:20:44.197+0000] {processor.py:153} INFO - Started process (PID=9802) to work on /media/prempeh/Nouveau nom/MASTER2/DATA ENGINEERING/airflow/py_env/lib/python3.10/site-packages/airflow/example_dags/example_task_group_decorator.py
[2023-01-14T21:20:44.200+0000] {processor.py:743} INFO - Processing file /media/prempeh/Nouveau nom/MASTER2/DATA ENGINEERING/airflow/py_env/lib/python3.10/site-packages/airflow/example_dags/example_task_group_decorator.py for tasks to queue
[2023-01-14T21:20:44.204+0000] {logging_mixin.py:137} INFO - [2023-01-14T21:20:44.203+0000] {dagbag.py:538} INFO - Filling up the DagBag from /media/prempeh/Nouveau nom/MASTER2/DATA ENGINEERING/airflow/py_env/lib/python3.10/site-packages/airflow/example_dags/example_task_group_decorator.py
[2023-01-14T21:20:44.462+0000] {processor.py:753} INFO - DAG(s) dict_keys(['example_task_group_decorator']) retrieved from /media/prempeh/Nouveau nom/MASTER2/DATA ENGINEERING/airflow/py_env/lib/python3.10/site-packages/airflow/example_dags/example_task_group_decorator.py
[2023-01-14T21:20:44.616+0000] {logging_mixin.py:137} INFO - [2023-01-14T21:20:44.615+0000] {dag.py:2676} INFO - Sync 1 DAGs
[2023-01-14T21:20:44.683+0000] {logging_mixin.py:137} INFO - [2023-01-14T21:20:44.682+0000] {dag.py:3423} INFO - Setting next_dagrun for example_task_group_decorator to 2023-01-13T21:20:44.681886+00:00, run_after=2023-01-14T21:20:44.681886+00:00
[2023-01-14T21:20:44.765+0000] {processor.py:175} INFO - Processing /media/prempeh/Nouveau nom/MASTER2/DATA ENGINEERING/airflow/py_env/lib/python3.10/site-packages/airflow/example_dags/example_task_group_decorator.py took 0.580 seconds
[2023-01-14T21:21:52.486+0000] {processor.py:153} INFO - Started process (PID=9901) to work on /media/prempeh/Nouveau nom/MASTER2/DATA ENGINEERING/airflow/py_env/lib/python3.10/site-packages/airflow/example_dags/example_task_group_decorator.py
[2023-01-14T21:21:52.490+0000] {processor.py:743} INFO - Processing file /media/prempeh/Nouveau nom/MASTER2/DATA ENGINEERING/airflow/py_env/lib/python3.10/site-packages/airflow/example_dags/example_task_group_decorator.py for tasks to queue
[2023-01-14T21:21:52.494+0000] {logging_mixin.py:137} INFO - [2023-01-14T21:21:52.493+0000] {dagbag.py:538} INFO - Filling up the DagBag from /media/prempeh/Nouveau nom/MASTER2/DATA ENGINEERING/airflow/py_env/lib/python3.10/site-packages/airflow/example_dags/example_task_group_decorator.py
[2023-01-14T21:21:52.671+0000] {processor.py:753} INFO - DAG(s) dict_keys(['example_task_group_decorator']) retrieved from /media/prempeh/Nouveau nom/MASTER2/DATA ENGINEERING/airflow/py_env/lib/python3.10/site-packages/airflow/example_dags/example_task_group_decorator.py
[2023-01-14T21:21:52.798+0000] {logging_mixin.py:137} INFO - [2023-01-14T21:21:52.797+0000] {dag.py:2676} INFO - Sync 1 DAGs
[2023-01-14T21:21:52.869+0000] {logging_mixin.py:137} INFO - [2023-01-14T21:21:52.868+0000] {dag.py:3423} INFO - Setting next_dagrun for example_task_group_decorator to 2023-01-13T21:21:52.867837+00:00, run_after=2023-01-14T21:21:52.867837+00:00
[2023-01-14T21:21:52.942+0000] {processor.py:175} INFO - Processing /media/prempeh/Nouveau nom/MASTER2/DATA ENGINEERING/airflow/py_env/lib/python3.10/site-packages/airflow/example_dags/example_task_group_decorator.py took 0.463 seconds
[2023-01-14T21:23:09.437+0000] {processor.py:153} INFO - Started process (PID=10333) to work on /media/prempeh/Nouveau nom/MASTER2/DATA ENGINEERING/airflow/py_env/lib/python3.10/site-packages/airflow/example_dags/example_task_group_decorator.py
[2023-01-14T21:23:09.440+0000] {processor.py:743} INFO - Processing file /media/prempeh/Nouveau nom/MASTER2/DATA ENGINEERING/airflow/py_env/lib/python3.10/site-packages/airflow/example_dags/example_task_group_decorator.py for tasks to queue
[2023-01-14T21:23:09.445+0000] {logging_mixin.py:137} INFO - [2023-01-14T21:23:09.445+0000] {dagbag.py:538} INFO - Filling up the DagBag from /media/prempeh/Nouveau nom/MASTER2/DATA ENGINEERING/airflow/py_env/lib/python3.10/site-packages/airflow/example_dags/example_task_group_decorator.py
[2023-01-14T21:23:09.676+0000] {processor.py:753} INFO - DAG(s) dict_keys(['example_task_group_decorator']) retrieved from /media/prempeh/Nouveau nom/MASTER2/DATA ENGINEERING/airflow/py_env/lib/python3.10/site-packages/airflow/example_dags/example_task_group_decorator.py
[2023-01-14T21:23:09.855+0000] {logging_mixin.py:137} INFO - [2023-01-14T21:23:09.855+0000] {dag.py:2676} INFO - Sync 1 DAGs
[2023-01-14T21:23:09.943+0000] {logging_mixin.py:137} INFO - [2023-01-14T21:23:09.942+0000] {dag.py:3423} INFO - Setting next_dagrun for example_task_group_decorator to 2023-01-13T21:23:09.941836+00:00, run_after=2023-01-14T21:23:09.941836+00:00
[2023-01-14T21:23:10.015+0000] {processor.py:175} INFO - Processing /media/prempeh/Nouveau nom/MASTER2/DATA ENGINEERING/airflow/py_env/lib/python3.10/site-packages/airflow/example_dags/example_task_group_decorator.py took 0.587 seconds
[2023-01-14T21:24:15.088+0000] {processor.py:153} INFO - Started process (PID=10377) to work on /media/prempeh/Nouveau nom/MASTER2/DATA ENGINEERING/airflow/py_env/lib/python3.10/site-packages/airflow/example_dags/example_task_group_decorator.py
[2023-01-14T21:24:15.091+0000] {processor.py:743} INFO - Processing file /media/prempeh/Nouveau nom/MASTER2/DATA ENGINEERING/airflow/py_env/lib/python3.10/site-packages/airflow/example_dags/example_task_group_decorator.py for tasks to queue
[2023-01-14T21:24:15.096+0000] {logging_mixin.py:137} INFO - [2023-01-14T21:24:15.095+0000] {dagbag.py:538} INFO - Filling up the DagBag from /media/prempeh/Nouveau nom/MASTER2/DATA ENGINEERING/airflow/py_env/lib/python3.10/site-packages/airflow/example_dags/example_task_group_decorator.py
[2023-01-14T21:24:15.311+0000] {processor.py:753} INFO - DAG(s) dict_keys(['example_task_group_decorator']) retrieved from /media/prempeh/Nouveau nom/MASTER2/DATA ENGINEERING/airflow/py_env/lib/python3.10/site-packages/airflow/example_dags/example_task_group_decorator.py
[2023-01-14T21:24:15.483+0000] {logging_mixin.py:137} INFO - [2023-01-14T21:24:15.482+0000] {dag.py:2676} INFO - Sync 1 DAGs
[2023-01-14T21:24:15.556+0000] {logging_mixin.py:137} INFO - [2023-01-14T21:24:15.555+0000] {dag.py:3423} INFO - Setting next_dagrun for example_task_group_decorator to 2023-01-13T21:24:15.555289+00:00, run_after=2023-01-14T21:24:15.555289+00:00
[2023-01-14T21:24:15.634+0000] {processor.py:175} INFO - Processing /media/prempeh/Nouveau nom/MASTER2/DATA ENGINEERING/airflow/py_env/lib/python3.10/site-packages/airflow/example_dags/example_task_group_decorator.py took 0.556 seconds
[2023-01-14T21:25:27.095+0000] {processor.py:153} INFO - Started process (PID=10500) to work on /media/prempeh/Nouveau nom/MASTER2/DATA ENGINEERING/airflow/py_env/lib/python3.10/site-packages/airflow/example_dags/example_task_group_decorator.py
[2023-01-14T21:25:27.101+0000] {processor.py:743} INFO - Processing file /media/prempeh/Nouveau nom/MASTER2/DATA ENGINEERING/airflow/py_env/lib/python3.10/site-packages/airflow/example_dags/example_task_group_decorator.py for tasks to queue
[2023-01-14T21:25:27.115+0000] {logging_mixin.py:137} INFO - [2023-01-14T21:25:27.114+0000] {dagbag.py:538} INFO - Filling up the DagBag from /media/prempeh/Nouveau nom/MASTER2/DATA ENGINEERING/airflow/py_env/lib/python3.10/site-packages/airflow/example_dags/example_task_group_decorator.py
[2023-01-14T21:25:27.597+0000] {processor.py:753} INFO - DAG(s) dict_keys(['example_task_group_decorator']) retrieved from /media/prempeh/Nouveau nom/MASTER2/DATA ENGINEERING/airflow/py_env/lib/python3.10/site-packages/airflow/example_dags/example_task_group_decorator.py
[2023-01-14T21:25:27.841+0000] {logging_mixin.py:137} INFO - [2023-01-14T21:25:27.840+0000] {dag.py:2676} INFO - Sync 1 DAGs
[2023-01-14T21:25:27.941+0000] {logging_mixin.py:137} INFO - [2023-01-14T21:25:27.940+0000] {dag.py:3423} INFO - Setting next_dagrun for example_task_group_decorator to 2023-01-13T21:25:27.939848+00:00, run_after=2023-01-14T21:25:27.939848+00:00
[2023-01-14T21:25:28.023+0000] {processor.py:175} INFO - Processing /media/prempeh/Nouveau nom/MASTER2/DATA ENGINEERING/airflow/py_env/lib/python3.10/site-packages/airflow/example_dags/example_task_group_decorator.py took 0.950 seconds
[2023-01-14T21:26:37.974+0000] {processor.py:153} INFO - Started process (PID=10677) to work on /media/prempeh/Nouveau nom/MASTER2/DATA ENGINEERING/airflow/py_env/lib/python3.10/site-packages/airflow/example_dags/example_task_group_decorator.py
[2023-01-14T21:26:37.976+0000] {processor.py:743} INFO - Processing file /media/prempeh/Nouveau nom/MASTER2/DATA ENGINEERING/airflow/py_env/lib/python3.10/site-packages/airflow/example_dags/example_task_group_decorator.py for tasks to queue
[2023-01-14T21:26:37.980+0000] {logging_mixin.py:137} INFO - [2023-01-14T21:26:37.980+0000] {dagbag.py:538} INFO - Filling up the DagBag from /media/prempeh/Nouveau nom/MASTER2/DATA ENGINEERING/airflow/py_env/lib/python3.10/site-packages/airflow/example_dags/example_task_group_decorator.py
[2023-01-14T21:26:38.180+0000] {processor.py:753} INFO - DAG(s) dict_keys(['example_task_group_decorator']) retrieved from /media/prempeh/Nouveau nom/MASTER2/DATA ENGINEERING/airflow/py_env/lib/python3.10/site-packages/airflow/example_dags/example_task_group_decorator.py
[2023-01-14T21:26:38.312+0000] {logging_mixin.py:137} INFO - [2023-01-14T21:26:38.312+0000] {dag.py:2676} INFO - Sync 1 DAGs
[2023-01-14T21:26:38.373+0000] {logging_mixin.py:137} INFO - [2023-01-14T21:26:38.372+0000] {dag.py:3423} INFO - Setting next_dagrun for example_task_group_decorator to 2023-01-13T21:26:38.372217+00:00, run_after=2023-01-14T21:26:38.372217+00:00
[2023-01-14T21:26:38.440+0000] {processor.py:175} INFO - Processing /media/prempeh/Nouveau nom/MASTER2/DATA ENGINEERING/airflow/py_env/lib/python3.10/site-packages/airflow/example_dags/example_task_group_decorator.py took 0.475 seconds
