[2023-01-14T20:53:42.842+0000] {processor.py:153} INFO - Started process (PID=6693) to work on /media/prempeh/Nouveau nom/MASTER2/DATA ENGINEERING/airflow/py_env/lib/python3.10/site-packages/airflow/example_dags/example_branch_labels.py
[2023-01-14T20:53:42.844+0000] {processor.py:743} INFO - Processing file /media/prempeh/Nouveau nom/MASTER2/DATA ENGINEERING/airflow/py_env/lib/python3.10/site-packages/airflow/example_dags/example_branch_labels.py for tasks to queue
[2023-01-14T20:53:42.848+0000] {logging_mixin.py:137} INFO - [2023-01-14T20:53:42.848+0000] {dagbag.py:538} INFO - Filling up the DagBag from /media/prempeh/Nouveau nom/MASTER2/DATA ENGINEERING/airflow/py_env/lib/python3.10/site-packages/airflow/example_dags/example_branch_labels.py
[2023-01-14T20:53:42.983+0000] {processor.py:753} INFO - DAG(s) dict_keys(['example_branch_labels']) retrieved from /media/prempeh/Nouveau nom/MASTER2/DATA ENGINEERING/airflow/py_env/lib/python3.10/site-packages/airflow/example_dags/example_branch_labels.py
[2023-01-14T20:53:43.959+0000] {logging_mixin.py:137} INFO - [2023-01-14T20:53:43.958+0000] {manager.py:504} INFO - Created Permission View: can edit on DAG:example_branch_labels
[2023-01-14T20:53:43.991+0000] {logging_mixin.py:137} INFO - [2023-01-14T20:53:43.990+0000] {manager.py:504} INFO - Created Permission View: can delete on DAG:example_branch_labels
[2023-01-14T20:53:44.017+0000] {logging_mixin.py:137} INFO - [2023-01-14T20:53:44.016+0000] {manager.py:504} INFO - Created Permission View: can read on DAG:example_branch_labels
[2023-01-14T20:53:44.018+0000] {logging_mixin.py:137} INFO - [2023-01-14T20:53:44.018+0000] {dag.py:2676} INFO - Sync 1 DAGs
[2023-01-14T20:53:44.054+0000] {logging_mixin.py:137} INFO - [2023-01-14T20:53:44.054+0000] {dag.py:2697} INFO - Creating ORM DAG for example_branch_labels
[2023-01-14T20:53:44.090+0000] {logging_mixin.py:137} INFO - [2023-01-14T20:53:44.089+0000] {dag.py:3423} INFO - Setting next_dagrun for example_branch_labels to 2023-01-13T00:00:00+00:00, run_after=2023-01-14T00:00:00+00:00
[2023-01-14T20:53:44.148+0000] {processor.py:175} INFO - Processing /media/prempeh/Nouveau nom/MASTER2/DATA ENGINEERING/airflow/py_env/lib/python3.10/site-packages/airflow/example_dags/example_branch_labels.py took 1.315 seconds
[2023-01-14T20:54:52.034+0000] {processor.py:153} INFO - Started process (PID=6742) to work on /media/prempeh/Nouveau nom/MASTER2/DATA ENGINEERING/airflow/py_env/lib/python3.10/site-packages/airflow/example_dags/example_branch_labels.py
[2023-01-14T20:54:52.037+0000] {processor.py:743} INFO - Processing file /media/prempeh/Nouveau nom/MASTER2/DATA ENGINEERING/airflow/py_env/lib/python3.10/site-packages/airflow/example_dags/example_branch_labels.py for tasks to queue
[2023-01-14T20:54:52.041+0000] {logging_mixin.py:137} INFO - [2023-01-14T20:54:52.041+0000] {dagbag.py:538} INFO - Filling up the DagBag from /media/prempeh/Nouveau nom/MASTER2/DATA ENGINEERING/airflow/py_env/lib/python3.10/site-packages/airflow/example_dags/example_branch_labels.py
[2023-01-14T20:54:52.219+0000] {processor.py:753} INFO - DAG(s) dict_keys(['example_branch_labels']) retrieved from /media/prempeh/Nouveau nom/MASTER2/DATA ENGINEERING/airflow/py_env/lib/python3.10/site-packages/airflow/example_dags/example_branch_labels.py
[2023-01-14T20:54:52.454+0000] {logging_mixin.py:137} INFO - [2023-01-14T20:54:52.454+0000] {dag.py:2676} INFO - Sync 1 DAGs
[2023-01-14T20:54:52.533+0000] {logging_mixin.py:137} INFO - [2023-01-14T20:54:52.532+0000] {dag.py:3423} INFO - Setting next_dagrun for example_branch_labels to 2023-01-13T00:00:00+00:00, run_after=2023-01-14T00:00:00+00:00
[2023-01-14T20:54:52.616+0000] {processor.py:175} INFO - Processing /media/prempeh/Nouveau nom/MASTER2/DATA ENGINEERING/airflow/py_env/lib/python3.10/site-packages/airflow/example_dags/example_branch_labels.py took 0.590 seconds
[2023-01-14T20:55:53.269+0000] {processor.py:153} INFO - Started process (PID=6787) to work on /media/prempeh/Nouveau nom/MASTER2/DATA ENGINEERING/airflow/py_env/lib/python3.10/site-packages/airflow/example_dags/example_branch_labels.py
[2023-01-14T20:55:53.271+0000] {processor.py:743} INFO - Processing file /media/prempeh/Nouveau nom/MASTER2/DATA ENGINEERING/airflow/py_env/lib/python3.10/site-packages/airflow/example_dags/example_branch_labels.py for tasks to queue
[2023-01-14T20:55:53.277+0000] {logging_mixin.py:137} INFO - [2023-01-14T20:55:53.277+0000] {dagbag.py:538} INFO - Filling up the DagBag from /media/prempeh/Nouveau nom/MASTER2/DATA ENGINEERING/airflow/py_env/lib/python3.10/site-packages/airflow/example_dags/example_branch_labels.py
[2023-01-14T20:55:53.436+0000] {processor.py:753} INFO - DAG(s) dict_keys(['example_branch_labels']) retrieved from /media/prempeh/Nouveau nom/MASTER2/DATA ENGINEERING/airflow/py_env/lib/python3.10/site-packages/airflow/example_dags/example_branch_labels.py
[2023-01-14T20:55:53.601+0000] {logging_mixin.py:137} INFO - [2023-01-14T20:55:53.600+0000] {dag.py:2676} INFO - Sync 1 DAGs
[2023-01-14T20:55:53.696+0000] {logging_mixin.py:137} INFO - [2023-01-14T20:55:53.695+0000] {dag.py:3423} INFO - Setting next_dagrun for example_branch_labels to 2023-01-13T00:00:00+00:00, run_after=2023-01-14T00:00:00+00:00
[2023-01-14T20:55:53.766+0000] {processor.py:175} INFO - Processing /media/prempeh/Nouveau nom/MASTER2/DATA ENGINEERING/airflow/py_env/lib/python3.10/site-packages/airflow/example_dags/example_branch_labels.py took 0.506 seconds
[2023-01-14T20:56:52.913+0000] {processor.py:153} INFO - Started process (PID=6974) to work on /media/prempeh/Nouveau nom/MASTER2/DATA ENGINEERING/airflow/py_env/lib/python3.10/site-packages/airflow/example_dags/example_branch_labels.py
[2023-01-14T20:56:52.916+0000] {processor.py:743} INFO - Processing file /media/prempeh/Nouveau nom/MASTER2/DATA ENGINEERING/airflow/py_env/lib/python3.10/site-packages/airflow/example_dags/example_branch_labels.py for tasks to queue
[2023-01-14T20:56:52.926+0000] {logging_mixin.py:137} INFO - [2023-01-14T20:56:52.926+0000] {dagbag.py:538} INFO - Filling up the DagBag from /media/prempeh/Nouveau nom/MASTER2/DATA ENGINEERING/airflow/py_env/lib/python3.10/site-packages/airflow/example_dags/example_branch_labels.py
[2023-01-14T20:56:53.076+0000] {processor.py:753} INFO - DAG(s) dict_keys(['example_branch_labels']) retrieved from /media/prempeh/Nouveau nom/MASTER2/DATA ENGINEERING/airflow/py_env/lib/python3.10/site-packages/airflow/example_dags/example_branch_labels.py
[2023-01-14T20:56:53.260+0000] {logging_mixin.py:137} INFO - [2023-01-14T20:56:53.259+0000] {dag.py:2676} INFO - Sync 1 DAGs
[2023-01-14T20:56:53.348+0000] {logging_mixin.py:137} INFO - [2023-01-14T20:56:53.347+0000] {dag.py:3423} INFO - Setting next_dagrun for example_branch_labels to 2023-01-13T00:00:00+00:00, run_after=2023-01-14T00:00:00+00:00
[2023-01-14T20:56:53.424+0000] {processor.py:175} INFO - Processing /media/prempeh/Nouveau nom/MASTER2/DATA ENGINEERING/airflow/py_env/lib/python3.10/site-packages/airflow/example_dags/example_branch_labels.py took 0.522 seconds
[2023-01-14T20:57:55.513+0000] {processor.py:153} INFO - Started process (PID=7105) to work on /media/prempeh/Nouveau nom/MASTER2/DATA ENGINEERING/airflow/py_env/lib/python3.10/site-packages/airflow/example_dags/example_branch_labels.py
[2023-01-14T20:57:55.518+0000] {processor.py:743} INFO - Processing file /media/prempeh/Nouveau nom/MASTER2/DATA ENGINEERING/airflow/py_env/lib/python3.10/site-packages/airflow/example_dags/example_branch_labels.py for tasks to queue
[2023-01-14T20:57:55.529+0000] {logging_mixin.py:137} INFO - [2023-01-14T20:57:55.527+0000] {dagbag.py:538} INFO - Filling up the DagBag from /media/prempeh/Nouveau nom/MASTER2/DATA ENGINEERING/airflow/py_env/lib/python3.10/site-packages/airflow/example_dags/example_branch_labels.py
[2023-01-14T20:57:55.658+0000] {processor.py:753} INFO - DAG(s) dict_keys(['example_branch_labels']) retrieved from /media/prempeh/Nouveau nom/MASTER2/DATA ENGINEERING/airflow/py_env/lib/python3.10/site-packages/airflow/example_dags/example_branch_labels.py
[2023-01-14T20:57:55.857+0000] {logging_mixin.py:137} INFO - [2023-01-14T20:57:55.856+0000] {dag.py:2676} INFO - Sync 1 DAGs
[2023-01-14T20:57:55.994+0000] {logging_mixin.py:137} INFO - [2023-01-14T20:57:55.993+0000] {dag.py:3423} INFO - Setting next_dagrun for example_branch_labels to 2023-01-13T00:00:00+00:00, run_after=2023-01-14T00:00:00+00:00
[2023-01-14T20:57:56.119+0000] {processor.py:175} INFO - Processing /media/prempeh/Nouveau nom/MASTER2/DATA ENGINEERING/airflow/py_env/lib/python3.10/site-packages/airflow/example_dags/example_branch_labels.py took 0.619 seconds
[2023-01-14T20:58:50.868+0000] {processor.py:153} INFO - Started process (PID=7146) to work on /media/prempeh/Nouveau nom/MASTER2/DATA ENGINEERING/airflow/py_env/lib/python3.10/site-packages/airflow/example_dags/example_branch_labels.py
[2023-01-14T20:58:50.871+0000] {processor.py:743} INFO - Processing file /media/prempeh/Nouveau nom/MASTER2/DATA ENGINEERING/airflow/py_env/lib/python3.10/site-packages/airflow/example_dags/example_branch_labels.py for tasks to queue
[2023-01-14T20:58:50.875+0000] {logging_mixin.py:137} INFO - [2023-01-14T20:58:50.874+0000] {dagbag.py:538} INFO - Filling up the DagBag from /media/prempeh/Nouveau nom/MASTER2/DATA ENGINEERING/airflow/py_env/lib/python3.10/site-packages/airflow/example_dags/example_branch_labels.py
[2023-01-14T20:58:51.007+0000] {processor.py:753} INFO - DAG(s) dict_keys(['example_branch_labels']) retrieved from /media/prempeh/Nouveau nom/MASTER2/DATA ENGINEERING/airflow/py_env/lib/python3.10/site-packages/airflow/example_dags/example_branch_labels.py
[2023-01-14T20:58:51.147+0000] {logging_mixin.py:137} INFO - [2023-01-14T20:58:51.147+0000] {dag.py:2676} INFO - Sync 1 DAGs
[2023-01-14T20:58:51.213+0000] {logging_mixin.py:137} INFO - [2023-01-14T20:58:51.213+0000] {dag.py:3423} INFO - Setting next_dagrun for example_branch_labels to 2023-01-13T00:00:00+00:00, run_after=2023-01-14T00:00:00+00:00
[2023-01-14T20:58:51.281+0000] {processor.py:175} INFO - Processing /media/prempeh/Nouveau nom/MASTER2/DATA ENGINEERING/airflow/py_env/lib/python3.10/site-packages/airflow/example_dags/example_branch_labels.py took 0.423 seconds
[2023-01-14T21:00:04.048+0000] {processor.py:153} INFO - Started process (PID=7246) to work on /media/prempeh/Nouveau nom/MASTER2/DATA ENGINEERING/airflow/py_env/lib/python3.10/site-packages/airflow/example_dags/example_branch_labels.py
[2023-01-14T21:00:04.050+0000] {processor.py:743} INFO - Processing file /media/prempeh/Nouveau nom/MASTER2/DATA ENGINEERING/airflow/py_env/lib/python3.10/site-packages/airflow/example_dags/example_branch_labels.py for tasks to queue
[2023-01-14T21:00:04.055+0000] {logging_mixin.py:137} INFO - [2023-01-14T21:00:04.054+0000] {dagbag.py:538} INFO - Filling up the DagBag from /media/prempeh/Nouveau nom/MASTER2/DATA ENGINEERING/airflow/py_env/lib/python3.10/site-packages/airflow/example_dags/example_branch_labels.py
[2023-01-14T21:00:04.190+0000] {processor.py:753} INFO - DAG(s) dict_keys(['example_branch_labels']) retrieved from /media/prempeh/Nouveau nom/MASTER2/DATA ENGINEERING/airflow/py_env/lib/python3.10/site-packages/airflow/example_dags/example_branch_labels.py
[2023-01-14T21:00:04.320+0000] {logging_mixin.py:137} INFO - [2023-01-14T21:00:04.320+0000] {dag.py:2676} INFO - Sync 1 DAGs
[2023-01-14T21:00:04.391+0000] {logging_mixin.py:137} INFO - [2023-01-14T21:00:04.391+0000] {dag.py:3423} INFO - Setting next_dagrun for example_branch_labels to 2023-01-13T00:00:00+00:00, run_after=2023-01-14T00:00:00+00:00
[2023-01-14T21:00:04.463+0000] {processor.py:175} INFO - Processing /media/prempeh/Nouveau nom/MASTER2/DATA ENGINEERING/airflow/py_env/lib/python3.10/site-packages/airflow/example_dags/example_branch_labels.py took 0.424 seconds
[2023-01-14T21:00:59.137+0000] {processor.py:153} INFO - Started process (PID=7283) to work on /media/prempeh/Nouveau nom/MASTER2/DATA ENGINEERING/airflow/py_env/lib/python3.10/site-packages/airflow/example_dags/example_branch_labels.py
[2023-01-14T21:00:59.141+0000] {processor.py:743} INFO - Processing file /media/prempeh/Nouveau nom/MASTER2/DATA ENGINEERING/airflow/py_env/lib/python3.10/site-packages/airflow/example_dags/example_branch_labels.py for tasks to queue
[2023-01-14T21:00:59.148+0000] {logging_mixin.py:137} INFO - [2023-01-14T21:00:59.147+0000] {dagbag.py:538} INFO - Filling up the DagBag from /media/prempeh/Nouveau nom/MASTER2/DATA ENGINEERING/airflow/py_env/lib/python3.10/site-packages/airflow/example_dags/example_branch_labels.py
[2023-01-14T21:00:59.290+0000] {processor.py:753} INFO - DAG(s) dict_keys(['example_branch_labels']) retrieved from /media/prempeh/Nouveau nom/MASTER2/DATA ENGINEERING/airflow/py_env/lib/python3.10/site-packages/airflow/example_dags/example_branch_labels.py
[2023-01-14T21:00:59.420+0000] {logging_mixin.py:137} INFO - [2023-01-14T21:00:59.419+0000] {dag.py:2676} INFO - Sync 1 DAGs
[2023-01-14T21:00:59.490+0000] {logging_mixin.py:137} INFO - [2023-01-14T21:00:59.489+0000] {dag.py:3423} INFO - Setting next_dagrun for example_branch_labels to 2023-01-13T00:00:00+00:00, run_after=2023-01-14T00:00:00+00:00
[2023-01-14T21:00:59.568+0000] {processor.py:175} INFO - Processing /media/prempeh/Nouveau nom/MASTER2/DATA ENGINEERING/airflow/py_env/lib/python3.10/site-packages/airflow/example_dags/example_branch_labels.py took 0.442 seconds
[2023-01-14T21:01:57.917+0000] {processor.py:153} INFO - Started process (PID=7331) to work on /media/prempeh/Nouveau nom/MASTER2/DATA ENGINEERING/airflow/py_env/lib/python3.10/site-packages/airflow/example_dags/example_branch_labels.py
[2023-01-14T21:01:57.920+0000] {processor.py:743} INFO - Processing file /media/prempeh/Nouveau nom/MASTER2/DATA ENGINEERING/airflow/py_env/lib/python3.10/site-packages/airflow/example_dags/example_branch_labels.py for tasks to queue
[2023-01-14T21:01:57.927+0000] {logging_mixin.py:137} INFO - [2023-01-14T21:01:57.926+0000] {dagbag.py:538} INFO - Filling up the DagBag from /media/prempeh/Nouveau nom/MASTER2/DATA ENGINEERING/airflow/py_env/lib/python3.10/site-packages/airflow/example_dags/example_branch_labels.py
[2023-01-14T21:01:58.058+0000] {processor.py:753} INFO - DAG(s) dict_keys(['example_branch_labels']) retrieved from /media/prempeh/Nouveau nom/MASTER2/DATA ENGINEERING/airflow/py_env/lib/python3.10/site-packages/airflow/example_dags/example_branch_labels.py
[2023-01-14T21:01:58.200+0000] {logging_mixin.py:137} INFO - [2023-01-14T21:01:58.199+0000] {dag.py:2676} INFO - Sync 1 DAGs
[2023-01-14T21:01:58.268+0000] {logging_mixin.py:137} INFO - [2023-01-14T21:01:58.268+0000] {dag.py:3423} INFO - Setting next_dagrun for example_branch_labels to 2023-01-13T00:00:00+00:00, run_after=2023-01-14T00:00:00+00:00
[2023-01-14T21:01:58.345+0000] {processor.py:175} INFO - Processing /media/prempeh/Nouveau nom/MASTER2/DATA ENGINEERING/airflow/py_env/lib/python3.10/site-packages/airflow/example_dags/example_branch_labels.py took 0.438 seconds
[2023-01-14T21:03:12.524+0000] {processor.py:153} INFO - Started process (PID=7418) to work on /media/prempeh/Nouveau nom/MASTER2/DATA ENGINEERING/airflow/py_env/lib/python3.10/site-packages/airflow/example_dags/example_branch_labels.py
[2023-01-14T21:03:12.526+0000] {processor.py:743} INFO - Processing file /media/prempeh/Nouveau nom/MASTER2/DATA ENGINEERING/airflow/py_env/lib/python3.10/site-packages/airflow/example_dags/example_branch_labels.py for tasks to queue
[2023-01-14T21:03:12.531+0000] {logging_mixin.py:137} INFO - [2023-01-14T21:03:12.531+0000] {dagbag.py:538} INFO - Filling up the DagBag from /media/prempeh/Nouveau nom/MASTER2/DATA ENGINEERING/airflow/py_env/lib/python3.10/site-packages/airflow/example_dags/example_branch_labels.py
[2023-01-14T21:03:12.665+0000] {processor.py:753} INFO - DAG(s) dict_keys(['example_branch_labels']) retrieved from /media/prempeh/Nouveau nom/MASTER2/DATA ENGINEERING/airflow/py_env/lib/python3.10/site-packages/airflow/example_dags/example_branch_labels.py
[2023-01-14T21:03:12.799+0000] {logging_mixin.py:137} INFO - [2023-01-14T21:03:12.798+0000] {dag.py:2676} INFO - Sync 1 DAGs
[2023-01-14T21:03:12.873+0000] {logging_mixin.py:137} INFO - [2023-01-14T21:03:12.873+0000] {dag.py:3423} INFO - Setting next_dagrun for example_branch_labels to 2023-01-13T00:00:00+00:00, run_after=2023-01-14T00:00:00+00:00
[2023-01-14T21:03:12.945+0000] {processor.py:175} INFO - Processing /media/prempeh/Nouveau nom/MASTER2/DATA ENGINEERING/airflow/py_env/lib/python3.10/site-packages/airflow/example_dags/example_branch_labels.py took 0.429 seconds
[2023-01-14T21:04:16.782+0000] {processor.py:153} INFO - Started process (PID=7488) to work on /media/prempeh/Nouveau nom/MASTER2/DATA ENGINEERING/airflow/py_env/lib/python3.10/site-packages/airflow/example_dags/example_branch_labels.py
[2023-01-14T21:04:16.787+0000] {processor.py:743} INFO - Processing file /media/prempeh/Nouveau nom/MASTER2/DATA ENGINEERING/airflow/py_env/lib/python3.10/site-packages/airflow/example_dags/example_branch_labels.py for tasks to queue
[2023-01-14T21:04:16.792+0000] {logging_mixin.py:137} INFO - [2023-01-14T21:04:16.792+0000] {dagbag.py:538} INFO - Filling up the DagBag from /media/prempeh/Nouveau nom/MASTER2/DATA ENGINEERING/airflow/py_env/lib/python3.10/site-packages/airflow/example_dags/example_branch_labels.py
[2023-01-14T21:04:16.999+0000] {processor.py:753} INFO - DAG(s) dict_keys(['example_branch_labels']) retrieved from /media/prempeh/Nouveau nom/MASTER2/DATA ENGINEERING/airflow/py_env/lib/python3.10/site-packages/airflow/example_dags/example_branch_labels.py
[2023-01-14T21:04:17.228+0000] {logging_mixin.py:137} INFO - [2023-01-14T21:04:17.227+0000] {dag.py:2676} INFO - Sync 1 DAGs
[2023-01-14T21:04:17.352+0000] {logging_mixin.py:137} INFO - [2023-01-14T21:04:17.352+0000] {dag.py:3423} INFO - Setting next_dagrun for example_branch_labels to 2023-01-13T00:00:00+00:00, run_after=2023-01-14T00:00:00+00:00
[2023-01-14T21:04:17.472+0000] {processor.py:175} INFO - Processing /media/prempeh/Nouveau nom/MASTER2/DATA ENGINEERING/airflow/py_env/lib/python3.10/site-packages/airflow/example_dags/example_branch_labels.py took 0.702 seconds
[2023-01-14T21:05:17.968+0000] {processor.py:153} INFO - Started process (PID=7540) to work on /media/prempeh/Nouveau nom/MASTER2/DATA ENGINEERING/airflow/py_env/lib/python3.10/site-packages/airflow/example_dags/example_branch_labels.py
[2023-01-14T21:05:17.971+0000] {processor.py:743} INFO - Processing file /media/prempeh/Nouveau nom/MASTER2/DATA ENGINEERING/airflow/py_env/lib/python3.10/site-packages/airflow/example_dags/example_branch_labels.py for tasks to queue
[2023-01-14T21:05:17.976+0000] {logging_mixin.py:137} INFO - [2023-01-14T21:05:17.975+0000] {dagbag.py:538} INFO - Filling up the DagBag from /media/prempeh/Nouveau nom/MASTER2/DATA ENGINEERING/airflow/py_env/lib/python3.10/site-packages/airflow/example_dags/example_branch_labels.py
[2023-01-14T21:05:18.115+0000] {processor.py:753} INFO - DAG(s) dict_keys(['example_branch_labels']) retrieved from /media/prempeh/Nouveau nom/MASTER2/DATA ENGINEERING/airflow/py_env/lib/python3.10/site-packages/airflow/example_dags/example_branch_labels.py
[2023-01-14T21:05:18.256+0000] {logging_mixin.py:137} INFO - [2023-01-14T21:05:18.256+0000] {dag.py:2676} INFO - Sync 1 DAGs
[2023-01-14T21:05:18.319+0000] {logging_mixin.py:137} INFO - [2023-01-14T21:05:18.319+0000] {dag.py:3423} INFO - Setting next_dagrun for example_branch_labels to 2023-01-13T00:00:00+00:00, run_after=2023-01-14T00:00:00+00:00
[2023-01-14T21:05:18.388+0000] {processor.py:175} INFO - Processing /media/prempeh/Nouveau nom/MASTER2/DATA ENGINEERING/airflow/py_env/lib/python3.10/site-packages/airflow/example_dags/example_branch_labels.py took 0.429 seconds
[2023-01-14T21:06:50.017+0000] {processor.py:153} INFO - Started process (PID=7800) to work on /media/prempeh/Nouveau nom/MASTER2/DATA ENGINEERING/airflow/py_env/lib/python3.10/site-packages/airflow/example_dags/example_branch_labels.py
[2023-01-14T21:06:50.022+0000] {processor.py:743} INFO - Processing file /media/prempeh/Nouveau nom/MASTER2/DATA ENGINEERING/airflow/py_env/lib/python3.10/site-packages/airflow/example_dags/example_branch_labels.py for tasks to queue
[2023-01-14T21:06:50.031+0000] {logging_mixin.py:137} INFO - [2023-01-14T21:06:50.030+0000] {dagbag.py:538} INFO - Filling up the DagBag from /media/prempeh/Nouveau nom/MASTER2/DATA ENGINEERING/airflow/py_env/lib/python3.10/site-packages/airflow/example_dags/example_branch_labels.py
[2023-01-14T21:06:50.193+0000] {processor.py:753} INFO - DAG(s) dict_keys(['example_branch_labels']) retrieved from /media/prempeh/Nouveau nom/MASTER2/DATA ENGINEERING/airflow/py_env/lib/python3.10/site-packages/airflow/example_dags/example_branch_labels.py
[2023-01-14T21:06:50.331+0000] {logging_mixin.py:137} INFO - [2023-01-14T21:06:50.331+0000] {dag.py:2676} INFO - Sync 1 DAGs
[2023-01-14T21:06:50.400+0000] {logging_mixin.py:137} INFO - [2023-01-14T21:06:50.400+0000] {dag.py:3423} INFO - Setting next_dagrun for example_branch_labels to 2023-01-13T00:00:00+00:00, run_after=2023-01-14T00:00:00+00:00
[2023-01-14T21:06:50.478+0000] {processor.py:175} INFO - Processing /media/prempeh/Nouveau nom/MASTER2/DATA ENGINEERING/airflow/py_env/lib/python3.10/site-packages/airflow/example_dags/example_branch_labels.py took 0.474 seconds
[2023-01-14T21:08:30.710+0000] {processor.py:153} INFO - Started process (PID=8069) to work on /media/prempeh/Nouveau nom/MASTER2/DATA ENGINEERING/airflow/py_env/lib/python3.10/site-packages/airflow/example_dags/example_branch_labels.py
[2023-01-14T21:08:30.713+0000] {processor.py:743} INFO - Processing file /media/prempeh/Nouveau nom/MASTER2/DATA ENGINEERING/airflow/py_env/lib/python3.10/site-packages/airflow/example_dags/example_branch_labels.py for tasks to queue
[2023-01-14T21:08:30.718+0000] {logging_mixin.py:137} INFO - [2023-01-14T21:08:30.718+0000] {dagbag.py:538} INFO - Filling up the DagBag from /media/prempeh/Nouveau nom/MASTER2/DATA ENGINEERING/airflow/py_env/lib/python3.10/site-packages/airflow/example_dags/example_branch_labels.py
[2023-01-14T21:08:30.827+0000] {processor.py:753} INFO - DAG(s) dict_keys(['example_branch_labels']) retrieved from /media/prempeh/Nouveau nom/MASTER2/DATA ENGINEERING/airflow/py_env/lib/python3.10/site-packages/airflow/example_dags/example_branch_labels.py
[2023-01-14T21:08:30.944+0000] {logging_mixin.py:137} INFO - [2023-01-14T21:08:30.943+0000] {dag.py:2676} INFO - Sync 1 DAGs
[2023-01-14T21:08:31.009+0000] {logging_mixin.py:137} INFO - [2023-01-14T21:08:31.009+0000] {dag.py:3423} INFO - Setting next_dagrun for example_branch_labels to 2023-01-13T00:00:00+00:00, run_after=2023-01-14T00:00:00+00:00
[2023-01-14T21:08:31.075+0000] {processor.py:175} INFO - Processing /media/prempeh/Nouveau nom/MASTER2/DATA ENGINEERING/airflow/py_env/lib/python3.10/site-packages/airflow/example_dags/example_branch_labels.py took 0.374 seconds
[2023-01-14T21:09:30.708+0000] {processor.py:153} INFO - Started process (PID=8115) to work on /media/prempeh/Nouveau nom/MASTER2/DATA ENGINEERING/airflow/py_env/lib/python3.10/site-packages/airflow/example_dags/example_branch_labels.py
[2023-01-14T21:09:30.711+0000] {processor.py:743} INFO - Processing file /media/prempeh/Nouveau nom/MASTER2/DATA ENGINEERING/airflow/py_env/lib/python3.10/site-packages/airflow/example_dags/example_branch_labels.py for tasks to queue
[2023-01-14T21:09:30.716+0000] {logging_mixin.py:137} INFO - [2023-01-14T21:09:30.716+0000] {dagbag.py:538} INFO - Filling up the DagBag from /media/prempeh/Nouveau nom/MASTER2/DATA ENGINEERING/airflow/py_env/lib/python3.10/site-packages/airflow/example_dags/example_branch_labels.py
[2023-01-14T21:09:30.836+0000] {processor.py:753} INFO - DAG(s) dict_keys(['example_branch_labels']) retrieved from /media/prempeh/Nouveau nom/MASTER2/DATA ENGINEERING/airflow/py_env/lib/python3.10/site-packages/airflow/example_dags/example_branch_labels.py
[2023-01-14T21:09:30.951+0000] {logging_mixin.py:137} INFO - [2023-01-14T21:09:30.951+0000] {dag.py:2676} INFO - Sync 1 DAGs
[2023-01-14T21:09:31.021+0000] {logging_mixin.py:137} INFO - [2023-01-14T21:09:31.020+0000] {dag.py:3423} INFO - Setting next_dagrun for example_branch_labels to 2023-01-13T00:00:00+00:00, run_after=2023-01-14T00:00:00+00:00
[2023-01-14T21:09:31.096+0000] {processor.py:175} INFO - Processing /media/prempeh/Nouveau nom/MASTER2/DATA ENGINEERING/airflow/py_env/lib/python3.10/site-packages/airflow/example_dags/example_branch_labels.py took 0.398 seconds
[2023-01-14T21:10:32.343+0000] {processor.py:153} INFO - Started process (PID=8162) to work on /media/prempeh/Nouveau nom/MASTER2/DATA ENGINEERING/airflow/py_env/lib/python3.10/site-packages/airflow/example_dags/example_branch_labels.py
[2023-01-14T21:10:32.346+0000] {processor.py:743} INFO - Processing file /media/prempeh/Nouveau nom/MASTER2/DATA ENGINEERING/airflow/py_env/lib/python3.10/site-packages/airflow/example_dags/example_branch_labels.py for tasks to queue
[2023-01-14T21:10:32.354+0000] {logging_mixin.py:137} INFO - [2023-01-14T21:10:32.353+0000] {dagbag.py:538} INFO - Filling up the DagBag from /media/prempeh/Nouveau nom/MASTER2/DATA ENGINEERING/airflow/py_env/lib/python3.10/site-packages/airflow/example_dags/example_branch_labels.py
[2023-01-14T21:10:32.488+0000] {processor.py:753} INFO - DAG(s) dict_keys(['example_branch_labels']) retrieved from /media/prempeh/Nouveau nom/MASTER2/DATA ENGINEERING/airflow/py_env/lib/python3.10/site-packages/airflow/example_dags/example_branch_labels.py
[2023-01-14T21:10:32.629+0000] {logging_mixin.py:137} INFO - [2023-01-14T21:10:32.629+0000] {dag.py:2676} INFO - Sync 1 DAGs
[2023-01-14T21:10:32.708+0000] {logging_mixin.py:137} INFO - [2023-01-14T21:10:32.708+0000] {dag.py:3423} INFO - Setting next_dagrun for example_branch_labels to 2023-01-13T00:00:00+00:00, run_after=2023-01-14T00:00:00+00:00
[2023-01-14T21:10:32.783+0000] {processor.py:175} INFO - Processing /media/prempeh/Nouveau nom/MASTER2/DATA ENGINEERING/airflow/py_env/lib/python3.10/site-packages/airflow/example_dags/example_branch_labels.py took 0.450 seconds
[2023-01-14T21:11:35.334+0000] {processor.py:153} INFO - Started process (PID=8211) to work on /media/prempeh/Nouveau nom/MASTER2/DATA ENGINEERING/airflow/py_env/lib/python3.10/site-packages/airflow/example_dags/example_branch_labels.py
[2023-01-14T21:11:35.337+0000] {processor.py:743} INFO - Processing file /media/prempeh/Nouveau nom/MASTER2/DATA ENGINEERING/airflow/py_env/lib/python3.10/site-packages/airflow/example_dags/example_branch_labels.py for tasks to queue
[2023-01-14T21:11:35.342+0000] {logging_mixin.py:137} INFO - [2023-01-14T21:11:35.341+0000] {dagbag.py:538} INFO - Filling up the DagBag from /media/prempeh/Nouveau nom/MASTER2/DATA ENGINEERING/airflow/py_env/lib/python3.10/site-packages/airflow/example_dags/example_branch_labels.py
[2023-01-14T21:11:35.470+0000] {processor.py:753} INFO - DAG(s) dict_keys(['example_branch_labels']) retrieved from /media/prempeh/Nouveau nom/MASTER2/DATA ENGINEERING/airflow/py_env/lib/python3.10/site-packages/airflow/example_dags/example_branch_labels.py
[2023-01-14T21:11:35.595+0000] {logging_mixin.py:137} INFO - [2023-01-14T21:11:35.594+0000] {dag.py:2676} INFO - Sync 1 DAGs
[2023-01-14T21:11:35.662+0000] {logging_mixin.py:137} INFO - [2023-01-14T21:11:35.662+0000] {dag.py:3423} INFO - Setting next_dagrun for example_branch_labels to 2023-01-13T00:00:00+00:00, run_after=2023-01-14T00:00:00+00:00
[2023-01-14T21:11:35.735+0000] {processor.py:175} INFO - Processing /media/prempeh/Nouveau nom/MASTER2/DATA ENGINEERING/airflow/py_env/lib/python3.10/site-packages/airflow/example_dags/example_branch_labels.py took 0.411 seconds
[2023-01-14T21:12:44.999+0000] {processor.py:153} INFO - Started process (PID=8255) to work on /media/prempeh/Nouveau nom/MASTER2/DATA ENGINEERING/airflow/py_env/lib/python3.10/site-packages/airflow/example_dags/example_branch_labels.py
[2023-01-14T21:12:45.002+0000] {processor.py:743} INFO - Processing file /media/prempeh/Nouveau nom/MASTER2/DATA ENGINEERING/airflow/py_env/lib/python3.10/site-packages/airflow/example_dags/example_branch_labels.py for tasks to queue
[2023-01-14T21:12:45.006+0000] {logging_mixin.py:137} INFO - [2023-01-14T21:12:45.006+0000] {dagbag.py:538} INFO - Filling up the DagBag from /media/prempeh/Nouveau nom/MASTER2/DATA ENGINEERING/airflow/py_env/lib/python3.10/site-packages/airflow/example_dags/example_branch_labels.py
[2023-01-14T21:12:45.126+0000] {processor.py:753} INFO - DAG(s) dict_keys(['example_branch_labels']) retrieved from /media/prempeh/Nouveau nom/MASTER2/DATA ENGINEERING/airflow/py_env/lib/python3.10/site-packages/airflow/example_dags/example_branch_labels.py
[2023-01-14T21:12:45.257+0000] {logging_mixin.py:137} INFO - [2023-01-14T21:12:45.256+0000] {dag.py:2676} INFO - Sync 1 DAGs
[2023-01-14T21:12:45.327+0000] {logging_mixin.py:137} INFO - [2023-01-14T21:12:45.327+0000] {dag.py:3423} INFO - Setting next_dagrun for example_branch_labels to 2023-01-13T00:00:00+00:00, run_after=2023-01-14T00:00:00+00:00
[2023-01-14T21:12:45.412+0000] {processor.py:175} INFO - Processing /media/prempeh/Nouveau nom/MASTER2/DATA ENGINEERING/airflow/py_env/lib/python3.10/site-packages/airflow/example_dags/example_branch_labels.py took 0.421 seconds
[2023-01-14T21:13:59.770+0000] {processor.py:153} INFO - Started process (PID=8310) to work on /media/prempeh/Nouveau nom/MASTER2/DATA ENGINEERING/airflow/py_env/lib/python3.10/site-packages/airflow/example_dags/example_branch_labels.py
[2023-01-14T21:13:59.773+0000] {processor.py:743} INFO - Processing file /media/prempeh/Nouveau nom/MASTER2/DATA ENGINEERING/airflow/py_env/lib/python3.10/site-packages/airflow/example_dags/example_branch_labels.py for tasks to queue
[2023-01-14T21:13:59.777+0000] {logging_mixin.py:137} INFO - [2023-01-14T21:13:59.777+0000] {dagbag.py:538} INFO - Filling up the DagBag from /media/prempeh/Nouveau nom/MASTER2/DATA ENGINEERING/airflow/py_env/lib/python3.10/site-packages/airflow/example_dags/example_branch_labels.py
[2023-01-14T21:13:59.893+0000] {processor.py:753} INFO - DAG(s) dict_keys(['example_branch_labels']) retrieved from /media/prempeh/Nouveau nom/MASTER2/DATA ENGINEERING/airflow/py_env/lib/python3.10/site-packages/airflow/example_dags/example_branch_labels.py
[2023-01-14T21:14:00.042+0000] {logging_mixin.py:137} INFO - [2023-01-14T21:14:00.041+0000] {dag.py:2676} INFO - Sync 1 DAGs
[2023-01-14T21:14:00.106+0000] {logging_mixin.py:137} INFO - [2023-01-14T21:14:00.106+0000] {dag.py:3423} INFO - Setting next_dagrun for example_branch_labels to 2023-01-13T00:00:00+00:00, run_after=2023-01-14T00:00:00+00:00
[2023-01-14T21:14:00.173+0000] {processor.py:175} INFO - Processing /media/prempeh/Nouveau nom/MASTER2/DATA ENGINEERING/airflow/py_env/lib/python3.10/site-packages/airflow/example_dags/example_branch_labels.py took 0.412 seconds
[2023-01-14T21:15:07.509+0000] {processor.py:153} INFO - Started process (PID=8473) to work on /media/prempeh/Nouveau nom/MASTER2/DATA ENGINEERING/airflow/py_env/lib/python3.10/site-packages/airflow/example_dags/example_branch_labels.py
[2023-01-14T21:15:07.512+0000] {processor.py:743} INFO - Processing file /media/prempeh/Nouveau nom/MASTER2/DATA ENGINEERING/airflow/py_env/lib/python3.10/site-packages/airflow/example_dags/example_branch_labels.py for tasks to queue
[2023-01-14T21:15:07.520+0000] {logging_mixin.py:137} INFO - [2023-01-14T21:15:07.519+0000] {dagbag.py:538} INFO - Filling up the DagBag from /media/prempeh/Nouveau nom/MASTER2/DATA ENGINEERING/airflow/py_env/lib/python3.10/site-packages/airflow/example_dags/example_branch_labels.py
[2023-01-14T21:15:07.648+0000] {processor.py:753} INFO - DAG(s) dict_keys(['example_branch_labels']) retrieved from /media/prempeh/Nouveau nom/MASTER2/DATA ENGINEERING/airflow/py_env/lib/python3.10/site-packages/airflow/example_dags/example_branch_labels.py
[2023-01-14T21:15:07.850+0000] {logging_mixin.py:137} INFO - [2023-01-14T21:15:07.850+0000] {dag.py:2676} INFO - Sync 1 DAGs
[2023-01-14T21:15:07.931+0000] {logging_mixin.py:137} INFO - [2023-01-14T21:15:07.930+0000] {dag.py:3423} INFO - Setting next_dagrun for example_branch_labels to 2023-01-13T00:00:00+00:00, run_after=2023-01-14T00:00:00+00:00
[2023-01-14T21:15:08.013+0000] {processor.py:175} INFO - Processing /media/prempeh/Nouveau nom/MASTER2/DATA ENGINEERING/airflow/py_env/lib/python3.10/site-packages/airflow/example_dags/example_branch_labels.py took 0.514 seconds
[2023-01-14T21:16:20.021+0000] {processor.py:153} INFO - Started process (PID=9036) to work on /media/prempeh/Nouveau nom/MASTER2/DATA ENGINEERING/airflow/py_env/lib/python3.10/site-packages/airflow/example_dags/example_branch_labels.py
[2023-01-14T21:16:20.024+0000] {processor.py:743} INFO - Processing file /media/prempeh/Nouveau nom/MASTER2/DATA ENGINEERING/airflow/py_env/lib/python3.10/site-packages/airflow/example_dags/example_branch_labels.py for tasks to queue
[2023-01-14T21:16:20.028+0000] {logging_mixin.py:137} INFO - [2023-01-14T21:16:20.028+0000] {dagbag.py:538} INFO - Filling up the DagBag from /media/prempeh/Nouveau nom/MASTER2/DATA ENGINEERING/airflow/py_env/lib/python3.10/site-packages/airflow/example_dags/example_branch_labels.py
[2023-01-14T21:16:20.161+0000] {processor.py:753} INFO - DAG(s) dict_keys(['example_branch_labels']) retrieved from /media/prempeh/Nouveau nom/MASTER2/DATA ENGINEERING/airflow/py_env/lib/python3.10/site-packages/airflow/example_dags/example_branch_labels.py
[2023-01-14T21:16:20.268+0000] {logging_mixin.py:137} INFO - [2023-01-14T21:16:20.267+0000] {dag.py:2676} INFO - Sync 1 DAGs
[2023-01-14T21:16:20.328+0000] {logging_mixin.py:137} INFO - [2023-01-14T21:16:20.328+0000] {dag.py:3423} INFO - Setting next_dagrun for example_branch_labels to 2023-01-13T00:00:00+00:00, run_after=2023-01-14T00:00:00+00:00
[2023-01-14T21:16:20.400+0000] {processor.py:175} INFO - Processing /media/prempeh/Nouveau nom/MASTER2/DATA ENGINEERING/airflow/py_env/lib/python3.10/site-packages/airflow/example_dags/example_branch_labels.py took 0.388 seconds
[2023-01-14T21:17:32.838+0000] {processor.py:153} INFO - Started process (PID=9160) to work on /media/prempeh/Nouveau nom/MASTER2/DATA ENGINEERING/airflow/py_env/lib/python3.10/site-packages/airflow/example_dags/example_branch_labels.py
[2023-01-14T21:17:32.841+0000] {processor.py:743} INFO - Processing file /media/prempeh/Nouveau nom/MASTER2/DATA ENGINEERING/airflow/py_env/lib/python3.10/site-packages/airflow/example_dags/example_branch_labels.py for tasks to queue
[2023-01-14T21:17:32.845+0000] {logging_mixin.py:137} INFO - [2023-01-14T21:17:32.844+0000] {dagbag.py:538} INFO - Filling up the DagBag from /media/prempeh/Nouveau nom/MASTER2/DATA ENGINEERING/airflow/py_env/lib/python3.10/site-packages/airflow/example_dags/example_branch_labels.py
[2023-01-14T21:17:32.982+0000] {processor.py:753} INFO - DAG(s) dict_keys(['example_branch_labels']) retrieved from /media/prempeh/Nouveau nom/MASTER2/DATA ENGINEERING/airflow/py_env/lib/python3.10/site-packages/airflow/example_dags/example_branch_labels.py
[2023-01-14T21:17:33.123+0000] {logging_mixin.py:137} INFO - [2023-01-14T21:17:33.122+0000] {dag.py:2676} INFO - Sync 1 DAGs
[2023-01-14T21:17:33.209+0000] {logging_mixin.py:137} INFO - [2023-01-14T21:17:33.209+0000] {dag.py:3423} INFO - Setting next_dagrun for example_branch_labels to 2023-01-13T00:00:00+00:00, run_after=2023-01-14T00:00:00+00:00
[2023-01-14T21:17:33.283+0000] {processor.py:175} INFO - Processing /media/prempeh/Nouveau nom/MASTER2/DATA ENGINEERING/airflow/py_env/lib/python3.10/site-packages/airflow/example_dags/example_branch_labels.py took 0.455 seconds
[2023-01-14T21:18:43.816+0000] {processor.py:153} INFO - Started process (PID=9398) to work on /media/prempeh/Nouveau nom/MASTER2/DATA ENGINEERING/airflow/py_env/lib/python3.10/site-packages/airflow/example_dags/example_branch_labels.py
[2023-01-14T21:18:43.819+0000] {processor.py:743} INFO - Processing file /media/prempeh/Nouveau nom/MASTER2/DATA ENGINEERING/airflow/py_env/lib/python3.10/site-packages/airflow/example_dags/example_branch_labels.py for tasks to queue
[2023-01-14T21:18:43.824+0000] {logging_mixin.py:137} INFO - [2023-01-14T21:18:43.824+0000] {dagbag.py:538} INFO - Filling up the DagBag from /media/prempeh/Nouveau nom/MASTER2/DATA ENGINEERING/airflow/py_env/lib/python3.10/site-packages/airflow/example_dags/example_branch_labels.py
[2023-01-14T21:18:43.986+0000] {processor.py:753} INFO - DAG(s) dict_keys(['example_branch_labels']) retrieved from /media/prempeh/Nouveau nom/MASTER2/DATA ENGINEERING/airflow/py_env/lib/python3.10/site-packages/airflow/example_dags/example_branch_labels.py
[2023-01-14T21:18:44.143+0000] {logging_mixin.py:137} INFO - [2023-01-14T21:18:44.142+0000] {dag.py:2676} INFO - Sync 1 DAGs
[2023-01-14T21:18:44.222+0000] {logging_mixin.py:137} INFO - [2023-01-14T21:18:44.222+0000] {dag.py:3423} INFO - Setting next_dagrun for example_branch_labels to 2023-01-13T00:00:00+00:00, run_after=2023-01-14T00:00:00+00:00
[2023-01-14T21:18:44.306+0000] {processor.py:175} INFO - Processing /media/prempeh/Nouveau nom/MASTER2/DATA ENGINEERING/airflow/py_env/lib/python3.10/site-packages/airflow/example_dags/example_branch_labels.py took 0.499 seconds
[2023-01-14T21:19:58.929+0000] {processor.py:153} INFO - Started process (PID=9707) to work on /media/prempeh/Nouveau nom/MASTER2/DATA ENGINEERING/airflow/py_env/lib/python3.10/site-packages/airflow/example_dags/example_branch_labels.py
[2023-01-14T21:19:58.932+0000] {processor.py:743} INFO - Processing file /media/prempeh/Nouveau nom/MASTER2/DATA ENGINEERING/airflow/py_env/lib/python3.10/site-packages/airflow/example_dags/example_branch_labels.py for tasks to queue
[2023-01-14T21:19:58.936+0000] {logging_mixin.py:137} INFO - [2023-01-14T21:19:58.936+0000] {dagbag.py:538} INFO - Filling up the DagBag from /media/prempeh/Nouveau nom/MASTER2/DATA ENGINEERING/airflow/py_env/lib/python3.10/site-packages/airflow/example_dags/example_branch_labels.py
[2023-01-14T21:19:59.076+0000] {processor.py:753} INFO - DAG(s) dict_keys(['example_branch_labels']) retrieved from /media/prempeh/Nouveau nom/MASTER2/DATA ENGINEERING/airflow/py_env/lib/python3.10/site-packages/airflow/example_dags/example_branch_labels.py
[2023-01-14T21:19:59.216+0000] {logging_mixin.py:137} INFO - [2023-01-14T21:19:59.216+0000] {dag.py:2676} INFO - Sync 1 DAGs
[2023-01-14T21:19:59.296+0000] {logging_mixin.py:137} INFO - [2023-01-14T21:19:59.295+0000] {dag.py:3423} INFO - Setting next_dagrun for example_branch_labels to 2023-01-13T00:00:00+00:00, run_after=2023-01-14T00:00:00+00:00
[2023-01-14T21:19:59.365+0000] {processor.py:175} INFO - Processing /media/prempeh/Nouveau nom/MASTER2/DATA ENGINEERING/airflow/py_env/lib/python3.10/site-packages/airflow/example_dags/example_branch_labels.py took 0.448 seconds
[2023-01-14T21:21:07.352+0000] {processor.py:153} INFO - Started process (PID=9818) to work on /media/prempeh/Nouveau nom/MASTER2/DATA ENGINEERING/airflow/py_env/lib/python3.10/site-packages/airflow/example_dags/example_branch_labels.py
[2023-01-14T21:21:07.355+0000] {processor.py:743} INFO - Processing file /media/prempeh/Nouveau nom/MASTER2/DATA ENGINEERING/airflow/py_env/lib/python3.10/site-packages/airflow/example_dags/example_branch_labels.py for tasks to queue
[2023-01-14T21:21:07.360+0000] {logging_mixin.py:137} INFO - [2023-01-14T21:21:07.359+0000] {dagbag.py:538} INFO - Filling up the DagBag from /media/prempeh/Nouveau nom/MASTER2/DATA ENGINEERING/airflow/py_env/lib/python3.10/site-packages/airflow/example_dags/example_branch_labels.py
[2023-01-14T21:21:07.508+0000] {processor.py:753} INFO - DAG(s) dict_keys(['example_branch_labels']) retrieved from /media/prempeh/Nouveau nom/MASTER2/DATA ENGINEERING/airflow/py_env/lib/python3.10/site-packages/airflow/example_dags/example_branch_labels.py
[2023-01-14T21:21:07.661+0000] {logging_mixin.py:137} INFO - [2023-01-14T21:21:07.660+0000] {dag.py:2676} INFO - Sync 1 DAGs
[2023-01-14T21:21:07.736+0000] {logging_mixin.py:137} INFO - [2023-01-14T21:21:07.736+0000] {dag.py:3423} INFO - Setting next_dagrun for example_branch_labels to 2023-01-13T00:00:00+00:00, run_after=2023-01-14T00:00:00+00:00
[2023-01-14T21:21:07.810+0000] {processor.py:175} INFO - Processing /media/prempeh/Nouveau nom/MASTER2/DATA ENGINEERING/airflow/py_env/lib/python3.10/site-packages/airflow/example_dags/example_branch_labels.py took 0.466 seconds
[2023-01-14T21:22:18.064+0000] {processor.py:153} INFO - Started process (PID=10024) to work on /media/prempeh/Nouveau nom/MASTER2/DATA ENGINEERING/airflow/py_env/lib/python3.10/site-packages/airflow/example_dags/example_branch_labels.py
[2023-01-14T21:22:18.066+0000] {processor.py:743} INFO - Processing file /media/prempeh/Nouveau nom/MASTER2/DATA ENGINEERING/airflow/py_env/lib/python3.10/site-packages/airflow/example_dags/example_branch_labels.py for tasks to queue
[2023-01-14T21:22:18.071+0000] {logging_mixin.py:137} INFO - [2023-01-14T21:22:18.071+0000] {dagbag.py:538} INFO - Filling up the DagBag from /media/prempeh/Nouveau nom/MASTER2/DATA ENGINEERING/airflow/py_env/lib/python3.10/site-packages/airflow/example_dags/example_branch_labels.py
[2023-01-14T21:22:18.227+0000] {processor.py:753} INFO - DAG(s) dict_keys(['example_branch_labels']) retrieved from /media/prempeh/Nouveau nom/MASTER2/DATA ENGINEERING/airflow/py_env/lib/python3.10/site-packages/airflow/example_dags/example_branch_labels.py
[2023-01-14T21:22:18.426+0000] {logging_mixin.py:137} INFO - [2023-01-14T21:22:18.425+0000] {dag.py:2676} INFO - Sync 1 DAGs
[2023-01-14T21:22:18.524+0000] {logging_mixin.py:137} INFO - [2023-01-14T21:22:18.524+0000] {dag.py:3423} INFO - Setting next_dagrun for example_branch_labels to 2023-01-13T00:00:00+00:00, run_after=2023-01-14T00:00:00+00:00
[2023-01-14T21:22:18.608+0000] {processor.py:175} INFO - Processing /media/prempeh/Nouveau nom/MASTER2/DATA ENGINEERING/airflow/py_env/lib/python3.10/site-packages/airflow/example_dags/example_branch_labels.py took 0.553 seconds
[2023-01-14T21:23:34.374+0000] {processor.py:153} INFO - Started process (PID=10349) to work on /media/prempeh/Nouveau nom/MASTER2/DATA ENGINEERING/airflow/py_env/lib/python3.10/site-packages/airflow/example_dags/example_branch_labels.py
[2023-01-14T21:23:34.377+0000] {processor.py:743} INFO - Processing file /media/prempeh/Nouveau nom/MASTER2/DATA ENGINEERING/airflow/py_env/lib/python3.10/site-packages/airflow/example_dags/example_branch_labels.py for tasks to queue
[2023-01-14T21:23:34.382+0000] {logging_mixin.py:137} INFO - [2023-01-14T21:23:34.381+0000] {dagbag.py:538} INFO - Filling up the DagBag from /media/prempeh/Nouveau nom/MASTER2/DATA ENGINEERING/airflow/py_env/lib/python3.10/site-packages/airflow/example_dags/example_branch_labels.py
[2023-01-14T21:23:34.517+0000] {processor.py:753} INFO - DAG(s) dict_keys(['example_branch_labels']) retrieved from /media/prempeh/Nouveau nom/MASTER2/DATA ENGINEERING/airflow/py_env/lib/python3.10/site-packages/airflow/example_dags/example_branch_labels.py
[2023-01-14T21:23:34.649+0000] {logging_mixin.py:137} INFO - [2023-01-14T21:23:34.648+0000] {dag.py:2676} INFO - Sync 1 DAGs
[2023-01-14T21:23:34.721+0000] {logging_mixin.py:137} INFO - [2023-01-14T21:23:34.720+0000] {dag.py:3423} INFO - Setting next_dagrun for example_branch_labels to 2023-01-13T00:00:00+00:00, run_after=2023-01-14T00:00:00+00:00
[2023-01-14T21:23:34.799+0000] {processor.py:175} INFO - Processing /media/prempeh/Nouveau nom/MASTER2/DATA ENGINEERING/airflow/py_env/lib/python3.10/site-packages/airflow/example_dags/example_branch_labels.py took 0.433 seconds
[2023-01-14T21:24:38.039+0000] {processor.py:153} INFO - Started process (PID=10424) to work on /media/prempeh/Nouveau nom/MASTER2/DATA ENGINEERING/airflow/py_env/lib/python3.10/site-packages/airflow/example_dags/example_branch_labels.py
[2023-01-14T21:24:38.041+0000] {processor.py:743} INFO - Processing file /media/prempeh/Nouveau nom/MASTER2/DATA ENGINEERING/airflow/py_env/lib/python3.10/site-packages/airflow/example_dags/example_branch_labels.py for tasks to queue
[2023-01-14T21:24:38.046+0000] {logging_mixin.py:137} INFO - [2023-01-14T21:24:38.045+0000] {dagbag.py:538} INFO - Filling up the DagBag from /media/prempeh/Nouveau nom/MASTER2/DATA ENGINEERING/airflow/py_env/lib/python3.10/site-packages/airflow/example_dags/example_branch_labels.py
[2023-01-14T21:24:38.156+0000] {processor.py:753} INFO - DAG(s) dict_keys(['example_branch_labels']) retrieved from /media/prempeh/Nouveau nom/MASTER2/DATA ENGINEERING/airflow/py_env/lib/python3.10/site-packages/airflow/example_dags/example_branch_labels.py
[2023-01-14T21:24:38.269+0000] {logging_mixin.py:137} INFO - [2023-01-14T21:24:38.269+0000] {dag.py:2676} INFO - Sync 1 DAGs
[2023-01-14T21:24:38.339+0000] {logging_mixin.py:137} INFO - [2023-01-14T21:24:38.339+0000] {dag.py:3423} INFO - Setting next_dagrun for example_branch_labels to 2023-01-13T00:00:00+00:00, run_after=2023-01-14T00:00:00+00:00
[2023-01-14T21:24:38.406+0000] {processor.py:175} INFO - Processing /media/prempeh/Nouveau nom/MASTER2/DATA ENGINEERING/airflow/py_env/lib/python3.10/site-packages/airflow/example_dags/example_branch_labels.py took 0.376 seconds
[2023-01-14T21:25:51.377+0000] {processor.py:153} INFO - Started process (PID=10553) to work on /media/prempeh/Nouveau nom/MASTER2/DATA ENGINEERING/airflow/py_env/lib/python3.10/site-packages/airflow/example_dags/example_branch_labels.py
[2023-01-14T21:25:51.380+0000] {processor.py:743} INFO - Processing file /media/prempeh/Nouveau nom/MASTER2/DATA ENGINEERING/airflow/py_env/lib/python3.10/site-packages/airflow/example_dags/example_branch_labels.py for tasks to queue
[2023-01-14T21:25:51.386+0000] {logging_mixin.py:137} INFO - [2023-01-14T21:25:51.386+0000] {dagbag.py:538} INFO - Filling up the DagBag from /media/prempeh/Nouveau nom/MASTER2/DATA ENGINEERING/airflow/py_env/lib/python3.10/site-packages/airflow/example_dags/example_branch_labels.py
[2023-01-14T21:25:51.521+0000] {processor.py:753} INFO - DAG(s) dict_keys(['example_branch_labels']) retrieved from /media/prempeh/Nouveau nom/MASTER2/DATA ENGINEERING/airflow/py_env/lib/python3.10/site-packages/airflow/example_dags/example_branch_labels.py
[2023-01-14T21:25:51.660+0000] {logging_mixin.py:137} INFO - [2023-01-14T21:25:51.660+0000] {dag.py:2676} INFO - Sync 1 DAGs
[2023-01-14T21:25:51.734+0000] {logging_mixin.py:137} INFO - [2023-01-14T21:25:51.734+0000] {dag.py:3423} INFO - Setting next_dagrun for example_branch_labels to 2023-01-13T00:00:00+00:00, run_after=2023-01-14T00:00:00+00:00
[2023-01-14T21:25:51.807+0000] {processor.py:175} INFO - Processing /media/prempeh/Nouveau nom/MASTER2/DATA ENGINEERING/airflow/py_env/lib/python3.10/site-packages/airflow/example_dags/example_branch_labels.py took 0.441 seconds
[2023-01-14T21:27:02.407+0000] {processor.py:153} INFO - Started process (PID=10697) to work on /media/prempeh/Nouveau nom/MASTER2/DATA ENGINEERING/airflow/py_env/lib/python3.10/site-packages/airflow/example_dags/example_branch_labels.py
[2023-01-14T21:27:02.413+0000] {processor.py:743} INFO - Processing file /media/prempeh/Nouveau nom/MASTER2/DATA ENGINEERING/airflow/py_env/lib/python3.10/site-packages/airflow/example_dags/example_branch_labels.py for tasks to queue
[2023-01-14T21:27:02.423+0000] {logging_mixin.py:137} INFO - [2023-01-14T21:27:02.422+0000] {dagbag.py:538} INFO - Filling up the DagBag from /media/prempeh/Nouveau nom/MASTER2/DATA ENGINEERING/airflow/py_env/lib/python3.10/site-packages/airflow/example_dags/example_branch_labels.py
[2023-01-14T21:27:02.609+0000] {processor.py:753} INFO - DAG(s) dict_keys(['example_branch_labels']) retrieved from /media/prempeh/Nouveau nom/MASTER2/DATA ENGINEERING/airflow/py_env/lib/python3.10/site-packages/airflow/example_dags/example_branch_labels.py
[2023-01-14T21:27:02.765+0000] {logging_mixin.py:137} INFO - [2023-01-14T21:27:02.765+0000] {dag.py:2676} INFO - Sync 1 DAGs
[2023-01-14T21:27:02.888+0000] {logging_mixin.py:137} INFO - [2023-01-14T21:27:02.887+0000] {dag.py:3423} INFO - Setting next_dagrun for example_branch_labels to 2023-01-13T00:00:00+00:00, run_after=2023-01-14T00:00:00+00:00
[2023-01-14T21:27:03.011+0000] {processor.py:175} INFO - Processing /media/prempeh/Nouveau nom/MASTER2/DATA ENGINEERING/airflow/py_env/lib/python3.10/site-packages/airflow/example_dags/example_branch_labels.py took 0.621 seconds
