[2023-01-14T20:53:19.290+0000] {processor.py:153} INFO - Started process (PID=6551) to work on /media/prempeh/Nouveau nom/MASTER2/DATA ENGINEERING/airflow/py_env/lib/python3.10/site-packages/airflow/example_dags/example_local_kubernetes_executor.py
[2023-01-14T20:53:19.293+0000] {processor.py:743} INFO - Processing file /media/prempeh/Nouveau nom/MASTER2/DATA ENGINEERING/airflow/py_env/lib/python3.10/site-packages/airflow/example_dags/example_local_kubernetes_executor.py for tasks to queue
[2023-01-14T20:53:19.300+0000] {logging_mixin.py:137} INFO - [2023-01-14T20:53:19.299+0000] {dagbag.py:538} INFO - Filling up the DagBag from /media/prempeh/Nouveau nom/MASTER2/DATA ENGINEERING/airflow/py_env/lib/python3.10/site-packages/airflow/example_dags/example_local_kubernetes_executor.py
[2023-01-14T20:53:19.482+0000] {logging_mixin.py:137} INFO - [2023-01-14T20:53:19.477+0000] {example_local_kubernetes_executor.py:39} WARNING - Could not import DAGs in example_local_kubernetes_executor.py
Traceback (most recent call last):
  File "/media/prempeh/Nouveau nom/MASTER2/DATA ENGINEERING/airflow/py_env/lib/python3.10/site-packages/airflow/example_dags/example_local_kubernetes_executor.py", line 37, in <module>
    from kubernetes.client import models as k8s
ModuleNotFoundError: No module named 'kubernetes'
[2023-01-14T20:53:19.483+0000] {logging_mixin.py:137} INFO - [2023-01-14T20:53:19.483+0000] {example_local_kubernetes_executor.py:40} WARNING - Install Kubernetes dependencies with: pip install apache-airflow[cncf.kubernetes]
[2023-01-14T20:53:19.484+0000] {processor.py:755} WARNING - No viable dags retrieved from /media/prempeh/Nouveau nom/MASTER2/DATA ENGINEERING/airflow/py_env/lib/python3.10/site-packages/airflow/example_dags/example_local_kubernetes_executor.py
[2023-01-14T20:53:19.515+0000] {processor.py:175} INFO - Processing /media/prempeh/Nouveau nom/MASTER2/DATA ENGINEERING/airflow/py_env/lib/python3.10/site-packages/airflow/example_dags/example_local_kubernetes_executor.py took 0.239 seconds
[2023-01-14T20:54:26.834+0000] {processor.py:153} INFO - Started process (PID=6726) to work on /media/prempeh/Nouveau nom/MASTER2/DATA ENGINEERING/airflow/py_env/lib/python3.10/site-packages/airflow/example_dags/example_local_kubernetes_executor.py
[2023-01-14T20:54:26.836+0000] {processor.py:743} INFO - Processing file /media/prempeh/Nouveau nom/MASTER2/DATA ENGINEERING/airflow/py_env/lib/python3.10/site-packages/airflow/example_dags/example_local_kubernetes_executor.py for tasks to queue
[2023-01-14T20:54:26.842+0000] {logging_mixin.py:137} INFO - [2023-01-14T20:54:26.841+0000] {dagbag.py:538} INFO - Filling up the DagBag from /media/prempeh/Nouveau nom/MASTER2/DATA ENGINEERING/airflow/py_env/lib/python3.10/site-packages/airflow/example_dags/example_local_kubernetes_executor.py
[2023-01-14T20:54:26.968+0000] {logging_mixin.py:137} INFO - [2023-01-14T20:54:26.965+0000] {example_local_kubernetes_executor.py:39} WARNING - Could not import DAGs in example_local_kubernetes_executor.py
Traceback (most recent call last):
  File "/media/prempeh/Nouveau nom/MASTER2/DATA ENGINEERING/airflow/py_env/lib/python3.10/site-packages/airflow/example_dags/example_local_kubernetes_executor.py", line 37, in <module>
    from kubernetes.client import models as k8s
ModuleNotFoundError: No module named 'kubernetes'
[2023-01-14T20:54:26.969+0000] {logging_mixin.py:137} INFO - [2023-01-14T20:54:26.968+0000] {example_local_kubernetes_executor.py:40} WARNING - Install Kubernetes dependencies with: pip install apache-airflow[cncf.kubernetes]
[2023-01-14T20:54:26.970+0000] {processor.py:755} WARNING - No viable dags retrieved from /media/prempeh/Nouveau nom/MASTER2/DATA ENGINEERING/airflow/py_env/lib/python3.10/site-packages/airflow/example_dags/example_local_kubernetes_executor.py
[2023-01-14T20:54:26.996+0000] {processor.py:175} INFO - Processing /media/prempeh/Nouveau nom/MASTER2/DATA ENGINEERING/airflow/py_env/lib/python3.10/site-packages/airflow/example_dags/example_local_kubernetes_executor.py took 0.170 seconds
[2023-01-14T20:55:29.177+0000] {processor.py:153} INFO - Started process (PID=6764) to work on /media/prempeh/Nouveau nom/MASTER2/DATA ENGINEERING/airflow/py_env/lib/python3.10/site-packages/airflow/example_dags/example_local_kubernetes_executor.py
[2023-01-14T20:55:29.180+0000] {processor.py:743} INFO - Processing file /media/prempeh/Nouveau nom/MASTER2/DATA ENGINEERING/airflow/py_env/lib/python3.10/site-packages/airflow/example_dags/example_local_kubernetes_executor.py for tasks to queue
[2023-01-14T20:55:29.185+0000] {logging_mixin.py:137} INFO - [2023-01-14T20:55:29.184+0000] {dagbag.py:538} INFO - Filling up the DagBag from /media/prempeh/Nouveau nom/MASTER2/DATA ENGINEERING/airflow/py_env/lib/python3.10/site-packages/airflow/example_dags/example_local_kubernetes_executor.py
[2023-01-14T20:55:29.315+0000] {logging_mixin.py:137} INFO - [2023-01-14T20:55:29.312+0000] {example_local_kubernetes_executor.py:39} WARNING - Could not import DAGs in example_local_kubernetes_executor.py
Traceback (most recent call last):
  File "/media/prempeh/Nouveau nom/MASTER2/DATA ENGINEERING/airflow/py_env/lib/python3.10/site-packages/airflow/example_dags/example_local_kubernetes_executor.py", line 37, in <module>
    from kubernetes.client import models as k8s
ModuleNotFoundError: No module named 'kubernetes'
[2023-01-14T20:55:29.316+0000] {logging_mixin.py:137} INFO - [2023-01-14T20:55:29.316+0000] {example_local_kubernetes_executor.py:40} WARNING - Install Kubernetes dependencies with: pip install apache-airflow[cncf.kubernetes]
[2023-01-14T20:55:29.317+0000] {processor.py:755} WARNING - No viable dags retrieved from /media/prempeh/Nouveau nom/MASTER2/DATA ENGINEERING/airflow/py_env/lib/python3.10/site-packages/airflow/example_dags/example_local_kubernetes_executor.py
[2023-01-14T20:55:29.344+0000] {processor.py:175} INFO - Processing /media/prempeh/Nouveau nom/MASTER2/DATA ENGINEERING/airflow/py_env/lib/python3.10/site-packages/airflow/example_dags/example_local_kubernetes_executor.py took 0.177 seconds
[2023-01-14T20:56:26.034+0000] {processor.py:153} INFO - Started process (PID=6889) to work on /media/prempeh/Nouveau nom/MASTER2/DATA ENGINEERING/airflow/py_env/lib/python3.10/site-packages/airflow/example_dags/example_local_kubernetes_executor.py
[2023-01-14T20:56:26.038+0000] {processor.py:743} INFO - Processing file /media/prempeh/Nouveau nom/MASTER2/DATA ENGINEERING/airflow/py_env/lib/python3.10/site-packages/airflow/example_dags/example_local_kubernetes_executor.py for tasks to queue
[2023-01-14T20:56:26.042+0000] {logging_mixin.py:137} INFO - [2023-01-14T20:56:26.042+0000] {dagbag.py:538} INFO - Filling up the DagBag from /media/prempeh/Nouveau nom/MASTER2/DATA ENGINEERING/airflow/py_env/lib/python3.10/site-packages/airflow/example_dags/example_local_kubernetes_executor.py
[2023-01-14T20:56:26.160+0000] {logging_mixin.py:137} INFO - [2023-01-14T20:56:26.158+0000] {example_local_kubernetes_executor.py:39} WARNING - Could not import DAGs in example_local_kubernetes_executor.py
Traceback (most recent call last):
  File "/media/prempeh/Nouveau nom/MASTER2/DATA ENGINEERING/airflow/py_env/lib/python3.10/site-packages/airflow/example_dags/example_local_kubernetes_executor.py", line 37, in <module>
    from kubernetes.client import models as k8s
ModuleNotFoundError: No module named 'kubernetes'
[2023-01-14T20:56:26.161+0000] {logging_mixin.py:137} INFO - [2023-01-14T20:56:26.161+0000] {example_local_kubernetes_executor.py:40} WARNING - Install Kubernetes dependencies with: pip install apache-airflow[cncf.kubernetes]
[2023-01-14T20:56:26.162+0000] {processor.py:755} WARNING - No viable dags retrieved from /media/prempeh/Nouveau nom/MASTER2/DATA ENGINEERING/airflow/py_env/lib/python3.10/site-packages/airflow/example_dags/example_local_kubernetes_executor.py
[2023-01-14T20:56:26.190+0000] {processor.py:175} INFO - Processing /media/prempeh/Nouveau nom/MASTER2/DATA ENGINEERING/airflow/py_env/lib/python3.10/site-packages/airflow/example_dags/example_local_kubernetes_executor.py took 0.165 seconds
[2023-01-14T20:57:27.522+0000] {processor.py:153} INFO - Started process (PID=7085) to work on /media/prempeh/Nouveau nom/MASTER2/DATA ENGINEERING/airflow/py_env/lib/python3.10/site-packages/airflow/example_dags/example_local_kubernetes_executor.py
[2023-01-14T20:57:27.525+0000] {processor.py:743} INFO - Processing file /media/prempeh/Nouveau nom/MASTER2/DATA ENGINEERING/airflow/py_env/lib/python3.10/site-packages/airflow/example_dags/example_local_kubernetes_executor.py for tasks to queue
[2023-01-14T20:57:27.531+0000] {logging_mixin.py:137} INFO - [2023-01-14T20:57:27.530+0000] {dagbag.py:538} INFO - Filling up the DagBag from /media/prempeh/Nouveau nom/MASTER2/DATA ENGINEERING/airflow/py_env/lib/python3.10/site-packages/airflow/example_dags/example_local_kubernetes_executor.py
[2023-01-14T20:57:27.653+0000] {logging_mixin.py:137} INFO - [2023-01-14T20:57:27.649+0000] {example_local_kubernetes_executor.py:39} WARNING - Could not import DAGs in example_local_kubernetes_executor.py
Traceback (most recent call last):
  File "/media/prempeh/Nouveau nom/MASTER2/DATA ENGINEERING/airflow/py_env/lib/python3.10/site-packages/airflow/example_dags/example_local_kubernetes_executor.py", line 37, in <module>
    from kubernetes.client import models as k8s
ModuleNotFoundError: No module named 'kubernetes'
[2023-01-14T20:57:27.654+0000] {logging_mixin.py:137} INFO - [2023-01-14T20:57:27.654+0000] {example_local_kubernetes_executor.py:40} WARNING - Install Kubernetes dependencies with: pip install apache-airflow[cncf.kubernetes]
[2023-01-14T20:57:27.656+0000] {processor.py:755} WARNING - No viable dags retrieved from /media/prempeh/Nouveau nom/MASTER2/DATA ENGINEERING/airflow/py_env/lib/python3.10/site-packages/airflow/example_dags/example_local_kubernetes_executor.py
[2023-01-14T20:57:27.680+0000] {processor.py:175} INFO - Processing /media/prempeh/Nouveau nom/MASTER2/DATA ENGINEERING/airflow/py_env/lib/python3.10/site-packages/airflow/example_dags/example_local_kubernetes_executor.py took 0.168 seconds
[2023-01-14T20:58:26.885+0000] {processor.py:153} INFO - Started process (PID=7128) to work on /media/prempeh/Nouveau nom/MASTER2/DATA ENGINEERING/airflow/py_env/lib/python3.10/site-packages/airflow/example_dags/example_local_kubernetes_executor.py
[2023-01-14T20:58:26.888+0000] {processor.py:743} INFO - Processing file /media/prempeh/Nouveau nom/MASTER2/DATA ENGINEERING/airflow/py_env/lib/python3.10/site-packages/airflow/example_dags/example_local_kubernetes_executor.py for tasks to queue
[2023-01-14T20:58:26.893+0000] {logging_mixin.py:137} INFO - [2023-01-14T20:58:26.892+0000] {dagbag.py:538} INFO - Filling up the DagBag from /media/prempeh/Nouveau nom/MASTER2/DATA ENGINEERING/airflow/py_env/lib/python3.10/site-packages/airflow/example_dags/example_local_kubernetes_executor.py
[2023-01-14T20:58:27.003+0000] {logging_mixin.py:137} INFO - [2023-01-14T20:58:27.000+0000] {example_local_kubernetes_executor.py:39} WARNING - Could not import DAGs in example_local_kubernetes_executor.py
Traceback (most recent call last):
  File "/media/prempeh/Nouveau nom/MASTER2/DATA ENGINEERING/airflow/py_env/lib/python3.10/site-packages/airflow/example_dags/example_local_kubernetes_executor.py", line 37, in <module>
    from kubernetes.client import models as k8s
ModuleNotFoundError: No module named 'kubernetes'
[2023-01-14T20:58:27.004+0000] {logging_mixin.py:137} INFO - [2023-01-14T20:58:27.003+0000] {example_local_kubernetes_executor.py:40} WARNING - Install Kubernetes dependencies with: pip install apache-airflow[cncf.kubernetes]
[2023-01-14T20:58:27.005+0000] {processor.py:755} WARNING - No viable dags retrieved from /media/prempeh/Nouveau nom/MASTER2/DATA ENGINEERING/airflow/py_env/lib/python3.10/site-packages/airflow/example_dags/example_local_kubernetes_executor.py
[2023-01-14T20:58:27.030+0000] {processor.py:175} INFO - Processing /media/prempeh/Nouveau nom/MASTER2/DATA ENGINEERING/airflow/py_env/lib/python3.10/site-packages/airflow/example_dags/example_local_kubernetes_executor.py took 0.153 seconds
[2023-01-14T20:59:26.483+0000] {processor.py:153} INFO - Started process (PID=7177) to work on /media/prempeh/Nouveau nom/MASTER2/DATA ENGINEERING/airflow/py_env/lib/python3.10/site-packages/airflow/example_dags/example_local_kubernetes_executor.py
[2023-01-14T20:59:26.486+0000] {processor.py:743} INFO - Processing file /media/prempeh/Nouveau nom/MASTER2/DATA ENGINEERING/airflow/py_env/lib/python3.10/site-packages/airflow/example_dags/example_local_kubernetes_executor.py for tasks to queue
[2023-01-14T20:59:26.491+0000] {logging_mixin.py:137} INFO - [2023-01-14T20:59:26.491+0000] {dagbag.py:538} INFO - Filling up the DagBag from /media/prempeh/Nouveau nom/MASTER2/DATA ENGINEERING/airflow/py_env/lib/python3.10/site-packages/airflow/example_dags/example_local_kubernetes_executor.py
[2023-01-14T20:59:26.626+0000] {logging_mixin.py:137} INFO - [2023-01-14T20:59:26.623+0000] {example_local_kubernetes_executor.py:39} WARNING - Could not import DAGs in example_local_kubernetes_executor.py
Traceback (most recent call last):
  File "/media/prempeh/Nouveau nom/MASTER2/DATA ENGINEERING/airflow/py_env/lib/python3.10/site-packages/airflow/example_dags/example_local_kubernetes_executor.py", line 37, in <module>
    from kubernetes.client import models as k8s
ModuleNotFoundError: No module named 'kubernetes'
[2023-01-14T20:59:26.628+0000] {logging_mixin.py:137} INFO - [2023-01-14T20:59:26.627+0000] {example_local_kubernetes_executor.py:40} WARNING - Install Kubernetes dependencies with: pip install apache-airflow[cncf.kubernetes]
[2023-01-14T20:59:26.629+0000] {processor.py:755} WARNING - No viable dags retrieved from /media/prempeh/Nouveau nom/MASTER2/DATA ENGINEERING/airflow/py_env/lib/python3.10/site-packages/airflow/example_dags/example_local_kubernetes_executor.py
[2023-01-14T20:59:26.653+0000] {processor.py:175} INFO - Processing /media/prempeh/Nouveau nom/MASTER2/DATA ENGINEERING/airflow/py_env/lib/python3.10/site-packages/airflow/example_dags/example_local_kubernetes_executor.py took 0.180 seconds
[2023-01-14T21:00:24.625+0000] {processor.py:153} INFO - Started process (PID=7260) to work on /media/prempeh/Nouveau nom/MASTER2/DATA ENGINEERING/airflow/py_env/lib/python3.10/site-packages/airflow/example_dags/example_local_kubernetes_executor.py
[2023-01-14T21:00:24.628+0000] {processor.py:743} INFO - Processing file /media/prempeh/Nouveau nom/MASTER2/DATA ENGINEERING/airflow/py_env/lib/python3.10/site-packages/airflow/example_dags/example_local_kubernetes_executor.py for tasks to queue
[2023-01-14T21:00:24.635+0000] {logging_mixin.py:137} INFO - [2023-01-14T21:00:24.635+0000] {dagbag.py:538} INFO - Filling up the DagBag from /media/prempeh/Nouveau nom/MASTER2/DATA ENGINEERING/airflow/py_env/lib/python3.10/site-packages/airflow/example_dags/example_local_kubernetes_executor.py
[2023-01-14T21:00:24.801+0000] {logging_mixin.py:137} INFO - [2023-01-14T21:00:24.797+0000] {example_local_kubernetes_executor.py:39} WARNING - Could not import DAGs in example_local_kubernetes_executor.py
Traceback (most recent call last):
  File "/media/prempeh/Nouveau nom/MASTER2/DATA ENGINEERING/airflow/py_env/lib/python3.10/site-packages/airflow/example_dags/example_local_kubernetes_executor.py", line 37, in <module>
    from kubernetes.client import models as k8s
ModuleNotFoundError: No module named 'kubernetes'
[2023-01-14T21:00:24.802+0000] {logging_mixin.py:137} INFO - [2023-01-14T21:00:24.802+0000] {example_local_kubernetes_executor.py:40} WARNING - Install Kubernetes dependencies with: pip install apache-airflow[cncf.kubernetes]
[2023-01-14T21:00:24.803+0000] {processor.py:755} WARNING - No viable dags retrieved from /media/prempeh/Nouveau nom/MASTER2/DATA ENGINEERING/airflow/py_env/lib/python3.10/site-packages/airflow/example_dags/example_local_kubernetes_executor.py
[2023-01-14T21:00:24.836+0000] {processor.py:175} INFO - Processing /media/prempeh/Nouveau nom/MASTER2/DATA ENGINEERING/airflow/py_env/lib/python3.10/site-packages/airflow/example_dags/example_local_kubernetes_executor.py took 0.223 seconds
[2023-01-14T21:01:21.857+0000] {processor.py:153} INFO - Started process (PID=7306) to work on /media/prempeh/Nouveau nom/MASTER2/DATA ENGINEERING/airflow/py_env/lib/python3.10/site-packages/airflow/example_dags/example_local_kubernetes_executor.py
[2023-01-14T21:01:21.862+0000] {processor.py:743} INFO - Processing file /media/prempeh/Nouveau nom/MASTER2/DATA ENGINEERING/airflow/py_env/lib/python3.10/site-packages/airflow/example_dags/example_local_kubernetes_executor.py for tasks to queue
[2023-01-14T21:01:21.871+0000] {logging_mixin.py:137} INFO - [2023-01-14T21:01:21.871+0000] {dagbag.py:538} INFO - Filling up the DagBag from /media/prempeh/Nouveau nom/MASTER2/DATA ENGINEERING/airflow/py_env/lib/python3.10/site-packages/airflow/example_dags/example_local_kubernetes_executor.py
[2023-01-14T21:01:22.032+0000] {logging_mixin.py:137} INFO - [2023-01-14T21:01:22.027+0000] {example_local_kubernetes_executor.py:39} WARNING - Could not import DAGs in example_local_kubernetes_executor.py
Traceback (most recent call last):
  File "/media/prempeh/Nouveau nom/MASTER2/DATA ENGINEERING/airflow/py_env/lib/python3.10/site-packages/airflow/example_dags/example_local_kubernetes_executor.py", line 37, in <module>
    from kubernetes.client import models as k8s
ModuleNotFoundError: No module named 'kubernetes'
[2023-01-14T21:01:22.033+0000] {logging_mixin.py:137} INFO - [2023-01-14T21:01:22.033+0000] {example_local_kubernetes_executor.py:40} WARNING - Install Kubernetes dependencies with: pip install apache-airflow[cncf.kubernetes]
[2023-01-14T21:01:22.034+0000] {processor.py:755} WARNING - No viable dags retrieved from /media/prempeh/Nouveau nom/MASTER2/DATA ENGINEERING/airflow/py_env/lib/python3.10/site-packages/airflow/example_dags/example_local_kubernetes_executor.py
[2023-01-14T21:01:22.064+0000] {processor.py:175} INFO - Processing /media/prempeh/Nouveau nom/MASTER2/DATA ENGINEERING/airflow/py_env/lib/python3.10/site-packages/airflow/example_dags/example_local_kubernetes_executor.py took 0.221 seconds
[2023-01-14T21:02:15.958+0000] {processor.py:153} INFO - Started process (PID=7371) to work on /media/prempeh/Nouveau nom/MASTER2/DATA ENGINEERING/airflow/py_env/lib/python3.10/site-packages/airflow/example_dags/example_local_kubernetes_executor.py
[2023-01-14T21:02:15.960+0000] {processor.py:743} INFO - Processing file /media/prempeh/Nouveau nom/MASTER2/DATA ENGINEERING/airflow/py_env/lib/python3.10/site-packages/airflow/example_dags/example_local_kubernetes_executor.py for tasks to queue
[2023-01-14T21:02:15.964+0000] {logging_mixin.py:137} INFO - [2023-01-14T21:02:15.964+0000] {dagbag.py:538} INFO - Filling up the DagBag from /media/prempeh/Nouveau nom/MASTER2/DATA ENGINEERING/airflow/py_env/lib/python3.10/site-packages/airflow/example_dags/example_local_kubernetes_executor.py
[2023-01-14T21:02:16.085+0000] {logging_mixin.py:137} INFO - [2023-01-14T21:02:16.081+0000] {example_local_kubernetes_executor.py:39} WARNING - Could not import DAGs in example_local_kubernetes_executor.py
Traceback (most recent call last):
  File "/media/prempeh/Nouveau nom/MASTER2/DATA ENGINEERING/airflow/py_env/lib/python3.10/site-packages/airflow/example_dags/example_local_kubernetes_executor.py", line 37, in <module>
    from kubernetes.client import models as k8s
ModuleNotFoundError: No module named 'kubernetes'
[2023-01-14T21:02:16.086+0000] {logging_mixin.py:137} INFO - [2023-01-14T21:02:16.085+0000] {example_local_kubernetes_executor.py:40} WARNING - Install Kubernetes dependencies with: pip install apache-airflow[cncf.kubernetes]
[2023-01-14T21:02:16.087+0000] {processor.py:755} WARNING - No viable dags retrieved from /media/prempeh/Nouveau nom/MASTER2/DATA ENGINEERING/airflow/py_env/lib/python3.10/site-packages/airflow/example_dags/example_local_kubernetes_executor.py
[2023-01-14T21:02:16.112+0000] {processor.py:175} INFO - Processing /media/prempeh/Nouveau nom/MASTER2/DATA ENGINEERING/airflow/py_env/lib/python3.10/site-packages/airflow/example_dags/example_local_kubernetes_executor.py took 0.162 seconds
[2023-01-14T21:03:06.703+0000] {processor.py:153} INFO - Started process (PID=7413) to work on /media/prempeh/Nouveau nom/MASTER2/DATA ENGINEERING/airflow/py_env/lib/python3.10/site-packages/airflow/example_dags/example_local_kubernetes_executor.py
[2023-01-14T21:03:06.707+0000] {processor.py:743} INFO - Processing file /media/prempeh/Nouveau nom/MASTER2/DATA ENGINEERING/airflow/py_env/lib/python3.10/site-packages/airflow/example_dags/example_local_kubernetes_executor.py for tasks to queue
[2023-01-14T21:03:06.713+0000] {logging_mixin.py:137} INFO - [2023-01-14T21:03:06.712+0000] {dagbag.py:538} INFO - Filling up the DagBag from /media/prempeh/Nouveau nom/MASTER2/DATA ENGINEERING/airflow/py_env/lib/python3.10/site-packages/airflow/example_dags/example_local_kubernetes_executor.py
[2023-01-14T21:03:06.846+0000] {logging_mixin.py:137} INFO - [2023-01-14T21:03:06.843+0000] {example_local_kubernetes_executor.py:39} WARNING - Could not import DAGs in example_local_kubernetes_executor.py
Traceback (most recent call last):
  File "/media/prempeh/Nouveau nom/MASTER2/DATA ENGINEERING/airflow/py_env/lib/python3.10/site-packages/airflow/example_dags/example_local_kubernetes_executor.py", line 37, in <module>
    from kubernetes.client import models as k8s
ModuleNotFoundError: No module named 'kubernetes'
[2023-01-14T21:03:06.847+0000] {logging_mixin.py:137} INFO - [2023-01-14T21:03:06.847+0000] {example_local_kubernetes_executor.py:40} WARNING - Install Kubernetes dependencies with: pip install apache-airflow[cncf.kubernetes]
[2023-01-14T21:03:06.848+0000] {processor.py:755} WARNING - No viable dags retrieved from /media/prempeh/Nouveau nom/MASTER2/DATA ENGINEERING/airflow/py_env/lib/python3.10/site-packages/airflow/example_dags/example_local_kubernetes_executor.py
[2023-01-14T21:03:06.877+0000] {processor.py:175} INFO - Processing /media/prempeh/Nouveau nom/MASTER2/DATA ENGINEERING/airflow/py_env/lib/python3.10/site-packages/airflow/example_dags/example_local_kubernetes_executor.py took 0.188 seconds
[2023-01-14T21:04:02.118+0000] {processor.py:153} INFO - Started process (PID=7480) to work on /media/prempeh/Nouveau nom/MASTER2/DATA ENGINEERING/airflow/py_env/lib/python3.10/site-packages/airflow/example_dags/example_local_kubernetes_executor.py
[2023-01-14T21:04:02.121+0000] {processor.py:743} INFO - Processing file /media/prempeh/Nouveau nom/MASTER2/DATA ENGINEERING/airflow/py_env/lib/python3.10/site-packages/airflow/example_dags/example_local_kubernetes_executor.py for tasks to queue
[2023-01-14T21:04:02.126+0000] {logging_mixin.py:137} INFO - [2023-01-14T21:04:02.126+0000] {dagbag.py:538} INFO - Filling up the DagBag from /media/prempeh/Nouveau nom/MASTER2/DATA ENGINEERING/airflow/py_env/lib/python3.10/site-packages/airflow/example_dags/example_local_kubernetes_executor.py
[2023-01-14T21:04:02.326+0000] {logging_mixin.py:137} INFO - [2023-01-14T21:04:02.322+0000] {example_local_kubernetes_executor.py:39} WARNING - Could not import DAGs in example_local_kubernetes_executor.py
Traceback (most recent call last):
  File "/media/prempeh/Nouveau nom/MASTER2/DATA ENGINEERING/airflow/py_env/lib/python3.10/site-packages/airflow/example_dags/example_local_kubernetes_executor.py", line 37, in <module>
    from kubernetes.client import models as k8s
ModuleNotFoundError: No module named 'kubernetes'
[2023-01-14T21:04:02.327+0000] {logging_mixin.py:137} INFO - [2023-01-14T21:04:02.327+0000] {example_local_kubernetes_executor.py:40} WARNING - Install Kubernetes dependencies with: pip install apache-airflow[cncf.kubernetes]
[2023-01-14T21:04:02.328+0000] {processor.py:755} WARNING - No viable dags retrieved from /media/prempeh/Nouveau nom/MASTER2/DATA ENGINEERING/airflow/py_env/lib/python3.10/site-packages/airflow/example_dags/example_local_kubernetes_executor.py
[2023-01-14T21:04:02.369+0000] {processor.py:175} INFO - Processing /media/prempeh/Nouveau nom/MASTER2/DATA ENGINEERING/airflow/py_env/lib/python3.10/site-packages/airflow/example_dags/example_local_kubernetes_executor.py took 0.264 seconds
[2023-01-14T21:05:06.507+0000] {processor.py:153} INFO - Started process (PID=7532) to work on /media/prempeh/Nouveau nom/MASTER2/DATA ENGINEERING/airflow/py_env/lib/python3.10/site-packages/airflow/example_dags/example_local_kubernetes_executor.py
[2023-01-14T21:05:06.511+0000] {processor.py:743} INFO - Processing file /media/prempeh/Nouveau nom/MASTER2/DATA ENGINEERING/airflow/py_env/lib/python3.10/site-packages/airflow/example_dags/example_local_kubernetes_executor.py for tasks to queue
[2023-01-14T21:05:06.516+0000] {logging_mixin.py:137} INFO - [2023-01-14T21:05:06.516+0000] {dagbag.py:538} INFO - Filling up the DagBag from /media/prempeh/Nouveau nom/MASTER2/DATA ENGINEERING/airflow/py_env/lib/python3.10/site-packages/airflow/example_dags/example_local_kubernetes_executor.py
[2023-01-14T21:05:06.683+0000] {logging_mixin.py:137} INFO - [2023-01-14T21:05:06.677+0000] {example_local_kubernetes_executor.py:39} WARNING - Could not import DAGs in example_local_kubernetes_executor.py
Traceback (most recent call last):
  File "/media/prempeh/Nouveau nom/MASTER2/DATA ENGINEERING/airflow/py_env/lib/python3.10/site-packages/airflow/example_dags/example_local_kubernetes_executor.py", line 37, in <module>
    from kubernetes.client import models as k8s
ModuleNotFoundError: No module named 'kubernetes'
[2023-01-14T21:05:06.684+0000] {logging_mixin.py:137} INFO - [2023-01-14T21:05:06.684+0000] {example_local_kubernetes_executor.py:40} WARNING - Install Kubernetes dependencies with: pip install apache-airflow[cncf.kubernetes]
[2023-01-14T21:05:06.685+0000] {processor.py:755} WARNING - No viable dags retrieved from /media/prempeh/Nouveau nom/MASTER2/DATA ENGINEERING/airflow/py_env/lib/python3.10/site-packages/airflow/example_dags/example_local_kubernetes_executor.py
[2023-01-14T21:05:06.721+0000] {processor.py:175} INFO - Processing /media/prempeh/Nouveau nom/MASTER2/DATA ENGINEERING/airflow/py_env/lib/python3.10/site-packages/airflow/example_dags/example_local_kubernetes_executor.py took 0.223 seconds
[2023-01-14T21:06:05.471+0000] {processor.py:153} INFO - Started process (PID=7629) to work on /media/prempeh/Nouveau nom/MASTER2/DATA ENGINEERING/airflow/py_env/lib/python3.10/site-packages/airflow/example_dags/example_local_kubernetes_executor.py
[2023-01-14T21:06:05.475+0000] {processor.py:743} INFO - Processing file /media/prempeh/Nouveau nom/MASTER2/DATA ENGINEERING/airflow/py_env/lib/python3.10/site-packages/airflow/example_dags/example_local_kubernetes_executor.py for tasks to queue
[2023-01-14T21:06:05.480+0000] {logging_mixin.py:137} INFO - [2023-01-14T21:06:05.480+0000] {dagbag.py:538} INFO - Filling up the DagBag from /media/prempeh/Nouveau nom/MASTER2/DATA ENGINEERING/airflow/py_env/lib/python3.10/site-packages/airflow/example_dags/example_local_kubernetes_executor.py
[2023-01-14T21:06:05.703+0000] {logging_mixin.py:137} INFO - [2023-01-14T21:06:05.699+0000] {example_local_kubernetes_executor.py:39} WARNING - Could not import DAGs in example_local_kubernetes_executor.py
Traceback (most recent call last):
  File "/media/prempeh/Nouveau nom/MASTER2/DATA ENGINEERING/airflow/py_env/lib/python3.10/site-packages/airflow/example_dags/example_local_kubernetes_executor.py", line 37, in <module>
    from kubernetes.client import models as k8s
ModuleNotFoundError: No module named 'kubernetes'
[2023-01-14T21:06:05.704+0000] {logging_mixin.py:137} INFO - [2023-01-14T21:06:05.704+0000] {example_local_kubernetes_executor.py:40} WARNING - Install Kubernetes dependencies with: pip install apache-airflow[cncf.kubernetes]
[2023-01-14T21:06:05.706+0000] {processor.py:755} WARNING - No viable dags retrieved from /media/prempeh/Nouveau nom/MASTER2/DATA ENGINEERING/airflow/py_env/lib/python3.10/site-packages/airflow/example_dags/example_local_kubernetes_executor.py
[2023-01-14T21:06:05.748+0000] {processor.py:175} INFO - Processing /media/prempeh/Nouveau nom/MASTER2/DATA ENGINEERING/airflow/py_env/lib/python3.10/site-packages/airflow/example_dags/example_local_kubernetes_executor.py took 0.293 seconds
[2023-01-14T21:07:12.585+0000] {processor.py:153} INFO - Started process (PID=7865) to work on /media/prempeh/Nouveau nom/MASTER2/DATA ENGINEERING/airflow/py_env/lib/python3.10/site-packages/airflow/example_dags/example_local_kubernetes_executor.py
[2023-01-14T21:07:12.589+0000] {processor.py:743} INFO - Processing file /media/prempeh/Nouveau nom/MASTER2/DATA ENGINEERING/airflow/py_env/lib/python3.10/site-packages/airflow/example_dags/example_local_kubernetes_executor.py for tasks to queue
[2023-01-14T21:07:12.603+0000] {logging_mixin.py:137} INFO - [2023-01-14T21:07:12.602+0000] {dagbag.py:538} INFO - Filling up the DagBag from /media/prempeh/Nouveau nom/MASTER2/DATA ENGINEERING/airflow/py_env/lib/python3.10/site-packages/airflow/example_dags/example_local_kubernetes_executor.py
[2023-01-14T21:07:25.669+0000] {processor.py:753} INFO - DAG(s) dict_keys(['example_local_kubernetes_executor']) retrieved from /media/prempeh/Nouveau nom/MASTER2/DATA ENGINEERING/airflow/py_env/lib/python3.10/site-packages/airflow/example_dags/example_local_kubernetes_executor.py
[2023-01-14T21:07:26.942+0000] {logging_mixin.py:137} INFO - [2023-01-14T21:07:26.942+0000] {manager.py:504} INFO - Created Permission View: can edit on DAG:example_local_kubernetes_executor
[2023-01-14T21:07:27.022+0000] {logging_mixin.py:137} INFO - [2023-01-14T21:07:27.021+0000] {manager.py:504} INFO - Created Permission View: can delete on DAG:example_local_kubernetes_executor
[2023-01-14T21:07:27.064+0000] {logging_mixin.py:137} INFO - [2023-01-14T21:07:27.063+0000] {manager.py:504} INFO - Created Permission View: can read on DAG:example_local_kubernetes_executor
[2023-01-14T21:07:27.073+0000] {logging_mixin.py:137} INFO - [2023-01-14T21:07:27.069+0000] {dag.py:2676} INFO - Sync 1 DAGs
[2023-01-14T21:07:27.207+0000] {logging_mixin.py:137} INFO - [2023-01-14T21:07:27.203+0000] {dag.py:2697} INFO - Creating ORM DAG for example_local_kubernetes_executor
[2023-01-14T21:07:27.324+0000] {logging_mixin.py:137} INFO - [2023-01-14T21:07:27.323+0000] {dag.py:3423} INFO - Setting next_dagrun for example_local_kubernetes_executor to None, run_after=None
[2023-01-14T21:07:27.437+0000] {processor.py:175} INFO - Processing /media/prempeh/Nouveau nom/MASTER2/DATA ENGINEERING/airflow/py_env/lib/python3.10/site-packages/airflow/example_dags/example_local_kubernetes_executor.py took 14.869 seconds
[2023-01-14T21:08:47.136+0000] {processor.py:153} INFO - Started process (PID=8084) to work on /media/prempeh/Nouveau nom/MASTER2/DATA ENGINEERING/airflow/py_env/lib/python3.10/site-packages/airflow/example_dags/example_local_kubernetes_executor.py
[2023-01-14T21:08:47.139+0000] {processor.py:743} INFO - Processing file /media/prempeh/Nouveau nom/MASTER2/DATA ENGINEERING/airflow/py_env/lib/python3.10/site-packages/airflow/example_dags/example_local_kubernetes_executor.py for tasks to queue
[2023-01-14T21:08:47.143+0000] {logging_mixin.py:137} INFO - [2023-01-14T21:08:47.143+0000] {dagbag.py:538} INFO - Filling up the DagBag from /media/prempeh/Nouveau nom/MASTER2/DATA ENGINEERING/airflow/py_env/lib/python3.10/site-packages/airflow/example_dags/example_local_kubernetes_executor.py
[2023-01-14T21:08:50.185+0000] {processor.py:753} INFO - DAG(s) dict_keys(['example_local_kubernetes_executor']) retrieved from /media/prempeh/Nouveau nom/MASTER2/DATA ENGINEERING/airflow/py_env/lib/python3.10/site-packages/airflow/example_dags/example_local_kubernetes_executor.py
[2023-01-14T21:08:50.304+0000] {logging_mixin.py:137} INFO - [2023-01-14T21:08:50.304+0000] {dag.py:2676} INFO - Sync 1 DAGs
[2023-01-14T21:08:50.362+0000] {logging_mixin.py:137} INFO - [2023-01-14T21:08:50.362+0000] {dag.py:3423} INFO - Setting next_dagrun for example_local_kubernetes_executor to None, run_after=None
[2023-01-14T21:08:50.427+0000] {processor.py:175} INFO - Processing /media/prempeh/Nouveau nom/MASTER2/DATA ENGINEERING/airflow/py_env/lib/python3.10/site-packages/airflow/example_dags/example_local_kubernetes_executor.py took 3.300 seconds
[2023-01-14T21:09:46.178+0000] {processor.py:153} INFO - Started process (PID=8130) to work on /media/prempeh/Nouveau nom/MASTER2/DATA ENGINEERING/airflow/py_env/lib/python3.10/site-packages/airflow/example_dags/example_local_kubernetes_executor.py
[2023-01-14T21:09:46.180+0000] {processor.py:743} INFO - Processing file /media/prempeh/Nouveau nom/MASTER2/DATA ENGINEERING/airflow/py_env/lib/python3.10/site-packages/airflow/example_dags/example_local_kubernetes_executor.py for tasks to queue
[2023-01-14T21:09:46.184+0000] {logging_mixin.py:137} INFO - [2023-01-14T21:09:46.184+0000] {dagbag.py:538} INFO - Filling up the DagBag from /media/prempeh/Nouveau nom/MASTER2/DATA ENGINEERING/airflow/py_env/lib/python3.10/site-packages/airflow/example_dags/example_local_kubernetes_executor.py
[2023-01-14T21:09:49.190+0000] {processor.py:753} INFO - DAG(s) dict_keys(['example_local_kubernetes_executor']) retrieved from /media/prempeh/Nouveau nom/MASTER2/DATA ENGINEERING/airflow/py_env/lib/python3.10/site-packages/airflow/example_dags/example_local_kubernetes_executor.py
[2023-01-14T21:09:49.322+0000] {logging_mixin.py:137} INFO - [2023-01-14T21:09:49.321+0000] {dag.py:2676} INFO - Sync 1 DAGs
[2023-01-14T21:09:49.379+0000] {logging_mixin.py:137} INFO - [2023-01-14T21:09:49.379+0000] {dag.py:3423} INFO - Setting next_dagrun for example_local_kubernetes_executor to None, run_after=None
[2023-01-14T21:09:49.446+0000] {processor.py:175} INFO - Processing /media/prempeh/Nouveau nom/MASTER2/DATA ENGINEERING/airflow/py_env/lib/python3.10/site-packages/airflow/example_dags/example_local_kubernetes_executor.py took 3.277 seconds
[2023-01-14T21:10:47.243+0000] {processor.py:153} INFO - Started process (PID=8175) to work on /media/prempeh/Nouveau nom/MASTER2/DATA ENGINEERING/airflow/py_env/lib/python3.10/site-packages/airflow/example_dags/example_local_kubernetes_executor.py
[2023-01-14T21:10:47.246+0000] {processor.py:743} INFO - Processing file /media/prempeh/Nouveau nom/MASTER2/DATA ENGINEERING/airflow/py_env/lib/python3.10/site-packages/airflow/example_dags/example_local_kubernetes_executor.py for tasks to queue
[2023-01-14T21:10:47.251+0000] {logging_mixin.py:137} INFO - [2023-01-14T21:10:47.250+0000] {dagbag.py:538} INFO - Filling up the DagBag from /media/prempeh/Nouveau nom/MASTER2/DATA ENGINEERING/airflow/py_env/lib/python3.10/site-packages/airflow/example_dags/example_local_kubernetes_executor.py
[2023-01-14T21:10:50.286+0000] {processor.py:753} INFO - DAG(s) dict_keys(['example_local_kubernetes_executor']) retrieved from /media/prempeh/Nouveau nom/MASTER2/DATA ENGINEERING/airflow/py_env/lib/python3.10/site-packages/airflow/example_dags/example_local_kubernetes_executor.py
[2023-01-14T21:10:50.406+0000] {logging_mixin.py:137} INFO - [2023-01-14T21:10:50.405+0000] {dag.py:2676} INFO - Sync 1 DAGs
[2023-01-14T21:10:50.460+0000] {logging_mixin.py:137} INFO - [2023-01-14T21:10:50.460+0000] {dag.py:3423} INFO - Setting next_dagrun for example_local_kubernetes_executor to None, run_after=None
[2023-01-14T21:10:50.519+0000] {processor.py:175} INFO - Processing /media/prempeh/Nouveau nom/MASTER2/DATA ENGINEERING/airflow/py_env/lib/python3.10/site-packages/airflow/example_dags/example_local_kubernetes_executor.py took 3.285 seconds
[2023-01-14T21:11:55.741+0000] {processor.py:153} INFO - Started process (PID=8225) to work on /media/prempeh/Nouveau nom/MASTER2/DATA ENGINEERING/airflow/py_env/lib/python3.10/site-packages/airflow/example_dags/example_local_kubernetes_executor.py
[2023-01-14T21:11:55.745+0000] {processor.py:743} INFO - Processing file /media/prempeh/Nouveau nom/MASTER2/DATA ENGINEERING/airflow/py_env/lib/python3.10/site-packages/airflow/example_dags/example_local_kubernetes_executor.py for tasks to queue
[2023-01-14T21:11:55.751+0000] {logging_mixin.py:137} INFO - [2023-01-14T21:11:55.750+0000] {dagbag.py:538} INFO - Filling up the DagBag from /media/prempeh/Nouveau nom/MASTER2/DATA ENGINEERING/airflow/py_env/lib/python3.10/site-packages/airflow/example_dags/example_local_kubernetes_executor.py
[2023-01-14T21:11:59.032+0000] {processor.py:753} INFO - DAG(s) dict_keys(['example_local_kubernetes_executor']) retrieved from /media/prempeh/Nouveau nom/MASTER2/DATA ENGINEERING/airflow/py_env/lib/python3.10/site-packages/airflow/example_dags/example_local_kubernetes_executor.py
[2023-01-14T21:11:59.171+0000] {logging_mixin.py:137} INFO - [2023-01-14T21:11:59.170+0000] {dag.py:2676} INFO - Sync 1 DAGs
[2023-01-14T21:11:59.229+0000] {logging_mixin.py:137} INFO - [2023-01-14T21:11:59.228+0000] {dag.py:3423} INFO - Setting next_dagrun for example_local_kubernetes_executor to None, run_after=None
[2023-01-14T21:11:59.298+0000] {processor.py:175} INFO - Processing /media/prempeh/Nouveau nom/MASTER2/DATA ENGINEERING/airflow/py_env/lib/python3.10/site-packages/airflow/example_dags/example_local_kubernetes_executor.py took 3.570 seconds
[2023-01-14T21:13:01.548+0000] {processor.py:153} INFO - Started process (PID=8270) to work on /media/prempeh/Nouveau nom/MASTER2/DATA ENGINEERING/airflow/py_env/lib/python3.10/site-packages/airflow/example_dags/example_local_kubernetes_executor.py
[2023-01-14T21:13:01.551+0000] {processor.py:743} INFO - Processing file /media/prempeh/Nouveau nom/MASTER2/DATA ENGINEERING/airflow/py_env/lib/python3.10/site-packages/airflow/example_dags/example_local_kubernetes_executor.py for tasks to queue
[2023-01-14T21:13:01.556+0000] {logging_mixin.py:137} INFO - [2023-01-14T21:13:01.555+0000] {dagbag.py:538} INFO - Filling up the DagBag from /media/prempeh/Nouveau nom/MASTER2/DATA ENGINEERING/airflow/py_env/lib/python3.10/site-packages/airflow/example_dags/example_local_kubernetes_executor.py
[2023-01-14T21:13:04.580+0000] {processor.py:753} INFO - DAG(s) dict_keys(['example_local_kubernetes_executor']) retrieved from /media/prempeh/Nouveau nom/MASTER2/DATA ENGINEERING/airflow/py_env/lib/python3.10/site-packages/airflow/example_dags/example_local_kubernetes_executor.py
[2023-01-14T21:13:04.730+0000] {logging_mixin.py:137} INFO - [2023-01-14T21:13:04.729+0000] {dag.py:2676} INFO - Sync 1 DAGs
[2023-01-14T21:13:04.786+0000] {logging_mixin.py:137} INFO - [2023-01-14T21:13:04.785+0000] {dag.py:3423} INFO - Setting next_dagrun for example_local_kubernetes_executor to None, run_after=None
[2023-01-14T21:13:04.860+0000] {processor.py:175} INFO - Processing /media/prempeh/Nouveau nom/MASTER2/DATA ENGINEERING/airflow/py_env/lib/python3.10/site-packages/airflow/example_dags/example_local_kubernetes_executor.py took 3.322 seconds
[2023-01-14T21:14:17.133+0000] {processor.py:153} INFO - Started process (PID=8324) to work on /media/prempeh/Nouveau nom/MASTER2/DATA ENGINEERING/airflow/py_env/lib/python3.10/site-packages/airflow/example_dags/example_local_kubernetes_executor.py
[2023-01-14T21:14:17.135+0000] {processor.py:743} INFO - Processing file /media/prempeh/Nouveau nom/MASTER2/DATA ENGINEERING/airflow/py_env/lib/python3.10/site-packages/airflow/example_dags/example_local_kubernetes_executor.py for tasks to queue
[2023-01-14T21:14:17.139+0000] {logging_mixin.py:137} INFO - [2023-01-14T21:14:17.139+0000] {dagbag.py:538} INFO - Filling up the DagBag from /media/prempeh/Nouveau nom/MASTER2/DATA ENGINEERING/airflow/py_env/lib/python3.10/site-packages/airflow/example_dags/example_local_kubernetes_executor.py
[2023-01-14T21:14:20.967+0000] {processor.py:753} INFO - DAG(s) dict_keys(['example_local_kubernetes_executor']) retrieved from /media/prempeh/Nouveau nom/MASTER2/DATA ENGINEERING/airflow/py_env/lib/python3.10/site-packages/airflow/example_dags/example_local_kubernetes_executor.py
[2023-01-14T21:14:21.129+0000] {logging_mixin.py:137} INFO - [2023-01-14T21:14:21.128+0000] {dag.py:2676} INFO - Sync 1 DAGs
[2023-01-14T21:14:21.213+0000] {logging_mixin.py:137} INFO - [2023-01-14T21:14:21.212+0000] {dag.py:3423} INFO - Setting next_dagrun for example_local_kubernetes_executor to None, run_after=None
[2023-01-14T21:14:21.274+0000] {processor.py:175} INFO - Processing /media/prempeh/Nouveau nom/MASTER2/DATA ENGINEERING/airflow/py_env/lib/python3.10/site-packages/airflow/example_dags/example_local_kubernetes_executor.py took 4.149 seconds
[2023-01-14T21:15:28.602+0000] {processor.py:153} INFO - Started process (PID=8686) to work on /media/prempeh/Nouveau nom/MASTER2/DATA ENGINEERING/airflow/py_env/lib/python3.10/site-packages/airflow/example_dags/example_local_kubernetes_executor.py
[2023-01-14T21:15:28.606+0000] {processor.py:743} INFO - Processing file /media/prempeh/Nouveau nom/MASTER2/DATA ENGINEERING/airflow/py_env/lib/python3.10/site-packages/airflow/example_dags/example_local_kubernetes_executor.py for tasks to queue
[2023-01-14T21:15:28.612+0000] {logging_mixin.py:137} INFO - [2023-01-14T21:15:28.611+0000] {dagbag.py:538} INFO - Filling up the DagBag from /media/prempeh/Nouveau nom/MASTER2/DATA ENGINEERING/airflow/py_env/lib/python3.10/site-packages/airflow/example_dags/example_local_kubernetes_executor.py
[2023-01-14T21:15:32.224+0000] {processor.py:753} INFO - DAG(s) dict_keys(['example_local_kubernetes_executor']) retrieved from /media/prempeh/Nouveau nom/MASTER2/DATA ENGINEERING/airflow/py_env/lib/python3.10/site-packages/airflow/example_dags/example_local_kubernetes_executor.py
[2023-01-14T21:15:32.379+0000] {logging_mixin.py:137} INFO - [2023-01-14T21:15:32.378+0000] {dag.py:2676} INFO - Sync 1 DAGs
[2023-01-14T21:15:32.438+0000] {logging_mixin.py:137} INFO - [2023-01-14T21:15:32.438+0000] {dag.py:3423} INFO - Setting next_dagrun for example_local_kubernetes_executor to None, run_after=None
[2023-01-14T21:15:32.506+0000] {processor.py:175} INFO - Processing /media/prempeh/Nouveau nom/MASTER2/DATA ENGINEERING/airflow/py_env/lib/python3.10/site-packages/airflow/example_dags/example_local_kubernetes_executor.py took 3.912 seconds
[2023-01-14T21:16:39.382+0000] {processor.py:153} INFO - Started process (PID=9054) to work on /media/prempeh/Nouveau nom/MASTER2/DATA ENGINEERING/airflow/py_env/lib/python3.10/site-packages/airflow/example_dags/example_local_kubernetes_executor.py
[2023-01-14T21:16:39.385+0000] {processor.py:743} INFO - Processing file /media/prempeh/Nouveau nom/MASTER2/DATA ENGINEERING/airflow/py_env/lib/python3.10/site-packages/airflow/example_dags/example_local_kubernetes_executor.py for tasks to queue
[2023-01-14T21:16:39.389+0000] {logging_mixin.py:137} INFO - [2023-01-14T21:16:39.388+0000] {dagbag.py:538} INFO - Filling up the DagBag from /media/prempeh/Nouveau nom/MASTER2/DATA ENGINEERING/airflow/py_env/lib/python3.10/site-packages/airflow/example_dags/example_local_kubernetes_executor.py
[2023-01-14T21:16:42.427+0000] {processor.py:753} INFO - DAG(s) dict_keys(['example_local_kubernetes_executor']) retrieved from /media/prempeh/Nouveau nom/MASTER2/DATA ENGINEERING/airflow/py_env/lib/python3.10/site-packages/airflow/example_dags/example_local_kubernetes_executor.py
[2023-01-14T21:16:42.545+0000] {logging_mixin.py:137} INFO - [2023-01-14T21:16:42.544+0000] {dag.py:2676} INFO - Sync 1 DAGs
[2023-01-14T21:16:42.600+0000] {logging_mixin.py:137} INFO - [2023-01-14T21:16:42.599+0000] {dag.py:3423} INFO - Setting next_dagrun for example_local_kubernetes_executor to None, run_after=None
[2023-01-14T21:16:42.664+0000] {processor.py:175} INFO - Processing /media/prempeh/Nouveau nom/MASTER2/DATA ENGINEERING/airflow/py_env/lib/python3.10/site-packages/airflow/example_dags/example_local_kubernetes_executor.py took 3.291 seconds
[2023-01-14T21:17:51.885+0000] {processor.py:153} INFO - Started process (PID=9238) to work on /media/prempeh/Nouveau nom/MASTER2/DATA ENGINEERING/airflow/py_env/lib/python3.10/site-packages/airflow/example_dags/example_local_kubernetes_executor.py
[2023-01-14T21:17:51.887+0000] {processor.py:743} INFO - Processing file /media/prempeh/Nouveau nom/MASTER2/DATA ENGINEERING/airflow/py_env/lib/python3.10/site-packages/airflow/example_dags/example_local_kubernetes_executor.py for tasks to queue
[2023-01-14T21:17:51.893+0000] {logging_mixin.py:137} INFO - [2023-01-14T21:17:51.892+0000] {dagbag.py:538} INFO - Filling up the DagBag from /media/prempeh/Nouveau nom/MASTER2/DATA ENGINEERING/airflow/py_env/lib/python3.10/site-packages/airflow/example_dags/example_local_kubernetes_executor.py
[2023-01-14T21:17:55.173+0000] {processor.py:753} INFO - DAG(s) dict_keys(['example_local_kubernetes_executor']) retrieved from /media/prempeh/Nouveau nom/MASTER2/DATA ENGINEERING/airflow/py_env/lib/python3.10/site-packages/airflow/example_dags/example_local_kubernetes_executor.py
[2023-01-14T21:17:55.304+0000] {logging_mixin.py:137} INFO - [2023-01-14T21:17:55.304+0000] {dag.py:2676} INFO - Sync 1 DAGs
[2023-01-14T21:17:55.367+0000] {logging_mixin.py:137} INFO - [2023-01-14T21:17:55.366+0000] {dag.py:3423} INFO - Setting next_dagrun for example_local_kubernetes_executor to None, run_after=None
[2023-01-14T21:17:55.447+0000] {processor.py:175} INFO - Processing /media/prempeh/Nouveau nom/MASTER2/DATA ENGINEERING/airflow/py_env/lib/python3.10/site-packages/airflow/example_dags/example_local_kubernetes_executor.py took 3.571 seconds
[2023-01-14T21:19:05.366+0000] {processor.py:153} INFO - Started process (PID=9428) to work on /media/prempeh/Nouveau nom/MASTER2/DATA ENGINEERING/airflow/py_env/lib/python3.10/site-packages/airflow/example_dags/example_local_kubernetes_executor.py
[2023-01-14T21:19:05.368+0000] {processor.py:743} INFO - Processing file /media/prempeh/Nouveau nom/MASTER2/DATA ENGINEERING/airflow/py_env/lib/python3.10/site-packages/airflow/example_dags/example_local_kubernetes_executor.py for tasks to queue
[2023-01-14T21:19:05.374+0000] {logging_mixin.py:137} INFO - [2023-01-14T21:19:05.373+0000] {dagbag.py:538} INFO - Filling up the DagBag from /media/prempeh/Nouveau nom/MASTER2/DATA ENGINEERING/airflow/py_env/lib/python3.10/site-packages/airflow/example_dags/example_local_kubernetes_executor.py
[2023-01-14T21:19:09.932+0000] {processor.py:753} INFO - DAG(s) dict_keys(['example_local_kubernetes_executor']) retrieved from /media/prempeh/Nouveau nom/MASTER2/DATA ENGINEERING/airflow/py_env/lib/python3.10/site-packages/airflow/example_dags/example_local_kubernetes_executor.py
[2023-01-14T21:19:10.042+0000] {logging_mixin.py:137} INFO - [2023-01-14T21:19:10.042+0000] {dag.py:2676} INFO - Sync 1 DAGs
[2023-01-14T21:19:10.086+0000] {logging_mixin.py:137} INFO - [2023-01-14T21:19:10.086+0000] {dag.py:3423} INFO - Setting next_dagrun for example_local_kubernetes_executor to None, run_after=None
[2023-01-14T21:19:10.143+0000] {processor.py:175} INFO - Processing /media/prempeh/Nouveau nom/MASTER2/DATA ENGINEERING/airflow/py_env/lib/python3.10/site-packages/airflow/example_dags/example_local_kubernetes_executor.py took 4.785 seconds
[2023-01-14T21:20:18.018+0000] {processor.py:153} INFO - Started process (PID=9755) to work on /media/prempeh/Nouveau nom/MASTER2/DATA ENGINEERING/airflow/py_env/lib/python3.10/site-packages/airflow/example_dags/example_local_kubernetes_executor.py
[2023-01-14T21:20:18.022+0000] {processor.py:743} INFO - Processing file /media/prempeh/Nouveau nom/MASTER2/DATA ENGINEERING/airflow/py_env/lib/python3.10/site-packages/airflow/example_dags/example_local_kubernetes_executor.py for tasks to queue
[2023-01-14T21:20:18.026+0000] {logging_mixin.py:137} INFO - [2023-01-14T21:20:18.026+0000] {dagbag.py:538} INFO - Filling up the DagBag from /media/prempeh/Nouveau nom/MASTER2/DATA ENGINEERING/airflow/py_env/lib/python3.10/site-packages/airflow/example_dags/example_local_kubernetes_executor.py
[2023-01-14T21:20:21.295+0000] {processor.py:753} INFO - DAG(s) dict_keys(['example_local_kubernetes_executor']) retrieved from /media/prempeh/Nouveau nom/MASTER2/DATA ENGINEERING/airflow/py_env/lib/python3.10/site-packages/airflow/example_dags/example_local_kubernetes_executor.py
[2023-01-14T21:20:21.512+0000] {logging_mixin.py:137} INFO - [2023-01-14T21:20:21.511+0000] {dag.py:2676} INFO - Sync 1 DAGs
[2023-01-14T21:20:21.599+0000] {logging_mixin.py:137} INFO - [2023-01-14T21:20:21.599+0000] {dag.py:3423} INFO - Setting next_dagrun for example_local_kubernetes_executor to None, run_after=None
[2023-01-14T21:20:21.686+0000] {processor.py:175} INFO - Processing /media/prempeh/Nouveau nom/MASTER2/DATA ENGINEERING/airflow/py_env/lib/python3.10/site-packages/airflow/example_dags/example_local_kubernetes_executor.py took 3.680 seconds
[2023-01-14T21:21:26.611+0000] {processor.py:153} INFO - Started process (PID=9834) to work on /media/prempeh/Nouveau nom/MASTER2/DATA ENGINEERING/airflow/py_env/lib/python3.10/site-packages/airflow/example_dags/example_local_kubernetes_executor.py
[2023-01-14T21:21:26.614+0000] {processor.py:743} INFO - Processing file /media/prempeh/Nouveau nom/MASTER2/DATA ENGINEERING/airflow/py_env/lib/python3.10/site-packages/airflow/example_dags/example_local_kubernetes_executor.py for tasks to queue
[2023-01-14T21:21:26.619+0000] {logging_mixin.py:137} INFO - [2023-01-14T21:21:26.618+0000] {dagbag.py:538} INFO - Filling up the DagBag from /media/prempeh/Nouveau nom/MASTER2/DATA ENGINEERING/airflow/py_env/lib/python3.10/site-packages/airflow/example_dags/example_local_kubernetes_executor.py
[2023-01-14T21:21:29.740+0000] {processor.py:753} INFO - DAG(s) dict_keys(['example_local_kubernetes_executor']) retrieved from /media/prempeh/Nouveau nom/MASTER2/DATA ENGINEERING/airflow/py_env/lib/python3.10/site-packages/airflow/example_dags/example_local_kubernetes_executor.py
[2023-01-14T21:21:29.864+0000] {logging_mixin.py:137} INFO - [2023-01-14T21:21:29.863+0000] {dag.py:2676} INFO - Sync 1 DAGs
[2023-01-14T21:21:29.920+0000] {logging_mixin.py:137} INFO - [2023-01-14T21:21:29.920+0000] {dag.py:3423} INFO - Setting next_dagrun for example_local_kubernetes_executor to None, run_after=None
[2023-01-14T21:21:29.979+0000] {processor.py:175} INFO - Processing /media/prempeh/Nouveau nom/MASTER2/DATA ENGINEERING/airflow/py_env/lib/python3.10/site-packages/airflow/example_dags/example_local_kubernetes_executor.py took 3.380 seconds
[2023-01-14T21:22:40.887+0000] {processor.py:153} INFO - Started process (PID=10162) to work on /media/prempeh/Nouveau nom/MASTER2/DATA ENGINEERING/airflow/py_env/lib/python3.10/site-packages/airflow/example_dags/example_local_kubernetes_executor.py
[2023-01-14T21:22:40.890+0000] {processor.py:743} INFO - Processing file /media/prempeh/Nouveau nom/MASTER2/DATA ENGINEERING/airflow/py_env/lib/python3.10/site-packages/airflow/example_dags/example_local_kubernetes_executor.py for tasks to queue
[2023-01-14T21:22:40.897+0000] {logging_mixin.py:137} INFO - [2023-01-14T21:22:40.896+0000] {dagbag.py:538} INFO - Filling up the DagBag from /media/prempeh/Nouveau nom/MASTER2/DATA ENGINEERING/airflow/py_env/lib/python3.10/site-packages/airflow/example_dags/example_local_kubernetes_executor.py
[2023-01-14T21:22:45.655+0000] {processor.py:753} INFO - DAG(s) dict_keys(['example_local_kubernetes_executor']) retrieved from /media/prempeh/Nouveau nom/MASTER2/DATA ENGINEERING/airflow/py_env/lib/python3.10/site-packages/airflow/example_dags/example_local_kubernetes_executor.py
[2023-01-14T21:22:45.844+0000] {logging_mixin.py:137} INFO - [2023-01-14T21:22:45.843+0000] {dag.py:2676} INFO - Sync 1 DAGs
[2023-01-14T21:22:45.913+0000] {logging_mixin.py:137} INFO - [2023-01-14T21:22:45.912+0000] {dag.py:3423} INFO - Setting next_dagrun for example_local_kubernetes_executor to None, run_after=None
[2023-01-14T21:22:45.986+0000] {processor.py:175} INFO - Processing /media/prempeh/Nouveau nom/MASTER2/DATA ENGINEERING/airflow/py_env/lib/python3.10/site-packages/airflow/example_dags/example_local_kubernetes_executor.py took 5.106 seconds
[2023-01-14T21:23:53.140+0000] {processor.py:153} INFO - Started process (PID=10363) to work on /media/prempeh/Nouveau nom/MASTER2/DATA ENGINEERING/airflow/py_env/lib/python3.10/site-packages/airflow/example_dags/example_local_kubernetes_executor.py
[2023-01-14T21:23:53.144+0000] {processor.py:743} INFO - Processing file /media/prempeh/Nouveau nom/MASTER2/DATA ENGINEERING/airflow/py_env/lib/python3.10/site-packages/airflow/example_dags/example_local_kubernetes_executor.py for tasks to queue
[2023-01-14T21:23:53.156+0000] {logging_mixin.py:137} INFO - [2023-01-14T21:23:53.155+0000] {dagbag.py:538} INFO - Filling up the DagBag from /media/prempeh/Nouveau nom/MASTER2/DATA ENGINEERING/airflow/py_env/lib/python3.10/site-packages/airflow/example_dags/example_local_kubernetes_executor.py
[2023-01-14T21:23:56.223+0000] {processor.py:753} INFO - DAG(s) dict_keys(['example_local_kubernetes_executor']) retrieved from /media/prempeh/Nouveau nom/MASTER2/DATA ENGINEERING/airflow/py_env/lib/python3.10/site-packages/airflow/example_dags/example_local_kubernetes_executor.py
[2023-01-14T21:23:56.364+0000] {logging_mixin.py:137} INFO - [2023-01-14T21:23:56.363+0000] {dag.py:2676} INFO - Sync 1 DAGs
[2023-01-14T21:23:56.429+0000] {logging_mixin.py:137} INFO - [2023-01-14T21:23:56.428+0000] {dag.py:3423} INFO - Setting next_dagrun for example_local_kubernetes_executor to None, run_after=None
[2023-01-14T21:23:56.494+0000] {processor.py:175} INFO - Processing /media/prempeh/Nouveau nom/MASTER2/DATA ENGINEERING/airflow/py_env/lib/python3.10/site-packages/airflow/example_dags/example_local_kubernetes_executor.py took 3.367 seconds
[2023-01-14T21:24:55.665+0000] {processor.py:153} INFO - Started process (PID=10443) to work on /media/prempeh/Nouveau nom/MASTER2/DATA ENGINEERING/airflow/py_env/lib/python3.10/site-packages/airflow/example_dags/example_local_kubernetes_executor.py
[2023-01-14T21:24:55.668+0000] {processor.py:743} INFO - Processing file /media/prempeh/Nouveau nom/MASTER2/DATA ENGINEERING/airflow/py_env/lib/python3.10/site-packages/airflow/example_dags/example_local_kubernetes_executor.py for tasks to queue
[2023-01-14T21:24:55.672+0000] {logging_mixin.py:137} INFO - [2023-01-14T21:24:55.671+0000] {dagbag.py:538} INFO - Filling up the DagBag from /media/prempeh/Nouveau nom/MASTER2/DATA ENGINEERING/airflow/py_env/lib/python3.10/site-packages/airflow/example_dags/example_local_kubernetes_executor.py
[2023-01-14T21:24:58.748+0000] {processor.py:753} INFO - DAG(s) dict_keys(['example_local_kubernetes_executor']) retrieved from /media/prempeh/Nouveau nom/MASTER2/DATA ENGINEERING/airflow/py_env/lib/python3.10/site-packages/airflow/example_dags/example_local_kubernetes_executor.py
[2023-01-14T21:24:58.859+0000] {logging_mixin.py:137} INFO - [2023-01-14T21:24:58.858+0000] {dag.py:2676} INFO - Sync 1 DAGs
[2023-01-14T21:24:58.930+0000] {logging_mixin.py:137} INFO - [2023-01-14T21:24:58.929+0000] {dag.py:3423} INFO - Setting next_dagrun for example_local_kubernetes_executor to None, run_after=None
[2023-01-14T21:24:58.990+0000] {processor.py:175} INFO - Processing /media/prempeh/Nouveau nom/MASTER2/DATA ENGINEERING/airflow/py_env/lib/python3.10/site-packages/airflow/example_dags/example_local_kubernetes_executor.py took 3.334 seconds
[2023-01-14T21:26:11.048+0000] {processor.py:153} INFO - Started process (PID=10571) to work on /media/prempeh/Nouveau nom/MASTER2/DATA ENGINEERING/airflow/py_env/lib/python3.10/site-packages/airflow/example_dags/example_local_kubernetes_executor.py
[2023-01-14T21:26:11.052+0000] {processor.py:743} INFO - Processing file /media/prempeh/Nouveau nom/MASTER2/DATA ENGINEERING/airflow/py_env/lib/python3.10/site-packages/airflow/example_dags/example_local_kubernetes_executor.py for tasks to queue
[2023-01-14T21:26:11.057+0000] {logging_mixin.py:137} INFO - [2023-01-14T21:26:11.056+0000] {dagbag.py:538} INFO - Filling up the DagBag from /media/prempeh/Nouveau nom/MASTER2/DATA ENGINEERING/airflow/py_env/lib/python3.10/site-packages/airflow/example_dags/example_local_kubernetes_executor.py
[2023-01-14T21:26:13.973+0000] {processor.py:753} INFO - DAG(s) dict_keys(['example_local_kubernetes_executor']) retrieved from /media/prempeh/Nouveau nom/MASTER2/DATA ENGINEERING/airflow/py_env/lib/python3.10/site-packages/airflow/example_dags/example_local_kubernetes_executor.py
[2023-01-14T21:26:14.080+0000] {logging_mixin.py:137} INFO - [2023-01-14T21:26:14.079+0000] {dag.py:2676} INFO - Sync 1 DAGs
[2023-01-14T21:26:14.129+0000] {logging_mixin.py:137} INFO - [2023-01-14T21:26:14.129+0000] {dag.py:3423} INFO - Setting next_dagrun for example_local_kubernetes_executor to None, run_after=None
[2023-01-14T21:26:14.189+0000] {processor.py:175} INFO - Processing /media/prempeh/Nouveau nom/MASTER2/DATA ENGINEERING/airflow/py_env/lib/python3.10/site-packages/airflow/example_dags/example_local_kubernetes_executor.py took 3.150 seconds
[2023-01-14T21:27:21.516+0000] {processor.py:153} INFO - Started process (PID=10818) to work on /media/prempeh/Nouveau nom/MASTER2/DATA ENGINEERING/airflow/py_env/lib/python3.10/site-packages/airflow/example_dags/example_local_kubernetes_executor.py
[2023-01-14T21:27:21.523+0000] {processor.py:743} INFO - Processing file /media/prempeh/Nouveau nom/MASTER2/DATA ENGINEERING/airflow/py_env/lib/python3.10/site-packages/airflow/example_dags/example_local_kubernetes_executor.py for tasks to queue
[2023-01-14T21:27:21.528+0000] {logging_mixin.py:137} INFO - [2023-01-14T21:27:21.527+0000] {dagbag.py:538} INFO - Filling up the DagBag from /media/prempeh/Nouveau nom/MASTER2/DATA ENGINEERING/airflow/py_env/lib/python3.10/site-packages/airflow/example_dags/example_local_kubernetes_executor.py
[2023-01-14T21:27:24.503+0000] {processor.py:753} INFO - DAG(s) dict_keys(['example_local_kubernetes_executor']) retrieved from /media/prempeh/Nouveau nom/MASTER2/DATA ENGINEERING/airflow/py_env/lib/python3.10/site-packages/airflow/example_dags/example_local_kubernetes_executor.py
[2023-01-14T21:27:24.677+0000] {logging_mixin.py:137} INFO - [2023-01-14T21:27:24.676+0000] {dag.py:2676} INFO - Sync 1 DAGs
[2023-01-14T21:27:24.725+0000] {logging_mixin.py:137} INFO - [2023-01-14T21:27:24.724+0000] {dag.py:3423} INFO - Setting next_dagrun for example_local_kubernetes_executor to None, run_after=None
[2023-01-14T21:27:24.789+0000] {processor.py:175} INFO - Processing /media/prempeh/Nouveau nom/MASTER2/DATA ENGINEERING/airflow/py_env/lib/python3.10/site-packages/airflow/example_dags/example_local_kubernetes_executor.py took 3.282 seconds
