[2023-01-14T20:53:16.858+0000] {processor.py:153} INFO - Started process (PID=6537) to work on /media/prempeh/Nouveau nom/MASTER2/DATA ENGINEERING/airflow/py_env/lib/python3.10/site-packages/airflow/example_dags/example_nested_branch_dag.py
[2023-01-14T20:53:16.861+0000] {processor.py:743} INFO - Processing file /media/prempeh/Nouveau nom/MASTER2/DATA ENGINEERING/airflow/py_env/lib/python3.10/site-packages/airflow/example_dags/example_nested_branch_dag.py for tasks to queue
[2023-01-14T20:53:16.867+0000] {logging_mixin.py:137} INFO - [2023-01-14T20:53:16.867+0000] {dagbag.py:538} INFO - Filling up the DagBag from /media/prempeh/Nouveau nom/MASTER2/DATA ENGINEERING/airflow/py_env/lib/python3.10/site-packages/airflow/example_dags/example_nested_branch_dag.py
[2023-01-14T20:53:17.068+0000] {processor.py:753} INFO - DAG(s) dict_keys(['example_nested_branch_dag']) retrieved from /media/prempeh/Nouveau nom/MASTER2/DATA ENGINEERING/airflow/py_env/lib/python3.10/site-packages/airflow/example_dags/example_nested_branch_dag.py
[2023-01-14T20:53:17.916+0000] {logging_mixin.py:137} INFO - [2023-01-14T20:53:17.915+0000] {manager.py:504} INFO - Created Permission View: can edit on DAG:example_nested_branch_dag
[2023-01-14T20:53:17.950+0000] {logging_mixin.py:137} INFO - [2023-01-14T20:53:17.949+0000] {manager.py:504} INFO - Created Permission View: can delete on DAG:example_nested_branch_dag
[2023-01-14T20:53:17.977+0000] {logging_mixin.py:137} INFO - [2023-01-14T20:53:17.976+0000] {manager.py:504} INFO - Created Permission View: can read on DAG:example_nested_branch_dag
[2023-01-14T20:53:17.978+0000] {logging_mixin.py:137} INFO - [2023-01-14T20:53:17.978+0000] {dag.py:2676} INFO - Sync 1 DAGs
[2023-01-14T20:53:18.021+0000] {logging_mixin.py:137} INFO - [2023-01-14T20:53:18.020+0000] {dag.py:2697} INFO - Creating ORM DAG for example_nested_branch_dag
[2023-01-14T20:53:18.054+0000] {logging_mixin.py:137} INFO - [2023-01-14T20:53:18.053+0000] {dag.py:3423} INFO - Setting next_dagrun for example_nested_branch_dag to 2023-01-13T00:00:00+00:00, run_after=2023-01-14T00:00:00+00:00
[2023-01-14T20:53:18.124+0000] {processor.py:175} INFO - Processing /media/prempeh/Nouveau nom/MASTER2/DATA ENGINEERING/airflow/py_env/lib/python3.10/site-packages/airflow/example_dags/example_nested_branch_dag.py took 1.275 seconds
[2023-01-14T20:54:25.217+0000] {processor.py:153} INFO - Started process (PID=6725) to work on /media/prempeh/Nouveau nom/MASTER2/DATA ENGINEERING/airflow/py_env/lib/python3.10/site-packages/airflow/example_dags/example_nested_branch_dag.py
[2023-01-14T20:54:25.220+0000] {processor.py:743} INFO - Processing file /media/prempeh/Nouveau nom/MASTER2/DATA ENGINEERING/airflow/py_env/lib/python3.10/site-packages/airflow/example_dags/example_nested_branch_dag.py for tasks to queue
[2023-01-14T20:54:25.224+0000] {logging_mixin.py:137} INFO - [2023-01-14T20:54:25.223+0000] {dagbag.py:538} INFO - Filling up the DagBag from /media/prempeh/Nouveau nom/MASTER2/DATA ENGINEERING/airflow/py_env/lib/python3.10/site-packages/airflow/example_dags/example_nested_branch_dag.py
[2023-01-14T20:54:25.418+0000] {processor.py:753} INFO - DAG(s) dict_keys(['example_nested_branch_dag']) retrieved from /media/prempeh/Nouveau nom/MASTER2/DATA ENGINEERING/airflow/py_env/lib/python3.10/site-packages/airflow/example_dags/example_nested_branch_dag.py
[2023-01-14T20:54:25.555+0000] {logging_mixin.py:137} INFO - [2023-01-14T20:54:25.554+0000] {dag.py:2676} INFO - Sync 1 DAGs
[2023-01-14T20:54:25.617+0000] {logging_mixin.py:137} INFO - [2023-01-14T20:54:25.616+0000] {dag.py:3423} INFO - Setting next_dagrun for example_nested_branch_dag to 2023-01-13T00:00:00+00:00, run_after=2023-01-14T00:00:00+00:00
[2023-01-14T20:54:25.691+0000] {processor.py:175} INFO - Processing /media/prempeh/Nouveau nom/MASTER2/DATA ENGINEERING/airflow/py_env/lib/python3.10/site-packages/airflow/example_dags/example_nested_branch_dag.py took 0.482 seconds
[2023-01-14T20:55:27.460+0000] {processor.py:153} INFO - Started process (PID=6763) to work on /media/prempeh/Nouveau nom/MASTER2/DATA ENGINEERING/airflow/py_env/lib/python3.10/site-packages/airflow/example_dags/example_nested_branch_dag.py
[2023-01-14T20:55:27.464+0000] {processor.py:743} INFO - Processing file /media/prempeh/Nouveau nom/MASTER2/DATA ENGINEERING/airflow/py_env/lib/python3.10/site-packages/airflow/example_dags/example_nested_branch_dag.py for tasks to queue
[2023-01-14T20:55:27.469+0000] {logging_mixin.py:137} INFO - [2023-01-14T20:55:27.469+0000] {dagbag.py:538} INFO - Filling up the DagBag from /media/prempeh/Nouveau nom/MASTER2/DATA ENGINEERING/airflow/py_env/lib/python3.10/site-packages/airflow/example_dags/example_nested_branch_dag.py
[2023-01-14T20:55:27.673+0000] {processor.py:753} INFO - DAG(s) dict_keys(['example_nested_branch_dag']) retrieved from /media/prempeh/Nouveau nom/MASTER2/DATA ENGINEERING/airflow/py_env/lib/python3.10/site-packages/airflow/example_dags/example_nested_branch_dag.py
[2023-01-14T20:55:27.817+0000] {logging_mixin.py:137} INFO - [2023-01-14T20:55:27.816+0000] {dag.py:2676} INFO - Sync 1 DAGs
[2023-01-14T20:55:27.890+0000] {logging_mixin.py:137} INFO - [2023-01-14T20:55:27.889+0000] {dag.py:3423} INFO - Setting next_dagrun for example_nested_branch_dag to 2023-01-13T00:00:00+00:00, run_after=2023-01-14T00:00:00+00:00
[2023-01-14T20:55:27.960+0000] {processor.py:175} INFO - Processing /media/prempeh/Nouveau nom/MASTER2/DATA ENGINEERING/airflow/py_env/lib/python3.10/site-packages/airflow/example_dags/example_nested_branch_dag.py took 0.508 seconds
[2023-01-14T20:56:24.394+0000] {processor.py:153} INFO - Started process (PID=6888) to work on /media/prempeh/Nouveau nom/MASTER2/DATA ENGINEERING/airflow/py_env/lib/python3.10/site-packages/airflow/example_dags/example_nested_branch_dag.py
[2023-01-14T20:56:24.397+0000] {processor.py:743} INFO - Processing file /media/prempeh/Nouveau nom/MASTER2/DATA ENGINEERING/airflow/py_env/lib/python3.10/site-packages/airflow/example_dags/example_nested_branch_dag.py for tasks to queue
[2023-01-14T20:56:24.401+0000] {logging_mixin.py:137} INFO - [2023-01-14T20:56:24.401+0000] {dagbag.py:538} INFO - Filling up the DagBag from /media/prempeh/Nouveau nom/MASTER2/DATA ENGINEERING/airflow/py_env/lib/python3.10/site-packages/airflow/example_dags/example_nested_branch_dag.py
[2023-01-14T20:56:24.581+0000] {processor.py:753} INFO - DAG(s) dict_keys(['example_nested_branch_dag']) retrieved from /media/prempeh/Nouveau nom/MASTER2/DATA ENGINEERING/airflow/py_env/lib/python3.10/site-packages/airflow/example_dags/example_nested_branch_dag.py
[2023-01-14T20:56:24.702+0000] {logging_mixin.py:137} INFO - [2023-01-14T20:56:24.702+0000] {dag.py:2676} INFO - Sync 1 DAGs
[2023-01-14T20:56:24.775+0000] {logging_mixin.py:137} INFO - [2023-01-14T20:56:24.775+0000] {dag.py:3423} INFO - Setting next_dagrun for example_nested_branch_dag to 2023-01-13T00:00:00+00:00, run_after=2023-01-14T00:00:00+00:00
[2023-01-14T20:56:24.845+0000] {processor.py:175} INFO - Processing /media/prempeh/Nouveau nom/MASTER2/DATA ENGINEERING/airflow/py_env/lib/python3.10/site-packages/airflow/example_dags/example_nested_branch_dag.py took 0.460 seconds
[2023-01-14T20:57:25.810+0000] {processor.py:153} INFO - Started process (PID=7084) to work on /media/prempeh/Nouveau nom/MASTER2/DATA ENGINEERING/airflow/py_env/lib/python3.10/site-packages/airflow/example_dags/example_nested_branch_dag.py
[2023-01-14T20:57:25.814+0000] {processor.py:743} INFO - Processing file /media/prempeh/Nouveau nom/MASTER2/DATA ENGINEERING/airflow/py_env/lib/python3.10/site-packages/airflow/example_dags/example_nested_branch_dag.py for tasks to queue
[2023-01-14T20:57:25.818+0000] {logging_mixin.py:137} INFO - [2023-01-14T20:57:25.818+0000] {dagbag.py:538} INFO - Filling up the DagBag from /media/prempeh/Nouveau nom/MASTER2/DATA ENGINEERING/airflow/py_env/lib/python3.10/site-packages/airflow/example_dags/example_nested_branch_dag.py
[2023-01-14T20:57:26.027+0000] {processor.py:753} INFO - DAG(s) dict_keys(['example_nested_branch_dag']) retrieved from /media/prempeh/Nouveau nom/MASTER2/DATA ENGINEERING/airflow/py_env/lib/python3.10/site-packages/airflow/example_dags/example_nested_branch_dag.py
[2023-01-14T20:57:26.167+0000] {logging_mixin.py:137} INFO - [2023-01-14T20:57:26.166+0000] {dag.py:2676} INFO - Sync 1 DAGs
[2023-01-14T20:57:26.233+0000] {logging_mixin.py:137} INFO - [2023-01-14T20:57:26.232+0000] {dag.py:3423} INFO - Setting next_dagrun for example_nested_branch_dag to 2023-01-13T00:00:00+00:00, run_after=2023-01-14T00:00:00+00:00
[2023-01-14T20:57:26.307+0000] {processor.py:175} INFO - Processing /media/prempeh/Nouveau nom/MASTER2/DATA ENGINEERING/airflow/py_env/lib/python3.10/site-packages/airflow/example_dags/example_nested_branch_dag.py took 0.507 seconds
[2023-01-14T20:58:25.122+0000] {processor.py:153} INFO - Started process (PID=7127) to work on /media/prempeh/Nouveau nom/MASTER2/DATA ENGINEERING/airflow/py_env/lib/python3.10/site-packages/airflow/example_dags/example_nested_branch_dag.py
[2023-01-14T20:58:25.125+0000] {processor.py:743} INFO - Processing file /media/prempeh/Nouveau nom/MASTER2/DATA ENGINEERING/airflow/py_env/lib/python3.10/site-packages/airflow/example_dags/example_nested_branch_dag.py for tasks to queue
[2023-01-14T20:58:25.131+0000] {logging_mixin.py:137} INFO - [2023-01-14T20:58:25.131+0000] {dagbag.py:538} INFO - Filling up the DagBag from /media/prempeh/Nouveau nom/MASTER2/DATA ENGINEERING/airflow/py_env/lib/python3.10/site-packages/airflow/example_dags/example_nested_branch_dag.py
[2023-01-14T20:58:25.345+0000] {processor.py:753} INFO - DAG(s) dict_keys(['example_nested_branch_dag']) retrieved from /media/prempeh/Nouveau nom/MASTER2/DATA ENGINEERING/airflow/py_env/lib/python3.10/site-packages/airflow/example_dags/example_nested_branch_dag.py
[2023-01-14T20:58:25.472+0000] {logging_mixin.py:137} INFO - [2023-01-14T20:58:25.472+0000] {dag.py:2676} INFO - Sync 1 DAGs
[2023-01-14T20:58:25.545+0000] {logging_mixin.py:137} INFO - [2023-01-14T20:58:25.544+0000] {dag.py:3423} INFO - Setting next_dagrun for example_nested_branch_dag to 2023-01-13T00:00:00+00:00, run_after=2023-01-14T00:00:00+00:00
[2023-01-14T20:58:25.614+0000] {processor.py:175} INFO - Processing /media/prempeh/Nouveau nom/MASTER2/DATA ENGINEERING/airflow/py_env/lib/python3.10/site-packages/airflow/example_dags/example_nested_branch_dag.py took 0.504 seconds
[2023-01-14T20:59:24.869+0000] {processor.py:153} INFO - Started process (PID=7176) to work on /media/prempeh/Nouveau nom/MASTER2/DATA ENGINEERING/airflow/py_env/lib/python3.10/site-packages/airflow/example_dags/example_nested_branch_dag.py
[2023-01-14T20:59:24.872+0000] {processor.py:743} INFO - Processing file /media/prempeh/Nouveau nom/MASTER2/DATA ENGINEERING/airflow/py_env/lib/python3.10/site-packages/airflow/example_dags/example_nested_branch_dag.py for tasks to queue
[2023-01-14T20:59:24.877+0000] {logging_mixin.py:137} INFO - [2023-01-14T20:59:24.876+0000] {dagbag.py:538} INFO - Filling up the DagBag from /media/prempeh/Nouveau nom/MASTER2/DATA ENGINEERING/airflow/py_env/lib/python3.10/site-packages/airflow/example_dags/example_nested_branch_dag.py
[2023-01-14T20:59:25.056+0000] {processor.py:753} INFO - DAG(s) dict_keys(['example_nested_branch_dag']) retrieved from /media/prempeh/Nouveau nom/MASTER2/DATA ENGINEERING/airflow/py_env/lib/python3.10/site-packages/airflow/example_dags/example_nested_branch_dag.py
[2023-01-14T20:59:25.182+0000] {logging_mixin.py:137} INFO - [2023-01-14T20:59:25.182+0000] {dag.py:2676} INFO - Sync 1 DAGs
[2023-01-14T20:59:25.249+0000] {logging_mixin.py:137} INFO - [2023-01-14T20:59:25.248+0000] {dag.py:3423} INFO - Setting next_dagrun for example_nested_branch_dag to 2023-01-13T00:00:00+00:00, run_after=2023-01-14T00:00:00+00:00
[2023-01-14T20:59:25.320+0000] {processor.py:175} INFO - Processing /media/prempeh/Nouveau nom/MASTER2/DATA ENGINEERING/airflow/py_env/lib/python3.10/site-packages/airflow/example_dags/example_nested_branch_dag.py took 0.460 seconds
[2023-01-14T21:00:22.767+0000] {processor.py:153} INFO - Started process (PID=7259) to work on /media/prempeh/Nouveau nom/MASTER2/DATA ENGINEERING/airflow/py_env/lib/python3.10/site-packages/airflow/example_dags/example_nested_branch_dag.py
[2023-01-14T21:00:22.770+0000] {processor.py:743} INFO - Processing file /media/prempeh/Nouveau nom/MASTER2/DATA ENGINEERING/airflow/py_env/lib/python3.10/site-packages/airflow/example_dags/example_nested_branch_dag.py for tasks to queue
[2023-01-14T21:00:22.777+0000] {logging_mixin.py:137} INFO - [2023-01-14T21:00:22.776+0000] {dagbag.py:538} INFO - Filling up the DagBag from /media/prempeh/Nouveau nom/MASTER2/DATA ENGINEERING/airflow/py_env/lib/python3.10/site-packages/airflow/example_dags/example_nested_branch_dag.py
[2023-01-14T21:00:23.035+0000] {processor.py:753} INFO - DAG(s) dict_keys(['example_nested_branch_dag']) retrieved from /media/prempeh/Nouveau nom/MASTER2/DATA ENGINEERING/airflow/py_env/lib/python3.10/site-packages/airflow/example_dags/example_nested_branch_dag.py
[2023-01-14T21:00:23.203+0000] {logging_mixin.py:137} INFO - [2023-01-14T21:00:23.202+0000] {dag.py:2676} INFO - Sync 1 DAGs
[2023-01-14T21:00:23.295+0000] {logging_mixin.py:137} INFO - [2023-01-14T21:00:23.293+0000] {dag.py:3423} INFO - Setting next_dagrun for example_nested_branch_dag to 2023-01-13T00:00:00+00:00, run_after=2023-01-14T00:00:00+00:00
[2023-01-14T21:00:23.389+0000] {processor.py:175} INFO - Processing /media/prempeh/Nouveau nom/MASTER2/DATA ENGINEERING/airflow/py_env/lib/python3.10/site-packages/airflow/example_dags/example_nested_branch_dag.py took 0.633 seconds
[2023-01-14T21:01:20.113+0000] {processor.py:153} INFO - Started process (PID=7304) to work on /media/prempeh/Nouveau nom/MASTER2/DATA ENGINEERING/airflow/py_env/lib/python3.10/site-packages/airflow/example_dags/example_nested_branch_dag.py
[2023-01-14T21:01:20.117+0000] {processor.py:743} INFO - Processing file /media/prempeh/Nouveau nom/MASTER2/DATA ENGINEERING/airflow/py_env/lib/python3.10/site-packages/airflow/example_dags/example_nested_branch_dag.py for tasks to queue
[2023-01-14T21:01:20.125+0000] {logging_mixin.py:137} INFO - [2023-01-14T21:01:20.124+0000] {dagbag.py:538} INFO - Filling up the DagBag from /media/prempeh/Nouveau nom/MASTER2/DATA ENGINEERING/airflow/py_env/lib/python3.10/site-packages/airflow/example_dags/example_nested_branch_dag.py
[2023-01-14T21:01:20.354+0000] {processor.py:753} INFO - DAG(s) dict_keys(['example_nested_branch_dag']) retrieved from /media/prempeh/Nouveau nom/MASTER2/DATA ENGINEERING/airflow/py_env/lib/python3.10/site-packages/airflow/example_dags/example_nested_branch_dag.py
[2023-01-14T21:01:20.500+0000] {logging_mixin.py:137} INFO - [2023-01-14T21:01:20.499+0000] {dag.py:2676} INFO - Sync 1 DAGs
[2023-01-14T21:01:20.584+0000] {logging_mixin.py:137} INFO - [2023-01-14T21:01:20.583+0000] {dag.py:3423} INFO - Setting next_dagrun for example_nested_branch_dag to 2023-01-13T00:00:00+00:00, run_after=2023-01-14T00:00:00+00:00
[2023-01-14T21:01:20.670+0000] {processor.py:175} INFO - Processing /media/prempeh/Nouveau nom/MASTER2/DATA ENGINEERING/airflow/py_env/lib/python3.10/site-packages/airflow/example_dags/example_nested_branch_dag.py took 0.567 seconds
[2023-01-14T21:02:14.479+0000] {processor.py:153} INFO - Started process (PID=7370) to work on /media/prempeh/Nouveau nom/MASTER2/DATA ENGINEERING/airflow/py_env/lib/python3.10/site-packages/airflow/example_dags/example_nested_branch_dag.py
[2023-01-14T21:02:14.484+0000] {processor.py:743} INFO - Processing file /media/prempeh/Nouveau nom/MASTER2/DATA ENGINEERING/airflow/py_env/lib/python3.10/site-packages/airflow/example_dags/example_nested_branch_dag.py for tasks to queue
[2023-01-14T21:02:14.491+0000] {logging_mixin.py:137} INFO - [2023-01-14T21:02:14.490+0000] {dagbag.py:538} INFO - Filling up the DagBag from /media/prempeh/Nouveau nom/MASTER2/DATA ENGINEERING/airflow/py_env/lib/python3.10/site-packages/airflow/example_dags/example_nested_branch_dag.py
[2023-01-14T21:02:14.685+0000] {processor.py:753} INFO - DAG(s) dict_keys(['example_nested_branch_dag']) retrieved from /media/prempeh/Nouveau nom/MASTER2/DATA ENGINEERING/airflow/py_env/lib/python3.10/site-packages/airflow/example_dags/example_nested_branch_dag.py
[2023-01-14T21:02:14.818+0000] {logging_mixin.py:137} INFO - [2023-01-14T21:02:14.817+0000] {dag.py:2676} INFO - Sync 1 DAGs
[2023-01-14T21:02:14.885+0000] {logging_mixin.py:137} INFO - [2023-01-14T21:02:14.884+0000] {dag.py:3423} INFO - Setting next_dagrun for example_nested_branch_dag to 2023-01-13T00:00:00+00:00, run_after=2023-01-14T00:00:00+00:00
[2023-01-14T21:02:14.953+0000] {processor.py:175} INFO - Processing /media/prempeh/Nouveau nom/MASTER2/DATA ENGINEERING/airflow/py_env/lib/python3.10/site-packages/airflow/example_dags/example_nested_branch_dag.py took 0.488 seconds
[2023-01-14T21:03:04.905+0000] {processor.py:153} INFO - Started process (PID=7412) to work on /media/prempeh/Nouveau nom/MASTER2/DATA ENGINEERING/airflow/py_env/lib/python3.10/site-packages/airflow/example_dags/example_nested_branch_dag.py
[2023-01-14T21:03:04.913+0000] {processor.py:743} INFO - Processing file /media/prempeh/Nouveau nom/MASTER2/DATA ENGINEERING/airflow/py_env/lib/python3.10/site-packages/airflow/example_dags/example_nested_branch_dag.py for tasks to queue
[2023-01-14T21:03:04.923+0000] {logging_mixin.py:137} INFO - [2023-01-14T21:03:04.922+0000] {dagbag.py:538} INFO - Filling up the DagBag from /media/prempeh/Nouveau nom/MASTER2/DATA ENGINEERING/airflow/py_env/lib/python3.10/site-packages/airflow/example_dags/example_nested_branch_dag.py
[2023-01-14T21:03:05.222+0000] {processor.py:753} INFO - DAG(s) dict_keys(['example_nested_branch_dag']) retrieved from /media/prempeh/Nouveau nom/MASTER2/DATA ENGINEERING/airflow/py_env/lib/python3.10/site-packages/airflow/example_dags/example_nested_branch_dag.py
[2023-01-14T21:03:05.373+0000] {logging_mixin.py:137} INFO - [2023-01-14T21:03:05.373+0000] {dag.py:2676} INFO - Sync 1 DAGs
[2023-01-14T21:03:05.464+0000] {logging_mixin.py:137} INFO - [2023-01-14T21:03:05.464+0000] {dag.py:3423} INFO - Setting next_dagrun for example_nested_branch_dag to 2023-01-13T00:00:00+00:00, run_after=2023-01-14T00:00:00+00:00
[2023-01-14T21:03:05.542+0000] {processor.py:175} INFO - Processing /media/prempeh/Nouveau nom/MASTER2/DATA ENGINEERING/airflow/py_env/lib/python3.10/site-packages/airflow/example_dags/example_nested_branch_dag.py took 0.654 seconds
[2023-01-14T21:04:00.296+0000] {processor.py:153} INFO - Started process (PID=7479) to work on /media/prempeh/Nouveau nom/MASTER2/DATA ENGINEERING/airflow/py_env/lib/python3.10/site-packages/airflow/example_dags/example_nested_branch_dag.py
[2023-01-14T21:04:00.306+0000] {processor.py:743} INFO - Processing file /media/prempeh/Nouveau nom/MASTER2/DATA ENGINEERING/airflow/py_env/lib/python3.10/site-packages/airflow/example_dags/example_nested_branch_dag.py for tasks to queue
[2023-01-14T21:04:00.319+0000] {logging_mixin.py:137} INFO - [2023-01-14T21:04:00.318+0000] {dagbag.py:538} INFO - Filling up the DagBag from /media/prempeh/Nouveau nom/MASTER2/DATA ENGINEERING/airflow/py_env/lib/python3.10/site-packages/airflow/example_dags/example_nested_branch_dag.py
[2023-01-14T21:04:00.627+0000] {processor.py:753} INFO - DAG(s) dict_keys(['example_nested_branch_dag']) retrieved from /media/prempeh/Nouveau nom/MASTER2/DATA ENGINEERING/airflow/py_env/lib/python3.10/site-packages/airflow/example_dags/example_nested_branch_dag.py
[2023-01-14T21:04:00.842+0000] {logging_mixin.py:137} INFO - [2023-01-14T21:04:00.841+0000] {dag.py:2676} INFO - Sync 1 DAGs
[2023-01-14T21:04:00.970+0000] {logging_mixin.py:137} INFO - [2023-01-14T21:04:00.969+0000] {dag.py:3423} INFO - Setting next_dagrun for example_nested_branch_dag to 2023-01-13T00:00:00+00:00, run_after=2023-01-14T00:00:00+00:00
[2023-01-14T21:04:01.102+0000] {processor.py:175} INFO - Processing /media/prempeh/Nouveau nom/MASTER2/DATA ENGINEERING/airflow/py_env/lib/python3.10/site-packages/airflow/example_dags/example_nested_branch_dag.py took 0.816 seconds
[2023-01-14T21:05:04.551+0000] {processor.py:153} INFO - Started process (PID=7530) to work on /media/prempeh/Nouveau nom/MASTER2/DATA ENGINEERING/airflow/py_env/lib/python3.10/site-packages/airflow/example_dags/example_nested_branch_dag.py
[2023-01-14T21:05:04.555+0000] {processor.py:743} INFO - Processing file /media/prempeh/Nouveau nom/MASTER2/DATA ENGINEERING/airflow/py_env/lib/python3.10/site-packages/airflow/example_dags/example_nested_branch_dag.py for tasks to queue
[2023-01-14T21:05:04.561+0000] {logging_mixin.py:137} INFO - [2023-01-14T21:05:04.560+0000] {dagbag.py:538} INFO - Filling up the DagBag from /media/prempeh/Nouveau nom/MASTER2/DATA ENGINEERING/airflow/py_env/lib/python3.10/site-packages/airflow/example_dags/example_nested_branch_dag.py
[2023-01-14T21:05:04.847+0000] {processor.py:753} INFO - DAG(s) dict_keys(['example_nested_branch_dag']) retrieved from /media/prempeh/Nouveau nom/MASTER2/DATA ENGINEERING/airflow/py_env/lib/python3.10/site-packages/airflow/example_dags/example_nested_branch_dag.py
[2023-01-14T21:05:05.027+0000] {logging_mixin.py:137} INFO - [2023-01-14T21:05:05.027+0000] {dag.py:2676} INFO - Sync 1 DAGs
[2023-01-14T21:05:05.137+0000] {logging_mixin.py:137} INFO - [2023-01-14T21:05:05.136+0000] {dag.py:3423} INFO - Setting next_dagrun for example_nested_branch_dag to 2023-01-13T00:00:00+00:00, run_after=2023-01-14T00:00:00+00:00
[2023-01-14T21:05:05.245+0000] {processor.py:175} INFO - Processing /media/prempeh/Nouveau nom/MASTER2/DATA ENGINEERING/airflow/py_env/lib/python3.10/site-packages/airflow/example_dags/example_nested_branch_dag.py took 0.706 seconds
[2023-01-14T21:06:03.575+0000] {processor.py:153} INFO - Started process (PID=7616) to work on /media/prempeh/Nouveau nom/MASTER2/DATA ENGINEERING/airflow/py_env/lib/python3.10/site-packages/airflow/example_dags/example_nested_branch_dag.py
[2023-01-14T21:06:03.579+0000] {processor.py:743} INFO - Processing file /media/prempeh/Nouveau nom/MASTER2/DATA ENGINEERING/airflow/py_env/lib/python3.10/site-packages/airflow/example_dags/example_nested_branch_dag.py for tasks to queue
[2023-01-14T21:06:03.584+0000] {logging_mixin.py:137} INFO - [2023-01-14T21:06:03.584+0000] {dagbag.py:538} INFO - Filling up the DagBag from /media/prempeh/Nouveau nom/MASTER2/DATA ENGINEERING/airflow/py_env/lib/python3.10/site-packages/airflow/example_dags/example_nested_branch_dag.py
[2023-01-14T21:06:03.892+0000] {processor.py:753} INFO - DAG(s) dict_keys(['example_nested_branch_dag']) retrieved from /media/prempeh/Nouveau nom/MASTER2/DATA ENGINEERING/airflow/py_env/lib/python3.10/site-packages/airflow/example_dags/example_nested_branch_dag.py
[2023-01-14T21:06:04.107+0000] {logging_mixin.py:137} INFO - [2023-01-14T21:06:04.106+0000] {dag.py:2676} INFO - Sync 1 DAGs
[2023-01-14T21:06:04.227+0000] {logging_mixin.py:137} INFO - [2023-01-14T21:06:04.226+0000] {dag.py:3423} INFO - Setting next_dagrun for example_nested_branch_dag to 2023-01-13T00:00:00+00:00, run_after=2023-01-14T00:00:00+00:00
[2023-01-14T21:06:04.327+0000] {processor.py:175} INFO - Processing /media/prempeh/Nouveau nom/MASTER2/DATA ENGINEERING/airflow/py_env/lib/python3.10/site-packages/airflow/example_dags/example_nested_branch_dag.py took 0.773 seconds
[2023-01-14T21:07:10.394+0000] {processor.py:153} INFO - Started process (PID=7863) to work on /media/prempeh/Nouveau nom/MASTER2/DATA ENGINEERING/airflow/py_env/lib/python3.10/site-packages/airflow/example_dags/example_nested_branch_dag.py
[2023-01-14T21:07:10.402+0000] {processor.py:743} INFO - Processing file /media/prempeh/Nouveau nom/MASTER2/DATA ENGINEERING/airflow/py_env/lib/python3.10/site-packages/airflow/example_dags/example_nested_branch_dag.py for tasks to queue
[2023-01-14T21:07:10.411+0000] {logging_mixin.py:137} INFO - [2023-01-14T21:07:10.410+0000] {dagbag.py:538} INFO - Filling up the DagBag from /media/prempeh/Nouveau nom/MASTER2/DATA ENGINEERING/airflow/py_env/lib/python3.10/site-packages/airflow/example_dags/example_nested_branch_dag.py
[2023-01-14T21:07:10.780+0000] {processor.py:753} INFO - DAG(s) dict_keys(['example_nested_branch_dag']) retrieved from /media/prempeh/Nouveau nom/MASTER2/DATA ENGINEERING/airflow/py_env/lib/python3.10/site-packages/airflow/example_dags/example_nested_branch_dag.py
[2023-01-14T21:07:11.060+0000] {logging_mixin.py:137} INFO - [2023-01-14T21:07:11.059+0000] {dag.py:2676} INFO - Sync 1 DAGs
[2023-01-14T21:07:11.183+0000] {logging_mixin.py:137} INFO - [2023-01-14T21:07:11.182+0000] {dag.py:3423} INFO - Setting next_dagrun for example_nested_branch_dag to 2023-01-13T00:00:00+00:00, run_after=2023-01-14T00:00:00+00:00
[2023-01-14T21:07:11.322+0000] {processor.py:175} INFO - Processing /media/prempeh/Nouveau nom/MASTER2/DATA ENGINEERING/airflow/py_env/lib/python3.10/site-packages/airflow/example_dags/example_nested_branch_dag.py took 0.939 seconds
[2023-01-14T21:08:23.858+0000] {processor.py:153} INFO - Started process (PID=8064) to work on /media/prempeh/Nouveau nom/MASTER2/DATA ENGINEERING/airflow/py_env/lib/python3.10/site-packages/airflow/example_dags/example_nested_branch_dag.py
[2023-01-14T21:08:23.861+0000] {processor.py:743} INFO - Processing file /media/prempeh/Nouveau nom/MASTER2/DATA ENGINEERING/airflow/py_env/lib/python3.10/site-packages/airflow/example_dags/example_nested_branch_dag.py for tasks to queue
[2023-01-14T21:08:23.866+0000] {logging_mixin.py:137} INFO - [2023-01-14T21:08:23.865+0000] {dagbag.py:538} INFO - Filling up the DagBag from /media/prempeh/Nouveau nom/MASTER2/DATA ENGINEERING/airflow/py_env/lib/python3.10/site-packages/airflow/example_dags/example_nested_branch_dag.py
[2023-01-14T21:08:24.058+0000] {processor.py:753} INFO - DAG(s) dict_keys(['example_nested_branch_dag']) retrieved from /media/prempeh/Nouveau nom/MASTER2/DATA ENGINEERING/airflow/py_env/lib/python3.10/site-packages/airflow/example_dags/example_nested_branch_dag.py
[2023-01-14T21:08:24.179+0000] {logging_mixin.py:137} INFO - [2023-01-14T21:08:24.178+0000] {dag.py:2676} INFO - Sync 1 DAGs
[2023-01-14T21:08:24.247+0000] {logging_mixin.py:137} INFO - [2023-01-14T21:08:24.246+0000] {dag.py:3423} INFO - Setting next_dagrun for example_nested_branch_dag to 2023-01-13T00:00:00+00:00, run_after=2023-01-14T00:00:00+00:00
[2023-01-14T21:08:24.323+0000] {processor.py:175} INFO - Processing /media/prempeh/Nouveau nom/MASTER2/DATA ENGINEERING/airflow/py_env/lib/python3.10/site-packages/airflow/example_dags/example_nested_branch_dag.py took 0.475 seconds
[2023-01-14T21:09:24.736+0000] {processor.py:153} INFO - Started process (PID=8111) to work on /media/prempeh/Nouveau nom/MASTER2/DATA ENGINEERING/airflow/py_env/lib/python3.10/site-packages/airflow/example_dags/example_nested_branch_dag.py
[2023-01-14T21:09:24.739+0000] {processor.py:743} INFO - Processing file /media/prempeh/Nouveau nom/MASTER2/DATA ENGINEERING/airflow/py_env/lib/python3.10/site-packages/airflow/example_dags/example_nested_branch_dag.py for tasks to queue
[2023-01-14T21:09:24.744+0000] {logging_mixin.py:137} INFO - [2023-01-14T21:09:24.744+0000] {dagbag.py:538} INFO - Filling up the DagBag from /media/prempeh/Nouveau nom/MASTER2/DATA ENGINEERING/airflow/py_env/lib/python3.10/site-packages/airflow/example_dags/example_nested_branch_dag.py
[2023-01-14T21:09:24.919+0000] {processor.py:753} INFO - DAG(s) dict_keys(['example_nested_branch_dag']) retrieved from /media/prempeh/Nouveau nom/MASTER2/DATA ENGINEERING/airflow/py_env/lib/python3.10/site-packages/airflow/example_dags/example_nested_branch_dag.py
[2023-01-14T21:09:25.043+0000] {logging_mixin.py:137} INFO - [2023-01-14T21:09:25.043+0000] {dag.py:2676} INFO - Sync 1 DAGs
[2023-01-14T21:09:25.113+0000] {logging_mixin.py:137} INFO - [2023-01-14T21:09:25.112+0000] {dag.py:3423} INFO - Setting next_dagrun for example_nested_branch_dag to 2023-01-13T00:00:00+00:00, run_after=2023-01-14T00:00:00+00:00
[2023-01-14T21:09:25.187+0000] {processor.py:175} INFO - Processing /media/prempeh/Nouveau nom/MASTER2/DATA ENGINEERING/airflow/py_env/lib/python3.10/site-packages/airflow/example_dags/example_nested_branch_dag.py took 0.461 seconds
[2023-01-14T21:10:25.056+0000] {processor.py:153} INFO - Started process (PID=8157) to work on /media/prempeh/Nouveau nom/MASTER2/DATA ENGINEERING/airflow/py_env/lib/python3.10/site-packages/airflow/example_dags/example_nested_branch_dag.py
[2023-01-14T21:10:25.059+0000] {processor.py:743} INFO - Processing file /media/prempeh/Nouveau nom/MASTER2/DATA ENGINEERING/airflow/py_env/lib/python3.10/site-packages/airflow/example_dags/example_nested_branch_dag.py for tasks to queue
[2023-01-14T21:10:25.064+0000] {logging_mixin.py:137} INFO - [2023-01-14T21:10:25.064+0000] {dagbag.py:538} INFO - Filling up the DagBag from /media/prempeh/Nouveau nom/MASTER2/DATA ENGINEERING/airflow/py_env/lib/python3.10/site-packages/airflow/example_dags/example_nested_branch_dag.py
[2023-01-14T21:10:25.272+0000] {processor.py:753} INFO - DAG(s) dict_keys(['example_nested_branch_dag']) retrieved from /media/prempeh/Nouveau nom/MASTER2/DATA ENGINEERING/airflow/py_env/lib/python3.10/site-packages/airflow/example_dags/example_nested_branch_dag.py
[2023-01-14T21:10:25.412+0000] {logging_mixin.py:137} INFO - [2023-01-14T21:10:25.411+0000] {dag.py:2676} INFO - Sync 1 DAGs
[2023-01-14T21:10:25.480+0000] {logging_mixin.py:137} INFO - [2023-01-14T21:10:25.479+0000] {dag.py:3423} INFO - Setting next_dagrun for example_nested_branch_dag to 2023-01-13T00:00:00+00:00, run_after=2023-01-14T00:00:00+00:00
[2023-01-14T21:10:25.553+0000] {processor.py:175} INFO - Processing /media/prempeh/Nouveau nom/MASTER2/DATA ENGINEERING/airflow/py_env/lib/python3.10/site-packages/airflow/example_dags/example_nested_branch_dag.py took 0.505 seconds
[2023-01-14T21:11:28.438+0000] {processor.py:153} INFO - Started process (PID=8207) to work on /media/prempeh/Nouveau nom/MASTER2/DATA ENGINEERING/airflow/py_env/lib/python3.10/site-packages/airflow/example_dags/example_nested_branch_dag.py
[2023-01-14T21:11:28.441+0000] {processor.py:743} INFO - Processing file /media/prempeh/Nouveau nom/MASTER2/DATA ENGINEERING/airflow/py_env/lib/python3.10/site-packages/airflow/example_dags/example_nested_branch_dag.py for tasks to queue
[2023-01-14T21:11:28.446+0000] {logging_mixin.py:137} INFO - [2023-01-14T21:11:28.445+0000] {dagbag.py:538} INFO - Filling up the DagBag from /media/prempeh/Nouveau nom/MASTER2/DATA ENGINEERING/airflow/py_env/lib/python3.10/site-packages/airflow/example_dags/example_nested_branch_dag.py
[2023-01-14T21:11:28.648+0000] {processor.py:753} INFO - DAG(s) dict_keys(['example_nested_branch_dag']) retrieved from /media/prempeh/Nouveau nom/MASTER2/DATA ENGINEERING/airflow/py_env/lib/python3.10/site-packages/airflow/example_dags/example_nested_branch_dag.py
[2023-01-14T21:11:28.774+0000] {logging_mixin.py:137} INFO - [2023-01-14T21:11:28.773+0000] {dag.py:2676} INFO - Sync 1 DAGs
[2023-01-14T21:11:28.841+0000] {logging_mixin.py:137} INFO - [2023-01-14T21:11:28.840+0000] {dag.py:3423} INFO - Setting next_dagrun for example_nested_branch_dag to 2023-01-13T00:00:00+00:00, run_after=2023-01-14T00:00:00+00:00
[2023-01-14T21:11:28.913+0000] {processor.py:175} INFO - Processing /media/prempeh/Nouveau nom/MASTER2/DATA ENGINEERING/airflow/py_env/lib/python3.10/site-packages/airflow/example_dags/example_nested_branch_dag.py took 0.483 seconds
[2023-01-14T21:12:38.466+0000] {processor.py:153} INFO - Started process (PID=8251) to work on /media/prempeh/Nouveau nom/MASTER2/DATA ENGINEERING/airflow/py_env/lib/python3.10/site-packages/airflow/example_dags/example_nested_branch_dag.py
[2023-01-14T21:12:38.470+0000] {processor.py:743} INFO - Processing file /media/prempeh/Nouveau nom/MASTER2/DATA ENGINEERING/airflow/py_env/lib/python3.10/site-packages/airflow/example_dags/example_nested_branch_dag.py for tasks to queue
[2023-01-14T21:12:38.475+0000] {logging_mixin.py:137} INFO - [2023-01-14T21:12:38.475+0000] {dagbag.py:538} INFO - Filling up the DagBag from /media/prempeh/Nouveau nom/MASTER2/DATA ENGINEERING/airflow/py_env/lib/python3.10/site-packages/airflow/example_dags/example_nested_branch_dag.py
[2023-01-14T21:12:38.682+0000] {processor.py:753} INFO - DAG(s) dict_keys(['example_nested_branch_dag']) retrieved from /media/prempeh/Nouveau nom/MASTER2/DATA ENGINEERING/airflow/py_env/lib/python3.10/site-packages/airflow/example_dags/example_nested_branch_dag.py
[2023-01-14T21:12:38.817+0000] {logging_mixin.py:137} INFO - [2023-01-14T21:12:38.816+0000] {dag.py:2676} INFO - Sync 1 DAGs
[2023-01-14T21:12:38.890+0000] {logging_mixin.py:137} INFO - [2023-01-14T21:12:38.889+0000] {dag.py:3423} INFO - Setting next_dagrun for example_nested_branch_dag to 2023-01-13T00:00:00+00:00, run_after=2023-01-14T00:00:00+00:00
[2023-01-14T21:12:38.962+0000] {processor.py:175} INFO - Processing /media/prempeh/Nouveau nom/MASTER2/DATA ENGINEERING/airflow/py_env/lib/python3.10/site-packages/airflow/example_dags/example_nested_branch_dag.py took 0.505 seconds
[2023-01-14T21:13:54.037+0000] {processor.py:153} INFO - Started process (PID=8304) to work on /media/prempeh/Nouveau nom/MASTER2/DATA ENGINEERING/airflow/py_env/lib/python3.10/site-packages/airflow/example_dags/example_nested_branch_dag.py
[2023-01-14T21:13:54.040+0000] {processor.py:743} INFO - Processing file /media/prempeh/Nouveau nom/MASTER2/DATA ENGINEERING/airflow/py_env/lib/python3.10/site-packages/airflow/example_dags/example_nested_branch_dag.py for tasks to queue
[2023-01-14T21:13:54.044+0000] {logging_mixin.py:137} INFO - [2023-01-14T21:13:54.044+0000] {dagbag.py:538} INFO - Filling up the DagBag from /media/prempeh/Nouveau nom/MASTER2/DATA ENGINEERING/airflow/py_env/lib/python3.10/site-packages/airflow/example_dags/example_nested_branch_dag.py
[2023-01-14T21:13:54.245+0000] {processor.py:753} INFO - DAG(s) dict_keys(['example_nested_branch_dag']) retrieved from /media/prempeh/Nouveau nom/MASTER2/DATA ENGINEERING/airflow/py_env/lib/python3.10/site-packages/airflow/example_dags/example_nested_branch_dag.py
[2023-01-14T21:13:54.379+0000] {logging_mixin.py:137} INFO - [2023-01-14T21:13:54.379+0000] {dag.py:2676} INFO - Sync 1 DAGs
[2023-01-14T21:13:54.459+0000] {logging_mixin.py:137} INFO - [2023-01-14T21:13:54.458+0000] {dag.py:3423} INFO - Setting next_dagrun for example_nested_branch_dag to 2023-01-13T00:00:00+00:00, run_after=2023-01-14T00:00:00+00:00
[2023-01-14T21:13:54.535+0000] {processor.py:175} INFO - Processing /media/prempeh/Nouveau nom/MASTER2/DATA ENGINEERING/airflow/py_env/lib/python3.10/site-packages/airflow/example_dags/example_nested_branch_dag.py took 0.511 seconds
[2023-01-14T21:15:00.753+0000] {processor.py:153} INFO - Started process (PID=8412) to work on /media/prempeh/Nouveau nom/MASTER2/DATA ENGINEERING/airflow/py_env/lib/python3.10/site-packages/airflow/example_dags/example_nested_branch_dag.py
[2023-01-14T21:15:00.756+0000] {processor.py:743} INFO - Processing file /media/prempeh/Nouveau nom/MASTER2/DATA ENGINEERING/airflow/py_env/lib/python3.10/site-packages/airflow/example_dags/example_nested_branch_dag.py for tasks to queue
[2023-01-14T21:15:00.762+0000] {logging_mixin.py:137} INFO - [2023-01-14T21:15:00.761+0000] {dagbag.py:538} INFO - Filling up the DagBag from /media/prempeh/Nouveau nom/MASTER2/DATA ENGINEERING/airflow/py_env/lib/python3.10/site-packages/airflow/example_dags/example_nested_branch_dag.py
[2023-01-14T21:15:01.141+0000] {processor.py:753} INFO - DAG(s) dict_keys(['example_nested_branch_dag']) retrieved from /media/prempeh/Nouveau nom/MASTER2/DATA ENGINEERING/airflow/py_env/lib/python3.10/site-packages/airflow/example_dags/example_nested_branch_dag.py
[2023-01-14T21:15:01.391+0000] {logging_mixin.py:137} INFO - [2023-01-14T21:15:01.391+0000] {dag.py:2676} INFO - Sync 1 DAGs
[2023-01-14T21:15:01.491+0000] {logging_mixin.py:137} INFO - [2023-01-14T21:15:01.490+0000] {dag.py:3423} INFO - Setting next_dagrun for example_nested_branch_dag to 2023-01-13T00:00:00+00:00, run_after=2023-01-14T00:00:00+00:00
[2023-01-14T21:15:01.602+0000] {processor.py:175} INFO - Processing /media/prempeh/Nouveau nom/MASTER2/DATA ENGINEERING/airflow/py_env/lib/python3.10/site-packages/airflow/example_dags/example_nested_branch_dag.py took 0.868 seconds
[2023-01-14T21:16:12.709+0000] {processor.py:153} INFO - Started process (PID=9011) to work on /media/prempeh/Nouveau nom/MASTER2/DATA ENGINEERING/airflow/py_env/lib/python3.10/site-packages/airflow/example_dags/example_nested_branch_dag.py
[2023-01-14T21:16:12.711+0000] {processor.py:743} INFO - Processing file /media/prempeh/Nouveau nom/MASTER2/DATA ENGINEERING/airflow/py_env/lib/python3.10/site-packages/airflow/example_dags/example_nested_branch_dag.py for tasks to queue
[2023-01-14T21:16:12.716+0000] {logging_mixin.py:137} INFO - [2023-01-14T21:16:12.715+0000] {dagbag.py:538} INFO - Filling up the DagBag from /media/prempeh/Nouveau nom/MASTER2/DATA ENGINEERING/airflow/py_env/lib/python3.10/site-packages/airflow/example_dags/example_nested_branch_dag.py
[2023-01-14T21:16:12.908+0000] {processor.py:753} INFO - DAG(s) dict_keys(['example_nested_branch_dag']) retrieved from /media/prempeh/Nouveau nom/MASTER2/DATA ENGINEERING/airflow/py_env/lib/python3.10/site-packages/airflow/example_dags/example_nested_branch_dag.py
[2023-01-14T21:16:13.057+0000] {logging_mixin.py:137} INFO - [2023-01-14T21:16:13.056+0000] {dag.py:2676} INFO - Sync 1 DAGs
[2023-01-14T21:16:13.137+0000] {logging_mixin.py:137} INFO - [2023-01-14T21:16:13.136+0000] {dag.py:3423} INFO - Setting next_dagrun for example_nested_branch_dag to 2023-01-13T00:00:00+00:00, run_after=2023-01-14T00:00:00+00:00
[2023-01-14T21:16:13.230+0000] {processor.py:175} INFO - Processing /media/prempeh/Nouveau nom/MASTER2/DATA ENGINEERING/airflow/py_env/lib/python3.10/site-packages/airflow/example_dags/example_nested_branch_dag.py took 0.529 seconds
[2023-01-14T21:17:26.118+0000] {processor.py:153} INFO - Started process (PID=9155) to work on /media/prempeh/Nouveau nom/MASTER2/DATA ENGINEERING/airflow/py_env/lib/python3.10/site-packages/airflow/example_dags/example_nested_branch_dag.py
[2023-01-14T21:17:26.120+0000] {processor.py:743} INFO - Processing file /media/prempeh/Nouveau nom/MASTER2/DATA ENGINEERING/airflow/py_env/lib/python3.10/site-packages/airflow/example_dags/example_nested_branch_dag.py for tasks to queue
[2023-01-14T21:17:26.126+0000] {logging_mixin.py:137} INFO - [2023-01-14T21:17:26.125+0000] {dagbag.py:538} INFO - Filling up the DagBag from /media/prempeh/Nouveau nom/MASTER2/DATA ENGINEERING/airflow/py_env/lib/python3.10/site-packages/airflow/example_dags/example_nested_branch_dag.py
[2023-01-14T21:17:26.340+0000] {processor.py:753} INFO - DAG(s) dict_keys(['example_nested_branch_dag']) retrieved from /media/prempeh/Nouveau nom/MASTER2/DATA ENGINEERING/airflow/py_env/lib/python3.10/site-packages/airflow/example_dags/example_nested_branch_dag.py
[2023-01-14T21:17:26.479+0000] {logging_mixin.py:137} INFO - [2023-01-14T21:17:26.479+0000] {dag.py:2676} INFO - Sync 1 DAGs
[2023-01-14T21:17:26.555+0000] {logging_mixin.py:137} INFO - [2023-01-14T21:17:26.554+0000] {dag.py:3423} INFO - Setting next_dagrun for example_nested_branch_dag to 2023-01-13T00:00:00+00:00, run_after=2023-01-14T00:00:00+00:00
[2023-01-14T21:17:26.634+0000] {processor.py:175} INFO - Processing /media/prempeh/Nouveau nom/MASTER2/DATA ENGINEERING/airflow/py_env/lib/python3.10/site-packages/airflow/example_dags/example_nested_branch_dag.py took 0.525 seconds
[2023-01-14T21:18:36.352+0000] {processor.py:153} INFO - Started process (PID=9343) to work on /media/prempeh/Nouveau nom/MASTER2/DATA ENGINEERING/airflow/py_env/lib/python3.10/site-packages/airflow/example_dags/example_nested_branch_dag.py
[2023-01-14T21:18:36.354+0000] {processor.py:743} INFO - Processing file /media/prempeh/Nouveau nom/MASTER2/DATA ENGINEERING/airflow/py_env/lib/python3.10/site-packages/airflow/example_dags/example_nested_branch_dag.py for tasks to queue
[2023-01-14T21:18:36.358+0000] {logging_mixin.py:137} INFO - [2023-01-14T21:18:36.358+0000] {dagbag.py:538} INFO - Filling up the DagBag from /media/prempeh/Nouveau nom/MASTER2/DATA ENGINEERING/airflow/py_env/lib/python3.10/site-packages/airflow/example_dags/example_nested_branch_dag.py
[2023-01-14T21:18:36.560+0000] {processor.py:753} INFO - DAG(s) dict_keys(['example_nested_branch_dag']) retrieved from /media/prempeh/Nouveau nom/MASTER2/DATA ENGINEERING/airflow/py_env/lib/python3.10/site-packages/airflow/example_dags/example_nested_branch_dag.py
[2023-01-14T21:18:36.735+0000] {logging_mixin.py:137} INFO - [2023-01-14T21:18:36.735+0000] {dag.py:2676} INFO - Sync 1 DAGs
[2023-01-14T21:18:36.813+0000] {logging_mixin.py:137} INFO - [2023-01-14T21:18:36.812+0000] {dag.py:3423} INFO - Setting next_dagrun for example_nested_branch_dag to 2023-01-13T00:00:00+00:00, run_after=2023-01-14T00:00:00+00:00
[2023-01-14T21:18:36.896+0000] {processor.py:175} INFO - Processing /media/prempeh/Nouveau nom/MASTER2/DATA ENGINEERING/airflow/py_env/lib/python3.10/site-packages/airflow/example_dags/example_nested_branch_dag.py took 0.553 seconds
[2023-01-14T21:19:53.051+0000] {processor.py:153} INFO - Started process (PID=9672) to work on /media/prempeh/Nouveau nom/MASTER2/DATA ENGINEERING/airflow/py_env/lib/python3.10/site-packages/airflow/example_dags/example_nested_branch_dag.py
[2023-01-14T21:19:53.054+0000] {processor.py:743} INFO - Processing file /media/prempeh/Nouveau nom/MASTER2/DATA ENGINEERING/airflow/py_env/lib/python3.10/site-packages/airflow/example_dags/example_nested_branch_dag.py for tasks to queue
[2023-01-14T21:19:53.058+0000] {logging_mixin.py:137} INFO - [2023-01-14T21:19:53.058+0000] {dagbag.py:538} INFO - Filling up the DagBag from /media/prempeh/Nouveau nom/MASTER2/DATA ENGINEERING/airflow/py_env/lib/python3.10/site-packages/airflow/example_dags/example_nested_branch_dag.py
[2023-01-14T21:19:53.278+0000] {processor.py:753} INFO - DAG(s) dict_keys(['example_nested_branch_dag']) retrieved from /media/prempeh/Nouveau nom/MASTER2/DATA ENGINEERING/airflow/py_env/lib/python3.10/site-packages/airflow/example_dags/example_nested_branch_dag.py
[2023-01-14T21:19:53.412+0000] {logging_mixin.py:137} INFO - [2023-01-14T21:19:53.411+0000] {dag.py:2676} INFO - Sync 1 DAGs
[2023-01-14T21:19:53.478+0000] {logging_mixin.py:137} INFO - [2023-01-14T21:19:53.477+0000] {dag.py:3423} INFO - Setting next_dagrun for example_nested_branch_dag to 2023-01-13T00:00:00+00:00, run_after=2023-01-14T00:00:00+00:00
[2023-01-14T21:19:53.551+0000] {processor.py:175} INFO - Processing /media/prempeh/Nouveau nom/MASTER2/DATA ENGINEERING/airflow/py_env/lib/python3.10/site-packages/airflow/example_dags/example_nested_branch_dag.py took 0.509 seconds
[2023-01-14T21:21:01.601+0000] {processor.py:153} INFO - Started process (PID=9813) to work on /media/prempeh/Nouveau nom/MASTER2/DATA ENGINEERING/airflow/py_env/lib/python3.10/site-packages/airflow/example_dags/example_nested_branch_dag.py
[2023-01-14T21:21:01.604+0000] {processor.py:743} INFO - Processing file /media/prempeh/Nouveau nom/MASTER2/DATA ENGINEERING/airflow/py_env/lib/python3.10/site-packages/airflow/example_dags/example_nested_branch_dag.py for tasks to queue
[2023-01-14T21:21:01.608+0000] {logging_mixin.py:137} INFO - [2023-01-14T21:21:01.608+0000] {dagbag.py:538} INFO - Filling up the DagBag from /media/prempeh/Nouveau nom/MASTER2/DATA ENGINEERING/airflow/py_env/lib/python3.10/site-packages/airflow/example_dags/example_nested_branch_dag.py
[2023-01-14T21:21:01.823+0000] {processor.py:753} INFO - DAG(s) dict_keys(['example_nested_branch_dag']) retrieved from /media/prempeh/Nouveau nom/MASTER2/DATA ENGINEERING/airflow/py_env/lib/python3.10/site-packages/airflow/example_dags/example_nested_branch_dag.py
[2023-01-14T21:21:01.968+0000] {logging_mixin.py:137} INFO - [2023-01-14T21:21:01.967+0000] {dag.py:2676} INFO - Sync 1 DAGs
[2023-01-14T21:21:02.039+0000] {logging_mixin.py:137} INFO - [2023-01-14T21:21:02.038+0000] {dag.py:3423} INFO - Setting next_dagrun for example_nested_branch_dag to 2023-01-13T00:00:00+00:00, run_after=2023-01-14T00:00:00+00:00
[2023-01-14T21:21:02.116+0000] {processor.py:175} INFO - Processing /media/prempeh/Nouveau nom/MASTER2/DATA ENGINEERING/airflow/py_env/lib/python3.10/site-packages/airflow/example_dags/example_nested_branch_dag.py took 0.524 seconds
[2023-01-14T21:22:11.567+0000] {processor.py:153} INFO - Started process (PID=10019) to work on /media/prempeh/Nouveau nom/MASTER2/DATA ENGINEERING/airflow/py_env/lib/python3.10/site-packages/airflow/example_dags/example_nested_branch_dag.py
[2023-01-14T21:22:11.570+0000] {processor.py:743} INFO - Processing file /media/prempeh/Nouveau nom/MASTER2/DATA ENGINEERING/airflow/py_env/lib/python3.10/site-packages/airflow/example_dags/example_nested_branch_dag.py for tasks to queue
[2023-01-14T21:22:11.574+0000] {logging_mixin.py:137} INFO - [2023-01-14T21:22:11.573+0000] {dagbag.py:538} INFO - Filling up the DagBag from /media/prempeh/Nouveau nom/MASTER2/DATA ENGINEERING/airflow/py_env/lib/python3.10/site-packages/airflow/example_dags/example_nested_branch_dag.py
[2023-01-14T21:22:11.763+0000] {processor.py:753} INFO - DAG(s) dict_keys(['example_nested_branch_dag']) retrieved from /media/prempeh/Nouveau nom/MASTER2/DATA ENGINEERING/airflow/py_env/lib/python3.10/site-packages/airflow/example_dags/example_nested_branch_dag.py
[2023-01-14T21:22:11.918+0000] {logging_mixin.py:137} INFO - [2023-01-14T21:22:11.917+0000] {dag.py:2676} INFO - Sync 1 DAGs
[2023-01-14T21:22:11.983+0000] {logging_mixin.py:137} INFO - [2023-01-14T21:22:11.983+0000] {dag.py:3423} INFO - Setting next_dagrun for example_nested_branch_dag to 2023-01-13T00:00:00+00:00, run_after=2023-01-14T00:00:00+00:00
[2023-01-14T21:22:12.054+0000] {processor.py:175} INFO - Processing /media/prempeh/Nouveau nom/MASTER2/DATA ENGINEERING/airflow/py_env/lib/python3.10/site-packages/airflow/example_dags/example_nested_branch_dag.py took 0.497 seconds
[2023-01-14T21:23:27.473+0000] {processor.py:153} INFO - Started process (PID=10345) to work on /media/prempeh/Nouveau nom/MASTER2/DATA ENGINEERING/airflow/py_env/lib/python3.10/site-packages/airflow/example_dags/example_nested_branch_dag.py
[2023-01-14T21:23:27.476+0000] {processor.py:743} INFO - Processing file /media/prempeh/Nouveau nom/MASTER2/DATA ENGINEERING/airflow/py_env/lib/python3.10/site-packages/airflow/example_dags/example_nested_branch_dag.py for tasks to queue
[2023-01-14T21:23:27.481+0000] {logging_mixin.py:137} INFO - [2023-01-14T21:23:27.481+0000] {dagbag.py:538} INFO - Filling up the DagBag from /media/prempeh/Nouveau nom/MASTER2/DATA ENGINEERING/airflow/py_env/lib/python3.10/site-packages/airflow/example_dags/example_nested_branch_dag.py
[2023-01-14T21:23:27.697+0000] {processor.py:753} INFO - DAG(s) dict_keys(['example_nested_branch_dag']) retrieved from /media/prempeh/Nouveau nom/MASTER2/DATA ENGINEERING/airflow/py_env/lib/python3.10/site-packages/airflow/example_dags/example_nested_branch_dag.py
[2023-01-14T21:23:27.844+0000] {logging_mixin.py:137} INFO - [2023-01-14T21:23:27.843+0000] {dag.py:2676} INFO - Sync 1 DAGs
[2023-01-14T21:23:27.923+0000] {logging_mixin.py:137} INFO - [2023-01-14T21:23:27.923+0000] {dag.py:3423} INFO - Setting next_dagrun for example_nested_branch_dag to 2023-01-13T00:00:00+00:00, run_after=2023-01-14T00:00:00+00:00
[2023-01-14T21:23:28.002+0000] {processor.py:175} INFO - Processing /media/prempeh/Nouveau nom/MASTER2/DATA ENGINEERING/airflow/py_env/lib/python3.10/site-packages/airflow/example_dags/example_nested_branch_dag.py took 0.538 seconds
[2023-01-14T21:24:32.108+0000] {processor.py:153} INFO - Started process (PID=10394) to work on /media/prempeh/Nouveau nom/MASTER2/DATA ENGINEERING/airflow/py_env/lib/python3.10/site-packages/airflow/example_dags/example_nested_branch_dag.py
[2023-01-14T21:24:32.111+0000] {processor.py:743} INFO - Processing file /media/prempeh/Nouveau nom/MASTER2/DATA ENGINEERING/airflow/py_env/lib/python3.10/site-packages/airflow/example_dags/example_nested_branch_dag.py for tasks to queue
[2023-01-14T21:24:32.118+0000] {logging_mixin.py:137} INFO - [2023-01-14T21:24:32.117+0000] {dagbag.py:538} INFO - Filling up the DagBag from /media/prempeh/Nouveau nom/MASTER2/DATA ENGINEERING/airflow/py_env/lib/python3.10/site-packages/airflow/example_dags/example_nested_branch_dag.py
[2023-01-14T21:24:32.324+0000] {processor.py:753} INFO - DAG(s) dict_keys(['example_nested_branch_dag']) retrieved from /media/prempeh/Nouveau nom/MASTER2/DATA ENGINEERING/airflow/py_env/lib/python3.10/site-packages/airflow/example_dags/example_nested_branch_dag.py
[2023-01-14T21:24:32.480+0000] {logging_mixin.py:137} INFO - [2023-01-14T21:24:32.479+0000] {dag.py:2676} INFO - Sync 1 DAGs
[2023-01-14T21:24:32.601+0000] {logging_mixin.py:137} INFO - [2023-01-14T21:24:32.601+0000] {dag.py:3423} INFO - Setting next_dagrun for example_nested_branch_dag to 2023-01-13T00:00:00+00:00, run_after=2023-01-14T00:00:00+00:00
[2023-01-14T21:24:32.700+0000] {processor.py:175} INFO - Processing /media/prempeh/Nouveau nom/MASTER2/DATA ENGINEERING/airflow/py_env/lib/python3.10/site-packages/airflow/example_dags/example_nested_branch_dag.py took 0.600 seconds
[2023-01-14T21:25:44.454+0000] {processor.py:153} INFO - Started process (PID=10549) to work on /media/prempeh/Nouveau nom/MASTER2/DATA ENGINEERING/airflow/py_env/lib/python3.10/site-packages/airflow/example_dags/example_nested_branch_dag.py
[2023-01-14T21:25:44.458+0000] {processor.py:743} INFO - Processing file /media/prempeh/Nouveau nom/MASTER2/DATA ENGINEERING/airflow/py_env/lib/python3.10/site-packages/airflow/example_dags/example_nested_branch_dag.py for tasks to queue
[2023-01-14T21:25:44.464+0000] {logging_mixin.py:137} INFO - [2023-01-14T21:25:44.463+0000] {dagbag.py:538} INFO - Filling up the DagBag from /media/prempeh/Nouveau nom/MASTER2/DATA ENGINEERING/airflow/py_env/lib/python3.10/site-packages/airflow/example_dags/example_nested_branch_dag.py
[2023-01-14T21:25:44.679+0000] {processor.py:753} INFO - DAG(s) dict_keys(['example_nested_branch_dag']) retrieved from /media/prempeh/Nouveau nom/MASTER2/DATA ENGINEERING/airflow/py_env/lib/python3.10/site-packages/airflow/example_dags/example_nested_branch_dag.py
[2023-01-14T21:25:44.823+0000] {logging_mixin.py:137} INFO - [2023-01-14T21:25:44.823+0000] {dag.py:2676} INFO - Sync 1 DAGs
[2023-01-14T21:25:44.898+0000] {logging_mixin.py:137} INFO - [2023-01-14T21:25:44.897+0000] {dag.py:3423} INFO - Setting next_dagrun for example_nested_branch_dag to 2023-01-13T00:00:00+00:00, run_after=2023-01-14T00:00:00+00:00
[2023-01-14T21:25:44.970+0000] {processor.py:175} INFO - Processing /media/prempeh/Nouveau nom/MASTER2/DATA ENGINEERING/airflow/py_env/lib/python3.10/site-packages/airflow/example_dags/example_nested_branch_dag.py took 0.525 seconds
[2023-01-14T21:26:55.646+0000] {processor.py:153} INFO - Started process (PID=10692) to work on /media/prempeh/Nouveau nom/MASTER2/DATA ENGINEERING/airflow/py_env/lib/python3.10/site-packages/airflow/example_dags/example_nested_branch_dag.py
[2023-01-14T21:26:55.652+0000] {processor.py:743} INFO - Processing file /media/prempeh/Nouveau nom/MASTER2/DATA ENGINEERING/airflow/py_env/lib/python3.10/site-packages/airflow/example_dags/example_nested_branch_dag.py for tasks to queue
[2023-01-14T21:26:55.658+0000] {logging_mixin.py:137} INFO - [2023-01-14T21:26:55.657+0000] {dagbag.py:538} INFO - Filling up the DagBag from /media/prempeh/Nouveau nom/MASTER2/DATA ENGINEERING/airflow/py_env/lib/python3.10/site-packages/airflow/example_dags/example_nested_branch_dag.py
[2023-01-14T21:26:55.982+0000] {processor.py:753} INFO - DAG(s) dict_keys(['example_nested_branch_dag']) retrieved from /media/prempeh/Nouveau nom/MASTER2/DATA ENGINEERING/airflow/py_env/lib/python3.10/site-packages/airflow/example_dags/example_nested_branch_dag.py
[2023-01-14T21:26:56.195+0000] {logging_mixin.py:137} INFO - [2023-01-14T21:26:56.194+0000] {dag.py:2676} INFO - Sync 1 DAGs
[2023-01-14T21:26:56.296+0000] {logging_mixin.py:137} INFO - [2023-01-14T21:26:56.295+0000] {dag.py:3423} INFO - Setting next_dagrun for example_nested_branch_dag to 2023-01-13T00:00:00+00:00, run_after=2023-01-14T00:00:00+00:00
[2023-01-14T21:26:56.403+0000] {processor.py:175} INFO - Processing /media/prempeh/Nouveau nom/MASTER2/DATA ENGINEERING/airflow/py_env/lib/python3.10/site-packages/airflow/example_dags/example_nested_branch_dag.py took 0.771 seconds
