[2023-01-14T20:53:49.438+0000] {processor.py:153} INFO - Started process (PID=6700) to work on /media/prempeh/Nouveau nom/MASTER2/DATA ENGINEERING/airflow/py_env/lib/python3.10/site-packages/airflow/example_dags/example_bash_operator.py
[2023-01-14T20:53:49.440+0000] {processor.py:743} INFO - Processing file /media/prempeh/Nouveau nom/MASTER2/DATA ENGINEERING/airflow/py_env/lib/python3.10/site-packages/airflow/example_dags/example_bash_operator.py for tasks to queue
[2023-01-14T20:53:49.445+0000] {logging_mixin.py:137} INFO - [2023-01-14T20:53:49.444+0000] {dagbag.py:538} INFO - Filling up the DagBag from /media/prempeh/Nouveau nom/MASTER2/DATA ENGINEERING/airflow/py_env/lib/python3.10/site-packages/airflow/example_dags/example_bash_operator.py
[2023-01-14T20:53:49.626+0000] {processor.py:753} INFO - DAG(s) dict_keys(['example_bash_operator']) retrieved from /media/prempeh/Nouveau nom/MASTER2/DATA ENGINEERING/airflow/py_env/lib/python3.10/site-packages/airflow/example_dags/example_bash_operator.py
[2023-01-14T20:53:50.276+0000] {logging_mixin.py:137} INFO - [2023-01-14T20:53:50.275+0000] {manager.py:504} INFO - Created Permission View: can edit on DAG:example_bash_operator
[2023-01-14T20:53:50.305+0000] {logging_mixin.py:137} INFO - [2023-01-14T20:53:50.305+0000] {manager.py:504} INFO - Created Permission View: can delete on DAG:example_bash_operator
[2023-01-14T20:53:50.329+0000] {logging_mixin.py:137} INFO - [2023-01-14T20:53:50.328+0000] {manager.py:504} INFO - Created Permission View: can read on DAG:example_bash_operator
[2023-01-14T20:53:50.330+0000] {logging_mixin.py:137} INFO - [2023-01-14T20:53:50.330+0000] {dag.py:2676} INFO - Sync 1 DAGs
[2023-01-14T20:53:50.363+0000] {logging_mixin.py:137} INFO - [2023-01-14T20:53:50.363+0000] {dag.py:2697} INFO - Creating ORM DAG for example_bash_operator
[2023-01-14T20:53:50.397+0000] {logging_mixin.py:137} INFO - [2023-01-14T20:53:50.397+0000] {dag.py:3423} INFO - Setting next_dagrun for example_bash_operator to 2023-01-13T00:00:00+00:00, run_after=2023-01-14T00:00:00+00:00
[2023-01-14T20:53:50.458+0000] {processor.py:175} INFO - Processing /media/prempeh/Nouveau nom/MASTER2/DATA ENGINEERING/airflow/py_env/lib/python3.10/site-packages/airflow/example_dags/example_bash_operator.py took 1.030 seconds
[2023-01-14T20:54:56.350+0000] {processor.py:153} INFO - Started process (PID=6745) to work on /media/prempeh/Nouveau nom/MASTER2/DATA ENGINEERING/airflow/py_env/lib/python3.10/site-packages/airflow/example_dags/example_bash_operator.py
[2023-01-14T20:54:56.354+0000] {processor.py:743} INFO - Processing file /media/prempeh/Nouveau nom/MASTER2/DATA ENGINEERING/airflow/py_env/lib/python3.10/site-packages/airflow/example_dags/example_bash_operator.py for tasks to queue
[2023-01-14T20:54:56.360+0000] {logging_mixin.py:137} INFO - [2023-01-14T20:54:56.359+0000] {dagbag.py:538} INFO - Filling up the DagBag from /media/prempeh/Nouveau nom/MASTER2/DATA ENGINEERING/airflow/py_env/lib/python3.10/site-packages/airflow/example_dags/example_bash_operator.py
[2023-01-14T20:54:56.588+0000] {processor.py:753} INFO - DAG(s) dict_keys(['example_bash_operator']) retrieved from /media/prempeh/Nouveau nom/MASTER2/DATA ENGINEERING/airflow/py_env/lib/python3.10/site-packages/airflow/example_dags/example_bash_operator.py
[2023-01-14T20:54:56.776+0000] {logging_mixin.py:137} INFO - [2023-01-14T20:54:56.775+0000] {dag.py:2676} INFO - Sync 1 DAGs
[2023-01-14T20:54:56.847+0000] {logging_mixin.py:137} INFO - [2023-01-14T20:54:56.847+0000] {dag.py:3423} INFO - Setting next_dagrun for example_bash_operator to 2023-01-13T00:00:00+00:00, run_after=2023-01-14T00:00:00+00:00
[2023-01-14T20:54:56.925+0000] {processor.py:175} INFO - Processing /media/prempeh/Nouveau nom/MASTER2/DATA ENGINEERING/airflow/py_env/lib/python3.10/site-packages/airflow/example_dags/example_bash_operator.py took 0.585 seconds
[2023-01-14T20:55:57.821+0000] {processor.py:153} INFO - Started process (PID=6790) to work on /media/prempeh/Nouveau nom/MASTER2/DATA ENGINEERING/airflow/py_env/lib/python3.10/site-packages/airflow/example_dags/example_bash_operator.py
[2023-01-14T20:55:57.824+0000] {processor.py:743} INFO - Processing file /media/prempeh/Nouveau nom/MASTER2/DATA ENGINEERING/airflow/py_env/lib/python3.10/site-packages/airflow/example_dags/example_bash_operator.py for tasks to queue
[2023-01-14T20:55:57.829+0000] {logging_mixin.py:137} INFO - [2023-01-14T20:55:57.828+0000] {dagbag.py:538} INFO - Filling up the DagBag from /media/prempeh/Nouveau nom/MASTER2/DATA ENGINEERING/airflow/py_env/lib/python3.10/site-packages/airflow/example_dags/example_bash_operator.py
[2023-01-14T20:55:58.091+0000] {processor.py:753} INFO - DAG(s) dict_keys(['example_bash_operator']) retrieved from /media/prempeh/Nouveau nom/MASTER2/DATA ENGINEERING/airflow/py_env/lib/python3.10/site-packages/airflow/example_dags/example_bash_operator.py
[2023-01-14T20:55:58.325+0000] {logging_mixin.py:137} INFO - [2023-01-14T20:55:58.324+0000] {dag.py:2676} INFO - Sync 1 DAGs
[2023-01-14T20:55:58.411+0000] {logging_mixin.py:137} INFO - [2023-01-14T20:55:58.410+0000] {dag.py:3423} INFO - Setting next_dagrun for example_bash_operator to 2023-01-13T00:00:00+00:00, run_after=2023-01-14T00:00:00+00:00
[2023-01-14T20:55:58.490+0000] {processor.py:175} INFO - Processing /media/prempeh/Nouveau nom/MASTER2/DATA ENGINEERING/airflow/py_env/lib/python3.10/site-packages/airflow/example_dags/example_bash_operator.py took 0.684 seconds
[2023-01-14T20:57:28.376+0000] {processor.py:153} INFO - Started process (PID=7086) to work on /media/prempeh/Nouveau nom/MASTER2/DATA ENGINEERING/airflow/py_env/lib/python3.10/site-packages/airflow/example_dags/example_bash_operator.py
[2023-01-14T20:57:28.379+0000] {processor.py:743} INFO - Processing file /media/prempeh/Nouveau nom/MASTER2/DATA ENGINEERING/airflow/py_env/lib/python3.10/site-packages/airflow/example_dags/example_bash_operator.py for tasks to queue
[2023-01-14T20:57:28.383+0000] {logging_mixin.py:137} INFO - [2023-01-14T20:57:28.383+0000] {dagbag.py:538} INFO - Filling up the DagBag from /media/prempeh/Nouveau nom/MASTER2/DATA ENGINEERING/airflow/py_env/lib/python3.10/site-packages/airflow/example_dags/example_bash_operator.py
[2023-01-14T20:57:28.545+0000] {processor.py:753} INFO - DAG(s) dict_keys(['example_bash_operator']) retrieved from /media/prempeh/Nouveau nom/MASTER2/DATA ENGINEERING/airflow/py_env/lib/python3.10/site-packages/airflow/example_dags/example_bash_operator.py
[2023-01-14T20:57:28.706+0000] {logging_mixin.py:137} INFO - [2023-01-14T20:57:28.706+0000] {dag.py:2676} INFO - Sync 1 DAGs
[2023-01-14T20:57:28.772+0000] {logging_mixin.py:137} INFO - [2023-01-14T20:57:28.771+0000] {dag.py:3423} INFO - Setting next_dagrun for example_bash_operator to 2023-01-13T00:00:00+00:00, run_after=2023-01-14T00:00:00+00:00
[2023-01-14T20:57:28.843+0000] {processor.py:175} INFO - Processing /media/prempeh/Nouveau nom/MASTER2/DATA ENGINEERING/airflow/py_env/lib/python3.10/site-packages/airflow/example_dags/example_bash_operator.py took 0.477 seconds
[2023-01-14T20:58:28.204+0000] {processor.py:153} INFO - Started process (PID=7129) to work on /media/prempeh/Nouveau nom/MASTER2/DATA ENGINEERING/airflow/py_env/lib/python3.10/site-packages/airflow/example_dags/example_bash_operator.py
[2023-01-14T20:58:28.207+0000] {processor.py:743} INFO - Processing file /media/prempeh/Nouveau nom/MASTER2/DATA ENGINEERING/airflow/py_env/lib/python3.10/site-packages/airflow/example_dags/example_bash_operator.py for tasks to queue
[2023-01-14T20:58:28.213+0000] {logging_mixin.py:137} INFO - [2023-01-14T20:58:28.212+0000] {dagbag.py:538} INFO - Filling up the DagBag from /media/prempeh/Nouveau nom/MASTER2/DATA ENGINEERING/airflow/py_env/lib/python3.10/site-packages/airflow/example_dags/example_bash_operator.py
[2023-01-14T20:58:28.365+0000] {processor.py:753} INFO - DAG(s) dict_keys(['example_bash_operator']) retrieved from /media/prempeh/Nouveau nom/MASTER2/DATA ENGINEERING/airflow/py_env/lib/python3.10/site-packages/airflow/example_dags/example_bash_operator.py
[2023-01-14T20:58:28.526+0000] {logging_mixin.py:137} INFO - [2023-01-14T20:58:28.525+0000] {dag.py:2676} INFO - Sync 1 DAGs
[2023-01-14T20:58:28.591+0000] {logging_mixin.py:137} INFO - [2023-01-14T20:58:28.590+0000] {dag.py:3423} INFO - Setting next_dagrun for example_bash_operator to 2023-01-13T00:00:00+00:00, run_after=2023-01-14T00:00:00+00:00
[2023-01-14T20:58:28.664+0000] {processor.py:175} INFO - Processing /media/prempeh/Nouveau nom/MASTER2/DATA ENGINEERING/airflow/py_env/lib/python3.10/site-packages/airflow/example_dags/example_bash_operator.py took 0.470 seconds
[2023-01-14T20:59:39.778+0000] {processor.py:153} INFO - Started process (PID=7195) to work on /media/prempeh/Nouveau nom/MASTER2/DATA ENGINEERING/airflow/py_env/lib/python3.10/site-packages/airflow/example_dags/example_bash_operator.py
[2023-01-14T20:59:39.782+0000] {processor.py:743} INFO - Processing file /media/prempeh/Nouveau nom/MASTER2/DATA ENGINEERING/airflow/py_env/lib/python3.10/site-packages/airflow/example_dags/example_bash_operator.py for tasks to queue
[2023-01-14T20:59:39.788+0000] {logging_mixin.py:137} INFO - [2023-01-14T20:59:39.787+0000] {dagbag.py:538} INFO - Filling up the DagBag from /media/prempeh/Nouveau nom/MASTER2/DATA ENGINEERING/airflow/py_env/lib/python3.10/site-packages/airflow/example_dags/example_bash_operator.py
[2023-01-14T20:59:40.008+0000] {processor.py:753} INFO - DAG(s) dict_keys(['example_bash_operator']) retrieved from /media/prempeh/Nouveau nom/MASTER2/DATA ENGINEERING/airflow/py_env/lib/python3.10/site-packages/airflow/example_dags/example_bash_operator.py
[2023-01-14T20:59:40.217+0000] {logging_mixin.py:137} INFO - [2023-01-14T20:59:40.216+0000] {dag.py:2676} INFO - Sync 1 DAGs
[2023-01-14T20:59:40.291+0000] {logging_mixin.py:137} INFO - [2023-01-14T20:59:40.290+0000] {dag.py:3423} INFO - Setting next_dagrun for example_bash_operator to 2023-01-13T00:00:00+00:00, run_after=2023-01-14T00:00:00+00:00
[2023-01-14T20:59:40.361+0000] {processor.py:175} INFO - Processing /media/prempeh/Nouveau nom/MASTER2/DATA ENGINEERING/airflow/py_env/lib/python3.10/site-packages/airflow/example_dags/example_bash_operator.py took 0.601 seconds
[2023-01-14T21:01:03.175+0000] {processor.py:153} INFO - Started process (PID=7286) to work on /media/prempeh/Nouveau nom/MASTER2/DATA ENGINEERING/airflow/py_env/lib/python3.10/site-packages/airflow/example_dags/example_bash_operator.py
[2023-01-14T21:01:03.178+0000] {processor.py:743} INFO - Processing file /media/prempeh/Nouveau nom/MASTER2/DATA ENGINEERING/airflow/py_env/lib/python3.10/site-packages/airflow/example_dags/example_bash_operator.py for tasks to queue
[2023-01-14T21:01:03.183+0000] {logging_mixin.py:137} INFO - [2023-01-14T21:01:03.182+0000] {dagbag.py:538} INFO - Filling up the DagBag from /media/prempeh/Nouveau nom/MASTER2/DATA ENGINEERING/airflow/py_env/lib/python3.10/site-packages/airflow/example_dags/example_bash_operator.py
[2023-01-14T21:01:03.357+0000] {processor.py:753} INFO - DAG(s) dict_keys(['example_bash_operator']) retrieved from /media/prempeh/Nouveau nom/MASTER2/DATA ENGINEERING/airflow/py_env/lib/python3.10/site-packages/airflow/example_dags/example_bash_operator.py
[2023-01-14T21:01:03.535+0000] {logging_mixin.py:137} INFO - [2023-01-14T21:01:03.535+0000] {dag.py:2676} INFO - Sync 1 DAGs
[2023-01-14T21:01:03.606+0000] {logging_mixin.py:137} INFO - [2023-01-14T21:01:03.605+0000] {dag.py:3423} INFO - Setting next_dagrun for example_bash_operator to 2023-01-13T00:00:00+00:00, run_after=2023-01-14T00:00:00+00:00
[2023-01-14T21:01:03.683+0000] {processor.py:175} INFO - Processing /media/prempeh/Nouveau nom/MASTER2/DATA ENGINEERING/airflow/py_env/lib/python3.10/site-packages/airflow/example_dags/example_bash_operator.py took 0.516 seconds
[2023-01-14T21:02:25.319+0000] {processor.py:153} INFO - Started process (PID=7378) to work on /media/prempeh/Nouveau nom/MASTER2/DATA ENGINEERING/airflow/py_env/lib/python3.10/site-packages/airflow/example_dags/example_bash_operator.py
[2023-01-14T21:02:25.324+0000] {processor.py:743} INFO - Processing file /media/prempeh/Nouveau nom/MASTER2/DATA ENGINEERING/airflow/py_env/lib/python3.10/site-packages/airflow/example_dags/example_bash_operator.py for tasks to queue
[2023-01-14T21:02:25.332+0000] {logging_mixin.py:137} INFO - [2023-01-14T21:02:25.331+0000] {dagbag.py:538} INFO - Filling up the DagBag from /media/prempeh/Nouveau nom/MASTER2/DATA ENGINEERING/airflow/py_env/lib/python3.10/site-packages/airflow/example_dags/example_bash_operator.py
[2023-01-14T21:02:25.614+0000] {processor.py:753} INFO - DAG(s) dict_keys(['example_bash_operator']) retrieved from /media/prempeh/Nouveau nom/MASTER2/DATA ENGINEERING/airflow/py_env/lib/python3.10/site-packages/airflow/example_dags/example_bash_operator.py
[2023-01-14T21:02:25.773+0000] {logging_mixin.py:137} INFO - [2023-01-14T21:02:25.772+0000] {dag.py:2676} INFO - Sync 1 DAGs
[2023-01-14T21:02:25.842+0000] {logging_mixin.py:137} INFO - [2023-01-14T21:02:25.841+0000] {dag.py:3423} INFO - Setting next_dagrun for example_bash_operator to 2023-01-13T00:00:00+00:00, run_after=2023-01-14T00:00:00+00:00
[2023-01-14T21:02:25.913+0000] {processor.py:175} INFO - Processing /media/prempeh/Nouveau nom/MASTER2/DATA ENGINEERING/airflow/py_env/lib/python3.10/site-packages/airflow/example_dags/example_bash_operator.py took 0.606 seconds
[2023-01-14T21:03:42.553+0000] {processor.py:153} INFO - Started process (PID=7452) to work on /media/prempeh/Nouveau nom/MASTER2/DATA ENGINEERING/airflow/py_env/lib/python3.10/site-packages/airflow/example_dags/example_bash_operator.py
[2023-01-14T21:03:42.556+0000] {processor.py:743} INFO - Processing file /media/prempeh/Nouveau nom/MASTER2/DATA ENGINEERING/airflow/py_env/lib/python3.10/site-packages/airflow/example_dags/example_bash_operator.py for tasks to queue
[2023-01-14T21:03:42.565+0000] {logging_mixin.py:137} INFO - [2023-01-14T21:03:42.564+0000] {dagbag.py:538} INFO - Filling up the DagBag from /media/prempeh/Nouveau nom/MASTER2/DATA ENGINEERING/airflow/py_env/lib/python3.10/site-packages/airflow/example_dags/example_bash_operator.py
[2023-01-14T21:03:42.822+0000] {processor.py:753} INFO - DAG(s) dict_keys(['example_bash_operator']) retrieved from /media/prempeh/Nouveau nom/MASTER2/DATA ENGINEERING/airflow/py_env/lib/python3.10/site-packages/airflow/example_dags/example_bash_operator.py
[2023-01-14T21:03:43.096+0000] {logging_mixin.py:137} INFO - [2023-01-14T21:03:43.096+0000] {dag.py:2676} INFO - Sync 1 DAGs
[2023-01-14T21:03:43.202+0000] {logging_mixin.py:137} INFO - [2023-01-14T21:03:43.202+0000] {dag.py:3423} INFO - Setting next_dagrun for example_bash_operator to 2023-01-13T00:00:00+00:00, run_after=2023-01-14T00:00:00+00:00
[2023-01-14T21:03:43.297+0000] {processor.py:175} INFO - Processing /media/prempeh/Nouveau nom/MASTER2/DATA ENGINEERING/airflow/py_env/lib/python3.10/site-packages/airflow/example_dags/example_bash_operator.py took 0.765 seconds
[2023-01-14T21:04:49.612+0000] {processor.py:153} INFO - Started process (PID=7516) to work on /media/prempeh/Nouveau nom/MASTER2/DATA ENGINEERING/airflow/py_env/lib/python3.10/site-packages/airflow/example_dags/example_bash_operator.py
[2023-01-14T21:04:49.615+0000] {processor.py:743} INFO - Processing file /media/prempeh/Nouveau nom/MASTER2/DATA ENGINEERING/airflow/py_env/lib/python3.10/site-packages/airflow/example_dags/example_bash_operator.py for tasks to queue
[2023-01-14T21:04:49.625+0000] {logging_mixin.py:137} INFO - [2023-01-14T21:04:49.624+0000] {dagbag.py:538} INFO - Filling up the DagBag from /media/prempeh/Nouveau nom/MASTER2/DATA ENGINEERING/airflow/py_env/lib/python3.10/site-packages/airflow/example_dags/example_bash_operator.py
[2023-01-14T21:04:49.776+0000] {processor.py:753} INFO - DAG(s) dict_keys(['example_bash_operator']) retrieved from /media/prempeh/Nouveau nom/MASTER2/DATA ENGINEERING/airflow/py_env/lib/python3.10/site-packages/airflow/example_dags/example_bash_operator.py
[2023-01-14T21:04:49.936+0000] {logging_mixin.py:137} INFO - [2023-01-14T21:04:49.935+0000] {dag.py:2676} INFO - Sync 1 DAGs
[2023-01-14T21:04:50.008+0000] {logging_mixin.py:137} INFO - [2023-01-14T21:04:50.007+0000] {dag.py:3423} INFO - Setting next_dagrun for example_bash_operator to 2023-01-13T00:00:00+00:00, run_after=2023-01-14T00:00:00+00:00
[2023-01-14T21:04:50.081+0000] {processor.py:175} INFO - Processing /media/prempeh/Nouveau nom/MASTER2/DATA ENGINEERING/airflow/py_env/lib/python3.10/site-packages/airflow/example_dags/example_bash_operator.py took 0.479 seconds
[2023-01-14T21:06:19.355+0000] {processor.py:153} INFO - Started process (PID=7696) to work on /media/prempeh/Nouveau nom/MASTER2/DATA ENGINEERING/airflow/py_env/lib/python3.10/site-packages/airflow/example_dags/example_bash_operator.py
[2023-01-14T21:06:19.364+0000] {processor.py:743} INFO - Processing file /media/prempeh/Nouveau nom/MASTER2/DATA ENGINEERING/airflow/py_env/lib/python3.10/site-packages/airflow/example_dags/example_bash_operator.py for tasks to queue
[2023-01-14T21:06:19.374+0000] {logging_mixin.py:137} INFO - [2023-01-14T21:06:19.373+0000] {dagbag.py:538} INFO - Filling up the DagBag from /media/prempeh/Nouveau nom/MASTER2/DATA ENGINEERING/airflow/py_env/lib/python3.10/site-packages/airflow/example_dags/example_bash_operator.py
[2023-01-14T21:06:19.598+0000] {processor.py:753} INFO - DAG(s) dict_keys(['example_bash_operator']) retrieved from /media/prempeh/Nouveau nom/MASTER2/DATA ENGINEERING/airflow/py_env/lib/python3.10/site-packages/airflow/example_dags/example_bash_operator.py
[2023-01-14T21:06:19.843+0000] {logging_mixin.py:137} INFO - [2023-01-14T21:06:19.843+0000] {dag.py:2676} INFO - Sync 1 DAGs
[2023-01-14T21:06:19.946+0000] {logging_mixin.py:137} INFO - [2023-01-14T21:06:19.945+0000] {dag.py:3423} INFO - Setting next_dagrun for example_bash_operator to 2023-01-13T00:00:00+00:00, run_after=2023-01-14T00:00:00+00:00
[2023-01-14T21:06:20.056+0000] {processor.py:175} INFO - Processing /media/prempeh/Nouveau nom/MASTER2/DATA ENGINEERING/airflow/py_env/lib/python3.10/site-packages/airflow/example_dags/example_bash_operator.py took 0.714 seconds
[2023-01-14T21:07:47.764+0000] {processor.py:153} INFO - Started process (PID=7959) to work on /media/prempeh/Nouveau nom/MASTER2/DATA ENGINEERING/airflow/py_env/lib/python3.10/site-packages/airflow/example_dags/example_bash_operator.py
[2023-01-14T21:07:47.772+0000] {processor.py:743} INFO - Processing file /media/prempeh/Nouveau nom/MASTER2/DATA ENGINEERING/airflow/py_env/lib/python3.10/site-packages/airflow/example_dags/example_bash_operator.py for tasks to queue
[2023-01-14T21:07:47.777+0000] {logging_mixin.py:137} INFO - [2023-01-14T21:07:47.776+0000] {dagbag.py:538} INFO - Filling up the DagBag from /media/prempeh/Nouveau nom/MASTER2/DATA ENGINEERING/airflow/py_env/lib/python3.10/site-packages/airflow/example_dags/example_bash_operator.py
[2023-01-14T21:07:48.148+0000] {processor.py:753} INFO - DAG(s) dict_keys(['example_bash_operator']) retrieved from /media/prempeh/Nouveau nom/MASTER2/DATA ENGINEERING/airflow/py_env/lib/python3.10/site-packages/airflow/example_dags/example_bash_operator.py
[2023-01-14T21:07:48.473+0000] {logging_mixin.py:137} INFO - [2023-01-14T21:07:48.473+0000] {dag.py:2676} INFO - Sync 1 DAGs
[2023-01-14T21:07:48.592+0000] {logging_mixin.py:137} INFO - [2023-01-14T21:07:48.591+0000] {dag.py:3423} INFO - Setting next_dagrun for example_bash_operator to 2023-01-13T00:00:00+00:00, run_after=2023-01-14T00:00:00+00:00
[2023-01-14T21:07:48.739+0000] {processor.py:175} INFO - Processing /media/prempeh/Nouveau nom/MASTER2/DATA ENGINEERING/airflow/py_env/lib/python3.10/site-packages/airflow/example_dags/example_bash_operator.py took 0.985 seconds
[2023-01-14T21:09:03.879+0000] {processor.py:153} INFO - Started process (PID=8094) to work on /media/prempeh/Nouveau nom/MASTER2/DATA ENGINEERING/airflow/py_env/lib/python3.10/site-packages/airflow/example_dags/example_bash_operator.py
[2023-01-14T21:09:03.882+0000] {processor.py:743} INFO - Processing file /media/prempeh/Nouveau nom/MASTER2/DATA ENGINEERING/airflow/py_env/lib/python3.10/site-packages/airflow/example_dags/example_bash_operator.py for tasks to queue
[2023-01-14T21:09:03.887+0000] {logging_mixin.py:137} INFO - [2023-01-14T21:09:03.886+0000] {dagbag.py:538} INFO - Filling up the DagBag from /media/prempeh/Nouveau nom/MASTER2/DATA ENGINEERING/airflow/py_env/lib/python3.10/site-packages/airflow/example_dags/example_bash_operator.py
[2023-01-14T21:09:04.044+0000] {processor.py:753} INFO - DAG(s) dict_keys(['example_bash_operator']) retrieved from /media/prempeh/Nouveau nom/MASTER2/DATA ENGINEERING/airflow/py_env/lib/python3.10/site-packages/airflow/example_dags/example_bash_operator.py
[2023-01-14T21:09:04.198+0000] {logging_mixin.py:137} INFO - [2023-01-14T21:09:04.198+0000] {dag.py:2676} INFO - Sync 1 DAGs
[2023-01-14T21:09:04.267+0000] {logging_mixin.py:137} INFO - [2023-01-14T21:09:04.267+0000] {dag.py:3423} INFO - Setting next_dagrun for example_bash_operator to 2023-01-13T00:00:00+00:00, run_after=2023-01-14T00:00:00+00:00
[2023-01-14T21:09:04.337+0000] {processor.py:175} INFO - Processing /media/prempeh/Nouveau nom/MASTER2/DATA ENGINEERING/airflow/py_env/lib/python3.10/site-packages/airflow/example_dags/example_bash_operator.py took 0.466 seconds
[2023-01-14T21:10:04.099+0000] {processor.py:153} INFO - Started process (PID=8138) to work on /media/prempeh/Nouveau nom/MASTER2/DATA ENGINEERING/airflow/py_env/lib/python3.10/site-packages/airflow/example_dags/example_bash_operator.py
[2023-01-14T21:10:04.102+0000] {processor.py:743} INFO - Processing file /media/prempeh/Nouveau nom/MASTER2/DATA ENGINEERING/airflow/py_env/lib/python3.10/site-packages/airflow/example_dags/example_bash_operator.py for tasks to queue
[2023-01-14T21:10:04.106+0000] {logging_mixin.py:137} INFO - [2023-01-14T21:10:04.105+0000] {dagbag.py:538} INFO - Filling up the DagBag from /media/prempeh/Nouveau nom/MASTER2/DATA ENGINEERING/airflow/py_env/lib/python3.10/site-packages/airflow/example_dags/example_bash_operator.py
[2023-01-14T21:10:04.260+0000] {processor.py:753} INFO - DAG(s) dict_keys(['example_bash_operator']) retrieved from /media/prempeh/Nouveau nom/MASTER2/DATA ENGINEERING/airflow/py_env/lib/python3.10/site-packages/airflow/example_dags/example_bash_operator.py
[2023-01-14T21:10:04.409+0000] {logging_mixin.py:137} INFO - [2023-01-14T21:10:04.409+0000] {dag.py:2676} INFO - Sync 1 DAGs
[2023-01-14T21:10:04.478+0000] {logging_mixin.py:137} INFO - [2023-01-14T21:10:04.478+0000] {dag.py:3423} INFO - Setting next_dagrun for example_bash_operator to 2023-01-13T00:00:00+00:00, run_after=2023-01-14T00:00:00+00:00
[2023-01-14T21:10:04.550+0000] {processor.py:175} INFO - Processing /media/prempeh/Nouveau nom/MASTER2/DATA ENGINEERING/airflow/py_env/lib/python3.10/site-packages/airflow/example_dags/example_bash_operator.py took 0.462 seconds
[2023-01-14T21:11:05.266+0000] {processor.py:153} INFO - Started process (PID=8185) to work on /media/prempeh/Nouveau nom/MASTER2/DATA ENGINEERING/airflow/py_env/lib/python3.10/site-packages/airflow/example_dags/example_bash_operator.py
[2023-01-14T21:11:05.269+0000] {processor.py:743} INFO - Processing file /media/prempeh/Nouveau nom/MASTER2/DATA ENGINEERING/airflow/py_env/lib/python3.10/site-packages/airflow/example_dags/example_bash_operator.py for tasks to queue
[2023-01-14T21:11:05.275+0000] {logging_mixin.py:137} INFO - [2023-01-14T21:11:05.275+0000] {dagbag.py:538} INFO - Filling up the DagBag from /media/prempeh/Nouveau nom/MASTER2/DATA ENGINEERING/airflow/py_env/lib/python3.10/site-packages/airflow/example_dags/example_bash_operator.py
[2023-01-14T21:11:05.509+0000] {processor.py:753} INFO - DAG(s) dict_keys(['example_bash_operator']) retrieved from /media/prempeh/Nouveau nom/MASTER2/DATA ENGINEERING/airflow/py_env/lib/python3.10/site-packages/airflow/example_dags/example_bash_operator.py
[2023-01-14T21:11:05.672+0000] {logging_mixin.py:137} INFO - [2023-01-14T21:11:05.672+0000] {dag.py:2676} INFO - Sync 1 DAGs
[2023-01-14T21:11:05.744+0000] {logging_mixin.py:137} INFO - [2023-01-14T21:11:05.744+0000] {dag.py:3423} INFO - Setting next_dagrun for example_bash_operator to 2023-01-13T00:00:00+00:00, run_after=2023-01-14T00:00:00+00:00
[2023-01-14T21:11:05.834+0000] {processor.py:175} INFO - Processing /media/prempeh/Nouveau nom/MASTER2/DATA ENGINEERING/airflow/py_env/lib/python3.10/site-packages/airflow/example_dags/example_bash_operator.py took 0.579 seconds
[2023-01-14T21:12:14.967+0000] {processor.py:153} INFO - Started process (PID=8233) to work on /media/prempeh/Nouveau nom/MASTER2/DATA ENGINEERING/airflow/py_env/lib/python3.10/site-packages/airflow/example_dags/example_bash_operator.py
[2023-01-14T21:12:14.970+0000] {processor.py:743} INFO - Processing file /media/prempeh/Nouveau nom/MASTER2/DATA ENGINEERING/airflow/py_env/lib/python3.10/site-packages/airflow/example_dags/example_bash_operator.py for tasks to queue
[2023-01-14T21:12:14.975+0000] {logging_mixin.py:137} INFO - [2023-01-14T21:12:14.974+0000] {dagbag.py:538} INFO - Filling up the DagBag from /media/prempeh/Nouveau nom/MASTER2/DATA ENGINEERING/airflow/py_env/lib/python3.10/site-packages/airflow/example_dags/example_bash_operator.py
[2023-01-14T21:12:15.141+0000] {processor.py:753} INFO - DAG(s) dict_keys(['example_bash_operator']) retrieved from /media/prempeh/Nouveau nom/MASTER2/DATA ENGINEERING/airflow/py_env/lib/python3.10/site-packages/airflow/example_dags/example_bash_operator.py
[2023-01-14T21:12:15.316+0000] {logging_mixin.py:137} INFO - [2023-01-14T21:12:15.316+0000] {dag.py:2676} INFO - Sync 1 DAGs
[2023-01-14T21:12:15.383+0000] {logging_mixin.py:137} INFO - [2023-01-14T21:12:15.383+0000] {dag.py:3423} INFO - Setting next_dagrun for example_bash_operator to 2023-01-13T00:00:00+00:00, run_after=2023-01-14T00:00:00+00:00
[2023-01-14T21:12:15.458+0000] {processor.py:175} INFO - Processing /media/prempeh/Nouveau nom/MASTER2/DATA ENGINEERING/airflow/py_env/lib/python3.10/site-packages/airflow/example_dags/example_bash_operator.py took 0.501 seconds
[2023-01-14T21:13:24.491+0000] {processor.py:153} INFO - Started process (PID=8282) to work on /media/prempeh/Nouveau nom/MASTER2/DATA ENGINEERING/airflow/py_env/lib/python3.10/site-packages/airflow/example_dags/example_bash_operator.py
[2023-01-14T21:13:24.497+0000] {processor.py:743} INFO - Processing file /media/prempeh/Nouveau nom/MASTER2/DATA ENGINEERING/airflow/py_env/lib/python3.10/site-packages/airflow/example_dags/example_bash_operator.py for tasks to queue
[2023-01-14T21:13:24.510+0000] {logging_mixin.py:137} INFO - [2023-01-14T21:13:24.510+0000] {dagbag.py:538} INFO - Filling up the DagBag from /media/prempeh/Nouveau nom/MASTER2/DATA ENGINEERING/airflow/py_env/lib/python3.10/site-packages/airflow/example_dags/example_bash_operator.py
[2023-01-14T21:13:24.863+0000] {processor.py:753} INFO - DAG(s) dict_keys(['example_bash_operator']) retrieved from /media/prempeh/Nouveau nom/MASTER2/DATA ENGINEERING/airflow/py_env/lib/python3.10/site-packages/airflow/example_dags/example_bash_operator.py
[2023-01-14T21:13:25.209+0000] {logging_mixin.py:137} INFO - [2023-01-14T21:13:25.208+0000] {dag.py:2676} INFO - Sync 1 DAGs
[2023-01-14T21:13:25.346+0000] {logging_mixin.py:137} INFO - [2023-01-14T21:13:25.345+0000] {dag.py:3423} INFO - Setting next_dagrun for example_bash_operator to 2023-01-13T00:00:00+00:00, run_after=2023-01-14T00:00:00+00:00
[2023-01-14T21:13:25.472+0000] {processor.py:175} INFO - Processing /media/prempeh/Nouveau nom/MASTER2/DATA ENGINEERING/airflow/py_env/lib/python3.10/site-packages/airflow/example_dags/example_bash_operator.py took 0.995 seconds
[2023-01-14T21:14:36.017+0000] {processor.py:153} INFO - Started process (PID=8332) to work on /media/prempeh/Nouveau nom/MASTER2/DATA ENGINEERING/airflow/py_env/lib/python3.10/site-packages/airflow/example_dags/example_bash_operator.py
[2023-01-14T21:14:36.020+0000] {processor.py:743} INFO - Processing file /media/prempeh/Nouveau nom/MASTER2/DATA ENGINEERING/airflow/py_env/lib/python3.10/site-packages/airflow/example_dags/example_bash_operator.py for tasks to queue
[2023-01-14T21:14:36.025+0000] {logging_mixin.py:137} INFO - [2023-01-14T21:14:36.024+0000] {dagbag.py:538} INFO - Filling up the DagBag from /media/prempeh/Nouveau nom/MASTER2/DATA ENGINEERING/airflow/py_env/lib/python3.10/site-packages/airflow/example_dags/example_bash_operator.py
[2023-01-14T21:14:36.191+0000] {processor.py:753} INFO - DAG(s) dict_keys(['example_bash_operator']) retrieved from /media/prempeh/Nouveau nom/MASTER2/DATA ENGINEERING/airflow/py_env/lib/python3.10/site-packages/airflow/example_dags/example_bash_operator.py
[2023-01-14T21:14:36.351+0000] {logging_mixin.py:137} INFO - [2023-01-14T21:14:36.350+0000] {dag.py:2676} INFO - Sync 1 DAGs
[2023-01-14T21:14:36.420+0000] {logging_mixin.py:137} INFO - [2023-01-14T21:14:36.419+0000] {dag.py:3423} INFO - Setting next_dagrun for example_bash_operator to 2023-01-13T00:00:00+00:00, run_after=2023-01-14T00:00:00+00:00
[2023-01-14T21:14:36.506+0000] {processor.py:175} INFO - Processing /media/prempeh/Nouveau nom/MASTER2/DATA ENGINEERING/airflow/py_env/lib/python3.10/site-packages/airflow/example_dags/example_bash_operator.py took 0.500 seconds
[2023-01-14T21:15:47.183+0000] {processor.py:153} INFO - Started process (PID=8759) to work on /media/prempeh/Nouveau nom/MASTER2/DATA ENGINEERING/airflow/py_env/lib/python3.10/site-packages/airflow/example_dags/example_bash_operator.py
[2023-01-14T21:15:47.188+0000] {processor.py:743} INFO - Processing file /media/prempeh/Nouveau nom/MASTER2/DATA ENGINEERING/airflow/py_env/lib/python3.10/site-packages/airflow/example_dags/example_bash_operator.py for tasks to queue
[2023-01-14T21:15:47.205+0000] {logging_mixin.py:137} INFO - [2023-01-14T21:15:47.203+0000] {dagbag.py:538} INFO - Filling up the DagBag from /media/prempeh/Nouveau nom/MASTER2/DATA ENGINEERING/airflow/py_env/lib/python3.10/site-packages/airflow/example_dags/example_bash_operator.py
[2023-01-14T21:15:47.512+0000] {processor.py:753} INFO - DAG(s) dict_keys(['example_bash_operator']) retrieved from /media/prempeh/Nouveau nom/MASTER2/DATA ENGINEERING/airflow/py_env/lib/python3.10/site-packages/airflow/example_dags/example_bash_operator.py
[2023-01-14T21:15:47.694+0000] {logging_mixin.py:137} INFO - [2023-01-14T21:15:47.693+0000] {dag.py:2676} INFO - Sync 1 DAGs
[2023-01-14T21:15:47.764+0000] {logging_mixin.py:137} INFO - [2023-01-14T21:15:47.763+0000] {dag.py:3423} INFO - Setting next_dagrun for example_bash_operator to 2023-01-13T00:00:00+00:00, run_after=2023-01-14T00:00:00+00:00
[2023-01-14T21:15:47.831+0000] {processor.py:175} INFO - Processing /media/prempeh/Nouveau nom/MASTER2/DATA ENGINEERING/airflow/py_env/lib/python3.10/site-packages/airflow/example_dags/example_bash_operator.py took 0.663 seconds
[2023-01-14T21:16:59.632+0000] {processor.py:153} INFO - Started process (PID=9097) to work on /media/prempeh/Nouveau nom/MASTER2/DATA ENGINEERING/airflow/py_env/lib/python3.10/site-packages/airflow/example_dags/example_bash_operator.py
[2023-01-14T21:16:59.634+0000] {processor.py:743} INFO - Processing file /media/prempeh/Nouveau nom/MASTER2/DATA ENGINEERING/airflow/py_env/lib/python3.10/site-packages/airflow/example_dags/example_bash_operator.py for tasks to queue
[2023-01-14T21:16:59.639+0000] {logging_mixin.py:137} INFO - [2023-01-14T21:16:59.638+0000] {dagbag.py:538} INFO - Filling up the DagBag from /media/prempeh/Nouveau nom/MASTER2/DATA ENGINEERING/airflow/py_env/lib/python3.10/site-packages/airflow/example_dags/example_bash_operator.py
[2023-01-14T21:16:59.815+0000] {processor.py:753} INFO - DAG(s) dict_keys(['example_bash_operator']) retrieved from /media/prempeh/Nouveau nom/MASTER2/DATA ENGINEERING/airflow/py_env/lib/python3.10/site-packages/airflow/example_dags/example_bash_operator.py
[2023-01-14T21:16:59.985+0000] {logging_mixin.py:137} INFO - [2023-01-14T21:16:59.984+0000] {dag.py:2676} INFO - Sync 1 DAGs
[2023-01-14T21:17:00.062+0000] {logging_mixin.py:137} INFO - [2023-01-14T21:17:00.061+0000] {dag.py:3423} INFO - Setting next_dagrun for example_bash_operator to 2023-01-13T00:00:00+00:00, run_after=2023-01-14T00:00:00+00:00
[2023-01-14T21:17:00.135+0000] {processor.py:175} INFO - Processing /media/prempeh/Nouveau nom/MASTER2/DATA ENGINEERING/airflow/py_env/lib/python3.10/site-packages/airflow/example_dags/example_bash_operator.py took 0.513 seconds
[2023-01-14T21:18:10.477+0000] {processor.py:153} INFO - Started process (PID=9258) to work on /media/prempeh/Nouveau nom/MASTER2/DATA ENGINEERING/airflow/py_env/lib/python3.10/site-packages/airflow/example_dags/example_bash_operator.py
[2023-01-14T21:18:10.480+0000] {processor.py:743} INFO - Processing file /media/prempeh/Nouveau nom/MASTER2/DATA ENGINEERING/airflow/py_env/lib/python3.10/site-packages/airflow/example_dags/example_bash_operator.py for tasks to queue
[2023-01-14T21:18:10.485+0000] {logging_mixin.py:137} INFO - [2023-01-14T21:18:10.484+0000] {dagbag.py:538} INFO - Filling up the DagBag from /media/prempeh/Nouveau nom/MASTER2/DATA ENGINEERING/airflow/py_env/lib/python3.10/site-packages/airflow/example_dags/example_bash_operator.py
[2023-01-14T21:18:10.675+0000] {processor.py:753} INFO - DAG(s) dict_keys(['example_bash_operator']) retrieved from /media/prempeh/Nouveau nom/MASTER2/DATA ENGINEERING/airflow/py_env/lib/python3.10/site-packages/airflow/example_dags/example_bash_operator.py
[2023-01-14T21:18:10.868+0000] {logging_mixin.py:137} INFO - [2023-01-14T21:18:10.867+0000] {dag.py:2676} INFO - Sync 1 DAGs
[2023-01-14T21:18:10.951+0000] {logging_mixin.py:137} INFO - [2023-01-14T21:18:10.951+0000] {dag.py:3423} INFO - Setting next_dagrun for example_bash_operator to 2023-01-13T00:00:00+00:00, run_after=2023-01-14T00:00:00+00:00
[2023-01-14T21:18:11.034+0000] {processor.py:175} INFO - Processing /media/prempeh/Nouveau nom/MASTER2/DATA ENGINEERING/airflow/py_env/lib/python3.10/site-packages/airflow/example_dags/example_bash_operator.py took 0.569 seconds
[2023-01-14T21:19:25.098+0000] {processor.py:153} INFO - Started process (PID=9531) to work on /media/prempeh/Nouveau nom/MASTER2/DATA ENGINEERING/airflow/py_env/lib/python3.10/site-packages/airflow/example_dags/example_bash_operator.py
[2023-01-14T21:19:25.100+0000] {processor.py:743} INFO - Processing file /media/prempeh/Nouveau nom/MASTER2/DATA ENGINEERING/airflow/py_env/lib/python3.10/site-packages/airflow/example_dags/example_bash_operator.py for tasks to queue
[2023-01-14T21:19:25.106+0000] {logging_mixin.py:137} INFO - [2023-01-14T21:19:25.106+0000] {dagbag.py:538} INFO - Filling up the DagBag from /media/prempeh/Nouveau nom/MASTER2/DATA ENGINEERING/airflow/py_env/lib/python3.10/site-packages/airflow/example_dags/example_bash_operator.py
[2023-01-14T21:19:25.252+0000] {processor.py:753} INFO - DAG(s) dict_keys(['example_bash_operator']) retrieved from /media/prempeh/Nouveau nom/MASTER2/DATA ENGINEERING/airflow/py_env/lib/python3.10/site-packages/airflow/example_dags/example_bash_operator.py
[2023-01-14T21:19:25.392+0000] {logging_mixin.py:137} INFO - [2023-01-14T21:19:25.391+0000] {dag.py:2676} INFO - Sync 1 DAGs
[2023-01-14T21:19:25.453+0000] {logging_mixin.py:137} INFO - [2023-01-14T21:19:25.453+0000] {dag.py:3423} INFO - Setting next_dagrun for example_bash_operator to 2023-01-13T00:00:00+00:00, run_after=2023-01-14T00:00:00+00:00
[2023-01-14T21:19:25.530+0000] {processor.py:175} INFO - Processing /media/prempeh/Nouveau nom/MASTER2/DATA ENGINEERING/airflow/py_env/lib/python3.10/site-packages/airflow/example_dags/example_bash_operator.py took 0.440 seconds
[2023-01-14T21:20:36.194+0000] {processor.py:153} INFO - Started process (PID=9795) to work on /media/prempeh/Nouveau nom/MASTER2/DATA ENGINEERING/airflow/py_env/lib/python3.10/site-packages/airflow/example_dags/example_bash_operator.py
[2023-01-14T21:20:36.197+0000] {processor.py:743} INFO - Processing file /media/prempeh/Nouveau nom/MASTER2/DATA ENGINEERING/airflow/py_env/lib/python3.10/site-packages/airflow/example_dags/example_bash_operator.py for tasks to queue
[2023-01-14T21:20:36.202+0000] {logging_mixin.py:137} INFO - [2023-01-14T21:20:36.201+0000] {dagbag.py:538} INFO - Filling up the DagBag from /media/prempeh/Nouveau nom/MASTER2/DATA ENGINEERING/airflow/py_env/lib/python3.10/site-packages/airflow/example_dags/example_bash_operator.py
[2023-01-14T21:20:36.377+0000] {processor.py:753} INFO - DAG(s) dict_keys(['example_bash_operator']) retrieved from /media/prempeh/Nouveau nom/MASTER2/DATA ENGINEERING/airflow/py_env/lib/python3.10/site-packages/airflow/example_dags/example_bash_operator.py
[2023-01-14T21:20:36.541+0000] {logging_mixin.py:137} INFO - [2023-01-14T21:20:36.541+0000] {dag.py:2676} INFO - Sync 1 DAGs
[2023-01-14T21:20:36.606+0000] {logging_mixin.py:137} INFO - [2023-01-14T21:20:36.606+0000] {dag.py:3423} INFO - Setting next_dagrun for example_bash_operator to 2023-01-13T00:00:00+00:00, run_after=2023-01-14T00:00:00+00:00
[2023-01-14T21:20:36.676+0000] {processor.py:175} INFO - Processing /media/prempeh/Nouveau nom/MASTER2/DATA ENGINEERING/airflow/py_env/lib/python3.10/site-packages/airflow/example_dags/example_bash_operator.py took 0.490 seconds
[2023-01-14T21:21:44.727+0000] {processor.py:153} INFO - Started process (PID=9845) to work on /media/prempeh/Nouveau nom/MASTER2/DATA ENGINEERING/airflow/py_env/lib/python3.10/site-packages/airflow/example_dags/example_bash_operator.py
[2023-01-14T21:21:44.730+0000] {processor.py:743} INFO - Processing file /media/prempeh/Nouveau nom/MASTER2/DATA ENGINEERING/airflow/py_env/lib/python3.10/site-packages/airflow/example_dags/example_bash_operator.py for tasks to queue
[2023-01-14T21:21:44.735+0000] {logging_mixin.py:137} INFO - [2023-01-14T21:21:44.734+0000] {dagbag.py:538} INFO - Filling up the DagBag from /media/prempeh/Nouveau nom/MASTER2/DATA ENGINEERING/airflow/py_env/lib/python3.10/site-packages/airflow/example_dags/example_bash_operator.py
[2023-01-14T21:21:44.929+0000] {processor.py:753} INFO - DAG(s) dict_keys(['example_bash_operator']) retrieved from /media/prempeh/Nouveau nom/MASTER2/DATA ENGINEERING/airflow/py_env/lib/python3.10/site-packages/airflow/example_dags/example_bash_operator.py
[2023-01-14T21:21:45.102+0000] {logging_mixin.py:137} INFO - [2023-01-14T21:21:45.102+0000] {dag.py:2676} INFO - Sync 1 DAGs
[2023-01-14T21:21:45.168+0000] {logging_mixin.py:137} INFO - [2023-01-14T21:21:45.168+0000] {dag.py:3423} INFO - Setting next_dagrun for example_bash_operator to 2023-01-13T00:00:00+00:00, run_after=2023-01-14T00:00:00+00:00
[2023-01-14T21:21:45.257+0000] {processor.py:175} INFO - Processing /media/prempeh/Nouveau nom/MASTER2/DATA ENGINEERING/airflow/py_env/lib/python3.10/site-packages/airflow/example_dags/example_bash_operator.py took 0.539 seconds
[2023-01-14T21:23:00.121+0000] {processor.py:153} INFO - Started process (PID=10262) to work on /media/prempeh/Nouveau nom/MASTER2/DATA ENGINEERING/airflow/py_env/lib/python3.10/site-packages/airflow/example_dags/example_bash_operator.py
[2023-01-14T21:23:00.124+0000] {processor.py:743} INFO - Processing file /media/prempeh/Nouveau nom/MASTER2/DATA ENGINEERING/airflow/py_env/lib/python3.10/site-packages/airflow/example_dags/example_bash_operator.py for tasks to queue
[2023-01-14T21:23:00.130+0000] {logging_mixin.py:137} INFO - [2023-01-14T21:23:00.129+0000] {dagbag.py:538} INFO - Filling up the DagBag from /media/prempeh/Nouveau nom/MASTER2/DATA ENGINEERING/airflow/py_env/lib/python3.10/site-packages/airflow/example_dags/example_bash_operator.py
[2023-01-14T21:23:00.327+0000] {processor.py:753} INFO - DAG(s) dict_keys(['example_bash_operator']) retrieved from /media/prempeh/Nouveau nom/MASTER2/DATA ENGINEERING/airflow/py_env/lib/python3.10/site-packages/airflow/example_dags/example_bash_operator.py
[2023-01-14T21:23:00.506+0000] {logging_mixin.py:137} INFO - [2023-01-14T21:23:00.506+0000] {dag.py:2676} INFO - Sync 1 DAGs
[2023-01-14T21:23:00.600+0000] {logging_mixin.py:137} INFO - [2023-01-14T21:23:00.599+0000] {dag.py:3423} INFO - Setting next_dagrun for example_bash_operator to 2023-01-13T00:00:00+00:00, run_after=2023-01-14T00:00:00+00:00
[2023-01-14T21:23:00.709+0000] {processor.py:175} INFO - Processing /media/prempeh/Nouveau nom/MASTER2/DATA ENGINEERING/airflow/py_env/lib/python3.10/site-packages/airflow/example_dags/example_bash_operator.py took 0.601 seconds
[2023-01-14T21:24:10.232+0000] {processor.py:153} INFO - Started process (PID=10373) to work on /media/prempeh/Nouveau nom/MASTER2/DATA ENGINEERING/airflow/py_env/lib/python3.10/site-packages/airflow/example_dags/example_bash_operator.py
[2023-01-14T21:24:10.235+0000] {processor.py:743} INFO - Processing file /media/prempeh/Nouveau nom/MASTER2/DATA ENGINEERING/airflow/py_env/lib/python3.10/site-packages/airflow/example_dags/example_bash_operator.py for tasks to queue
[2023-01-14T21:24:10.240+0000] {logging_mixin.py:137} INFO - [2023-01-14T21:24:10.239+0000] {dagbag.py:538} INFO - Filling up the DagBag from /media/prempeh/Nouveau nom/MASTER2/DATA ENGINEERING/airflow/py_env/lib/python3.10/site-packages/airflow/example_dags/example_bash_operator.py
[2023-01-14T21:24:10.423+0000] {processor.py:753} INFO - DAG(s) dict_keys(['example_bash_operator']) retrieved from /media/prempeh/Nouveau nom/MASTER2/DATA ENGINEERING/airflow/py_env/lib/python3.10/site-packages/airflow/example_dags/example_bash_operator.py
[2023-01-14T21:24:10.601+0000] {logging_mixin.py:137} INFO - [2023-01-14T21:24:10.600+0000] {dag.py:2676} INFO - Sync 1 DAGs
[2023-01-14T21:24:10.685+0000] {logging_mixin.py:137} INFO - [2023-01-14T21:24:10.685+0000] {dag.py:3423} INFO - Setting next_dagrun for example_bash_operator to 2023-01-13T00:00:00+00:00, run_after=2023-01-14T00:00:00+00:00
[2023-01-14T21:24:10.767+0000] {processor.py:175} INFO - Processing /media/prempeh/Nouveau nom/MASTER2/DATA ENGINEERING/airflow/py_env/lib/python3.10/site-packages/airflow/example_dags/example_bash_operator.py took 0.544 seconds
[2023-01-14T21:25:15.296+0000] {processor.py:153} INFO - Started process (PID=10459) to work on /media/prempeh/Nouveau nom/MASTER2/DATA ENGINEERING/airflow/py_env/lib/python3.10/site-packages/airflow/example_dags/example_bash_operator.py
[2023-01-14T21:25:15.300+0000] {processor.py:743} INFO - Processing file /media/prempeh/Nouveau nom/MASTER2/DATA ENGINEERING/airflow/py_env/lib/python3.10/site-packages/airflow/example_dags/example_bash_operator.py for tasks to queue
[2023-01-14T21:25:15.306+0000] {logging_mixin.py:137} INFO - [2023-01-14T21:25:15.306+0000] {dagbag.py:538} INFO - Filling up the DagBag from /media/prempeh/Nouveau nom/MASTER2/DATA ENGINEERING/airflow/py_env/lib/python3.10/site-packages/airflow/example_dags/example_bash_operator.py
[2023-01-14T21:25:15.648+0000] {processor.py:753} INFO - DAG(s) dict_keys(['example_bash_operator']) retrieved from /media/prempeh/Nouveau nom/MASTER2/DATA ENGINEERING/airflow/py_env/lib/python3.10/site-packages/airflow/example_dags/example_bash_operator.py
[2023-01-14T21:25:16.013+0000] {logging_mixin.py:137} INFO - [2023-01-14T21:25:16.011+0000] {dag.py:2676} INFO - Sync 1 DAGs
[2023-01-14T21:25:16.137+0000] {logging_mixin.py:137} INFO - [2023-01-14T21:25:16.136+0000] {dag.py:3423} INFO - Setting next_dagrun for example_bash_operator to 2023-01-13T00:00:00+00:00, run_after=2023-01-14T00:00:00+00:00
[2023-01-14T21:25:16.252+0000] {processor.py:175} INFO - Processing /media/prempeh/Nouveau nom/MASTER2/DATA ENGINEERING/airflow/py_env/lib/python3.10/site-packages/airflow/example_dags/example_bash_operator.py took 0.974 seconds
[2023-01-14T21:26:30.778+0000] {processor.py:153} INFO - Started process (PID=10611) to work on /media/prempeh/Nouveau nom/MASTER2/DATA ENGINEERING/airflow/py_env/lib/python3.10/site-packages/airflow/example_dags/example_bash_operator.py
[2023-01-14T21:26:30.781+0000] {processor.py:743} INFO - Processing file /media/prempeh/Nouveau nom/MASTER2/DATA ENGINEERING/airflow/py_env/lib/python3.10/site-packages/airflow/example_dags/example_bash_operator.py for tasks to queue
[2023-01-14T21:26:30.792+0000] {logging_mixin.py:137} INFO - [2023-01-14T21:26:30.791+0000] {dagbag.py:538} INFO - Filling up the DagBag from /media/prempeh/Nouveau nom/MASTER2/DATA ENGINEERING/airflow/py_env/lib/python3.10/site-packages/airflow/example_dags/example_bash_operator.py
[2023-01-14T21:26:31.045+0000] {processor.py:753} INFO - DAG(s) dict_keys(['example_bash_operator']) retrieved from /media/prempeh/Nouveau nom/MASTER2/DATA ENGINEERING/airflow/py_env/lib/python3.10/site-packages/airflow/example_dags/example_bash_operator.py
[2023-01-14T21:26:31.303+0000] {logging_mixin.py:137} INFO - [2023-01-14T21:26:31.302+0000] {dag.py:2676} INFO - Sync 1 DAGs
[2023-01-14T21:26:31.420+0000] {logging_mixin.py:137} INFO - [2023-01-14T21:26:31.419+0000] {dag.py:3423} INFO - Setting next_dagrun for example_bash_operator to 2023-01-13T00:00:00+00:00, run_after=2023-01-14T00:00:00+00:00
[2023-01-14T21:26:31.533+0000] {processor.py:175} INFO - Processing /media/prempeh/Nouveau nom/MASTER2/DATA ENGINEERING/airflow/py_env/lib/python3.10/site-packages/airflow/example_dags/example_bash_operator.py took 0.765 seconds
[2023-01-14T21:27:39.479+0000] {processor.py:153} INFO - Started process (PID=10903) to work on /media/prempeh/Nouveau nom/MASTER2/DATA ENGINEERING/airflow/py_env/lib/python3.10/site-packages/airflow/example_dags/example_bash_operator.py
[2023-01-14T21:27:39.483+0000] {processor.py:743} INFO - Processing file /media/prempeh/Nouveau nom/MASTER2/DATA ENGINEERING/airflow/py_env/lib/python3.10/site-packages/airflow/example_dags/example_bash_operator.py for tasks to queue
[2023-01-14T21:27:39.490+0000] {logging_mixin.py:137} INFO - [2023-01-14T21:27:39.490+0000] {dagbag.py:538} INFO - Filling up the DagBag from /media/prempeh/Nouveau nom/MASTER2/DATA ENGINEERING/airflow/py_env/lib/python3.10/site-packages/airflow/example_dags/example_bash_operator.py
[2023-01-14T21:27:39.678+0000] {processor.py:753} INFO - DAG(s) dict_keys(['example_bash_operator']) retrieved from /media/prempeh/Nouveau nom/MASTER2/DATA ENGINEERING/airflow/py_env/lib/python3.10/site-packages/airflow/example_dags/example_bash_operator.py
[2023-01-14T21:27:39.831+0000] {logging_mixin.py:137} INFO - [2023-01-14T21:27:39.831+0000] {dag.py:2676} INFO - Sync 1 DAGs
[2023-01-14T21:27:39.901+0000] {logging_mixin.py:137} INFO - [2023-01-14T21:27:39.900+0000] {dag.py:3423} INFO - Setting next_dagrun for example_bash_operator to 2023-01-13T00:00:00+00:00, run_after=2023-01-14T00:00:00+00:00
[2023-01-14T21:27:39.983+0000] {processor.py:175} INFO - Processing /media/prempeh/Nouveau nom/MASTER2/DATA ENGINEERING/airflow/py_env/lib/python3.10/site-packages/airflow/example_dags/example_bash_operator.py took 0.515 seconds
