[2023-01-14T20:53:37.818+0000] {processor.py:153} INFO - Started process (PID=6660) to work on /media/prempeh/Nouveau nom/MASTER2/DATA ENGINEERING/airflow/py_env/lib/python3.10/site-packages/airflow/example_dags/example_branch_operator_decorator.py
[2023-01-14T20:53:37.821+0000] {processor.py:743} INFO - Processing file /media/prempeh/Nouveau nom/MASTER2/DATA ENGINEERING/airflow/py_env/lib/python3.10/site-packages/airflow/example_dags/example_branch_operator_decorator.py for tasks to queue
[2023-01-14T20:53:37.827+0000] {logging_mixin.py:137} INFO - [2023-01-14T20:53:37.826+0000] {dagbag.py:538} INFO - Filling up the DagBag from /media/prempeh/Nouveau nom/MASTER2/DATA ENGINEERING/airflow/py_env/lib/python3.10/site-packages/airflow/example_dags/example_branch_operator_decorator.py
[2023-01-14T20:53:38.077+0000] {processor.py:753} INFO - DAG(s) dict_keys(['example_branch_python_operator_decorator']) retrieved from /media/prempeh/Nouveau nom/MASTER2/DATA ENGINEERING/airflow/py_env/lib/python3.10/site-packages/airflow/example_dags/example_branch_operator_decorator.py
[2023-01-14T20:53:38.913+0000] {logging_mixin.py:137} INFO - [2023-01-14T20:53:38.912+0000] {manager.py:504} INFO - Created Permission View: can edit on DAG:example_branch_python_operator_decorator
[2023-01-14T20:53:38.947+0000] {logging_mixin.py:137} INFO - [2023-01-14T20:53:38.946+0000] {manager.py:504} INFO - Created Permission View: can delete on DAG:example_branch_python_operator_decorator
[2023-01-14T20:53:38.974+0000] {logging_mixin.py:137} INFO - [2023-01-14T20:53:38.973+0000] {manager.py:504} INFO - Created Permission View: can read on DAG:example_branch_python_operator_decorator
[2023-01-14T20:53:38.975+0000] {logging_mixin.py:137} INFO - [2023-01-14T20:53:38.974+0000] {dag.py:2676} INFO - Sync 1 DAGs
[2023-01-14T20:53:39.015+0000] {logging_mixin.py:137} INFO - [2023-01-14T20:53:39.014+0000] {dag.py:2697} INFO - Creating ORM DAG for example_branch_python_operator_decorator
[2023-01-14T20:53:39.056+0000] {logging_mixin.py:137} INFO - [2023-01-14T20:53:39.055+0000] {dag.py:3423} INFO - Setting next_dagrun for example_branch_python_operator_decorator to 2023-01-13T00:00:00+00:00, run_after=2023-01-14T00:00:00+00:00
[2023-01-14T20:53:39.140+0000] {processor.py:175} INFO - Processing /media/prempeh/Nouveau nom/MASTER2/DATA ENGINEERING/airflow/py_env/lib/python3.10/site-packages/airflow/example_dags/example_branch_operator_decorator.py took 1.333 seconds
[2023-01-14T20:54:48.087+0000] {processor.py:153} INFO - Started process (PID=6740) to work on /media/prempeh/Nouveau nom/MASTER2/DATA ENGINEERING/airflow/py_env/lib/python3.10/site-packages/airflow/example_dags/example_branch_operator_decorator.py
[2023-01-14T20:54:48.091+0000] {processor.py:743} INFO - Processing file /media/prempeh/Nouveau nom/MASTER2/DATA ENGINEERING/airflow/py_env/lib/python3.10/site-packages/airflow/example_dags/example_branch_operator_decorator.py for tasks to queue
[2023-01-14T20:54:48.099+0000] {logging_mixin.py:137} INFO - [2023-01-14T20:54:48.098+0000] {dagbag.py:538} INFO - Filling up the DagBag from /media/prempeh/Nouveau nom/MASTER2/DATA ENGINEERING/airflow/py_env/lib/python3.10/site-packages/airflow/example_dags/example_branch_operator_decorator.py
[2023-01-14T20:54:48.527+0000] {processor.py:753} INFO - DAG(s) dict_keys(['example_branch_python_operator_decorator']) retrieved from /media/prempeh/Nouveau nom/MASTER2/DATA ENGINEERING/airflow/py_env/lib/python3.10/site-packages/airflow/example_dags/example_branch_operator_decorator.py
[2023-01-14T20:54:48.800+0000] {logging_mixin.py:137} INFO - [2023-01-14T20:54:48.798+0000] {dag.py:2676} INFO - Sync 1 DAGs
[2023-01-14T20:54:48.923+0000] {logging_mixin.py:137} INFO - [2023-01-14T20:54:48.922+0000] {dag.py:3423} INFO - Setting next_dagrun for example_branch_python_operator_decorator to 2023-01-13T00:00:00+00:00, run_after=2023-01-14T00:00:00+00:00
[2023-01-14T20:54:49.006+0000] {processor.py:175} INFO - Processing /media/prempeh/Nouveau nom/MASTER2/DATA ENGINEERING/airflow/py_env/lib/python3.10/site-packages/airflow/example_dags/example_branch_operator_decorator.py took 0.934 seconds
[2023-01-14T20:55:50.527+0000] {processor.py:153} INFO - Started process (PID=6781) to work on /media/prempeh/Nouveau nom/MASTER2/DATA ENGINEERING/airflow/py_env/lib/python3.10/site-packages/airflow/example_dags/example_branch_operator_decorator.py
[2023-01-14T20:55:50.530+0000] {processor.py:743} INFO - Processing file /media/prempeh/Nouveau nom/MASTER2/DATA ENGINEERING/airflow/py_env/lib/python3.10/site-packages/airflow/example_dags/example_branch_operator_decorator.py for tasks to queue
[2023-01-14T20:55:50.534+0000] {logging_mixin.py:137} INFO - [2023-01-14T20:55:50.534+0000] {dagbag.py:538} INFO - Filling up the DagBag from /media/prempeh/Nouveau nom/MASTER2/DATA ENGINEERING/airflow/py_env/lib/python3.10/site-packages/airflow/example_dags/example_branch_operator_decorator.py
[2023-01-14T20:55:50.734+0000] {processor.py:753} INFO - DAG(s) dict_keys(['example_branch_python_operator_decorator']) retrieved from /media/prempeh/Nouveau nom/MASTER2/DATA ENGINEERING/airflow/py_env/lib/python3.10/site-packages/airflow/example_dags/example_branch_operator_decorator.py
[2023-01-14T20:55:50.878+0000] {logging_mixin.py:137} INFO - [2023-01-14T20:55:50.877+0000] {dag.py:2676} INFO - Sync 1 DAGs
[2023-01-14T20:55:50.950+0000] {logging_mixin.py:137} INFO - [2023-01-14T20:55:50.950+0000] {dag.py:3423} INFO - Setting next_dagrun for example_branch_python_operator_decorator to 2023-01-13T00:00:00+00:00, run_after=2023-01-14T00:00:00+00:00
[2023-01-14T20:55:51.018+0000] {processor.py:175} INFO - Processing /media/prempeh/Nouveau nom/MASTER2/DATA ENGINEERING/airflow/py_env/lib/python3.10/site-packages/airflow/example_dags/example_branch_operator_decorator.py took 0.500 seconds
[2023-01-14T20:56:49.428+0000] {processor.py:153} INFO - Started process (PID=6965) to work on /media/prempeh/Nouveau nom/MASTER2/DATA ENGINEERING/airflow/py_env/lib/python3.10/site-packages/airflow/example_dags/example_branch_operator_decorator.py
[2023-01-14T20:56:49.431+0000] {processor.py:743} INFO - Processing file /media/prempeh/Nouveau nom/MASTER2/DATA ENGINEERING/airflow/py_env/lib/python3.10/site-packages/airflow/example_dags/example_branch_operator_decorator.py for tasks to queue
[2023-01-14T20:56:49.437+0000] {logging_mixin.py:137} INFO - [2023-01-14T20:56:49.437+0000] {dagbag.py:538} INFO - Filling up the DagBag from /media/prempeh/Nouveau nom/MASTER2/DATA ENGINEERING/airflow/py_env/lib/python3.10/site-packages/airflow/example_dags/example_branch_operator_decorator.py
[2023-01-14T20:56:49.690+0000] {processor.py:753} INFO - DAG(s) dict_keys(['example_branch_python_operator_decorator']) retrieved from /media/prempeh/Nouveau nom/MASTER2/DATA ENGINEERING/airflow/py_env/lib/python3.10/site-packages/airflow/example_dags/example_branch_operator_decorator.py
[2023-01-14T20:56:49.854+0000] {logging_mixin.py:137} INFO - [2023-01-14T20:56:49.853+0000] {dag.py:2676} INFO - Sync 1 DAGs
[2023-01-14T20:56:49.949+0000] {logging_mixin.py:137} INFO - [2023-01-14T20:56:49.949+0000] {dag.py:3423} INFO - Setting next_dagrun for example_branch_python_operator_decorator to 2023-01-13T00:00:00+00:00, run_after=2023-01-14T00:00:00+00:00
[2023-01-14T20:56:50.046+0000] {processor.py:175} INFO - Processing /media/prempeh/Nouveau nom/MASTER2/DATA ENGINEERING/airflow/py_env/lib/python3.10/site-packages/airflow/example_dags/example_branch_operator_decorator.py took 0.632 seconds
[2023-01-14T20:57:52.285+0000] {processor.py:153} INFO - Started process (PID=7103) to work on /media/prempeh/Nouveau nom/MASTER2/DATA ENGINEERING/airflow/py_env/lib/python3.10/site-packages/airflow/example_dags/example_branch_operator_decorator.py
[2023-01-14T20:57:52.290+0000] {processor.py:743} INFO - Processing file /media/prempeh/Nouveau nom/MASTER2/DATA ENGINEERING/airflow/py_env/lib/python3.10/site-packages/airflow/example_dags/example_branch_operator_decorator.py for tasks to queue
[2023-01-14T20:57:52.300+0000] {logging_mixin.py:137} INFO - [2023-01-14T20:57:52.298+0000] {dagbag.py:538} INFO - Filling up the DagBag from /media/prempeh/Nouveau nom/MASTER2/DATA ENGINEERING/airflow/py_env/lib/python3.10/site-packages/airflow/example_dags/example_branch_operator_decorator.py
[2023-01-14T20:57:52.545+0000] {processor.py:753} INFO - DAG(s) dict_keys(['example_branch_python_operator_decorator']) retrieved from /media/prempeh/Nouveau nom/MASTER2/DATA ENGINEERING/airflow/py_env/lib/python3.10/site-packages/airflow/example_dags/example_branch_operator_decorator.py
[2023-01-14T20:57:52.712+0000] {logging_mixin.py:137} INFO - [2023-01-14T20:57:52.711+0000] {dag.py:2676} INFO - Sync 1 DAGs
[2023-01-14T20:57:52.844+0000] {logging_mixin.py:137} INFO - [2023-01-14T20:57:52.843+0000] {dag.py:3423} INFO - Setting next_dagrun for example_branch_python_operator_decorator to 2023-01-13T00:00:00+00:00, run_after=2023-01-14T00:00:00+00:00
[2023-01-14T20:57:52.959+0000] {processor.py:175} INFO - Processing /media/prempeh/Nouveau nom/MASTER2/DATA ENGINEERING/airflow/py_env/lib/python3.10/site-packages/airflow/example_dags/example_branch_operator_decorator.py took 0.688 seconds
[2023-01-14T20:58:47.493+0000] {processor.py:153} INFO - Started process (PID=7144) to work on /media/prempeh/Nouveau nom/MASTER2/DATA ENGINEERING/airflow/py_env/lib/python3.10/site-packages/airflow/example_dags/example_branch_operator_decorator.py
[2023-01-14T20:58:47.496+0000] {processor.py:743} INFO - Processing file /media/prempeh/Nouveau nom/MASTER2/DATA ENGINEERING/airflow/py_env/lib/python3.10/site-packages/airflow/example_dags/example_branch_operator_decorator.py for tasks to queue
[2023-01-14T20:58:47.502+0000] {logging_mixin.py:137} INFO - [2023-01-14T20:58:47.501+0000] {dagbag.py:538} INFO - Filling up the DagBag from /media/prempeh/Nouveau nom/MASTER2/DATA ENGINEERING/airflow/py_env/lib/python3.10/site-packages/airflow/example_dags/example_branch_operator_decorator.py
[2023-01-14T20:58:47.696+0000] {processor.py:753} INFO - DAG(s) dict_keys(['example_branch_python_operator_decorator']) retrieved from /media/prempeh/Nouveau nom/MASTER2/DATA ENGINEERING/airflow/py_env/lib/python3.10/site-packages/airflow/example_dags/example_branch_operator_decorator.py
[2023-01-14T20:58:47.841+0000] {logging_mixin.py:137} INFO - [2023-01-14T20:58:47.841+0000] {dag.py:2676} INFO - Sync 1 DAGs
[2023-01-14T20:58:47.906+0000] {logging_mixin.py:137} INFO - [2023-01-14T20:58:47.905+0000] {dag.py:3423} INFO - Setting next_dagrun for example_branch_python_operator_decorator to 2023-01-13T00:00:00+00:00, run_after=2023-01-14T00:00:00+00:00
[2023-01-14T20:58:47.976+0000] {processor.py:175} INFO - Processing /media/prempeh/Nouveau nom/MASTER2/DATA ENGINEERING/airflow/py_env/lib/python3.10/site-packages/airflow/example_dags/example_branch_operator_decorator.py took 0.492 seconds
[2023-01-14T21:00:00.103+0000] {processor.py:153} INFO - Started process (PID=7244) to work on /media/prempeh/Nouveau nom/MASTER2/DATA ENGINEERING/airflow/py_env/lib/python3.10/site-packages/airflow/example_dags/example_branch_operator_decorator.py
[2023-01-14T21:00:00.108+0000] {processor.py:743} INFO - Processing file /media/prempeh/Nouveau nom/MASTER2/DATA ENGINEERING/airflow/py_env/lib/python3.10/site-packages/airflow/example_dags/example_branch_operator_decorator.py for tasks to queue
[2023-01-14T21:00:00.118+0000] {logging_mixin.py:137} INFO - [2023-01-14T21:00:00.117+0000] {dagbag.py:538} INFO - Filling up the DagBag from /media/prempeh/Nouveau nom/MASTER2/DATA ENGINEERING/airflow/py_env/lib/python3.10/site-packages/airflow/example_dags/example_branch_operator_decorator.py
[2023-01-14T21:00:00.505+0000] {processor.py:753} INFO - DAG(s) dict_keys(['example_branch_python_operator_decorator']) retrieved from /media/prempeh/Nouveau nom/MASTER2/DATA ENGINEERING/airflow/py_env/lib/python3.10/site-packages/airflow/example_dags/example_branch_operator_decorator.py
[2023-01-14T21:00:00.783+0000] {logging_mixin.py:137} INFO - [2023-01-14T21:00:00.782+0000] {dag.py:2676} INFO - Sync 1 DAGs
[2023-01-14T21:00:00.861+0000] {logging_mixin.py:137} INFO - [2023-01-14T21:00:00.860+0000] {dag.py:3423} INFO - Setting next_dagrun for example_branch_python_operator_decorator to 2023-01-13T00:00:00+00:00, run_after=2023-01-14T00:00:00+00:00
[2023-01-14T21:00:00.989+0000] {processor.py:175} INFO - Processing /media/prempeh/Nouveau nom/MASTER2/DATA ENGINEERING/airflow/py_env/lib/python3.10/site-packages/airflow/example_dags/example_branch_operator_decorator.py took 0.900 seconds
[2023-01-14T21:00:55.666+0000] {processor.py:153} INFO - Started process (PID=7281) to work on /media/prempeh/Nouveau nom/MASTER2/DATA ENGINEERING/airflow/py_env/lib/python3.10/site-packages/airflow/example_dags/example_branch_operator_decorator.py
[2023-01-14T21:00:55.669+0000] {processor.py:743} INFO - Processing file /media/prempeh/Nouveau nom/MASTER2/DATA ENGINEERING/airflow/py_env/lib/python3.10/site-packages/airflow/example_dags/example_branch_operator_decorator.py for tasks to queue
[2023-01-14T21:00:55.674+0000] {logging_mixin.py:137} INFO - [2023-01-14T21:00:55.673+0000] {dagbag.py:538} INFO - Filling up the DagBag from /media/prempeh/Nouveau nom/MASTER2/DATA ENGINEERING/airflow/py_env/lib/python3.10/site-packages/airflow/example_dags/example_branch_operator_decorator.py
[2023-01-14T21:00:55.874+0000] {processor.py:753} INFO - DAG(s) dict_keys(['example_branch_python_operator_decorator']) retrieved from /media/prempeh/Nouveau nom/MASTER2/DATA ENGINEERING/airflow/py_env/lib/python3.10/site-packages/airflow/example_dags/example_branch_operator_decorator.py
[2023-01-14T21:00:56.013+0000] {logging_mixin.py:137} INFO - [2023-01-14T21:00:56.012+0000] {dag.py:2676} INFO - Sync 1 DAGs
[2023-01-14T21:00:56.079+0000] {logging_mixin.py:137} INFO - [2023-01-14T21:00:56.078+0000] {dag.py:3423} INFO - Setting next_dagrun for example_branch_python_operator_decorator to 2023-01-13T00:00:00+00:00, run_after=2023-01-14T00:00:00+00:00
[2023-01-14T21:00:56.156+0000] {processor.py:175} INFO - Processing /media/prempeh/Nouveau nom/MASTER2/DATA ENGINEERING/airflow/py_env/lib/python3.10/site-packages/airflow/example_dags/example_branch_operator_decorator.py took 0.500 seconds
[2023-01-14T21:01:54.680+0000] {processor.py:153} INFO - Started process (PID=7329) to work on /media/prempeh/Nouveau nom/MASTER2/DATA ENGINEERING/airflow/py_env/lib/python3.10/site-packages/airflow/example_dags/example_branch_operator_decorator.py
[2023-01-14T21:01:54.685+0000] {processor.py:743} INFO - Processing file /media/prempeh/Nouveau nom/MASTER2/DATA ENGINEERING/airflow/py_env/lib/python3.10/site-packages/airflow/example_dags/example_branch_operator_decorator.py for tasks to queue
[2023-01-14T21:01:54.697+0000] {logging_mixin.py:137} INFO - [2023-01-14T21:01:54.696+0000] {dagbag.py:538} INFO - Filling up the DagBag from /media/prempeh/Nouveau nom/MASTER2/DATA ENGINEERING/airflow/py_env/lib/python3.10/site-packages/airflow/example_dags/example_branch_operator_decorator.py
[2023-01-14T21:01:54.876+0000] {processor.py:753} INFO - DAG(s) dict_keys(['example_branch_python_operator_decorator']) retrieved from /media/prempeh/Nouveau nom/MASTER2/DATA ENGINEERING/airflow/py_env/lib/python3.10/site-packages/airflow/example_dags/example_branch_operator_decorator.py
[2023-01-14T21:01:54.995+0000] {logging_mixin.py:137} INFO - [2023-01-14T21:01:54.995+0000] {dag.py:2676} INFO - Sync 1 DAGs
[2023-01-14T21:01:55.058+0000] {logging_mixin.py:137} INFO - [2023-01-14T21:01:55.058+0000] {dag.py:3423} INFO - Setting next_dagrun for example_branch_python_operator_decorator to 2023-01-13T00:00:00+00:00, run_after=2023-01-14T00:00:00+00:00
[2023-01-14T21:01:55.121+0000] {processor.py:175} INFO - Processing /media/prempeh/Nouveau nom/MASTER2/DATA ENGINEERING/airflow/py_env/lib/python3.10/site-packages/airflow/example_dags/example_branch_operator_decorator.py took 0.451 seconds
[2023-01-14T21:02:49.731+0000] {processor.py:153} INFO - Started process (PID=7401) to work on /media/prempeh/Nouveau nom/MASTER2/DATA ENGINEERING/airflow/py_env/lib/python3.10/site-packages/airflow/example_dags/example_branch_operator_decorator.py
[2023-01-14T21:02:49.734+0000] {processor.py:743} INFO - Processing file /media/prempeh/Nouveau nom/MASTER2/DATA ENGINEERING/airflow/py_env/lib/python3.10/site-packages/airflow/example_dags/example_branch_operator_decorator.py for tasks to queue
[2023-01-14T21:02:49.739+0000] {logging_mixin.py:137} INFO - [2023-01-14T21:02:49.738+0000] {dagbag.py:538} INFO - Filling up the DagBag from /media/prempeh/Nouveau nom/MASTER2/DATA ENGINEERING/airflow/py_env/lib/python3.10/site-packages/airflow/example_dags/example_branch_operator_decorator.py
[2023-01-14T21:02:49.942+0000] {processor.py:753} INFO - DAG(s) dict_keys(['example_branch_python_operator_decorator']) retrieved from /media/prempeh/Nouveau nom/MASTER2/DATA ENGINEERING/airflow/py_env/lib/python3.10/site-packages/airflow/example_dags/example_branch_operator_decorator.py
[2023-01-14T21:02:50.074+0000] {logging_mixin.py:137} INFO - [2023-01-14T21:02:50.074+0000] {dag.py:2676} INFO - Sync 1 DAGs
[2023-01-14T21:02:50.147+0000] {logging_mixin.py:137} INFO - [2023-01-14T21:02:50.146+0000] {dag.py:3423} INFO - Setting next_dagrun for example_branch_python_operator_decorator to 2023-01-13T00:00:00+00:00, run_after=2023-01-14T00:00:00+00:00
[2023-01-14T21:02:50.222+0000] {processor.py:175} INFO - Processing /media/prempeh/Nouveau nom/MASTER2/DATA ENGINEERING/airflow/py_env/lib/python3.10/site-packages/airflow/example_dags/example_branch_operator_decorator.py took 0.499 seconds
[2023-01-14T21:04:12.667+0000] {processor.py:153} INFO - Started process (PID=7486) to work on /media/prempeh/Nouveau nom/MASTER2/DATA ENGINEERING/airflow/py_env/lib/python3.10/site-packages/airflow/example_dags/example_branch_operator_decorator.py
[2023-01-14T21:04:12.670+0000] {processor.py:743} INFO - Processing file /media/prempeh/Nouveau nom/MASTER2/DATA ENGINEERING/airflow/py_env/lib/python3.10/site-packages/airflow/example_dags/example_branch_operator_decorator.py for tasks to queue
[2023-01-14T21:04:12.678+0000] {logging_mixin.py:137} INFO - [2023-01-14T21:04:12.678+0000] {dagbag.py:538} INFO - Filling up the DagBag from /media/prempeh/Nouveau nom/MASTER2/DATA ENGINEERING/airflow/py_env/lib/python3.10/site-packages/airflow/example_dags/example_branch_operator_decorator.py
[2023-01-14T21:04:12.990+0000] {processor.py:753} INFO - DAG(s) dict_keys(['example_branch_python_operator_decorator']) retrieved from /media/prempeh/Nouveau nom/MASTER2/DATA ENGINEERING/airflow/py_env/lib/python3.10/site-packages/airflow/example_dags/example_branch_operator_decorator.py
[2023-01-14T21:04:13.225+0000] {logging_mixin.py:137} INFO - [2023-01-14T21:04:13.224+0000] {dag.py:2676} INFO - Sync 1 DAGs
[2023-01-14T21:04:13.333+0000] {logging_mixin.py:137} INFO - [2023-01-14T21:04:13.333+0000] {dag.py:3423} INFO - Setting next_dagrun for example_branch_python_operator_decorator to 2023-01-13T00:00:00+00:00, run_after=2023-01-14T00:00:00+00:00
[2023-01-14T21:04:13.437+0000] {processor.py:175} INFO - Processing /media/prempeh/Nouveau nom/MASTER2/DATA ENGINEERING/airflow/py_env/lib/python3.10/site-packages/airflow/example_dags/example_branch_operator_decorator.py took 0.779 seconds
[2023-01-14T21:05:14.194+0000] {processor.py:153} INFO - Started process (PID=7538) to work on /media/prempeh/Nouveau nom/MASTER2/DATA ENGINEERING/airflow/py_env/lib/python3.10/site-packages/airflow/example_dags/example_branch_operator_decorator.py
[2023-01-14T21:05:14.197+0000] {processor.py:743} INFO - Processing file /media/prempeh/Nouveau nom/MASTER2/DATA ENGINEERING/airflow/py_env/lib/python3.10/site-packages/airflow/example_dags/example_branch_operator_decorator.py for tasks to queue
[2023-01-14T21:05:14.202+0000] {logging_mixin.py:137} INFO - [2023-01-14T21:05:14.201+0000] {dagbag.py:538} INFO - Filling up the DagBag from /media/prempeh/Nouveau nom/MASTER2/DATA ENGINEERING/airflow/py_env/lib/python3.10/site-packages/airflow/example_dags/example_branch_operator_decorator.py
[2023-01-14T21:05:14.449+0000] {processor.py:753} INFO - DAG(s) dict_keys(['example_branch_python_operator_decorator']) retrieved from /media/prempeh/Nouveau nom/MASTER2/DATA ENGINEERING/airflow/py_env/lib/python3.10/site-packages/airflow/example_dags/example_branch_operator_decorator.py
[2023-01-14T21:05:14.582+0000] {logging_mixin.py:137} INFO - [2023-01-14T21:05:14.582+0000] {dag.py:2676} INFO - Sync 1 DAGs
[2023-01-14T21:05:14.672+0000] {logging_mixin.py:137} INFO - [2023-01-14T21:05:14.670+0000] {dag.py:3423} INFO - Setting next_dagrun for example_branch_python_operator_decorator to 2023-01-13T00:00:00+00:00, run_after=2023-01-14T00:00:00+00:00
[2023-01-14T21:05:14.771+0000] {processor.py:175} INFO - Processing /media/prempeh/Nouveau nom/MASTER2/DATA ENGINEERING/airflow/py_env/lib/python3.10/site-packages/airflow/example_dags/example_branch_operator_decorator.py took 0.586 seconds
[2023-01-14T21:06:15.377+0000] {processor.py:153} INFO - Started process (PID=7686) to work on /media/prempeh/Nouveau nom/MASTER2/DATA ENGINEERING/airflow/py_env/lib/python3.10/site-packages/airflow/example_dags/example_branch_operator_decorator.py
[2023-01-14T21:06:15.383+0000] {processor.py:743} INFO - Processing file /media/prempeh/Nouveau nom/MASTER2/DATA ENGINEERING/airflow/py_env/lib/python3.10/site-packages/airflow/example_dags/example_branch_operator_decorator.py for tasks to queue
[2023-01-14T21:06:15.395+0000] {logging_mixin.py:137} INFO - [2023-01-14T21:06:15.394+0000] {dagbag.py:538} INFO - Filling up the DagBag from /media/prempeh/Nouveau nom/MASTER2/DATA ENGINEERING/airflow/py_env/lib/python3.10/site-packages/airflow/example_dags/example_branch_operator_decorator.py
[2023-01-14T21:06:15.803+0000] {processor.py:753} INFO - DAG(s) dict_keys(['example_branch_python_operator_decorator']) retrieved from /media/prempeh/Nouveau nom/MASTER2/DATA ENGINEERING/airflow/py_env/lib/python3.10/site-packages/airflow/example_dags/example_branch_operator_decorator.py
[2023-01-14T21:06:16.062+0000] {logging_mixin.py:137} INFO - [2023-01-14T21:06:16.062+0000] {dag.py:2676} INFO - Sync 1 DAGs
[2023-01-14T21:06:16.167+0000] {logging_mixin.py:137} INFO - [2023-01-14T21:06:16.167+0000] {dag.py:3423} INFO - Setting next_dagrun for example_branch_python_operator_decorator to 2023-01-13T00:00:00+00:00, run_after=2023-01-14T00:00:00+00:00
[2023-01-14T21:06:16.294+0000] {processor.py:175} INFO - Processing /media/prempeh/Nouveau nom/MASTER2/DATA ENGINEERING/airflow/py_env/lib/python3.10/site-packages/airflow/example_dags/example_branch_operator_decorator.py took 0.930 seconds
[2023-01-14T21:07:43.509+0000] {processor.py:153} INFO - Started process (PID=7942) to work on /media/prempeh/Nouveau nom/MASTER2/DATA ENGINEERING/airflow/py_env/lib/python3.10/site-packages/airflow/example_dags/example_branch_operator_decorator.py
[2023-01-14T21:07:43.512+0000] {processor.py:743} INFO - Processing file /media/prempeh/Nouveau nom/MASTER2/DATA ENGINEERING/airflow/py_env/lib/python3.10/site-packages/airflow/example_dags/example_branch_operator_decorator.py for tasks to queue
[2023-01-14T21:07:43.519+0000] {logging_mixin.py:137} INFO - [2023-01-14T21:07:43.519+0000] {dagbag.py:538} INFO - Filling up the DagBag from /media/prempeh/Nouveau nom/MASTER2/DATA ENGINEERING/airflow/py_env/lib/python3.10/site-packages/airflow/example_dags/example_branch_operator_decorator.py
[2023-01-14T21:07:43.929+0000] {processor.py:753} INFO - DAG(s) dict_keys(['example_branch_python_operator_decorator']) retrieved from /media/prempeh/Nouveau nom/MASTER2/DATA ENGINEERING/airflow/py_env/lib/python3.10/site-packages/airflow/example_dags/example_branch_operator_decorator.py
[2023-01-14T21:07:44.151+0000] {logging_mixin.py:137} INFO - [2023-01-14T21:07:44.150+0000] {dag.py:2676} INFO - Sync 1 DAGs
[2023-01-14T21:07:44.282+0000] {logging_mixin.py:137} INFO - [2023-01-14T21:07:44.281+0000] {dag.py:3423} INFO - Setting next_dagrun for example_branch_python_operator_decorator to 2023-01-13T00:00:00+00:00, run_after=2023-01-14T00:00:00+00:00
[2023-01-14T21:07:44.410+0000] {processor.py:175} INFO - Processing /media/prempeh/Nouveau nom/MASTER2/DATA ENGINEERING/airflow/py_env/lib/python3.10/site-packages/airflow/example_dags/example_branch_operator_decorator.py took 0.911 seconds
[2023-01-14T21:09:01.556+0000] {processor.py:153} INFO - Started process (PID=8092) to work on /media/prempeh/Nouveau nom/MASTER2/DATA ENGINEERING/airflow/py_env/lib/python3.10/site-packages/airflow/example_dags/example_branch_operator_decorator.py
[2023-01-14T21:09:01.560+0000] {processor.py:743} INFO - Processing file /media/prempeh/Nouveau nom/MASTER2/DATA ENGINEERING/airflow/py_env/lib/python3.10/site-packages/airflow/example_dags/example_branch_operator_decorator.py for tasks to queue
[2023-01-14T21:09:01.565+0000] {logging_mixin.py:137} INFO - [2023-01-14T21:09:01.564+0000] {dagbag.py:538} INFO - Filling up the DagBag from /media/prempeh/Nouveau nom/MASTER2/DATA ENGINEERING/airflow/py_env/lib/python3.10/site-packages/airflow/example_dags/example_branch_operator_decorator.py
[2023-01-14T21:09:01.748+0000] {processor.py:753} INFO - DAG(s) dict_keys(['example_branch_python_operator_decorator']) retrieved from /media/prempeh/Nouveau nom/MASTER2/DATA ENGINEERING/airflow/py_env/lib/python3.10/site-packages/airflow/example_dags/example_branch_operator_decorator.py
[2023-01-14T21:09:01.891+0000] {logging_mixin.py:137} INFO - [2023-01-14T21:09:01.890+0000] {dag.py:2676} INFO - Sync 1 DAGs
[2023-01-14T21:09:01.960+0000] {logging_mixin.py:137} INFO - [2023-01-14T21:09:01.960+0000] {dag.py:3423} INFO - Setting next_dagrun for example_branch_python_operator_decorator to 2023-01-13T00:00:00+00:00, run_after=2023-01-14T00:00:00+00:00
[2023-01-14T21:09:02.024+0000] {processor.py:175} INFO - Processing /media/prempeh/Nouveau nom/MASTER2/DATA ENGINEERING/airflow/py_env/lib/python3.10/site-packages/airflow/example_dags/example_branch_operator_decorator.py took 0.478 seconds
[2023-01-14T21:10:01.656+0000] {processor.py:153} INFO - Started process (PID=8136) to work on /media/prempeh/Nouveau nom/MASTER2/DATA ENGINEERING/airflow/py_env/lib/python3.10/site-packages/airflow/example_dags/example_branch_operator_decorator.py
[2023-01-14T21:10:01.659+0000] {processor.py:743} INFO - Processing file /media/prempeh/Nouveau nom/MASTER2/DATA ENGINEERING/airflow/py_env/lib/python3.10/site-packages/airflow/example_dags/example_branch_operator_decorator.py for tasks to queue
[2023-01-14T21:10:01.666+0000] {logging_mixin.py:137} INFO - [2023-01-14T21:10:01.665+0000] {dagbag.py:538} INFO - Filling up the DagBag from /media/prempeh/Nouveau nom/MASTER2/DATA ENGINEERING/airflow/py_env/lib/python3.10/site-packages/airflow/example_dags/example_branch_operator_decorator.py
[2023-01-14T21:10:01.845+0000] {processor.py:753} INFO - DAG(s) dict_keys(['example_branch_python_operator_decorator']) retrieved from /media/prempeh/Nouveau nom/MASTER2/DATA ENGINEERING/airflow/py_env/lib/python3.10/site-packages/airflow/example_dags/example_branch_operator_decorator.py
[2023-01-14T21:10:01.969+0000] {logging_mixin.py:137} INFO - [2023-01-14T21:10:01.969+0000] {dag.py:2676} INFO - Sync 1 DAGs
[2023-01-14T21:10:02.038+0000] {logging_mixin.py:137} INFO - [2023-01-14T21:10:02.038+0000] {dag.py:3423} INFO - Setting next_dagrun for example_branch_python_operator_decorator to 2023-01-13T00:00:00+00:00, run_after=2023-01-14T00:00:00+00:00
[2023-01-14T21:10:02.106+0000] {processor.py:175} INFO - Processing /media/prempeh/Nouveau nom/MASTER2/DATA ENGINEERING/airflow/py_env/lib/python3.10/site-packages/airflow/example_dags/example_branch_operator_decorator.py took 0.458 seconds
[2023-01-14T21:11:01.991+0000] {processor.py:153} INFO - Started process (PID=8182) to work on /media/prempeh/Nouveau nom/MASTER2/DATA ENGINEERING/airflow/py_env/lib/python3.10/site-packages/airflow/example_dags/example_branch_operator_decorator.py
[2023-01-14T21:11:01.994+0000] {processor.py:743} INFO - Processing file /media/prempeh/Nouveau nom/MASTER2/DATA ENGINEERING/airflow/py_env/lib/python3.10/site-packages/airflow/example_dags/example_branch_operator_decorator.py for tasks to queue
[2023-01-14T21:11:01.999+0000] {logging_mixin.py:137} INFO - [2023-01-14T21:11:01.999+0000] {dagbag.py:538} INFO - Filling up the DagBag from /media/prempeh/Nouveau nom/MASTER2/DATA ENGINEERING/airflow/py_env/lib/python3.10/site-packages/airflow/example_dags/example_branch_operator_decorator.py
[2023-01-14T21:11:02.177+0000] {processor.py:753} INFO - DAG(s) dict_keys(['example_branch_python_operator_decorator']) retrieved from /media/prempeh/Nouveau nom/MASTER2/DATA ENGINEERING/airflow/py_env/lib/python3.10/site-packages/airflow/example_dags/example_branch_operator_decorator.py
[2023-01-14T21:11:02.323+0000] {logging_mixin.py:137} INFO - [2023-01-14T21:11:02.323+0000] {dag.py:2676} INFO - Sync 1 DAGs
[2023-01-14T21:11:02.389+0000] {logging_mixin.py:137} INFO - [2023-01-14T21:11:02.388+0000] {dag.py:3423} INFO - Setting next_dagrun for example_branch_python_operator_decorator to 2023-01-13T00:00:00+00:00, run_after=2023-01-14T00:00:00+00:00
[2023-01-14T21:11:02.457+0000] {processor.py:175} INFO - Processing /media/prempeh/Nouveau nom/MASTER2/DATA ENGINEERING/airflow/py_env/lib/python3.10/site-packages/airflow/example_dags/example_branch_operator_decorator.py took 0.476 seconds
[2023-01-14T21:12:11.587+0000] {processor.py:153} INFO - Started process (PID=8231) to work on /media/prempeh/Nouveau nom/MASTER2/DATA ENGINEERING/airflow/py_env/lib/python3.10/site-packages/airflow/example_dags/example_branch_operator_decorator.py
[2023-01-14T21:12:11.590+0000] {processor.py:743} INFO - Processing file /media/prempeh/Nouveau nom/MASTER2/DATA ENGINEERING/airflow/py_env/lib/python3.10/site-packages/airflow/example_dags/example_branch_operator_decorator.py for tasks to queue
[2023-01-14T21:12:11.595+0000] {logging_mixin.py:137} INFO - [2023-01-14T21:12:11.594+0000] {dagbag.py:538} INFO - Filling up the DagBag from /media/prempeh/Nouveau nom/MASTER2/DATA ENGINEERING/airflow/py_env/lib/python3.10/site-packages/airflow/example_dags/example_branch_operator_decorator.py
[2023-01-14T21:12:11.779+0000] {processor.py:753} INFO - DAG(s) dict_keys(['example_branch_python_operator_decorator']) retrieved from /media/prempeh/Nouveau nom/MASTER2/DATA ENGINEERING/airflow/py_env/lib/python3.10/site-packages/airflow/example_dags/example_branch_operator_decorator.py
[2023-01-14T21:12:11.954+0000] {logging_mixin.py:137} INFO - [2023-01-14T21:12:11.954+0000] {dag.py:2676} INFO - Sync 1 DAGs
[2023-01-14T21:12:12.033+0000] {logging_mixin.py:137} INFO - [2023-01-14T21:12:12.032+0000] {dag.py:3423} INFO - Setting next_dagrun for example_branch_python_operator_decorator to 2023-01-13T00:00:00+00:00, run_after=2023-01-14T00:00:00+00:00
[2023-01-14T21:12:12.109+0000] {processor.py:175} INFO - Processing /media/prempeh/Nouveau nom/MASTER2/DATA ENGINEERING/airflow/py_env/lib/python3.10/site-packages/airflow/example_dags/example_branch_operator_decorator.py took 0.533 seconds
[2023-01-14T21:13:20.170+0000] {processor.py:153} INFO - Started process (PID=8279) to work on /media/prempeh/Nouveau nom/MASTER2/DATA ENGINEERING/airflow/py_env/lib/python3.10/site-packages/airflow/example_dags/example_branch_operator_decorator.py
[2023-01-14T21:13:20.174+0000] {processor.py:743} INFO - Processing file /media/prempeh/Nouveau nom/MASTER2/DATA ENGINEERING/airflow/py_env/lib/python3.10/site-packages/airflow/example_dags/example_branch_operator_decorator.py for tasks to queue
[2023-01-14T21:13:20.182+0000] {logging_mixin.py:137} INFO - [2023-01-14T21:13:20.181+0000] {dagbag.py:538} INFO - Filling up the DagBag from /media/prempeh/Nouveau nom/MASTER2/DATA ENGINEERING/airflow/py_env/lib/python3.10/site-packages/airflow/example_dags/example_branch_operator_decorator.py
[2023-01-14T21:13:20.613+0000] {processor.py:753} INFO - DAG(s) dict_keys(['example_branch_python_operator_decorator']) retrieved from /media/prempeh/Nouveau nom/MASTER2/DATA ENGINEERING/airflow/py_env/lib/python3.10/site-packages/airflow/example_dags/example_branch_operator_decorator.py
[2023-01-14T21:13:20.859+0000] {logging_mixin.py:137} INFO - [2023-01-14T21:13:20.858+0000] {dag.py:2676} INFO - Sync 1 DAGs
[2023-01-14T21:13:21.021+0000] {logging_mixin.py:137} INFO - [2023-01-14T21:13:21.020+0000] {dag.py:3423} INFO - Setting next_dagrun for example_branch_python_operator_decorator to 2023-01-13T00:00:00+00:00, run_after=2023-01-14T00:00:00+00:00
[2023-01-14T21:13:21.131+0000] {processor.py:175} INFO - Processing /media/prempeh/Nouveau nom/MASTER2/DATA ENGINEERING/airflow/py_env/lib/python3.10/site-packages/airflow/example_dags/example_branch_operator_decorator.py took 0.978 seconds
[2023-01-14T21:14:33.218+0000] {processor.py:153} INFO - Started process (PID=8330) to work on /media/prempeh/Nouveau nom/MASTER2/DATA ENGINEERING/airflow/py_env/lib/python3.10/site-packages/airflow/example_dags/example_branch_operator_decorator.py
[2023-01-14T21:14:33.221+0000] {processor.py:743} INFO - Processing file /media/prempeh/Nouveau nom/MASTER2/DATA ENGINEERING/airflow/py_env/lib/python3.10/site-packages/airflow/example_dags/example_branch_operator_decorator.py for tasks to queue
[2023-01-14T21:14:33.228+0000] {logging_mixin.py:137} INFO - [2023-01-14T21:14:33.228+0000] {dagbag.py:538} INFO - Filling up the DagBag from /media/prempeh/Nouveau nom/MASTER2/DATA ENGINEERING/airflow/py_env/lib/python3.10/site-packages/airflow/example_dags/example_branch_operator_decorator.py
[2023-01-14T21:14:33.455+0000] {processor.py:753} INFO - DAG(s) dict_keys(['example_branch_python_operator_decorator']) retrieved from /media/prempeh/Nouveau nom/MASTER2/DATA ENGINEERING/airflow/py_env/lib/python3.10/site-packages/airflow/example_dags/example_branch_operator_decorator.py
[2023-01-14T21:14:33.606+0000] {logging_mixin.py:137} INFO - [2023-01-14T21:14:33.605+0000] {dag.py:2676} INFO - Sync 1 DAGs
[2023-01-14T21:14:33.682+0000] {logging_mixin.py:137} INFO - [2023-01-14T21:14:33.681+0000] {dag.py:3423} INFO - Setting next_dagrun for example_branch_python_operator_decorator to 2023-01-13T00:00:00+00:00, run_after=2023-01-14T00:00:00+00:00
[2023-01-14T21:14:33.775+0000] {processor.py:175} INFO - Processing /media/prempeh/Nouveau nom/MASTER2/DATA ENGINEERING/airflow/py_env/lib/python3.10/site-packages/airflow/example_dags/example_branch_operator_decorator.py took 0.565 seconds
[2023-01-14T21:15:45.175+0000] {processor.py:153} INFO - Started process (PID=8757) to work on /media/prempeh/Nouveau nom/MASTER2/DATA ENGINEERING/airflow/py_env/lib/python3.10/site-packages/airflow/example_dags/example_branch_operator_decorator.py
[2023-01-14T21:15:45.180+0000] {processor.py:743} INFO - Processing file /media/prempeh/Nouveau nom/MASTER2/DATA ENGINEERING/airflow/py_env/lib/python3.10/site-packages/airflow/example_dags/example_branch_operator_decorator.py for tasks to queue
[2023-01-14T21:15:45.189+0000] {logging_mixin.py:137} INFO - [2023-01-14T21:15:45.187+0000] {dagbag.py:538} INFO - Filling up the DagBag from /media/prempeh/Nouveau nom/MASTER2/DATA ENGINEERING/airflow/py_env/lib/python3.10/site-packages/airflow/example_dags/example_branch_operator_decorator.py
[2023-01-14T21:15:45.436+0000] {processor.py:753} INFO - DAG(s) dict_keys(['example_branch_python_operator_decorator']) retrieved from /media/prempeh/Nouveau nom/MASTER2/DATA ENGINEERING/airflow/py_env/lib/python3.10/site-packages/airflow/example_dags/example_branch_operator_decorator.py
[2023-01-14T21:15:45.579+0000] {logging_mixin.py:137} INFO - [2023-01-14T21:15:45.579+0000] {dag.py:2676} INFO - Sync 1 DAGs
[2023-01-14T21:15:45.653+0000] {logging_mixin.py:137} INFO - [2023-01-14T21:15:45.652+0000] {dag.py:3423} INFO - Setting next_dagrun for example_branch_python_operator_decorator to 2023-01-13T00:00:00+00:00, run_after=2023-01-14T00:00:00+00:00
[2023-01-14T21:15:45.723+0000] {processor.py:175} INFO - Processing /media/prempeh/Nouveau nom/MASTER2/DATA ENGINEERING/airflow/py_env/lib/python3.10/site-packages/airflow/example_dags/example_branch_operator_decorator.py took 0.560 seconds
[2023-01-14T21:16:56.112+0000] {processor.py:153} INFO - Started process (PID=9065) to work on /media/prempeh/Nouveau nom/MASTER2/DATA ENGINEERING/airflow/py_env/lib/python3.10/site-packages/airflow/example_dags/example_branch_operator_decorator.py
[2023-01-14T21:16:56.114+0000] {processor.py:743} INFO - Processing file /media/prempeh/Nouveau nom/MASTER2/DATA ENGINEERING/airflow/py_env/lib/python3.10/site-packages/airflow/example_dags/example_branch_operator_decorator.py for tasks to queue
[2023-01-14T21:16:56.119+0000] {logging_mixin.py:137} INFO - [2023-01-14T21:16:56.119+0000] {dagbag.py:538} INFO - Filling up the DagBag from /media/prempeh/Nouveau nom/MASTER2/DATA ENGINEERING/airflow/py_env/lib/python3.10/site-packages/airflow/example_dags/example_branch_operator_decorator.py
[2023-01-14T21:16:56.415+0000] {processor.py:753} INFO - DAG(s) dict_keys(['example_branch_python_operator_decorator']) retrieved from /media/prempeh/Nouveau nom/MASTER2/DATA ENGINEERING/airflow/py_env/lib/python3.10/site-packages/airflow/example_dags/example_branch_operator_decorator.py
[2023-01-14T21:16:56.564+0000] {logging_mixin.py:137} INFO - [2023-01-14T21:16:56.563+0000] {dag.py:2676} INFO - Sync 1 DAGs
[2023-01-14T21:16:56.655+0000] {logging_mixin.py:137} INFO - [2023-01-14T21:16:56.654+0000] {dag.py:3423} INFO - Setting next_dagrun for example_branch_python_operator_decorator to 2023-01-13T00:00:00+00:00, run_after=2023-01-14T00:00:00+00:00
[2023-01-14T21:16:56.758+0000] {processor.py:175} INFO - Processing /media/prempeh/Nouveau nom/MASTER2/DATA ENGINEERING/airflow/py_env/lib/python3.10/site-packages/airflow/example_dags/example_branch_operator_decorator.py took 0.656 seconds
[2023-01-14T21:18:08.138+0000] {processor.py:153} INFO - Started process (PID=9256) to work on /media/prempeh/Nouveau nom/MASTER2/DATA ENGINEERING/airflow/py_env/lib/python3.10/site-packages/airflow/example_dags/example_branch_operator_decorator.py
[2023-01-14T21:18:08.141+0000] {processor.py:743} INFO - Processing file /media/prempeh/Nouveau nom/MASTER2/DATA ENGINEERING/airflow/py_env/lib/python3.10/site-packages/airflow/example_dags/example_branch_operator_decorator.py for tasks to queue
[2023-01-14T21:18:08.145+0000] {logging_mixin.py:137} INFO - [2023-01-14T21:18:08.144+0000] {dagbag.py:538} INFO - Filling up the DagBag from /media/prempeh/Nouveau nom/MASTER2/DATA ENGINEERING/airflow/py_env/lib/python3.10/site-packages/airflow/example_dags/example_branch_operator_decorator.py
[2023-01-14T21:18:08.330+0000] {processor.py:753} INFO - DAG(s) dict_keys(['example_branch_python_operator_decorator']) retrieved from /media/prempeh/Nouveau nom/MASTER2/DATA ENGINEERING/airflow/py_env/lib/python3.10/site-packages/airflow/example_dags/example_branch_operator_decorator.py
[2023-01-14T21:18:08.479+0000] {logging_mixin.py:137} INFO - [2023-01-14T21:18:08.479+0000] {dag.py:2676} INFO - Sync 1 DAGs
[2023-01-14T21:18:08.546+0000] {logging_mixin.py:137} INFO - [2023-01-14T21:18:08.545+0000] {dag.py:3423} INFO - Setting next_dagrun for example_branch_python_operator_decorator to 2023-01-13T00:00:00+00:00, run_after=2023-01-14T00:00:00+00:00
[2023-01-14T21:18:08.606+0000] {processor.py:175} INFO - Processing /media/prempeh/Nouveau nom/MASTER2/DATA ENGINEERING/airflow/py_env/lib/python3.10/site-packages/airflow/example_dags/example_branch_operator_decorator.py took 0.476 seconds
[2023-01-14T21:19:22.115+0000] {processor.py:153} INFO - Started process (PID=9500) to work on /media/prempeh/Nouveau nom/MASTER2/DATA ENGINEERING/airflow/py_env/lib/python3.10/site-packages/airflow/example_dags/example_branch_operator_decorator.py
[2023-01-14T21:19:22.119+0000] {processor.py:743} INFO - Processing file /media/prempeh/Nouveau nom/MASTER2/DATA ENGINEERING/airflow/py_env/lib/python3.10/site-packages/airflow/example_dags/example_branch_operator_decorator.py for tasks to queue
[2023-01-14T21:19:22.126+0000] {logging_mixin.py:137} INFO - [2023-01-14T21:19:22.125+0000] {dagbag.py:538} INFO - Filling up the DagBag from /media/prempeh/Nouveau nom/MASTER2/DATA ENGINEERING/airflow/py_env/lib/python3.10/site-packages/airflow/example_dags/example_branch_operator_decorator.py
[2023-01-14T21:19:22.505+0000] {processor.py:753} INFO - DAG(s) dict_keys(['example_branch_python_operator_decorator']) retrieved from /media/prempeh/Nouveau nom/MASTER2/DATA ENGINEERING/airflow/py_env/lib/python3.10/site-packages/airflow/example_dags/example_branch_operator_decorator.py
[2023-01-14T21:19:22.719+0000] {logging_mixin.py:137} INFO - [2023-01-14T21:19:22.718+0000] {dag.py:2676} INFO - Sync 1 DAGs
[2023-01-14T21:19:22.810+0000] {logging_mixin.py:137} INFO - [2023-01-14T21:19:22.809+0000] {dag.py:3423} INFO - Setting next_dagrun for example_branch_python_operator_decorator to 2023-01-13T00:00:00+00:00, run_after=2023-01-14T00:00:00+00:00
[2023-01-14T21:19:22.892+0000] {processor.py:175} INFO - Processing /media/prempeh/Nouveau nom/MASTER2/DATA ENGINEERING/airflow/py_env/lib/python3.10/site-packages/airflow/example_dags/example_branch_operator_decorator.py took 0.793 seconds
[2023-01-14T21:20:33.474+0000] {processor.py:153} INFO - Started process (PID=9792) to work on /media/prempeh/Nouveau nom/MASTER2/DATA ENGINEERING/airflow/py_env/lib/python3.10/site-packages/airflow/example_dags/example_branch_operator_decorator.py
[2023-01-14T21:20:33.477+0000] {processor.py:743} INFO - Processing file /media/prempeh/Nouveau nom/MASTER2/DATA ENGINEERING/airflow/py_env/lib/python3.10/site-packages/airflow/example_dags/example_branch_operator_decorator.py for tasks to queue
[2023-01-14T21:20:33.481+0000] {logging_mixin.py:137} INFO - [2023-01-14T21:20:33.480+0000] {dagbag.py:538} INFO - Filling up the DagBag from /media/prempeh/Nouveau nom/MASTER2/DATA ENGINEERING/airflow/py_env/lib/python3.10/site-packages/airflow/example_dags/example_branch_operator_decorator.py
[2023-01-14T21:20:33.690+0000] {processor.py:753} INFO - DAG(s) dict_keys(['example_branch_python_operator_decorator']) retrieved from /media/prempeh/Nouveau nom/MASTER2/DATA ENGINEERING/airflow/py_env/lib/python3.10/site-packages/airflow/example_dags/example_branch_operator_decorator.py
[2023-01-14T21:20:33.844+0000] {logging_mixin.py:137} INFO - [2023-01-14T21:20:33.844+0000] {dag.py:2676} INFO - Sync 1 DAGs
[2023-01-14T21:20:33.939+0000] {logging_mixin.py:137} INFO - [2023-01-14T21:20:33.939+0000] {dag.py:3423} INFO - Setting next_dagrun for example_branch_python_operator_decorator to 2023-01-13T00:00:00+00:00, run_after=2023-01-14T00:00:00+00:00
[2023-01-14T21:20:34.020+0000] {processor.py:175} INFO - Processing /media/prempeh/Nouveau nom/MASTER2/DATA ENGINEERING/airflow/py_env/lib/python3.10/site-packages/airflow/example_dags/example_branch_operator_decorator.py took 0.554 seconds
[2023-01-14T21:21:41.890+0000] {processor.py:153} INFO - Started process (PID=9843) to work on /media/prempeh/Nouveau nom/MASTER2/DATA ENGINEERING/airflow/py_env/lib/python3.10/site-packages/airflow/example_dags/example_branch_operator_decorator.py
[2023-01-14T21:21:41.893+0000] {processor.py:743} INFO - Processing file /media/prempeh/Nouveau nom/MASTER2/DATA ENGINEERING/airflow/py_env/lib/python3.10/site-packages/airflow/example_dags/example_branch_operator_decorator.py for tasks to queue
[2023-01-14T21:21:41.897+0000] {logging_mixin.py:137} INFO - [2023-01-14T21:21:41.897+0000] {dagbag.py:538} INFO - Filling up the DagBag from /media/prempeh/Nouveau nom/MASTER2/DATA ENGINEERING/airflow/py_env/lib/python3.10/site-packages/airflow/example_dags/example_branch_operator_decorator.py
[2023-01-14T21:21:42.100+0000] {processor.py:753} INFO - DAG(s) dict_keys(['example_branch_python_operator_decorator']) retrieved from /media/prempeh/Nouveau nom/MASTER2/DATA ENGINEERING/airflow/py_env/lib/python3.10/site-packages/airflow/example_dags/example_branch_operator_decorator.py
[2023-01-14T21:21:42.258+0000] {logging_mixin.py:137} INFO - [2023-01-14T21:21:42.257+0000] {dag.py:2676} INFO - Sync 1 DAGs
[2023-01-14T21:21:42.339+0000] {logging_mixin.py:137} INFO - [2023-01-14T21:21:42.338+0000] {dag.py:3423} INFO - Setting next_dagrun for example_branch_python_operator_decorator to 2023-01-13T00:00:00+00:00, run_after=2023-01-14T00:00:00+00:00
[2023-01-14T21:21:42.414+0000] {processor.py:175} INFO - Processing /media/prempeh/Nouveau nom/MASTER2/DATA ENGINEERING/airflow/py_env/lib/python3.10/site-packages/airflow/example_dags/example_branch_operator_decorator.py took 0.534 seconds
[2023-01-14T21:22:57.798+0000] {processor.py:153} INFO - Started process (PID=10260) to work on /media/prempeh/Nouveau nom/MASTER2/DATA ENGINEERING/airflow/py_env/lib/python3.10/site-packages/airflow/example_dags/example_branch_operator_decorator.py
[2023-01-14T21:22:57.801+0000] {processor.py:743} INFO - Processing file /media/prempeh/Nouveau nom/MASTER2/DATA ENGINEERING/airflow/py_env/lib/python3.10/site-packages/airflow/example_dags/example_branch_operator_decorator.py for tasks to queue
[2023-01-14T21:22:57.805+0000] {logging_mixin.py:137} INFO - [2023-01-14T21:22:57.805+0000] {dagbag.py:538} INFO - Filling up the DagBag from /media/prempeh/Nouveau nom/MASTER2/DATA ENGINEERING/airflow/py_env/lib/python3.10/site-packages/airflow/example_dags/example_branch_operator_decorator.py
[2023-01-14T21:22:57.985+0000] {processor.py:753} INFO - DAG(s) dict_keys(['example_branch_python_operator_decorator']) retrieved from /media/prempeh/Nouveau nom/MASTER2/DATA ENGINEERING/airflow/py_env/lib/python3.10/site-packages/airflow/example_dags/example_branch_operator_decorator.py
[2023-01-14T21:22:58.111+0000] {logging_mixin.py:137} INFO - [2023-01-14T21:22:58.110+0000] {dag.py:2676} INFO - Sync 1 DAGs
[2023-01-14T21:22:58.177+0000] {logging_mixin.py:137} INFO - [2023-01-14T21:22:58.177+0000] {dag.py:3423} INFO - Setting next_dagrun for example_branch_python_operator_decorator to 2023-01-13T00:00:00+00:00, run_after=2023-01-14T00:00:00+00:00
[2023-01-14T21:22:58.250+0000] {processor.py:175} INFO - Processing /media/prempeh/Nouveau nom/MASTER2/DATA ENGINEERING/airflow/py_env/lib/python3.10/site-packages/airflow/example_dags/example_branch_operator_decorator.py took 0.460 seconds
[2023-01-14T21:24:06.867+0000] {processor.py:153} INFO - Started process (PID=10371) to work on /media/prempeh/Nouveau nom/MASTER2/DATA ENGINEERING/airflow/py_env/lib/python3.10/site-packages/airflow/example_dags/example_branch_operator_decorator.py
[2023-01-14T21:24:06.870+0000] {processor.py:743} INFO - Processing file /media/prempeh/Nouveau nom/MASTER2/DATA ENGINEERING/airflow/py_env/lib/python3.10/site-packages/airflow/example_dags/example_branch_operator_decorator.py for tasks to queue
[2023-01-14T21:24:06.875+0000] {logging_mixin.py:137} INFO - [2023-01-14T21:24:06.875+0000] {dagbag.py:538} INFO - Filling up the DagBag from /media/prempeh/Nouveau nom/MASTER2/DATA ENGINEERING/airflow/py_env/lib/python3.10/site-packages/airflow/example_dags/example_branch_operator_decorator.py
[2023-01-14T21:24:07.102+0000] {processor.py:753} INFO - DAG(s) dict_keys(['example_branch_python_operator_decorator']) retrieved from /media/prempeh/Nouveau nom/MASTER2/DATA ENGINEERING/airflow/py_env/lib/python3.10/site-packages/airflow/example_dags/example_branch_operator_decorator.py
[2023-01-14T21:24:07.247+0000] {logging_mixin.py:137} INFO - [2023-01-14T21:24:07.247+0000] {dag.py:2676} INFO - Sync 1 DAGs
[2023-01-14T21:24:07.325+0000] {logging_mixin.py:137} INFO - [2023-01-14T21:24:07.325+0000] {dag.py:3423} INFO - Setting next_dagrun for example_branch_python_operator_decorator to 2023-01-13T00:00:00+00:00, run_after=2023-01-14T00:00:00+00:00
[2023-01-14T21:24:07.401+0000] {processor.py:175} INFO - Processing /media/prempeh/Nouveau nom/MASTER2/DATA ENGINEERING/airflow/py_env/lib/python3.10/site-packages/airflow/example_dags/example_branch_operator_decorator.py took 0.544 seconds
[2023-01-14T21:25:11.750+0000] {processor.py:153} INFO - Started process (PID=10456) to work on /media/prempeh/Nouveau nom/MASTER2/DATA ENGINEERING/airflow/py_env/lib/python3.10/site-packages/airflow/example_dags/example_branch_operator_decorator.py
[2023-01-14T21:25:11.754+0000] {processor.py:743} INFO - Processing file /media/prempeh/Nouveau nom/MASTER2/DATA ENGINEERING/airflow/py_env/lib/python3.10/site-packages/airflow/example_dags/example_branch_operator_decorator.py for tasks to queue
[2023-01-14T21:25:11.761+0000] {logging_mixin.py:137} INFO - [2023-01-14T21:25:11.761+0000] {dagbag.py:538} INFO - Filling up the DagBag from /media/prempeh/Nouveau nom/MASTER2/DATA ENGINEERING/airflow/py_env/lib/python3.10/site-packages/airflow/example_dags/example_branch_operator_decorator.py
[2023-01-14T21:25:11.948+0000] {processor.py:753} INFO - DAG(s) dict_keys(['example_branch_python_operator_decorator']) retrieved from /media/prempeh/Nouveau nom/MASTER2/DATA ENGINEERING/airflow/py_env/lib/python3.10/site-packages/airflow/example_dags/example_branch_operator_decorator.py
[2023-01-14T21:25:12.072+0000] {logging_mixin.py:137} INFO - [2023-01-14T21:25:12.072+0000] {dag.py:2676} INFO - Sync 1 DAGs
[2023-01-14T21:25:12.144+0000] {logging_mixin.py:137} INFO - [2023-01-14T21:25:12.143+0000] {dag.py:3423} INFO - Setting next_dagrun for example_branch_python_operator_decorator to 2023-01-13T00:00:00+00:00, run_after=2023-01-14T00:00:00+00:00
[2023-01-14T21:25:12.213+0000] {processor.py:175} INFO - Processing /media/prempeh/Nouveau nom/MASTER2/DATA ENGINEERING/airflow/py_env/lib/python3.10/site-packages/airflow/example_dags/example_branch_operator_decorator.py took 0.475 seconds
[2023-01-14T21:26:26.735+0000] {processor.py:153} INFO - Started process (PID=10584) to work on /media/prempeh/Nouveau nom/MASTER2/DATA ENGINEERING/airflow/py_env/lib/python3.10/site-packages/airflow/example_dags/example_branch_operator_decorator.py
[2023-01-14T21:26:26.739+0000] {processor.py:743} INFO - Processing file /media/prempeh/Nouveau nom/MASTER2/DATA ENGINEERING/airflow/py_env/lib/python3.10/site-packages/airflow/example_dags/example_branch_operator_decorator.py for tasks to queue
[2023-01-14T21:26:26.746+0000] {logging_mixin.py:137} INFO - [2023-01-14T21:26:26.745+0000] {dagbag.py:538} INFO - Filling up the DagBag from /media/prempeh/Nouveau nom/MASTER2/DATA ENGINEERING/airflow/py_env/lib/python3.10/site-packages/airflow/example_dags/example_branch_operator_decorator.py
[2023-01-14T21:26:27.175+0000] {processor.py:753} INFO - DAG(s) dict_keys(['example_branch_python_operator_decorator']) retrieved from /media/prempeh/Nouveau nom/MASTER2/DATA ENGINEERING/airflow/py_env/lib/python3.10/site-packages/airflow/example_dags/example_branch_operator_decorator.py
[2023-01-14T21:26:27.303+0000] {logging_mixin.py:137} INFO - [2023-01-14T21:26:27.302+0000] {dag.py:2676} INFO - Sync 1 DAGs
[2023-01-14T21:26:27.368+0000] {logging_mixin.py:137} INFO - [2023-01-14T21:26:27.368+0000] {dag.py:3423} INFO - Setting next_dagrun for example_branch_python_operator_decorator to 2023-01-13T00:00:00+00:00, run_after=2023-01-14T00:00:00+00:00
[2023-01-14T21:26:27.437+0000] {processor.py:175} INFO - Processing /media/prempeh/Nouveau nom/MASTER2/DATA ENGINEERING/airflow/py_env/lib/python3.10/site-packages/airflow/example_dags/example_branch_operator_decorator.py took 0.715 seconds
[2023-01-14T21:27:36.394+0000] {processor.py:153} INFO - Started process (PID=10901) to work on /media/prempeh/Nouveau nom/MASTER2/DATA ENGINEERING/airflow/py_env/lib/python3.10/site-packages/airflow/example_dags/example_branch_operator_decorator.py
[2023-01-14T21:27:36.397+0000] {processor.py:743} INFO - Processing file /media/prempeh/Nouveau nom/MASTER2/DATA ENGINEERING/airflow/py_env/lib/python3.10/site-packages/airflow/example_dags/example_branch_operator_decorator.py for tasks to queue
[2023-01-14T21:27:36.401+0000] {logging_mixin.py:137} INFO - [2023-01-14T21:27:36.401+0000] {dagbag.py:538} INFO - Filling up the DagBag from /media/prempeh/Nouveau nom/MASTER2/DATA ENGINEERING/airflow/py_env/lib/python3.10/site-packages/airflow/example_dags/example_branch_operator_decorator.py
[2023-01-14T21:27:36.618+0000] {processor.py:753} INFO - DAG(s) dict_keys(['example_branch_python_operator_decorator']) retrieved from /media/prempeh/Nouveau nom/MASTER2/DATA ENGINEERING/airflow/py_env/lib/python3.10/site-packages/airflow/example_dags/example_branch_operator_decorator.py
[2023-01-14T21:27:36.762+0000] {logging_mixin.py:137} INFO - [2023-01-14T21:27:36.761+0000] {dag.py:2676} INFO - Sync 1 DAGs
[2023-01-14T21:27:36.832+0000] {logging_mixin.py:137} INFO - [2023-01-14T21:27:36.832+0000] {dag.py:3423} INFO - Setting next_dagrun for example_branch_python_operator_decorator to 2023-01-13T00:00:00+00:00, run_after=2023-01-14T00:00:00+00:00
[2023-01-14T21:27:36.896+0000] {processor.py:175} INFO - Processing /media/prempeh/Nouveau nom/MASTER2/DATA ENGINEERING/airflow/py_env/lib/python3.10/site-packages/airflow/example_dags/example_branch_operator_decorator.py took 0.511 seconds
