[2023-01-14T20:53:45.468+0000] {processor.py:153} INFO - Started process (PID=6698) to work on /media/prempeh/Nouveau nom/MASTER2/DATA ENGINEERING/airflow/py_env/lib/python3.10/site-packages/airflow/example_dags/example_branch_day_of_week_operator.py
[2023-01-14T20:53:45.474+0000] {processor.py:743} INFO - Processing file /media/prempeh/Nouveau nom/MASTER2/DATA ENGINEERING/airflow/py_env/lib/python3.10/site-packages/airflow/example_dags/example_branch_day_of_week_operator.py for tasks to queue
[2023-01-14T20:53:45.481+0000] {logging_mixin.py:137} INFO - [2023-01-14T20:53:45.481+0000] {dagbag.py:538} INFO - Filling up the DagBag from /media/prempeh/Nouveau nom/MASTER2/DATA ENGINEERING/airflow/py_env/lib/python3.10/site-packages/airflow/example_dags/example_branch_day_of_week_operator.py
[2023-01-14T20:53:45.664+0000] {processor.py:753} INFO - DAG(s) dict_keys(['example_weekday_branch_operator']) retrieved from /media/prempeh/Nouveau nom/MASTER2/DATA ENGINEERING/airflow/py_env/lib/python3.10/site-packages/airflow/example_dags/example_branch_day_of_week_operator.py
[2023-01-14T20:53:46.320+0000] {logging_mixin.py:137} INFO - [2023-01-14T20:53:46.320+0000] {manager.py:504} INFO - Created Permission View: can edit on DAG:example_weekday_branch_operator
[2023-01-14T20:53:46.346+0000] {logging_mixin.py:137} INFO - [2023-01-14T20:53:46.345+0000] {manager.py:504} INFO - Created Permission View: can delete on DAG:example_weekday_branch_operator
[2023-01-14T20:53:46.367+0000] {logging_mixin.py:137} INFO - [2023-01-14T20:53:46.367+0000] {manager.py:504} INFO - Created Permission View: can read on DAG:example_weekday_branch_operator
[2023-01-14T20:53:46.368+0000] {logging_mixin.py:137} INFO - [2023-01-14T20:53:46.368+0000] {dag.py:2676} INFO - Sync 1 DAGs
[2023-01-14T20:53:46.398+0000] {logging_mixin.py:137} INFO - [2023-01-14T20:53:46.397+0000] {dag.py:2697} INFO - Creating ORM DAG for example_weekday_branch_operator
[2023-01-14T20:53:46.427+0000] {logging_mixin.py:137} INFO - [2023-01-14T20:53:46.426+0000] {dag.py:3423} INFO - Setting next_dagrun for example_weekday_branch_operator to 2023-01-13T00:00:00+00:00, run_after=2023-01-14T00:00:00+00:00
[2023-01-14T20:53:46.480+0000] {processor.py:175} INFO - Processing /media/prempeh/Nouveau nom/MASTER2/DATA ENGINEERING/airflow/py_env/lib/python3.10/site-packages/airflow/example_dags/example_branch_day_of_week_operator.py took 1.025 seconds
[2023-01-14T20:54:53.086+0000] {processor.py:153} INFO - Started process (PID=6743) to work on /media/prempeh/Nouveau nom/MASTER2/DATA ENGINEERING/airflow/py_env/lib/python3.10/site-packages/airflow/example_dags/example_branch_day_of_week_operator.py
[2023-01-14T20:54:53.089+0000] {processor.py:743} INFO - Processing file /media/prempeh/Nouveau nom/MASTER2/DATA ENGINEERING/airflow/py_env/lib/python3.10/site-packages/airflow/example_dags/example_branch_day_of_week_operator.py for tasks to queue
[2023-01-14T20:54:53.093+0000] {logging_mixin.py:137} INFO - [2023-01-14T20:54:53.092+0000] {dagbag.py:538} INFO - Filling up the DagBag from /media/prempeh/Nouveau nom/MASTER2/DATA ENGINEERING/airflow/py_env/lib/python3.10/site-packages/airflow/example_dags/example_branch_day_of_week_operator.py
[2023-01-14T20:54:53.232+0000] {processor.py:753} INFO - DAG(s) dict_keys(['example_weekday_branch_operator']) retrieved from /media/prempeh/Nouveau nom/MASTER2/DATA ENGINEERING/airflow/py_env/lib/python3.10/site-packages/airflow/example_dags/example_branch_day_of_week_operator.py
[2023-01-14T20:54:53.359+0000] {logging_mixin.py:137} INFO - [2023-01-14T20:54:53.359+0000] {dag.py:2676} INFO - Sync 1 DAGs
[2023-01-14T20:54:53.426+0000] {logging_mixin.py:137} INFO - [2023-01-14T20:54:53.426+0000] {dag.py:3423} INFO - Setting next_dagrun for example_weekday_branch_operator to 2023-01-13T00:00:00+00:00, run_after=2023-01-14T00:00:00+00:00
[2023-01-14T20:54:53.498+0000] {processor.py:175} INFO - Processing /media/prempeh/Nouveau nom/MASTER2/DATA ENGINEERING/airflow/py_env/lib/python3.10/site-packages/airflow/example_dags/example_branch_day_of_week_operator.py took 0.420 seconds
[2023-01-14T20:55:54.965+0000] {processor.py:153} INFO - Started process (PID=6788) to work on /media/prempeh/Nouveau nom/MASTER2/DATA ENGINEERING/airflow/py_env/lib/python3.10/site-packages/airflow/example_dags/example_branch_day_of_week_operator.py
[2023-01-14T20:55:54.968+0000] {processor.py:743} INFO - Processing file /media/prempeh/Nouveau nom/MASTER2/DATA ENGINEERING/airflow/py_env/lib/python3.10/site-packages/airflow/example_dags/example_branch_day_of_week_operator.py for tasks to queue
[2023-01-14T20:55:54.972+0000] {logging_mixin.py:137} INFO - [2023-01-14T20:55:54.972+0000] {dagbag.py:538} INFO - Filling up the DagBag from /media/prempeh/Nouveau nom/MASTER2/DATA ENGINEERING/airflow/py_env/lib/python3.10/site-packages/airflow/example_dags/example_branch_day_of_week_operator.py
[2023-01-14T20:55:55.100+0000] {processor.py:753} INFO - DAG(s) dict_keys(['example_weekday_branch_operator']) retrieved from /media/prempeh/Nouveau nom/MASTER2/DATA ENGINEERING/airflow/py_env/lib/python3.10/site-packages/airflow/example_dags/example_branch_day_of_week_operator.py
[2023-01-14T20:55:55.220+0000] {logging_mixin.py:137} INFO - [2023-01-14T20:55:55.220+0000] {dag.py:2676} INFO - Sync 1 DAGs
[2023-01-14T20:55:55.308+0000] {logging_mixin.py:137} INFO - [2023-01-14T20:55:55.308+0000] {dag.py:3423} INFO - Setting next_dagrun for example_weekday_branch_operator to 2023-01-13T00:00:00+00:00, run_after=2023-01-14T00:00:00+00:00
[2023-01-14T20:55:55.379+0000] {processor.py:175} INFO - Processing /media/prempeh/Nouveau nom/MASTER2/DATA ENGINEERING/airflow/py_env/lib/python3.10/site-packages/airflow/example_dags/example_branch_day_of_week_operator.py took 0.422 seconds
[2023-01-14T20:56:54.659+0000] {processor.py:153} INFO - Started process (PID=6990) to work on /media/prempeh/Nouveau nom/MASTER2/DATA ENGINEERING/airflow/py_env/lib/python3.10/site-packages/airflow/example_dags/example_branch_day_of_week_operator.py
[2023-01-14T20:56:54.663+0000] {processor.py:743} INFO - Processing file /media/prempeh/Nouveau nom/MASTER2/DATA ENGINEERING/airflow/py_env/lib/python3.10/site-packages/airflow/example_dags/example_branch_day_of_week_operator.py for tasks to queue
[2023-01-14T20:56:54.675+0000] {logging_mixin.py:137} INFO - [2023-01-14T20:56:54.673+0000] {dagbag.py:538} INFO - Filling up the DagBag from /media/prempeh/Nouveau nom/MASTER2/DATA ENGINEERING/airflow/py_env/lib/python3.10/site-packages/airflow/example_dags/example_branch_day_of_week_operator.py
[2023-01-14T20:56:54.909+0000] {processor.py:753} INFO - DAG(s) dict_keys(['example_weekday_branch_operator']) retrieved from /media/prempeh/Nouveau nom/MASTER2/DATA ENGINEERING/airflow/py_env/lib/python3.10/site-packages/airflow/example_dags/example_branch_day_of_week_operator.py
[2023-01-14T20:56:55.188+0000] {logging_mixin.py:137} INFO - [2023-01-14T20:56:55.187+0000] {dag.py:2676} INFO - Sync 1 DAGs
[2023-01-14T20:56:55.320+0000] {logging_mixin.py:137} INFO - [2023-01-14T20:56:55.319+0000] {dag.py:3423} INFO - Setting next_dagrun for example_weekday_branch_operator to 2023-01-13T00:00:00+00:00, run_after=2023-01-14T00:00:00+00:00
[2023-01-14T20:56:55.444+0000] {processor.py:175} INFO - Processing /media/prempeh/Nouveau nom/MASTER2/DATA ENGINEERING/airflow/py_env/lib/python3.10/site-packages/airflow/example_dags/example_branch_day_of_week_operator.py took 0.798 seconds
[2023-01-14T20:57:57.311+0000] {processor.py:153} INFO - Started process (PID=7106) to work on /media/prempeh/Nouveau nom/MASTER2/DATA ENGINEERING/airflow/py_env/lib/python3.10/site-packages/airflow/example_dags/example_branch_day_of_week_operator.py
[2023-01-14T20:57:57.313+0000] {processor.py:743} INFO - Processing file /media/prempeh/Nouveau nom/MASTER2/DATA ENGINEERING/airflow/py_env/lib/python3.10/site-packages/airflow/example_dags/example_branch_day_of_week_operator.py for tasks to queue
[2023-01-14T20:57:57.318+0000] {logging_mixin.py:137} INFO - [2023-01-14T20:57:57.317+0000] {dagbag.py:538} INFO - Filling up the DagBag from /media/prempeh/Nouveau nom/MASTER2/DATA ENGINEERING/airflow/py_env/lib/python3.10/site-packages/airflow/example_dags/example_branch_day_of_week_operator.py
[2023-01-14T20:57:57.459+0000] {processor.py:753} INFO - DAG(s) dict_keys(['example_weekday_branch_operator']) retrieved from /media/prempeh/Nouveau nom/MASTER2/DATA ENGINEERING/airflow/py_env/lib/python3.10/site-packages/airflow/example_dags/example_branch_day_of_week_operator.py
[2023-01-14T20:57:57.594+0000] {logging_mixin.py:137} INFO - [2023-01-14T20:57:57.594+0000] {dag.py:2676} INFO - Sync 1 DAGs
[2023-01-14T20:57:57.664+0000] {logging_mixin.py:137} INFO - [2023-01-14T20:57:57.663+0000] {dag.py:3423} INFO - Setting next_dagrun for example_weekday_branch_operator to 2023-01-13T00:00:00+00:00, run_after=2023-01-14T00:00:00+00:00
[2023-01-14T20:57:57.734+0000] {processor.py:175} INFO - Processing /media/prempeh/Nouveau nom/MASTER2/DATA ENGINEERING/airflow/py_env/lib/python3.10/site-packages/airflow/example_dags/example_branch_day_of_week_operator.py took 0.432 seconds
[2023-01-14T20:58:52.477+0000] {processor.py:153} INFO - Started process (PID=7147) to work on /media/prempeh/Nouveau nom/MASTER2/DATA ENGINEERING/airflow/py_env/lib/python3.10/site-packages/airflow/example_dags/example_branch_day_of_week_operator.py
[2023-01-14T20:58:52.480+0000] {processor.py:743} INFO - Processing file /media/prempeh/Nouveau nom/MASTER2/DATA ENGINEERING/airflow/py_env/lib/python3.10/site-packages/airflow/example_dags/example_branch_day_of_week_operator.py for tasks to queue
[2023-01-14T20:58:52.485+0000] {logging_mixin.py:137} INFO - [2023-01-14T20:58:52.485+0000] {dagbag.py:538} INFO - Filling up the DagBag from /media/prempeh/Nouveau nom/MASTER2/DATA ENGINEERING/airflow/py_env/lib/python3.10/site-packages/airflow/example_dags/example_branch_day_of_week_operator.py
[2023-01-14T20:58:52.622+0000] {processor.py:753} INFO - DAG(s) dict_keys(['example_weekday_branch_operator']) retrieved from /media/prempeh/Nouveau nom/MASTER2/DATA ENGINEERING/airflow/py_env/lib/python3.10/site-packages/airflow/example_dags/example_branch_day_of_week_operator.py
[2023-01-14T20:58:52.749+0000] {logging_mixin.py:137} INFO - [2023-01-14T20:58:52.748+0000] {dag.py:2676} INFO - Sync 1 DAGs
[2023-01-14T20:58:52.812+0000] {logging_mixin.py:137} INFO - [2023-01-14T20:58:52.812+0000] {dag.py:3423} INFO - Setting next_dagrun for example_weekday_branch_operator to 2023-01-13T00:00:00+00:00, run_after=2023-01-14T00:00:00+00:00
[2023-01-14T20:58:52.881+0000] {processor.py:175} INFO - Processing /media/prempeh/Nouveau nom/MASTER2/DATA ENGINEERING/airflow/py_env/lib/python3.10/site-packages/airflow/example_dags/example_branch_day_of_week_operator.py took 0.413 seconds
[2023-01-14T21:00:05.677+0000] {processor.py:153} INFO - Started process (PID=7247) to work on /media/prempeh/Nouveau nom/MASTER2/DATA ENGINEERING/airflow/py_env/lib/python3.10/site-packages/airflow/example_dags/example_branch_day_of_week_operator.py
[2023-01-14T21:00:05.682+0000] {processor.py:743} INFO - Processing file /media/prempeh/Nouveau nom/MASTER2/DATA ENGINEERING/airflow/py_env/lib/python3.10/site-packages/airflow/example_dags/example_branch_day_of_week_operator.py for tasks to queue
[2023-01-14T21:00:05.690+0000] {logging_mixin.py:137} INFO - [2023-01-14T21:00:05.689+0000] {dagbag.py:538} INFO - Filling up the DagBag from /media/prempeh/Nouveau nom/MASTER2/DATA ENGINEERING/airflow/py_env/lib/python3.10/site-packages/airflow/example_dags/example_branch_day_of_week_operator.py
[2023-01-14T21:00:05.965+0000] {processor.py:753} INFO - DAG(s) dict_keys(['example_weekday_branch_operator']) retrieved from /media/prempeh/Nouveau nom/MASTER2/DATA ENGINEERING/airflow/py_env/lib/python3.10/site-packages/airflow/example_dags/example_branch_day_of_week_operator.py
[2023-01-14T21:00:06.236+0000] {logging_mixin.py:137} INFO - [2023-01-14T21:00:06.235+0000] {dag.py:2676} INFO - Sync 1 DAGs
[2023-01-14T21:00:06.362+0000] {logging_mixin.py:137} INFO - [2023-01-14T21:00:06.362+0000] {dag.py:3423} INFO - Setting next_dagrun for example_weekday_branch_operator to 2023-01-13T00:00:00+00:00, run_after=2023-01-14T00:00:00+00:00
[2023-01-14T21:00:06.454+0000] {processor.py:175} INFO - Processing /media/prempeh/Nouveau nom/MASTER2/DATA ENGINEERING/airflow/py_env/lib/python3.10/site-packages/airflow/example_dags/example_branch_day_of_week_operator.py took 0.794 seconds
[2023-01-14T21:01:00.758+0000] {processor.py:153} INFO - Started process (PID=7284) to work on /media/prempeh/Nouveau nom/MASTER2/DATA ENGINEERING/airflow/py_env/lib/python3.10/site-packages/airflow/example_dags/example_branch_day_of_week_operator.py
[2023-01-14T21:01:00.762+0000] {processor.py:743} INFO - Processing file /media/prempeh/Nouveau nom/MASTER2/DATA ENGINEERING/airflow/py_env/lib/python3.10/site-packages/airflow/example_dags/example_branch_day_of_week_operator.py for tasks to queue
[2023-01-14T21:01:00.769+0000] {logging_mixin.py:137} INFO - [2023-01-14T21:01:00.768+0000] {dagbag.py:538} INFO - Filling up the DagBag from /media/prempeh/Nouveau nom/MASTER2/DATA ENGINEERING/airflow/py_env/lib/python3.10/site-packages/airflow/example_dags/example_branch_day_of_week_operator.py
[2023-01-14T21:01:00.959+0000] {processor.py:753} INFO - DAG(s) dict_keys(['example_weekday_branch_operator']) retrieved from /media/prempeh/Nouveau nom/MASTER2/DATA ENGINEERING/airflow/py_env/lib/python3.10/site-packages/airflow/example_dags/example_branch_day_of_week_operator.py
[2023-01-14T21:01:01.132+0000] {logging_mixin.py:137} INFO - [2023-01-14T21:01:01.132+0000] {dag.py:2676} INFO - Sync 1 DAGs
[2023-01-14T21:01:01.238+0000] {logging_mixin.py:137} INFO - [2023-01-14T21:01:01.238+0000] {dag.py:3423} INFO - Setting next_dagrun for example_weekday_branch_operator to 2023-01-13T00:00:00+00:00, run_after=2023-01-14T00:00:00+00:00
[2023-01-14T21:01:01.319+0000] {processor.py:175} INFO - Processing /media/prempeh/Nouveau nom/MASTER2/DATA ENGINEERING/airflow/py_env/lib/python3.10/site-packages/airflow/example_dags/example_branch_day_of_week_operator.py took 0.575 seconds
[2023-01-14T21:01:59.526+0000] {processor.py:153} INFO - Started process (PID=7332) to work on /media/prempeh/Nouveau nom/MASTER2/DATA ENGINEERING/airflow/py_env/lib/python3.10/site-packages/airflow/example_dags/example_branch_day_of_week_operator.py
[2023-01-14T21:01:59.529+0000] {processor.py:743} INFO - Processing file /media/prempeh/Nouveau nom/MASTER2/DATA ENGINEERING/airflow/py_env/lib/python3.10/site-packages/airflow/example_dags/example_branch_day_of_week_operator.py for tasks to queue
[2023-01-14T21:01:59.536+0000] {logging_mixin.py:137} INFO - [2023-01-14T21:01:59.535+0000] {dagbag.py:538} INFO - Filling up the DagBag from /media/prempeh/Nouveau nom/MASTER2/DATA ENGINEERING/airflow/py_env/lib/python3.10/site-packages/airflow/example_dags/example_branch_day_of_week_operator.py
[2023-01-14T21:01:59.661+0000] {processor.py:753} INFO - DAG(s) dict_keys(['example_weekday_branch_operator']) retrieved from /media/prempeh/Nouveau nom/MASTER2/DATA ENGINEERING/airflow/py_env/lib/python3.10/site-packages/airflow/example_dags/example_branch_day_of_week_operator.py
[2023-01-14T21:01:59.805+0000] {logging_mixin.py:137} INFO - [2023-01-14T21:01:59.804+0000] {dag.py:2676} INFO - Sync 1 DAGs
[2023-01-14T21:01:59.935+0000] {logging_mixin.py:137} INFO - [2023-01-14T21:01:59.934+0000] {dag.py:3423} INFO - Setting next_dagrun for example_weekday_branch_operator to 2023-01-13T00:00:00+00:00, run_after=2023-01-14T00:00:00+00:00
[2023-01-14T21:02:00.008+0000] {processor.py:175} INFO - Processing /media/prempeh/Nouveau nom/MASTER2/DATA ENGINEERING/airflow/py_env/lib/python3.10/site-packages/airflow/example_dags/example_branch_day_of_week_operator.py took 0.491 seconds
[2023-01-14T21:03:14.202+0000] {processor.py:153} INFO - Started process (PID=7421) to work on /media/prempeh/Nouveau nom/MASTER2/DATA ENGINEERING/airflow/py_env/lib/python3.10/site-packages/airflow/example_dags/example_branch_day_of_week_operator.py
[2023-01-14T21:03:14.205+0000] {processor.py:743} INFO - Processing file /media/prempeh/Nouveau nom/MASTER2/DATA ENGINEERING/airflow/py_env/lib/python3.10/site-packages/airflow/example_dags/example_branch_day_of_week_operator.py for tasks to queue
[2023-01-14T21:03:14.215+0000] {logging_mixin.py:137} INFO - [2023-01-14T21:03:14.213+0000] {dagbag.py:538} INFO - Filling up the DagBag from /media/prempeh/Nouveau nom/MASTER2/DATA ENGINEERING/airflow/py_env/lib/python3.10/site-packages/airflow/example_dags/example_branch_day_of_week_operator.py
[2023-01-14T21:03:14.368+0000] {processor.py:753} INFO - DAG(s) dict_keys(['example_weekday_branch_operator']) retrieved from /media/prempeh/Nouveau nom/MASTER2/DATA ENGINEERING/airflow/py_env/lib/python3.10/site-packages/airflow/example_dags/example_branch_day_of_week_operator.py
[2023-01-14T21:03:14.525+0000] {logging_mixin.py:137} INFO - [2023-01-14T21:03:14.525+0000] {dag.py:2676} INFO - Sync 1 DAGs
[2023-01-14T21:03:14.598+0000] {logging_mixin.py:137} INFO - [2023-01-14T21:03:14.597+0000] {dag.py:3423} INFO - Setting next_dagrun for example_weekday_branch_operator to 2023-01-13T00:00:00+00:00, run_after=2023-01-14T00:00:00+00:00
[2023-01-14T21:03:14.676+0000] {processor.py:175} INFO - Processing /media/prempeh/Nouveau nom/MASTER2/DATA ENGINEERING/airflow/py_env/lib/python3.10/site-packages/airflow/example_dags/example_branch_day_of_week_operator.py took 0.492 seconds
[2023-01-14T21:04:45.671+0000] {processor.py:153} INFO - Started process (PID=7514) to work on /media/prempeh/Nouveau nom/MASTER2/DATA ENGINEERING/airflow/py_env/lib/python3.10/site-packages/airflow/example_dags/example_branch_day_of_week_operator.py
[2023-01-14T21:04:45.678+0000] {processor.py:743} INFO - Processing file /media/prempeh/Nouveau nom/MASTER2/DATA ENGINEERING/airflow/py_env/lib/python3.10/site-packages/airflow/example_dags/example_branch_day_of_week_operator.py for tasks to queue
[2023-01-14T21:04:45.690+0000] {logging_mixin.py:137} INFO - [2023-01-14T21:04:45.689+0000] {dagbag.py:538} INFO - Filling up the DagBag from /media/prempeh/Nouveau nom/MASTER2/DATA ENGINEERING/airflow/py_env/lib/python3.10/site-packages/airflow/example_dags/example_branch_day_of_week_operator.py
[2023-01-14T21:04:45.989+0000] {processor.py:753} INFO - DAG(s) dict_keys(['example_weekday_branch_operator']) retrieved from /media/prempeh/Nouveau nom/MASTER2/DATA ENGINEERING/airflow/py_env/lib/python3.10/site-packages/airflow/example_dags/example_branch_day_of_week_operator.py
[2023-01-14T21:04:46.270+0000] {logging_mixin.py:137} INFO - [2023-01-14T21:04:46.266+0000] {dag.py:2676} INFO - Sync 1 DAGs
[2023-01-14T21:04:46.460+0000] {logging_mixin.py:137} INFO - [2023-01-14T21:04:46.459+0000] {dag.py:3423} INFO - Setting next_dagrun for example_weekday_branch_operator to 2023-01-13T00:00:00+00:00, run_after=2023-01-14T00:00:00+00:00
[2023-01-14T21:04:46.624+0000] {processor.py:175} INFO - Processing /media/prempeh/Nouveau nom/MASTER2/DATA ENGINEERING/airflow/py_env/lib/python3.10/site-packages/airflow/example_dags/example_branch_day_of_week_operator.py took 0.972 seconds
[2023-01-14T21:05:44.270+0000] {processor.py:153} INFO - Started process (PID=7565) to work on /media/prempeh/Nouveau nom/MASTER2/DATA ENGINEERING/airflow/py_env/lib/python3.10/site-packages/airflow/example_dags/example_branch_day_of_week_operator.py
[2023-01-14T21:05:44.273+0000] {processor.py:743} INFO - Processing file /media/prempeh/Nouveau nom/MASTER2/DATA ENGINEERING/airflow/py_env/lib/python3.10/site-packages/airflow/example_dags/example_branch_day_of_week_operator.py for tasks to queue
[2023-01-14T21:05:44.277+0000] {logging_mixin.py:137} INFO - [2023-01-14T21:05:44.276+0000] {dagbag.py:538} INFO - Filling up the DagBag from /media/prempeh/Nouveau nom/MASTER2/DATA ENGINEERING/airflow/py_env/lib/python3.10/site-packages/airflow/example_dags/example_branch_day_of_week_operator.py
[2023-01-14T21:05:44.470+0000] {processor.py:753} INFO - DAG(s) dict_keys(['example_weekday_branch_operator']) retrieved from /media/prempeh/Nouveau nom/MASTER2/DATA ENGINEERING/airflow/py_env/lib/python3.10/site-packages/airflow/example_dags/example_branch_day_of_week_operator.py
[2023-01-14T21:05:44.623+0000] {logging_mixin.py:137} INFO - [2023-01-14T21:05:44.622+0000] {dag.py:2676} INFO - Sync 1 DAGs
[2023-01-14T21:05:44.694+0000] {logging_mixin.py:137} INFO - [2023-01-14T21:05:44.694+0000] {dag.py:3423} INFO - Setting next_dagrun for example_weekday_branch_operator to 2023-01-13T00:00:00+00:00, run_after=2023-01-14T00:00:00+00:00
[2023-01-14T21:05:44.782+0000] {processor.py:175} INFO - Processing /media/prempeh/Nouveau nom/MASTER2/DATA ENGINEERING/airflow/py_env/lib/python3.10/site-packages/airflow/example_dags/example_branch_day_of_week_operator.py took 0.523 seconds
[2023-01-14T21:06:50.653+0000] {processor.py:153} INFO - Started process (PID=7801) to work on /media/prempeh/Nouveau nom/MASTER2/DATA ENGINEERING/airflow/py_env/lib/python3.10/site-packages/airflow/example_dags/example_branch_day_of_week_operator.py
[2023-01-14T21:06:50.655+0000] {processor.py:743} INFO - Processing file /media/prempeh/Nouveau nom/MASTER2/DATA ENGINEERING/airflow/py_env/lib/python3.10/site-packages/airflow/example_dags/example_branch_day_of_week_operator.py for tasks to queue
[2023-01-14T21:06:50.659+0000] {logging_mixin.py:137} INFO - [2023-01-14T21:06:50.659+0000] {dagbag.py:538} INFO - Filling up the DagBag from /media/prempeh/Nouveau nom/MASTER2/DATA ENGINEERING/airflow/py_env/lib/python3.10/site-packages/airflow/example_dags/example_branch_day_of_week_operator.py
[2023-01-14T21:06:50.775+0000] {processor.py:753} INFO - DAG(s) dict_keys(['example_weekday_branch_operator']) retrieved from /media/prempeh/Nouveau nom/MASTER2/DATA ENGINEERING/airflow/py_env/lib/python3.10/site-packages/airflow/example_dags/example_branch_day_of_week_operator.py
[2023-01-14T21:06:50.895+0000] {logging_mixin.py:137} INFO - [2023-01-14T21:06:50.894+0000] {dag.py:2676} INFO - Sync 1 DAGs
[2023-01-14T21:06:50.957+0000] {logging_mixin.py:137} INFO - [2023-01-14T21:06:50.957+0000] {dag.py:3423} INFO - Setting next_dagrun for example_weekday_branch_operator to 2023-01-13T00:00:00+00:00, run_after=2023-01-14T00:00:00+00:00
[2023-01-14T21:06:51.030+0000] {processor.py:175} INFO - Processing /media/prempeh/Nouveau nom/MASTER2/DATA ENGINEERING/airflow/py_env/lib/python3.10/site-packages/airflow/example_dags/example_branch_day_of_week_operator.py took 0.384 seconds
[2023-01-14T21:08:31.290+0000] {processor.py:153} INFO - Started process (PID=8070) to work on /media/prempeh/Nouveau nom/MASTER2/DATA ENGINEERING/airflow/py_env/lib/python3.10/site-packages/airflow/example_dags/example_branch_day_of_week_operator.py
[2023-01-14T21:08:31.293+0000] {processor.py:743} INFO - Processing file /media/prempeh/Nouveau nom/MASTER2/DATA ENGINEERING/airflow/py_env/lib/python3.10/site-packages/airflow/example_dags/example_branch_day_of_week_operator.py for tasks to queue
[2023-01-14T21:08:31.297+0000] {logging_mixin.py:137} INFO - [2023-01-14T21:08:31.297+0000] {dagbag.py:538} INFO - Filling up the DagBag from /media/prempeh/Nouveau nom/MASTER2/DATA ENGINEERING/airflow/py_env/lib/python3.10/site-packages/airflow/example_dags/example_branch_day_of_week_operator.py
[2023-01-14T21:08:31.429+0000] {processor.py:753} INFO - DAG(s) dict_keys(['example_weekday_branch_operator']) retrieved from /media/prempeh/Nouveau nom/MASTER2/DATA ENGINEERING/airflow/py_env/lib/python3.10/site-packages/airflow/example_dags/example_branch_day_of_week_operator.py
[2023-01-14T21:08:31.557+0000] {logging_mixin.py:137} INFO - [2023-01-14T21:08:31.557+0000] {dag.py:2676} INFO - Sync 1 DAGs
[2023-01-14T21:08:31.623+0000] {logging_mixin.py:137} INFO - [2023-01-14T21:08:31.623+0000] {dag.py:3423} INFO - Setting next_dagrun for example_weekday_branch_operator to 2023-01-13T00:00:00+00:00, run_after=2023-01-14T00:00:00+00:00
[2023-01-14T21:08:31.694+0000] {processor.py:175} INFO - Processing /media/prempeh/Nouveau nom/MASTER2/DATA ENGINEERING/airflow/py_env/lib/python3.10/site-packages/airflow/example_dags/example_branch_day_of_week_operator.py took 0.415 seconds
[2023-01-14T21:09:32.330+0000] {processor.py:153} INFO - Started process (PID=8116) to work on /media/prempeh/Nouveau nom/MASTER2/DATA ENGINEERING/airflow/py_env/lib/python3.10/site-packages/airflow/example_dags/example_branch_day_of_week_operator.py
[2023-01-14T21:09:32.333+0000] {processor.py:743} INFO - Processing file /media/prempeh/Nouveau nom/MASTER2/DATA ENGINEERING/airflow/py_env/lib/python3.10/site-packages/airflow/example_dags/example_branch_day_of_week_operator.py for tasks to queue
[2023-01-14T21:09:32.338+0000] {logging_mixin.py:137} INFO - [2023-01-14T21:09:32.338+0000] {dagbag.py:538} INFO - Filling up the DagBag from /media/prempeh/Nouveau nom/MASTER2/DATA ENGINEERING/airflow/py_env/lib/python3.10/site-packages/airflow/example_dags/example_branch_day_of_week_operator.py
[2023-01-14T21:09:32.461+0000] {processor.py:753} INFO - DAG(s) dict_keys(['example_weekday_branch_operator']) retrieved from /media/prempeh/Nouveau nom/MASTER2/DATA ENGINEERING/airflow/py_env/lib/python3.10/site-packages/airflow/example_dags/example_branch_day_of_week_operator.py
[2023-01-14T21:09:32.580+0000] {logging_mixin.py:137} INFO - [2023-01-14T21:09:32.580+0000] {dag.py:2676} INFO - Sync 1 DAGs
[2023-01-14T21:09:32.644+0000] {logging_mixin.py:137} INFO - [2023-01-14T21:09:32.643+0000] {dag.py:3423} INFO - Setting next_dagrun for example_weekday_branch_operator to 2023-01-13T00:00:00+00:00, run_after=2023-01-14T00:00:00+00:00
[2023-01-14T21:09:32.716+0000] {processor.py:175} INFO - Processing /media/prempeh/Nouveau nom/MASTER2/DATA ENGINEERING/airflow/py_env/lib/python3.10/site-packages/airflow/example_dags/example_branch_day_of_week_operator.py took 0.396 seconds
[2023-01-14T21:10:33.954+0000] {processor.py:153} INFO - Started process (PID=8164) to work on /media/prempeh/Nouveau nom/MASTER2/DATA ENGINEERING/airflow/py_env/lib/python3.10/site-packages/airflow/example_dags/example_branch_day_of_week_operator.py
[2023-01-14T21:10:33.957+0000] {processor.py:743} INFO - Processing file /media/prempeh/Nouveau nom/MASTER2/DATA ENGINEERING/airflow/py_env/lib/python3.10/site-packages/airflow/example_dags/example_branch_day_of_week_operator.py for tasks to queue
[2023-01-14T21:10:33.964+0000] {logging_mixin.py:137} INFO - [2023-01-14T21:10:33.964+0000] {dagbag.py:538} INFO - Filling up the DagBag from /media/prempeh/Nouveau nom/MASTER2/DATA ENGINEERING/airflow/py_env/lib/python3.10/site-packages/airflow/example_dags/example_branch_day_of_week_operator.py
[2023-01-14T21:10:34.090+0000] {processor.py:753} INFO - DAG(s) dict_keys(['example_weekday_branch_operator']) retrieved from /media/prempeh/Nouveau nom/MASTER2/DATA ENGINEERING/airflow/py_env/lib/python3.10/site-packages/airflow/example_dags/example_branch_day_of_week_operator.py
[2023-01-14T21:10:34.203+0000] {logging_mixin.py:137} INFO - [2023-01-14T21:10:34.203+0000] {dag.py:2676} INFO - Sync 1 DAGs
[2023-01-14T21:10:34.273+0000] {logging_mixin.py:137} INFO - [2023-01-14T21:10:34.273+0000] {dag.py:3423} INFO - Setting next_dagrun for example_weekday_branch_operator to 2023-01-13T00:00:00+00:00, run_after=2023-01-14T00:00:00+00:00
[2023-01-14T21:10:34.347+0000] {processor.py:175} INFO - Processing /media/prempeh/Nouveau nom/MASTER2/DATA ENGINEERING/airflow/py_env/lib/python3.10/site-packages/airflow/example_dags/example_branch_day_of_week_operator.py took 0.403 seconds
[2023-01-14T21:11:36.978+0000] {processor.py:153} INFO - Started process (PID=8212) to work on /media/prempeh/Nouveau nom/MASTER2/DATA ENGINEERING/airflow/py_env/lib/python3.10/site-packages/airflow/example_dags/example_branch_day_of_week_operator.py
[2023-01-14T21:11:36.981+0000] {processor.py:743} INFO - Processing file /media/prempeh/Nouveau nom/MASTER2/DATA ENGINEERING/airflow/py_env/lib/python3.10/site-packages/airflow/example_dags/example_branch_day_of_week_operator.py for tasks to queue
[2023-01-14T21:11:36.986+0000] {logging_mixin.py:137} INFO - [2023-01-14T21:11:36.985+0000] {dagbag.py:538} INFO - Filling up the DagBag from /media/prempeh/Nouveau nom/MASTER2/DATA ENGINEERING/airflow/py_env/lib/python3.10/site-packages/airflow/example_dags/example_branch_day_of_week_operator.py
[2023-01-14T21:11:37.107+0000] {processor.py:753} INFO - DAG(s) dict_keys(['example_weekday_branch_operator']) retrieved from /media/prempeh/Nouveau nom/MASTER2/DATA ENGINEERING/airflow/py_env/lib/python3.10/site-packages/airflow/example_dags/example_branch_day_of_week_operator.py
[2023-01-14T21:11:37.235+0000] {logging_mixin.py:137} INFO - [2023-01-14T21:11:37.234+0000] {dag.py:2676} INFO - Sync 1 DAGs
[2023-01-14T21:11:37.303+0000] {logging_mixin.py:137} INFO - [2023-01-14T21:11:37.302+0000] {dag.py:3423} INFO - Setting next_dagrun for example_weekday_branch_operator to 2023-01-13T00:00:00+00:00, run_after=2023-01-14T00:00:00+00:00
[2023-01-14T21:11:37.374+0000] {processor.py:175} INFO - Processing /media/prempeh/Nouveau nom/MASTER2/DATA ENGINEERING/airflow/py_env/lib/python3.10/site-packages/airflow/example_dags/example_branch_day_of_week_operator.py took 0.404 seconds
[2023-01-14T21:12:46.666+0000] {processor.py:153} INFO - Started process (PID=8256) to work on /media/prempeh/Nouveau nom/MASTER2/DATA ENGINEERING/airflow/py_env/lib/python3.10/site-packages/airflow/example_dags/example_branch_day_of_week_operator.py
[2023-01-14T21:12:46.669+0000] {processor.py:743} INFO - Processing file /media/prempeh/Nouveau nom/MASTER2/DATA ENGINEERING/airflow/py_env/lib/python3.10/site-packages/airflow/example_dags/example_branch_day_of_week_operator.py for tasks to queue
[2023-01-14T21:12:46.673+0000] {logging_mixin.py:137} INFO - [2023-01-14T21:12:46.673+0000] {dagbag.py:538} INFO - Filling up the DagBag from /media/prempeh/Nouveau nom/MASTER2/DATA ENGINEERING/airflow/py_env/lib/python3.10/site-packages/airflow/example_dags/example_branch_day_of_week_operator.py
[2023-01-14T21:12:46.805+0000] {processor.py:753} INFO - DAG(s) dict_keys(['example_weekday_branch_operator']) retrieved from /media/prempeh/Nouveau nom/MASTER2/DATA ENGINEERING/airflow/py_env/lib/python3.10/site-packages/airflow/example_dags/example_branch_day_of_week_operator.py
[2023-01-14T21:12:46.925+0000] {logging_mixin.py:137} INFO - [2023-01-14T21:12:46.924+0000] {dag.py:2676} INFO - Sync 1 DAGs
[2023-01-14T21:12:46.990+0000] {logging_mixin.py:137} INFO - [2023-01-14T21:12:46.989+0000] {dag.py:3423} INFO - Setting next_dagrun for example_weekday_branch_operator to 2023-01-13T00:00:00+00:00, run_after=2023-01-14T00:00:00+00:00
[2023-01-14T21:12:47.065+0000] {processor.py:175} INFO - Processing /media/prempeh/Nouveau nom/MASTER2/DATA ENGINEERING/airflow/py_env/lib/python3.10/site-packages/airflow/example_dags/example_branch_day_of_week_operator.py took 0.409 seconds
[2023-01-14T21:14:01.400+0000] {processor.py:153} INFO - Started process (PID=8311) to work on /media/prempeh/Nouveau nom/MASTER2/DATA ENGINEERING/airflow/py_env/lib/python3.10/site-packages/airflow/example_dags/example_branch_day_of_week_operator.py
[2023-01-14T21:14:01.402+0000] {processor.py:743} INFO - Processing file /media/prempeh/Nouveau nom/MASTER2/DATA ENGINEERING/airflow/py_env/lib/python3.10/site-packages/airflow/example_dags/example_branch_day_of_week_operator.py for tasks to queue
[2023-01-14T21:14:01.407+0000] {logging_mixin.py:137} INFO - [2023-01-14T21:14:01.406+0000] {dagbag.py:538} INFO - Filling up the DagBag from /media/prempeh/Nouveau nom/MASTER2/DATA ENGINEERING/airflow/py_env/lib/python3.10/site-packages/airflow/example_dags/example_branch_day_of_week_operator.py
[2023-01-14T21:14:01.567+0000] {processor.py:753} INFO - DAG(s) dict_keys(['example_weekday_branch_operator']) retrieved from /media/prempeh/Nouveau nom/MASTER2/DATA ENGINEERING/airflow/py_env/lib/python3.10/site-packages/airflow/example_dags/example_branch_day_of_week_operator.py
[2023-01-14T21:14:01.727+0000] {logging_mixin.py:137} INFO - [2023-01-14T21:14:01.727+0000] {dag.py:2676} INFO - Sync 1 DAGs
[2023-01-14T21:14:01.822+0000] {logging_mixin.py:137} INFO - [2023-01-14T21:14:01.821+0000] {dag.py:3423} INFO - Setting next_dagrun for example_weekday_branch_operator to 2023-01-13T00:00:00+00:00, run_after=2023-01-14T00:00:00+00:00
[2023-01-14T21:14:01.913+0000] {processor.py:175} INFO - Processing /media/prempeh/Nouveau nom/MASTER2/DATA ENGINEERING/airflow/py_env/lib/python3.10/site-packages/airflow/example_dags/example_branch_day_of_week_operator.py took 0.522 seconds
[2023-01-14T21:15:08.287+0000] {processor.py:153} INFO - Started process (PID=8474) to work on /media/prempeh/Nouveau nom/MASTER2/DATA ENGINEERING/airflow/py_env/lib/python3.10/site-packages/airflow/example_dags/example_branch_day_of_week_operator.py
[2023-01-14T21:15:08.291+0000] {processor.py:743} INFO - Processing file /media/prempeh/Nouveau nom/MASTER2/DATA ENGINEERING/airflow/py_env/lib/python3.10/site-packages/airflow/example_dags/example_branch_day_of_week_operator.py for tasks to queue
[2023-01-14T21:15:08.297+0000] {logging_mixin.py:137} INFO - [2023-01-14T21:15:08.296+0000] {dagbag.py:538} INFO - Filling up the DagBag from /media/prempeh/Nouveau nom/MASTER2/DATA ENGINEERING/airflow/py_env/lib/python3.10/site-packages/airflow/example_dags/example_branch_day_of_week_operator.py
[2023-01-14T21:15:08.509+0000] {processor.py:753} INFO - DAG(s) dict_keys(['example_weekday_branch_operator']) retrieved from /media/prempeh/Nouveau nom/MASTER2/DATA ENGINEERING/airflow/py_env/lib/python3.10/site-packages/airflow/example_dags/example_branch_day_of_week_operator.py
[2023-01-14T21:15:08.719+0000] {logging_mixin.py:137} INFO - [2023-01-14T21:15:08.718+0000] {dag.py:2676} INFO - Sync 1 DAGs
[2023-01-14T21:15:08.838+0000] {logging_mixin.py:137} INFO - [2023-01-14T21:15:08.837+0000] {dag.py:3423} INFO - Setting next_dagrun for example_weekday_branch_operator to 2023-01-13T00:00:00+00:00, run_after=2023-01-14T00:00:00+00:00
[2023-01-14T21:15:08.935+0000] {processor.py:175} INFO - Processing /media/prempeh/Nouveau nom/MASTER2/DATA ENGINEERING/airflow/py_env/lib/python3.10/site-packages/airflow/example_dags/example_branch_day_of_week_operator.py took 0.664 seconds
[2023-01-14T21:16:21.622+0000] {processor.py:153} INFO - Started process (PID=9038) to work on /media/prempeh/Nouveau nom/MASTER2/DATA ENGINEERING/airflow/py_env/lib/python3.10/site-packages/airflow/example_dags/example_branch_day_of_week_operator.py
[2023-01-14T21:16:21.625+0000] {processor.py:743} INFO - Processing file /media/prempeh/Nouveau nom/MASTER2/DATA ENGINEERING/airflow/py_env/lib/python3.10/site-packages/airflow/example_dags/example_branch_day_of_week_operator.py for tasks to queue
[2023-01-14T21:16:21.631+0000] {logging_mixin.py:137} INFO - [2023-01-14T21:16:21.631+0000] {dagbag.py:538} INFO - Filling up the DagBag from /media/prempeh/Nouveau nom/MASTER2/DATA ENGINEERING/airflow/py_env/lib/python3.10/site-packages/airflow/example_dags/example_branch_day_of_week_operator.py
[2023-01-14T21:16:21.754+0000] {processor.py:753} INFO - DAG(s) dict_keys(['example_weekday_branch_operator']) retrieved from /media/prempeh/Nouveau nom/MASTER2/DATA ENGINEERING/airflow/py_env/lib/python3.10/site-packages/airflow/example_dags/example_branch_day_of_week_operator.py
[2023-01-14T21:16:21.882+0000] {logging_mixin.py:137} INFO - [2023-01-14T21:16:21.882+0000] {dag.py:2676} INFO - Sync 1 DAGs
[2023-01-14T21:16:21.966+0000] {logging_mixin.py:137} INFO - [2023-01-14T21:16:21.965+0000] {dag.py:3423} INFO - Setting next_dagrun for example_weekday_branch_operator to 2023-01-13T00:00:00+00:00, run_after=2023-01-14T00:00:00+00:00
[2023-01-14T21:16:22.044+0000] {processor.py:175} INFO - Processing /media/prempeh/Nouveau nom/MASTER2/DATA ENGINEERING/airflow/py_env/lib/python3.10/site-packages/airflow/example_dags/example_branch_day_of_week_operator.py took 0.431 seconds
[2023-01-14T21:17:34.438+0000] {processor.py:153} INFO - Started process (PID=9161) to work on /media/prempeh/Nouveau nom/MASTER2/DATA ENGINEERING/airflow/py_env/lib/python3.10/site-packages/airflow/example_dags/example_branch_day_of_week_operator.py
[2023-01-14T21:17:34.442+0000] {processor.py:743} INFO - Processing file /media/prempeh/Nouveau nom/MASTER2/DATA ENGINEERING/airflow/py_env/lib/python3.10/site-packages/airflow/example_dags/example_branch_day_of_week_operator.py for tasks to queue
[2023-01-14T21:17:34.446+0000] {logging_mixin.py:137} INFO - [2023-01-14T21:17:34.446+0000] {dagbag.py:538} INFO - Filling up the DagBag from /media/prempeh/Nouveau nom/MASTER2/DATA ENGINEERING/airflow/py_env/lib/python3.10/site-packages/airflow/example_dags/example_branch_day_of_week_operator.py
[2023-01-14T21:17:34.607+0000] {processor.py:753} INFO - DAG(s) dict_keys(['example_weekday_branch_operator']) retrieved from /media/prempeh/Nouveau nom/MASTER2/DATA ENGINEERING/airflow/py_env/lib/python3.10/site-packages/airflow/example_dags/example_branch_day_of_week_operator.py
[2023-01-14T21:17:34.733+0000] {logging_mixin.py:137} INFO - [2023-01-14T21:17:34.733+0000] {dag.py:2676} INFO - Sync 1 DAGs
[2023-01-14T21:17:34.812+0000] {logging_mixin.py:137} INFO - [2023-01-14T21:17:34.812+0000] {dag.py:3423} INFO - Setting next_dagrun for example_weekday_branch_operator to 2023-01-13T00:00:00+00:00, run_after=2023-01-14T00:00:00+00:00
[2023-01-14T21:17:34.885+0000] {processor.py:175} INFO - Processing /media/prempeh/Nouveau nom/MASTER2/DATA ENGINEERING/airflow/py_env/lib/python3.10/site-packages/airflow/example_dags/example_branch_day_of_week_operator.py took 0.455 seconds
[2023-01-14T21:18:45.517+0000] {processor.py:153} INFO - Started process (PID=9414) to work on /media/prempeh/Nouveau nom/MASTER2/DATA ENGINEERING/airflow/py_env/lib/python3.10/site-packages/airflow/example_dags/example_branch_day_of_week_operator.py
[2023-01-14T21:18:45.520+0000] {processor.py:743} INFO - Processing file /media/prempeh/Nouveau nom/MASTER2/DATA ENGINEERING/airflow/py_env/lib/python3.10/site-packages/airflow/example_dags/example_branch_day_of_week_operator.py for tasks to queue
[2023-01-14T21:18:45.524+0000] {logging_mixin.py:137} INFO - [2023-01-14T21:18:45.524+0000] {dagbag.py:538} INFO - Filling up the DagBag from /media/prempeh/Nouveau nom/MASTER2/DATA ENGINEERING/airflow/py_env/lib/python3.10/site-packages/airflow/example_dags/example_branch_day_of_week_operator.py
[2023-01-14T21:18:45.662+0000] {processor.py:753} INFO - DAG(s) dict_keys(['example_weekday_branch_operator']) retrieved from /media/prempeh/Nouveau nom/MASTER2/DATA ENGINEERING/airflow/py_env/lib/python3.10/site-packages/airflow/example_dags/example_branch_day_of_week_operator.py
[2023-01-14T21:18:45.812+0000] {logging_mixin.py:137} INFO - [2023-01-14T21:18:45.811+0000] {dag.py:2676} INFO - Sync 1 DAGs
[2023-01-14T21:18:45.925+0000] {logging_mixin.py:137} INFO - [2023-01-14T21:18:45.925+0000] {dag.py:3423} INFO - Setting next_dagrun for example_weekday_branch_operator to 2023-01-13T00:00:00+00:00, run_after=2023-01-14T00:00:00+00:00
[2023-01-14T21:18:45.995+0000] {processor.py:175} INFO - Processing /media/prempeh/Nouveau nom/MASTER2/DATA ENGINEERING/airflow/py_env/lib/python3.10/site-packages/airflow/example_dags/example_branch_day_of_week_operator.py took 0.485 seconds
[2023-01-14T21:20:00.538+0000] {processor.py:153} INFO - Started process (PID=9709) to work on /media/prempeh/Nouveau nom/MASTER2/DATA ENGINEERING/airflow/py_env/lib/python3.10/site-packages/airflow/example_dags/example_branch_day_of_week_operator.py
[2023-01-14T21:20:00.541+0000] {processor.py:743} INFO - Processing file /media/prempeh/Nouveau nom/MASTER2/DATA ENGINEERING/airflow/py_env/lib/python3.10/site-packages/airflow/example_dags/example_branch_day_of_week_operator.py for tasks to queue
[2023-01-14T21:20:00.545+0000] {logging_mixin.py:137} INFO - [2023-01-14T21:20:00.545+0000] {dagbag.py:538} INFO - Filling up the DagBag from /media/prempeh/Nouveau nom/MASTER2/DATA ENGINEERING/airflow/py_env/lib/python3.10/site-packages/airflow/example_dags/example_branch_day_of_week_operator.py
[2023-01-14T21:20:00.717+0000] {processor.py:753} INFO - DAG(s) dict_keys(['example_weekday_branch_operator']) retrieved from /media/prempeh/Nouveau nom/MASTER2/DATA ENGINEERING/airflow/py_env/lib/python3.10/site-packages/airflow/example_dags/example_branch_day_of_week_operator.py
[2023-01-14T21:20:00.855+0000] {logging_mixin.py:137} INFO - [2023-01-14T21:20:00.854+0000] {dag.py:2676} INFO - Sync 1 DAGs
[2023-01-14T21:20:00.931+0000] {logging_mixin.py:137} INFO - [2023-01-14T21:20:00.930+0000] {dag.py:3423} INFO - Setting next_dagrun for example_weekday_branch_operator to 2023-01-13T00:00:00+00:00, run_after=2023-01-14T00:00:00+00:00
[2023-01-14T21:20:01.005+0000] {processor.py:175} INFO - Processing /media/prempeh/Nouveau nom/MASTER2/DATA ENGINEERING/airflow/py_env/lib/python3.10/site-packages/airflow/example_dags/example_branch_day_of_week_operator.py took 0.476 seconds
[2023-01-14T21:21:09.010+0000] {processor.py:153} INFO - Started process (PID=9819) to work on /media/prempeh/Nouveau nom/MASTER2/DATA ENGINEERING/airflow/py_env/lib/python3.10/site-packages/airflow/example_dags/example_branch_day_of_week_operator.py
[2023-01-14T21:21:09.013+0000] {processor.py:743} INFO - Processing file /media/prempeh/Nouveau nom/MASTER2/DATA ENGINEERING/airflow/py_env/lib/python3.10/site-packages/airflow/example_dags/example_branch_day_of_week_operator.py for tasks to queue
[2023-01-14T21:21:09.017+0000] {logging_mixin.py:137} INFO - [2023-01-14T21:21:09.017+0000] {dagbag.py:538} INFO - Filling up the DagBag from /media/prempeh/Nouveau nom/MASTER2/DATA ENGINEERING/airflow/py_env/lib/python3.10/site-packages/airflow/example_dags/example_branch_day_of_week_operator.py
[2023-01-14T21:21:09.166+0000] {processor.py:753} INFO - DAG(s) dict_keys(['example_weekday_branch_operator']) retrieved from /media/prempeh/Nouveau nom/MASTER2/DATA ENGINEERING/airflow/py_env/lib/python3.10/site-packages/airflow/example_dags/example_branch_day_of_week_operator.py
[2023-01-14T21:21:09.306+0000] {logging_mixin.py:137} INFO - [2023-01-14T21:21:09.306+0000] {dag.py:2676} INFO - Sync 1 DAGs
[2023-01-14T21:21:09.379+0000] {logging_mixin.py:137} INFO - [2023-01-14T21:21:09.379+0000] {dag.py:3423} INFO - Setting next_dagrun for example_weekday_branch_operator to 2023-01-13T00:00:00+00:00, run_after=2023-01-14T00:00:00+00:00
[2023-01-14T21:21:09.455+0000] {processor.py:175} INFO - Processing /media/prempeh/Nouveau nom/MASTER2/DATA ENGINEERING/airflow/py_env/lib/python3.10/site-packages/airflow/example_dags/example_branch_day_of_week_operator.py took 0.454 seconds
[2023-01-14T21:22:19.801+0000] {processor.py:153} INFO - Started process (PID=10025) to work on /media/prempeh/Nouveau nom/MASTER2/DATA ENGINEERING/airflow/py_env/lib/python3.10/site-packages/airflow/example_dags/example_branch_day_of_week_operator.py
[2023-01-14T21:22:19.805+0000] {processor.py:743} INFO - Processing file /media/prempeh/Nouveau nom/MASTER2/DATA ENGINEERING/airflow/py_env/lib/python3.10/site-packages/airflow/example_dags/example_branch_day_of_week_operator.py for tasks to queue
[2023-01-14T21:22:19.812+0000] {logging_mixin.py:137} INFO - [2023-01-14T21:22:19.811+0000] {dagbag.py:538} INFO - Filling up the DagBag from /media/prempeh/Nouveau nom/MASTER2/DATA ENGINEERING/airflow/py_env/lib/python3.10/site-packages/airflow/example_dags/example_branch_day_of_week_operator.py
[2023-01-14T21:22:20.065+0000] {processor.py:753} INFO - DAG(s) dict_keys(['example_weekday_branch_operator']) retrieved from /media/prempeh/Nouveau nom/MASTER2/DATA ENGINEERING/airflow/py_env/lib/python3.10/site-packages/airflow/example_dags/example_branch_day_of_week_operator.py
[2023-01-14T21:22:20.287+0000] {logging_mixin.py:137} INFO - [2023-01-14T21:22:20.286+0000] {dag.py:2676} INFO - Sync 1 DAGs
[2023-01-14T21:22:20.364+0000] {logging_mixin.py:137} INFO - [2023-01-14T21:22:20.363+0000] {dag.py:3423} INFO - Setting next_dagrun for example_weekday_branch_operator to 2023-01-13T00:00:00+00:00, run_after=2023-01-14T00:00:00+00:00
[2023-01-14T21:22:20.432+0000] {processor.py:175} INFO - Processing /media/prempeh/Nouveau nom/MASTER2/DATA ENGINEERING/airflow/py_env/lib/python3.10/site-packages/airflow/example_dags/example_branch_day_of_week_operator.py took 0.642 seconds
[2023-01-14T21:23:35.977+0000] {processor.py:153} INFO - Started process (PID=10350) to work on /media/prempeh/Nouveau nom/MASTER2/DATA ENGINEERING/airflow/py_env/lib/python3.10/site-packages/airflow/example_dags/example_branch_day_of_week_operator.py
[2023-01-14T21:23:35.980+0000] {processor.py:743} INFO - Processing file /media/prempeh/Nouveau nom/MASTER2/DATA ENGINEERING/airflow/py_env/lib/python3.10/site-packages/airflow/example_dags/example_branch_day_of_week_operator.py for tasks to queue
[2023-01-14T21:23:35.985+0000] {logging_mixin.py:137} INFO - [2023-01-14T21:23:35.984+0000] {dagbag.py:538} INFO - Filling up the DagBag from /media/prempeh/Nouveau nom/MASTER2/DATA ENGINEERING/airflow/py_env/lib/python3.10/site-packages/airflow/example_dags/example_branch_day_of_week_operator.py
[2023-01-14T21:23:36.128+0000] {processor.py:753} INFO - DAG(s) dict_keys(['example_weekday_branch_operator']) retrieved from /media/prempeh/Nouveau nom/MASTER2/DATA ENGINEERING/airflow/py_env/lib/python3.10/site-packages/airflow/example_dags/example_branch_day_of_week_operator.py
[2023-01-14T21:23:36.282+0000] {logging_mixin.py:137} INFO - [2023-01-14T21:23:36.281+0000] {dag.py:2676} INFO - Sync 1 DAGs
[2023-01-14T21:23:36.355+0000] {logging_mixin.py:137} INFO - [2023-01-14T21:23:36.355+0000] {dag.py:3423} INFO - Setting next_dagrun for example_weekday_branch_operator to 2023-01-13T00:00:00+00:00, run_after=2023-01-14T00:00:00+00:00
[2023-01-14T21:23:36.433+0000] {processor.py:175} INFO - Processing /media/prempeh/Nouveau nom/MASTER2/DATA ENGINEERING/airflow/py_env/lib/python3.10/site-packages/airflow/example_dags/example_branch_day_of_week_operator.py took 0.465 seconds
[2023-01-14T21:24:39.562+0000] {processor.py:153} INFO - Started process (PID=10425) to work on /media/prempeh/Nouveau nom/MASTER2/DATA ENGINEERING/airflow/py_env/lib/python3.10/site-packages/airflow/example_dags/example_branch_day_of_week_operator.py
[2023-01-14T21:24:39.566+0000] {processor.py:743} INFO - Processing file /media/prempeh/Nouveau nom/MASTER2/DATA ENGINEERING/airflow/py_env/lib/python3.10/site-packages/airflow/example_dags/example_branch_day_of_week_operator.py for tasks to queue
[2023-01-14T21:24:39.571+0000] {logging_mixin.py:137} INFO - [2023-01-14T21:24:39.570+0000] {dagbag.py:538} INFO - Filling up the DagBag from /media/prempeh/Nouveau nom/MASTER2/DATA ENGINEERING/airflow/py_env/lib/python3.10/site-packages/airflow/example_dags/example_branch_day_of_week_operator.py
[2023-01-14T21:24:39.699+0000] {processor.py:753} INFO - DAG(s) dict_keys(['example_weekday_branch_operator']) retrieved from /media/prempeh/Nouveau nom/MASTER2/DATA ENGINEERING/airflow/py_env/lib/python3.10/site-packages/airflow/example_dags/example_branch_day_of_week_operator.py
[2023-01-14T21:24:39.865+0000] {logging_mixin.py:137} INFO - [2023-01-14T21:24:39.864+0000] {dag.py:2676} INFO - Sync 1 DAGs
[2023-01-14T21:24:39.939+0000] {logging_mixin.py:137} INFO - [2023-01-14T21:24:39.938+0000] {dag.py:3423} INFO - Setting next_dagrun for example_weekday_branch_operator to 2023-01-13T00:00:00+00:00, run_after=2023-01-14T00:00:00+00:00
[2023-01-14T21:24:40.010+0000] {processor.py:175} INFO - Processing /media/prempeh/Nouveau nom/MASTER2/DATA ENGINEERING/airflow/py_env/lib/python3.10/site-packages/airflow/example_dags/example_branch_day_of_week_operator.py took 0.457 seconds
[2023-01-14T21:25:52.985+0000] {processor.py:153} INFO - Started process (PID=10557) to work on /media/prempeh/Nouveau nom/MASTER2/DATA ENGINEERING/airflow/py_env/lib/python3.10/site-packages/airflow/example_dags/example_branch_day_of_week_operator.py
[2023-01-14T21:25:52.988+0000] {processor.py:743} INFO - Processing file /media/prempeh/Nouveau nom/MASTER2/DATA ENGINEERING/airflow/py_env/lib/python3.10/site-packages/airflow/example_dags/example_branch_day_of_week_operator.py for tasks to queue
[2023-01-14T21:25:52.992+0000] {logging_mixin.py:137} INFO - [2023-01-14T21:25:52.991+0000] {dagbag.py:538} INFO - Filling up the DagBag from /media/prempeh/Nouveau nom/MASTER2/DATA ENGINEERING/airflow/py_env/lib/python3.10/site-packages/airflow/example_dags/example_branch_day_of_week_operator.py
[2023-01-14T21:25:53.156+0000] {processor.py:753} INFO - DAG(s) dict_keys(['example_weekday_branch_operator']) retrieved from /media/prempeh/Nouveau nom/MASTER2/DATA ENGINEERING/airflow/py_env/lib/python3.10/site-packages/airflow/example_dags/example_branch_day_of_week_operator.py
[2023-01-14T21:25:53.341+0000] {logging_mixin.py:137} INFO - [2023-01-14T21:25:53.341+0000] {dag.py:2676} INFO - Sync 1 DAGs
[2023-01-14T21:25:53.420+0000] {logging_mixin.py:137} INFO - [2023-01-14T21:25:53.420+0000] {dag.py:3423} INFO - Setting next_dagrun for example_weekday_branch_operator to 2023-01-13T00:00:00+00:00, run_after=2023-01-14T00:00:00+00:00
[2023-01-14T21:25:53.488+0000] {processor.py:175} INFO - Processing /media/prempeh/Nouveau nom/MASTER2/DATA ENGINEERING/airflow/py_env/lib/python3.10/site-packages/airflow/example_dags/example_branch_day_of_week_operator.py took 0.515 seconds
[2023-01-14T21:27:04.262+0000] {processor.py:153} INFO - Started process (PID=10722) to work on /media/prempeh/Nouveau nom/MASTER2/DATA ENGINEERING/airflow/py_env/lib/python3.10/site-packages/airflow/example_dags/example_branch_day_of_week_operator.py
[2023-01-14T21:27:04.265+0000] {processor.py:743} INFO - Processing file /media/prempeh/Nouveau nom/MASTER2/DATA ENGINEERING/airflow/py_env/lib/python3.10/site-packages/airflow/example_dags/example_branch_day_of_week_operator.py for tasks to queue
[2023-01-14T21:27:04.272+0000] {logging_mixin.py:137} INFO - [2023-01-14T21:27:04.271+0000] {dagbag.py:538} INFO - Filling up the DagBag from /media/prempeh/Nouveau nom/MASTER2/DATA ENGINEERING/airflow/py_env/lib/python3.10/site-packages/airflow/example_dags/example_branch_day_of_week_operator.py
[2023-01-14T21:27:04.441+0000] {processor.py:753} INFO - DAG(s) dict_keys(['example_weekday_branch_operator']) retrieved from /media/prempeh/Nouveau nom/MASTER2/DATA ENGINEERING/airflow/py_env/lib/python3.10/site-packages/airflow/example_dags/example_branch_day_of_week_operator.py
[2023-01-14T21:27:04.650+0000] {logging_mixin.py:137} INFO - [2023-01-14T21:27:04.649+0000] {dag.py:2676} INFO - Sync 1 DAGs
[2023-01-14T21:27:04.762+0000] {logging_mixin.py:137} INFO - [2023-01-14T21:27:04.761+0000] {dag.py:3423} INFO - Setting next_dagrun for example_weekday_branch_operator to 2023-01-13T00:00:00+00:00, run_after=2023-01-14T00:00:00+00:00
[2023-01-14T21:27:04.881+0000] {processor.py:175} INFO - Processing /media/prempeh/Nouveau nom/MASTER2/DATA ENGINEERING/airflow/py_env/lib/python3.10/site-packages/airflow/example_dags/example_branch_day_of_week_operator.py took 0.628 seconds
