[2023-01-14T20:53:20.283+0000] {processor.py:153} INFO - Started process (PID=6553) to work on /media/prempeh/Nouveau nom/MASTER2/DATA ENGINEERING/airflow/py_env/lib/python3.10/site-packages/airflow/example_dags/example_latest_only_with_trigger.py
[2023-01-14T20:53:20.286+0000] {processor.py:743} INFO - Processing file /media/prempeh/Nouveau nom/MASTER2/DATA ENGINEERING/airflow/py_env/lib/python3.10/site-packages/airflow/example_dags/example_latest_only_with_trigger.py for tasks to queue
[2023-01-14T20:53:20.291+0000] {logging_mixin.py:137} INFO - [2023-01-14T20:53:20.291+0000] {dagbag.py:538} INFO - Filling up the DagBag from /media/prempeh/Nouveau nom/MASTER2/DATA ENGINEERING/airflow/py_env/lib/python3.10/site-packages/airflow/example_dags/example_latest_only_with_trigger.py
[2023-01-14T20:53:20.445+0000] {processor.py:753} INFO - DAG(s) dict_keys(['latest_only_with_trigger']) retrieved from /media/prempeh/Nouveau nom/MASTER2/DATA ENGINEERING/airflow/py_env/lib/python3.10/site-packages/airflow/example_dags/example_latest_only_with_trigger.py
[2023-01-14T20:53:21.207+0000] {logging_mixin.py:137} INFO - [2023-01-14T20:53:21.206+0000] {manager.py:504} INFO - Created Permission View: can edit on DAG:latest_only_with_trigger
[2023-01-14T20:53:21.242+0000] {logging_mixin.py:137} INFO - [2023-01-14T20:53:21.241+0000] {manager.py:504} INFO - Created Permission View: can delete on DAG:latest_only_with_trigger
[2023-01-14T20:53:21.277+0000] {logging_mixin.py:137} INFO - [2023-01-14T20:53:21.276+0000] {manager.py:504} INFO - Created Permission View: can read on DAG:latest_only_with_trigger
[2023-01-14T20:53:21.280+0000] {logging_mixin.py:137} INFO - [2023-01-14T20:53:21.279+0000] {dag.py:2676} INFO - Sync 1 DAGs
[2023-01-14T20:53:21.351+0000] {logging_mixin.py:137} INFO - [2023-01-14T20:53:21.350+0000] {dag.py:2697} INFO - Creating ORM DAG for latest_only_with_trigger
[2023-01-14T20:53:21.405+0000] {logging_mixin.py:137} INFO - [2023-01-14T20:53:21.404+0000] {dag.py:3423} INFO - Setting next_dagrun for latest_only_with_trigger to 2023-01-14T16:53:21.402730+00:00, run_after=2023-01-14T20:53:21.402730+00:00
[2023-01-14T20:53:21.529+0000] {processor.py:175} INFO - Processing /media/prempeh/Nouveau nom/MASTER2/DATA ENGINEERING/airflow/py_env/lib/python3.10/site-packages/airflow/example_dags/example_latest_only_with_trigger.py took 1.260 seconds
[2023-01-14T20:54:28.135+0000] {processor.py:153} INFO - Started process (PID=6727) to work on /media/prempeh/Nouveau nom/MASTER2/DATA ENGINEERING/airflow/py_env/lib/python3.10/site-packages/airflow/example_dags/example_latest_only_with_trigger.py
[2023-01-14T20:54:28.139+0000] {processor.py:743} INFO - Processing file /media/prempeh/Nouveau nom/MASTER2/DATA ENGINEERING/airflow/py_env/lib/python3.10/site-packages/airflow/example_dags/example_latest_only_with_trigger.py for tasks to queue
[2023-01-14T20:54:28.144+0000] {logging_mixin.py:137} INFO - [2023-01-14T20:54:28.144+0000] {dagbag.py:538} INFO - Filling up the DagBag from /media/prempeh/Nouveau nom/MASTER2/DATA ENGINEERING/airflow/py_env/lib/python3.10/site-packages/airflow/example_dags/example_latest_only_with_trigger.py
[2023-01-14T20:54:28.272+0000] {processor.py:753} INFO - DAG(s) dict_keys(['latest_only_with_trigger']) retrieved from /media/prempeh/Nouveau nom/MASTER2/DATA ENGINEERING/airflow/py_env/lib/python3.10/site-packages/airflow/example_dags/example_latest_only_with_trigger.py
[2023-01-14T20:54:28.397+0000] {logging_mixin.py:137} INFO - [2023-01-14T20:54:28.396+0000] {dag.py:2676} INFO - Sync 1 DAGs
[2023-01-14T20:54:28.463+0000] {logging_mixin.py:137} INFO - [2023-01-14T20:54:28.462+0000] {dag.py:3423} INFO - Setting next_dagrun for latest_only_with_trigger to 2023-01-14T16:54:28.462143+00:00, run_after=2023-01-14T20:54:28.462143+00:00
[2023-01-14T20:54:28.535+0000] {processor.py:175} INFO - Processing /media/prempeh/Nouveau nom/MASTER2/DATA ENGINEERING/airflow/py_env/lib/python3.10/site-packages/airflow/example_dags/example_latest_only_with_trigger.py took 0.410 seconds
[2023-01-14T20:55:38.099+0000] {processor.py:153} INFO - Started process (PID=6773) to work on /media/prempeh/Nouveau nom/MASTER2/DATA ENGINEERING/airflow/py_env/lib/python3.10/site-packages/airflow/example_dags/example_latest_only_with_trigger.py
[2023-01-14T20:55:38.102+0000] {processor.py:743} INFO - Processing file /media/prempeh/Nouveau nom/MASTER2/DATA ENGINEERING/airflow/py_env/lib/python3.10/site-packages/airflow/example_dags/example_latest_only_with_trigger.py for tasks to queue
[2023-01-14T20:55:38.108+0000] {logging_mixin.py:137} INFO - [2023-01-14T20:55:38.107+0000] {dagbag.py:538} INFO - Filling up the DagBag from /media/prempeh/Nouveau nom/MASTER2/DATA ENGINEERING/airflow/py_env/lib/python3.10/site-packages/airflow/example_dags/example_latest_only_with_trigger.py
[2023-01-14T20:55:38.234+0000] {processor.py:753} INFO - DAG(s) dict_keys(['latest_only_with_trigger']) retrieved from /media/prempeh/Nouveau nom/MASTER2/DATA ENGINEERING/airflow/py_env/lib/python3.10/site-packages/airflow/example_dags/example_latest_only_with_trigger.py
[2023-01-14T20:55:38.376+0000] {logging_mixin.py:137} INFO - [2023-01-14T20:55:38.375+0000] {dag.py:2676} INFO - Sync 1 DAGs
[2023-01-14T20:55:38.448+0000] {logging_mixin.py:137} INFO - [2023-01-14T20:55:38.448+0000] {dag.py:3423} INFO - Setting next_dagrun for latest_only_with_trigger to 2023-01-14T16:55:38.447465+00:00, run_after=2023-01-14T20:55:38.447465+00:00
[2023-01-14T20:55:38.527+0000] {processor.py:175} INFO - Processing /media/prempeh/Nouveau nom/MASTER2/DATA ENGINEERING/airflow/py_env/lib/python3.10/site-packages/airflow/example_dags/example_latest_only_with_trigger.py took 0.437 seconds
[2023-01-14T20:56:35.196+0000] {processor.py:153} INFO - Started process (PID=6896) to work on /media/prempeh/Nouveau nom/MASTER2/DATA ENGINEERING/airflow/py_env/lib/python3.10/site-packages/airflow/example_dags/example_latest_only_with_trigger.py
[2023-01-14T20:56:35.199+0000] {processor.py:743} INFO - Processing file /media/prempeh/Nouveau nom/MASTER2/DATA ENGINEERING/airflow/py_env/lib/python3.10/site-packages/airflow/example_dags/example_latest_only_with_trigger.py for tasks to queue
[2023-01-14T20:56:35.204+0000] {logging_mixin.py:137} INFO - [2023-01-14T20:56:35.203+0000] {dagbag.py:538} INFO - Filling up the DagBag from /media/prempeh/Nouveau nom/MASTER2/DATA ENGINEERING/airflow/py_env/lib/python3.10/site-packages/airflow/example_dags/example_latest_only_with_trigger.py
[2023-01-14T20:56:35.332+0000] {processor.py:753} INFO - DAG(s) dict_keys(['latest_only_with_trigger']) retrieved from /media/prempeh/Nouveau nom/MASTER2/DATA ENGINEERING/airflow/py_env/lib/python3.10/site-packages/airflow/example_dags/example_latest_only_with_trigger.py
[2023-01-14T20:56:35.465+0000] {logging_mixin.py:137} INFO - [2023-01-14T20:56:35.464+0000] {dag.py:2676} INFO - Sync 1 DAGs
[2023-01-14T20:56:35.530+0000] {logging_mixin.py:137} INFO - [2023-01-14T20:56:35.529+0000] {dag.py:3423} INFO - Setting next_dagrun for latest_only_with_trigger to 2023-01-14T16:56:35.529270+00:00, run_after=2023-01-14T20:56:35.529270+00:00
[2023-01-14T20:56:35.598+0000] {processor.py:175} INFO - Processing /media/prempeh/Nouveau nom/MASTER2/DATA ENGINEERING/airflow/py_env/lib/python3.10/site-packages/airflow/example_dags/example_latest_only_with_trigger.py took 0.412 seconds
[2023-01-14T20:57:38.905+0000] {processor.py:153} INFO - Started process (PID=7094) to work on /media/prempeh/Nouveau nom/MASTER2/DATA ENGINEERING/airflow/py_env/lib/python3.10/site-packages/airflow/example_dags/example_latest_only_with_trigger.py
[2023-01-14T20:57:38.907+0000] {processor.py:743} INFO - Processing file /media/prempeh/Nouveau nom/MASTER2/DATA ENGINEERING/airflow/py_env/lib/python3.10/site-packages/airflow/example_dags/example_latest_only_with_trigger.py for tasks to queue
[2023-01-14T20:57:38.912+0000] {logging_mixin.py:137} INFO - [2023-01-14T20:57:38.911+0000] {dagbag.py:538} INFO - Filling up the DagBag from /media/prempeh/Nouveau nom/MASTER2/DATA ENGINEERING/airflow/py_env/lib/python3.10/site-packages/airflow/example_dags/example_latest_only_with_trigger.py
[2023-01-14T20:57:39.034+0000] {processor.py:753} INFO - DAG(s) dict_keys(['latest_only_with_trigger']) retrieved from /media/prempeh/Nouveau nom/MASTER2/DATA ENGINEERING/airflow/py_env/lib/python3.10/site-packages/airflow/example_dags/example_latest_only_with_trigger.py
[2023-01-14T20:57:39.177+0000] {logging_mixin.py:137} INFO - [2023-01-14T20:57:39.177+0000] {dag.py:2676} INFO - Sync 1 DAGs
[2023-01-14T20:57:39.246+0000] {logging_mixin.py:137} INFO - [2023-01-14T20:57:39.246+0000] {dag.py:3423} INFO - Setting next_dagrun for latest_only_with_trigger to 2023-01-14T16:57:39.245568+00:00, run_after=2023-01-14T20:57:39.245568+00:00
[2023-01-14T20:57:39.319+0000] {processor.py:175} INFO - Processing /media/prempeh/Nouveau nom/MASTER2/DATA ENGINEERING/airflow/py_env/lib/python3.10/site-packages/airflow/example_dags/example_latest_only_with_trigger.py took 0.424 seconds
[2023-01-14T20:58:36.248+0000] {processor.py:153} INFO - Started process (PID=7136) to work on /media/prempeh/Nouveau nom/MASTER2/DATA ENGINEERING/airflow/py_env/lib/python3.10/site-packages/airflow/example_dags/example_latest_only_with_trigger.py
[2023-01-14T20:58:36.251+0000] {processor.py:743} INFO - Processing file /media/prempeh/Nouveau nom/MASTER2/DATA ENGINEERING/airflow/py_env/lib/python3.10/site-packages/airflow/example_dags/example_latest_only_with_trigger.py for tasks to queue
[2023-01-14T20:58:36.256+0000] {logging_mixin.py:137} INFO - [2023-01-14T20:58:36.256+0000] {dagbag.py:538} INFO - Filling up the DagBag from /media/prempeh/Nouveau nom/MASTER2/DATA ENGINEERING/airflow/py_env/lib/python3.10/site-packages/airflow/example_dags/example_latest_only_with_trigger.py
[2023-01-14T20:58:36.411+0000] {processor.py:753} INFO - DAG(s) dict_keys(['latest_only_with_trigger']) retrieved from /media/prempeh/Nouveau nom/MASTER2/DATA ENGINEERING/airflow/py_env/lib/python3.10/site-packages/airflow/example_dags/example_latest_only_with_trigger.py
[2023-01-14T20:58:36.583+0000] {logging_mixin.py:137} INFO - [2023-01-14T20:58:36.582+0000] {dag.py:2676} INFO - Sync 1 DAGs
[2023-01-14T20:58:36.672+0000] {logging_mixin.py:137} INFO - [2023-01-14T20:58:36.671+0000] {dag.py:3423} INFO - Setting next_dagrun for latest_only_with_trigger to 2023-01-14T16:58:36.670894+00:00, run_after=2023-01-14T20:58:36.670894+00:00
[2023-01-14T20:58:36.765+0000] {processor.py:175} INFO - Processing /media/prempeh/Nouveau nom/MASTER2/DATA ENGINEERING/airflow/py_env/lib/python3.10/site-packages/airflow/example_dags/example_latest_only_with_trigger.py took 0.530 seconds
[2023-01-14T20:59:27.254+0000] {processor.py:153} INFO - Started process (PID=7178) to work on /media/prempeh/Nouveau nom/MASTER2/DATA ENGINEERING/airflow/py_env/lib/python3.10/site-packages/airflow/example_dags/example_latest_only_with_trigger.py
[2023-01-14T20:59:27.257+0000] {processor.py:743} INFO - Processing file /media/prempeh/Nouveau nom/MASTER2/DATA ENGINEERING/airflow/py_env/lib/python3.10/site-packages/airflow/example_dags/example_latest_only_with_trigger.py for tasks to queue
[2023-01-14T20:59:27.262+0000] {logging_mixin.py:137} INFO - [2023-01-14T20:59:27.261+0000] {dagbag.py:538} INFO - Filling up the DagBag from /media/prempeh/Nouveau nom/MASTER2/DATA ENGINEERING/airflow/py_env/lib/python3.10/site-packages/airflow/example_dags/example_latest_only_with_trigger.py
[2023-01-14T20:59:27.383+0000] {processor.py:753} INFO - DAG(s) dict_keys(['latest_only_with_trigger']) retrieved from /media/prempeh/Nouveau nom/MASTER2/DATA ENGINEERING/airflow/py_env/lib/python3.10/site-packages/airflow/example_dags/example_latest_only_with_trigger.py
[2023-01-14T20:59:27.514+0000] {logging_mixin.py:137} INFO - [2023-01-14T20:59:27.513+0000] {dag.py:2676} INFO - Sync 1 DAGs
[2023-01-14T20:59:27.575+0000] {logging_mixin.py:137} INFO - [2023-01-14T20:59:27.575+0000] {dag.py:3423} INFO - Setting next_dagrun for latest_only_with_trigger to 2023-01-14T16:59:27.574288+00:00, run_after=2023-01-14T20:59:27.574288+00:00
[2023-01-14T20:59:27.643+0000] {processor.py:175} INFO - Processing /media/prempeh/Nouveau nom/MASTER2/DATA ENGINEERING/airflow/py_env/lib/python3.10/site-packages/airflow/example_dags/example_latest_only_with_trigger.py took 0.398 seconds
[2023-01-14T21:00:26.039+0000] {processor.py:153} INFO - Started process (PID=7261) to work on /media/prempeh/Nouveau nom/MASTER2/DATA ENGINEERING/airflow/py_env/lib/python3.10/site-packages/airflow/example_dags/example_latest_only_with_trigger.py
[2023-01-14T21:00:26.042+0000] {processor.py:743} INFO - Processing file /media/prempeh/Nouveau nom/MASTER2/DATA ENGINEERING/airflow/py_env/lib/python3.10/site-packages/airflow/example_dags/example_latest_only_with_trigger.py for tasks to queue
[2023-01-14T21:00:26.047+0000] {logging_mixin.py:137} INFO - [2023-01-14T21:00:26.047+0000] {dagbag.py:538} INFO - Filling up the DagBag from /media/prempeh/Nouveau nom/MASTER2/DATA ENGINEERING/airflow/py_env/lib/python3.10/site-packages/airflow/example_dags/example_latest_only_with_trigger.py
[2023-01-14T21:00:26.166+0000] {processor.py:753} INFO - DAG(s) dict_keys(['latest_only_with_trigger']) retrieved from /media/prempeh/Nouveau nom/MASTER2/DATA ENGINEERING/airflow/py_env/lib/python3.10/site-packages/airflow/example_dags/example_latest_only_with_trigger.py
[2023-01-14T21:00:26.297+0000] {logging_mixin.py:137} INFO - [2023-01-14T21:00:26.297+0000] {dag.py:2676} INFO - Sync 1 DAGs
[2023-01-14T21:00:26.363+0000] {logging_mixin.py:137} INFO - [2023-01-14T21:00:26.362+0000] {dag.py:3423} INFO - Setting next_dagrun for latest_only_with_trigger to 2023-01-14T17:00:26.361973+00:00, run_after=2023-01-14T21:00:26.361973+00:00
[2023-01-14T21:00:26.437+0000] {processor.py:175} INFO - Processing /media/prempeh/Nouveau nom/MASTER2/DATA ENGINEERING/airflow/py_env/lib/python3.10/site-packages/airflow/example_dags/example_latest_only_with_trigger.py took 0.407 seconds
[2023-01-14T21:01:22.670+0000] {processor.py:153} INFO - Started process (PID=7308) to work on /media/prempeh/Nouveau nom/MASTER2/DATA ENGINEERING/airflow/py_env/lib/python3.10/site-packages/airflow/example_dags/example_latest_only_with_trigger.py
[2023-01-14T21:01:22.673+0000] {processor.py:743} INFO - Processing file /media/prempeh/Nouveau nom/MASTER2/DATA ENGINEERING/airflow/py_env/lib/python3.10/site-packages/airflow/example_dags/example_latest_only_with_trigger.py for tasks to queue
[2023-01-14T21:01:22.678+0000] {logging_mixin.py:137} INFO - [2023-01-14T21:01:22.677+0000] {dagbag.py:538} INFO - Filling up the DagBag from /media/prempeh/Nouveau nom/MASTER2/DATA ENGINEERING/airflow/py_env/lib/python3.10/site-packages/airflow/example_dags/example_latest_only_with_trigger.py
[2023-01-14T21:01:22.835+0000] {processor.py:753} INFO - DAG(s) dict_keys(['latest_only_with_trigger']) retrieved from /media/prempeh/Nouveau nom/MASTER2/DATA ENGINEERING/airflow/py_env/lib/python3.10/site-packages/airflow/example_dags/example_latest_only_with_trigger.py
[2023-01-14T21:01:22.994+0000] {logging_mixin.py:137} INFO - [2023-01-14T21:01:22.994+0000] {dag.py:2676} INFO - Sync 1 DAGs
[2023-01-14T21:01:23.060+0000] {logging_mixin.py:137} INFO - [2023-01-14T21:01:23.059+0000] {dag.py:3423} INFO - Setting next_dagrun for latest_only_with_trigger to 2023-01-14T17:01:23.059338+00:00, run_after=2023-01-14T21:01:23.059338+00:00
[2023-01-14T21:01:23.151+0000] {processor.py:175} INFO - Processing /media/prempeh/Nouveau nom/MASTER2/DATA ENGINEERING/airflow/py_env/lib/python3.10/site-packages/airflow/example_dags/example_latest_only_with_trigger.py took 0.495 seconds
[2023-01-14T21:02:16.647+0000] {processor.py:153} INFO - Started process (PID=7372) to work on /media/prempeh/Nouveau nom/MASTER2/DATA ENGINEERING/airflow/py_env/lib/python3.10/site-packages/airflow/example_dags/example_latest_only_with_trigger.py
[2023-01-14T21:02:16.650+0000] {processor.py:743} INFO - Processing file /media/prempeh/Nouveau nom/MASTER2/DATA ENGINEERING/airflow/py_env/lib/python3.10/site-packages/airflow/example_dags/example_latest_only_with_trigger.py for tasks to queue
[2023-01-14T21:02:16.654+0000] {logging_mixin.py:137} INFO - [2023-01-14T21:02:16.654+0000] {dagbag.py:538} INFO - Filling up the DagBag from /media/prempeh/Nouveau nom/MASTER2/DATA ENGINEERING/airflow/py_env/lib/python3.10/site-packages/airflow/example_dags/example_latest_only_with_trigger.py
[2023-01-14T21:02:16.773+0000] {processor.py:753} INFO - DAG(s) dict_keys(['latest_only_with_trigger']) retrieved from /media/prempeh/Nouveau nom/MASTER2/DATA ENGINEERING/airflow/py_env/lib/python3.10/site-packages/airflow/example_dags/example_latest_only_with_trigger.py
[2023-01-14T21:02:16.891+0000] {logging_mixin.py:137} INFO - [2023-01-14T21:02:16.891+0000] {dag.py:2676} INFO - Sync 1 DAGs
[2023-01-14T21:02:16.951+0000] {logging_mixin.py:137} INFO - [2023-01-14T21:02:16.951+0000] {dag.py:3423} INFO - Setting next_dagrun for latest_only_with_trigger to 2023-01-14T17:02:16.950791+00:00, run_after=2023-01-14T21:02:16.950791+00:00
[2023-01-14T21:02:17.025+0000] {processor.py:175} INFO - Processing /media/prempeh/Nouveau nom/MASTER2/DATA ENGINEERING/airflow/py_env/lib/python3.10/site-packages/airflow/example_dags/example_latest_only_with_trigger.py took 0.386 seconds
[2023-01-14T21:03:07.157+0000] {processor.py:153} INFO - Started process (PID=7414) to work on /media/prempeh/Nouveau nom/MASTER2/DATA ENGINEERING/airflow/py_env/lib/python3.10/site-packages/airflow/example_dags/example_latest_only_with_trigger.py
[2023-01-14T21:03:07.160+0000] {processor.py:743} INFO - Processing file /media/prempeh/Nouveau nom/MASTER2/DATA ENGINEERING/airflow/py_env/lib/python3.10/site-packages/airflow/example_dags/example_latest_only_with_trigger.py for tasks to queue
[2023-01-14T21:03:07.165+0000] {logging_mixin.py:137} INFO - [2023-01-14T21:03:07.164+0000] {dagbag.py:538} INFO - Filling up the DagBag from /media/prempeh/Nouveau nom/MASTER2/DATA ENGINEERING/airflow/py_env/lib/python3.10/site-packages/airflow/example_dags/example_latest_only_with_trigger.py
[2023-01-14T21:03:07.308+0000] {processor.py:753} INFO - DAG(s) dict_keys(['latest_only_with_trigger']) retrieved from /media/prempeh/Nouveau nom/MASTER2/DATA ENGINEERING/airflow/py_env/lib/python3.10/site-packages/airflow/example_dags/example_latest_only_with_trigger.py
[2023-01-14T21:03:07.424+0000] {logging_mixin.py:137} INFO - [2023-01-14T21:03:07.423+0000] {dag.py:2676} INFO - Sync 1 DAGs
[2023-01-14T21:03:07.490+0000] {logging_mixin.py:137} INFO - [2023-01-14T21:03:07.489+0000] {dag.py:3423} INFO - Setting next_dagrun for latest_only_with_trigger to 2023-01-14T17:03:07.489242+00:00, run_after=2023-01-14T21:03:07.489242+00:00
[2023-01-14T21:03:07.561+0000] {processor.py:175} INFO - Processing /media/prempeh/Nouveau nom/MASTER2/DATA ENGINEERING/airflow/py_env/lib/python3.10/site-packages/airflow/example_dags/example_latest_only_with_trigger.py took 0.414 seconds
[2023-01-14T21:04:03.674+0000] {processor.py:153} INFO - Started process (PID=7481) to work on /media/prempeh/Nouveau nom/MASTER2/DATA ENGINEERING/airflow/py_env/lib/python3.10/site-packages/airflow/example_dags/example_latest_only_with_trigger.py
[2023-01-14T21:04:03.679+0000] {processor.py:743} INFO - Processing file /media/prempeh/Nouveau nom/MASTER2/DATA ENGINEERING/airflow/py_env/lib/python3.10/site-packages/airflow/example_dags/example_latest_only_with_trigger.py for tasks to queue
[2023-01-14T21:04:03.688+0000] {logging_mixin.py:137} INFO - [2023-01-14T21:04:03.687+0000] {dagbag.py:538} INFO - Filling up the DagBag from /media/prempeh/Nouveau nom/MASTER2/DATA ENGINEERING/airflow/py_env/lib/python3.10/site-packages/airflow/example_dags/example_latest_only_with_trigger.py
[2023-01-14T21:04:03.886+0000] {processor.py:753} INFO - DAG(s) dict_keys(['latest_only_with_trigger']) retrieved from /media/prempeh/Nouveau nom/MASTER2/DATA ENGINEERING/airflow/py_env/lib/python3.10/site-packages/airflow/example_dags/example_latest_only_with_trigger.py
[2023-01-14T21:04:04.105+0000] {logging_mixin.py:137} INFO - [2023-01-14T21:04:04.104+0000] {dag.py:2676} INFO - Sync 1 DAGs
[2023-01-14T21:04:04.208+0000] {logging_mixin.py:137} INFO - [2023-01-14T21:04:04.207+0000] {dag.py:3423} INFO - Setting next_dagrun for latest_only_with_trigger to 2023-01-14T17:04:04.206612+00:00, run_after=2023-01-14T21:04:04.206612+00:00
[2023-01-14T21:04:04.327+0000] {processor.py:175} INFO - Processing /media/prempeh/Nouveau nom/MASTER2/DATA ENGINEERING/airflow/py_env/lib/python3.10/site-packages/airflow/example_dags/example_latest_only_with_trigger.py took 0.666 seconds
[2023-01-14T21:05:07.649+0000] {processor.py:153} INFO - Started process (PID=7533) to work on /media/prempeh/Nouveau nom/MASTER2/DATA ENGINEERING/airflow/py_env/lib/python3.10/site-packages/airflow/example_dags/example_latest_only_with_trigger.py
[2023-01-14T21:05:07.652+0000] {processor.py:743} INFO - Processing file /media/prempeh/Nouveau nom/MASTER2/DATA ENGINEERING/airflow/py_env/lib/python3.10/site-packages/airflow/example_dags/example_latest_only_with_trigger.py for tasks to queue
[2023-01-14T21:05:07.661+0000] {logging_mixin.py:137} INFO - [2023-01-14T21:05:07.660+0000] {dagbag.py:538} INFO - Filling up the DagBag from /media/prempeh/Nouveau nom/MASTER2/DATA ENGINEERING/airflow/py_env/lib/python3.10/site-packages/airflow/example_dags/example_latest_only_with_trigger.py
[2023-01-14T21:05:07.787+0000] {processor.py:753} INFO - DAG(s) dict_keys(['latest_only_with_trigger']) retrieved from /media/prempeh/Nouveau nom/MASTER2/DATA ENGINEERING/airflow/py_env/lib/python3.10/site-packages/airflow/example_dags/example_latest_only_with_trigger.py
[2023-01-14T21:05:07.947+0000] {logging_mixin.py:137} INFO - [2023-01-14T21:05:07.946+0000] {dag.py:2676} INFO - Sync 1 DAGs
[2023-01-14T21:05:08.022+0000] {logging_mixin.py:137} INFO - [2023-01-14T21:05:08.021+0000] {dag.py:3423} INFO - Setting next_dagrun for latest_only_with_trigger to 2023-01-14T17:05:08.021336+00:00, run_after=2023-01-14T21:05:08.021336+00:00
[2023-01-14T21:05:08.099+0000] {processor.py:175} INFO - Processing /media/prempeh/Nouveau nom/MASTER2/DATA ENGINEERING/airflow/py_env/lib/python3.10/site-packages/airflow/example_dags/example_latest_only_with_trigger.py took 0.460 seconds
[2023-01-14T21:06:07.126+0000] {processor.py:153} INFO - Started process (PID=7636) to work on /media/prempeh/Nouveau nom/MASTER2/DATA ENGINEERING/airflow/py_env/lib/python3.10/site-packages/airflow/example_dags/example_latest_only_with_trigger.py
[2023-01-14T21:06:07.129+0000] {processor.py:743} INFO - Processing file /media/prempeh/Nouveau nom/MASTER2/DATA ENGINEERING/airflow/py_env/lib/python3.10/site-packages/airflow/example_dags/example_latest_only_with_trigger.py for tasks to queue
[2023-01-14T21:06:07.137+0000] {logging_mixin.py:137} INFO - [2023-01-14T21:06:07.136+0000] {dagbag.py:538} INFO - Filling up the DagBag from /media/prempeh/Nouveau nom/MASTER2/DATA ENGINEERING/airflow/py_env/lib/python3.10/site-packages/airflow/example_dags/example_latest_only_with_trigger.py
[2023-01-14T21:06:07.322+0000] {processor.py:753} INFO - DAG(s) dict_keys(['latest_only_with_trigger']) retrieved from /media/prempeh/Nouveau nom/MASTER2/DATA ENGINEERING/airflow/py_env/lib/python3.10/site-packages/airflow/example_dags/example_latest_only_with_trigger.py
[2023-01-14T21:06:07.531+0000] {logging_mixin.py:137} INFO - [2023-01-14T21:06:07.531+0000] {dag.py:2676} INFO - Sync 1 DAGs
[2023-01-14T21:06:07.649+0000] {logging_mixin.py:137} INFO - [2023-01-14T21:06:07.648+0000] {dag.py:3423} INFO - Setting next_dagrun for latest_only_with_trigger to 2023-01-14T17:06:07.647396+00:00, run_after=2023-01-14T21:06:07.647396+00:00
[2023-01-14T21:06:07.773+0000] {processor.py:175} INFO - Processing /media/prempeh/Nouveau nom/MASTER2/DATA ENGINEERING/airflow/py_env/lib/python3.10/site-packages/airflow/example_dags/example_latest_only_with_trigger.py took 0.658 seconds
[2023-01-14T21:07:28.813+0000] {processor.py:153} INFO - Started process (PID=7878) to work on /media/prempeh/Nouveau nom/MASTER2/DATA ENGINEERING/airflow/py_env/lib/python3.10/site-packages/airflow/example_dags/example_latest_only_with_trigger.py
[2023-01-14T21:07:28.822+0000] {processor.py:743} INFO - Processing file /media/prempeh/Nouveau nom/MASTER2/DATA ENGINEERING/airflow/py_env/lib/python3.10/site-packages/airflow/example_dags/example_latest_only_with_trigger.py for tasks to queue
[2023-01-14T21:07:28.830+0000] {logging_mixin.py:137} INFO - [2023-01-14T21:07:28.829+0000] {dagbag.py:538} INFO - Filling up the DagBag from /media/prempeh/Nouveau nom/MASTER2/DATA ENGINEERING/airflow/py_env/lib/python3.10/site-packages/airflow/example_dags/example_latest_only_with_trigger.py
[2023-01-14T21:07:28.990+0000] {processor.py:753} INFO - DAG(s) dict_keys(['latest_only_with_trigger']) retrieved from /media/prempeh/Nouveau nom/MASTER2/DATA ENGINEERING/airflow/py_env/lib/python3.10/site-packages/airflow/example_dags/example_latest_only_with_trigger.py
[2023-01-14T21:07:29.184+0000] {logging_mixin.py:137} INFO - [2023-01-14T21:07:29.183+0000] {dag.py:2676} INFO - Sync 1 DAGs
[2023-01-14T21:07:29.294+0000] {logging_mixin.py:137} INFO - [2023-01-14T21:07:29.293+0000] {dag.py:3423} INFO - Setting next_dagrun for latest_only_with_trigger to 2023-01-14T17:07:29.292785+00:00, run_after=2023-01-14T21:07:29.292785+00:00
[2023-01-14T21:07:29.416+0000] {processor.py:175} INFO - Processing /media/prempeh/Nouveau nom/MASTER2/DATA ENGINEERING/airflow/py_env/lib/python3.10/site-packages/airflow/example_dags/example_latest_only_with_trigger.py took 0.612 seconds
[2023-01-14T21:08:51.091+0000] {processor.py:153} INFO - Started process (PID=8085) to work on /media/prempeh/Nouveau nom/MASTER2/DATA ENGINEERING/airflow/py_env/lib/python3.10/site-packages/airflow/example_dags/example_latest_only_with_trigger.py
[2023-01-14T21:08:51.094+0000] {processor.py:743} INFO - Processing file /media/prempeh/Nouveau nom/MASTER2/DATA ENGINEERING/airflow/py_env/lib/python3.10/site-packages/airflow/example_dags/example_latest_only_with_trigger.py for tasks to queue
[2023-01-14T21:08:51.098+0000] {logging_mixin.py:137} INFO - [2023-01-14T21:08:51.098+0000] {dagbag.py:538} INFO - Filling up the DagBag from /media/prempeh/Nouveau nom/MASTER2/DATA ENGINEERING/airflow/py_env/lib/python3.10/site-packages/airflow/example_dags/example_latest_only_with_trigger.py
[2023-01-14T21:08:51.223+0000] {processor.py:753} INFO - DAG(s) dict_keys(['latest_only_with_trigger']) retrieved from /media/prempeh/Nouveau nom/MASTER2/DATA ENGINEERING/airflow/py_env/lib/python3.10/site-packages/airflow/example_dags/example_latest_only_with_trigger.py
[2023-01-14T21:08:51.338+0000] {logging_mixin.py:137} INFO - [2023-01-14T21:08:51.338+0000] {dag.py:2676} INFO - Sync 1 DAGs
[2023-01-14T21:08:51.399+0000] {logging_mixin.py:137} INFO - [2023-01-14T21:08:51.398+0000] {dag.py:3423} INFO - Setting next_dagrun for latest_only_with_trigger to 2023-01-14T17:08:51.398035+00:00, run_after=2023-01-14T21:08:51.398035+00:00
[2023-01-14T21:08:51.481+0000] {processor.py:175} INFO - Processing /media/prempeh/Nouveau nom/MASTER2/DATA ENGINEERING/airflow/py_env/lib/python3.10/site-packages/airflow/example_dags/example_latest_only_with_trigger.py took 0.400 seconds
[2023-01-14T21:09:50.665+0000] {processor.py:153} INFO - Started process (PID=8131) to work on /media/prempeh/Nouveau nom/MASTER2/DATA ENGINEERING/airflow/py_env/lib/python3.10/site-packages/airflow/example_dags/example_latest_only_with_trigger.py
[2023-01-14T21:09:50.668+0000] {processor.py:743} INFO - Processing file /media/prempeh/Nouveau nom/MASTER2/DATA ENGINEERING/airflow/py_env/lib/python3.10/site-packages/airflow/example_dags/example_latest_only_with_trigger.py for tasks to queue
[2023-01-14T21:09:50.673+0000] {logging_mixin.py:137} INFO - [2023-01-14T21:09:50.673+0000] {dagbag.py:538} INFO - Filling up the DagBag from /media/prempeh/Nouveau nom/MASTER2/DATA ENGINEERING/airflow/py_env/lib/python3.10/site-packages/airflow/example_dags/example_latest_only_with_trigger.py
[2023-01-14T21:09:50.803+0000] {processor.py:753} INFO - DAG(s) dict_keys(['latest_only_with_trigger']) retrieved from /media/prempeh/Nouveau nom/MASTER2/DATA ENGINEERING/airflow/py_env/lib/python3.10/site-packages/airflow/example_dags/example_latest_only_with_trigger.py
[2023-01-14T21:09:50.935+0000] {logging_mixin.py:137} INFO - [2023-01-14T21:09:50.934+0000] {dag.py:2676} INFO - Sync 1 DAGs
[2023-01-14T21:09:50.995+0000] {logging_mixin.py:137} INFO - [2023-01-14T21:09:50.995+0000] {dag.py:3423} INFO - Setting next_dagrun for latest_only_with_trigger to 2023-01-14T17:09:50.994759+00:00, run_after=2023-01-14T21:09:50.994759+00:00
[2023-01-14T21:09:51.072+0000] {processor.py:175} INFO - Processing /media/prempeh/Nouveau nom/MASTER2/DATA ENGINEERING/airflow/py_env/lib/python3.10/site-packages/airflow/example_dags/example_latest_only_with_trigger.py took 0.416 seconds
[2023-01-14T21:10:50.786+0000] {processor.py:153} INFO - Started process (PID=8176) to work on /media/prempeh/Nouveau nom/MASTER2/DATA ENGINEERING/airflow/py_env/lib/python3.10/site-packages/airflow/example_dags/example_latest_only_with_trigger.py
[2023-01-14T21:10:50.789+0000] {processor.py:743} INFO - Processing file /media/prempeh/Nouveau nom/MASTER2/DATA ENGINEERING/airflow/py_env/lib/python3.10/site-packages/airflow/example_dags/example_latest_only_with_trigger.py for tasks to queue
[2023-01-14T21:10:50.793+0000] {logging_mixin.py:137} INFO - [2023-01-14T21:10:50.793+0000] {dagbag.py:538} INFO - Filling up the DagBag from /media/prempeh/Nouveau nom/MASTER2/DATA ENGINEERING/airflow/py_env/lib/python3.10/site-packages/airflow/example_dags/example_latest_only_with_trigger.py
[2023-01-14T21:10:50.900+0000] {processor.py:753} INFO - DAG(s) dict_keys(['latest_only_with_trigger']) retrieved from /media/prempeh/Nouveau nom/MASTER2/DATA ENGINEERING/airflow/py_env/lib/python3.10/site-packages/airflow/example_dags/example_latest_only_with_trigger.py
[2023-01-14T21:10:51.019+0000] {logging_mixin.py:137} INFO - [2023-01-14T21:10:51.018+0000] {dag.py:2676} INFO - Sync 1 DAGs
[2023-01-14T21:10:51.083+0000] {logging_mixin.py:137} INFO - [2023-01-14T21:10:51.083+0000] {dag.py:3423} INFO - Setting next_dagrun for latest_only_with_trigger to 2023-01-14T17:10:51.082423+00:00, run_after=2023-01-14T21:10:51.082423+00:00
[2023-01-14T21:10:51.152+0000] {processor.py:175} INFO - Processing /media/prempeh/Nouveau nom/MASTER2/DATA ENGINEERING/airflow/py_env/lib/python3.10/site-packages/airflow/example_dags/example_latest_only_with_trigger.py took 0.374 seconds
[2023-01-14T21:12:00.500+0000] {processor.py:153} INFO - Started process (PID=8226) to work on /media/prempeh/Nouveau nom/MASTER2/DATA ENGINEERING/airflow/py_env/lib/python3.10/site-packages/airflow/example_dags/example_latest_only_with_trigger.py
[2023-01-14T21:12:00.503+0000] {processor.py:743} INFO - Processing file /media/prempeh/Nouveau nom/MASTER2/DATA ENGINEERING/airflow/py_env/lib/python3.10/site-packages/airflow/example_dags/example_latest_only_with_trigger.py for tasks to queue
[2023-01-14T21:12:00.507+0000] {logging_mixin.py:137} INFO - [2023-01-14T21:12:00.507+0000] {dagbag.py:538} INFO - Filling up the DagBag from /media/prempeh/Nouveau nom/MASTER2/DATA ENGINEERING/airflow/py_env/lib/python3.10/site-packages/airflow/example_dags/example_latest_only_with_trigger.py
[2023-01-14T21:12:00.641+0000] {processor.py:753} INFO - DAG(s) dict_keys(['latest_only_with_trigger']) retrieved from /media/prempeh/Nouveau nom/MASTER2/DATA ENGINEERING/airflow/py_env/lib/python3.10/site-packages/airflow/example_dags/example_latest_only_with_trigger.py
[2023-01-14T21:12:00.778+0000] {logging_mixin.py:137} INFO - [2023-01-14T21:12:00.777+0000] {dag.py:2676} INFO - Sync 1 DAGs
[2023-01-14T21:12:00.846+0000] {logging_mixin.py:137} INFO - [2023-01-14T21:12:00.846+0000] {dag.py:3423} INFO - Setting next_dagrun for latest_only_with_trigger to 2023-01-14T17:12:00.845474+00:00, run_after=2023-01-14T21:12:00.845474+00:00
[2023-01-14T21:12:00.919+0000] {processor.py:175} INFO - Processing /media/prempeh/Nouveau nom/MASTER2/DATA ENGINEERING/airflow/py_env/lib/python3.10/site-packages/airflow/example_dags/example_latest_only_with_trigger.py took 0.428 seconds
[2023-01-14T21:13:06.131+0000] {processor.py:153} INFO - Started process (PID=8271) to work on /media/prempeh/Nouveau nom/MASTER2/DATA ENGINEERING/airflow/py_env/lib/python3.10/site-packages/airflow/example_dags/example_latest_only_with_trigger.py
[2023-01-14T21:13:06.134+0000] {processor.py:743} INFO - Processing file /media/prempeh/Nouveau nom/MASTER2/DATA ENGINEERING/airflow/py_env/lib/python3.10/site-packages/airflow/example_dags/example_latest_only_with_trigger.py for tasks to queue
[2023-01-14T21:13:06.138+0000] {logging_mixin.py:137} INFO - [2023-01-14T21:13:06.137+0000] {dagbag.py:538} INFO - Filling up the DagBag from /media/prempeh/Nouveau nom/MASTER2/DATA ENGINEERING/airflow/py_env/lib/python3.10/site-packages/airflow/example_dags/example_latest_only_with_trigger.py
[2023-01-14T21:13:06.261+0000] {processor.py:753} INFO - DAG(s) dict_keys(['latest_only_with_trigger']) retrieved from /media/prempeh/Nouveau nom/MASTER2/DATA ENGINEERING/airflow/py_env/lib/python3.10/site-packages/airflow/example_dags/example_latest_only_with_trigger.py
[2023-01-14T21:13:06.414+0000] {logging_mixin.py:137} INFO - [2023-01-14T21:13:06.413+0000] {dag.py:2676} INFO - Sync 1 DAGs
[2023-01-14T21:13:06.533+0000] {logging_mixin.py:137} INFO - [2023-01-14T21:13:06.532+0000] {dag.py:3423} INFO - Setting next_dagrun for latest_only_with_trigger to 2023-01-14T17:13:06.531302+00:00, run_after=2023-01-14T21:13:06.531302+00:00
[2023-01-14T21:13:06.650+0000] {processor.py:175} INFO - Processing /media/prempeh/Nouveau nom/MASTER2/DATA ENGINEERING/airflow/py_env/lib/python3.10/site-packages/airflow/example_dags/example_latest_only_with_trigger.py took 0.530 seconds
[2023-01-14T21:14:21.709+0000] {processor.py:153} INFO - Started process (PID=8325) to work on /media/prempeh/Nouveau nom/MASTER2/DATA ENGINEERING/airflow/py_env/lib/python3.10/site-packages/airflow/example_dags/example_latest_only_with_trigger.py
[2023-01-14T21:14:21.712+0000] {processor.py:743} INFO - Processing file /media/prempeh/Nouveau nom/MASTER2/DATA ENGINEERING/airflow/py_env/lib/python3.10/site-packages/airflow/example_dags/example_latest_only_with_trigger.py for tasks to queue
[2023-01-14T21:14:21.717+0000] {logging_mixin.py:137} INFO - [2023-01-14T21:14:21.717+0000] {dagbag.py:538} INFO - Filling up the DagBag from /media/prempeh/Nouveau nom/MASTER2/DATA ENGINEERING/airflow/py_env/lib/python3.10/site-packages/airflow/example_dags/example_latest_only_with_trigger.py
[2023-01-14T21:14:21.875+0000] {processor.py:753} INFO - DAG(s) dict_keys(['latest_only_with_trigger']) retrieved from /media/prempeh/Nouveau nom/MASTER2/DATA ENGINEERING/airflow/py_env/lib/python3.10/site-packages/airflow/example_dags/example_latest_only_with_trigger.py
[2023-01-14T21:14:22.036+0000] {logging_mixin.py:137} INFO - [2023-01-14T21:14:22.036+0000] {dag.py:2676} INFO - Sync 1 DAGs
[2023-01-14T21:14:22.094+0000] {logging_mixin.py:137} INFO - [2023-01-14T21:14:22.093+0000] {dag.py:3423} INFO - Setting next_dagrun for latest_only_with_trigger to 2023-01-14T17:14:22.093243+00:00, run_after=2023-01-14T21:14:22.093243+00:00
[2023-01-14T21:14:22.162+0000] {processor.py:175} INFO - Processing /media/prempeh/Nouveau nom/MASTER2/DATA ENGINEERING/airflow/py_env/lib/python3.10/site-packages/airflow/example_dags/example_latest_only_with_trigger.py took 0.464 seconds
[2023-01-14T21:15:33.778+0000] {processor.py:153} INFO - Started process (PID=8687) to work on /media/prempeh/Nouveau nom/MASTER2/DATA ENGINEERING/airflow/py_env/lib/python3.10/site-packages/airflow/example_dags/example_latest_only_with_trigger.py
[2023-01-14T21:15:33.784+0000] {processor.py:743} INFO - Processing file /media/prempeh/Nouveau nom/MASTER2/DATA ENGINEERING/airflow/py_env/lib/python3.10/site-packages/airflow/example_dags/example_latest_only_with_trigger.py for tasks to queue
[2023-01-14T21:15:33.790+0000] {logging_mixin.py:137} INFO - [2023-01-14T21:15:33.790+0000] {dagbag.py:538} INFO - Filling up the DagBag from /media/prempeh/Nouveau nom/MASTER2/DATA ENGINEERING/airflow/py_env/lib/python3.10/site-packages/airflow/example_dags/example_latest_only_with_trigger.py
[2023-01-14T21:15:33.951+0000] {processor.py:753} INFO - DAG(s) dict_keys(['latest_only_with_trigger']) retrieved from /media/prempeh/Nouveau nom/MASTER2/DATA ENGINEERING/airflow/py_env/lib/python3.10/site-packages/airflow/example_dags/example_latest_only_with_trigger.py
[2023-01-14T21:15:34.115+0000] {logging_mixin.py:137} INFO - [2023-01-14T21:15:34.114+0000] {dag.py:2676} INFO - Sync 1 DAGs
[2023-01-14T21:15:34.184+0000] {logging_mixin.py:137} INFO - [2023-01-14T21:15:34.184+0000] {dag.py:3423} INFO - Setting next_dagrun for latest_only_with_trigger to 2023-01-14T17:15:34.183732+00:00, run_after=2023-01-14T21:15:34.183732+00:00
[2023-01-14T21:15:34.267+0000] {processor.py:175} INFO - Processing /media/prempeh/Nouveau nom/MASTER2/DATA ENGINEERING/airflow/py_env/lib/python3.10/site-packages/airflow/example_dags/example_latest_only_with_trigger.py took 0.501 seconds
[2023-01-14T21:16:43.880+0000] {processor.py:153} INFO - Started process (PID=9055) to work on /media/prempeh/Nouveau nom/MASTER2/DATA ENGINEERING/airflow/py_env/lib/python3.10/site-packages/airflow/example_dags/example_latest_only_with_trigger.py
[2023-01-14T21:16:43.882+0000] {processor.py:743} INFO - Processing file /media/prempeh/Nouveau nom/MASTER2/DATA ENGINEERING/airflow/py_env/lib/python3.10/site-packages/airflow/example_dags/example_latest_only_with_trigger.py for tasks to queue
[2023-01-14T21:16:43.887+0000] {logging_mixin.py:137} INFO - [2023-01-14T21:16:43.887+0000] {dagbag.py:538} INFO - Filling up the DagBag from /media/prempeh/Nouveau nom/MASTER2/DATA ENGINEERING/airflow/py_env/lib/python3.10/site-packages/airflow/example_dags/example_latest_only_with_trigger.py
[2023-01-14T21:16:44.038+0000] {processor.py:753} INFO - DAG(s) dict_keys(['latest_only_with_trigger']) retrieved from /media/prempeh/Nouveau nom/MASTER2/DATA ENGINEERING/airflow/py_env/lib/python3.10/site-packages/airflow/example_dags/example_latest_only_with_trigger.py
[2023-01-14T21:16:44.190+0000] {logging_mixin.py:137} INFO - [2023-01-14T21:16:44.189+0000] {dag.py:2676} INFO - Sync 1 DAGs
[2023-01-14T21:16:44.273+0000] {logging_mixin.py:137} INFO - [2023-01-14T21:16:44.272+0000] {dag.py:3423} INFO - Setting next_dagrun for latest_only_with_trigger to 2023-01-14T17:16:44.271363+00:00, run_after=2023-01-14T21:16:44.271363+00:00
[2023-01-14T21:16:44.431+0000] {processor.py:175} INFO - Processing /media/prempeh/Nouveau nom/MASTER2/DATA ENGINEERING/airflow/py_env/lib/python3.10/site-packages/airflow/example_dags/example_latest_only_with_trigger.py took 0.561 seconds
[2023-01-14T21:17:56.239+0000] {processor.py:153} INFO - Started process (PID=9251) to work on /media/prempeh/Nouveau nom/MASTER2/DATA ENGINEERING/airflow/py_env/lib/python3.10/site-packages/airflow/example_dags/example_latest_only_with_trigger.py
[2023-01-14T21:17:56.242+0000] {processor.py:743} INFO - Processing file /media/prempeh/Nouveau nom/MASTER2/DATA ENGINEERING/airflow/py_env/lib/python3.10/site-packages/airflow/example_dags/example_latest_only_with_trigger.py for tasks to queue
[2023-01-14T21:17:56.247+0000] {logging_mixin.py:137} INFO - [2023-01-14T21:17:56.247+0000] {dagbag.py:538} INFO - Filling up the DagBag from /media/prempeh/Nouveau nom/MASTER2/DATA ENGINEERING/airflow/py_env/lib/python3.10/site-packages/airflow/example_dags/example_latest_only_with_trigger.py
[2023-01-14T21:17:56.391+0000] {processor.py:753} INFO - DAG(s) dict_keys(['latest_only_with_trigger']) retrieved from /media/prempeh/Nouveau nom/MASTER2/DATA ENGINEERING/airflow/py_env/lib/python3.10/site-packages/airflow/example_dags/example_latest_only_with_trigger.py
[2023-01-14T21:17:56.528+0000] {logging_mixin.py:137} INFO - [2023-01-14T21:17:56.528+0000] {dag.py:2676} INFO - Sync 1 DAGs
[2023-01-14T21:17:56.592+0000] {logging_mixin.py:137} INFO - [2023-01-14T21:17:56.591+0000] {dag.py:3423} INFO - Setting next_dagrun for latest_only_with_trigger to 2023-01-14T17:17:56.591049+00:00, run_after=2023-01-14T21:17:56.591049+00:00
[2023-01-14T21:17:56.663+0000] {processor.py:175} INFO - Processing /media/prempeh/Nouveau nom/MASTER2/DATA ENGINEERING/airflow/py_env/lib/python3.10/site-packages/airflow/example_dags/example_latest_only_with_trigger.py took 0.436 seconds
[2023-01-14T21:19:11.323+0000] {processor.py:153} INFO - Started process (PID=9463) to work on /media/prempeh/Nouveau nom/MASTER2/DATA ENGINEERING/airflow/py_env/lib/python3.10/site-packages/airflow/example_dags/example_latest_only_with_trigger.py
[2023-01-14T21:19:11.326+0000] {processor.py:743} INFO - Processing file /media/prempeh/Nouveau nom/MASTER2/DATA ENGINEERING/airflow/py_env/lib/python3.10/site-packages/airflow/example_dags/example_latest_only_with_trigger.py for tasks to queue
[2023-01-14T21:19:11.330+0000] {logging_mixin.py:137} INFO - [2023-01-14T21:19:11.329+0000] {dagbag.py:538} INFO - Filling up the DagBag from /media/prempeh/Nouveau nom/MASTER2/DATA ENGINEERING/airflow/py_env/lib/python3.10/site-packages/airflow/example_dags/example_latest_only_with_trigger.py
[2023-01-14T21:19:11.438+0000] {processor.py:753} INFO - DAG(s) dict_keys(['latest_only_with_trigger']) retrieved from /media/prempeh/Nouveau nom/MASTER2/DATA ENGINEERING/airflow/py_env/lib/python3.10/site-packages/airflow/example_dags/example_latest_only_with_trigger.py
[2023-01-14T21:19:11.551+0000] {logging_mixin.py:137} INFO - [2023-01-14T21:19:11.550+0000] {dag.py:2676} INFO - Sync 1 DAGs
[2023-01-14T21:19:11.622+0000] {logging_mixin.py:137} INFO - [2023-01-14T21:19:11.622+0000] {dag.py:3423} INFO - Setting next_dagrun for latest_only_with_trigger to 2023-01-14T17:19:11.621747+00:00, run_after=2023-01-14T21:19:11.621747+00:00
[2023-01-14T21:19:11.686+0000] {processor.py:175} INFO - Processing /media/prempeh/Nouveau nom/MASTER2/DATA ENGINEERING/airflow/py_env/lib/python3.10/site-packages/airflow/example_dags/example_latest_only_with_trigger.py took 0.370 seconds
[2023-01-14T21:20:22.912+0000] {processor.py:153} INFO - Started process (PID=9786) to work on /media/prempeh/Nouveau nom/MASTER2/DATA ENGINEERING/airflow/py_env/lib/python3.10/site-packages/airflow/example_dags/example_latest_only_with_trigger.py
[2023-01-14T21:20:22.915+0000] {processor.py:743} INFO - Processing file /media/prempeh/Nouveau nom/MASTER2/DATA ENGINEERING/airflow/py_env/lib/python3.10/site-packages/airflow/example_dags/example_latest_only_with_trigger.py for tasks to queue
[2023-01-14T21:20:22.919+0000] {logging_mixin.py:137} INFO - [2023-01-14T21:20:22.918+0000] {dagbag.py:538} INFO - Filling up the DagBag from /media/prempeh/Nouveau nom/MASTER2/DATA ENGINEERING/airflow/py_env/lib/python3.10/site-packages/airflow/example_dags/example_latest_only_with_trigger.py
[2023-01-14T21:20:23.029+0000] {processor.py:753} INFO - DAG(s) dict_keys(['latest_only_with_trigger']) retrieved from /media/prempeh/Nouveau nom/MASTER2/DATA ENGINEERING/airflow/py_env/lib/python3.10/site-packages/airflow/example_dags/example_latest_only_with_trigger.py
[2023-01-14T21:20:23.145+0000] {logging_mixin.py:137} INFO - [2023-01-14T21:20:23.144+0000] {dag.py:2676} INFO - Sync 1 DAGs
[2023-01-14T21:20:23.203+0000] {logging_mixin.py:137} INFO - [2023-01-14T21:20:23.202+0000] {dag.py:3423} INFO - Setting next_dagrun for latest_only_with_trigger to 2023-01-14T17:20:23.202145+00:00, run_after=2023-01-14T21:20:23.202145+00:00
[2023-01-14T21:20:23.270+0000] {processor.py:175} INFO - Processing /media/prempeh/Nouveau nom/MASTER2/DATA ENGINEERING/airflow/py_env/lib/python3.10/site-packages/airflow/example_dags/example_latest_only_with_trigger.py took 0.367 seconds
[2023-01-14T21:21:31.170+0000] {processor.py:153} INFO - Started process (PID=9835) to work on /media/prempeh/Nouveau nom/MASTER2/DATA ENGINEERING/airflow/py_env/lib/python3.10/site-packages/airflow/example_dags/example_latest_only_with_trigger.py
[2023-01-14T21:21:31.174+0000] {processor.py:743} INFO - Processing file /media/prempeh/Nouveau nom/MASTER2/DATA ENGINEERING/airflow/py_env/lib/python3.10/site-packages/airflow/example_dags/example_latest_only_with_trigger.py for tasks to queue
[2023-01-14T21:21:31.180+0000] {logging_mixin.py:137} INFO - [2023-01-14T21:21:31.179+0000] {dagbag.py:538} INFO - Filling up the DagBag from /media/prempeh/Nouveau nom/MASTER2/DATA ENGINEERING/airflow/py_env/lib/python3.10/site-packages/airflow/example_dags/example_latest_only_with_trigger.py
[2023-01-14T21:21:31.323+0000] {processor.py:753} INFO - DAG(s) dict_keys(['latest_only_with_trigger']) retrieved from /media/prempeh/Nouveau nom/MASTER2/DATA ENGINEERING/airflow/py_env/lib/python3.10/site-packages/airflow/example_dags/example_latest_only_with_trigger.py
[2023-01-14T21:21:31.475+0000] {logging_mixin.py:137} INFO - [2023-01-14T21:21:31.475+0000] {dag.py:2676} INFO - Sync 1 DAGs
[2023-01-14T21:21:31.545+0000] {logging_mixin.py:137} INFO - [2023-01-14T21:21:31.544+0000] {dag.py:3423} INFO - Setting next_dagrun for latest_only_with_trigger to 2023-01-14T17:21:31.543813+00:00, run_after=2023-01-14T21:21:31.543813+00:00
[2023-01-14T21:21:31.613+0000] {processor.py:175} INFO - Processing /media/prempeh/Nouveau nom/MASTER2/DATA ENGINEERING/airflow/py_env/lib/python3.10/site-packages/airflow/example_dags/example_latest_only_with_trigger.py took 0.450 seconds
[2023-01-14T21:22:47.454+0000] {processor.py:153} INFO - Started process (PID=10194) to work on /media/prempeh/Nouveau nom/MASTER2/DATA ENGINEERING/airflow/py_env/lib/python3.10/site-packages/airflow/example_dags/example_latest_only_with_trigger.py
[2023-01-14T21:22:47.457+0000] {processor.py:743} INFO - Processing file /media/prempeh/Nouveau nom/MASTER2/DATA ENGINEERING/airflow/py_env/lib/python3.10/site-packages/airflow/example_dags/example_latest_only_with_trigger.py for tasks to queue
[2023-01-14T21:22:47.461+0000] {logging_mixin.py:137} INFO - [2023-01-14T21:22:47.460+0000] {dagbag.py:538} INFO - Filling up the DagBag from /media/prempeh/Nouveau nom/MASTER2/DATA ENGINEERING/airflow/py_env/lib/python3.10/site-packages/airflow/example_dags/example_latest_only_with_trigger.py
[2023-01-14T21:22:47.592+0000] {processor.py:753} INFO - DAG(s) dict_keys(['latest_only_with_trigger']) retrieved from /media/prempeh/Nouveau nom/MASTER2/DATA ENGINEERING/airflow/py_env/lib/python3.10/site-packages/airflow/example_dags/example_latest_only_with_trigger.py
[2023-01-14T21:22:47.756+0000] {logging_mixin.py:137} INFO - [2023-01-14T21:22:47.755+0000] {dag.py:2676} INFO - Sync 1 DAGs
[2023-01-14T21:22:47.820+0000] {logging_mixin.py:137} INFO - [2023-01-14T21:22:47.819+0000] {dag.py:3423} INFO - Setting next_dagrun for latest_only_with_trigger to 2023-01-14T17:22:47.819085+00:00, run_after=2023-01-14T21:22:47.819085+00:00
[2023-01-14T21:22:47.887+0000] {processor.py:175} INFO - Processing /media/prempeh/Nouveau nom/MASTER2/DATA ENGINEERING/airflow/py_env/lib/python3.10/site-packages/airflow/example_dags/example_latest_only_with_trigger.py took 0.441 seconds
[2023-01-14T21:23:57.684+0000] {processor.py:153} INFO - Started process (PID=10364) to work on /media/prempeh/Nouveau nom/MASTER2/DATA ENGINEERING/airflow/py_env/lib/python3.10/site-packages/airflow/example_dags/example_latest_only_with_trigger.py
[2023-01-14T21:23:57.687+0000] {processor.py:743} INFO - Processing file /media/prempeh/Nouveau nom/MASTER2/DATA ENGINEERING/airflow/py_env/lib/python3.10/site-packages/airflow/example_dags/example_latest_only_with_trigger.py for tasks to queue
[2023-01-14T21:23:57.690+0000] {logging_mixin.py:137} INFO - [2023-01-14T21:23:57.690+0000] {dagbag.py:538} INFO - Filling up the DagBag from /media/prempeh/Nouveau nom/MASTER2/DATA ENGINEERING/airflow/py_env/lib/python3.10/site-packages/airflow/example_dags/example_latest_only_with_trigger.py
[2023-01-14T21:23:57.795+0000] {processor.py:753} INFO - DAG(s) dict_keys(['latest_only_with_trigger']) retrieved from /media/prempeh/Nouveau nom/MASTER2/DATA ENGINEERING/airflow/py_env/lib/python3.10/site-packages/airflow/example_dags/example_latest_only_with_trigger.py
[2023-01-14T21:23:57.912+0000] {logging_mixin.py:137} INFO - [2023-01-14T21:23:57.912+0000] {dag.py:2676} INFO - Sync 1 DAGs
[2023-01-14T21:23:57.968+0000] {logging_mixin.py:137} INFO - [2023-01-14T21:23:57.968+0000] {dag.py:3423} INFO - Setting next_dagrun for latest_only_with_trigger to 2023-01-14T17:23:57.967514+00:00, run_after=2023-01-14T21:23:57.967514+00:00
[2023-01-14T21:23:58.037+0000] {processor.py:175} INFO - Processing /media/prempeh/Nouveau nom/MASTER2/DATA ENGINEERING/airflow/py_env/lib/python3.10/site-packages/airflow/example_dags/example_latest_only_with_trigger.py took 0.363 seconds
[2023-01-14T21:25:00.214+0000] {processor.py:153} INFO - Started process (PID=10444) to work on /media/prempeh/Nouveau nom/MASTER2/DATA ENGINEERING/airflow/py_env/lib/python3.10/site-packages/airflow/example_dags/example_latest_only_with_trigger.py
[2023-01-14T21:25:00.217+0000] {processor.py:743} INFO - Processing file /media/prempeh/Nouveau nom/MASTER2/DATA ENGINEERING/airflow/py_env/lib/python3.10/site-packages/airflow/example_dags/example_latest_only_with_trigger.py for tasks to queue
[2023-01-14T21:25:00.222+0000] {logging_mixin.py:137} INFO - [2023-01-14T21:25:00.222+0000] {dagbag.py:538} INFO - Filling up the DagBag from /media/prempeh/Nouveau nom/MASTER2/DATA ENGINEERING/airflow/py_env/lib/python3.10/site-packages/airflow/example_dags/example_latest_only_with_trigger.py
[2023-01-14T21:25:00.334+0000] {processor.py:753} INFO - DAG(s) dict_keys(['latest_only_with_trigger']) retrieved from /media/prempeh/Nouveau nom/MASTER2/DATA ENGINEERING/airflow/py_env/lib/python3.10/site-packages/airflow/example_dags/example_latest_only_with_trigger.py
[2023-01-14T21:25:00.444+0000] {logging_mixin.py:137} INFO - [2023-01-14T21:25:00.444+0000] {dag.py:2676} INFO - Sync 1 DAGs
[2023-01-14T21:25:00.508+0000] {logging_mixin.py:137} INFO - [2023-01-14T21:25:00.508+0000] {dag.py:3423} INFO - Setting next_dagrun for latest_only_with_trigger to 2023-01-14T17:25:00.507569+00:00, run_after=2023-01-14T21:25:00.507569+00:00
[2023-01-14T21:25:00.582+0000] {processor.py:175} INFO - Processing /media/prempeh/Nouveau nom/MASTER2/DATA ENGINEERING/airflow/py_env/lib/python3.10/site-packages/airflow/example_dags/example_latest_only_with_trigger.py took 0.375 seconds
[2023-01-14T21:26:15.381+0000] {processor.py:153} INFO - Started process (PID=10575) to work on /media/prempeh/Nouveau nom/MASTER2/DATA ENGINEERING/airflow/py_env/lib/python3.10/site-packages/airflow/example_dags/example_latest_only_with_trigger.py
[2023-01-14T21:26:15.384+0000] {processor.py:743} INFO - Processing file /media/prempeh/Nouveau nom/MASTER2/DATA ENGINEERING/airflow/py_env/lib/python3.10/site-packages/airflow/example_dags/example_latest_only_with_trigger.py for tasks to queue
[2023-01-14T21:26:15.389+0000] {logging_mixin.py:137} INFO - [2023-01-14T21:26:15.389+0000] {dagbag.py:538} INFO - Filling up the DagBag from /media/prempeh/Nouveau nom/MASTER2/DATA ENGINEERING/airflow/py_env/lib/python3.10/site-packages/airflow/example_dags/example_latest_only_with_trigger.py
[2023-01-14T21:26:15.510+0000] {processor.py:753} INFO - DAG(s) dict_keys(['latest_only_with_trigger']) retrieved from /media/prempeh/Nouveau nom/MASTER2/DATA ENGINEERING/airflow/py_env/lib/python3.10/site-packages/airflow/example_dags/example_latest_only_with_trigger.py
[2023-01-14T21:26:15.648+0000] {logging_mixin.py:137} INFO - [2023-01-14T21:26:15.648+0000] {dag.py:2676} INFO - Sync 1 DAGs
[2023-01-14T21:26:15.715+0000] {logging_mixin.py:137} INFO - [2023-01-14T21:26:15.715+0000] {dag.py:3423} INFO - Setting next_dagrun for latest_only_with_trigger to 2023-01-14T17:26:15.714432+00:00, run_after=2023-01-14T21:26:15.714432+00:00
[2023-01-14T21:26:15.787+0000] {processor.py:175} INFO - Processing /media/prempeh/Nouveau nom/MASTER2/DATA ENGINEERING/airflow/py_env/lib/python3.10/site-packages/airflow/example_dags/example_latest_only_with_trigger.py took 0.415 seconds
[2023-01-14T21:27:25.787+0000] {processor.py:153} INFO - Started process (PID=10831) to work on /media/prempeh/Nouveau nom/MASTER2/DATA ENGINEERING/airflow/py_env/lib/python3.10/site-packages/airflow/example_dags/example_latest_only_with_trigger.py
[2023-01-14T21:27:25.790+0000] {processor.py:743} INFO - Processing file /media/prempeh/Nouveau nom/MASTER2/DATA ENGINEERING/airflow/py_env/lib/python3.10/site-packages/airflow/example_dags/example_latest_only_with_trigger.py for tasks to queue
[2023-01-14T21:27:25.794+0000] {logging_mixin.py:137} INFO - [2023-01-14T21:27:25.794+0000] {dagbag.py:538} INFO - Filling up the DagBag from /media/prempeh/Nouveau nom/MASTER2/DATA ENGINEERING/airflow/py_env/lib/python3.10/site-packages/airflow/example_dags/example_latest_only_with_trigger.py
[2023-01-14T21:27:25.912+0000] {processor.py:753} INFO - DAG(s) dict_keys(['latest_only_with_trigger']) retrieved from /media/prempeh/Nouveau nom/MASTER2/DATA ENGINEERING/airflow/py_env/lib/python3.10/site-packages/airflow/example_dags/example_latest_only_with_trigger.py
[2023-01-14T21:27:26.115+0000] {logging_mixin.py:137} INFO - [2023-01-14T21:27:26.114+0000] {dag.py:2676} INFO - Sync 1 DAGs
[2023-01-14T21:27:26.176+0000] {logging_mixin.py:137} INFO - [2023-01-14T21:27:26.176+0000] {dag.py:3423} INFO - Setting next_dagrun for latest_only_with_trigger to 2023-01-14T17:27:26.175635+00:00, run_after=2023-01-14T21:27:26.175635+00:00
[2023-01-14T21:27:26.245+0000] {processor.py:175} INFO - Processing /media/prempeh/Nouveau nom/MASTER2/DATA ENGINEERING/airflow/py_env/lib/python3.10/site-packages/airflow/example_dags/example_latest_only_with_trigger.py took 0.468 seconds
