[2023-01-14T20:53:33.251+0000] {processor.py:153} INFO - Started process (PID=6628) to work on /media/prempeh/Nouveau nom/MASTER2/DATA ENGINEERING/airflow/py_env/lib/python3.10/site-packages/airflow/example_dags/example_complex.py
[2023-01-14T20:53:33.256+0000] {processor.py:743} INFO - Processing file /media/prempeh/Nouveau nom/MASTER2/DATA ENGINEERING/airflow/py_env/lib/python3.10/site-packages/airflow/example_dags/example_complex.py for tasks to queue
[2023-01-14T20:53:33.262+0000] {logging_mixin.py:137} INFO - [2023-01-14T20:53:33.261+0000] {dagbag.py:538} INFO - Filling up the DagBag from /media/prempeh/Nouveau nom/MASTER2/DATA ENGINEERING/airflow/py_env/lib/python3.10/site-packages/airflow/example_dags/example_complex.py
[2023-01-14T20:53:33.386+0000] {logging_mixin.py:137} INFO - [2023-01-14T20:53:33.385+0000] {taskmixin.py:205} WARNING - Dependency <Task(BashOperator): create_entry_group>, delete_entry_group already registered for DAG: example_complex
[2023-01-14T20:53:33.390+0000] {logging_mixin.py:137} INFO - [2023-01-14T20:53:33.389+0000] {taskmixin.py:205} WARNING - Dependency <Task(BashOperator): delete_entry_group>, create_entry_group already registered for DAG: example_complex
[2023-01-14T20:53:33.392+0000] {logging_mixin.py:137} INFO - [2023-01-14T20:53:33.392+0000] {taskmixin.py:205} WARNING - Dependency <Task(BashOperator): create_entry_gcs>, delete_entry already registered for DAG: example_complex
[2023-01-14T20:53:33.396+0000] {logging_mixin.py:137} INFO - [2023-01-14T20:53:33.395+0000] {taskmixin.py:205} WARNING - Dependency <Task(BashOperator): delete_entry>, create_entry_gcs already registered for DAG: example_complex
[2023-01-14T20:53:33.399+0000] {logging_mixin.py:137} INFO - [2023-01-14T20:53:33.399+0000] {taskmixin.py:205} WARNING - Dependency <Task(BashOperator): create_tag>, delete_tag already registered for DAG: example_complex
[2023-01-14T20:53:33.401+0000] {logging_mixin.py:137} INFO - [2023-01-14T20:53:33.400+0000] {taskmixin.py:205} WARNING - Dependency <Task(BashOperator): delete_tag>, create_tag already registered for DAG: example_complex
[2023-01-14T20:53:33.541+0000] {processor.py:753} INFO - DAG(s) dict_keys(['example_complex']) retrieved from /media/prempeh/Nouveau nom/MASTER2/DATA ENGINEERING/airflow/py_env/lib/python3.10/site-packages/airflow/example_dags/example_complex.py
[2023-01-14T20:53:34.242+0000] {logging_mixin.py:137} INFO - [2023-01-14T20:53:34.242+0000] {manager.py:504} INFO - Created Permission View: can edit on DAG:example_complex
[2023-01-14T20:53:34.267+0000] {logging_mixin.py:137} INFO - [2023-01-14T20:53:34.266+0000] {manager.py:504} INFO - Created Permission View: can delete on DAG:example_complex
[2023-01-14T20:53:34.287+0000] {logging_mixin.py:137} INFO - [2023-01-14T20:53:34.286+0000] {manager.py:504} INFO - Created Permission View: can read on DAG:example_complex
[2023-01-14T20:53:34.289+0000] {logging_mixin.py:137} INFO - [2023-01-14T20:53:34.288+0000] {dag.py:2676} INFO - Sync 1 DAGs
[2023-01-14T20:53:34.318+0000] {logging_mixin.py:137} INFO - [2023-01-14T20:53:34.318+0000] {dag.py:2697} INFO - Creating ORM DAG for example_complex
[2023-01-14T20:53:34.340+0000] {logging_mixin.py:137} INFO - [2023-01-14T20:53:34.340+0000] {dag.py:3423} INFO - Setting next_dagrun for example_complex to None, run_after=None
[2023-01-14T20:53:34.389+0000] {processor.py:175} INFO - Processing /media/prempeh/Nouveau nom/MASTER2/DATA ENGINEERING/airflow/py_env/lib/python3.10/site-packages/airflow/example_dags/example_complex.py took 1.150 seconds
[2023-01-14T20:54:44.191+0000] {processor.py:153} INFO - Started process (PID=6738) to work on /media/prempeh/Nouveau nom/MASTER2/DATA ENGINEERING/airflow/py_env/lib/python3.10/site-packages/airflow/example_dags/example_complex.py
[2023-01-14T20:54:44.197+0000] {processor.py:743} INFO - Processing file /media/prempeh/Nouveau nom/MASTER2/DATA ENGINEERING/airflow/py_env/lib/python3.10/site-packages/airflow/example_dags/example_complex.py for tasks to queue
[2023-01-14T20:54:44.205+0000] {logging_mixin.py:137} INFO - [2023-01-14T20:54:44.203+0000] {dagbag.py:538} INFO - Filling up the DagBag from /media/prempeh/Nouveau nom/MASTER2/DATA ENGINEERING/airflow/py_env/lib/python3.10/site-packages/airflow/example_dags/example_complex.py
[2023-01-14T20:54:44.343+0000] {logging_mixin.py:137} INFO - [2023-01-14T20:54:44.342+0000] {taskmixin.py:205} WARNING - Dependency <Task(BashOperator): create_entry_group>, delete_entry_group already registered for DAG: example_complex
[2023-01-14T20:54:44.345+0000] {logging_mixin.py:137} INFO - [2023-01-14T20:54:44.344+0000] {taskmixin.py:205} WARNING - Dependency <Task(BashOperator): delete_entry_group>, create_entry_group already registered for DAG: example_complex
[2023-01-14T20:54:44.347+0000] {logging_mixin.py:137} INFO - [2023-01-14T20:54:44.347+0000] {taskmixin.py:205} WARNING - Dependency <Task(BashOperator): create_entry_gcs>, delete_entry already registered for DAG: example_complex
[2023-01-14T20:54:44.349+0000] {logging_mixin.py:137} INFO - [2023-01-14T20:54:44.348+0000] {taskmixin.py:205} WARNING - Dependency <Task(BashOperator): delete_entry>, create_entry_gcs already registered for DAG: example_complex
[2023-01-14T20:54:44.352+0000] {logging_mixin.py:137} INFO - [2023-01-14T20:54:44.351+0000] {taskmixin.py:205} WARNING - Dependency <Task(BashOperator): create_tag>, delete_tag already registered for DAG: example_complex
[2023-01-14T20:54:44.355+0000] {logging_mixin.py:137} INFO - [2023-01-14T20:54:44.354+0000] {taskmixin.py:205} WARNING - Dependency <Task(BashOperator): delete_tag>, create_tag already registered for DAG: example_complex
[2023-01-14T20:54:44.529+0000] {processor.py:753} INFO - DAG(s) dict_keys(['example_complex']) retrieved from /media/prempeh/Nouveau nom/MASTER2/DATA ENGINEERING/airflow/py_env/lib/python3.10/site-packages/airflow/example_dags/example_complex.py
[2023-01-14T20:54:44.836+0000] {logging_mixin.py:137} INFO - [2023-01-14T20:54:44.835+0000] {dag.py:2676} INFO - Sync 1 DAGs
[2023-01-14T20:54:44.949+0000] {logging_mixin.py:137} INFO - [2023-01-14T20:54:44.948+0000] {dag.py:3423} INFO - Setting next_dagrun for example_complex to None, run_after=None
[2023-01-14T20:54:45.063+0000] {processor.py:175} INFO - Processing /media/prempeh/Nouveau nom/MASTER2/DATA ENGINEERING/airflow/py_env/lib/python3.10/site-packages/airflow/example_dags/example_complex.py took 0.885 seconds
[2023-01-14T20:55:47.100+0000] {processor.py:153} INFO - Started process (PID=6779) to work on /media/prempeh/Nouveau nom/MASTER2/DATA ENGINEERING/airflow/py_env/lib/python3.10/site-packages/airflow/example_dags/example_complex.py
[2023-01-14T20:55:47.103+0000] {processor.py:743} INFO - Processing file /media/prempeh/Nouveau nom/MASTER2/DATA ENGINEERING/airflow/py_env/lib/python3.10/site-packages/airflow/example_dags/example_complex.py for tasks to queue
[2023-01-14T20:55:47.107+0000] {logging_mixin.py:137} INFO - [2023-01-14T20:55:47.107+0000] {dagbag.py:538} INFO - Filling up the DagBag from /media/prempeh/Nouveau nom/MASTER2/DATA ENGINEERING/airflow/py_env/lib/python3.10/site-packages/airflow/example_dags/example_complex.py
[2023-01-14T20:55:47.173+0000] {logging_mixin.py:137} INFO - [2023-01-14T20:55:47.172+0000] {taskmixin.py:205} WARNING - Dependency <Task(BashOperator): create_entry_group>, delete_entry_group already registered for DAG: example_complex
[2023-01-14T20:55:47.174+0000] {logging_mixin.py:137} INFO - [2023-01-14T20:55:47.174+0000] {taskmixin.py:205} WARNING - Dependency <Task(BashOperator): delete_entry_group>, create_entry_group already registered for DAG: example_complex
[2023-01-14T20:55:47.176+0000] {logging_mixin.py:137} INFO - [2023-01-14T20:55:47.176+0000] {taskmixin.py:205} WARNING - Dependency <Task(BashOperator): create_entry_gcs>, delete_entry already registered for DAG: example_complex
[2023-01-14T20:55:47.177+0000] {logging_mixin.py:137} INFO - [2023-01-14T20:55:47.177+0000] {taskmixin.py:205} WARNING - Dependency <Task(BashOperator): delete_entry>, create_entry_gcs already registered for DAG: example_complex
[2023-01-14T20:55:47.179+0000] {logging_mixin.py:137} INFO - [2023-01-14T20:55:47.178+0000] {taskmixin.py:205} WARNING - Dependency <Task(BashOperator): create_tag>, delete_tag already registered for DAG: example_complex
[2023-01-14T20:55:47.180+0000] {logging_mixin.py:137} INFO - [2023-01-14T20:55:47.180+0000] {taskmixin.py:205} WARNING - Dependency <Task(BashOperator): delete_tag>, create_tag already registered for DAG: example_complex
[2023-01-14T20:55:47.270+0000] {processor.py:753} INFO - DAG(s) dict_keys(['example_complex']) retrieved from /media/prempeh/Nouveau nom/MASTER2/DATA ENGINEERING/airflow/py_env/lib/python3.10/site-packages/airflow/example_dags/example_complex.py
[2023-01-14T20:55:47.438+0000] {logging_mixin.py:137} INFO - [2023-01-14T20:55:47.438+0000] {dag.py:2676} INFO - Sync 1 DAGs
[2023-01-14T20:55:47.513+0000] {logging_mixin.py:137} INFO - [2023-01-14T20:55:47.512+0000] {dag.py:3423} INFO - Setting next_dagrun for example_complex to None, run_after=None
[2023-01-14T20:55:47.592+0000] {processor.py:175} INFO - Processing /media/prempeh/Nouveau nom/MASTER2/DATA ENGINEERING/airflow/py_env/lib/python3.10/site-packages/airflow/example_dags/example_complex.py took 0.504 seconds
[2023-01-14T20:56:46.024+0000] {processor.py:153} INFO - Started process (PID=6954) to work on /media/prempeh/Nouveau nom/MASTER2/DATA ENGINEERING/airflow/py_env/lib/python3.10/site-packages/airflow/example_dags/example_complex.py
[2023-01-14T20:56:46.027+0000] {processor.py:743} INFO - Processing file /media/prempeh/Nouveau nom/MASTER2/DATA ENGINEERING/airflow/py_env/lib/python3.10/site-packages/airflow/example_dags/example_complex.py for tasks to queue
[2023-01-14T20:56:46.031+0000] {logging_mixin.py:137} INFO - [2023-01-14T20:56:46.031+0000] {dagbag.py:538} INFO - Filling up the DagBag from /media/prempeh/Nouveau nom/MASTER2/DATA ENGINEERING/airflow/py_env/lib/python3.10/site-packages/airflow/example_dags/example_complex.py
[2023-01-14T20:56:46.090+0000] {logging_mixin.py:137} INFO - [2023-01-14T20:56:46.089+0000] {taskmixin.py:205} WARNING - Dependency <Task(BashOperator): create_entry_group>, delete_entry_group already registered for DAG: example_complex
[2023-01-14T20:56:46.091+0000] {logging_mixin.py:137} INFO - [2023-01-14T20:56:46.091+0000] {taskmixin.py:205} WARNING - Dependency <Task(BashOperator): delete_entry_group>, create_entry_group already registered for DAG: example_complex
[2023-01-14T20:56:46.092+0000] {logging_mixin.py:137} INFO - [2023-01-14T20:56:46.092+0000] {taskmixin.py:205} WARNING - Dependency <Task(BashOperator): create_entry_gcs>, delete_entry already registered for DAG: example_complex
[2023-01-14T20:56:46.093+0000] {logging_mixin.py:137} INFO - [2023-01-14T20:56:46.093+0000] {taskmixin.py:205} WARNING - Dependency <Task(BashOperator): delete_entry>, create_entry_gcs already registered for DAG: example_complex
[2023-01-14T20:56:46.095+0000] {logging_mixin.py:137} INFO - [2023-01-14T20:56:46.094+0000] {taskmixin.py:205} WARNING - Dependency <Task(BashOperator): create_tag>, delete_tag already registered for DAG: example_complex
[2023-01-14T20:56:46.096+0000] {logging_mixin.py:137} INFO - [2023-01-14T20:56:46.095+0000] {taskmixin.py:205} WARNING - Dependency <Task(BashOperator): delete_tag>, create_tag already registered for DAG: example_complex
[2023-01-14T20:56:46.202+0000] {processor.py:753} INFO - DAG(s) dict_keys(['example_complex']) retrieved from /media/prempeh/Nouveau nom/MASTER2/DATA ENGINEERING/airflow/py_env/lib/python3.10/site-packages/airflow/example_dags/example_complex.py
[2023-01-14T20:56:46.343+0000] {logging_mixin.py:137} INFO - [2023-01-14T20:56:46.343+0000] {dag.py:2676} INFO - Sync 1 DAGs
[2023-01-14T20:56:46.406+0000] {logging_mixin.py:137} INFO - [2023-01-14T20:56:46.406+0000] {dag.py:3423} INFO - Setting next_dagrun for example_complex to None, run_after=None
[2023-01-14T20:56:46.475+0000] {processor.py:175} INFO - Processing /media/prempeh/Nouveau nom/MASTER2/DATA ENGINEERING/airflow/py_env/lib/python3.10/site-packages/airflow/example_dags/example_complex.py took 0.460 seconds
[2023-01-14T20:57:48.437+0000] {processor.py:153} INFO - Started process (PID=7101) to work on /media/prempeh/Nouveau nom/MASTER2/DATA ENGINEERING/airflow/py_env/lib/python3.10/site-packages/airflow/example_dags/example_complex.py
[2023-01-14T20:57:48.442+0000] {processor.py:743} INFO - Processing file /media/prempeh/Nouveau nom/MASTER2/DATA ENGINEERING/airflow/py_env/lib/python3.10/site-packages/airflow/example_dags/example_complex.py for tasks to queue
[2023-01-14T20:57:48.450+0000] {logging_mixin.py:137} INFO - [2023-01-14T20:57:48.449+0000] {dagbag.py:538} INFO - Filling up the DagBag from /media/prempeh/Nouveau nom/MASTER2/DATA ENGINEERING/airflow/py_env/lib/python3.10/site-packages/airflow/example_dags/example_complex.py
[2023-01-14T20:57:48.571+0000] {logging_mixin.py:137} INFO - [2023-01-14T20:57:48.570+0000] {taskmixin.py:205} WARNING - Dependency <Task(BashOperator): create_entry_group>, delete_entry_group already registered for DAG: example_complex
[2023-01-14T20:57:48.573+0000] {logging_mixin.py:137} INFO - [2023-01-14T20:57:48.572+0000] {taskmixin.py:205} WARNING - Dependency <Task(BashOperator): delete_entry_group>, create_entry_group already registered for DAG: example_complex
[2023-01-14T20:57:48.576+0000] {logging_mixin.py:137} INFO - [2023-01-14T20:57:48.575+0000] {taskmixin.py:205} WARNING - Dependency <Task(BashOperator): create_entry_gcs>, delete_entry already registered for DAG: example_complex
[2023-01-14T20:57:48.579+0000] {logging_mixin.py:137} INFO - [2023-01-14T20:57:48.578+0000] {taskmixin.py:205} WARNING - Dependency <Task(BashOperator): delete_entry>, create_entry_gcs already registered for DAG: example_complex
[2023-01-14T20:57:48.581+0000] {logging_mixin.py:137} INFO - [2023-01-14T20:57:48.580+0000] {taskmixin.py:205} WARNING - Dependency <Task(BashOperator): create_tag>, delete_tag already registered for DAG: example_complex
[2023-01-14T20:57:48.583+0000] {logging_mixin.py:137} INFO - [2023-01-14T20:57:48.582+0000] {taskmixin.py:205} WARNING - Dependency <Task(BashOperator): delete_tag>, create_tag already registered for DAG: example_complex
[2023-01-14T20:57:48.735+0000] {processor.py:753} INFO - DAG(s) dict_keys(['example_complex']) retrieved from /media/prempeh/Nouveau nom/MASTER2/DATA ENGINEERING/airflow/py_env/lib/python3.10/site-packages/airflow/example_dags/example_complex.py
[2023-01-14T20:57:49.015+0000] {logging_mixin.py:137} INFO - [2023-01-14T20:57:49.014+0000] {dag.py:2676} INFO - Sync 1 DAGs
[2023-01-14T20:57:49.087+0000] {logging_mixin.py:137} INFO - [2023-01-14T20:57:49.086+0000] {dag.py:3423} INFO - Setting next_dagrun for example_complex to None, run_after=None
[2023-01-14T20:57:49.159+0000] {processor.py:175} INFO - Processing /media/prempeh/Nouveau nom/MASTER2/DATA ENGINEERING/airflow/py_env/lib/python3.10/site-packages/airflow/example_dags/example_complex.py took 0.735 seconds
[2023-01-14T20:58:45.225+0000] {processor.py:153} INFO - Started process (PID=7142) to work on /media/prempeh/Nouveau nom/MASTER2/DATA ENGINEERING/airflow/py_env/lib/python3.10/site-packages/airflow/example_dags/example_complex.py
[2023-01-14T20:58:45.227+0000] {processor.py:743} INFO - Processing file /media/prempeh/Nouveau nom/MASTER2/DATA ENGINEERING/airflow/py_env/lib/python3.10/site-packages/airflow/example_dags/example_complex.py for tasks to queue
[2023-01-14T20:58:45.232+0000] {logging_mixin.py:137} INFO - [2023-01-14T20:58:45.232+0000] {dagbag.py:538} INFO - Filling up the DagBag from /media/prempeh/Nouveau nom/MASTER2/DATA ENGINEERING/airflow/py_env/lib/python3.10/site-packages/airflow/example_dags/example_complex.py
[2023-01-14T20:58:45.289+0000] {logging_mixin.py:137} INFO - [2023-01-14T20:58:45.289+0000] {taskmixin.py:205} WARNING - Dependency <Task(BashOperator): create_entry_group>, delete_entry_group already registered for DAG: example_complex
[2023-01-14T20:58:45.290+0000] {logging_mixin.py:137} INFO - [2023-01-14T20:58:45.290+0000] {taskmixin.py:205} WARNING - Dependency <Task(BashOperator): delete_entry_group>, create_entry_group already registered for DAG: example_complex
[2023-01-14T20:58:45.291+0000] {logging_mixin.py:137} INFO - [2023-01-14T20:58:45.291+0000] {taskmixin.py:205} WARNING - Dependency <Task(BashOperator): create_entry_gcs>, delete_entry already registered for DAG: example_complex
[2023-01-14T20:58:45.293+0000] {logging_mixin.py:137} INFO - [2023-01-14T20:58:45.293+0000] {taskmixin.py:205} WARNING - Dependency <Task(BashOperator): delete_entry>, create_entry_gcs already registered for DAG: example_complex
[2023-01-14T20:58:45.295+0000] {logging_mixin.py:137} INFO - [2023-01-14T20:58:45.294+0000] {taskmixin.py:205} WARNING - Dependency <Task(BashOperator): create_tag>, delete_tag already registered for DAG: example_complex
[2023-01-14T20:58:45.296+0000] {logging_mixin.py:137} INFO - [2023-01-14T20:58:45.295+0000] {taskmixin.py:205} WARNING - Dependency <Task(BashOperator): delete_tag>, create_tag already registered for DAG: example_complex
[2023-01-14T20:58:45.370+0000] {processor.py:753} INFO - DAG(s) dict_keys(['example_complex']) retrieved from /media/prempeh/Nouveau nom/MASTER2/DATA ENGINEERING/airflow/py_env/lib/python3.10/site-packages/airflow/example_dags/example_complex.py
[2023-01-14T20:58:45.513+0000] {logging_mixin.py:137} INFO - [2023-01-14T20:58:45.512+0000] {dag.py:2676} INFO - Sync 1 DAGs
[2023-01-14T20:58:45.575+0000] {logging_mixin.py:137} INFO - [2023-01-14T20:58:45.574+0000] {dag.py:3423} INFO - Setting next_dagrun for example_complex to None, run_after=None
[2023-01-14T20:58:45.645+0000] {processor.py:175} INFO - Processing /media/prempeh/Nouveau nom/MASTER2/DATA ENGINEERING/airflow/py_env/lib/python3.10/site-packages/airflow/example_dags/example_complex.py took 0.430 seconds
[2023-01-14T20:59:36.118+0000] {processor.py:153} INFO - Started process (PID=7190) to work on /media/prempeh/Nouveau nom/MASTER2/DATA ENGINEERING/airflow/py_env/lib/python3.10/site-packages/airflow/example_dags/example_complex.py
[2023-01-14T20:59:36.122+0000] {processor.py:743} INFO - Processing file /media/prempeh/Nouveau nom/MASTER2/DATA ENGINEERING/airflow/py_env/lib/python3.10/site-packages/airflow/example_dags/example_complex.py for tasks to queue
[2023-01-14T20:59:36.131+0000] {logging_mixin.py:137} INFO - [2023-01-14T20:59:36.130+0000] {dagbag.py:538} INFO - Filling up the DagBag from /media/prempeh/Nouveau nom/MASTER2/DATA ENGINEERING/airflow/py_env/lib/python3.10/site-packages/airflow/example_dags/example_complex.py
[2023-01-14T20:59:36.203+0000] {logging_mixin.py:137} INFO - [2023-01-14T20:59:36.202+0000] {taskmixin.py:205} WARNING - Dependency <Task(BashOperator): create_entry_group>, delete_entry_group already registered for DAG: example_complex
[2023-01-14T20:59:36.205+0000] {logging_mixin.py:137} INFO - [2023-01-14T20:59:36.204+0000] {taskmixin.py:205} WARNING - Dependency <Task(BashOperator): delete_entry_group>, create_entry_group already registered for DAG: example_complex
[2023-01-14T20:59:36.207+0000] {logging_mixin.py:137} INFO - [2023-01-14T20:59:36.206+0000] {taskmixin.py:205} WARNING - Dependency <Task(BashOperator): create_entry_gcs>, delete_entry already registered for DAG: example_complex
[2023-01-14T20:59:36.208+0000] {logging_mixin.py:137} INFO - [2023-01-14T20:59:36.208+0000] {taskmixin.py:205} WARNING - Dependency <Task(BashOperator): delete_entry>, create_entry_gcs already registered for DAG: example_complex
[2023-01-14T20:59:36.210+0000] {logging_mixin.py:137} INFO - [2023-01-14T20:59:36.210+0000] {taskmixin.py:205} WARNING - Dependency <Task(BashOperator): create_tag>, delete_tag already registered for DAG: example_complex
[2023-01-14T20:59:36.211+0000] {logging_mixin.py:137} INFO - [2023-01-14T20:59:36.211+0000] {taskmixin.py:205} WARNING - Dependency <Task(BashOperator): delete_tag>, create_tag already registered for DAG: example_complex
[2023-01-14T20:59:36.304+0000] {processor.py:753} INFO - DAG(s) dict_keys(['example_complex']) retrieved from /media/prempeh/Nouveau nom/MASTER2/DATA ENGINEERING/airflow/py_env/lib/python3.10/site-packages/airflow/example_dags/example_complex.py
[2023-01-14T20:59:36.472+0000] {logging_mixin.py:137} INFO - [2023-01-14T20:59:36.472+0000] {dag.py:2676} INFO - Sync 1 DAGs
[2023-01-14T20:59:36.540+0000] {logging_mixin.py:137} INFO - [2023-01-14T20:59:36.540+0000] {dag.py:3423} INFO - Setting next_dagrun for example_complex to None, run_after=None
[2023-01-14T20:59:36.618+0000] {processor.py:175} INFO - Processing /media/prempeh/Nouveau nom/MASTER2/DATA ENGINEERING/airflow/py_env/lib/python3.10/site-packages/airflow/example_dags/example_complex.py took 0.514 seconds
[2023-01-14T21:00:35.148+0000] {processor.py:153} INFO - Started process (PID=7267) to work on /media/prempeh/Nouveau nom/MASTER2/DATA ENGINEERING/airflow/py_env/lib/python3.10/site-packages/airflow/example_dags/example_complex.py
[2023-01-14T21:00:35.152+0000] {processor.py:743} INFO - Processing file /media/prempeh/Nouveau nom/MASTER2/DATA ENGINEERING/airflow/py_env/lib/python3.10/site-packages/airflow/example_dags/example_complex.py for tasks to queue
[2023-01-14T21:00:35.157+0000] {logging_mixin.py:137} INFO - [2023-01-14T21:00:35.156+0000] {dagbag.py:538} INFO - Filling up the DagBag from /media/prempeh/Nouveau nom/MASTER2/DATA ENGINEERING/airflow/py_env/lib/python3.10/site-packages/airflow/example_dags/example_complex.py
[2023-01-14T21:00:35.212+0000] {logging_mixin.py:137} INFO - [2023-01-14T21:00:35.212+0000] {taskmixin.py:205} WARNING - Dependency <Task(BashOperator): create_entry_group>, delete_entry_group already registered for DAG: example_complex
[2023-01-14T21:00:35.213+0000] {logging_mixin.py:137} INFO - [2023-01-14T21:00:35.213+0000] {taskmixin.py:205} WARNING - Dependency <Task(BashOperator): delete_entry_group>, create_entry_group already registered for DAG: example_complex
[2023-01-14T21:00:35.214+0000] {logging_mixin.py:137} INFO - [2023-01-14T21:00:35.214+0000] {taskmixin.py:205} WARNING - Dependency <Task(BashOperator): create_entry_gcs>, delete_entry already registered for DAG: example_complex
[2023-01-14T21:00:35.215+0000] {logging_mixin.py:137} INFO - [2023-01-14T21:00:35.215+0000] {taskmixin.py:205} WARNING - Dependency <Task(BashOperator): delete_entry>, create_entry_gcs already registered for DAG: example_complex
[2023-01-14T21:00:35.217+0000] {logging_mixin.py:137} INFO - [2023-01-14T21:00:35.216+0000] {taskmixin.py:205} WARNING - Dependency <Task(BashOperator): create_tag>, delete_tag already registered for DAG: example_complex
[2023-01-14T21:00:35.217+0000] {logging_mixin.py:137} INFO - [2023-01-14T21:00:35.217+0000] {taskmixin.py:205} WARNING - Dependency <Task(BashOperator): delete_tag>, create_tag already registered for DAG: example_complex
[2023-01-14T21:00:35.297+0000] {processor.py:753} INFO - DAG(s) dict_keys(['example_complex']) retrieved from /media/prempeh/Nouveau nom/MASTER2/DATA ENGINEERING/airflow/py_env/lib/python3.10/site-packages/airflow/example_dags/example_complex.py
[2023-01-14T21:00:35.462+0000] {logging_mixin.py:137} INFO - [2023-01-14T21:00:35.461+0000] {dag.py:2676} INFO - Sync 1 DAGs
[2023-01-14T21:00:35.521+0000] {logging_mixin.py:137} INFO - [2023-01-14T21:00:35.521+0000] {dag.py:3423} INFO - Setting next_dagrun for example_complex to None, run_after=None
[2023-01-14T21:00:35.591+0000] {processor.py:175} INFO - Processing /media/prempeh/Nouveau nom/MASTER2/DATA ENGINEERING/airflow/py_env/lib/python3.10/site-packages/airflow/example_dags/example_complex.py took 0.455 seconds
[2023-01-14T21:01:52.319+0000] {processor.py:153} INFO - Started process (PID=7327) to work on /media/prempeh/Nouveau nom/MASTER2/DATA ENGINEERING/airflow/py_env/lib/python3.10/site-packages/airflow/example_dags/example_complex.py
[2023-01-14T21:01:52.324+0000] {processor.py:743} INFO - Processing file /media/prempeh/Nouveau nom/MASTER2/DATA ENGINEERING/airflow/py_env/lib/python3.10/site-packages/airflow/example_dags/example_complex.py for tasks to queue
[2023-01-14T21:01:52.328+0000] {logging_mixin.py:137} INFO - [2023-01-14T21:01:52.328+0000] {dagbag.py:538} INFO - Filling up the DagBag from /media/prempeh/Nouveau nom/MASTER2/DATA ENGINEERING/airflow/py_env/lib/python3.10/site-packages/airflow/example_dags/example_complex.py
[2023-01-14T21:01:52.386+0000] {logging_mixin.py:137} INFO - [2023-01-14T21:01:52.385+0000] {taskmixin.py:205} WARNING - Dependency <Task(BashOperator): create_entry_group>, delete_entry_group already registered for DAG: example_complex
[2023-01-14T21:01:52.387+0000] {logging_mixin.py:137} INFO - [2023-01-14T21:01:52.387+0000] {taskmixin.py:205} WARNING - Dependency <Task(BashOperator): delete_entry_group>, create_entry_group already registered for DAG: example_complex
[2023-01-14T21:01:52.388+0000] {logging_mixin.py:137} INFO - [2023-01-14T21:01:52.388+0000] {taskmixin.py:205} WARNING - Dependency <Task(BashOperator): create_entry_gcs>, delete_entry already registered for DAG: example_complex
[2023-01-14T21:01:52.389+0000] {logging_mixin.py:137} INFO - [2023-01-14T21:01:52.389+0000] {taskmixin.py:205} WARNING - Dependency <Task(BashOperator): delete_entry>, create_entry_gcs already registered for DAG: example_complex
[2023-01-14T21:01:52.390+0000] {logging_mixin.py:137} INFO - [2023-01-14T21:01:52.390+0000] {taskmixin.py:205} WARNING - Dependency <Task(BashOperator): create_tag>, delete_tag already registered for DAG: example_complex
[2023-01-14T21:01:52.391+0000] {logging_mixin.py:137} INFO - [2023-01-14T21:01:52.391+0000] {taskmixin.py:205} WARNING - Dependency <Task(BashOperator): delete_tag>, create_tag already registered for DAG: example_complex
[2023-01-14T21:01:52.482+0000] {processor.py:753} INFO - DAG(s) dict_keys(['example_complex']) retrieved from /media/prempeh/Nouveau nom/MASTER2/DATA ENGINEERING/airflow/py_env/lib/python3.10/site-packages/airflow/example_dags/example_complex.py
[2023-01-14T21:01:52.643+0000] {logging_mixin.py:137} INFO - [2023-01-14T21:01:52.642+0000] {dag.py:2676} INFO - Sync 1 DAGs
[2023-01-14T21:01:52.703+0000] {logging_mixin.py:137} INFO - [2023-01-14T21:01:52.702+0000] {dag.py:3423} INFO - Setting next_dagrun for example_complex to None, run_after=None
[2023-01-14T21:01:52.780+0000] {processor.py:175} INFO - Processing /media/prempeh/Nouveau nom/MASTER2/DATA ENGINEERING/airflow/py_env/lib/python3.10/site-packages/airflow/example_dags/example_complex.py took 0.470 seconds
[2023-01-14T21:02:46.696+0000] {processor.py:153} INFO - Started process (PID=7399) to work on /media/prempeh/Nouveau nom/MASTER2/DATA ENGINEERING/airflow/py_env/lib/python3.10/site-packages/airflow/example_dags/example_complex.py
[2023-01-14T21:02:46.699+0000] {processor.py:743} INFO - Processing file /media/prempeh/Nouveau nom/MASTER2/DATA ENGINEERING/airflow/py_env/lib/python3.10/site-packages/airflow/example_dags/example_complex.py for tasks to queue
[2023-01-14T21:02:46.703+0000] {logging_mixin.py:137} INFO - [2023-01-14T21:02:46.703+0000] {dagbag.py:538} INFO - Filling up the DagBag from /media/prempeh/Nouveau nom/MASTER2/DATA ENGINEERING/airflow/py_env/lib/python3.10/site-packages/airflow/example_dags/example_complex.py
[2023-01-14T21:02:46.770+0000] {logging_mixin.py:137} INFO - [2023-01-14T21:02:46.769+0000] {taskmixin.py:205} WARNING - Dependency <Task(BashOperator): create_entry_group>, delete_entry_group already registered for DAG: example_complex
[2023-01-14T21:02:46.771+0000] {logging_mixin.py:137} INFO - [2023-01-14T21:02:46.770+0000] {taskmixin.py:205} WARNING - Dependency <Task(BashOperator): delete_entry_group>, create_entry_group already registered for DAG: example_complex
[2023-01-14T21:02:46.772+0000] {logging_mixin.py:137} INFO - [2023-01-14T21:02:46.772+0000] {taskmixin.py:205} WARNING - Dependency <Task(BashOperator): create_entry_gcs>, delete_entry already registered for DAG: example_complex
[2023-01-14T21:02:46.773+0000] {logging_mixin.py:137} INFO - [2023-01-14T21:02:46.772+0000] {taskmixin.py:205} WARNING - Dependency <Task(BashOperator): delete_entry>, create_entry_gcs already registered for DAG: example_complex
[2023-01-14T21:02:46.774+0000] {logging_mixin.py:137} INFO - [2023-01-14T21:02:46.774+0000] {taskmixin.py:205} WARNING - Dependency <Task(BashOperator): create_tag>, delete_tag already registered for DAG: example_complex
[2023-01-14T21:02:46.775+0000] {logging_mixin.py:137} INFO - [2023-01-14T21:02:46.775+0000] {taskmixin.py:205} WARNING - Dependency <Task(BashOperator): delete_tag>, create_tag already registered for DAG: example_complex
[2023-01-14T21:02:46.870+0000] {processor.py:753} INFO - DAG(s) dict_keys(['example_complex']) retrieved from /media/prempeh/Nouveau nom/MASTER2/DATA ENGINEERING/airflow/py_env/lib/python3.10/site-packages/airflow/example_dags/example_complex.py
[2023-01-14T21:02:47.038+0000] {logging_mixin.py:137} INFO - [2023-01-14T21:02:47.037+0000] {dag.py:2676} INFO - Sync 1 DAGs
[2023-01-14T21:02:47.107+0000] {logging_mixin.py:137} INFO - [2023-01-14T21:02:47.107+0000] {dag.py:3423} INFO - Setting next_dagrun for example_complex to None, run_after=None
[2023-01-14T21:02:47.179+0000] {processor.py:175} INFO - Processing /media/prempeh/Nouveau nom/MASTER2/DATA ENGINEERING/airflow/py_env/lib/python3.10/site-packages/airflow/example_dags/example_complex.py took 0.492 seconds
[2023-01-14T21:04:09.047+0000] {processor.py:153} INFO - Started process (PID=7484) to work on /media/prempeh/Nouveau nom/MASTER2/DATA ENGINEERING/airflow/py_env/lib/python3.10/site-packages/airflow/example_dags/example_complex.py
[2023-01-14T21:04:09.051+0000] {processor.py:743} INFO - Processing file /media/prempeh/Nouveau nom/MASTER2/DATA ENGINEERING/airflow/py_env/lib/python3.10/site-packages/airflow/example_dags/example_complex.py for tasks to queue
[2023-01-14T21:04:09.063+0000] {logging_mixin.py:137} INFO - [2023-01-14T21:04:09.063+0000] {dagbag.py:538} INFO - Filling up the DagBag from /media/prempeh/Nouveau nom/MASTER2/DATA ENGINEERING/airflow/py_env/lib/python3.10/site-packages/airflow/example_dags/example_complex.py
[2023-01-14T21:04:09.174+0000] {logging_mixin.py:137} INFO - [2023-01-14T21:04:09.173+0000] {taskmixin.py:205} WARNING - Dependency <Task(BashOperator): create_entry_group>, delete_entry_group already registered for DAG: example_complex
[2023-01-14T21:04:09.175+0000] {logging_mixin.py:137} INFO - [2023-01-14T21:04:09.175+0000] {taskmixin.py:205} WARNING - Dependency <Task(BashOperator): delete_entry_group>, create_entry_group already registered for DAG: example_complex
[2023-01-14T21:04:09.177+0000] {logging_mixin.py:137} INFO - [2023-01-14T21:04:09.177+0000] {taskmixin.py:205} WARNING - Dependency <Task(BashOperator): create_entry_gcs>, delete_entry already registered for DAG: example_complex
[2023-01-14T21:04:09.179+0000] {logging_mixin.py:137} INFO - [2023-01-14T21:04:09.178+0000] {taskmixin.py:205} WARNING - Dependency <Task(BashOperator): delete_entry>, create_entry_gcs already registered for DAG: example_complex
[2023-01-14T21:04:09.181+0000] {logging_mixin.py:137} INFO - [2023-01-14T21:04:09.180+0000] {taskmixin.py:205} WARNING - Dependency <Task(BashOperator): create_tag>, delete_tag already registered for DAG: example_complex
[2023-01-14T21:04:09.183+0000] {logging_mixin.py:137} INFO - [2023-01-14T21:04:09.182+0000] {taskmixin.py:205} WARNING - Dependency <Task(BashOperator): delete_tag>, create_tag already registered for DAG: example_complex
[2023-01-14T21:04:09.326+0000] {processor.py:753} INFO - DAG(s) dict_keys(['example_complex']) retrieved from /media/prempeh/Nouveau nom/MASTER2/DATA ENGINEERING/airflow/py_env/lib/python3.10/site-packages/airflow/example_dags/example_complex.py
[2023-01-14T21:04:09.612+0000] {logging_mixin.py:137} INFO - [2023-01-14T21:04:09.611+0000] {dag.py:2676} INFO - Sync 1 DAGs
[2023-01-14T21:04:09.727+0000] {logging_mixin.py:137} INFO - [2023-01-14T21:04:09.725+0000] {dag.py:3423} INFO - Setting next_dagrun for example_complex to None, run_after=None
[2023-01-14T21:04:09.859+0000] {processor.py:175} INFO - Processing /media/prempeh/Nouveau nom/MASTER2/DATA ENGINEERING/airflow/py_env/lib/python3.10/site-packages/airflow/example_dags/example_complex.py took 0.825 seconds
[2023-01-14T21:05:11.484+0000] {processor.py:153} INFO - Started process (PID=7536) to work on /media/prempeh/Nouveau nom/MASTER2/DATA ENGINEERING/airflow/py_env/lib/python3.10/site-packages/airflow/example_dags/example_complex.py
[2023-01-14T21:05:11.487+0000] {processor.py:743} INFO - Processing file /media/prempeh/Nouveau nom/MASTER2/DATA ENGINEERING/airflow/py_env/lib/python3.10/site-packages/airflow/example_dags/example_complex.py for tasks to queue
[2023-01-14T21:05:11.491+0000] {logging_mixin.py:137} INFO - [2023-01-14T21:05:11.491+0000] {dagbag.py:538} INFO - Filling up the DagBag from /media/prempeh/Nouveau nom/MASTER2/DATA ENGINEERING/airflow/py_env/lib/python3.10/site-packages/airflow/example_dags/example_complex.py
[2023-01-14T21:05:11.551+0000] {logging_mixin.py:137} INFO - [2023-01-14T21:05:11.550+0000] {taskmixin.py:205} WARNING - Dependency <Task(BashOperator): create_entry_group>, delete_entry_group already registered for DAG: example_complex
[2023-01-14T21:05:11.552+0000] {logging_mixin.py:137} INFO - [2023-01-14T21:05:11.552+0000] {taskmixin.py:205} WARNING - Dependency <Task(BashOperator): delete_entry_group>, create_entry_group already registered for DAG: example_complex
[2023-01-14T21:05:11.553+0000] {logging_mixin.py:137} INFO - [2023-01-14T21:05:11.553+0000] {taskmixin.py:205} WARNING - Dependency <Task(BashOperator): create_entry_gcs>, delete_entry already registered for DAG: example_complex
[2023-01-14T21:05:11.554+0000] {logging_mixin.py:137} INFO - [2023-01-14T21:05:11.554+0000] {taskmixin.py:205} WARNING - Dependency <Task(BashOperator): delete_entry>, create_entry_gcs already registered for DAG: example_complex
[2023-01-14T21:05:11.556+0000] {logging_mixin.py:137} INFO - [2023-01-14T21:05:11.555+0000] {taskmixin.py:205} WARNING - Dependency <Task(BashOperator): create_tag>, delete_tag already registered for DAG: example_complex
[2023-01-14T21:05:11.556+0000] {logging_mixin.py:137} INFO - [2023-01-14T21:05:11.556+0000] {taskmixin.py:205} WARNING - Dependency <Task(BashOperator): delete_tag>, create_tag already registered for DAG: example_complex
[2023-01-14T21:05:11.639+0000] {processor.py:753} INFO - DAG(s) dict_keys(['example_complex']) retrieved from /media/prempeh/Nouveau nom/MASTER2/DATA ENGINEERING/airflow/py_env/lib/python3.10/site-packages/airflow/example_dags/example_complex.py
[2023-01-14T21:05:11.844+0000] {logging_mixin.py:137} INFO - [2023-01-14T21:05:11.843+0000] {dag.py:2676} INFO - Sync 1 DAGs
[2023-01-14T21:05:11.921+0000] {logging_mixin.py:137} INFO - [2023-01-14T21:05:11.921+0000] {dag.py:3423} INFO - Setting next_dagrun for example_complex to None, run_after=None
[2023-01-14T21:05:12.006+0000] {processor.py:175} INFO - Processing /media/prempeh/Nouveau nom/MASTER2/DATA ENGINEERING/airflow/py_env/lib/python3.10/site-packages/airflow/example_dags/example_complex.py took 0.530 seconds
[2023-01-14T21:06:11.091+0000] {processor.py:153} INFO - Started process (PID=7651) to work on /media/prempeh/Nouveau nom/MASTER2/DATA ENGINEERING/airflow/py_env/lib/python3.10/site-packages/airflow/example_dags/example_complex.py
[2023-01-14T21:06:11.109+0000] {processor.py:743} INFO - Processing file /media/prempeh/Nouveau nom/MASTER2/DATA ENGINEERING/airflow/py_env/lib/python3.10/site-packages/airflow/example_dags/example_complex.py for tasks to queue
[2023-01-14T21:06:11.116+0000] {logging_mixin.py:137} INFO - [2023-01-14T21:06:11.115+0000] {dagbag.py:538} INFO - Filling up the DagBag from /media/prempeh/Nouveau nom/MASTER2/DATA ENGINEERING/airflow/py_env/lib/python3.10/site-packages/airflow/example_dags/example_complex.py
[2023-01-14T21:06:11.219+0000] {logging_mixin.py:137} INFO - [2023-01-14T21:06:11.217+0000] {taskmixin.py:205} WARNING - Dependency <Task(BashOperator): create_entry_group>, delete_entry_group already registered for DAG: example_complex
[2023-01-14T21:06:11.222+0000] {logging_mixin.py:137} INFO - [2023-01-14T21:06:11.221+0000] {taskmixin.py:205} WARNING - Dependency <Task(BashOperator): delete_entry_group>, create_entry_group already registered for DAG: example_complex
[2023-01-14T21:06:11.223+0000] {logging_mixin.py:137} INFO - [2023-01-14T21:06:11.223+0000] {taskmixin.py:205} WARNING - Dependency <Task(BashOperator): create_entry_gcs>, delete_entry already registered for DAG: example_complex
[2023-01-14T21:06:11.224+0000] {logging_mixin.py:137} INFO - [2023-01-14T21:06:11.224+0000] {taskmixin.py:205} WARNING - Dependency <Task(BashOperator): delete_entry>, create_entry_gcs already registered for DAG: example_complex
[2023-01-14T21:06:11.226+0000] {logging_mixin.py:137} INFO - [2023-01-14T21:06:11.226+0000] {taskmixin.py:205} WARNING - Dependency <Task(BashOperator): create_tag>, delete_tag already registered for DAG: example_complex
[2023-01-14T21:06:11.228+0000] {logging_mixin.py:137} INFO - [2023-01-14T21:06:11.227+0000] {taskmixin.py:205} WARNING - Dependency <Task(BashOperator): delete_tag>, create_tag already registered for DAG: example_complex
[2023-01-14T21:06:11.389+0000] {processor.py:753} INFO - DAG(s) dict_keys(['example_complex']) retrieved from /media/prempeh/Nouveau nom/MASTER2/DATA ENGINEERING/airflow/py_env/lib/python3.10/site-packages/airflow/example_dags/example_complex.py
[2023-01-14T21:06:11.715+0000] {logging_mixin.py:137} INFO - [2023-01-14T21:06:11.714+0000] {dag.py:2676} INFO - Sync 1 DAGs
[2023-01-14T21:06:11.824+0000] {logging_mixin.py:137} INFO - [2023-01-14T21:06:11.824+0000] {dag.py:3423} INFO - Setting next_dagrun for example_complex to None, run_after=None
[2023-01-14T21:06:11.946+0000] {processor.py:175} INFO - Processing /media/prempeh/Nouveau nom/MASTER2/DATA ENGINEERING/airflow/py_env/lib/python3.10/site-packages/airflow/example_dags/example_complex.py took 0.868 seconds
[2023-01-14T21:07:40.082+0000] {processor.py:153} INFO - Started process (PID=7932) to work on /media/prempeh/Nouveau nom/MASTER2/DATA ENGINEERING/airflow/py_env/lib/python3.10/site-packages/airflow/example_dags/example_complex.py
[2023-01-14T21:07:40.089+0000] {processor.py:743} INFO - Processing file /media/prempeh/Nouveau nom/MASTER2/DATA ENGINEERING/airflow/py_env/lib/python3.10/site-packages/airflow/example_dags/example_complex.py for tasks to queue
[2023-01-14T21:07:40.095+0000] {logging_mixin.py:137} INFO - [2023-01-14T21:07:40.095+0000] {dagbag.py:538} INFO - Filling up the DagBag from /media/prempeh/Nouveau nom/MASTER2/DATA ENGINEERING/airflow/py_env/lib/python3.10/site-packages/airflow/example_dags/example_complex.py
[2023-01-14T21:07:40.203+0000] {logging_mixin.py:137} INFO - [2023-01-14T21:07:40.200+0000] {taskmixin.py:205} WARNING - Dependency <Task(BashOperator): create_entry_group>, delete_entry_group already registered for DAG: example_complex
[2023-01-14T21:07:40.208+0000] {logging_mixin.py:137} INFO - [2023-01-14T21:07:40.205+0000] {taskmixin.py:205} WARNING - Dependency <Task(BashOperator): delete_entry_group>, create_entry_group already registered for DAG: example_complex
[2023-01-14T21:07:40.218+0000] {logging_mixin.py:137} INFO - [2023-01-14T21:07:40.215+0000] {taskmixin.py:205} WARNING - Dependency <Task(BashOperator): create_entry_gcs>, delete_entry already registered for DAG: example_complex
[2023-01-14T21:07:40.221+0000] {logging_mixin.py:137} INFO - [2023-01-14T21:07:40.219+0000] {taskmixin.py:205} WARNING - Dependency <Task(BashOperator): delete_entry>, create_entry_gcs already registered for DAG: example_complex
[2023-01-14T21:07:40.226+0000] {logging_mixin.py:137} INFO - [2023-01-14T21:07:40.225+0000] {taskmixin.py:205} WARNING - Dependency <Task(BashOperator): create_tag>, delete_tag already registered for DAG: example_complex
[2023-01-14T21:07:40.229+0000] {logging_mixin.py:137} INFO - [2023-01-14T21:07:40.227+0000] {taskmixin.py:205} WARNING - Dependency <Task(BashOperator): delete_tag>, create_tag already registered for DAG: example_complex
[2023-01-14T21:07:40.404+0000] {processor.py:753} INFO - DAG(s) dict_keys(['example_complex']) retrieved from /media/prempeh/Nouveau nom/MASTER2/DATA ENGINEERING/airflow/py_env/lib/python3.10/site-packages/airflow/example_dags/example_complex.py
[2023-01-14T21:07:40.656+0000] {logging_mixin.py:137} INFO - [2023-01-14T21:07:40.655+0000] {dag.py:2676} INFO - Sync 1 DAGs
[2023-01-14T21:07:40.772+0000] {logging_mixin.py:137} INFO - [2023-01-14T21:07:40.772+0000] {dag.py:3423} INFO - Setting next_dagrun for example_complex to None, run_after=None
[2023-01-14T21:07:40.869+0000] {processor.py:175} INFO - Processing /media/prempeh/Nouveau nom/MASTER2/DATA ENGINEERING/airflow/py_env/lib/python3.10/site-packages/airflow/example_dags/example_complex.py took 0.797 seconds
[2023-01-14T21:08:58.230+0000] {processor.py:153} INFO - Started process (PID=8090) to work on /media/prempeh/Nouveau nom/MASTER2/DATA ENGINEERING/airflow/py_env/lib/python3.10/site-packages/airflow/example_dags/example_complex.py
[2023-01-14T21:08:58.233+0000] {processor.py:743} INFO - Processing file /media/prempeh/Nouveau nom/MASTER2/DATA ENGINEERING/airflow/py_env/lib/python3.10/site-packages/airflow/example_dags/example_complex.py for tasks to queue
[2023-01-14T21:08:58.237+0000] {logging_mixin.py:137} INFO - [2023-01-14T21:08:58.237+0000] {dagbag.py:538} INFO - Filling up the DagBag from /media/prempeh/Nouveau nom/MASTER2/DATA ENGINEERING/airflow/py_env/lib/python3.10/site-packages/airflow/example_dags/example_complex.py
[2023-01-14T21:08:58.295+0000] {logging_mixin.py:137} INFO - [2023-01-14T21:08:58.294+0000] {taskmixin.py:205} WARNING - Dependency <Task(BashOperator): create_entry_group>, delete_entry_group already registered for DAG: example_complex
[2023-01-14T21:08:58.296+0000] {logging_mixin.py:137} INFO - [2023-01-14T21:08:58.295+0000] {taskmixin.py:205} WARNING - Dependency <Task(BashOperator): delete_entry_group>, create_entry_group already registered for DAG: example_complex
[2023-01-14T21:08:58.297+0000] {logging_mixin.py:137} INFO - [2023-01-14T21:08:58.296+0000] {taskmixin.py:205} WARNING - Dependency <Task(BashOperator): create_entry_gcs>, delete_entry already registered for DAG: example_complex
[2023-01-14T21:08:58.297+0000] {logging_mixin.py:137} INFO - [2023-01-14T21:08:58.297+0000] {taskmixin.py:205} WARNING - Dependency <Task(BashOperator): delete_entry>, create_entry_gcs already registered for DAG: example_complex
[2023-01-14T21:08:58.299+0000] {logging_mixin.py:137} INFO - [2023-01-14T21:08:58.299+0000] {taskmixin.py:205} WARNING - Dependency <Task(BashOperator): create_tag>, delete_tag already registered for DAG: example_complex
[2023-01-14T21:08:58.300+0000] {logging_mixin.py:137} INFO - [2023-01-14T21:08:58.299+0000] {taskmixin.py:205} WARNING - Dependency <Task(BashOperator): delete_tag>, create_tag already registered for DAG: example_complex
[2023-01-14T21:08:58.375+0000] {processor.py:753} INFO - DAG(s) dict_keys(['example_complex']) retrieved from /media/prempeh/Nouveau nom/MASTER2/DATA ENGINEERING/airflow/py_env/lib/python3.10/site-packages/airflow/example_dags/example_complex.py
[2023-01-14T21:08:58.523+0000] {logging_mixin.py:137} INFO - [2023-01-14T21:08:58.523+0000] {dag.py:2676} INFO - Sync 1 DAGs
[2023-01-14T21:08:58.586+0000] {logging_mixin.py:137} INFO - [2023-01-14T21:08:58.585+0000] {dag.py:3423} INFO - Setting next_dagrun for example_complex to None, run_after=None
[2023-01-14T21:08:58.661+0000] {processor.py:175} INFO - Processing /media/prempeh/Nouveau nom/MASTER2/DATA ENGINEERING/airflow/py_env/lib/python3.10/site-packages/airflow/example_dags/example_complex.py took 0.441 seconds
[2023-01-14T21:09:58.457+0000] {processor.py:153} INFO - Started process (PID=8134) to work on /media/prempeh/Nouveau nom/MASTER2/DATA ENGINEERING/airflow/py_env/lib/python3.10/site-packages/airflow/example_dags/example_complex.py
[2023-01-14T21:09:58.460+0000] {processor.py:743} INFO - Processing file /media/prempeh/Nouveau nom/MASTER2/DATA ENGINEERING/airflow/py_env/lib/python3.10/site-packages/airflow/example_dags/example_complex.py for tasks to queue
[2023-01-14T21:09:58.468+0000] {logging_mixin.py:137} INFO - [2023-01-14T21:09:58.468+0000] {dagbag.py:538} INFO - Filling up the DagBag from /media/prempeh/Nouveau nom/MASTER2/DATA ENGINEERING/airflow/py_env/lib/python3.10/site-packages/airflow/example_dags/example_complex.py
[2023-01-14T21:09:58.524+0000] {logging_mixin.py:137} INFO - [2023-01-14T21:09:58.524+0000] {taskmixin.py:205} WARNING - Dependency <Task(BashOperator): create_entry_group>, delete_entry_group already registered for DAG: example_complex
[2023-01-14T21:09:58.525+0000] {logging_mixin.py:137} INFO - [2023-01-14T21:09:58.525+0000] {taskmixin.py:205} WARNING - Dependency <Task(BashOperator): delete_entry_group>, create_entry_group already registered for DAG: example_complex
[2023-01-14T21:09:58.526+0000] {logging_mixin.py:137} INFO - [2023-01-14T21:09:58.526+0000] {taskmixin.py:205} WARNING - Dependency <Task(BashOperator): create_entry_gcs>, delete_entry already registered for DAG: example_complex
[2023-01-14T21:09:58.527+0000] {logging_mixin.py:137} INFO - [2023-01-14T21:09:58.527+0000] {taskmixin.py:205} WARNING - Dependency <Task(BashOperator): delete_entry>, create_entry_gcs already registered for DAG: example_complex
[2023-01-14T21:09:58.529+0000] {logging_mixin.py:137} INFO - [2023-01-14T21:09:58.528+0000] {taskmixin.py:205} WARNING - Dependency <Task(BashOperator): create_tag>, delete_tag already registered for DAG: example_complex
[2023-01-14T21:09:58.530+0000] {logging_mixin.py:137} INFO - [2023-01-14T21:09:58.529+0000] {taskmixin.py:205} WARNING - Dependency <Task(BashOperator): delete_tag>, create_tag already registered for DAG: example_complex
[2023-01-14T21:09:58.612+0000] {processor.py:753} INFO - DAG(s) dict_keys(['example_complex']) retrieved from /media/prempeh/Nouveau nom/MASTER2/DATA ENGINEERING/airflow/py_env/lib/python3.10/site-packages/airflow/example_dags/example_complex.py
[2023-01-14T21:09:58.764+0000] {logging_mixin.py:137} INFO - [2023-01-14T21:09:58.764+0000] {dag.py:2676} INFO - Sync 1 DAGs
[2023-01-14T21:09:58.830+0000] {logging_mixin.py:137} INFO - [2023-01-14T21:09:58.830+0000] {dag.py:3423} INFO - Setting next_dagrun for example_complex to None, run_after=None
[2023-01-14T21:09:58.902+0000] {processor.py:175} INFO - Processing /media/prempeh/Nouveau nom/MASTER2/DATA ENGINEERING/airflow/py_env/lib/python3.10/site-packages/airflow/example_dags/example_complex.py took 0.454 seconds
[2023-01-14T21:10:58.363+0000] {processor.py:153} INFO - Started process (PID=8180) to work on /media/prempeh/Nouveau nom/MASTER2/DATA ENGINEERING/airflow/py_env/lib/python3.10/site-packages/airflow/example_dags/example_complex.py
[2023-01-14T21:10:58.365+0000] {processor.py:743} INFO - Processing file /media/prempeh/Nouveau nom/MASTER2/DATA ENGINEERING/airflow/py_env/lib/python3.10/site-packages/airflow/example_dags/example_complex.py for tasks to queue
[2023-01-14T21:10:58.370+0000] {logging_mixin.py:137} INFO - [2023-01-14T21:10:58.370+0000] {dagbag.py:538} INFO - Filling up the DagBag from /media/prempeh/Nouveau nom/MASTER2/DATA ENGINEERING/airflow/py_env/lib/python3.10/site-packages/airflow/example_dags/example_complex.py
[2023-01-14T21:10:58.427+0000] {logging_mixin.py:137} INFO - [2023-01-14T21:10:58.426+0000] {taskmixin.py:205} WARNING - Dependency <Task(BashOperator): create_entry_group>, delete_entry_group already registered for DAG: example_complex
[2023-01-14T21:10:58.428+0000] {logging_mixin.py:137} INFO - [2023-01-14T21:10:58.427+0000] {taskmixin.py:205} WARNING - Dependency <Task(BashOperator): delete_entry_group>, create_entry_group already registered for DAG: example_complex
[2023-01-14T21:10:58.429+0000] {logging_mixin.py:137} INFO - [2023-01-14T21:10:58.428+0000] {taskmixin.py:205} WARNING - Dependency <Task(BashOperator): create_entry_gcs>, delete_entry already registered for DAG: example_complex
[2023-01-14T21:10:58.430+0000] {logging_mixin.py:137} INFO - [2023-01-14T21:10:58.429+0000] {taskmixin.py:205} WARNING - Dependency <Task(BashOperator): delete_entry>, create_entry_gcs already registered for DAG: example_complex
[2023-01-14T21:10:58.431+0000] {logging_mixin.py:137} INFO - [2023-01-14T21:10:58.431+0000] {taskmixin.py:205} WARNING - Dependency <Task(BashOperator): create_tag>, delete_tag already registered for DAG: example_complex
[2023-01-14T21:10:58.432+0000] {logging_mixin.py:137} INFO - [2023-01-14T21:10:58.431+0000] {taskmixin.py:205} WARNING - Dependency <Task(BashOperator): delete_tag>, create_tag already registered for DAG: example_complex
[2023-01-14T21:10:58.516+0000] {processor.py:753} INFO - DAG(s) dict_keys(['example_complex']) retrieved from /media/prempeh/Nouveau nom/MASTER2/DATA ENGINEERING/airflow/py_env/lib/python3.10/site-packages/airflow/example_dags/example_complex.py
[2023-01-14T21:10:58.673+0000] {logging_mixin.py:137} INFO - [2023-01-14T21:10:58.673+0000] {dag.py:2676} INFO - Sync 1 DAGs
[2023-01-14T21:10:58.740+0000] {logging_mixin.py:137} INFO - [2023-01-14T21:10:58.740+0000] {dag.py:3423} INFO - Setting next_dagrun for example_complex to None, run_after=None
[2023-01-14T21:10:58.814+0000] {processor.py:175} INFO - Processing /media/prempeh/Nouveau nom/MASTER2/DATA ENGINEERING/airflow/py_env/lib/python3.10/site-packages/airflow/example_dags/example_complex.py took 0.461 seconds
[2023-01-14T21:12:08.125+0000] {processor.py:153} INFO - Started process (PID=8229) to work on /media/prempeh/Nouveau nom/MASTER2/DATA ENGINEERING/airflow/py_env/lib/python3.10/site-packages/airflow/example_dags/example_complex.py
[2023-01-14T21:12:08.129+0000] {processor.py:743} INFO - Processing file /media/prempeh/Nouveau nom/MASTER2/DATA ENGINEERING/airflow/py_env/lib/python3.10/site-packages/airflow/example_dags/example_complex.py for tasks to queue
[2023-01-14T21:12:08.135+0000] {logging_mixin.py:137} INFO - [2023-01-14T21:12:08.135+0000] {dagbag.py:538} INFO - Filling up the DagBag from /media/prempeh/Nouveau nom/MASTER2/DATA ENGINEERING/airflow/py_env/lib/python3.10/site-packages/airflow/example_dags/example_complex.py
[2023-01-14T21:12:08.205+0000] {logging_mixin.py:137} INFO - [2023-01-14T21:12:08.205+0000] {taskmixin.py:205} WARNING - Dependency <Task(BashOperator): create_entry_group>, delete_entry_group already registered for DAG: example_complex
[2023-01-14T21:12:08.206+0000] {logging_mixin.py:137} INFO - [2023-01-14T21:12:08.206+0000] {taskmixin.py:205} WARNING - Dependency <Task(BashOperator): delete_entry_group>, create_entry_group already registered for DAG: example_complex
[2023-01-14T21:12:08.207+0000] {logging_mixin.py:137} INFO - [2023-01-14T21:12:08.207+0000] {taskmixin.py:205} WARNING - Dependency <Task(BashOperator): create_entry_gcs>, delete_entry already registered for DAG: example_complex
[2023-01-14T21:12:08.208+0000] {logging_mixin.py:137} INFO - [2023-01-14T21:12:08.208+0000] {taskmixin.py:205} WARNING - Dependency <Task(BashOperator): delete_entry>, create_entry_gcs already registered for DAG: example_complex
[2023-01-14T21:12:08.210+0000] {logging_mixin.py:137} INFO - [2023-01-14T21:12:08.210+0000] {taskmixin.py:205} WARNING - Dependency <Task(BashOperator): create_tag>, delete_tag already registered for DAG: example_complex
[2023-01-14T21:12:08.211+0000] {logging_mixin.py:137} INFO - [2023-01-14T21:12:08.211+0000] {taskmixin.py:205} WARNING - Dependency <Task(BashOperator): delete_tag>, create_tag already registered for DAG: example_complex
[2023-01-14T21:12:08.300+0000] {processor.py:753} INFO - DAG(s) dict_keys(['example_complex']) retrieved from /media/prempeh/Nouveau nom/MASTER2/DATA ENGINEERING/airflow/py_env/lib/python3.10/site-packages/airflow/example_dags/example_complex.py
[2023-01-14T21:12:08.449+0000] {logging_mixin.py:137} INFO - [2023-01-14T21:12:08.449+0000] {dag.py:2676} INFO - Sync 1 DAGs
[2023-01-14T21:12:08.513+0000] {logging_mixin.py:137} INFO - [2023-01-14T21:12:08.513+0000] {dag.py:3423} INFO - Setting next_dagrun for example_complex to None, run_after=None
[2023-01-14T21:12:08.603+0000] {processor.py:175} INFO - Processing /media/prempeh/Nouveau nom/MASTER2/DATA ENGINEERING/airflow/py_env/lib/python3.10/site-packages/airflow/example_dags/example_complex.py took 0.488 seconds
[2023-01-14T21:13:16.201+0000] {processor.py:153} INFO - Started process (PID=8276) to work on /media/prempeh/Nouveau nom/MASTER2/DATA ENGINEERING/airflow/py_env/lib/python3.10/site-packages/airflow/example_dags/example_complex.py
[2023-01-14T21:13:16.210+0000] {processor.py:743} INFO - Processing file /media/prempeh/Nouveau nom/MASTER2/DATA ENGINEERING/airflow/py_env/lib/python3.10/site-packages/airflow/example_dags/example_complex.py for tasks to queue
[2023-01-14T21:13:16.226+0000] {logging_mixin.py:137} INFO - [2023-01-14T21:13:16.225+0000] {dagbag.py:538} INFO - Filling up the DagBag from /media/prempeh/Nouveau nom/MASTER2/DATA ENGINEERING/airflow/py_env/lib/python3.10/site-packages/airflow/example_dags/example_complex.py
[2023-01-14T21:13:16.368+0000] {logging_mixin.py:137} INFO - [2023-01-14T21:13:16.367+0000] {taskmixin.py:205} WARNING - Dependency <Task(BashOperator): create_entry_group>, delete_entry_group already registered for DAG: example_complex
[2023-01-14T21:13:16.370+0000] {logging_mixin.py:137} INFO - [2023-01-14T21:13:16.369+0000] {taskmixin.py:205} WARNING - Dependency <Task(BashOperator): delete_entry_group>, create_entry_group already registered for DAG: example_complex
[2023-01-14T21:13:16.372+0000] {logging_mixin.py:137} INFO - [2023-01-14T21:13:16.371+0000] {taskmixin.py:205} WARNING - Dependency <Task(BashOperator): create_entry_gcs>, delete_entry already registered for DAG: example_complex
[2023-01-14T21:13:16.373+0000] {logging_mixin.py:137} INFO - [2023-01-14T21:13:16.373+0000] {taskmixin.py:205} WARNING - Dependency <Task(BashOperator): delete_entry>, create_entry_gcs already registered for DAG: example_complex
[2023-01-14T21:13:16.376+0000] {logging_mixin.py:137} INFO - [2023-01-14T21:13:16.375+0000] {taskmixin.py:205} WARNING - Dependency <Task(BashOperator): create_tag>, delete_tag already registered for DAG: example_complex
[2023-01-14T21:13:16.377+0000] {logging_mixin.py:137} INFO - [2023-01-14T21:13:16.377+0000] {taskmixin.py:205} WARNING - Dependency <Task(BashOperator): delete_tag>, create_tag already registered for DAG: example_complex
[2023-01-14T21:13:16.512+0000] {processor.py:753} INFO - DAG(s) dict_keys(['example_complex']) retrieved from /media/prempeh/Nouveau nom/MASTER2/DATA ENGINEERING/airflow/py_env/lib/python3.10/site-packages/airflow/example_dags/example_complex.py
[2023-01-14T21:13:16.831+0000] {logging_mixin.py:137} INFO - [2023-01-14T21:13:16.831+0000] {dag.py:2676} INFO - Sync 1 DAGs
[2023-01-14T21:13:16.963+0000] {logging_mixin.py:137} INFO - [2023-01-14T21:13:16.962+0000] {dag.py:3423} INFO - Setting next_dagrun for example_complex to None, run_after=None
[2023-01-14T21:13:17.110+0000] {processor.py:175} INFO - Processing /media/prempeh/Nouveau nom/MASTER2/DATA ENGINEERING/airflow/py_env/lib/python3.10/site-packages/airflow/example_dags/example_complex.py took 0.928 seconds
[2023-01-14T21:14:30.376+0000] {processor.py:153} INFO - Started process (PID=8328) to work on /media/prempeh/Nouveau nom/MASTER2/DATA ENGINEERING/airflow/py_env/lib/python3.10/site-packages/airflow/example_dags/example_complex.py
[2023-01-14T21:14:30.379+0000] {processor.py:743} INFO - Processing file /media/prempeh/Nouveau nom/MASTER2/DATA ENGINEERING/airflow/py_env/lib/python3.10/site-packages/airflow/example_dags/example_complex.py for tasks to queue
[2023-01-14T21:14:30.386+0000] {logging_mixin.py:137} INFO - [2023-01-14T21:14:30.386+0000] {dagbag.py:538} INFO - Filling up the DagBag from /media/prempeh/Nouveau nom/MASTER2/DATA ENGINEERING/airflow/py_env/lib/python3.10/site-packages/airflow/example_dags/example_complex.py
[2023-01-14T21:14:30.458+0000] {logging_mixin.py:137} INFO - [2023-01-14T21:14:30.457+0000] {taskmixin.py:205} WARNING - Dependency <Task(BashOperator): create_entry_group>, delete_entry_group already registered for DAG: example_complex
[2023-01-14T21:14:30.459+0000] {logging_mixin.py:137} INFO - [2023-01-14T21:14:30.459+0000] {taskmixin.py:205} WARNING - Dependency <Task(BashOperator): delete_entry_group>, create_entry_group already registered for DAG: example_complex
[2023-01-14T21:14:30.461+0000] {logging_mixin.py:137} INFO - [2023-01-14T21:14:30.461+0000] {taskmixin.py:205} WARNING - Dependency <Task(BashOperator): create_entry_gcs>, delete_entry already registered for DAG: example_complex
[2023-01-14T21:14:30.463+0000] {logging_mixin.py:137} INFO - [2023-01-14T21:14:30.462+0000] {taskmixin.py:205} WARNING - Dependency <Task(BashOperator): delete_entry>, create_entry_gcs already registered for DAG: example_complex
[2023-01-14T21:14:30.467+0000] {logging_mixin.py:137} INFO - [2023-01-14T21:14:30.466+0000] {taskmixin.py:205} WARNING - Dependency <Task(BashOperator): create_tag>, delete_tag already registered for DAG: example_complex
[2023-01-14T21:14:30.468+0000] {logging_mixin.py:137} INFO - [2023-01-14T21:14:30.468+0000] {taskmixin.py:205} WARNING - Dependency <Task(BashOperator): delete_tag>, create_tag already registered for DAG: example_complex
[2023-01-14T21:14:30.580+0000] {processor.py:753} INFO - DAG(s) dict_keys(['example_complex']) retrieved from /media/prempeh/Nouveau nom/MASTER2/DATA ENGINEERING/airflow/py_env/lib/python3.10/site-packages/airflow/example_dags/example_complex.py
[2023-01-14T21:14:30.764+0000] {logging_mixin.py:137} INFO - [2023-01-14T21:14:30.764+0000] {dag.py:2676} INFO - Sync 1 DAGs
[2023-01-14T21:14:30.839+0000] {logging_mixin.py:137} INFO - [2023-01-14T21:14:30.839+0000] {dag.py:3423} INFO - Setting next_dagrun for example_complex to None, run_after=None
[2023-01-14T21:14:30.923+0000] {processor.py:175} INFO - Processing /media/prempeh/Nouveau nom/MASTER2/DATA ENGINEERING/airflow/py_env/lib/python3.10/site-packages/airflow/example_dags/example_complex.py took 0.556 seconds
[2023-01-14T21:15:41.741+0000] {processor.py:153} INFO - Started process (PID=8740) to work on /media/prempeh/Nouveau nom/MASTER2/DATA ENGINEERING/airflow/py_env/lib/python3.10/site-packages/airflow/example_dags/example_complex.py
[2023-01-14T21:15:41.744+0000] {processor.py:743} INFO - Processing file /media/prempeh/Nouveau nom/MASTER2/DATA ENGINEERING/airflow/py_env/lib/python3.10/site-packages/airflow/example_dags/example_complex.py for tasks to queue
[2023-01-14T21:15:41.748+0000] {logging_mixin.py:137} INFO - [2023-01-14T21:15:41.748+0000] {dagbag.py:538} INFO - Filling up the DagBag from /media/prempeh/Nouveau nom/MASTER2/DATA ENGINEERING/airflow/py_env/lib/python3.10/site-packages/airflow/example_dags/example_complex.py
[2023-01-14T21:15:41.810+0000] {logging_mixin.py:137} INFO - [2023-01-14T21:15:41.810+0000] {taskmixin.py:205} WARNING - Dependency <Task(BashOperator): create_entry_group>, delete_entry_group already registered for DAG: example_complex
[2023-01-14T21:15:41.811+0000] {logging_mixin.py:137} INFO - [2023-01-14T21:15:41.811+0000] {taskmixin.py:205} WARNING - Dependency <Task(BashOperator): delete_entry_group>, create_entry_group already registered for DAG: example_complex
[2023-01-14T21:15:41.812+0000] {logging_mixin.py:137} INFO - [2023-01-14T21:15:41.812+0000] {taskmixin.py:205} WARNING - Dependency <Task(BashOperator): create_entry_gcs>, delete_entry already registered for DAG: example_complex
[2023-01-14T21:15:41.813+0000] {logging_mixin.py:137} INFO - [2023-01-14T21:15:41.813+0000] {taskmixin.py:205} WARNING - Dependency <Task(BashOperator): delete_entry>, create_entry_gcs already registered for DAG: example_complex
[2023-01-14T21:15:41.814+0000] {logging_mixin.py:137} INFO - [2023-01-14T21:15:41.814+0000] {taskmixin.py:205} WARNING - Dependency <Task(BashOperator): create_tag>, delete_tag already registered for DAG: example_complex
[2023-01-14T21:15:41.815+0000] {logging_mixin.py:137} INFO - [2023-01-14T21:15:41.815+0000] {taskmixin.py:205} WARNING - Dependency <Task(BashOperator): delete_tag>, create_tag already registered for DAG: example_complex
[2023-01-14T21:15:41.889+0000] {processor.py:753} INFO - DAG(s) dict_keys(['example_complex']) retrieved from /media/prempeh/Nouveau nom/MASTER2/DATA ENGINEERING/airflow/py_env/lib/python3.10/site-packages/airflow/example_dags/example_complex.py
[2023-01-14T21:15:42.024+0000] {logging_mixin.py:137} INFO - [2023-01-14T21:15:42.023+0000] {dag.py:2676} INFO - Sync 1 DAGs
[2023-01-14T21:15:42.090+0000] {logging_mixin.py:137} INFO - [2023-01-14T21:15:42.090+0000] {dag.py:3423} INFO - Setting next_dagrun for example_complex to None, run_after=None
[2023-01-14T21:15:42.169+0000] {processor.py:175} INFO - Processing /media/prempeh/Nouveau nom/MASTER2/DATA ENGINEERING/airflow/py_env/lib/python3.10/site-packages/airflow/example_dags/example_complex.py took 0.437 seconds
[2023-01-14T21:16:52.861+0000] {processor.py:153} INFO - Started process (PID=9063) to work on /media/prempeh/Nouveau nom/MASTER2/DATA ENGINEERING/airflow/py_env/lib/python3.10/site-packages/airflow/example_dags/example_complex.py
[2023-01-14T21:16:52.863+0000] {processor.py:743} INFO - Processing file /media/prempeh/Nouveau nom/MASTER2/DATA ENGINEERING/airflow/py_env/lib/python3.10/site-packages/airflow/example_dags/example_complex.py for tasks to queue
[2023-01-14T21:16:52.867+0000] {logging_mixin.py:137} INFO - [2023-01-14T21:16:52.867+0000] {dagbag.py:538} INFO - Filling up the DagBag from /media/prempeh/Nouveau nom/MASTER2/DATA ENGINEERING/airflow/py_env/lib/python3.10/site-packages/airflow/example_dags/example_complex.py
[2023-01-14T21:16:52.925+0000] {logging_mixin.py:137} INFO - [2023-01-14T21:16:52.924+0000] {taskmixin.py:205} WARNING - Dependency <Task(BashOperator): create_entry_group>, delete_entry_group already registered for DAG: example_complex
[2023-01-14T21:16:52.926+0000] {logging_mixin.py:137} INFO - [2023-01-14T21:16:52.925+0000] {taskmixin.py:205} WARNING - Dependency <Task(BashOperator): delete_entry_group>, create_entry_group already registered for DAG: example_complex
[2023-01-14T21:16:52.927+0000] {logging_mixin.py:137} INFO - [2023-01-14T21:16:52.926+0000] {taskmixin.py:205} WARNING - Dependency <Task(BashOperator): create_entry_gcs>, delete_entry already registered for DAG: example_complex
[2023-01-14T21:16:52.927+0000] {logging_mixin.py:137} INFO - [2023-01-14T21:16:52.927+0000] {taskmixin.py:205} WARNING - Dependency <Task(BashOperator): delete_entry>, create_entry_gcs already registered for DAG: example_complex
[2023-01-14T21:16:52.929+0000] {logging_mixin.py:137} INFO - [2023-01-14T21:16:52.929+0000] {taskmixin.py:205} WARNING - Dependency <Task(BashOperator): create_tag>, delete_tag already registered for DAG: example_complex
[2023-01-14T21:16:52.930+0000] {logging_mixin.py:137} INFO - [2023-01-14T21:16:52.930+0000] {taskmixin.py:205} WARNING - Dependency <Task(BashOperator): delete_tag>, create_tag already registered for DAG: example_complex
[2023-01-14T21:16:53.038+0000] {processor.py:753} INFO - DAG(s) dict_keys(['example_complex']) retrieved from /media/prempeh/Nouveau nom/MASTER2/DATA ENGINEERING/airflow/py_env/lib/python3.10/site-packages/airflow/example_dags/example_complex.py
[2023-01-14T21:16:53.176+0000] {logging_mixin.py:137} INFO - [2023-01-14T21:16:53.176+0000] {dag.py:2676} INFO - Sync 1 DAGs
[2023-01-14T21:16:53.238+0000] {logging_mixin.py:137} INFO - [2023-01-14T21:16:53.238+0000] {dag.py:3423} INFO - Setting next_dagrun for example_complex to None, run_after=None
[2023-01-14T21:16:53.308+0000] {processor.py:175} INFO - Processing /media/prempeh/Nouveau nom/MASTER2/DATA ENGINEERING/airflow/py_env/lib/python3.10/site-packages/airflow/example_dags/example_complex.py took 0.456 seconds
[2023-01-14T21:18:04.818+0000] {processor.py:153} INFO - Started process (PID=9254) to work on /media/prempeh/Nouveau nom/MASTER2/DATA ENGINEERING/airflow/py_env/lib/python3.10/site-packages/airflow/example_dags/example_complex.py
[2023-01-14T21:18:04.821+0000] {processor.py:743} INFO - Processing file /media/prempeh/Nouveau nom/MASTER2/DATA ENGINEERING/airflow/py_env/lib/python3.10/site-packages/airflow/example_dags/example_complex.py for tasks to queue
[2023-01-14T21:18:04.826+0000] {logging_mixin.py:137} INFO - [2023-01-14T21:18:04.825+0000] {dagbag.py:538} INFO - Filling up the DagBag from /media/prempeh/Nouveau nom/MASTER2/DATA ENGINEERING/airflow/py_env/lib/python3.10/site-packages/airflow/example_dags/example_complex.py
[2023-01-14T21:18:04.889+0000] {logging_mixin.py:137} INFO - [2023-01-14T21:18:04.888+0000] {taskmixin.py:205} WARNING - Dependency <Task(BashOperator): create_entry_group>, delete_entry_group already registered for DAG: example_complex
[2023-01-14T21:18:04.890+0000] {logging_mixin.py:137} INFO - [2023-01-14T21:18:04.889+0000] {taskmixin.py:205} WARNING - Dependency <Task(BashOperator): delete_entry_group>, create_entry_group already registered for DAG: example_complex
[2023-01-14T21:18:04.891+0000] {logging_mixin.py:137} INFO - [2023-01-14T21:18:04.891+0000] {taskmixin.py:205} WARNING - Dependency <Task(BashOperator): create_entry_gcs>, delete_entry already registered for DAG: example_complex
[2023-01-14T21:18:04.892+0000] {logging_mixin.py:137} INFO - [2023-01-14T21:18:04.891+0000] {taskmixin.py:205} WARNING - Dependency <Task(BashOperator): delete_entry>, create_entry_gcs already registered for DAG: example_complex
[2023-01-14T21:18:04.893+0000] {logging_mixin.py:137} INFO - [2023-01-14T21:18:04.893+0000] {taskmixin.py:205} WARNING - Dependency <Task(BashOperator): create_tag>, delete_tag already registered for DAG: example_complex
[2023-01-14T21:18:04.894+0000] {logging_mixin.py:137} INFO - [2023-01-14T21:18:04.894+0000] {taskmixin.py:205} WARNING - Dependency <Task(BashOperator): delete_tag>, create_tag already registered for DAG: example_complex
[2023-01-14T21:18:04.982+0000] {processor.py:753} INFO - DAG(s) dict_keys(['example_complex']) retrieved from /media/prempeh/Nouveau nom/MASTER2/DATA ENGINEERING/airflow/py_env/lib/python3.10/site-packages/airflow/example_dags/example_complex.py
[2023-01-14T21:18:05.173+0000] {logging_mixin.py:137} INFO - [2023-01-14T21:18:05.173+0000] {dag.py:2676} INFO - Sync 1 DAGs
[2023-01-14T21:18:05.257+0000] {logging_mixin.py:137} INFO - [2023-01-14T21:18:05.256+0000] {dag.py:3423} INFO - Setting next_dagrun for example_complex to None, run_after=None
[2023-01-14T21:18:05.336+0000] {processor.py:175} INFO - Processing /media/prempeh/Nouveau nom/MASTER2/DATA ENGINEERING/airflow/py_env/lib/python3.10/site-packages/airflow/example_dags/example_complex.py took 0.527 seconds
[2023-01-14T21:19:19.465+0000] {processor.py:153} INFO - Started process (PID=9497) to work on /media/prempeh/Nouveau nom/MASTER2/DATA ENGINEERING/airflow/py_env/lib/python3.10/site-packages/airflow/example_dags/example_complex.py
[2023-01-14T21:19:19.467+0000] {processor.py:743} INFO - Processing file /media/prempeh/Nouveau nom/MASTER2/DATA ENGINEERING/airflow/py_env/lib/python3.10/site-packages/airflow/example_dags/example_complex.py for tasks to queue
[2023-01-14T21:19:19.471+0000] {logging_mixin.py:137} INFO - [2023-01-14T21:19:19.471+0000] {dagbag.py:538} INFO - Filling up the DagBag from /media/prempeh/Nouveau nom/MASTER2/DATA ENGINEERING/airflow/py_env/lib/python3.10/site-packages/airflow/example_dags/example_complex.py
[2023-01-14T21:19:19.533+0000] {logging_mixin.py:137} INFO - [2023-01-14T21:19:19.533+0000] {taskmixin.py:205} WARNING - Dependency <Task(BashOperator): create_entry_group>, delete_entry_group already registered for DAG: example_complex
[2023-01-14T21:19:19.534+0000] {logging_mixin.py:137} INFO - [2023-01-14T21:19:19.534+0000] {taskmixin.py:205} WARNING - Dependency <Task(BashOperator): delete_entry_group>, create_entry_group already registered for DAG: example_complex
[2023-01-14T21:19:19.535+0000] {logging_mixin.py:137} INFO - [2023-01-14T21:19:19.535+0000] {taskmixin.py:205} WARNING - Dependency <Task(BashOperator): create_entry_gcs>, delete_entry already registered for DAG: example_complex
[2023-01-14T21:19:19.537+0000] {logging_mixin.py:137} INFO - [2023-01-14T21:19:19.536+0000] {taskmixin.py:205} WARNING - Dependency <Task(BashOperator): delete_entry>, create_entry_gcs already registered for DAG: example_complex
[2023-01-14T21:19:19.538+0000] {logging_mixin.py:137} INFO - [2023-01-14T21:19:19.538+0000] {taskmixin.py:205} WARNING - Dependency <Task(BashOperator): create_tag>, delete_tag already registered for DAG: example_complex
[2023-01-14T21:19:19.539+0000] {logging_mixin.py:137} INFO - [2023-01-14T21:19:19.539+0000] {taskmixin.py:205} WARNING - Dependency <Task(BashOperator): delete_tag>, create_tag already registered for DAG: example_complex
[2023-01-14T21:19:19.621+0000] {processor.py:753} INFO - DAG(s) dict_keys(['example_complex']) retrieved from /media/prempeh/Nouveau nom/MASTER2/DATA ENGINEERING/airflow/py_env/lib/python3.10/site-packages/airflow/example_dags/example_complex.py
[2023-01-14T21:19:19.755+0000] {logging_mixin.py:137} INFO - [2023-01-14T21:19:19.755+0000] {dag.py:2676} INFO - Sync 1 DAGs
[2023-01-14T21:19:19.812+0000] {logging_mixin.py:137} INFO - [2023-01-14T21:19:19.811+0000] {dag.py:3423} INFO - Setting next_dagrun for example_complex to None, run_after=None
[2023-01-14T21:19:19.881+0000] {processor.py:175} INFO - Processing /media/prempeh/Nouveau nom/MASTER2/DATA ENGINEERING/airflow/py_env/lib/python3.10/site-packages/airflow/example_dags/example_complex.py took 0.425 seconds
[2023-01-14T21:20:30.543+0000] {processor.py:153} INFO - Started process (PID=9790) to work on /media/prempeh/Nouveau nom/MASTER2/DATA ENGINEERING/airflow/py_env/lib/python3.10/site-packages/airflow/example_dags/example_complex.py
[2023-01-14T21:20:30.545+0000] {processor.py:743} INFO - Processing file /media/prempeh/Nouveau nom/MASTER2/DATA ENGINEERING/airflow/py_env/lib/python3.10/site-packages/airflow/example_dags/example_complex.py for tasks to queue
[2023-01-14T21:20:30.549+0000] {logging_mixin.py:137} INFO - [2023-01-14T21:20:30.549+0000] {dagbag.py:538} INFO - Filling up the DagBag from /media/prempeh/Nouveau nom/MASTER2/DATA ENGINEERING/airflow/py_env/lib/python3.10/site-packages/airflow/example_dags/example_complex.py
[2023-01-14T21:20:30.610+0000] {logging_mixin.py:137} INFO - [2023-01-14T21:20:30.610+0000] {taskmixin.py:205} WARNING - Dependency <Task(BashOperator): create_entry_group>, delete_entry_group already registered for DAG: example_complex
[2023-01-14T21:20:30.611+0000] {logging_mixin.py:137} INFO - [2023-01-14T21:20:30.611+0000] {taskmixin.py:205} WARNING - Dependency <Task(BashOperator): delete_entry_group>, create_entry_group already registered for DAG: example_complex
[2023-01-14T21:20:30.612+0000] {logging_mixin.py:137} INFO - [2023-01-14T21:20:30.612+0000] {taskmixin.py:205} WARNING - Dependency <Task(BashOperator): create_entry_gcs>, delete_entry already registered for DAG: example_complex
[2023-01-14T21:20:30.613+0000] {logging_mixin.py:137} INFO - [2023-01-14T21:20:30.613+0000] {taskmixin.py:205} WARNING - Dependency <Task(BashOperator): delete_entry>, create_entry_gcs already registered for DAG: example_complex
[2023-01-14T21:20:30.615+0000] {logging_mixin.py:137} INFO - [2023-01-14T21:20:30.614+0000] {taskmixin.py:205} WARNING - Dependency <Task(BashOperator): create_tag>, delete_tag already registered for DAG: example_complex
[2023-01-14T21:20:30.616+0000] {logging_mixin.py:137} INFO - [2023-01-14T21:20:30.615+0000] {taskmixin.py:205} WARNING - Dependency <Task(BashOperator): delete_tag>, create_tag already registered for DAG: example_complex
[2023-01-14T21:20:30.714+0000] {processor.py:753} INFO - DAG(s) dict_keys(['example_complex']) retrieved from /media/prempeh/Nouveau nom/MASTER2/DATA ENGINEERING/airflow/py_env/lib/python3.10/site-packages/airflow/example_dags/example_complex.py
[2023-01-14T21:20:30.901+0000] {logging_mixin.py:137} INFO - [2023-01-14T21:20:30.900+0000] {dag.py:2676} INFO - Sync 1 DAGs
[2023-01-14T21:20:30.962+0000] {logging_mixin.py:137} INFO - [2023-01-14T21:20:30.961+0000] {dag.py:3423} INFO - Setting next_dagrun for example_complex to None, run_after=None
[2023-01-14T21:20:31.033+0000] {processor.py:175} INFO - Processing /media/prempeh/Nouveau nom/MASTER2/DATA ENGINEERING/airflow/py_env/lib/python3.10/site-packages/airflow/example_dags/example_complex.py took 0.499 seconds
[2023-01-14T21:21:39.047+0000] {processor.py:153} INFO - Started process (PID=9841) to work on /media/prempeh/Nouveau nom/MASTER2/DATA ENGINEERING/airflow/py_env/lib/python3.10/site-packages/airflow/example_dags/example_complex.py
[2023-01-14T21:21:39.049+0000] {processor.py:743} INFO - Processing file /media/prempeh/Nouveau nom/MASTER2/DATA ENGINEERING/airflow/py_env/lib/python3.10/site-packages/airflow/example_dags/example_complex.py for tasks to queue
[2023-01-14T21:21:39.055+0000] {logging_mixin.py:137} INFO - [2023-01-14T21:21:39.054+0000] {dagbag.py:538} INFO - Filling up the DagBag from /media/prempeh/Nouveau nom/MASTER2/DATA ENGINEERING/airflow/py_env/lib/python3.10/site-packages/airflow/example_dags/example_complex.py
[2023-01-14T21:21:39.131+0000] {logging_mixin.py:137} INFO - [2023-01-14T21:21:39.130+0000] {taskmixin.py:205} WARNING - Dependency <Task(BashOperator): create_entry_group>, delete_entry_group already registered for DAG: example_complex
[2023-01-14T21:21:39.132+0000] {logging_mixin.py:137} INFO - [2023-01-14T21:21:39.132+0000] {taskmixin.py:205} WARNING - Dependency <Task(BashOperator): delete_entry_group>, create_entry_group already registered for DAG: example_complex
[2023-01-14T21:21:39.134+0000] {logging_mixin.py:137} INFO - [2023-01-14T21:21:39.134+0000] {taskmixin.py:205} WARNING - Dependency <Task(BashOperator): create_entry_gcs>, delete_entry already registered for DAG: example_complex
[2023-01-14T21:21:39.135+0000] {logging_mixin.py:137} INFO - [2023-01-14T21:21:39.135+0000] {taskmixin.py:205} WARNING - Dependency <Task(BashOperator): delete_entry>, create_entry_gcs already registered for DAG: example_complex
[2023-01-14T21:21:39.137+0000] {logging_mixin.py:137} INFO - [2023-01-14T21:21:39.137+0000] {taskmixin.py:205} WARNING - Dependency <Task(BashOperator): create_tag>, delete_tag already registered for DAG: example_complex
[2023-01-14T21:21:39.138+0000] {logging_mixin.py:137} INFO - [2023-01-14T21:21:39.138+0000] {taskmixin.py:205} WARNING - Dependency <Task(BashOperator): delete_tag>, create_tag already registered for DAG: example_complex
[2023-01-14T21:21:39.232+0000] {processor.py:753} INFO - DAG(s) dict_keys(['example_complex']) retrieved from /media/prempeh/Nouveau nom/MASTER2/DATA ENGINEERING/airflow/py_env/lib/python3.10/site-packages/airflow/example_dags/example_complex.py
[2023-01-14T21:21:39.415+0000] {logging_mixin.py:137} INFO - [2023-01-14T21:21:39.415+0000] {dag.py:2676} INFO - Sync 1 DAGs
[2023-01-14T21:21:39.488+0000] {logging_mixin.py:137} INFO - [2023-01-14T21:21:39.487+0000] {dag.py:3423} INFO - Setting next_dagrun for example_complex to None, run_after=None
[2023-01-14T21:21:39.568+0000] {processor.py:175} INFO - Processing /media/prempeh/Nouveau nom/MASTER2/DATA ENGINEERING/airflow/py_env/lib/python3.10/site-packages/airflow/example_dags/example_complex.py took 0.530 seconds
[2023-01-14T21:22:54.471+0000] {processor.py:153} INFO - Started process (PID=10228) to work on /media/prempeh/Nouveau nom/MASTER2/DATA ENGINEERING/airflow/py_env/lib/python3.10/site-packages/airflow/example_dags/example_complex.py
[2023-01-14T21:22:54.474+0000] {processor.py:743} INFO - Processing file /media/prempeh/Nouveau nom/MASTER2/DATA ENGINEERING/airflow/py_env/lib/python3.10/site-packages/airflow/example_dags/example_complex.py for tasks to queue
[2023-01-14T21:22:54.482+0000] {logging_mixin.py:137} INFO - [2023-01-14T21:22:54.481+0000] {dagbag.py:538} INFO - Filling up the DagBag from /media/prempeh/Nouveau nom/MASTER2/DATA ENGINEERING/airflow/py_env/lib/python3.10/site-packages/airflow/example_dags/example_complex.py
[2023-01-14T21:22:54.548+0000] {logging_mixin.py:137} INFO - [2023-01-14T21:22:54.547+0000] {taskmixin.py:205} WARNING - Dependency <Task(BashOperator): create_entry_group>, delete_entry_group already registered for DAG: example_complex
[2023-01-14T21:22:54.549+0000] {logging_mixin.py:137} INFO - [2023-01-14T21:22:54.549+0000] {taskmixin.py:205} WARNING - Dependency <Task(BashOperator): delete_entry_group>, create_entry_group already registered for DAG: example_complex
[2023-01-14T21:22:54.550+0000] {logging_mixin.py:137} INFO - [2023-01-14T21:22:54.550+0000] {taskmixin.py:205} WARNING - Dependency <Task(BashOperator): create_entry_gcs>, delete_entry already registered for DAG: example_complex
[2023-01-14T21:22:54.551+0000] {logging_mixin.py:137} INFO - [2023-01-14T21:22:54.551+0000] {taskmixin.py:205} WARNING - Dependency <Task(BashOperator): delete_entry>, create_entry_gcs already registered for DAG: example_complex
[2023-01-14T21:22:54.553+0000] {logging_mixin.py:137} INFO - [2023-01-14T21:22:54.553+0000] {taskmixin.py:205} WARNING - Dependency <Task(BashOperator): create_tag>, delete_tag already registered for DAG: example_complex
[2023-01-14T21:22:54.554+0000] {logging_mixin.py:137} INFO - [2023-01-14T21:22:54.554+0000] {taskmixin.py:205} WARNING - Dependency <Task(BashOperator): delete_tag>, create_tag already registered for DAG: example_complex
[2023-01-14T21:22:54.644+0000] {processor.py:753} INFO - DAG(s) dict_keys(['example_complex']) retrieved from /media/prempeh/Nouveau nom/MASTER2/DATA ENGINEERING/airflow/py_env/lib/python3.10/site-packages/airflow/example_dags/example_complex.py
[2023-01-14T21:22:54.817+0000] {logging_mixin.py:137} INFO - [2023-01-14T21:22:54.816+0000] {dag.py:2676} INFO - Sync 1 DAGs
[2023-01-14T21:22:54.879+0000] {logging_mixin.py:137} INFO - [2023-01-14T21:22:54.878+0000] {dag.py:3423} INFO - Setting next_dagrun for example_complex to None, run_after=None
[2023-01-14T21:22:54.980+0000] {processor.py:175} INFO - Processing /media/prempeh/Nouveau nom/MASTER2/DATA ENGINEERING/airflow/py_env/lib/python3.10/site-packages/airflow/example_dags/example_complex.py took 0.518 seconds
[2023-01-14T21:24:03.545+0000] {processor.py:153} INFO - Started process (PID=10369) to work on /media/prempeh/Nouveau nom/MASTER2/DATA ENGINEERING/airflow/py_env/lib/python3.10/site-packages/airflow/example_dags/example_complex.py
[2023-01-14T21:24:03.548+0000] {processor.py:743} INFO - Processing file /media/prempeh/Nouveau nom/MASTER2/DATA ENGINEERING/airflow/py_env/lib/python3.10/site-packages/airflow/example_dags/example_complex.py for tasks to queue
[2023-01-14T21:24:03.553+0000] {logging_mixin.py:137} INFO - [2023-01-14T21:24:03.552+0000] {dagbag.py:538} INFO - Filling up the DagBag from /media/prempeh/Nouveau nom/MASTER2/DATA ENGINEERING/airflow/py_env/lib/python3.10/site-packages/airflow/example_dags/example_complex.py
[2023-01-14T21:24:03.621+0000] {logging_mixin.py:137} INFO - [2023-01-14T21:24:03.620+0000] {taskmixin.py:205} WARNING - Dependency <Task(BashOperator): create_entry_group>, delete_entry_group already registered for DAG: example_complex
[2023-01-14T21:24:03.622+0000] {logging_mixin.py:137} INFO - [2023-01-14T21:24:03.622+0000] {taskmixin.py:205} WARNING - Dependency <Task(BashOperator): delete_entry_group>, create_entry_group already registered for DAG: example_complex
[2023-01-14T21:24:03.623+0000] {logging_mixin.py:137} INFO - [2023-01-14T21:24:03.623+0000] {taskmixin.py:205} WARNING - Dependency <Task(BashOperator): create_entry_gcs>, delete_entry already registered for DAG: example_complex
[2023-01-14T21:24:03.625+0000] {logging_mixin.py:137} INFO - [2023-01-14T21:24:03.624+0000] {taskmixin.py:205} WARNING - Dependency <Task(BashOperator): delete_entry>, create_entry_gcs already registered for DAG: example_complex
[2023-01-14T21:24:03.627+0000] {logging_mixin.py:137} INFO - [2023-01-14T21:24:03.626+0000] {taskmixin.py:205} WARNING - Dependency <Task(BashOperator): create_tag>, delete_tag already registered for DAG: example_complex
[2023-01-14T21:24:03.628+0000] {logging_mixin.py:137} INFO - [2023-01-14T21:24:03.628+0000] {taskmixin.py:205} WARNING - Dependency <Task(BashOperator): delete_tag>, create_tag already registered for DAG: example_complex
[2023-01-14T21:24:03.713+0000] {processor.py:753} INFO - DAG(s) dict_keys(['example_complex']) retrieved from /media/prempeh/Nouveau nom/MASTER2/DATA ENGINEERING/airflow/py_env/lib/python3.10/site-packages/airflow/example_dags/example_complex.py
[2023-01-14T21:24:03.870+0000] {logging_mixin.py:137} INFO - [2023-01-14T21:24:03.869+0000] {dag.py:2676} INFO - Sync 1 DAGs
[2023-01-14T21:24:03.935+0000] {logging_mixin.py:137} INFO - [2023-01-14T21:24:03.934+0000] {dag.py:3423} INFO - Setting next_dagrun for example_complex to None, run_after=None
[2023-01-14T21:24:04.013+0000] {processor.py:175} INFO - Processing /media/prempeh/Nouveau nom/MASTER2/DATA ENGINEERING/airflow/py_env/lib/python3.10/site-packages/airflow/example_dags/example_complex.py took 0.477 seconds
[2023-01-14T21:25:08.296+0000] {processor.py:153} INFO - Started process (PID=10450) to work on /media/prempeh/Nouveau nom/MASTER2/DATA ENGINEERING/airflow/py_env/lib/python3.10/site-packages/airflow/example_dags/example_complex.py
[2023-01-14T21:25:08.298+0000] {processor.py:743} INFO - Processing file /media/prempeh/Nouveau nom/MASTER2/DATA ENGINEERING/airflow/py_env/lib/python3.10/site-packages/airflow/example_dags/example_complex.py for tasks to queue
[2023-01-14T21:25:08.303+0000] {logging_mixin.py:137} INFO - [2023-01-14T21:25:08.302+0000] {dagbag.py:538} INFO - Filling up the DagBag from /media/prempeh/Nouveau nom/MASTER2/DATA ENGINEERING/airflow/py_env/lib/python3.10/site-packages/airflow/example_dags/example_complex.py
[2023-01-14T21:25:08.384+0000] {logging_mixin.py:137} INFO - [2023-01-14T21:25:08.384+0000] {taskmixin.py:205} WARNING - Dependency <Task(BashOperator): create_entry_group>, delete_entry_group already registered for DAG: example_complex
[2023-01-14T21:25:08.385+0000] {logging_mixin.py:137} INFO - [2023-01-14T21:25:08.385+0000] {taskmixin.py:205} WARNING - Dependency <Task(BashOperator): delete_entry_group>, create_entry_group already registered for DAG: example_complex
[2023-01-14T21:25:08.386+0000] {logging_mixin.py:137} INFO - [2023-01-14T21:25:08.386+0000] {taskmixin.py:205} WARNING - Dependency <Task(BashOperator): create_entry_gcs>, delete_entry already registered for DAG: example_complex
[2023-01-14T21:25:08.387+0000] {logging_mixin.py:137} INFO - [2023-01-14T21:25:08.387+0000] {taskmixin.py:205} WARNING - Dependency <Task(BashOperator): delete_entry>, create_entry_gcs already registered for DAG: example_complex
[2023-01-14T21:25:08.389+0000] {logging_mixin.py:137} INFO - [2023-01-14T21:25:08.388+0000] {taskmixin.py:205} WARNING - Dependency <Task(BashOperator): create_tag>, delete_tag already registered for DAG: example_complex
[2023-01-14T21:25:08.389+0000] {logging_mixin.py:137} INFO - [2023-01-14T21:25:08.389+0000] {taskmixin.py:205} WARNING - Dependency <Task(BashOperator): delete_tag>, create_tag already registered for DAG: example_complex
[2023-01-14T21:25:08.508+0000] {processor.py:753} INFO - DAG(s) dict_keys(['example_complex']) retrieved from /media/prempeh/Nouveau nom/MASTER2/DATA ENGINEERING/airflow/py_env/lib/python3.10/site-packages/airflow/example_dags/example_complex.py
[2023-01-14T21:25:08.675+0000] {logging_mixin.py:137} INFO - [2023-01-14T21:25:08.675+0000] {dag.py:2676} INFO - Sync 1 DAGs
[2023-01-14T21:25:08.741+0000] {logging_mixin.py:137} INFO - [2023-01-14T21:25:08.741+0000] {dag.py:3423} INFO - Setting next_dagrun for example_complex to None, run_after=None
[2023-01-14T21:25:08.814+0000] {processor.py:175} INFO - Processing /media/prempeh/Nouveau nom/MASTER2/DATA ENGINEERING/airflow/py_env/lib/python3.10/site-packages/airflow/example_dags/example_complex.py took 0.529 seconds
[2023-01-14T21:26:23.166+0000] {processor.py:153} INFO - Started process (PID=10582) to work on /media/prempeh/Nouveau nom/MASTER2/DATA ENGINEERING/airflow/py_env/lib/python3.10/site-packages/airflow/example_dags/example_complex.py
[2023-01-14T21:26:23.169+0000] {processor.py:743} INFO - Processing file /media/prempeh/Nouveau nom/MASTER2/DATA ENGINEERING/airflow/py_env/lib/python3.10/site-packages/airflow/example_dags/example_complex.py for tasks to queue
[2023-01-14T21:26:23.173+0000] {logging_mixin.py:137} INFO - [2023-01-14T21:26:23.173+0000] {dagbag.py:538} INFO - Filling up the DagBag from /media/prempeh/Nouveau nom/MASTER2/DATA ENGINEERING/airflow/py_env/lib/python3.10/site-packages/airflow/example_dags/example_complex.py
[2023-01-14T21:26:23.238+0000] {logging_mixin.py:137} INFO - [2023-01-14T21:26:23.237+0000] {taskmixin.py:205} WARNING - Dependency <Task(BashOperator): create_entry_group>, delete_entry_group already registered for DAG: example_complex
[2023-01-14T21:26:23.239+0000] {logging_mixin.py:137} INFO - [2023-01-14T21:26:23.238+0000] {taskmixin.py:205} WARNING - Dependency <Task(BashOperator): delete_entry_group>, create_entry_group already registered for DAG: example_complex
[2023-01-14T21:26:23.240+0000] {logging_mixin.py:137} INFO - [2023-01-14T21:26:23.240+0000] {taskmixin.py:205} WARNING - Dependency <Task(BashOperator): create_entry_gcs>, delete_entry already registered for DAG: example_complex
[2023-01-14T21:26:23.241+0000] {logging_mixin.py:137} INFO - [2023-01-14T21:26:23.241+0000] {taskmixin.py:205} WARNING - Dependency <Task(BashOperator): delete_entry>, create_entry_gcs already registered for DAG: example_complex
[2023-01-14T21:26:23.242+0000] {logging_mixin.py:137} INFO - [2023-01-14T21:26:23.242+0000] {taskmixin.py:205} WARNING - Dependency <Task(BashOperator): create_tag>, delete_tag already registered for DAG: example_complex
[2023-01-14T21:26:23.243+0000] {logging_mixin.py:137} INFO - [2023-01-14T21:26:23.243+0000] {taskmixin.py:205} WARNING - Dependency <Task(BashOperator): delete_tag>, create_tag already registered for DAG: example_complex
[2023-01-14T21:26:23.316+0000] {processor.py:753} INFO - DAG(s) dict_keys(['example_complex']) retrieved from /media/prempeh/Nouveau nom/MASTER2/DATA ENGINEERING/airflow/py_env/lib/python3.10/site-packages/airflow/example_dags/example_complex.py
[2023-01-14T21:26:23.459+0000] {logging_mixin.py:137} INFO - [2023-01-14T21:26:23.459+0000] {dag.py:2676} INFO - Sync 1 DAGs
[2023-01-14T21:26:23.524+0000] {logging_mixin.py:137} INFO - [2023-01-14T21:26:23.524+0000] {dag.py:3423} INFO - Setting next_dagrun for example_complex to None, run_after=None
[2023-01-14T21:26:23.593+0000] {processor.py:175} INFO - Processing /media/prempeh/Nouveau nom/MASTER2/DATA ENGINEERING/airflow/py_env/lib/python3.10/site-packages/airflow/example_dags/example_complex.py took 0.435 seconds
[2023-01-14T21:27:33.838+0000] {processor.py:153} INFO - Started process (PID=10899) to work on /media/prempeh/Nouveau nom/MASTER2/DATA ENGINEERING/airflow/py_env/lib/python3.10/site-packages/airflow/example_dags/example_complex.py
[2023-01-14T21:27:33.841+0000] {processor.py:743} INFO - Processing file /media/prempeh/Nouveau nom/MASTER2/DATA ENGINEERING/airflow/py_env/lib/python3.10/site-packages/airflow/example_dags/example_complex.py for tasks to queue
[2023-01-14T21:27:33.845+0000] {logging_mixin.py:137} INFO - [2023-01-14T21:27:33.845+0000] {dagbag.py:538} INFO - Filling up the DagBag from /media/prempeh/Nouveau nom/MASTER2/DATA ENGINEERING/airflow/py_env/lib/python3.10/site-packages/airflow/example_dags/example_complex.py
[2023-01-14T21:27:33.920+0000] {logging_mixin.py:137} INFO - [2023-01-14T21:27:33.919+0000] {taskmixin.py:205} WARNING - Dependency <Task(BashOperator): create_entry_group>, delete_entry_group already registered for DAG: example_complex
[2023-01-14T21:27:33.921+0000] {logging_mixin.py:137} INFO - [2023-01-14T21:27:33.920+0000] {taskmixin.py:205} WARNING - Dependency <Task(BashOperator): delete_entry_group>, create_entry_group already registered for DAG: example_complex
[2023-01-14T21:27:33.922+0000] {logging_mixin.py:137} INFO - [2023-01-14T21:27:33.922+0000] {taskmixin.py:205} WARNING - Dependency <Task(BashOperator): create_entry_gcs>, delete_entry already registered for DAG: example_complex
[2023-01-14T21:27:33.923+0000] {logging_mixin.py:137} INFO - [2023-01-14T21:27:33.923+0000] {taskmixin.py:205} WARNING - Dependency <Task(BashOperator): delete_entry>, create_entry_gcs already registered for DAG: example_complex
[2023-01-14T21:27:33.925+0000] {logging_mixin.py:137} INFO - [2023-01-14T21:27:33.925+0000] {taskmixin.py:205} WARNING - Dependency <Task(BashOperator): create_tag>, delete_tag already registered for DAG: example_complex
[2023-01-14T21:27:33.926+0000] {logging_mixin.py:137} INFO - [2023-01-14T21:27:33.926+0000] {taskmixin.py:205} WARNING - Dependency <Task(BashOperator): delete_tag>, create_tag already registered for DAG: example_complex
[2023-01-14T21:27:34.031+0000] {processor.py:753} INFO - DAG(s) dict_keys(['example_complex']) retrieved from /media/prempeh/Nouveau nom/MASTER2/DATA ENGINEERING/airflow/py_env/lib/python3.10/site-packages/airflow/example_dags/example_complex.py
[2023-01-14T21:27:34.212+0000] {logging_mixin.py:137} INFO - [2023-01-14T21:27:34.211+0000] {dag.py:2676} INFO - Sync 1 DAGs
[2023-01-14T21:27:34.285+0000] {logging_mixin.py:137} INFO - [2023-01-14T21:27:34.284+0000] {dag.py:3423} INFO - Setting next_dagrun for example_complex to None, run_after=None
[2023-01-14T21:27:34.365+0000] {processor.py:175} INFO - Processing /media/prempeh/Nouveau nom/MASTER2/DATA ENGINEERING/airflow/py_env/lib/python3.10/site-packages/airflow/example_dags/example_complex.py took 0.537 seconds
