[2023-01-14T20:52:47.796+0000] {processor.py:153} INFO - Started process (PID=6406) to work on /media/prempeh/Nouveau nom/MASTER2/DATA ENGINEERING/airflow/py_env/lib/python3.10/site-packages/airflow/example_dags/example_trigger_target_dag.py
[2023-01-14T20:52:47.799+0000] {processor.py:743} INFO - Processing file /media/prempeh/Nouveau nom/MASTER2/DATA ENGINEERING/airflow/py_env/lib/python3.10/site-packages/airflow/example_dags/example_trigger_target_dag.py for tasks to queue
[2023-01-14T20:52:47.803+0000] {logging_mixin.py:137} INFO - [2023-01-14T20:52:47.803+0000] {dagbag.py:538} INFO - Filling up the DagBag from /media/prempeh/Nouveau nom/MASTER2/DATA ENGINEERING/airflow/py_env/lib/python3.10/site-packages/airflow/example_dags/example_trigger_target_dag.py
[2023-01-14T20:52:48.003+0000] {processor.py:753} INFO - DAG(s) dict_keys(['example_trigger_target_dag']) retrieved from /media/prempeh/Nouveau nom/MASTER2/DATA ENGINEERING/airflow/py_env/lib/python3.10/site-packages/airflow/example_dags/example_trigger_target_dag.py
[2023-01-14T20:52:48.637+0000] {logging_mixin.py:137} INFO - [2023-01-14T20:52:48.637+0000] {manager.py:504} INFO - Created Permission View: can edit on DAG:example_trigger_target_dag
[2023-01-14T20:52:48.666+0000] {logging_mixin.py:137} INFO - [2023-01-14T20:52:48.665+0000] {manager.py:504} INFO - Created Permission View: can delete on DAG:example_trigger_target_dag
[2023-01-14T20:52:48.693+0000] {logging_mixin.py:137} INFO - [2023-01-14T20:52:48.692+0000] {manager.py:504} INFO - Created Permission View: can read on DAG:example_trigger_target_dag
[2023-01-14T20:52:48.694+0000] {logging_mixin.py:137} INFO - [2023-01-14T20:52:48.694+0000] {dag.py:2676} INFO - Sync 1 DAGs
[2023-01-14T20:52:48.728+0000] {logging_mixin.py:137} INFO - [2023-01-14T20:52:48.728+0000] {dag.py:2697} INFO - Creating ORM DAG for example_trigger_target_dag
[2023-01-14T20:52:48.756+0000] {logging_mixin.py:137} INFO - [2023-01-14T20:52:48.756+0000] {dag.py:3423} INFO - Setting next_dagrun for example_trigger_target_dag to None, run_after=None
[2023-01-14T20:52:48.818+0000] {processor.py:175} INFO - Processing /media/prempeh/Nouveau nom/MASTER2/DATA ENGINEERING/airflow/py_env/lib/python3.10/site-packages/airflow/example_dags/example_trigger_target_dag.py took 1.032 seconds
[2023-01-14T20:54:04.147+0000] {processor.py:153} INFO - Started process (PID=6711) to work on /media/prempeh/Nouveau nom/MASTER2/DATA ENGINEERING/airflow/py_env/lib/python3.10/site-packages/airflow/example_dags/example_trigger_target_dag.py
[2023-01-14T20:54:04.150+0000] {processor.py:743} INFO - Processing file /media/prempeh/Nouveau nom/MASTER2/DATA ENGINEERING/airflow/py_env/lib/python3.10/site-packages/airflow/example_dags/example_trigger_target_dag.py for tasks to queue
[2023-01-14T20:54:04.154+0000] {logging_mixin.py:137} INFO - [2023-01-14T20:54:04.154+0000] {dagbag.py:538} INFO - Filling up the DagBag from /media/prempeh/Nouveau nom/MASTER2/DATA ENGINEERING/airflow/py_env/lib/python3.10/site-packages/airflow/example_dags/example_trigger_target_dag.py
[2023-01-14T20:54:04.343+0000] {processor.py:753} INFO - DAG(s) dict_keys(['example_trigger_target_dag']) retrieved from /media/prempeh/Nouveau nom/MASTER2/DATA ENGINEERING/airflow/py_env/lib/python3.10/site-packages/airflow/example_dags/example_trigger_target_dag.py
[2023-01-14T20:54:04.462+0000] {logging_mixin.py:137} INFO - [2023-01-14T20:54:04.461+0000] {dag.py:2676} INFO - Sync 1 DAGs
[2023-01-14T20:54:04.522+0000] {logging_mixin.py:137} INFO - [2023-01-14T20:54:04.521+0000] {dag.py:3423} INFO - Setting next_dagrun for example_trigger_target_dag to None, run_after=None
[2023-01-14T20:54:04.604+0000] {processor.py:175} INFO - Processing /media/prempeh/Nouveau nom/MASTER2/DATA ENGINEERING/airflow/py_env/lib/python3.10/site-packages/airflow/example_dags/example_trigger_target_dag.py took 0.467 seconds
[2023-01-14T20:55:03.474+0000] {processor.py:153} INFO - Started process (PID=6749) to work on /media/prempeh/Nouveau nom/MASTER2/DATA ENGINEERING/airflow/py_env/lib/python3.10/site-packages/airflow/example_dags/example_trigger_target_dag.py
[2023-01-14T20:55:03.477+0000] {processor.py:743} INFO - Processing file /media/prempeh/Nouveau nom/MASTER2/DATA ENGINEERING/airflow/py_env/lib/python3.10/site-packages/airflow/example_dags/example_trigger_target_dag.py for tasks to queue
[2023-01-14T20:55:03.482+0000] {logging_mixin.py:137} INFO - [2023-01-14T20:55:03.482+0000] {dagbag.py:538} INFO - Filling up the DagBag from /media/prempeh/Nouveau nom/MASTER2/DATA ENGINEERING/airflow/py_env/lib/python3.10/site-packages/airflow/example_dags/example_trigger_target_dag.py
[2023-01-14T20:55:03.683+0000] {processor.py:753} INFO - DAG(s) dict_keys(['example_trigger_target_dag']) retrieved from /media/prempeh/Nouveau nom/MASTER2/DATA ENGINEERING/airflow/py_env/lib/python3.10/site-packages/airflow/example_dags/example_trigger_target_dag.py
[2023-01-14T20:55:03.816+0000] {logging_mixin.py:137} INFO - [2023-01-14T20:55:03.816+0000] {dag.py:2676} INFO - Sync 1 DAGs
[2023-01-14T20:55:03.887+0000] {logging_mixin.py:137} INFO - [2023-01-14T20:55:03.887+0000] {dag.py:3423} INFO - Setting next_dagrun for example_trigger_target_dag to None, run_after=None
[2023-01-14T20:55:03.969+0000] {processor.py:175} INFO - Processing /media/prempeh/Nouveau nom/MASTER2/DATA ENGINEERING/airflow/py_env/lib/python3.10/site-packages/airflow/example_dags/example_trigger_target_dag.py took 0.507 seconds
[2023-01-14T20:56:03.439+0000] {processor.py:153} INFO - Started process (PID=6831) to work on /media/prempeh/Nouveau nom/MASTER2/DATA ENGINEERING/airflow/py_env/lib/python3.10/site-packages/airflow/example_dags/example_trigger_target_dag.py
[2023-01-14T20:56:03.441+0000] {processor.py:743} INFO - Processing file /media/prempeh/Nouveau nom/MASTER2/DATA ENGINEERING/airflow/py_env/lib/python3.10/site-packages/airflow/example_dags/example_trigger_target_dag.py for tasks to queue
[2023-01-14T20:56:03.447+0000] {logging_mixin.py:137} INFO - [2023-01-14T20:56:03.446+0000] {dagbag.py:538} INFO - Filling up the DagBag from /media/prempeh/Nouveau nom/MASTER2/DATA ENGINEERING/airflow/py_env/lib/python3.10/site-packages/airflow/example_dags/example_trigger_target_dag.py
[2023-01-14T20:56:03.635+0000] {processor.py:753} INFO - DAG(s) dict_keys(['example_trigger_target_dag']) retrieved from /media/prempeh/Nouveau nom/MASTER2/DATA ENGINEERING/airflow/py_env/lib/python3.10/site-packages/airflow/example_dags/example_trigger_target_dag.py
[2023-01-14T20:56:03.773+0000] {logging_mixin.py:137} INFO - [2023-01-14T20:56:03.772+0000] {dag.py:2676} INFO - Sync 1 DAGs
[2023-01-14T20:56:03.858+0000] {logging_mixin.py:137} INFO - [2023-01-14T20:56:03.857+0000] {dag.py:3423} INFO - Setting next_dagrun for example_trigger_target_dag to None, run_after=None
[2023-01-14T20:56:03.943+0000] {processor.py:175} INFO - Processing /media/prempeh/Nouveau nom/MASTER2/DATA ENGINEERING/airflow/py_env/lib/python3.10/site-packages/airflow/example_dags/example_trigger_target_dag.py took 0.514 seconds
[2023-01-14T20:57:03.845+0000] {processor.py:153} INFO - Started process (PID=7013) to work on /media/prempeh/Nouveau nom/MASTER2/DATA ENGINEERING/airflow/py_env/lib/python3.10/site-packages/airflow/example_dags/example_trigger_target_dag.py
[2023-01-14T20:57:03.848+0000] {processor.py:743} INFO - Processing file /media/prempeh/Nouveau nom/MASTER2/DATA ENGINEERING/airflow/py_env/lib/python3.10/site-packages/airflow/example_dags/example_trigger_target_dag.py for tasks to queue
[2023-01-14T20:57:03.853+0000] {logging_mixin.py:137} INFO - [2023-01-14T20:57:03.853+0000] {dagbag.py:538} INFO - Filling up the DagBag from /media/prempeh/Nouveau nom/MASTER2/DATA ENGINEERING/airflow/py_env/lib/python3.10/site-packages/airflow/example_dags/example_trigger_target_dag.py
[2023-01-14T20:57:04.067+0000] {processor.py:753} INFO - DAG(s) dict_keys(['example_trigger_target_dag']) retrieved from /media/prempeh/Nouveau nom/MASTER2/DATA ENGINEERING/airflow/py_env/lib/python3.10/site-packages/airflow/example_dags/example_trigger_target_dag.py
[2023-01-14T20:57:04.227+0000] {logging_mixin.py:137} INFO - [2023-01-14T20:57:04.227+0000] {dag.py:2676} INFO - Sync 1 DAGs
[2023-01-14T20:57:04.310+0000] {logging_mixin.py:137} INFO - [2023-01-14T20:57:04.309+0000] {dag.py:3423} INFO - Setting next_dagrun for example_trigger_target_dag to None, run_after=None
[2023-01-14T20:57:04.442+0000] {processor.py:175} INFO - Processing /media/prempeh/Nouveau nom/MASTER2/DATA ENGINEERING/airflow/py_env/lib/python3.10/site-packages/airflow/example_dags/example_trigger_target_dag.py took 0.607 seconds
[2023-01-14T20:58:03.098+0000] {processor.py:153} INFO - Started process (PID=7110) to work on /media/prempeh/Nouveau nom/MASTER2/DATA ENGINEERING/airflow/py_env/lib/python3.10/site-packages/airflow/example_dags/example_trigger_target_dag.py
[2023-01-14T20:58:03.103+0000] {processor.py:743} INFO - Processing file /media/prempeh/Nouveau nom/MASTER2/DATA ENGINEERING/airflow/py_env/lib/python3.10/site-packages/airflow/example_dags/example_trigger_target_dag.py for tasks to queue
[2023-01-14T20:58:03.111+0000] {logging_mixin.py:137} INFO - [2023-01-14T20:58:03.111+0000] {dagbag.py:538} INFO - Filling up the DagBag from /media/prempeh/Nouveau nom/MASTER2/DATA ENGINEERING/airflow/py_env/lib/python3.10/site-packages/airflow/example_dags/example_trigger_target_dag.py
[2023-01-14T20:58:03.421+0000] {processor.py:753} INFO - DAG(s) dict_keys(['example_trigger_target_dag']) retrieved from /media/prempeh/Nouveau nom/MASTER2/DATA ENGINEERING/airflow/py_env/lib/python3.10/site-packages/airflow/example_dags/example_trigger_target_dag.py
[2023-01-14T20:58:03.580+0000] {logging_mixin.py:137} INFO - [2023-01-14T20:58:03.579+0000] {dag.py:2676} INFO - Sync 1 DAGs
[2023-01-14T20:58:03.651+0000] {logging_mixin.py:137} INFO - [2023-01-14T20:58:03.650+0000] {dag.py:3423} INFO - Setting next_dagrun for example_trigger_target_dag to None, run_after=None
[2023-01-14T20:58:03.722+0000] {processor.py:175} INFO - Processing /media/prempeh/Nouveau nom/MASTER2/DATA ENGINEERING/airflow/py_env/lib/python3.10/site-packages/airflow/example_dags/example_trigger_target_dag.py took 0.639 seconds
[2023-01-14T20:58:58.140+0000] {processor.py:153} INFO - Started process (PID=7151) to work on /media/prempeh/Nouveau nom/MASTER2/DATA ENGINEERING/airflow/py_env/lib/python3.10/site-packages/airflow/example_dags/example_trigger_target_dag.py
[2023-01-14T20:58:58.143+0000] {processor.py:743} INFO - Processing file /media/prempeh/Nouveau nom/MASTER2/DATA ENGINEERING/airflow/py_env/lib/python3.10/site-packages/airflow/example_dags/example_trigger_target_dag.py for tasks to queue
[2023-01-14T20:58:58.148+0000] {logging_mixin.py:137} INFO - [2023-01-14T20:58:58.148+0000] {dagbag.py:538} INFO - Filling up the DagBag from /media/prempeh/Nouveau nom/MASTER2/DATA ENGINEERING/airflow/py_env/lib/python3.10/site-packages/airflow/example_dags/example_trigger_target_dag.py
[2023-01-14T20:58:58.335+0000] {processor.py:753} INFO - DAG(s) dict_keys(['example_trigger_target_dag']) retrieved from /media/prempeh/Nouveau nom/MASTER2/DATA ENGINEERING/airflow/py_env/lib/python3.10/site-packages/airflow/example_dags/example_trigger_target_dag.py
[2023-01-14T20:58:58.480+0000] {logging_mixin.py:137} INFO - [2023-01-14T20:58:58.479+0000] {dag.py:2676} INFO - Sync 1 DAGs
[2023-01-14T20:58:58.539+0000] {logging_mixin.py:137} INFO - [2023-01-14T20:58:58.539+0000] {dag.py:3423} INFO - Setting next_dagrun for example_trigger_target_dag to None, run_after=None
[2023-01-14T20:58:58.613+0000] {processor.py:175} INFO - Processing /media/prempeh/Nouveau nom/MASTER2/DATA ENGINEERING/airflow/py_env/lib/python3.10/site-packages/airflow/example_dags/example_trigger_target_dag.py took 0.483 seconds
[2023-01-14T20:59:45.397+0000] {processor.py:153} INFO - Started process (PID=7209) to work on /media/prempeh/Nouveau nom/MASTER2/DATA ENGINEERING/airflow/py_env/lib/python3.10/site-packages/airflow/example_dags/example_trigger_target_dag.py
[2023-01-14T20:59:45.400+0000] {processor.py:743} INFO - Processing file /media/prempeh/Nouveau nom/MASTER2/DATA ENGINEERING/airflow/py_env/lib/python3.10/site-packages/airflow/example_dags/example_trigger_target_dag.py for tasks to queue
[2023-01-14T20:59:45.406+0000] {logging_mixin.py:137} INFO - [2023-01-14T20:59:45.406+0000] {dagbag.py:538} INFO - Filling up the DagBag from /media/prempeh/Nouveau nom/MASTER2/DATA ENGINEERING/airflow/py_env/lib/python3.10/site-packages/airflow/example_dags/example_trigger_target_dag.py
[2023-01-14T20:59:45.580+0000] {processor.py:753} INFO - DAG(s) dict_keys(['example_trigger_target_dag']) retrieved from /media/prempeh/Nouveau nom/MASTER2/DATA ENGINEERING/airflow/py_env/lib/python3.10/site-packages/airflow/example_dags/example_trigger_target_dag.py
[2023-01-14T20:59:45.700+0000] {logging_mixin.py:137} INFO - [2023-01-14T20:59:45.699+0000] {dag.py:2676} INFO - Sync 1 DAGs
[2023-01-14T20:59:45.761+0000] {logging_mixin.py:137} INFO - [2023-01-14T20:59:45.760+0000] {dag.py:3423} INFO - Setting next_dagrun for example_trigger_target_dag to None, run_after=None
[2023-01-14T20:59:45.830+0000] {processor.py:175} INFO - Processing /media/prempeh/Nouveau nom/MASTER2/DATA ENGINEERING/airflow/py_env/lib/python3.10/site-packages/airflow/example_dags/example_trigger_target_dag.py took 0.441 seconds
[2023-01-14T21:00:41.848+0000] {processor.py:153} INFO - Started process (PID=7271) to work on /media/prempeh/Nouveau nom/MASTER2/DATA ENGINEERING/airflow/py_env/lib/python3.10/site-packages/airflow/example_dags/example_trigger_target_dag.py
[2023-01-14T21:00:41.851+0000] {processor.py:743} INFO - Processing file /media/prempeh/Nouveau nom/MASTER2/DATA ENGINEERING/airflow/py_env/lib/python3.10/site-packages/airflow/example_dags/example_trigger_target_dag.py for tasks to queue
[2023-01-14T21:00:41.857+0000] {logging_mixin.py:137} INFO - [2023-01-14T21:00:41.856+0000] {dagbag.py:538} INFO - Filling up the DagBag from /media/prempeh/Nouveau nom/MASTER2/DATA ENGINEERING/airflow/py_env/lib/python3.10/site-packages/airflow/example_dags/example_trigger_target_dag.py
[2023-01-14T21:00:42.041+0000] {processor.py:753} INFO - DAG(s) dict_keys(['example_trigger_target_dag']) retrieved from /media/prempeh/Nouveau nom/MASTER2/DATA ENGINEERING/airflow/py_env/lib/python3.10/site-packages/airflow/example_dags/example_trigger_target_dag.py
[2023-01-14T21:00:42.159+0000] {logging_mixin.py:137} INFO - [2023-01-14T21:00:42.158+0000] {dag.py:2676} INFO - Sync 1 DAGs
[2023-01-14T21:00:42.220+0000] {logging_mixin.py:137} INFO - [2023-01-14T21:00:42.220+0000] {dag.py:3423} INFO - Setting next_dagrun for example_trigger_target_dag to None, run_after=None
[2023-01-14T21:00:42.298+0000] {processor.py:175} INFO - Processing /media/prempeh/Nouveau nom/MASTER2/DATA ENGINEERING/airflow/py_env/lib/python3.10/site-packages/airflow/example_dags/example_trigger_target_dag.py took 0.458 seconds
[2023-01-14T21:01:35.576+0000] {processor.py:153} INFO - Started process (PID=7316) to work on /media/prempeh/Nouveau nom/MASTER2/DATA ENGINEERING/airflow/py_env/lib/python3.10/site-packages/airflow/example_dags/example_trigger_target_dag.py
[2023-01-14T21:01:35.579+0000] {processor.py:743} INFO - Processing file /media/prempeh/Nouveau nom/MASTER2/DATA ENGINEERING/airflow/py_env/lib/python3.10/site-packages/airflow/example_dags/example_trigger_target_dag.py for tasks to queue
[2023-01-14T21:01:35.583+0000] {logging_mixin.py:137} INFO - [2023-01-14T21:01:35.583+0000] {dagbag.py:538} INFO - Filling up the DagBag from /media/prempeh/Nouveau nom/MASTER2/DATA ENGINEERING/airflow/py_env/lib/python3.10/site-packages/airflow/example_dags/example_trigger_target_dag.py
[2023-01-14T21:01:35.752+0000] {processor.py:753} INFO - DAG(s) dict_keys(['example_trigger_target_dag']) retrieved from /media/prempeh/Nouveau nom/MASTER2/DATA ENGINEERING/airflow/py_env/lib/python3.10/site-packages/airflow/example_dags/example_trigger_target_dag.py
[2023-01-14T21:01:35.892+0000] {logging_mixin.py:137} INFO - [2023-01-14T21:01:35.891+0000] {dag.py:2676} INFO - Sync 1 DAGs
[2023-01-14T21:01:35.957+0000] {logging_mixin.py:137} INFO - [2023-01-14T21:01:35.956+0000] {dag.py:3423} INFO - Setting next_dagrun for example_trigger_target_dag to None, run_after=None
[2023-01-14T21:01:36.019+0000] {processor.py:175} INFO - Processing /media/prempeh/Nouveau nom/MASTER2/DATA ENGINEERING/airflow/py_env/lib/python3.10/site-packages/airflow/example_dags/example_trigger_target_dag.py took 0.452 seconds
[2023-01-14T21:02:29.437+0000] {processor.py:153} INFO - Started process (PID=7381) to work on /media/prempeh/Nouveau nom/MASTER2/DATA ENGINEERING/airflow/py_env/lib/python3.10/site-packages/airflow/example_dags/example_trigger_target_dag.py
[2023-01-14T21:02:29.440+0000] {processor.py:743} INFO - Processing file /media/prempeh/Nouveau nom/MASTER2/DATA ENGINEERING/airflow/py_env/lib/python3.10/site-packages/airflow/example_dags/example_trigger_target_dag.py for tasks to queue
[2023-01-14T21:02:29.447+0000] {logging_mixin.py:137} INFO - [2023-01-14T21:02:29.447+0000] {dagbag.py:538} INFO - Filling up the DagBag from /media/prempeh/Nouveau nom/MASTER2/DATA ENGINEERING/airflow/py_env/lib/python3.10/site-packages/airflow/example_dags/example_trigger_target_dag.py
[2023-01-14T21:02:29.625+0000] {processor.py:753} INFO - DAG(s) dict_keys(['example_trigger_target_dag']) retrieved from /media/prempeh/Nouveau nom/MASTER2/DATA ENGINEERING/airflow/py_env/lib/python3.10/site-packages/airflow/example_dags/example_trigger_target_dag.py
[2023-01-14T21:02:29.763+0000] {logging_mixin.py:137} INFO - [2023-01-14T21:02:29.762+0000] {dag.py:2676} INFO - Sync 1 DAGs
[2023-01-14T21:02:29.825+0000] {logging_mixin.py:137} INFO - [2023-01-14T21:02:29.825+0000] {dag.py:3423} INFO - Setting next_dagrun for example_trigger_target_dag to None, run_after=None
[2023-01-14T21:02:29.897+0000] {processor.py:175} INFO - Processing /media/prempeh/Nouveau nom/MASTER2/DATA ENGINEERING/airflow/py_env/lib/python3.10/site-packages/airflow/example_dags/example_trigger_target_dag.py took 0.469 seconds
[2023-01-14T21:03:19.265+0000] {processor.py:153} INFO - Started process (PID=7425) to work on /media/prempeh/Nouveau nom/MASTER2/DATA ENGINEERING/airflow/py_env/lib/python3.10/site-packages/airflow/example_dags/example_trigger_target_dag.py
[2023-01-14T21:03:19.267+0000] {processor.py:743} INFO - Processing file /media/prempeh/Nouveau nom/MASTER2/DATA ENGINEERING/airflow/py_env/lib/python3.10/site-packages/airflow/example_dags/example_trigger_target_dag.py for tasks to queue
[2023-01-14T21:03:19.272+0000] {logging_mixin.py:137} INFO - [2023-01-14T21:03:19.271+0000] {dagbag.py:538} INFO - Filling up the DagBag from /media/prempeh/Nouveau nom/MASTER2/DATA ENGINEERING/airflow/py_env/lib/python3.10/site-packages/airflow/example_dags/example_trigger_target_dag.py
[2023-01-14T21:03:19.457+0000] {processor.py:753} INFO - DAG(s) dict_keys(['example_trigger_target_dag']) retrieved from /media/prempeh/Nouveau nom/MASTER2/DATA ENGINEERING/airflow/py_env/lib/python3.10/site-packages/airflow/example_dags/example_trigger_target_dag.py
[2023-01-14T21:03:19.632+0000] {logging_mixin.py:137} INFO - [2023-01-14T21:03:19.631+0000] {dag.py:2676} INFO - Sync 1 DAGs
[2023-01-14T21:03:19.715+0000] {logging_mixin.py:137} INFO - [2023-01-14T21:03:19.714+0000] {dag.py:3423} INFO - Setting next_dagrun for example_trigger_target_dag to None, run_after=None
[2023-01-14T21:03:19.803+0000] {processor.py:175} INFO - Processing /media/prempeh/Nouveau nom/MASTER2/DATA ENGINEERING/airflow/py_env/lib/python3.10/site-packages/airflow/example_dags/example_trigger_target_dag.py took 0.546 seconds
[2023-01-14T21:04:25.537+0000] {processor.py:153} INFO - Started process (PID=7495) to work on /media/prempeh/Nouveau nom/MASTER2/DATA ENGINEERING/airflow/py_env/lib/python3.10/site-packages/airflow/example_dags/example_trigger_target_dag.py
[2023-01-14T21:04:25.539+0000] {processor.py:743} INFO - Processing file /media/prempeh/Nouveau nom/MASTER2/DATA ENGINEERING/airflow/py_env/lib/python3.10/site-packages/airflow/example_dags/example_trigger_target_dag.py for tasks to queue
[2023-01-14T21:04:25.543+0000] {logging_mixin.py:137} INFO - [2023-01-14T21:04:25.543+0000] {dagbag.py:538} INFO - Filling up the DagBag from /media/prempeh/Nouveau nom/MASTER2/DATA ENGINEERING/airflow/py_env/lib/python3.10/site-packages/airflow/example_dags/example_trigger_target_dag.py
[2023-01-14T21:04:25.697+0000] {processor.py:753} INFO - DAG(s) dict_keys(['example_trigger_target_dag']) retrieved from /media/prempeh/Nouveau nom/MASTER2/DATA ENGINEERING/airflow/py_env/lib/python3.10/site-packages/airflow/example_dags/example_trigger_target_dag.py
[2023-01-14T21:04:25.813+0000] {logging_mixin.py:137} INFO - [2023-01-14T21:04:25.812+0000] {dag.py:2676} INFO - Sync 1 DAGs
[2023-01-14T21:04:25.866+0000] {logging_mixin.py:137} INFO - [2023-01-14T21:04:25.866+0000] {dag.py:3423} INFO - Setting next_dagrun for example_trigger_target_dag to None, run_after=None
[2023-01-14T21:04:25.929+0000] {processor.py:175} INFO - Processing /media/prempeh/Nouveau nom/MASTER2/DATA ENGINEERING/airflow/py_env/lib/python3.10/site-packages/airflow/example_dags/example_trigger_target_dag.py took 0.399 seconds
[2023-01-14T21:05:23.303+0000] {processor.py:153} INFO - Started process (PID=7545) to work on /media/prempeh/Nouveau nom/MASTER2/DATA ENGINEERING/airflow/py_env/lib/python3.10/site-packages/airflow/example_dags/example_trigger_target_dag.py
[2023-01-14T21:05:23.306+0000] {processor.py:743} INFO - Processing file /media/prempeh/Nouveau nom/MASTER2/DATA ENGINEERING/airflow/py_env/lib/python3.10/site-packages/airflow/example_dags/example_trigger_target_dag.py for tasks to queue
[2023-01-14T21:05:23.314+0000] {logging_mixin.py:137} INFO - [2023-01-14T21:05:23.313+0000] {dagbag.py:538} INFO - Filling up the DagBag from /media/prempeh/Nouveau nom/MASTER2/DATA ENGINEERING/airflow/py_env/lib/python3.10/site-packages/airflow/example_dags/example_trigger_target_dag.py
[2023-01-14T21:05:23.514+0000] {processor.py:753} INFO - DAG(s) dict_keys(['example_trigger_target_dag']) retrieved from /media/prempeh/Nouveau nom/MASTER2/DATA ENGINEERING/airflow/py_env/lib/python3.10/site-packages/airflow/example_dags/example_trigger_target_dag.py
[2023-01-14T21:05:23.651+0000] {logging_mixin.py:137} INFO - [2023-01-14T21:05:23.650+0000] {dag.py:2676} INFO - Sync 1 DAGs
[2023-01-14T21:05:23.711+0000] {logging_mixin.py:137} INFO - [2023-01-14T21:05:23.711+0000] {dag.py:3423} INFO - Setting next_dagrun for example_trigger_target_dag to None, run_after=None
[2023-01-14T21:05:23.780+0000] {processor.py:175} INFO - Processing /media/prempeh/Nouveau nom/MASTER2/DATA ENGINEERING/airflow/py_env/lib/python3.10/site-packages/airflow/example_dags/example_trigger_target_dag.py took 0.487 seconds
[2023-01-14T21:06:29.896+0000] {processor.py:153} INFO - Started process (PID=7718) to work on /media/prempeh/Nouveau nom/MASTER2/DATA ENGINEERING/airflow/py_env/lib/python3.10/site-packages/airflow/example_dags/example_trigger_target_dag.py
[2023-01-14T21:06:29.899+0000] {processor.py:743} INFO - Processing file /media/prempeh/Nouveau nom/MASTER2/DATA ENGINEERING/airflow/py_env/lib/python3.10/site-packages/airflow/example_dags/example_trigger_target_dag.py for tasks to queue
[2023-01-14T21:06:29.903+0000] {logging_mixin.py:137} INFO - [2023-01-14T21:06:29.903+0000] {dagbag.py:538} INFO - Filling up the DagBag from /media/prempeh/Nouveau nom/MASTER2/DATA ENGINEERING/airflow/py_env/lib/python3.10/site-packages/airflow/example_dags/example_trigger_target_dag.py
[2023-01-14T21:06:30.225+0000] {processor.py:753} INFO - DAG(s) dict_keys(['example_trigger_target_dag']) retrieved from /media/prempeh/Nouveau nom/MASTER2/DATA ENGINEERING/airflow/py_env/lib/python3.10/site-packages/airflow/example_dags/example_trigger_target_dag.py
[2023-01-14T21:06:30.435+0000] {logging_mixin.py:137} INFO - [2023-01-14T21:06:30.434+0000] {dag.py:2676} INFO - Sync 1 DAGs
[2023-01-14T21:06:30.497+0000] {logging_mixin.py:137} INFO - [2023-01-14T21:06:30.497+0000] {dag.py:3423} INFO - Setting next_dagrun for example_trigger_target_dag to None, run_after=None
[2023-01-14T21:06:30.566+0000] {processor.py:175} INFO - Processing /media/prempeh/Nouveau nom/MASTER2/DATA ENGINEERING/airflow/py_env/lib/python3.10/site-packages/airflow/example_dags/example_trigger_target_dag.py took 0.678 seconds
[2023-01-14T21:08:02.880+0000] {processor.py:153} INFO - Started process (PID=7999) to work on /media/prempeh/Nouveau nom/MASTER2/DATA ENGINEERING/airflow/py_env/lib/python3.10/site-packages/airflow/example_dags/example_trigger_target_dag.py
[2023-01-14T21:08:02.892+0000] {processor.py:743} INFO - Processing file /media/prempeh/Nouveau nom/MASTER2/DATA ENGINEERING/airflow/py_env/lib/python3.10/site-packages/airflow/example_dags/example_trigger_target_dag.py for tasks to queue
[2023-01-14T21:08:02.897+0000] {logging_mixin.py:137} INFO - [2023-01-14T21:08:02.896+0000] {dagbag.py:538} INFO - Filling up the DagBag from /media/prempeh/Nouveau nom/MASTER2/DATA ENGINEERING/airflow/py_env/lib/python3.10/site-packages/airflow/example_dags/example_trigger_target_dag.py
[2023-01-14T21:08:03.294+0000] {processor.py:753} INFO - DAG(s) dict_keys(['example_trigger_target_dag']) retrieved from /media/prempeh/Nouveau nom/MASTER2/DATA ENGINEERING/airflow/py_env/lib/python3.10/site-packages/airflow/example_dags/example_trigger_target_dag.py
[2023-01-14T21:08:03.528+0000] {logging_mixin.py:137} INFO - [2023-01-14T21:08:03.528+0000] {dag.py:2676} INFO - Sync 1 DAGs
[2023-01-14T21:08:03.634+0000] {logging_mixin.py:137} INFO - [2023-01-14T21:08:03.633+0000] {dag.py:3423} INFO - Setting next_dagrun for example_trigger_target_dag to None, run_after=None
[2023-01-14T21:08:03.760+0000] {processor.py:175} INFO - Processing /media/prempeh/Nouveau nom/MASTER2/DATA ENGINEERING/airflow/py_env/lib/python3.10/site-packages/airflow/example_dags/example_trigger_target_dag.py took 0.892 seconds
[2023-01-14T21:08:45.434+0000] {processor.py:153} INFO - Started process (PID=8082) to work on /media/prempeh/Nouveau nom/MASTER2/DATA ENGINEERING/airflow/py_env/lib/python3.10/site-packages/airflow/example_dags/example_trigger_target_dag.py
[2023-01-14T21:08:45.437+0000] {processor.py:743} INFO - Processing file /media/prempeh/Nouveau nom/MASTER2/DATA ENGINEERING/airflow/py_env/lib/python3.10/site-packages/airflow/example_dags/example_trigger_target_dag.py for tasks to queue
[2023-01-14T21:08:45.441+0000] {logging_mixin.py:137} INFO - [2023-01-14T21:08:45.441+0000] {dagbag.py:538} INFO - Filling up the DagBag from /media/prempeh/Nouveau nom/MASTER2/DATA ENGINEERING/airflow/py_env/lib/python3.10/site-packages/airflow/example_dags/example_trigger_target_dag.py
[2023-01-14T21:08:45.631+0000] {processor.py:753} INFO - DAG(s) dict_keys(['example_trigger_target_dag']) retrieved from /media/prempeh/Nouveau nom/MASTER2/DATA ENGINEERING/airflow/py_env/lib/python3.10/site-packages/airflow/example_dags/example_trigger_target_dag.py
[2023-01-14T21:08:45.761+0000] {logging_mixin.py:137} INFO - [2023-01-14T21:08:45.761+0000] {dag.py:2676} INFO - Sync 1 DAGs
[2023-01-14T21:08:45.827+0000] {logging_mixin.py:137} INFO - [2023-01-14T21:08:45.826+0000] {dag.py:3423} INFO - Setting next_dagrun for example_trigger_target_dag to None, run_after=None
[2023-01-14T21:08:45.897+0000] {processor.py:175} INFO - Processing /media/prempeh/Nouveau nom/MASTER2/DATA ENGINEERING/airflow/py_env/lib/python3.10/site-packages/airflow/example_dags/example_trigger_target_dag.py took 0.477 seconds
[2023-01-14T21:09:44.568+0000] {processor.py:153} INFO - Started process (PID=8129) to work on /media/prempeh/Nouveau nom/MASTER2/DATA ENGINEERING/airflow/py_env/lib/python3.10/site-packages/airflow/example_dags/example_trigger_target_dag.py
[2023-01-14T21:09:44.570+0000] {processor.py:743} INFO - Processing file /media/prempeh/Nouveau nom/MASTER2/DATA ENGINEERING/airflow/py_env/lib/python3.10/site-packages/airflow/example_dags/example_trigger_target_dag.py for tasks to queue
[2023-01-14T21:09:44.574+0000] {logging_mixin.py:137} INFO - [2023-01-14T21:09:44.574+0000] {dagbag.py:538} INFO - Filling up the DagBag from /media/prempeh/Nouveau nom/MASTER2/DATA ENGINEERING/airflow/py_env/lib/python3.10/site-packages/airflow/example_dags/example_trigger_target_dag.py
[2023-01-14T21:09:44.765+0000] {processor.py:753} INFO - DAG(s) dict_keys(['example_trigger_target_dag']) retrieved from /media/prempeh/Nouveau nom/MASTER2/DATA ENGINEERING/airflow/py_env/lib/python3.10/site-packages/airflow/example_dags/example_trigger_target_dag.py
[2023-01-14T21:09:44.882+0000] {logging_mixin.py:137} INFO - [2023-01-14T21:09:44.881+0000] {dag.py:2676} INFO - Sync 1 DAGs
[2023-01-14T21:09:44.945+0000] {logging_mixin.py:137} INFO - [2023-01-14T21:09:44.944+0000] {dag.py:3423} INFO - Setting next_dagrun for example_trigger_target_dag to None, run_after=None
[2023-01-14T21:09:45.015+0000] {processor.py:175} INFO - Processing /media/prempeh/Nouveau nom/MASTER2/DATA ENGINEERING/airflow/py_env/lib/python3.10/site-packages/airflow/example_dags/example_trigger_target_dag.py took 0.456 seconds
[2023-01-14T21:10:45.626+0000] {processor.py:153} INFO - Started process (PID=8174) to work on /media/prempeh/Nouveau nom/MASTER2/DATA ENGINEERING/airflow/py_env/lib/python3.10/site-packages/airflow/example_dags/example_trigger_target_dag.py
[2023-01-14T21:10:45.629+0000] {processor.py:743} INFO - Processing file /media/prempeh/Nouveau nom/MASTER2/DATA ENGINEERING/airflow/py_env/lib/python3.10/site-packages/airflow/example_dags/example_trigger_target_dag.py for tasks to queue
[2023-01-14T21:10:45.633+0000] {logging_mixin.py:137} INFO - [2023-01-14T21:10:45.633+0000] {dagbag.py:538} INFO - Filling up the DagBag from /media/prempeh/Nouveau nom/MASTER2/DATA ENGINEERING/airflow/py_env/lib/python3.10/site-packages/airflow/example_dags/example_trigger_target_dag.py
[2023-01-14T21:10:45.826+0000] {processor.py:753} INFO - DAG(s) dict_keys(['example_trigger_target_dag']) retrieved from /media/prempeh/Nouveau nom/MASTER2/DATA ENGINEERING/airflow/py_env/lib/python3.10/site-packages/airflow/example_dags/example_trigger_target_dag.py
[2023-01-14T21:10:45.954+0000] {logging_mixin.py:137} INFO - [2023-01-14T21:10:45.953+0000] {dag.py:2676} INFO - Sync 1 DAGs
[2023-01-14T21:10:46.021+0000] {logging_mixin.py:137} INFO - [2023-01-14T21:10:46.020+0000] {dag.py:3423} INFO - Setting next_dagrun for example_trigger_target_dag to None, run_after=None
[2023-01-14T21:10:46.094+0000] {processor.py:175} INFO - Processing /media/prempeh/Nouveau nom/MASTER2/DATA ENGINEERING/airflow/py_env/lib/python3.10/site-packages/airflow/example_dags/example_trigger_target_dag.py took 0.476 seconds
[2023-01-14T21:11:51.969+0000] {processor.py:153} INFO - Started process (PID=8222) to work on /media/prempeh/Nouveau nom/MASTER2/DATA ENGINEERING/airflow/py_env/lib/python3.10/site-packages/airflow/example_dags/example_trigger_target_dag.py
[2023-01-14T21:11:51.971+0000] {processor.py:743} INFO - Processing file /media/prempeh/Nouveau nom/MASTER2/DATA ENGINEERING/airflow/py_env/lib/python3.10/site-packages/airflow/example_dags/example_trigger_target_dag.py for tasks to queue
[2023-01-14T21:11:51.975+0000] {logging_mixin.py:137} INFO - [2023-01-14T21:11:51.975+0000] {dagbag.py:538} INFO - Filling up the DagBag from /media/prempeh/Nouveau nom/MASTER2/DATA ENGINEERING/airflow/py_env/lib/python3.10/site-packages/airflow/example_dags/example_trigger_target_dag.py
[2023-01-14T21:11:52.143+0000] {processor.py:753} INFO - DAG(s) dict_keys(['example_trigger_target_dag']) retrieved from /media/prempeh/Nouveau nom/MASTER2/DATA ENGINEERING/airflow/py_env/lib/python3.10/site-packages/airflow/example_dags/example_trigger_target_dag.py
[2023-01-14T21:11:52.270+0000] {logging_mixin.py:137} INFO - [2023-01-14T21:11:52.269+0000] {dag.py:2676} INFO - Sync 1 DAGs
[2023-01-14T21:11:52.331+0000] {logging_mixin.py:137} INFO - [2023-01-14T21:11:52.330+0000] {dag.py:3423} INFO - Setting next_dagrun for example_trigger_target_dag to None, run_after=None
[2023-01-14T21:11:52.400+0000] {processor.py:175} INFO - Processing /media/prempeh/Nouveau nom/MASTER2/DATA ENGINEERING/airflow/py_env/lib/python3.10/site-packages/airflow/example_dags/example_trigger_target_dag.py took 0.439 seconds
[2023-01-14T21:12:57.550+0000] {processor.py:153} INFO - Started process (PID=8267) to work on /media/prempeh/Nouveau nom/MASTER2/DATA ENGINEERING/airflow/py_env/lib/python3.10/site-packages/airflow/example_dags/example_trigger_target_dag.py
[2023-01-14T21:12:57.553+0000] {processor.py:743} INFO - Processing file /media/prempeh/Nouveau nom/MASTER2/DATA ENGINEERING/airflow/py_env/lib/python3.10/site-packages/airflow/example_dags/example_trigger_target_dag.py for tasks to queue
[2023-01-14T21:12:57.558+0000] {logging_mixin.py:137} INFO - [2023-01-14T21:12:57.557+0000] {dagbag.py:538} INFO - Filling up the DagBag from /media/prempeh/Nouveau nom/MASTER2/DATA ENGINEERING/airflow/py_env/lib/python3.10/site-packages/airflow/example_dags/example_trigger_target_dag.py
[2023-01-14T21:12:57.748+0000] {processor.py:753} INFO - DAG(s) dict_keys(['example_trigger_target_dag']) retrieved from /media/prempeh/Nouveau nom/MASTER2/DATA ENGINEERING/airflow/py_env/lib/python3.10/site-packages/airflow/example_dags/example_trigger_target_dag.py
[2023-01-14T21:12:57.878+0000] {logging_mixin.py:137} INFO - [2023-01-14T21:12:57.878+0000] {dag.py:2676} INFO - Sync 1 DAGs
[2023-01-14T21:12:57.939+0000] {logging_mixin.py:137} INFO - [2023-01-14T21:12:57.939+0000] {dag.py:3423} INFO - Setting next_dagrun for example_trigger_target_dag to None, run_after=None
[2023-01-14T21:12:58.006+0000] {processor.py:175} INFO - Processing /media/prempeh/Nouveau nom/MASTER2/DATA ENGINEERING/airflow/py_env/lib/python3.10/site-packages/airflow/example_dags/example_trigger_target_dag.py took 0.465 seconds
[2023-01-14T21:14:12.431+0000] {processor.py:153} INFO - Started process (PID=8321) to work on /media/prempeh/Nouveau nom/MASTER2/DATA ENGINEERING/airflow/py_env/lib/python3.10/site-packages/airflow/example_dags/example_trigger_target_dag.py
[2023-01-14T21:14:12.437+0000] {processor.py:743} INFO - Processing file /media/prempeh/Nouveau nom/MASTER2/DATA ENGINEERING/airflow/py_env/lib/python3.10/site-packages/airflow/example_dags/example_trigger_target_dag.py for tasks to queue
[2023-01-14T21:14:12.445+0000] {logging_mixin.py:137} INFO - [2023-01-14T21:14:12.444+0000] {dagbag.py:538} INFO - Filling up the DagBag from /media/prempeh/Nouveau nom/MASTER2/DATA ENGINEERING/airflow/py_env/lib/python3.10/site-packages/airflow/example_dags/example_trigger_target_dag.py
[2023-01-14T21:14:12.801+0000] {processor.py:753} INFO - DAG(s) dict_keys(['example_trigger_target_dag']) retrieved from /media/prempeh/Nouveau nom/MASTER2/DATA ENGINEERING/airflow/py_env/lib/python3.10/site-packages/airflow/example_dags/example_trigger_target_dag.py
[2023-01-14T21:14:12.983+0000] {logging_mixin.py:137} INFO - [2023-01-14T21:14:12.983+0000] {dag.py:2676} INFO - Sync 1 DAGs
[2023-01-14T21:14:13.073+0000] {logging_mixin.py:137} INFO - [2023-01-14T21:14:13.072+0000] {dag.py:3423} INFO - Setting next_dagrun for example_trigger_target_dag to None, run_after=None
[2023-01-14T21:14:13.157+0000] {processor.py:175} INFO - Processing /media/prempeh/Nouveau nom/MASTER2/DATA ENGINEERING/airflow/py_env/lib/python3.10/site-packages/airflow/example_dags/example_trigger_target_dag.py took 0.746 seconds
[2023-01-14T21:15:23.279+0000] {processor.py:153} INFO - Started process (PID=8683) to work on /media/prempeh/Nouveau nom/MASTER2/DATA ENGINEERING/airflow/py_env/lib/python3.10/site-packages/airflow/example_dags/example_trigger_target_dag.py
[2023-01-14T21:15:23.286+0000] {processor.py:743} INFO - Processing file /media/prempeh/Nouveau nom/MASTER2/DATA ENGINEERING/airflow/py_env/lib/python3.10/site-packages/airflow/example_dags/example_trigger_target_dag.py for tasks to queue
[2023-01-14T21:15:23.293+0000] {logging_mixin.py:137} INFO - [2023-01-14T21:15:23.292+0000] {dagbag.py:538} INFO - Filling up the DagBag from /media/prempeh/Nouveau nom/MASTER2/DATA ENGINEERING/airflow/py_env/lib/python3.10/site-packages/airflow/example_dags/example_trigger_target_dag.py
[2023-01-14T21:15:23.636+0000] {processor.py:753} INFO - DAG(s) dict_keys(['example_trigger_target_dag']) retrieved from /media/prempeh/Nouveau nom/MASTER2/DATA ENGINEERING/airflow/py_env/lib/python3.10/site-packages/airflow/example_dags/example_trigger_target_dag.py
[2023-01-14T21:15:23.828+0000] {logging_mixin.py:137} INFO - [2023-01-14T21:15:23.828+0000] {dag.py:2676} INFO - Sync 1 DAGs
[2023-01-14T21:15:23.930+0000] {logging_mixin.py:137} INFO - [2023-01-14T21:15:23.929+0000] {dag.py:3423} INFO - Setting next_dagrun for example_trigger_target_dag to None, run_after=None
[2023-01-14T21:15:24.045+0000] {processor.py:175} INFO - Processing /media/prempeh/Nouveau nom/MASTER2/DATA ENGINEERING/airflow/py_env/lib/python3.10/site-packages/airflow/example_dags/example_trigger_target_dag.py took 0.780 seconds
[2023-01-14T21:16:34.318+0000] {processor.py:153} INFO - Started process (PID=9047) to work on /media/prempeh/Nouveau nom/MASTER2/DATA ENGINEERING/airflow/py_env/lib/python3.10/site-packages/airflow/example_dags/example_trigger_target_dag.py
[2023-01-14T21:16:34.321+0000] {processor.py:743} INFO - Processing file /media/prempeh/Nouveau nom/MASTER2/DATA ENGINEERING/airflow/py_env/lib/python3.10/site-packages/airflow/example_dags/example_trigger_target_dag.py for tasks to queue
[2023-01-14T21:16:34.326+0000] {logging_mixin.py:137} INFO - [2023-01-14T21:16:34.325+0000] {dagbag.py:538} INFO - Filling up the DagBag from /media/prempeh/Nouveau nom/MASTER2/DATA ENGINEERING/airflow/py_env/lib/python3.10/site-packages/airflow/example_dags/example_trigger_target_dag.py
[2023-01-14T21:16:34.533+0000] {processor.py:753} INFO - DAG(s) dict_keys(['example_trigger_target_dag']) retrieved from /media/prempeh/Nouveau nom/MASTER2/DATA ENGINEERING/airflow/py_env/lib/python3.10/site-packages/airflow/example_dags/example_trigger_target_dag.py
[2023-01-14T21:16:34.681+0000] {logging_mixin.py:137} INFO - [2023-01-14T21:16:34.680+0000] {dag.py:2676} INFO - Sync 1 DAGs
[2023-01-14T21:16:34.750+0000] {logging_mixin.py:137} INFO - [2023-01-14T21:16:34.750+0000] {dag.py:3423} INFO - Setting next_dagrun for example_trigger_target_dag to None, run_after=None
[2023-01-14T21:16:34.828+0000] {processor.py:175} INFO - Processing /media/prempeh/Nouveau nom/MASTER2/DATA ENGINEERING/airflow/py_env/lib/python3.10/site-packages/airflow/example_dags/example_trigger_target_dag.py took 0.521 seconds
[2023-01-14T21:17:47.292+0000] {processor.py:153} INFO - Started process (PID=9205) to work on /media/prempeh/Nouveau nom/MASTER2/DATA ENGINEERING/airflow/py_env/lib/python3.10/site-packages/airflow/example_dags/example_trigger_target_dag.py
[2023-01-14T21:17:47.299+0000] {processor.py:743} INFO - Processing file /media/prempeh/Nouveau nom/MASTER2/DATA ENGINEERING/airflow/py_env/lib/python3.10/site-packages/airflow/example_dags/example_trigger_target_dag.py for tasks to queue
[2023-01-14T21:17:47.305+0000] {logging_mixin.py:137} INFO - [2023-01-14T21:17:47.304+0000] {dagbag.py:538} INFO - Filling up the DagBag from /media/prempeh/Nouveau nom/MASTER2/DATA ENGINEERING/airflow/py_env/lib/python3.10/site-packages/airflow/example_dags/example_trigger_target_dag.py
[2023-01-14T21:17:47.640+0000] {processor.py:753} INFO - DAG(s) dict_keys(['example_trigger_target_dag']) retrieved from /media/prempeh/Nouveau nom/MASTER2/DATA ENGINEERING/airflow/py_env/lib/python3.10/site-packages/airflow/example_dags/example_trigger_target_dag.py
[2023-01-14T21:17:47.814+0000] {logging_mixin.py:137} INFO - [2023-01-14T21:17:47.814+0000] {dag.py:2676} INFO - Sync 1 DAGs
[2023-01-14T21:17:47.886+0000] {logging_mixin.py:137} INFO - [2023-01-14T21:17:47.885+0000] {dag.py:3423} INFO - Setting next_dagrun for example_trigger_target_dag to None, run_after=None
[2023-01-14T21:17:47.965+0000] {processor.py:175} INFO - Processing /media/prempeh/Nouveau nom/MASTER2/DATA ENGINEERING/airflow/py_env/lib/python3.10/site-packages/airflow/example_dags/example_trigger_target_dag.py took 0.685 seconds
[2023-01-14T21:19:00.315+0000] {processor.py:153} INFO - Started process (PID=9424) to work on /media/prempeh/Nouveau nom/MASTER2/DATA ENGINEERING/airflow/py_env/lib/python3.10/site-packages/airflow/example_dags/example_trigger_target_dag.py
[2023-01-14T21:19:00.318+0000] {processor.py:743} INFO - Processing file /media/prempeh/Nouveau nom/MASTER2/DATA ENGINEERING/airflow/py_env/lib/python3.10/site-packages/airflow/example_dags/example_trigger_target_dag.py for tasks to queue
[2023-01-14T21:19:00.322+0000] {logging_mixin.py:137} INFO - [2023-01-14T21:19:00.322+0000] {dagbag.py:538} INFO - Filling up the DagBag from /media/prempeh/Nouveau nom/MASTER2/DATA ENGINEERING/airflow/py_env/lib/python3.10/site-packages/airflow/example_dags/example_trigger_target_dag.py
[2023-01-14T21:19:00.500+0000] {processor.py:753} INFO - DAG(s) dict_keys(['example_trigger_target_dag']) retrieved from /media/prempeh/Nouveau nom/MASTER2/DATA ENGINEERING/airflow/py_env/lib/python3.10/site-packages/airflow/example_dags/example_trigger_target_dag.py
[2023-01-14T21:19:00.621+0000] {logging_mixin.py:137} INFO - [2023-01-14T21:19:00.621+0000] {dag.py:2676} INFO - Sync 1 DAGs
[2023-01-14T21:19:00.684+0000] {logging_mixin.py:137} INFO - [2023-01-14T21:19:00.683+0000] {dag.py:3423} INFO - Setting next_dagrun for example_trigger_target_dag to None, run_after=None
[2023-01-14T21:19:00.751+0000] {processor.py:175} INFO - Processing /media/prempeh/Nouveau nom/MASTER2/DATA ENGINEERING/airflow/py_env/lib/python3.10/site-packages/airflow/example_dags/example_trigger_target_dag.py took 0.444 seconds
[2023-01-14T21:20:12.658+0000] {processor.py:153} INFO - Started process (PID=9720) to work on /media/prempeh/Nouveau nom/MASTER2/DATA ENGINEERING/airflow/py_env/lib/python3.10/site-packages/airflow/example_dags/example_trigger_target_dag.py
[2023-01-14T21:20:12.660+0000] {processor.py:743} INFO - Processing file /media/prempeh/Nouveau nom/MASTER2/DATA ENGINEERING/airflow/py_env/lib/python3.10/site-packages/airflow/example_dags/example_trigger_target_dag.py for tasks to queue
[2023-01-14T21:20:12.665+0000] {logging_mixin.py:137} INFO - [2023-01-14T21:20:12.664+0000] {dagbag.py:538} INFO - Filling up the DagBag from /media/prempeh/Nouveau nom/MASTER2/DATA ENGINEERING/airflow/py_env/lib/python3.10/site-packages/airflow/example_dags/example_trigger_target_dag.py
[2023-01-14T21:20:12.839+0000] {processor.py:753} INFO - DAG(s) dict_keys(['example_trigger_target_dag']) retrieved from /media/prempeh/Nouveau nom/MASTER2/DATA ENGINEERING/airflow/py_env/lib/python3.10/site-packages/airflow/example_dags/example_trigger_target_dag.py
[2023-01-14T21:20:12.966+0000] {logging_mixin.py:137} INFO - [2023-01-14T21:20:12.966+0000] {dag.py:2676} INFO - Sync 1 DAGs
[2023-01-14T21:20:13.026+0000] {logging_mixin.py:137} INFO - [2023-01-14T21:20:13.026+0000] {dag.py:3423} INFO - Setting next_dagrun for example_trigger_target_dag to None, run_after=None
[2023-01-14T21:20:13.099+0000] {processor.py:175} INFO - Processing /media/prempeh/Nouveau nom/MASTER2/DATA ENGINEERING/airflow/py_env/lib/python3.10/site-packages/airflow/example_dags/example_trigger_target_dag.py took 0.449 seconds
[2023-01-14T21:21:21.651+0000] {processor.py:153} INFO - Started process (PID=9831) to work on /media/prempeh/Nouveau nom/MASTER2/DATA ENGINEERING/airflow/py_env/lib/python3.10/site-packages/airflow/example_dags/example_trigger_target_dag.py
[2023-01-14T21:21:21.654+0000] {processor.py:743} INFO - Processing file /media/prempeh/Nouveau nom/MASTER2/DATA ENGINEERING/airflow/py_env/lib/python3.10/site-packages/airflow/example_dags/example_trigger_target_dag.py for tasks to queue
[2023-01-14T21:21:21.661+0000] {logging_mixin.py:137} INFO - [2023-01-14T21:21:21.661+0000] {dagbag.py:538} INFO - Filling up the DagBag from /media/prempeh/Nouveau nom/MASTER2/DATA ENGINEERING/airflow/py_env/lib/python3.10/site-packages/airflow/example_dags/example_trigger_target_dag.py
[2023-01-14T21:21:21.863+0000] {processor.py:753} INFO - DAG(s) dict_keys(['example_trigger_target_dag']) retrieved from /media/prempeh/Nouveau nom/MASTER2/DATA ENGINEERING/airflow/py_env/lib/python3.10/site-packages/airflow/example_dags/example_trigger_target_dag.py
[2023-01-14T21:21:22.016+0000] {logging_mixin.py:137} INFO - [2023-01-14T21:21:22.015+0000] {dag.py:2676} INFO - Sync 1 DAGs
[2023-01-14T21:21:22.081+0000] {logging_mixin.py:137} INFO - [2023-01-14T21:21:22.080+0000] {dag.py:3423} INFO - Setting next_dagrun for example_trigger_target_dag to None, run_after=None
[2023-01-14T21:21:22.159+0000] {processor.py:175} INFO - Processing /media/prempeh/Nouveau nom/MASTER2/DATA ENGINEERING/airflow/py_env/lib/python3.10/site-packages/airflow/example_dags/example_trigger_target_dag.py took 0.518 seconds
[2023-01-14T21:22:35.830+0000] {processor.py:153} INFO - Started process (PID=10129) to work on /media/prempeh/Nouveau nom/MASTER2/DATA ENGINEERING/airflow/py_env/lib/python3.10/site-packages/airflow/example_dags/example_trigger_target_dag.py
[2023-01-14T21:22:35.832+0000] {processor.py:743} INFO - Processing file /media/prempeh/Nouveau nom/MASTER2/DATA ENGINEERING/airflow/py_env/lib/python3.10/site-packages/airflow/example_dags/example_trigger_target_dag.py for tasks to queue
[2023-01-14T21:22:35.837+0000] {logging_mixin.py:137} INFO - [2023-01-14T21:22:35.837+0000] {dagbag.py:538} INFO - Filling up the DagBag from /media/prempeh/Nouveau nom/MASTER2/DATA ENGINEERING/airflow/py_env/lib/python3.10/site-packages/airflow/example_dags/example_trigger_target_dag.py
[2023-01-14T21:22:36.119+0000] {processor.py:753} INFO - DAG(s) dict_keys(['example_trigger_target_dag']) retrieved from /media/prempeh/Nouveau nom/MASTER2/DATA ENGINEERING/airflow/py_env/lib/python3.10/site-packages/airflow/example_dags/example_trigger_target_dag.py
[2023-01-14T21:22:36.291+0000] {logging_mixin.py:137} INFO - [2023-01-14T21:22:36.290+0000] {dag.py:2676} INFO - Sync 1 DAGs
[2023-01-14T21:22:36.361+0000] {logging_mixin.py:137} INFO - [2023-01-14T21:22:36.361+0000] {dag.py:3423} INFO - Setting next_dagrun for example_trigger_target_dag to None, run_after=None
[2023-01-14T21:22:36.435+0000] {processor.py:175} INFO - Processing /media/prempeh/Nouveau nom/MASTER2/DATA ENGINEERING/airflow/py_env/lib/python3.10/site-packages/airflow/example_dags/example_trigger_target_dag.py took 0.617 seconds
[2023-01-14T21:23:48.361+0000] {processor.py:153} INFO - Started process (PID=10360) to work on /media/prempeh/Nouveau nom/MASTER2/DATA ENGINEERING/airflow/py_env/lib/python3.10/site-packages/airflow/example_dags/example_trigger_target_dag.py
[2023-01-14T21:23:48.365+0000] {processor.py:743} INFO - Processing file /media/prempeh/Nouveau nom/MASTER2/DATA ENGINEERING/airflow/py_env/lib/python3.10/site-packages/airflow/example_dags/example_trigger_target_dag.py for tasks to queue
[2023-01-14T21:23:48.372+0000] {logging_mixin.py:137} INFO - [2023-01-14T21:23:48.371+0000] {dagbag.py:538} INFO - Filling up the DagBag from /media/prempeh/Nouveau nom/MASTER2/DATA ENGINEERING/airflow/py_env/lib/python3.10/site-packages/airflow/example_dags/example_trigger_target_dag.py
[2023-01-14T21:23:48.583+0000] {processor.py:753} INFO - DAG(s) dict_keys(['example_trigger_target_dag']) retrieved from /media/prempeh/Nouveau nom/MASTER2/DATA ENGINEERING/airflow/py_env/lib/python3.10/site-packages/airflow/example_dags/example_trigger_target_dag.py
[2023-01-14T21:23:48.716+0000] {logging_mixin.py:137} INFO - [2023-01-14T21:23:48.715+0000] {dag.py:2676} INFO - Sync 1 DAGs
[2023-01-14T21:23:48.795+0000] {logging_mixin.py:137} INFO - [2023-01-14T21:23:48.794+0000] {dag.py:3423} INFO - Setting next_dagrun for example_trigger_target_dag to None, run_after=None
[2023-01-14T21:23:48.869+0000] {processor.py:175} INFO - Processing /media/prempeh/Nouveau nom/MASTER2/DATA ENGINEERING/airflow/py_env/lib/python3.10/site-packages/airflow/example_dags/example_trigger_target_dag.py took 0.517 seconds
[2023-01-14T21:24:50.698+0000] {processor.py:153} INFO - Started process (PID=10440) to work on /media/prempeh/Nouveau nom/MASTER2/DATA ENGINEERING/airflow/py_env/lib/python3.10/site-packages/airflow/example_dags/example_trigger_target_dag.py
[2023-01-14T21:24:50.702+0000] {processor.py:743} INFO - Processing file /media/prempeh/Nouveau nom/MASTER2/DATA ENGINEERING/airflow/py_env/lib/python3.10/site-packages/airflow/example_dags/example_trigger_target_dag.py for tasks to queue
[2023-01-14T21:24:50.708+0000] {logging_mixin.py:137} INFO - [2023-01-14T21:24:50.708+0000] {dagbag.py:538} INFO - Filling up the DagBag from /media/prempeh/Nouveau nom/MASTER2/DATA ENGINEERING/airflow/py_env/lib/python3.10/site-packages/airflow/example_dags/example_trigger_target_dag.py
[2023-01-14T21:24:50.917+0000] {processor.py:753} INFO - DAG(s) dict_keys(['example_trigger_target_dag']) retrieved from /media/prempeh/Nouveau nom/MASTER2/DATA ENGINEERING/airflow/py_env/lib/python3.10/site-packages/airflow/example_dags/example_trigger_target_dag.py
[2023-01-14T21:24:51.056+0000] {logging_mixin.py:137} INFO - [2023-01-14T21:24:51.055+0000] {dag.py:2676} INFO - Sync 1 DAGs
[2023-01-14T21:24:51.127+0000] {logging_mixin.py:137} INFO - [2023-01-14T21:24:51.126+0000] {dag.py:3423} INFO - Setting next_dagrun for example_trigger_target_dag to None, run_after=None
[2023-01-14T21:24:51.200+0000] {processor.py:175} INFO - Processing /media/prempeh/Nouveau nom/MASTER2/DATA ENGINEERING/airflow/py_env/lib/python3.10/site-packages/airflow/example_dags/example_trigger_target_dag.py took 0.512 seconds
[2023-01-14T21:26:07.053+0000] {processor.py:153} INFO - Started process (PID=10568) to work on /media/prempeh/Nouveau nom/MASTER2/DATA ENGINEERING/airflow/py_env/lib/python3.10/site-packages/airflow/example_dags/example_trigger_target_dag.py
[2023-01-14T21:26:07.056+0000] {processor.py:743} INFO - Processing file /media/prempeh/Nouveau nom/MASTER2/DATA ENGINEERING/airflow/py_env/lib/python3.10/site-packages/airflow/example_dags/example_trigger_target_dag.py for tasks to queue
[2023-01-14T21:26:07.061+0000] {logging_mixin.py:137} INFO - [2023-01-14T21:26:07.060+0000] {dagbag.py:538} INFO - Filling up the DagBag from /media/prempeh/Nouveau nom/MASTER2/DATA ENGINEERING/airflow/py_env/lib/python3.10/site-packages/airflow/example_dags/example_trigger_target_dag.py
[2023-01-14T21:26:07.265+0000] {processor.py:753} INFO - DAG(s) dict_keys(['example_trigger_target_dag']) retrieved from /media/prempeh/Nouveau nom/MASTER2/DATA ENGINEERING/airflow/py_env/lib/python3.10/site-packages/airflow/example_dags/example_trigger_target_dag.py
[2023-01-14T21:26:07.413+0000] {logging_mixin.py:137} INFO - [2023-01-14T21:26:07.412+0000] {dag.py:2676} INFO - Sync 1 DAGs
[2023-01-14T21:26:07.479+0000] {logging_mixin.py:137} INFO - [2023-01-14T21:26:07.478+0000] {dag.py:3423} INFO - Setting next_dagrun for example_trigger_target_dag to None, run_after=None
[2023-01-14T21:26:07.553+0000] {processor.py:175} INFO - Processing /media/prempeh/Nouveau nom/MASTER2/DATA ENGINEERING/airflow/py_env/lib/python3.10/site-packages/airflow/example_dags/example_trigger_target_dag.py took 0.511 seconds
[2023-01-14T21:27:16.786+0000] {processor.py:153} INFO - Started process (PID=10803) to work on /media/prempeh/Nouveau nom/MASTER2/DATA ENGINEERING/airflow/py_env/lib/python3.10/site-packages/airflow/example_dags/example_trigger_target_dag.py
[2023-01-14T21:27:16.788+0000] {processor.py:743} INFO - Processing file /media/prempeh/Nouveau nom/MASTER2/DATA ENGINEERING/airflow/py_env/lib/python3.10/site-packages/airflow/example_dags/example_trigger_target_dag.py for tasks to queue
[2023-01-14T21:27:16.794+0000] {logging_mixin.py:137} INFO - [2023-01-14T21:27:16.793+0000] {dagbag.py:538} INFO - Filling up the DagBag from /media/prempeh/Nouveau nom/MASTER2/DATA ENGINEERING/airflow/py_env/lib/python3.10/site-packages/airflow/example_dags/example_trigger_target_dag.py
[2023-01-14T21:27:17.002+0000] {processor.py:753} INFO - DAG(s) dict_keys(['example_trigger_target_dag']) retrieved from /media/prempeh/Nouveau nom/MASTER2/DATA ENGINEERING/airflow/py_env/lib/python3.10/site-packages/airflow/example_dags/example_trigger_target_dag.py
[2023-01-14T21:27:17.125+0000] {logging_mixin.py:137} INFO - [2023-01-14T21:27:17.125+0000] {dag.py:2676} INFO - Sync 1 DAGs
[2023-01-14T21:27:17.188+0000] {logging_mixin.py:137} INFO - [2023-01-14T21:27:17.187+0000] {dag.py:3423} INFO - Setting next_dagrun for example_trigger_target_dag to None, run_after=None
[2023-01-14T21:27:17.258+0000] {processor.py:175} INFO - Processing /media/prempeh/Nouveau nom/MASTER2/DATA ENGINEERING/airflow/py_env/lib/python3.10/site-packages/airflow/example_dags/example_trigger_target_dag.py took 0.480 seconds
