[2023-01-14T20:52:43.206+0000] {processor.py:153} INFO - Started process (PID=6404) to work on /media/prempeh/Nouveau nom/MASTER2/DATA ENGINEERING/airflow/py_env/lib/python3.10/site-packages/airflow/example_dags/example_xcomargs.py
[2023-01-14T20:52:43.209+0000] {processor.py:743} INFO - Processing file /media/prempeh/Nouveau nom/MASTER2/DATA ENGINEERING/airflow/py_env/lib/python3.10/site-packages/airflow/example_dags/example_xcomargs.py for tasks to queue
[2023-01-14T20:52:43.214+0000] {logging_mixin.py:137} INFO - [2023-01-14T20:52:43.213+0000] {dagbag.py:538} INFO - Filling up the DagBag from /media/prempeh/Nouveau nom/MASTER2/DATA ENGINEERING/airflow/py_env/lib/python3.10/site-packages/airflow/example_dags/example_xcomargs.py
[2023-01-14T20:52:43.394+0000] {processor.py:753} INFO - DAG(s) dict_keys(['example_xcom_args_with_operators', 'example_xcom_args']) retrieved from /media/prempeh/Nouveau nom/MASTER2/DATA ENGINEERING/airflow/py_env/lib/python3.10/site-packages/airflow/example_dags/example_xcomargs.py
[2023-01-14T20:52:44.033+0000] {logging_mixin.py:137} INFO - [2023-01-14T20:52:44.033+0000] {manager.py:504} INFO - Created Permission View: can edit on DAG:example_xcom_args_with_operators
[2023-01-14T20:52:44.064+0000] {logging_mixin.py:137} INFO - [2023-01-14T20:52:44.063+0000] {manager.py:504} INFO - Created Permission View: can delete on DAG:example_xcom_args_with_operators
[2023-01-14T20:52:44.086+0000] {logging_mixin.py:137} INFO - [2023-01-14T20:52:44.086+0000] {manager.py:504} INFO - Created Permission View: can read on DAG:example_xcom_args_with_operators
[2023-01-14T20:52:44.142+0000] {logging_mixin.py:137} INFO - [2023-01-14T20:52:44.141+0000] {manager.py:504} INFO - Created Permission View: can edit on DAG:example_xcom_args
[2023-01-14T20:52:44.166+0000] {logging_mixin.py:137} INFO - [2023-01-14T20:52:44.166+0000] {manager.py:504} INFO - Created Permission View: can delete on DAG:example_xcom_args
[2023-01-14T20:52:44.196+0000] {logging_mixin.py:137} INFO - [2023-01-14T20:52:44.195+0000] {manager.py:504} INFO - Created Permission View: can read on DAG:example_xcom_args
[2023-01-14T20:52:44.197+0000] {logging_mixin.py:137} INFO - [2023-01-14T20:52:44.197+0000] {dag.py:2676} INFO - Sync 2 DAGs
[2023-01-14T20:52:44.230+0000] {logging_mixin.py:137} INFO - [2023-01-14T20:52:44.230+0000] {dag.py:2697} INFO - Creating ORM DAG for example_xcom_args_with_operators
[2023-01-14T20:52:44.232+0000] {logging_mixin.py:137} INFO - [2023-01-14T20:52:44.232+0000] {dag.py:2697} INFO - Creating ORM DAG for example_xcom_args
[2023-01-14T20:52:44.260+0000] {logging_mixin.py:137} INFO - [2023-01-14T20:52:44.259+0000] {dag.py:3423} INFO - Setting next_dagrun for example_xcom_args to None, run_after=None
[2023-01-14T20:52:44.262+0000] {logging_mixin.py:137} INFO - [2023-01-14T20:52:44.261+0000] {dag.py:3423} INFO - Setting next_dagrun for example_xcom_args_with_operators to None, run_after=None
[2023-01-14T20:52:44.330+0000] {processor.py:175} INFO - Processing /media/prempeh/Nouveau nom/MASTER2/DATA ENGINEERING/airflow/py_env/lib/python3.10/site-packages/airflow/example_dags/example_xcomargs.py took 1.135 seconds
[2023-01-14T20:54:00.724+0000] {processor.py:153} INFO - Started process (PID=6709) to work on /media/prempeh/Nouveau nom/MASTER2/DATA ENGINEERING/airflow/py_env/lib/python3.10/site-packages/airflow/example_dags/example_xcomargs.py
[2023-01-14T20:54:00.731+0000] {processor.py:743} INFO - Processing file /media/prempeh/Nouveau nom/MASTER2/DATA ENGINEERING/airflow/py_env/lib/python3.10/site-packages/airflow/example_dags/example_xcomargs.py for tasks to queue
[2023-01-14T20:54:00.743+0000] {logging_mixin.py:137} INFO - [2023-01-14T20:54:00.742+0000] {dagbag.py:538} INFO - Filling up the DagBag from /media/prempeh/Nouveau nom/MASTER2/DATA ENGINEERING/airflow/py_env/lib/python3.10/site-packages/airflow/example_dags/example_xcomargs.py
[2023-01-14T20:54:00.999+0000] {processor.py:753} INFO - DAG(s) dict_keys(['example_xcom_args_with_operators', 'example_xcom_args']) retrieved from /media/prempeh/Nouveau nom/MASTER2/DATA ENGINEERING/airflow/py_env/lib/python3.10/site-packages/airflow/example_dags/example_xcomargs.py
[2023-01-14T20:54:01.148+0000] {logging_mixin.py:137} INFO - [2023-01-14T20:54:01.148+0000] {dag.py:2676} INFO - Sync 2 DAGs
[2023-01-14T20:54:01.210+0000] {logging_mixin.py:137} INFO - [2023-01-14T20:54:01.210+0000] {dag.py:3423} INFO - Setting next_dagrun for example_xcom_args to None, run_after=None
[2023-01-14T20:54:01.224+0000] {logging_mixin.py:137} INFO - [2023-01-14T20:54:01.223+0000] {dag.py:3423} INFO - Setting next_dagrun for example_xcom_args_with_operators to None, run_after=None
[2023-01-14T20:54:01.288+0000] {processor.py:175} INFO - Processing /media/prempeh/Nouveau nom/MASTER2/DATA ENGINEERING/airflow/py_env/lib/python3.10/site-packages/airflow/example_dags/example_xcomargs.py took 0.582 seconds
[2023-01-14T20:54:59.689+0000] {processor.py:153} INFO - Started process (PID=6747) to work on /media/prempeh/Nouveau nom/MASTER2/DATA ENGINEERING/airflow/py_env/lib/python3.10/site-packages/airflow/example_dags/example_xcomargs.py
[2023-01-14T20:54:59.692+0000] {processor.py:743} INFO - Processing file /media/prempeh/Nouveau nom/MASTER2/DATA ENGINEERING/airflow/py_env/lib/python3.10/site-packages/airflow/example_dags/example_xcomargs.py for tasks to queue
[2023-01-14T20:54:59.698+0000] {logging_mixin.py:137} INFO - [2023-01-14T20:54:59.697+0000] {dagbag.py:538} INFO - Filling up the DagBag from /media/prempeh/Nouveau nom/MASTER2/DATA ENGINEERING/airflow/py_env/lib/python3.10/site-packages/airflow/example_dags/example_xcomargs.py
[2023-01-14T20:54:59.976+0000] {processor.py:753} INFO - DAG(s) dict_keys(['example_xcom_args', 'example_xcom_args_with_operators']) retrieved from /media/prempeh/Nouveau nom/MASTER2/DATA ENGINEERING/airflow/py_env/lib/python3.10/site-packages/airflow/example_dags/example_xcomargs.py
[2023-01-14T20:55:00.125+0000] {logging_mixin.py:137} INFO - [2023-01-14T20:55:00.124+0000] {dag.py:2676} INFO - Sync 2 DAGs
[2023-01-14T20:55:00.194+0000] {logging_mixin.py:137} INFO - [2023-01-14T20:55:00.194+0000] {dag.py:3423} INFO - Setting next_dagrun for example_xcom_args to None, run_after=None
[2023-01-14T20:55:00.206+0000] {logging_mixin.py:137} INFO - [2023-01-14T20:55:00.205+0000] {dag.py:3423} INFO - Setting next_dagrun for example_xcom_args_with_operators to None, run_after=None
[2023-01-14T20:55:00.276+0000] {processor.py:175} INFO - Processing /media/prempeh/Nouveau nom/MASTER2/DATA ENGINEERING/airflow/py_env/lib/python3.10/site-packages/airflow/example_dags/example_xcomargs.py took 0.599 seconds
[2023-01-14T20:55:59.749+0000] {processor.py:153} INFO - Started process (PID=6792) to work on /media/prempeh/Nouveau nom/MASTER2/DATA ENGINEERING/airflow/py_env/lib/python3.10/site-packages/airflow/example_dags/example_xcomargs.py
[2023-01-14T20:55:59.751+0000] {processor.py:743} INFO - Processing file /media/prempeh/Nouveau nom/MASTER2/DATA ENGINEERING/airflow/py_env/lib/python3.10/site-packages/airflow/example_dags/example_xcomargs.py for tasks to queue
[2023-01-14T20:55:59.756+0000] {logging_mixin.py:137} INFO - [2023-01-14T20:55:59.755+0000] {dagbag.py:538} INFO - Filling up the DagBag from /media/prempeh/Nouveau nom/MASTER2/DATA ENGINEERING/airflow/py_env/lib/python3.10/site-packages/airflow/example_dags/example_xcomargs.py
[2023-01-14T20:55:59.940+0000] {processor.py:753} INFO - DAG(s) dict_keys(['example_xcom_args', 'example_xcom_args_with_operators']) retrieved from /media/prempeh/Nouveau nom/MASTER2/DATA ENGINEERING/airflow/py_env/lib/python3.10/site-packages/airflow/example_dags/example_xcomargs.py
[2023-01-14T20:56:00.129+0000] {logging_mixin.py:137} INFO - [2023-01-14T20:56:00.128+0000] {dag.py:2676} INFO - Sync 2 DAGs
[2023-01-14T20:56:00.240+0000] {logging_mixin.py:137} INFO - [2023-01-14T20:56:00.239+0000] {dag.py:3423} INFO - Setting next_dagrun for example_xcom_args to None, run_after=None
[2023-01-14T20:56:00.257+0000] {logging_mixin.py:137} INFO - [2023-01-14T20:56:00.256+0000] {dag.py:3423} INFO - Setting next_dagrun for example_xcom_args_with_operators to None, run_after=None
[2023-01-14T20:56:00.367+0000] {processor.py:175} INFO - Processing /media/prempeh/Nouveau nom/MASTER2/DATA ENGINEERING/airflow/py_env/lib/python3.10/site-packages/airflow/example_dags/example_xcomargs.py took 0.628 seconds
[2023-01-14T20:56:59.981+0000] {processor.py:153} INFO - Started process (PID=7011) to work on /media/prempeh/Nouveau nom/MASTER2/DATA ENGINEERING/airflow/py_env/lib/python3.10/site-packages/airflow/example_dags/example_xcomargs.py
[2023-01-14T20:56:59.984+0000] {processor.py:743} INFO - Processing file /media/prempeh/Nouveau nom/MASTER2/DATA ENGINEERING/airflow/py_env/lib/python3.10/site-packages/airflow/example_dags/example_xcomargs.py for tasks to queue
[2023-01-14T20:56:59.990+0000] {logging_mixin.py:137} INFO - [2023-01-14T20:56:59.990+0000] {dagbag.py:538} INFO - Filling up the DagBag from /media/prempeh/Nouveau nom/MASTER2/DATA ENGINEERING/airflow/py_env/lib/python3.10/site-packages/airflow/example_dags/example_xcomargs.py
[2023-01-14T20:57:00.338+0000] {processor.py:753} INFO - DAG(s) dict_keys(['example_xcom_args_with_operators', 'example_xcom_args']) retrieved from /media/prempeh/Nouveau nom/MASTER2/DATA ENGINEERING/airflow/py_env/lib/python3.10/site-packages/airflow/example_dags/example_xcomargs.py
[2023-01-14T20:57:00.533+0000] {logging_mixin.py:137} INFO - [2023-01-14T20:57:00.532+0000] {dag.py:2676} INFO - Sync 2 DAGs
[2023-01-14T20:57:00.606+0000] {logging_mixin.py:137} INFO - [2023-01-14T20:57:00.605+0000] {dag.py:3423} INFO - Setting next_dagrun for example_xcom_args to None, run_after=None
[2023-01-14T20:57:00.620+0000] {logging_mixin.py:137} INFO - [2023-01-14T20:57:00.619+0000] {dag.py:3423} INFO - Setting next_dagrun for example_xcom_args_with_operators to None, run_after=None
[2023-01-14T20:57:00.701+0000] {processor.py:175} INFO - Processing /media/prempeh/Nouveau nom/MASTER2/DATA ENGINEERING/airflow/py_env/lib/python3.10/site-packages/airflow/example_dags/example_xcomargs.py took 0.736 seconds
[2023-01-14T20:57:59.394+0000] {processor.py:153} INFO - Started process (PID=7108) to work on /media/prempeh/Nouveau nom/MASTER2/DATA ENGINEERING/airflow/py_env/lib/python3.10/site-packages/airflow/example_dags/example_xcomargs.py
[2023-01-14T20:57:59.397+0000] {processor.py:743} INFO - Processing file /media/prempeh/Nouveau nom/MASTER2/DATA ENGINEERING/airflow/py_env/lib/python3.10/site-packages/airflow/example_dags/example_xcomargs.py for tasks to queue
[2023-01-14T20:57:59.411+0000] {logging_mixin.py:137} INFO - [2023-01-14T20:57:59.410+0000] {dagbag.py:538} INFO - Filling up the DagBag from /media/prempeh/Nouveau nom/MASTER2/DATA ENGINEERING/airflow/py_env/lib/python3.10/site-packages/airflow/example_dags/example_xcomargs.py
[2023-01-14T20:57:59.689+0000] {processor.py:753} INFO - DAG(s) dict_keys(['example_xcom_args', 'example_xcom_args_with_operators']) retrieved from /media/prempeh/Nouveau nom/MASTER2/DATA ENGINEERING/airflow/py_env/lib/python3.10/site-packages/airflow/example_dags/example_xcomargs.py
[2023-01-14T20:57:59.833+0000] {logging_mixin.py:137} INFO - [2023-01-14T20:57:59.832+0000] {dag.py:2676} INFO - Sync 2 DAGs
[2023-01-14T20:57:59.955+0000] {logging_mixin.py:137} INFO - [2023-01-14T20:57:59.954+0000] {dag.py:3423} INFO - Setting next_dagrun for example_xcom_args to None, run_after=None
[2023-01-14T20:57:59.971+0000] {logging_mixin.py:137} INFO - [2023-01-14T20:57:59.970+0000] {dag.py:3423} INFO - Setting next_dagrun for example_xcom_args_with_operators to None, run_after=None
[2023-01-14T20:58:00.076+0000] {processor.py:175} INFO - Processing /media/prempeh/Nouveau nom/MASTER2/DATA ENGINEERING/airflow/py_env/lib/python3.10/site-packages/airflow/example_dags/example_xcomargs.py took 0.699 seconds
[2023-01-14T20:58:54.909+0000] {processor.py:153} INFO - Started process (PID=7149) to work on /media/prempeh/Nouveau nom/MASTER2/DATA ENGINEERING/airflow/py_env/lib/python3.10/site-packages/airflow/example_dags/example_xcomargs.py
[2023-01-14T20:58:54.911+0000] {processor.py:743} INFO - Processing file /media/prempeh/Nouveau nom/MASTER2/DATA ENGINEERING/airflow/py_env/lib/python3.10/site-packages/airflow/example_dags/example_xcomargs.py for tasks to queue
[2023-01-14T20:58:54.916+0000] {logging_mixin.py:137} INFO - [2023-01-14T20:58:54.915+0000] {dagbag.py:538} INFO - Filling up the DagBag from /media/prempeh/Nouveau nom/MASTER2/DATA ENGINEERING/airflow/py_env/lib/python3.10/site-packages/airflow/example_dags/example_xcomargs.py
[2023-01-14T20:58:55.103+0000] {processor.py:753} INFO - DAG(s) dict_keys(['example_xcom_args_with_operators', 'example_xcom_args']) retrieved from /media/prempeh/Nouveau nom/MASTER2/DATA ENGINEERING/airflow/py_env/lib/python3.10/site-packages/airflow/example_dags/example_xcomargs.py
[2023-01-14T20:58:55.234+0000] {logging_mixin.py:137} INFO - [2023-01-14T20:58:55.233+0000] {dag.py:2676} INFO - Sync 2 DAGs
[2023-01-14T20:58:55.295+0000] {logging_mixin.py:137} INFO - [2023-01-14T20:58:55.295+0000] {dag.py:3423} INFO - Setting next_dagrun for example_xcom_args to None, run_after=None
[2023-01-14T20:58:55.306+0000] {logging_mixin.py:137} INFO - [2023-01-14T20:58:55.305+0000] {dag.py:3423} INFO - Setting next_dagrun for example_xcom_args_with_operators to None, run_after=None
[2023-01-14T20:58:55.370+0000] {processor.py:175} INFO - Processing /media/prempeh/Nouveau nom/MASTER2/DATA ENGINEERING/airflow/py_env/lib/python3.10/site-packages/airflow/example_dags/example_xcomargs.py took 0.470 seconds
[2023-01-14T20:59:41.644+0000] {processor.py:153} INFO - Started process (PID=7196) to work on /media/prempeh/Nouveau nom/MASTER2/DATA ENGINEERING/airflow/py_env/lib/python3.10/site-packages/airflow/example_dags/example_xcomargs.py
[2023-01-14T20:59:41.649+0000] {processor.py:743} INFO - Processing file /media/prempeh/Nouveau nom/MASTER2/DATA ENGINEERING/airflow/py_env/lib/python3.10/site-packages/airflow/example_dags/example_xcomargs.py for tasks to queue
[2023-01-14T20:59:41.659+0000] {logging_mixin.py:137} INFO - [2023-01-14T20:59:41.656+0000] {dagbag.py:538} INFO - Filling up the DagBag from /media/prempeh/Nouveau nom/MASTER2/DATA ENGINEERING/airflow/py_env/lib/python3.10/site-packages/airflow/example_dags/example_xcomargs.py
[2023-01-14T20:59:41.951+0000] {processor.py:753} INFO - DAG(s) dict_keys(['example_xcom_args_with_operators', 'example_xcom_args']) retrieved from /media/prempeh/Nouveau nom/MASTER2/DATA ENGINEERING/airflow/py_env/lib/python3.10/site-packages/airflow/example_dags/example_xcomargs.py
[2023-01-14T20:59:42.159+0000] {logging_mixin.py:137} INFO - [2023-01-14T20:59:42.158+0000] {dag.py:2676} INFO - Sync 2 DAGs
[2023-01-14T20:59:42.221+0000] {logging_mixin.py:137} INFO - [2023-01-14T20:59:42.221+0000] {dag.py:3423} INFO - Setting next_dagrun for example_xcom_args to None, run_after=None
[2023-01-14T20:59:42.233+0000] {logging_mixin.py:137} INFO - [2023-01-14T20:59:42.233+0000] {dag.py:3423} INFO - Setting next_dagrun for example_xcom_args_with_operators to None, run_after=None
[2023-01-14T20:59:42.330+0000] {processor.py:175} INFO - Processing /media/prempeh/Nouveau nom/MASTER2/DATA ENGINEERING/airflow/py_env/lib/python3.10/site-packages/airflow/example_dags/example_xcomargs.py took 0.700 seconds
[2023-01-14T21:00:38.493+0000] {processor.py:153} INFO - Started process (PID=7269) to work on /media/prempeh/Nouveau nom/MASTER2/DATA ENGINEERING/airflow/py_env/lib/python3.10/site-packages/airflow/example_dags/example_xcomargs.py
[2023-01-14T21:00:38.496+0000] {processor.py:743} INFO - Processing file /media/prempeh/Nouveau nom/MASTER2/DATA ENGINEERING/airflow/py_env/lib/python3.10/site-packages/airflow/example_dags/example_xcomargs.py for tasks to queue
[2023-01-14T21:00:38.500+0000] {logging_mixin.py:137} INFO - [2023-01-14T21:00:38.500+0000] {dagbag.py:538} INFO - Filling up the DagBag from /media/prempeh/Nouveau nom/MASTER2/DATA ENGINEERING/airflow/py_env/lib/python3.10/site-packages/airflow/example_dags/example_xcomargs.py
[2023-01-14T21:00:38.703+0000] {processor.py:753} INFO - DAG(s) dict_keys(['example_xcom_args', 'example_xcom_args_with_operators']) retrieved from /media/prempeh/Nouveau nom/MASTER2/DATA ENGINEERING/airflow/py_env/lib/python3.10/site-packages/airflow/example_dags/example_xcomargs.py
[2023-01-14T21:00:38.834+0000] {logging_mixin.py:137} INFO - [2023-01-14T21:00:38.834+0000] {dag.py:2676} INFO - Sync 2 DAGs
[2023-01-14T21:00:38.895+0000] {logging_mixin.py:137} INFO - [2023-01-14T21:00:38.895+0000] {dag.py:3423} INFO - Setting next_dagrun for example_xcom_args to None, run_after=None
[2023-01-14T21:00:38.904+0000] {logging_mixin.py:137} INFO - [2023-01-14T21:00:38.904+0000] {dag.py:3423} INFO - Setting next_dagrun for example_xcom_args_with_operators to None, run_after=None
[2023-01-14T21:00:38.979+0000] {processor.py:175} INFO - Processing /media/prempeh/Nouveau nom/MASTER2/DATA ENGINEERING/airflow/py_env/lib/python3.10/site-packages/airflow/example_dags/example_xcomargs.py took 0.494 seconds
[2023-01-14T21:01:32.119+0000] {processor.py:153} INFO - Started process (PID=7314) to work on /media/prempeh/Nouveau nom/MASTER2/DATA ENGINEERING/airflow/py_env/lib/python3.10/site-packages/airflow/example_dags/example_xcomargs.py
[2023-01-14T21:01:32.122+0000] {processor.py:743} INFO - Processing file /media/prempeh/Nouveau nom/MASTER2/DATA ENGINEERING/airflow/py_env/lib/python3.10/site-packages/airflow/example_dags/example_xcomargs.py for tasks to queue
[2023-01-14T21:01:32.126+0000] {logging_mixin.py:137} INFO - [2023-01-14T21:01:32.126+0000] {dagbag.py:538} INFO - Filling up the DagBag from /media/prempeh/Nouveau nom/MASTER2/DATA ENGINEERING/airflow/py_env/lib/python3.10/site-packages/airflow/example_dags/example_xcomargs.py
[2023-01-14T21:01:32.366+0000] {processor.py:753} INFO - DAG(s) dict_keys(['example_xcom_args', 'example_xcom_args_with_operators']) retrieved from /media/prempeh/Nouveau nom/MASTER2/DATA ENGINEERING/airflow/py_env/lib/python3.10/site-packages/airflow/example_dags/example_xcomargs.py
[2023-01-14T21:01:32.557+0000] {logging_mixin.py:137} INFO - [2023-01-14T21:01:32.556+0000] {dag.py:2676} INFO - Sync 2 DAGs
[2023-01-14T21:01:32.639+0000] {logging_mixin.py:137} INFO - [2023-01-14T21:01:32.639+0000] {dag.py:3423} INFO - Setting next_dagrun for example_xcom_args to None, run_after=None
[2023-01-14T21:01:32.651+0000] {logging_mixin.py:137} INFO - [2023-01-14T21:01:32.650+0000] {dag.py:3423} INFO - Setting next_dagrun for example_xcom_args_with_operators to None, run_after=None
[2023-01-14T21:01:32.729+0000] {processor.py:175} INFO - Processing /media/prempeh/Nouveau nom/MASTER2/DATA ENGINEERING/airflow/py_env/lib/python3.10/site-packages/airflow/example_dags/example_xcomargs.py took 0.619 seconds
[2023-01-14T21:02:26.316+0000] {processor.py:153} INFO - Started process (PID=7379) to work on /media/prempeh/Nouveau nom/MASTER2/DATA ENGINEERING/airflow/py_env/lib/python3.10/site-packages/airflow/example_dags/example_xcomargs.py
[2023-01-14T21:02:26.319+0000] {processor.py:743} INFO - Processing file /media/prempeh/Nouveau nom/MASTER2/DATA ENGINEERING/airflow/py_env/lib/python3.10/site-packages/airflow/example_dags/example_xcomargs.py for tasks to queue
[2023-01-14T21:02:26.325+0000] {logging_mixin.py:137} INFO - [2023-01-14T21:02:26.324+0000] {dagbag.py:538} INFO - Filling up the DagBag from /media/prempeh/Nouveau nom/MASTER2/DATA ENGINEERING/airflow/py_env/lib/python3.10/site-packages/airflow/example_dags/example_xcomargs.py
[2023-01-14T21:02:26.629+0000] {processor.py:753} INFO - DAG(s) dict_keys(['example_xcom_args_with_operators', 'example_xcom_args']) retrieved from /media/prempeh/Nouveau nom/MASTER2/DATA ENGINEERING/airflow/py_env/lib/python3.10/site-packages/airflow/example_dags/example_xcomargs.py
[2023-01-14T21:02:26.863+0000] {logging_mixin.py:137} INFO - [2023-01-14T21:02:26.862+0000] {dag.py:2676} INFO - Sync 2 DAGs
[2023-01-14T21:02:26.932+0000] {logging_mixin.py:137} INFO - [2023-01-14T21:02:26.931+0000] {dag.py:3423} INFO - Setting next_dagrun for example_xcom_args to None, run_after=None
[2023-01-14T21:02:26.946+0000] {logging_mixin.py:137} INFO - [2023-01-14T21:02:26.945+0000] {dag.py:3423} INFO - Setting next_dagrun for example_xcom_args_with_operators to None, run_after=None
[2023-01-14T21:02:27.072+0000] {processor.py:175} INFO - Processing /media/prempeh/Nouveau nom/MASTER2/DATA ENGINEERING/airflow/py_env/lib/python3.10/site-packages/airflow/example_dags/example_xcomargs.py took 0.770 seconds
[2023-01-14T21:03:15.894+0000] {processor.py:153} INFO - Started process (PID=7423) to work on /media/prempeh/Nouveau nom/MASTER2/DATA ENGINEERING/airflow/py_env/lib/python3.10/site-packages/airflow/example_dags/example_xcomargs.py
[2023-01-14T21:03:15.897+0000] {processor.py:743} INFO - Processing file /media/prempeh/Nouveau nom/MASTER2/DATA ENGINEERING/airflow/py_env/lib/python3.10/site-packages/airflow/example_dags/example_xcomargs.py for tasks to queue
[2023-01-14T21:03:15.902+0000] {logging_mixin.py:137} INFO - [2023-01-14T21:03:15.901+0000] {dagbag.py:538} INFO - Filling up the DagBag from /media/prempeh/Nouveau nom/MASTER2/DATA ENGINEERING/airflow/py_env/lib/python3.10/site-packages/airflow/example_dags/example_xcomargs.py
[2023-01-14T21:03:16.098+0000] {processor.py:753} INFO - DAG(s) dict_keys(['example_xcom_args', 'example_xcom_args_with_operators']) retrieved from /media/prempeh/Nouveau nom/MASTER2/DATA ENGINEERING/airflow/py_env/lib/python3.10/site-packages/airflow/example_dags/example_xcomargs.py
[2023-01-14T21:03:16.242+0000] {logging_mixin.py:137} INFO - [2023-01-14T21:03:16.242+0000] {dag.py:2676} INFO - Sync 2 DAGs
[2023-01-14T21:03:16.307+0000] {logging_mixin.py:137} INFO - [2023-01-14T21:03:16.307+0000] {dag.py:3423} INFO - Setting next_dagrun for example_xcom_args to None, run_after=None
[2023-01-14T21:03:16.317+0000] {logging_mixin.py:137} INFO - [2023-01-14T21:03:16.316+0000] {dag.py:3423} INFO - Setting next_dagrun for example_xcom_args_with_operators to None, run_after=None
[2023-01-14T21:03:16.388+0000] {processor.py:175} INFO - Processing /media/prempeh/Nouveau nom/MASTER2/DATA ENGINEERING/airflow/py_env/lib/python3.10/site-packages/airflow/example_dags/example_xcomargs.py took 0.504 seconds
[2023-01-14T21:04:22.845+0000] {processor.py:153} INFO - Started process (PID=7493) to work on /media/prempeh/Nouveau nom/MASTER2/DATA ENGINEERING/airflow/py_env/lib/python3.10/site-packages/airflow/example_dags/example_xcomargs.py
[2023-01-14T21:04:22.849+0000] {processor.py:743} INFO - Processing file /media/prempeh/Nouveau nom/MASTER2/DATA ENGINEERING/airflow/py_env/lib/python3.10/site-packages/airflow/example_dags/example_xcomargs.py for tasks to queue
[2023-01-14T21:04:22.856+0000] {logging_mixin.py:137} INFO - [2023-01-14T21:04:22.855+0000] {dagbag.py:538} INFO - Filling up the DagBag from /media/prempeh/Nouveau nom/MASTER2/DATA ENGINEERING/airflow/py_env/lib/python3.10/site-packages/airflow/example_dags/example_xcomargs.py
[2023-01-14T21:04:23.089+0000] {processor.py:753} INFO - DAG(s) dict_keys(['example_xcom_args_with_operators', 'example_xcom_args']) retrieved from /media/prempeh/Nouveau nom/MASTER2/DATA ENGINEERING/airflow/py_env/lib/python3.10/site-packages/airflow/example_dags/example_xcomargs.py
[2023-01-14T21:04:23.268+0000] {logging_mixin.py:137} INFO - [2023-01-14T21:04:23.267+0000] {dag.py:2676} INFO - Sync 2 DAGs
[2023-01-14T21:04:23.354+0000] {logging_mixin.py:137} INFO - [2023-01-14T21:04:23.353+0000] {dag.py:3423} INFO - Setting next_dagrun for example_xcom_args to None, run_after=None
[2023-01-14T21:04:23.367+0000] {logging_mixin.py:137} INFO - [2023-01-14T21:04:23.366+0000] {dag.py:3423} INFO - Setting next_dagrun for example_xcom_args_with_operators to None, run_after=None
[2023-01-14T21:04:23.446+0000] {processor.py:175} INFO - Processing /media/prempeh/Nouveau nom/MASTER2/DATA ENGINEERING/airflow/py_env/lib/python3.10/site-packages/airflow/example_dags/example_xcomargs.py took 0.613 seconds
[2023-01-14T21:05:20.048+0000] {processor.py:153} INFO - Started process (PID=7542) to work on /media/prempeh/Nouveau nom/MASTER2/DATA ENGINEERING/airflow/py_env/lib/python3.10/site-packages/airflow/example_dags/example_xcomargs.py
[2023-01-14T21:05:20.051+0000] {processor.py:743} INFO - Processing file /media/prempeh/Nouveau nom/MASTER2/DATA ENGINEERING/airflow/py_env/lib/python3.10/site-packages/airflow/example_dags/example_xcomargs.py for tasks to queue
[2023-01-14T21:05:20.060+0000] {logging_mixin.py:137} INFO - [2023-01-14T21:05:20.059+0000] {dagbag.py:538} INFO - Filling up the DagBag from /media/prempeh/Nouveau nom/MASTER2/DATA ENGINEERING/airflow/py_env/lib/python3.10/site-packages/airflow/example_dags/example_xcomargs.py
[2023-01-14T21:05:20.234+0000] {processor.py:753} INFO - DAG(s) dict_keys(['example_xcom_args', 'example_xcom_args_with_operators']) retrieved from /media/prempeh/Nouveau nom/MASTER2/DATA ENGINEERING/airflow/py_env/lib/python3.10/site-packages/airflow/example_dags/example_xcomargs.py
[2023-01-14T21:05:20.360+0000] {logging_mixin.py:137} INFO - [2023-01-14T21:05:20.360+0000] {dag.py:2676} INFO - Sync 2 DAGs
[2023-01-14T21:05:20.427+0000] {logging_mixin.py:137} INFO - [2023-01-14T21:05:20.426+0000] {dag.py:3423} INFO - Setting next_dagrun for example_xcom_args to None, run_after=None
[2023-01-14T21:05:20.437+0000] {logging_mixin.py:137} INFO - [2023-01-14T21:05:20.436+0000] {dag.py:3423} INFO - Setting next_dagrun for example_xcom_args_with_operators to None, run_after=None
[2023-01-14T21:05:20.498+0000] {processor.py:175} INFO - Processing /media/prempeh/Nouveau nom/MASTER2/DATA ENGINEERING/airflow/py_env/lib/python3.10/site-packages/airflow/example_dags/example_xcomargs.py took 0.462 seconds
[2023-01-14T21:06:26.406+0000] {processor.py:153} INFO - Started process (PID=7716) to work on /media/prempeh/Nouveau nom/MASTER2/DATA ENGINEERING/airflow/py_env/lib/python3.10/site-packages/airflow/example_dags/example_xcomargs.py
[2023-01-14T21:06:26.410+0000] {processor.py:743} INFO - Processing file /media/prempeh/Nouveau nom/MASTER2/DATA ENGINEERING/airflow/py_env/lib/python3.10/site-packages/airflow/example_dags/example_xcomargs.py for tasks to queue
[2023-01-14T21:06:26.415+0000] {logging_mixin.py:137} INFO - [2023-01-14T21:06:26.415+0000] {dagbag.py:538} INFO - Filling up the DagBag from /media/prempeh/Nouveau nom/MASTER2/DATA ENGINEERING/airflow/py_env/lib/python3.10/site-packages/airflow/example_dags/example_xcomargs.py
[2023-01-14T21:06:26.623+0000] {processor.py:753} INFO - DAG(s) dict_keys(['example_xcom_args', 'example_xcom_args_with_operators']) retrieved from /media/prempeh/Nouveau nom/MASTER2/DATA ENGINEERING/airflow/py_env/lib/python3.10/site-packages/airflow/example_dags/example_xcomargs.py
[2023-01-14T21:06:26.752+0000] {logging_mixin.py:137} INFO - [2023-01-14T21:06:26.752+0000] {dag.py:2676} INFO - Sync 2 DAGs
[2023-01-14T21:06:26.814+0000] {logging_mixin.py:137} INFO - [2023-01-14T21:06:26.814+0000] {dag.py:3423} INFO - Setting next_dagrun for example_xcom_args to None, run_after=None
[2023-01-14T21:06:26.824+0000] {logging_mixin.py:137} INFO - [2023-01-14T21:06:26.823+0000] {dag.py:3423} INFO - Setting next_dagrun for example_xcom_args_with_operators to None, run_after=None
[2023-01-14T21:06:26.891+0000] {processor.py:175} INFO - Processing /media/prempeh/Nouveau nom/MASTER2/DATA ENGINEERING/airflow/py_env/lib/python3.10/site-packages/airflow/example_dags/example_xcomargs.py took 0.493 seconds
[2023-01-14T21:07:58.984+0000] {processor.py:153} INFO - Started process (PID=7982) to work on /media/prempeh/Nouveau nom/MASTER2/DATA ENGINEERING/airflow/py_env/lib/python3.10/site-packages/airflow/example_dags/example_xcomargs.py
[2023-01-14T21:07:58.995+0000] {processor.py:743} INFO - Processing file /media/prempeh/Nouveau nom/MASTER2/DATA ENGINEERING/airflow/py_env/lib/python3.10/site-packages/airflow/example_dags/example_xcomargs.py for tasks to queue
[2023-01-14T21:07:59.005+0000] {logging_mixin.py:137} INFO - [2023-01-14T21:07:59.003+0000] {dagbag.py:538} INFO - Filling up the DagBag from /media/prempeh/Nouveau nom/MASTER2/DATA ENGINEERING/airflow/py_env/lib/python3.10/site-packages/airflow/example_dags/example_xcomargs.py
[2023-01-14T21:07:59.376+0000] {processor.py:753} INFO - DAG(s) dict_keys(['example_xcom_args_with_operators', 'example_xcom_args']) retrieved from /media/prempeh/Nouveau nom/MASTER2/DATA ENGINEERING/airflow/py_env/lib/python3.10/site-packages/airflow/example_dags/example_xcomargs.py
[2023-01-14T21:07:59.663+0000] {logging_mixin.py:137} INFO - [2023-01-14T21:07:59.663+0000] {dag.py:2676} INFO - Sync 2 DAGs
[2023-01-14T21:07:59.779+0000] {logging_mixin.py:137} INFO - [2023-01-14T21:07:59.778+0000] {dag.py:3423} INFO - Setting next_dagrun for example_xcom_args to None, run_after=None
[2023-01-14T21:07:59.794+0000] {logging_mixin.py:137} INFO - [2023-01-14T21:07:59.793+0000] {dag.py:3423} INFO - Setting next_dagrun for example_xcom_args_with_operators to None, run_after=None
[2023-01-14T21:07:59.928+0000] {processor.py:175} INFO - Processing /media/prempeh/Nouveau nom/MASTER2/DATA ENGINEERING/airflow/py_env/lib/python3.10/site-packages/airflow/example_dags/example_xcomargs.py took 0.954 seconds
[2023-01-14T21:08:42.775+0000] {processor.py:153} INFO - Started process (PID=8080) to work on /media/prempeh/Nouveau nom/MASTER2/DATA ENGINEERING/airflow/py_env/lib/python3.10/site-packages/airflow/example_dags/example_xcomargs.py
[2023-01-14T21:08:42.778+0000] {processor.py:743} INFO - Processing file /media/prempeh/Nouveau nom/MASTER2/DATA ENGINEERING/airflow/py_env/lib/python3.10/site-packages/airflow/example_dags/example_xcomargs.py for tasks to queue
[2023-01-14T21:08:42.786+0000] {logging_mixin.py:137} INFO - [2023-01-14T21:08:42.785+0000] {dagbag.py:538} INFO - Filling up the DagBag from /media/prempeh/Nouveau nom/MASTER2/DATA ENGINEERING/airflow/py_env/lib/python3.10/site-packages/airflow/example_dags/example_xcomargs.py
[2023-01-14T21:08:42.968+0000] {processor.py:753} INFO - DAG(s) dict_keys(['example_xcom_args_with_operators', 'example_xcom_args']) retrieved from /media/prempeh/Nouveau nom/MASTER2/DATA ENGINEERING/airflow/py_env/lib/python3.10/site-packages/airflow/example_dags/example_xcomargs.py
[2023-01-14T21:08:43.101+0000] {logging_mixin.py:137} INFO - [2023-01-14T21:08:43.100+0000] {dag.py:2676} INFO - Sync 2 DAGs
[2023-01-14T21:08:43.166+0000] {logging_mixin.py:137} INFO - [2023-01-14T21:08:43.165+0000] {dag.py:3423} INFO - Setting next_dagrun for example_xcom_args to None, run_after=None
[2023-01-14T21:08:43.175+0000] {logging_mixin.py:137} INFO - [2023-01-14T21:08:43.175+0000] {dag.py:3423} INFO - Setting next_dagrun for example_xcom_args_with_operators to None, run_after=None
[2023-01-14T21:08:43.241+0000] {processor.py:175} INFO - Processing /media/prempeh/Nouveau nom/MASTER2/DATA ENGINEERING/airflow/py_env/lib/python3.10/site-packages/airflow/example_dags/example_xcomargs.py took 0.475 seconds
[2023-01-14T21:09:42.360+0000] {processor.py:153} INFO - Started process (PID=8127) to work on /media/prempeh/Nouveau nom/MASTER2/DATA ENGINEERING/airflow/py_env/lib/python3.10/site-packages/airflow/example_dags/example_xcomargs.py
[2023-01-14T21:09:42.363+0000] {processor.py:743} INFO - Processing file /media/prempeh/Nouveau nom/MASTER2/DATA ENGINEERING/airflow/py_env/lib/python3.10/site-packages/airflow/example_dags/example_xcomargs.py for tasks to queue
[2023-01-14T21:09:42.368+0000] {logging_mixin.py:137} INFO - [2023-01-14T21:09:42.367+0000] {dagbag.py:538} INFO - Filling up the DagBag from /media/prempeh/Nouveau nom/MASTER2/DATA ENGINEERING/airflow/py_env/lib/python3.10/site-packages/airflow/example_dags/example_xcomargs.py
[2023-01-14T21:09:42.561+0000] {processor.py:753} INFO - DAG(s) dict_keys(['example_xcom_args_with_operators', 'example_xcom_args']) retrieved from /media/prempeh/Nouveau nom/MASTER2/DATA ENGINEERING/airflow/py_env/lib/python3.10/site-packages/airflow/example_dags/example_xcomargs.py
[2023-01-14T21:09:42.687+0000] {logging_mixin.py:137} INFO - [2023-01-14T21:09:42.686+0000] {dag.py:2676} INFO - Sync 2 DAGs
[2023-01-14T21:09:42.754+0000] {logging_mixin.py:137} INFO - [2023-01-14T21:09:42.753+0000] {dag.py:3423} INFO - Setting next_dagrun for example_xcom_args to None, run_after=None
[2023-01-14T21:09:42.762+0000] {logging_mixin.py:137} INFO - [2023-01-14T21:09:42.762+0000] {dag.py:3423} INFO - Setting next_dagrun for example_xcom_args_with_operators to None, run_after=None
[2023-01-14T21:09:42.828+0000] {processor.py:175} INFO - Processing /media/prempeh/Nouveau nom/MASTER2/DATA ENGINEERING/airflow/py_env/lib/python3.10/site-packages/airflow/example_dags/example_xcomargs.py took 0.476 seconds
[2023-01-14T21:10:43.267+0000] {processor.py:153} INFO - Started process (PID=8172) to work on /media/prempeh/Nouveau nom/MASTER2/DATA ENGINEERING/airflow/py_env/lib/python3.10/site-packages/airflow/example_dags/example_xcomargs.py
[2023-01-14T21:10:43.269+0000] {processor.py:743} INFO - Processing file /media/prempeh/Nouveau nom/MASTER2/DATA ENGINEERING/airflow/py_env/lib/python3.10/site-packages/airflow/example_dags/example_xcomargs.py for tasks to queue
[2023-01-14T21:10:43.273+0000] {logging_mixin.py:137} INFO - [2023-01-14T21:10:43.273+0000] {dagbag.py:538} INFO - Filling up the DagBag from /media/prempeh/Nouveau nom/MASTER2/DATA ENGINEERING/airflow/py_env/lib/python3.10/site-packages/airflow/example_dags/example_xcomargs.py
[2023-01-14T21:10:43.485+0000] {processor.py:753} INFO - DAG(s) dict_keys(['example_xcom_args_with_operators', 'example_xcom_args']) retrieved from /media/prempeh/Nouveau nom/MASTER2/DATA ENGINEERING/airflow/py_env/lib/python3.10/site-packages/airflow/example_dags/example_xcomargs.py
[2023-01-14T21:10:43.618+0000] {logging_mixin.py:137} INFO - [2023-01-14T21:10:43.617+0000] {dag.py:2676} INFO - Sync 2 DAGs
[2023-01-14T21:10:43.683+0000] {logging_mixin.py:137} INFO - [2023-01-14T21:10:43.682+0000] {dag.py:3423} INFO - Setting next_dagrun for example_xcom_args to None, run_after=None
[2023-01-14T21:10:43.692+0000] {logging_mixin.py:137} INFO - [2023-01-14T21:10:43.691+0000] {dag.py:3423} INFO - Setting next_dagrun for example_xcom_args_with_operators to None, run_after=None
[2023-01-14T21:10:43.759+0000] {processor.py:175} INFO - Processing /media/prempeh/Nouveau nom/MASTER2/DATA ENGINEERING/airflow/py_env/lib/python3.10/site-packages/airflow/example_dags/example_xcomargs.py took 0.500 seconds
[2023-01-14T21:11:48.188+0000] {processor.py:153} INFO - Started process (PID=8220) to work on /media/prempeh/Nouveau nom/MASTER2/DATA ENGINEERING/airflow/py_env/lib/python3.10/site-packages/airflow/example_dags/example_xcomargs.py
[2023-01-14T21:11:48.191+0000] {processor.py:743} INFO - Processing file /media/prempeh/Nouveau nom/MASTER2/DATA ENGINEERING/airflow/py_env/lib/python3.10/site-packages/airflow/example_dags/example_xcomargs.py for tasks to queue
[2023-01-14T21:11:48.203+0000] {logging_mixin.py:137} INFO - [2023-01-14T21:11:48.203+0000] {dagbag.py:538} INFO - Filling up the DagBag from /media/prempeh/Nouveau nom/MASTER2/DATA ENGINEERING/airflow/py_env/lib/python3.10/site-packages/airflow/example_dags/example_xcomargs.py
[2023-01-14T21:11:48.464+0000] {processor.py:753} INFO - DAG(s) dict_keys(['example_xcom_args_with_operators', 'example_xcom_args']) retrieved from /media/prempeh/Nouveau nom/MASTER2/DATA ENGINEERING/airflow/py_env/lib/python3.10/site-packages/airflow/example_dags/example_xcomargs.py
[2023-01-14T21:11:48.619+0000] {logging_mixin.py:137} INFO - [2023-01-14T21:11:48.619+0000] {dag.py:2676} INFO - Sync 2 DAGs
[2023-01-14T21:11:48.684+0000] {logging_mixin.py:137} INFO - [2023-01-14T21:11:48.683+0000] {dag.py:3423} INFO - Setting next_dagrun for example_xcom_args to None, run_after=None
[2023-01-14T21:11:48.694+0000] {logging_mixin.py:137} INFO - [2023-01-14T21:11:48.693+0000] {dag.py:3423} INFO - Setting next_dagrun for example_xcom_args_with_operators to None, run_after=None
[2023-01-14T21:11:48.762+0000] {processor.py:175} INFO - Processing /media/prempeh/Nouveau nom/MASTER2/DATA ENGINEERING/airflow/py_env/lib/python3.10/site-packages/airflow/example_dags/example_xcomargs.py took 0.585 seconds
[2023-01-14T21:12:54.836+0000] {processor.py:153} INFO - Started process (PID=8265) to work on /media/prempeh/Nouveau nom/MASTER2/DATA ENGINEERING/airflow/py_env/lib/python3.10/site-packages/airflow/example_dags/example_xcomargs.py
[2023-01-14T21:12:54.839+0000] {processor.py:743} INFO - Processing file /media/prempeh/Nouveau nom/MASTER2/DATA ENGINEERING/airflow/py_env/lib/python3.10/site-packages/airflow/example_dags/example_xcomargs.py for tasks to queue
[2023-01-14T21:12:54.844+0000] {logging_mixin.py:137} INFO - [2023-01-14T21:12:54.843+0000] {dagbag.py:538} INFO - Filling up the DagBag from /media/prempeh/Nouveau nom/MASTER2/DATA ENGINEERING/airflow/py_env/lib/python3.10/site-packages/airflow/example_dags/example_xcomargs.py
[2023-01-14T21:12:55.040+0000] {processor.py:753} INFO - DAG(s) dict_keys(['example_xcom_args', 'example_xcom_args_with_operators']) retrieved from /media/prempeh/Nouveau nom/MASTER2/DATA ENGINEERING/airflow/py_env/lib/python3.10/site-packages/airflow/example_dags/example_xcomargs.py
[2023-01-14T21:12:55.166+0000] {logging_mixin.py:137} INFO - [2023-01-14T21:12:55.165+0000] {dag.py:2676} INFO - Sync 2 DAGs
[2023-01-14T21:12:55.224+0000] {logging_mixin.py:137} INFO - [2023-01-14T21:12:55.223+0000] {dag.py:3423} INFO - Setting next_dagrun for example_xcom_args to None, run_after=None
[2023-01-14T21:12:55.235+0000] {logging_mixin.py:137} INFO - [2023-01-14T21:12:55.234+0000] {dag.py:3423} INFO - Setting next_dagrun for example_xcom_args_with_operators to None, run_after=None
[2023-01-14T21:12:55.304+0000] {processor.py:175} INFO - Processing /media/prempeh/Nouveau nom/MASTER2/DATA ENGINEERING/airflow/py_env/lib/python3.10/site-packages/airflow/example_dags/example_xcomargs.py took 0.478 seconds
[2023-01-14T21:13:35.057+0000] {processor.py:153} INFO - Started process (PID=8290) to work on /media/prempeh/Nouveau nom/MASTER2/DATA ENGINEERING/airflow/py_env/lib/python3.10/site-packages/airflow/example_dags/example_xcomargs.py
[2023-01-14T21:13:35.060+0000] {processor.py:743} INFO - Processing file /media/prempeh/Nouveau nom/MASTER2/DATA ENGINEERING/airflow/py_env/lib/python3.10/site-packages/airflow/example_dags/example_xcomargs.py for tasks to queue
[2023-01-14T21:13:35.065+0000] {logging_mixin.py:137} INFO - [2023-01-14T21:13:35.064+0000] {dagbag.py:538} INFO - Filling up the DagBag from /media/prempeh/Nouveau nom/MASTER2/DATA ENGINEERING/airflow/py_env/lib/python3.10/site-packages/airflow/example_dags/example_xcomargs.py
[2023-01-14T21:13:35.282+0000] {processor.py:753} INFO - DAG(s) dict_keys(['example_xcom_args_with_operators', 'example_xcom_args']) retrieved from /media/prempeh/Nouveau nom/MASTER2/DATA ENGINEERING/airflow/py_env/lib/python3.10/site-packages/airflow/example_dags/example_xcomargs.py
[2023-01-14T21:13:35.438+0000] {logging_mixin.py:137} INFO - [2023-01-14T21:13:35.437+0000] {dag.py:2676} INFO - Sync 2 DAGs
[2023-01-14T21:13:35.505+0000] {logging_mixin.py:137} INFO - [2023-01-14T21:13:35.504+0000] {dag.py:3423} INFO - Setting next_dagrun for example_xcom_args to None, run_after=None
[2023-01-14T21:13:35.515+0000] {logging_mixin.py:137} INFO - [2023-01-14T21:13:35.514+0000] {dag.py:3423} INFO - Setting next_dagrun for example_xcom_args_with_operators to None, run_after=None
[2023-01-14T21:13:35.580+0000] {processor.py:175} INFO - Processing /media/prempeh/Nouveau nom/MASTER2/DATA ENGINEERING/airflow/py_env/lib/python3.10/site-packages/airflow/example_dags/example_xcomargs.py took 0.534 seconds
[2023-01-14T21:14:41.359+0000] {processor.py:153} INFO - Started process (PID=8338) to work on /media/prempeh/Nouveau nom/MASTER2/DATA ENGINEERING/airflow/py_env/lib/python3.10/site-packages/airflow/example_dags/example_xcomargs.py
[2023-01-14T21:14:41.361+0000] {processor.py:743} INFO - Processing file /media/prempeh/Nouveau nom/MASTER2/DATA ENGINEERING/airflow/py_env/lib/python3.10/site-packages/airflow/example_dags/example_xcomargs.py for tasks to queue
[2023-01-14T21:14:41.366+0000] {logging_mixin.py:137} INFO - [2023-01-14T21:14:41.366+0000] {dagbag.py:538} INFO - Filling up the DagBag from /media/prempeh/Nouveau nom/MASTER2/DATA ENGINEERING/airflow/py_env/lib/python3.10/site-packages/airflow/example_dags/example_xcomargs.py
[2023-01-14T21:14:41.577+0000] {processor.py:753} INFO - DAG(s) dict_keys(['example_xcom_args', 'example_xcom_args_with_operators']) retrieved from /media/prempeh/Nouveau nom/MASTER2/DATA ENGINEERING/airflow/py_env/lib/python3.10/site-packages/airflow/example_dags/example_xcomargs.py
[2023-01-14T21:14:41.726+0000] {logging_mixin.py:137} INFO - [2023-01-14T21:14:41.725+0000] {dag.py:2676} INFO - Sync 2 DAGs
[2023-01-14T21:14:41.786+0000] {logging_mixin.py:137} INFO - [2023-01-14T21:14:41.786+0000] {dag.py:3423} INFO - Setting next_dagrun for example_xcom_args to None, run_after=None
[2023-01-14T21:14:41.796+0000] {logging_mixin.py:137} INFO - [2023-01-14T21:14:41.796+0000] {dag.py:3423} INFO - Setting next_dagrun for example_xcom_args_with_operators to None, run_after=None
[2023-01-14T21:14:41.864+0000] {processor.py:175} INFO - Processing /media/prempeh/Nouveau nom/MASTER2/DATA ENGINEERING/airflow/py_env/lib/python3.10/site-packages/airflow/example_dags/example_xcomargs.py took 0.514 seconds
[2023-01-14T21:15:21.645+0000] {processor.py:153} INFO - Started process (PID=8682) to work on /media/prempeh/Nouveau nom/MASTER2/DATA ENGINEERING/airflow/py_env/lib/python3.10/site-packages/airflow/example_dags/example_xcomargs.py
[2023-01-14T21:15:21.648+0000] {processor.py:743} INFO - Processing file /media/prempeh/Nouveau nom/MASTER2/DATA ENGINEERING/airflow/py_env/lib/python3.10/site-packages/airflow/example_dags/example_xcomargs.py for tasks to queue
[2023-01-14T21:15:21.653+0000] {logging_mixin.py:137} INFO - [2023-01-14T21:15:21.652+0000] {dagbag.py:538} INFO - Filling up the DagBag from /media/prempeh/Nouveau nom/MASTER2/DATA ENGINEERING/airflow/py_env/lib/python3.10/site-packages/airflow/example_dags/example_xcomargs.py
[2023-01-14T21:15:21.875+0000] {processor.py:753} INFO - DAG(s) dict_keys(['example_xcom_args_with_operators', 'example_xcom_args']) retrieved from /media/prempeh/Nouveau nom/MASTER2/DATA ENGINEERING/airflow/py_env/lib/python3.10/site-packages/airflow/example_dags/example_xcomargs.py
[2023-01-14T21:15:22.018+0000] {logging_mixin.py:137} INFO - [2023-01-14T21:15:22.017+0000] {dag.py:2676} INFO - Sync 2 DAGs
[2023-01-14T21:15:22.084+0000] {logging_mixin.py:137} INFO - [2023-01-14T21:15:22.084+0000] {dag.py:3423} INFO - Setting next_dagrun for example_xcom_args to None, run_after=None
[2023-01-14T21:15:22.093+0000] {logging_mixin.py:137} INFO - [2023-01-14T21:15:22.092+0000] {dag.py:3423} INFO - Setting next_dagrun for example_xcom_args_with_operators to None, run_after=None
[2023-01-14T21:15:22.145+0000] {processor.py:175} INFO - Processing /media/prempeh/Nouveau nom/MASTER2/DATA ENGINEERING/airflow/py_env/lib/python3.10/site-packages/airflow/example_dags/example_xcomargs.py took 0.508 seconds
[2023-01-14T21:16:32.609+0000] {processor.py:153} INFO - Started process (PID=9046) to work on /media/prempeh/Nouveau nom/MASTER2/DATA ENGINEERING/airflow/py_env/lib/python3.10/site-packages/airflow/example_dags/example_xcomargs.py
[2023-01-14T21:16:32.612+0000] {processor.py:743} INFO - Processing file /media/prempeh/Nouveau nom/MASTER2/DATA ENGINEERING/airflow/py_env/lib/python3.10/site-packages/airflow/example_dags/example_xcomargs.py for tasks to queue
[2023-01-14T21:16:32.616+0000] {logging_mixin.py:137} INFO - [2023-01-14T21:16:32.616+0000] {dagbag.py:538} INFO - Filling up the DagBag from /media/prempeh/Nouveau nom/MASTER2/DATA ENGINEERING/airflow/py_env/lib/python3.10/site-packages/airflow/example_dags/example_xcomargs.py
[2023-01-14T21:16:32.815+0000] {processor.py:753} INFO - DAG(s) dict_keys(['example_xcom_args', 'example_xcom_args_with_operators']) retrieved from /media/prempeh/Nouveau nom/MASTER2/DATA ENGINEERING/airflow/py_env/lib/python3.10/site-packages/airflow/example_dags/example_xcomargs.py
[2023-01-14T21:16:32.983+0000] {logging_mixin.py:137} INFO - [2023-01-14T21:16:32.983+0000] {dag.py:2676} INFO - Sync 2 DAGs
[2023-01-14T21:16:33.051+0000] {logging_mixin.py:137} INFO - [2023-01-14T21:16:33.050+0000] {dag.py:3423} INFO - Setting next_dagrun for example_xcom_args to None, run_after=None
[2023-01-14T21:16:33.060+0000] {logging_mixin.py:137} INFO - [2023-01-14T21:16:33.060+0000] {dag.py:3423} INFO - Setting next_dagrun for example_xcom_args_with_operators to None, run_after=None
[2023-01-14T21:16:33.124+0000] {processor.py:175} INFO - Processing /media/prempeh/Nouveau nom/MASTER2/DATA ENGINEERING/airflow/py_env/lib/python3.10/site-packages/airflow/example_dags/example_xcomargs.py took 0.523 seconds
[2023-01-14T21:17:45.075+0000] {processor.py:153} INFO - Started process (PID=9172) to work on /media/prempeh/Nouveau nom/MASTER2/DATA ENGINEERING/airflow/py_env/lib/python3.10/site-packages/airflow/example_dags/example_xcomargs.py
[2023-01-14T21:17:45.087+0000] {processor.py:743} INFO - Processing file /media/prempeh/Nouveau nom/MASTER2/DATA ENGINEERING/airflow/py_env/lib/python3.10/site-packages/airflow/example_dags/example_xcomargs.py for tasks to queue
[2023-01-14T21:17:45.095+0000] {logging_mixin.py:137} INFO - [2023-01-14T21:17:45.095+0000] {dagbag.py:538} INFO - Filling up the DagBag from /media/prempeh/Nouveau nom/MASTER2/DATA ENGINEERING/airflow/py_env/lib/python3.10/site-packages/airflow/example_dags/example_xcomargs.py
[2023-01-14T21:17:45.513+0000] {processor.py:753} INFO - DAG(s) dict_keys(['example_xcom_args_with_operators', 'example_xcom_args']) retrieved from /media/prempeh/Nouveau nom/MASTER2/DATA ENGINEERING/airflow/py_env/lib/python3.10/site-packages/airflow/example_dags/example_xcomargs.py
[2023-01-14T21:17:45.785+0000] {logging_mixin.py:137} INFO - [2023-01-14T21:17:45.783+0000] {dag.py:2676} INFO - Sync 2 DAGs
[2023-01-14T21:17:45.902+0000] {logging_mixin.py:137} INFO - [2023-01-14T21:17:45.901+0000] {dag.py:3423} INFO - Setting next_dagrun for example_xcom_args to None, run_after=None
[2023-01-14T21:17:45.915+0000] {logging_mixin.py:137} INFO - [2023-01-14T21:17:45.914+0000] {dag.py:3423} INFO - Setting next_dagrun for example_xcom_args_with_operators to None, run_after=None
[2023-01-14T21:17:46.006+0000] {processor.py:175} INFO - Processing /media/prempeh/Nouveau nom/MASTER2/DATA ENGINEERING/airflow/py_env/lib/python3.10/site-packages/airflow/example_dags/example_xcomargs.py took 0.951 seconds
[2023-01-14T21:18:57.284+0000] {processor.py:153} INFO - Started process (PID=9422) to work on /media/prempeh/Nouveau nom/MASTER2/DATA ENGINEERING/airflow/py_env/lib/python3.10/site-packages/airflow/example_dags/example_xcomargs.py
[2023-01-14T21:18:57.287+0000] {processor.py:743} INFO - Processing file /media/prempeh/Nouveau nom/MASTER2/DATA ENGINEERING/airflow/py_env/lib/python3.10/site-packages/airflow/example_dags/example_xcomargs.py for tasks to queue
[2023-01-14T21:18:57.291+0000] {logging_mixin.py:137} INFO - [2023-01-14T21:18:57.290+0000] {dagbag.py:538} INFO - Filling up the DagBag from /media/prempeh/Nouveau nom/MASTER2/DATA ENGINEERING/airflow/py_env/lib/python3.10/site-packages/airflow/example_dags/example_xcomargs.py
[2023-01-14T21:18:57.503+0000] {processor.py:753} INFO - DAG(s) dict_keys(['example_xcom_args', 'example_xcom_args_with_operators']) retrieved from /media/prempeh/Nouveau nom/MASTER2/DATA ENGINEERING/airflow/py_env/lib/python3.10/site-packages/airflow/example_dags/example_xcomargs.py
[2023-01-14T21:18:57.638+0000] {logging_mixin.py:137} INFO - [2023-01-14T21:18:57.637+0000] {dag.py:2676} INFO - Sync 2 DAGs
[2023-01-14T21:18:57.697+0000] {logging_mixin.py:137} INFO - [2023-01-14T21:18:57.696+0000] {dag.py:3423} INFO - Setting next_dagrun for example_xcom_args to None, run_after=None
[2023-01-14T21:18:57.706+0000] {logging_mixin.py:137} INFO - [2023-01-14T21:18:57.706+0000] {dag.py:3423} INFO - Setting next_dagrun for example_xcom_args_with_operators to None, run_after=None
[2023-01-14T21:18:57.772+0000] {processor.py:175} INFO - Processing /media/prempeh/Nouveau nom/MASTER2/DATA ENGINEERING/airflow/py_env/lib/python3.10/site-packages/airflow/example_dags/example_xcomargs.py took 0.496 seconds
[2023-01-14T21:20:09.917+0000] {processor.py:153} INFO - Started process (PID=9718) to work on /media/prempeh/Nouveau nom/MASTER2/DATA ENGINEERING/airflow/py_env/lib/python3.10/site-packages/airflow/example_dags/example_xcomargs.py
[2023-01-14T21:20:09.919+0000] {processor.py:743} INFO - Processing file /media/prempeh/Nouveau nom/MASTER2/DATA ENGINEERING/airflow/py_env/lib/python3.10/site-packages/airflow/example_dags/example_xcomargs.py for tasks to queue
[2023-01-14T21:20:09.924+0000] {logging_mixin.py:137} INFO - [2023-01-14T21:20:09.923+0000] {dagbag.py:538} INFO - Filling up the DagBag from /media/prempeh/Nouveau nom/MASTER2/DATA ENGINEERING/airflow/py_env/lib/python3.10/site-packages/airflow/example_dags/example_xcomargs.py
[2023-01-14T21:20:10.130+0000] {processor.py:753} INFO - DAG(s) dict_keys(['example_xcom_args', 'example_xcom_args_with_operators']) retrieved from /media/prempeh/Nouveau nom/MASTER2/DATA ENGINEERING/airflow/py_env/lib/python3.10/site-packages/airflow/example_dags/example_xcomargs.py
[2023-01-14T21:20:10.277+0000] {logging_mixin.py:137} INFO - [2023-01-14T21:20:10.276+0000] {dag.py:2676} INFO - Sync 2 DAGs
[2023-01-14T21:20:10.335+0000] {logging_mixin.py:137} INFO - [2023-01-14T21:20:10.335+0000] {dag.py:3423} INFO - Setting next_dagrun for example_xcom_args to None, run_after=None
[2023-01-14T21:20:10.346+0000] {logging_mixin.py:137} INFO - [2023-01-14T21:20:10.346+0000] {dag.py:3423} INFO - Setting next_dagrun for example_xcom_args_with_operators to None, run_after=None
[2023-01-14T21:20:10.409+0000] {processor.py:175} INFO - Processing /media/prempeh/Nouveau nom/MASTER2/DATA ENGINEERING/airflow/py_env/lib/python3.10/site-packages/airflow/example_dags/example_xcomargs.py took 0.502 seconds
[2023-01-14T21:21:18.190+0000] {processor.py:153} INFO - Started process (PID=9829) to work on /media/prempeh/Nouveau nom/MASTER2/DATA ENGINEERING/airflow/py_env/lib/python3.10/site-packages/airflow/example_dags/example_xcomargs.py
[2023-01-14T21:21:18.193+0000] {processor.py:743} INFO - Processing file /media/prempeh/Nouveau nom/MASTER2/DATA ENGINEERING/airflow/py_env/lib/python3.10/site-packages/airflow/example_dags/example_xcomargs.py for tasks to queue
[2023-01-14T21:21:18.197+0000] {logging_mixin.py:137} INFO - [2023-01-14T21:21:18.197+0000] {dagbag.py:538} INFO - Filling up the DagBag from /media/prempeh/Nouveau nom/MASTER2/DATA ENGINEERING/airflow/py_env/lib/python3.10/site-packages/airflow/example_dags/example_xcomargs.py
[2023-01-14T21:21:18.412+0000] {processor.py:753} INFO - DAG(s) dict_keys(['example_xcom_args_with_operators', 'example_xcom_args']) retrieved from /media/prempeh/Nouveau nom/MASTER2/DATA ENGINEERING/airflow/py_env/lib/python3.10/site-packages/airflow/example_dags/example_xcomargs.py
[2023-01-14T21:21:18.567+0000] {logging_mixin.py:137} INFO - [2023-01-14T21:21:18.567+0000] {dag.py:2676} INFO - Sync 2 DAGs
[2023-01-14T21:21:18.636+0000] {logging_mixin.py:137} INFO - [2023-01-14T21:21:18.635+0000] {dag.py:3423} INFO - Setting next_dagrun for example_xcom_args to None, run_after=None
[2023-01-14T21:21:18.649+0000] {logging_mixin.py:137} INFO - [2023-01-14T21:21:18.649+0000] {dag.py:3423} INFO - Setting next_dagrun for example_xcom_args_with_operators to None, run_after=None
[2023-01-14T21:21:18.717+0000] {processor.py:175} INFO - Processing /media/prempeh/Nouveau nom/MASTER2/DATA ENGINEERING/airflow/py_env/lib/python3.10/site-packages/airflow/example_dags/example_xcomargs.py took 0.536 seconds
[2023-01-14T21:22:31.572+0000] {processor.py:153} INFO - Started process (PID=10096) to work on /media/prempeh/Nouveau nom/MASTER2/DATA ENGINEERING/airflow/py_env/lib/python3.10/site-packages/airflow/example_dags/example_xcomargs.py
[2023-01-14T21:22:31.582+0000] {processor.py:743} INFO - Processing file /media/prempeh/Nouveau nom/MASTER2/DATA ENGINEERING/airflow/py_env/lib/python3.10/site-packages/airflow/example_dags/example_xcomargs.py for tasks to queue
[2023-01-14T21:22:31.590+0000] {logging_mixin.py:137} INFO - [2023-01-14T21:22:31.589+0000] {dagbag.py:538} INFO - Filling up the DagBag from /media/prempeh/Nouveau nom/MASTER2/DATA ENGINEERING/airflow/py_env/lib/python3.10/site-packages/airflow/example_dags/example_xcomargs.py
[2023-01-14T21:22:32.032+0000] {processor.py:753} INFO - DAG(s) dict_keys(['example_xcom_args_with_operators', 'example_xcom_args']) retrieved from /media/prempeh/Nouveau nom/MASTER2/DATA ENGINEERING/airflow/py_env/lib/python3.10/site-packages/airflow/example_dags/example_xcomargs.py
[2023-01-14T21:22:32.325+0000] {logging_mixin.py:137} INFO - [2023-01-14T21:22:32.324+0000] {dag.py:2676} INFO - Sync 2 DAGs
[2023-01-14T21:22:32.441+0000] {logging_mixin.py:137} INFO - [2023-01-14T21:22:32.440+0000] {dag.py:3423} INFO - Setting next_dagrun for example_xcom_args to None, run_after=None
[2023-01-14T21:22:32.477+0000] {logging_mixin.py:137} INFO - [2023-01-14T21:22:32.476+0000] {dag.py:3423} INFO - Setting next_dagrun for example_xcom_args_with_operators to None, run_after=None
[2023-01-14T21:22:32.611+0000] {processor.py:175} INFO - Processing /media/prempeh/Nouveau nom/MASTER2/DATA ENGINEERING/airflow/py_env/lib/python3.10/site-packages/airflow/example_dags/example_xcomargs.py took 1.062 seconds
[2023-01-14T21:23:46.608+0000] {processor.py:153} INFO - Started process (PID=10358) to work on /media/prempeh/Nouveau nom/MASTER2/DATA ENGINEERING/airflow/py_env/lib/python3.10/site-packages/airflow/example_dags/example_xcomargs.py
[2023-01-14T21:23:46.613+0000] {processor.py:743} INFO - Processing file /media/prempeh/Nouveau nom/MASTER2/DATA ENGINEERING/airflow/py_env/lib/python3.10/site-packages/airflow/example_dags/example_xcomargs.py for tasks to queue
[2023-01-14T21:23:46.617+0000] {logging_mixin.py:137} INFO - [2023-01-14T21:23:46.616+0000] {dagbag.py:538} INFO - Filling up the DagBag from /media/prempeh/Nouveau nom/MASTER2/DATA ENGINEERING/airflow/py_env/lib/python3.10/site-packages/airflow/example_dags/example_xcomargs.py
[2023-01-14T21:23:46.844+0000] {processor.py:753} INFO - DAG(s) dict_keys(['example_xcom_args_with_operators', 'example_xcom_args']) retrieved from /media/prempeh/Nouveau nom/MASTER2/DATA ENGINEERING/airflow/py_env/lib/python3.10/site-packages/airflow/example_dags/example_xcomargs.py
[2023-01-14T21:23:46.993+0000] {logging_mixin.py:137} INFO - [2023-01-14T21:23:46.993+0000] {dag.py:2676} INFO - Sync 2 DAGs
[2023-01-14T21:23:47.066+0000] {logging_mixin.py:137} INFO - [2023-01-14T21:23:47.066+0000] {dag.py:3423} INFO - Setting next_dagrun for example_xcom_args to None, run_after=None
[2023-01-14T21:23:47.077+0000] {logging_mixin.py:137} INFO - [2023-01-14T21:23:47.076+0000] {dag.py:3423} INFO - Setting next_dagrun for example_xcom_args_with_operators to None, run_after=None
[2023-01-14T21:23:47.144+0000] {processor.py:175} INFO - Processing /media/prempeh/Nouveau nom/MASTER2/DATA ENGINEERING/airflow/py_env/lib/python3.10/site-packages/airflow/example_dags/example_xcomargs.py took 0.545 seconds
[2023-01-14T21:24:47.298+0000] {processor.py:153} INFO - Started process (PID=10437) to work on /media/prempeh/Nouveau nom/MASTER2/DATA ENGINEERING/airflow/py_env/lib/python3.10/site-packages/airflow/example_dags/example_xcomargs.py
[2023-01-14T21:24:47.300+0000] {processor.py:743} INFO - Processing file /media/prempeh/Nouveau nom/MASTER2/DATA ENGINEERING/airflow/py_env/lib/python3.10/site-packages/airflow/example_dags/example_xcomargs.py for tasks to queue
[2023-01-14T21:24:47.305+0000] {logging_mixin.py:137} INFO - [2023-01-14T21:24:47.304+0000] {dagbag.py:538} INFO - Filling up the DagBag from /media/prempeh/Nouveau nom/MASTER2/DATA ENGINEERING/airflow/py_env/lib/python3.10/site-packages/airflow/example_dags/example_xcomargs.py
[2023-01-14T21:24:47.499+0000] {processor.py:753} INFO - DAG(s) dict_keys(['example_xcom_args', 'example_xcom_args_with_operators']) retrieved from /media/prempeh/Nouveau nom/MASTER2/DATA ENGINEERING/airflow/py_env/lib/python3.10/site-packages/airflow/example_dags/example_xcomargs.py
[2023-01-14T21:24:47.675+0000] {logging_mixin.py:137} INFO - [2023-01-14T21:24:47.674+0000] {dag.py:2676} INFO - Sync 2 DAGs
[2023-01-14T21:24:47.743+0000] {logging_mixin.py:137} INFO - [2023-01-14T21:24:47.742+0000] {dag.py:3423} INFO - Setting next_dagrun for example_xcom_args to None, run_after=None
[2023-01-14T21:24:47.752+0000] {logging_mixin.py:137} INFO - [2023-01-14T21:24:47.752+0000] {dag.py:3423} INFO - Setting next_dagrun for example_xcom_args_with_operators to None, run_after=None
[2023-01-14T21:24:47.823+0000] {processor.py:175} INFO - Processing /media/prempeh/Nouveau nom/MASTER2/DATA ENGINEERING/airflow/py_env/lib/python3.10/site-packages/airflow/example_dags/example_xcomargs.py took 0.534 seconds
[2023-01-14T21:26:03.467+0000] {processor.py:153} INFO - Started process (PID=10565) to work on /media/prempeh/Nouveau nom/MASTER2/DATA ENGINEERING/airflow/py_env/lib/python3.10/site-packages/airflow/example_dags/example_xcomargs.py
[2023-01-14T21:26:03.470+0000] {processor.py:743} INFO - Processing file /media/prempeh/Nouveau nom/MASTER2/DATA ENGINEERING/airflow/py_env/lib/python3.10/site-packages/airflow/example_dags/example_xcomargs.py for tasks to queue
[2023-01-14T21:26:03.475+0000] {logging_mixin.py:137} INFO - [2023-01-14T21:26:03.474+0000] {dagbag.py:538} INFO - Filling up the DagBag from /media/prempeh/Nouveau nom/MASTER2/DATA ENGINEERING/airflow/py_env/lib/python3.10/site-packages/airflow/example_dags/example_xcomargs.py
[2023-01-14T21:26:03.691+0000] {processor.py:753} INFO - DAG(s) dict_keys(['example_xcom_args_with_operators', 'example_xcom_args']) retrieved from /media/prempeh/Nouveau nom/MASTER2/DATA ENGINEERING/airflow/py_env/lib/python3.10/site-packages/airflow/example_dags/example_xcomargs.py
[2023-01-14T21:26:03.835+0000] {logging_mixin.py:137} INFO - [2023-01-14T21:26:03.835+0000] {dag.py:2676} INFO - Sync 2 DAGs
[2023-01-14T21:26:03.907+0000] {logging_mixin.py:137} INFO - [2023-01-14T21:26:03.907+0000] {dag.py:3423} INFO - Setting next_dagrun for example_xcom_args to None, run_after=None
[2023-01-14T21:26:03.918+0000] {logging_mixin.py:137} INFO - [2023-01-14T21:26:03.918+0000] {dag.py:3423} INFO - Setting next_dagrun for example_xcom_args_with_operators to None, run_after=None
[2023-01-14T21:26:03.984+0000] {processor.py:175} INFO - Processing /media/prempeh/Nouveau nom/MASTER2/DATA ENGINEERING/airflow/py_env/lib/python3.10/site-packages/airflow/example_dags/example_xcomargs.py took 0.526 seconds
[2023-01-14T21:27:14.356+0000] {processor.py:153} INFO - Started process (PID=10789) to work on /media/prempeh/Nouveau nom/MASTER2/DATA ENGINEERING/airflow/py_env/lib/python3.10/site-packages/airflow/example_dags/example_xcomargs.py
[2023-01-14T21:27:14.359+0000] {processor.py:743} INFO - Processing file /media/prempeh/Nouveau nom/MASTER2/DATA ENGINEERING/airflow/py_env/lib/python3.10/site-packages/airflow/example_dags/example_xcomargs.py for tasks to queue
[2023-01-14T21:27:14.364+0000] {logging_mixin.py:137} INFO - [2023-01-14T21:27:14.364+0000] {dagbag.py:538} INFO - Filling up the DagBag from /media/prempeh/Nouveau nom/MASTER2/DATA ENGINEERING/airflow/py_env/lib/python3.10/site-packages/airflow/example_dags/example_xcomargs.py
[2023-01-14T21:27:14.570+0000] {processor.py:753} INFO - DAG(s) dict_keys(['example_xcom_args', 'example_xcom_args_with_operators']) retrieved from /media/prempeh/Nouveau nom/MASTER2/DATA ENGINEERING/airflow/py_env/lib/python3.10/site-packages/airflow/example_dags/example_xcomargs.py
[2023-01-14T21:27:14.750+0000] {logging_mixin.py:137} INFO - [2023-01-14T21:27:14.749+0000] {dag.py:2676} INFO - Sync 2 DAGs
[2023-01-14T21:27:14.818+0000] {logging_mixin.py:137} INFO - [2023-01-14T21:27:14.818+0000] {dag.py:3423} INFO - Setting next_dagrun for example_xcom_args to None, run_after=None
[2023-01-14T21:27:14.829+0000] {logging_mixin.py:137} INFO - [2023-01-14T21:27:14.828+0000] {dag.py:3423} INFO - Setting next_dagrun for example_xcom_args_with_operators to None, run_after=None
[2023-01-14T21:27:14.903+0000] {processor.py:175} INFO - Processing /media/prempeh/Nouveau nom/MASTER2/DATA ENGINEERING/airflow/py_env/lib/python3.10/site-packages/airflow/example_dags/example_xcomargs.py took 0.556 seconds
