[2023-01-14T20:53:26.295+0000] {processor.py:153} INFO - Started process (PID=6586) to work on /media/prempeh/Nouveau nom/MASTER2/DATA ENGINEERING/airflow/py_env/lib/python3.10/site-packages/airflow/example_dags/example_external_task_marker_dag.py
[2023-01-14T20:53:26.299+0000] {processor.py:743} INFO - Processing file /media/prempeh/Nouveau nom/MASTER2/DATA ENGINEERING/airflow/py_env/lib/python3.10/site-packages/airflow/example_dags/example_external_task_marker_dag.py for tasks to queue
[2023-01-14T20:53:26.307+0000] {logging_mixin.py:137} INFO - [2023-01-14T20:53:26.306+0000] {dagbag.py:538} INFO - Filling up the DagBag from /media/prempeh/Nouveau nom/MASTER2/DATA ENGINEERING/airflow/py_env/lib/python3.10/site-packages/airflow/example_dags/example_external_task_marker_dag.py
[2023-01-14T20:53:26.474+0000] {processor.py:753} INFO - DAG(s) dict_keys(['example_external_task_marker_parent', 'example_external_task_marker_child']) retrieved from /media/prempeh/Nouveau nom/MASTER2/DATA ENGINEERING/airflow/py_env/lib/python3.10/site-packages/airflow/example_dags/example_external_task_marker_dag.py
[2023-01-14T20:53:27.132+0000] {logging_mixin.py:137} INFO - [2023-01-14T20:53:27.131+0000] {manager.py:504} INFO - Created Permission View: can edit on DAG:example_external_task_marker_parent
[2023-01-14T20:53:27.165+0000] {logging_mixin.py:137} INFO - [2023-01-14T20:53:27.164+0000] {manager.py:504} INFO - Created Permission View: can delete on DAG:example_external_task_marker_parent
[2023-01-14T20:53:27.190+0000] {logging_mixin.py:137} INFO - [2023-01-14T20:53:27.189+0000] {manager.py:504} INFO - Created Permission View: can read on DAG:example_external_task_marker_parent
[2023-01-14T20:53:27.246+0000] {logging_mixin.py:137} INFO - [2023-01-14T20:53:27.245+0000] {manager.py:504} INFO - Created Permission View: can edit on DAG:example_external_task_marker_child
[2023-01-14T20:53:27.286+0000] {logging_mixin.py:137} INFO - [2023-01-14T20:53:27.285+0000] {manager.py:504} INFO - Created Permission View: can delete on DAG:example_external_task_marker_child
[2023-01-14T20:53:27.329+0000] {logging_mixin.py:137} INFO - [2023-01-14T20:53:27.328+0000] {manager.py:504} INFO - Created Permission View: can read on DAG:example_external_task_marker_child
[2023-01-14T20:53:27.331+0000] {logging_mixin.py:137} INFO - [2023-01-14T20:53:27.330+0000] {dag.py:2676} INFO - Sync 2 DAGs
[2023-01-14T20:53:27.401+0000] {logging_mixin.py:137} INFO - [2023-01-14T20:53:27.401+0000] {dag.py:2697} INFO - Creating ORM DAG for example_external_task_marker_parent
[2023-01-14T20:53:27.404+0000] {logging_mixin.py:137} INFO - [2023-01-14T20:53:27.404+0000] {dag.py:2697} INFO - Creating ORM DAG for example_external_task_marker_child
[2023-01-14T20:53:27.451+0000] {logging_mixin.py:137} INFO - [2023-01-14T20:53:27.451+0000] {dag.py:3423} INFO - Setting next_dagrun for example_external_task_marker_child to None, run_after=None
[2023-01-14T20:53:27.454+0000] {logging_mixin.py:137} INFO - [2023-01-14T20:53:27.453+0000] {dag.py:3423} INFO - Setting next_dagrun for example_external_task_marker_parent to None, run_after=None
[2023-01-14T20:53:27.550+0000] {processor.py:175} INFO - Processing /media/prempeh/Nouveau nom/MASTER2/DATA ENGINEERING/airflow/py_env/lib/python3.10/site-packages/airflow/example_dags/example_external_task_marker_dag.py took 1.267 seconds
[2023-01-14T20:54:39.131+0000] {processor.py:153} INFO - Started process (PID=6735) to work on /media/prempeh/Nouveau nom/MASTER2/DATA ENGINEERING/airflow/py_env/lib/python3.10/site-packages/airflow/example_dags/example_external_task_marker_dag.py
[2023-01-14T20:54:39.135+0000] {processor.py:743} INFO - Processing file /media/prempeh/Nouveau nom/MASTER2/DATA ENGINEERING/airflow/py_env/lib/python3.10/site-packages/airflow/example_dags/example_external_task_marker_dag.py for tasks to queue
[2023-01-14T20:54:39.145+0000] {logging_mixin.py:137} INFO - [2023-01-14T20:54:39.144+0000] {dagbag.py:538} INFO - Filling up the DagBag from /media/prempeh/Nouveau nom/MASTER2/DATA ENGINEERING/airflow/py_env/lib/python3.10/site-packages/airflow/example_dags/example_external_task_marker_dag.py
[2023-01-14T20:54:39.289+0000] {processor.py:753} INFO - DAG(s) dict_keys(['example_external_task_marker_child', 'example_external_task_marker_parent']) retrieved from /media/prempeh/Nouveau nom/MASTER2/DATA ENGINEERING/airflow/py_env/lib/python3.10/site-packages/airflow/example_dags/example_external_task_marker_dag.py
[2023-01-14T20:54:39.457+0000] {logging_mixin.py:137} INFO - [2023-01-14T20:54:39.455+0000] {dag.py:2676} INFO - Sync 2 DAGs
[2023-01-14T20:54:39.584+0000] {logging_mixin.py:137} INFO - [2023-01-14T20:54:39.583+0000] {dag.py:3423} INFO - Setting next_dagrun for example_external_task_marker_child to None, run_after=None
[2023-01-14T20:54:39.602+0000] {logging_mixin.py:137} INFO - [2023-01-14T20:54:39.601+0000] {dag.py:3423} INFO - Setting next_dagrun for example_external_task_marker_parent to None, run_after=None
[2023-01-14T20:54:39.717+0000] {processor.py:175} INFO - Processing /media/prempeh/Nouveau nom/MASTER2/DATA ENGINEERING/airflow/py_env/lib/python3.10/site-packages/airflow/example_dags/example_external_task_marker_dag.py took 0.604 seconds
[2023-01-14T20:55:42.187+0000] {processor.py:153} INFO - Started process (PID=6776) to work on /media/prempeh/Nouveau nom/MASTER2/DATA ENGINEERING/airflow/py_env/lib/python3.10/site-packages/airflow/example_dags/example_external_task_marker_dag.py
[2023-01-14T20:55:42.190+0000] {processor.py:743} INFO - Processing file /media/prempeh/Nouveau nom/MASTER2/DATA ENGINEERING/airflow/py_env/lib/python3.10/site-packages/airflow/example_dags/example_external_task_marker_dag.py for tasks to queue
[2023-01-14T20:55:42.197+0000] {logging_mixin.py:137} INFO - [2023-01-14T20:55:42.196+0000] {dagbag.py:538} INFO - Filling up the DagBag from /media/prempeh/Nouveau nom/MASTER2/DATA ENGINEERING/airflow/py_env/lib/python3.10/site-packages/airflow/example_dags/example_external_task_marker_dag.py
[2023-01-14T20:55:42.324+0000] {processor.py:753} INFO - DAG(s) dict_keys(['example_external_task_marker_child', 'example_external_task_marker_parent']) retrieved from /media/prempeh/Nouveau nom/MASTER2/DATA ENGINEERING/airflow/py_env/lib/python3.10/site-packages/airflow/example_dags/example_external_task_marker_dag.py
[2023-01-14T20:55:42.448+0000] {logging_mixin.py:137} INFO - [2023-01-14T20:55:42.447+0000] {dag.py:2676} INFO - Sync 2 DAGs
[2023-01-14T20:55:42.515+0000] {logging_mixin.py:137} INFO - [2023-01-14T20:55:42.515+0000] {dag.py:3423} INFO - Setting next_dagrun for example_external_task_marker_child to None, run_after=None
[2023-01-14T20:55:42.525+0000] {logging_mixin.py:137} INFO - [2023-01-14T20:55:42.525+0000] {dag.py:3423} INFO - Setting next_dagrun for example_external_task_marker_parent to None, run_after=None
[2023-01-14T20:55:42.591+0000] {processor.py:175} INFO - Processing /media/prempeh/Nouveau nom/MASTER2/DATA ENGINEERING/airflow/py_env/lib/python3.10/site-packages/airflow/example_dags/example_external_task_marker_dag.py took 0.412 seconds
[2023-01-14T20:56:40.767+0000] {processor.py:153} INFO - Started process (PID=6930) to work on /media/prempeh/Nouveau nom/MASTER2/DATA ENGINEERING/airflow/py_env/lib/python3.10/site-packages/airflow/example_dags/example_external_task_marker_dag.py
[2023-01-14T20:56:40.770+0000] {processor.py:743} INFO - Processing file /media/prempeh/Nouveau nom/MASTER2/DATA ENGINEERING/airflow/py_env/lib/python3.10/site-packages/airflow/example_dags/example_external_task_marker_dag.py for tasks to queue
[2023-01-14T20:56:40.775+0000] {logging_mixin.py:137} INFO - [2023-01-14T20:56:40.775+0000] {dagbag.py:538} INFO - Filling up the DagBag from /media/prempeh/Nouveau nom/MASTER2/DATA ENGINEERING/airflow/py_env/lib/python3.10/site-packages/airflow/example_dags/example_external_task_marker_dag.py
[2023-01-14T20:56:40.917+0000] {processor.py:753} INFO - DAG(s) dict_keys(['example_external_task_marker_child', 'example_external_task_marker_parent']) retrieved from /media/prempeh/Nouveau nom/MASTER2/DATA ENGINEERING/airflow/py_env/lib/python3.10/site-packages/airflow/example_dags/example_external_task_marker_dag.py
[2023-01-14T20:56:41.070+0000] {logging_mixin.py:137} INFO - [2023-01-14T20:56:41.069+0000] {dag.py:2676} INFO - Sync 2 DAGs
[2023-01-14T20:56:41.151+0000] {logging_mixin.py:137} INFO - [2023-01-14T20:56:41.150+0000] {dag.py:3423} INFO - Setting next_dagrun for example_external_task_marker_child to None, run_after=None
[2023-01-14T20:56:41.163+0000] {logging_mixin.py:137} INFO - [2023-01-14T20:56:41.162+0000] {dag.py:3423} INFO - Setting next_dagrun for example_external_task_marker_parent to None, run_after=None
[2023-01-14T20:56:41.237+0000] {processor.py:175} INFO - Processing /media/prempeh/Nouveau nom/MASTER2/DATA ENGINEERING/airflow/py_env/lib/python3.10/site-packages/airflow/example_dags/example_external_task_marker_dag.py took 0.480 seconds
[2023-01-14T20:57:43.591+0000] {processor.py:153} INFO - Started process (PID=7097) to work on /media/prempeh/Nouveau nom/MASTER2/DATA ENGINEERING/airflow/py_env/lib/python3.10/site-packages/airflow/example_dags/example_external_task_marker_dag.py
[2023-01-14T20:57:43.593+0000] {processor.py:743} INFO - Processing file /media/prempeh/Nouveau nom/MASTER2/DATA ENGINEERING/airflow/py_env/lib/python3.10/site-packages/airflow/example_dags/example_external_task_marker_dag.py for tasks to queue
[2023-01-14T20:57:43.598+0000] {logging_mixin.py:137} INFO - [2023-01-14T20:57:43.597+0000] {dagbag.py:538} INFO - Filling up the DagBag from /media/prempeh/Nouveau nom/MASTER2/DATA ENGINEERING/airflow/py_env/lib/python3.10/site-packages/airflow/example_dags/example_external_task_marker_dag.py
[2023-01-14T20:57:43.769+0000] {processor.py:753} INFO - DAG(s) dict_keys(['example_external_task_marker_parent', 'example_external_task_marker_child']) retrieved from /media/prempeh/Nouveau nom/MASTER2/DATA ENGINEERING/airflow/py_env/lib/python3.10/site-packages/airflow/example_dags/example_external_task_marker_dag.py
[2023-01-14T20:57:43.957+0000] {logging_mixin.py:137} INFO - [2023-01-14T20:57:43.956+0000] {dag.py:2676} INFO - Sync 2 DAGs
[2023-01-14T20:57:44.023+0000] {logging_mixin.py:137} INFO - [2023-01-14T20:57:44.022+0000] {dag.py:3423} INFO - Setting next_dagrun for example_external_task_marker_child to None, run_after=None
[2023-01-14T20:57:44.034+0000] {logging_mixin.py:137} INFO - [2023-01-14T20:57:44.034+0000] {dag.py:3423} INFO - Setting next_dagrun for example_external_task_marker_parent to None, run_after=None
[2023-01-14T20:57:44.103+0000] {processor.py:175} INFO - Processing /media/prempeh/Nouveau nom/MASTER2/DATA ENGINEERING/airflow/py_env/lib/python3.10/site-packages/airflow/example_dags/example_external_task_marker_dag.py took 0.521 seconds
[2023-01-14T20:58:40.141+0000] {processor.py:153} INFO - Started process (PID=7139) to work on /media/prempeh/Nouveau nom/MASTER2/DATA ENGINEERING/airflow/py_env/lib/python3.10/site-packages/airflow/example_dags/example_external_task_marker_dag.py
[2023-01-14T20:58:40.144+0000] {processor.py:743} INFO - Processing file /media/prempeh/Nouveau nom/MASTER2/DATA ENGINEERING/airflow/py_env/lib/python3.10/site-packages/airflow/example_dags/example_external_task_marker_dag.py for tasks to queue
[2023-01-14T20:58:40.149+0000] {logging_mixin.py:137} INFO - [2023-01-14T20:58:40.149+0000] {dagbag.py:538} INFO - Filling up the DagBag from /media/prempeh/Nouveau nom/MASTER2/DATA ENGINEERING/airflow/py_env/lib/python3.10/site-packages/airflow/example_dags/example_external_task_marker_dag.py
[2023-01-14T20:58:40.255+0000] {processor.py:753} INFO - DAG(s) dict_keys(['example_external_task_marker_child', 'example_external_task_marker_parent']) retrieved from /media/prempeh/Nouveau nom/MASTER2/DATA ENGINEERING/airflow/py_env/lib/python3.10/site-packages/airflow/example_dags/example_external_task_marker_dag.py
[2023-01-14T20:58:40.384+0000] {logging_mixin.py:137} INFO - [2023-01-14T20:58:40.383+0000] {dag.py:2676} INFO - Sync 2 DAGs
[2023-01-14T20:58:40.445+0000] {logging_mixin.py:137} INFO - [2023-01-14T20:58:40.445+0000] {dag.py:3423} INFO - Setting next_dagrun for example_external_task_marker_child to None, run_after=None
[2023-01-14T20:58:40.454+0000] {logging_mixin.py:137} INFO - [2023-01-14T20:58:40.454+0000] {dag.py:3423} INFO - Setting next_dagrun for example_external_task_marker_parent to None, run_after=None
[2023-01-14T20:58:40.517+0000] {processor.py:175} INFO - Processing /media/prempeh/Nouveau nom/MASTER2/DATA ENGINEERING/airflow/py_env/lib/python3.10/site-packages/airflow/example_dags/example_external_task_marker_dag.py took 0.387 seconds
[2023-01-14T20:59:31.126+0000] {processor.py:153} INFO - Started process (PID=7183) to work on /media/prempeh/Nouveau nom/MASTER2/DATA ENGINEERING/airflow/py_env/lib/python3.10/site-packages/airflow/example_dags/example_external_task_marker_dag.py
[2023-01-14T20:59:31.129+0000] {processor.py:743} INFO - Processing file /media/prempeh/Nouveau nom/MASTER2/DATA ENGINEERING/airflow/py_env/lib/python3.10/site-packages/airflow/example_dags/example_external_task_marker_dag.py for tasks to queue
[2023-01-14T20:59:31.136+0000] {logging_mixin.py:137} INFO - [2023-01-14T20:59:31.135+0000] {dagbag.py:538} INFO - Filling up the DagBag from /media/prempeh/Nouveau nom/MASTER2/DATA ENGINEERING/airflow/py_env/lib/python3.10/site-packages/airflow/example_dags/example_external_task_marker_dag.py
[2023-01-14T20:59:31.379+0000] {processor.py:753} INFO - DAG(s) dict_keys(['example_external_task_marker_child', 'example_external_task_marker_parent']) retrieved from /media/prempeh/Nouveau nom/MASTER2/DATA ENGINEERING/airflow/py_env/lib/python3.10/site-packages/airflow/example_dags/example_external_task_marker_dag.py
[2023-01-14T20:59:31.581+0000] {logging_mixin.py:137} INFO - [2023-01-14T20:59:31.581+0000] {dag.py:2676} INFO - Sync 2 DAGs
[2023-01-14T20:59:31.648+0000] {logging_mixin.py:137} INFO - [2023-01-14T20:59:31.647+0000] {dag.py:3423} INFO - Setting next_dagrun for example_external_task_marker_child to None, run_after=None
[2023-01-14T20:59:31.659+0000] {logging_mixin.py:137} INFO - [2023-01-14T20:59:31.659+0000] {dag.py:3423} INFO - Setting next_dagrun for example_external_task_marker_parent to None, run_after=None
[2023-01-14T20:59:31.733+0000] {processor.py:175} INFO - Processing /media/prempeh/Nouveau nom/MASTER2/DATA ENGINEERING/airflow/py_env/lib/python3.10/site-packages/airflow/example_dags/example_external_task_marker_dag.py took 0.620 seconds
[2023-01-14T21:00:29.958+0000] {processor.py:153} INFO - Started process (PID=7264) to work on /media/prempeh/Nouveau nom/MASTER2/DATA ENGINEERING/airflow/py_env/lib/python3.10/site-packages/airflow/example_dags/example_external_task_marker_dag.py
[2023-01-14T21:00:29.961+0000] {processor.py:743} INFO - Processing file /media/prempeh/Nouveau nom/MASTER2/DATA ENGINEERING/airflow/py_env/lib/python3.10/site-packages/airflow/example_dags/example_external_task_marker_dag.py for tasks to queue
[2023-01-14T21:00:29.968+0000] {logging_mixin.py:137} INFO - [2023-01-14T21:00:29.967+0000] {dagbag.py:538} INFO - Filling up the DagBag from /media/prempeh/Nouveau nom/MASTER2/DATA ENGINEERING/airflow/py_env/lib/python3.10/site-packages/airflow/example_dags/example_external_task_marker_dag.py
[2023-01-14T21:00:30.095+0000] {processor.py:753} INFO - DAG(s) dict_keys(['example_external_task_marker_parent', 'example_external_task_marker_child']) retrieved from /media/prempeh/Nouveau nom/MASTER2/DATA ENGINEERING/airflow/py_env/lib/python3.10/site-packages/airflow/example_dags/example_external_task_marker_dag.py
[2023-01-14T21:00:30.230+0000] {logging_mixin.py:137} INFO - [2023-01-14T21:00:30.229+0000] {dag.py:2676} INFO - Sync 2 DAGs
[2023-01-14T21:00:30.293+0000] {logging_mixin.py:137} INFO - [2023-01-14T21:00:30.292+0000] {dag.py:3423} INFO - Setting next_dagrun for example_external_task_marker_child to None, run_after=None
[2023-01-14T21:00:30.302+0000] {logging_mixin.py:137} INFO - [2023-01-14T21:00:30.302+0000] {dag.py:3423} INFO - Setting next_dagrun for example_external_task_marker_parent to None, run_after=None
[2023-01-14T21:00:30.369+0000] {processor.py:175} INFO - Processing /media/prempeh/Nouveau nom/MASTER2/DATA ENGINEERING/airflow/py_env/lib/python3.10/site-packages/airflow/example_dags/example_external_task_marker_dag.py took 0.419 seconds
[2023-01-14T21:01:26.863+0000] {processor.py:153} INFO - Started process (PID=7311) to work on /media/prempeh/Nouveau nom/MASTER2/DATA ENGINEERING/airflow/py_env/lib/python3.10/site-packages/airflow/example_dags/example_external_task_marker_dag.py
[2023-01-14T21:01:26.867+0000] {processor.py:743} INFO - Processing file /media/prempeh/Nouveau nom/MASTER2/DATA ENGINEERING/airflow/py_env/lib/python3.10/site-packages/airflow/example_dags/example_external_task_marker_dag.py for tasks to queue
[2023-01-14T21:01:26.879+0000] {logging_mixin.py:137} INFO - [2023-01-14T21:01:26.877+0000] {dagbag.py:538} INFO - Filling up the DagBag from /media/prempeh/Nouveau nom/MASTER2/DATA ENGINEERING/airflow/py_env/lib/python3.10/site-packages/airflow/example_dags/example_external_task_marker_dag.py
[2023-01-14T21:01:27.022+0000] {processor.py:753} INFO - DAG(s) dict_keys(['example_external_task_marker_parent', 'example_external_task_marker_child']) retrieved from /media/prempeh/Nouveau nom/MASTER2/DATA ENGINEERING/airflow/py_env/lib/python3.10/site-packages/airflow/example_dags/example_external_task_marker_dag.py
[2023-01-14T21:01:27.148+0000] {logging_mixin.py:137} INFO - [2023-01-14T21:01:27.147+0000] {dag.py:2676} INFO - Sync 2 DAGs
[2023-01-14T21:01:27.212+0000] {logging_mixin.py:137} INFO - [2023-01-14T21:01:27.212+0000] {dag.py:3423} INFO - Setting next_dagrun for example_external_task_marker_child to None, run_after=None
[2023-01-14T21:01:27.222+0000] {logging_mixin.py:137} INFO - [2023-01-14T21:01:27.222+0000] {dag.py:3423} INFO - Setting next_dagrun for example_external_task_marker_parent to None, run_after=None
[2023-01-14T21:01:27.295+0000] {processor.py:175} INFO - Processing /media/prempeh/Nouveau nom/MASTER2/DATA ENGINEERING/airflow/py_env/lib/python3.10/site-packages/airflow/example_dags/example_external_task_marker_dag.py took 0.445 seconds
[2023-01-14T21:02:21.224+0000] {processor.py:153} INFO - Started process (PID=7375) to work on /media/prempeh/Nouveau nom/MASTER2/DATA ENGINEERING/airflow/py_env/lib/python3.10/site-packages/airflow/example_dags/example_external_task_marker_dag.py
[2023-01-14T21:02:21.227+0000] {processor.py:743} INFO - Processing file /media/prempeh/Nouveau nom/MASTER2/DATA ENGINEERING/airflow/py_env/lib/python3.10/site-packages/airflow/example_dags/example_external_task_marker_dag.py for tasks to queue
[2023-01-14T21:02:21.231+0000] {logging_mixin.py:137} INFO - [2023-01-14T21:02:21.231+0000] {dagbag.py:538} INFO - Filling up the DagBag from /media/prempeh/Nouveau nom/MASTER2/DATA ENGINEERING/airflow/py_env/lib/python3.10/site-packages/airflow/example_dags/example_external_task_marker_dag.py
[2023-01-14T21:02:21.348+0000] {processor.py:753} INFO - DAG(s) dict_keys(['example_external_task_marker_child', 'example_external_task_marker_parent']) retrieved from /media/prempeh/Nouveau nom/MASTER2/DATA ENGINEERING/airflow/py_env/lib/python3.10/site-packages/airflow/example_dags/example_external_task_marker_dag.py
[2023-01-14T21:02:21.468+0000] {logging_mixin.py:137} INFO - [2023-01-14T21:02:21.467+0000] {dag.py:2676} INFO - Sync 2 DAGs
[2023-01-14T21:02:21.529+0000] {logging_mixin.py:137} INFO - [2023-01-14T21:02:21.528+0000] {dag.py:3423} INFO - Setting next_dagrun for example_external_task_marker_child to None, run_after=None
[2023-01-14T21:02:21.544+0000] {logging_mixin.py:137} INFO - [2023-01-14T21:02:21.544+0000] {dag.py:3423} INFO - Setting next_dagrun for example_external_task_marker_parent to None, run_after=None
[2023-01-14T21:02:21.612+0000] {processor.py:175} INFO - Processing /media/prempeh/Nouveau nom/MASTER2/DATA ENGINEERING/airflow/py_env/lib/python3.10/site-packages/airflow/example_dags/example_external_task_marker_dag.py took 0.398 seconds
[2023-01-14T21:03:35.557+0000] {processor.py:153} INFO - Started process (PID=7445) to work on /media/prempeh/Nouveau nom/MASTER2/DATA ENGINEERING/airflow/py_env/lib/python3.10/site-packages/airflow/example_dags/example_external_task_marker_dag.py
[2023-01-14T21:03:35.566+0000] {processor.py:743} INFO - Processing file /media/prempeh/Nouveau nom/MASTER2/DATA ENGINEERING/airflow/py_env/lib/python3.10/site-packages/airflow/example_dags/example_external_task_marker_dag.py for tasks to queue
[2023-01-14T21:03:35.571+0000] {logging_mixin.py:137} INFO - [2023-01-14T21:03:35.571+0000] {dagbag.py:538} INFO - Filling up the DagBag from /media/prempeh/Nouveau nom/MASTER2/DATA ENGINEERING/airflow/py_env/lib/python3.10/site-packages/airflow/example_dags/example_external_task_marker_dag.py
[2023-01-14T21:03:35.760+0000] {processor.py:753} INFO - DAG(s) dict_keys(['example_external_task_marker_child', 'example_external_task_marker_parent']) retrieved from /media/prempeh/Nouveau nom/MASTER2/DATA ENGINEERING/airflow/py_env/lib/python3.10/site-packages/airflow/example_dags/example_external_task_marker_dag.py
[2023-01-14T21:03:35.981+0000] {logging_mixin.py:137} INFO - [2023-01-14T21:03:35.980+0000] {dag.py:2676} INFO - Sync 2 DAGs
[2023-01-14T21:03:36.103+0000] {logging_mixin.py:137} INFO - [2023-01-14T21:03:36.102+0000] {dag.py:3423} INFO - Setting next_dagrun for example_external_task_marker_child to None, run_after=None
[2023-01-14T21:03:36.119+0000] {logging_mixin.py:137} INFO - [2023-01-14T21:03:36.118+0000] {dag.py:3423} INFO - Setting next_dagrun for example_external_task_marker_parent to None, run_after=None
[2023-01-14T21:03:36.212+0000] {processor.py:175} INFO - Processing /media/prempeh/Nouveau nom/MASTER2/DATA ENGINEERING/airflow/py_env/lib/python3.10/site-packages/airflow/example_dags/example_external_task_marker_dag.py took 0.670 seconds
[2023-01-14T21:04:40.629+0000] {processor.py:153} INFO - Started process (PID=7510) to work on /media/prempeh/Nouveau nom/MASTER2/DATA ENGINEERING/airflow/py_env/lib/python3.10/site-packages/airflow/example_dags/example_external_task_marker_dag.py
[2023-01-14T21:04:40.631+0000] {processor.py:743} INFO - Processing file /media/prempeh/Nouveau nom/MASTER2/DATA ENGINEERING/airflow/py_env/lib/python3.10/site-packages/airflow/example_dags/example_external_task_marker_dag.py for tasks to queue
[2023-01-14T21:04:40.637+0000] {logging_mixin.py:137} INFO - [2023-01-14T21:04:40.637+0000] {dagbag.py:538} INFO - Filling up the DagBag from /media/prempeh/Nouveau nom/MASTER2/DATA ENGINEERING/airflow/py_env/lib/python3.10/site-packages/airflow/example_dags/example_external_task_marker_dag.py
[2023-01-14T21:04:40.778+0000] {processor.py:753} INFO - DAG(s) dict_keys(['example_external_task_marker_parent', 'example_external_task_marker_child']) retrieved from /media/prempeh/Nouveau nom/MASTER2/DATA ENGINEERING/airflow/py_env/lib/python3.10/site-packages/airflow/example_dags/example_external_task_marker_dag.py
[2023-01-14T21:04:40.933+0000] {logging_mixin.py:137} INFO - [2023-01-14T21:04:40.933+0000] {dag.py:2676} INFO - Sync 2 DAGs
[2023-01-14T21:04:41.051+0000] {logging_mixin.py:137} INFO - [2023-01-14T21:04:41.050+0000] {dag.py:3423} INFO - Setting next_dagrun for example_external_task_marker_child to None, run_after=None
[2023-01-14T21:04:41.069+0000] {logging_mixin.py:137} INFO - [2023-01-14T21:04:41.069+0000] {dag.py:3423} INFO - Setting next_dagrun for example_external_task_marker_parent to None, run_after=None
[2023-01-14T21:04:41.186+0000] {processor.py:175} INFO - Processing /media/prempeh/Nouveau nom/MASTER2/DATA ENGINEERING/airflow/py_env/lib/python3.10/site-packages/airflow/example_dags/example_external_task_marker_dag.py took 0.566 seconds
[2023-01-14T21:05:38.702+0000] {processor.py:153} INFO - Started process (PID=7562) to work on /media/prempeh/Nouveau nom/MASTER2/DATA ENGINEERING/airflow/py_env/lib/python3.10/site-packages/airflow/example_dags/example_external_task_marker_dag.py
[2023-01-14T21:05:38.704+0000] {processor.py:743} INFO - Processing file /media/prempeh/Nouveau nom/MASTER2/DATA ENGINEERING/airflow/py_env/lib/python3.10/site-packages/airflow/example_dags/example_external_task_marker_dag.py for tasks to queue
[2023-01-14T21:05:38.709+0000] {logging_mixin.py:137} INFO - [2023-01-14T21:05:38.709+0000] {dagbag.py:538} INFO - Filling up the DagBag from /media/prempeh/Nouveau nom/MASTER2/DATA ENGINEERING/airflow/py_env/lib/python3.10/site-packages/airflow/example_dags/example_external_task_marker_dag.py
[2023-01-14T21:05:38.895+0000] {processor.py:753} INFO - DAG(s) dict_keys(['example_external_task_marker_parent', 'example_external_task_marker_child']) retrieved from /media/prempeh/Nouveau nom/MASTER2/DATA ENGINEERING/airflow/py_env/lib/python3.10/site-packages/airflow/example_dags/example_external_task_marker_dag.py
[2023-01-14T21:05:39.096+0000] {logging_mixin.py:137} INFO - [2023-01-14T21:05:39.095+0000] {dag.py:2676} INFO - Sync 2 DAGs
[2023-01-14T21:05:39.180+0000] {logging_mixin.py:137} INFO - [2023-01-14T21:05:39.179+0000] {dag.py:3423} INFO - Setting next_dagrun for example_external_task_marker_child to None, run_after=None
[2023-01-14T21:05:39.191+0000] {logging_mixin.py:137} INFO - [2023-01-14T21:05:39.190+0000] {dag.py:3423} INFO - Setting next_dagrun for example_external_task_marker_parent to None, run_after=None
[2023-01-14T21:05:39.266+0000] {processor.py:175} INFO - Processing /media/prempeh/Nouveau nom/MASTER2/DATA ENGINEERING/airflow/py_env/lib/python3.10/site-packages/airflow/example_dags/example_external_task_marker_dag.py took 0.572 seconds
[2023-01-14T21:06:44.928+0000] {processor.py:153} INFO - Started process (PID=7779) to work on /media/prempeh/Nouveau nom/MASTER2/DATA ENGINEERING/airflow/py_env/lib/python3.10/site-packages/airflow/example_dags/example_external_task_marker_dag.py
[2023-01-14T21:06:44.932+0000] {processor.py:743} INFO - Processing file /media/prempeh/Nouveau nom/MASTER2/DATA ENGINEERING/airflow/py_env/lib/python3.10/site-packages/airflow/example_dags/example_external_task_marker_dag.py for tasks to queue
[2023-01-14T21:06:44.937+0000] {logging_mixin.py:137} INFO - [2023-01-14T21:06:44.936+0000] {dagbag.py:538} INFO - Filling up the DagBag from /media/prempeh/Nouveau nom/MASTER2/DATA ENGINEERING/airflow/py_env/lib/python3.10/site-packages/airflow/example_dags/example_external_task_marker_dag.py
[2023-01-14T21:06:45.083+0000] {processor.py:753} INFO - DAG(s) dict_keys(['example_external_task_marker_child', 'example_external_task_marker_parent']) retrieved from /media/prempeh/Nouveau nom/MASTER2/DATA ENGINEERING/airflow/py_env/lib/python3.10/site-packages/airflow/example_dags/example_external_task_marker_dag.py
[2023-01-14T21:06:45.209+0000] {logging_mixin.py:137} INFO - [2023-01-14T21:06:45.208+0000] {dag.py:2676} INFO - Sync 2 DAGs
[2023-01-14T21:06:45.302+0000] {logging_mixin.py:137} INFO - [2023-01-14T21:06:45.301+0000] {dag.py:3423} INFO - Setting next_dagrun for example_external_task_marker_child to None, run_after=None
[2023-01-14T21:06:45.320+0000] {logging_mixin.py:137} INFO - [2023-01-14T21:06:45.319+0000] {dag.py:3423} INFO - Setting next_dagrun for example_external_task_marker_parent to None, run_after=None
[2023-01-14T21:06:45.409+0000] {processor.py:175} INFO - Processing /media/prempeh/Nouveau nom/MASTER2/DATA ENGINEERING/airflow/py_env/lib/python3.10/site-packages/airflow/example_dags/example_external_task_marker_dag.py took 0.490 seconds
[2023-01-14T21:08:25.526+0000] {processor.py:153} INFO - Started process (PID=8065) to work on /media/prempeh/Nouveau nom/MASTER2/DATA ENGINEERING/airflow/py_env/lib/python3.10/site-packages/airflow/example_dags/example_external_task_marker_dag.py
[2023-01-14T21:08:25.529+0000] {processor.py:743} INFO - Processing file /media/prempeh/Nouveau nom/MASTER2/DATA ENGINEERING/airflow/py_env/lib/python3.10/site-packages/airflow/example_dags/example_external_task_marker_dag.py for tasks to queue
[2023-01-14T21:08:25.534+0000] {logging_mixin.py:137} INFO - [2023-01-14T21:08:25.533+0000] {dagbag.py:538} INFO - Filling up the DagBag from /media/prempeh/Nouveau nom/MASTER2/DATA ENGINEERING/airflow/py_env/lib/python3.10/site-packages/airflow/example_dags/example_external_task_marker_dag.py
[2023-01-14T21:08:25.657+0000] {processor.py:753} INFO - DAG(s) dict_keys(['example_external_task_marker_parent', 'example_external_task_marker_child']) retrieved from /media/prempeh/Nouveau nom/MASTER2/DATA ENGINEERING/airflow/py_env/lib/python3.10/site-packages/airflow/example_dags/example_external_task_marker_dag.py
[2023-01-14T21:08:25.786+0000] {logging_mixin.py:137} INFO - [2023-01-14T21:08:25.785+0000] {dag.py:2676} INFO - Sync 2 DAGs
[2023-01-14T21:08:25.848+0000] {logging_mixin.py:137} INFO - [2023-01-14T21:08:25.848+0000] {dag.py:3423} INFO - Setting next_dagrun for example_external_task_marker_child to None, run_after=None
[2023-01-14T21:08:25.857+0000] {logging_mixin.py:137} INFO - [2023-01-14T21:08:25.857+0000] {dag.py:3423} INFO - Setting next_dagrun for example_external_task_marker_parent to None, run_after=None
[2023-01-14T21:08:25.917+0000] {processor.py:175} INFO - Processing /media/prempeh/Nouveau nom/MASTER2/DATA ENGINEERING/airflow/py_env/lib/python3.10/site-packages/airflow/example_dags/example_external_task_marker_dag.py took 0.402 seconds
[2023-01-14T21:09:26.382+0000] {processor.py:153} INFO - Started process (PID=8112) to work on /media/prempeh/Nouveau nom/MASTER2/DATA ENGINEERING/airflow/py_env/lib/python3.10/site-packages/airflow/example_dags/example_external_task_marker_dag.py
[2023-01-14T21:09:26.385+0000] {processor.py:743} INFO - Processing file /media/prempeh/Nouveau nom/MASTER2/DATA ENGINEERING/airflow/py_env/lib/python3.10/site-packages/airflow/example_dags/example_external_task_marker_dag.py for tasks to queue
[2023-01-14T21:09:26.389+0000] {logging_mixin.py:137} INFO - [2023-01-14T21:09:26.389+0000] {dagbag.py:538} INFO - Filling up the DagBag from /media/prempeh/Nouveau nom/MASTER2/DATA ENGINEERING/airflow/py_env/lib/python3.10/site-packages/airflow/example_dags/example_external_task_marker_dag.py
[2023-01-14T21:09:26.519+0000] {processor.py:753} INFO - DAG(s) dict_keys(['example_external_task_marker_child', 'example_external_task_marker_parent']) retrieved from /media/prempeh/Nouveau nom/MASTER2/DATA ENGINEERING/airflow/py_env/lib/python3.10/site-packages/airflow/example_dags/example_external_task_marker_dag.py
[2023-01-14T21:09:26.653+0000] {logging_mixin.py:137} INFO - [2023-01-14T21:09:26.652+0000] {dag.py:2676} INFO - Sync 2 DAGs
[2023-01-14T21:09:26.717+0000] {logging_mixin.py:137} INFO - [2023-01-14T21:09:26.716+0000] {dag.py:3423} INFO - Setting next_dagrun for example_external_task_marker_child to None, run_after=None
[2023-01-14T21:09:26.726+0000] {logging_mixin.py:137} INFO - [2023-01-14T21:09:26.726+0000] {dag.py:3423} INFO - Setting next_dagrun for example_external_task_marker_parent to None, run_after=None
[2023-01-14T21:09:26.799+0000] {processor.py:175} INFO - Processing /media/prempeh/Nouveau nom/MASTER2/DATA ENGINEERING/airflow/py_env/lib/python3.10/site-packages/airflow/example_dags/example_external_task_marker_dag.py took 0.426 seconds
[2023-01-14T21:10:26.808+0000] {processor.py:153} INFO - Started process (PID=8158) to work on /media/prempeh/Nouveau nom/MASTER2/DATA ENGINEERING/airflow/py_env/lib/python3.10/site-packages/airflow/example_dags/example_external_task_marker_dag.py
[2023-01-14T21:10:26.811+0000] {processor.py:743} INFO - Processing file /media/prempeh/Nouveau nom/MASTER2/DATA ENGINEERING/airflow/py_env/lib/python3.10/site-packages/airflow/example_dags/example_external_task_marker_dag.py for tasks to queue
[2023-01-14T21:10:26.816+0000] {logging_mixin.py:137} INFO - [2023-01-14T21:10:26.815+0000] {dagbag.py:538} INFO - Filling up the DagBag from /media/prempeh/Nouveau nom/MASTER2/DATA ENGINEERING/airflow/py_env/lib/python3.10/site-packages/airflow/example_dags/example_external_task_marker_dag.py
[2023-01-14T21:10:26.927+0000] {processor.py:753} INFO - DAG(s) dict_keys(['example_external_task_marker_child', 'example_external_task_marker_parent']) retrieved from /media/prempeh/Nouveau nom/MASTER2/DATA ENGINEERING/airflow/py_env/lib/python3.10/site-packages/airflow/example_dags/example_external_task_marker_dag.py
[2023-01-14T21:10:27.090+0000] {logging_mixin.py:137} INFO - [2023-01-14T21:10:27.090+0000] {dag.py:2676} INFO - Sync 2 DAGs
[2023-01-14T21:10:27.183+0000] {logging_mixin.py:137} INFO - [2023-01-14T21:10:27.182+0000] {dag.py:3423} INFO - Setting next_dagrun for example_external_task_marker_child to None, run_after=None
[2023-01-14T21:10:27.199+0000] {logging_mixin.py:137} INFO - [2023-01-14T21:10:27.198+0000] {dag.py:3423} INFO - Setting next_dagrun for example_external_task_marker_parent to None, run_after=None
[2023-01-14T21:10:27.285+0000] {processor.py:175} INFO - Processing /media/prempeh/Nouveau nom/MASTER2/DATA ENGINEERING/airflow/py_env/lib/python3.10/site-packages/airflow/example_dags/example_external_task_marker_dag.py took 0.487 seconds
[2023-01-14T21:11:30.153+0000] {processor.py:153} INFO - Started process (PID=8208) to work on /media/prempeh/Nouveau nom/MASTER2/DATA ENGINEERING/airflow/py_env/lib/python3.10/site-packages/airflow/example_dags/example_external_task_marker_dag.py
[2023-01-14T21:11:30.156+0000] {processor.py:743} INFO - Processing file /media/prempeh/Nouveau nom/MASTER2/DATA ENGINEERING/airflow/py_env/lib/python3.10/site-packages/airflow/example_dags/example_external_task_marker_dag.py for tasks to queue
[2023-01-14T21:11:30.160+0000] {logging_mixin.py:137} INFO - [2023-01-14T21:11:30.160+0000] {dagbag.py:538} INFO - Filling up the DagBag from /media/prempeh/Nouveau nom/MASTER2/DATA ENGINEERING/airflow/py_env/lib/python3.10/site-packages/airflow/example_dags/example_external_task_marker_dag.py
[2023-01-14T21:11:30.277+0000] {processor.py:753} INFO - DAG(s) dict_keys(['example_external_task_marker_parent', 'example_external_task_marker_child']) retrieved from /media/prempeh/Nouveau nom/MASTER2/DATA ENGINEERING/airflow/py_env/lib/python3.10/site-packages/airflow/example_dags/example_external_task_marker_dag.py
[2023-01-14T21:11:30.421+0000] {logging_mixin.py:137} INFO - [2023-01-14T21:11:30.420+0000] {dag.py:2676} INFO - Sync 2 DAGs
[2023-01-14T21:11:30.484+0000] {logging_mixin.py:137} INFO - [2023-01-14T21:11:30.484+0000] {dag.py:3423} INFO - Setting next_dagrun for example_external_task_marker_child to None, run_after=None
[2023-01-14T21:11:30.493+0000] {logging_mixin.py:137} INFO - [2023-01-14T21:11:30.493+0000] {dag.py:3423} INFO - Setting next_dagrun for example_external_task_marker_parent to None, run_after=None
[2023-01-14T21:11:30.560+0000] {processor.py:175} INFO - Processing /media/prempeh/Nouveau nom/MASTER2/DATA ENGINEERING/airflow/py_env/lib/python3.10/site-packages/airflow/example_dags/example_external_task_marker_dag.py took 0.417 seconds
[2023-01-14T21:12:39.487+0000] {processor.py:153} INFO - Started process (PID=8252) to work on /media/prempeh/Nouveau nom/MASTER2/DATA ENGINEERING/airflow/py_env/lib/python3.10/site-packages/airflow/example_dags/example_external_task_marker_dag.py
[2023-01-14T21:12:39.490+0000] {processor.py:743} INFO - Processing file /media/prempeh/Nouveau nom/MASTER2/DATA ENGINEERING/airflow/py_env/lib/python3.10/site-packages/airflow/example_dags/example_external_task_marker_dag.py for tasks to queue
[2023-01-14T21:12:39.494+0000] {logging_mixin.py:137} INFO - [2023-01-14T21:12:39.494+0000] {dagbag.py:538} INFO - Filling up the DagBag from /media/prempeh/Nouveau nom/MASTER2/DATA ENGINEERING/airflow/py_env/lib/python3.10/site-packages/airflow/example_dags/example_external_task_marker_dag.py
[2023-01-14T21:12:39.606+0000] {processor.py:753} INFO - DAG(s) dict_keys(['example_external_task_marker_child', 'example_external_task_marker_parent']) retrieved from /media/prempeh/Nouveau nom/MASTER2/DATA ENGINEERING/airflow/py_env/lib/python3.10/site-packages/airflow/example_dags/example_external_task_marker_dag.py
[2023-01-14T21:12:39.741+0000] {logging_mixin.py:137} INFO - [2023-01-14T21:12:39.740+0000] {dag.py:2676} INFO - Sync 2 DAGs
[2023-01-14T21:12:39.809+0000] {logging_mixin.py:137} INFO - [2023-01-14T21:12:39.809+0000] {dag.py:3423} INFO - Setting next_dagrun for example_external_task_marker_child to None, run_after=None
[2023-01-14T21:12:39.819+0000] {logging_mixin.py:137} INFO - [2023-01-14T21:12:39.819+0000] {dag.py:3423} INFO - Setting next_dagrun for example_external_task_marker_parent to None, run_after=None
[2023-01-14T21:12:39.884+0000] {processor.py:175} INFO - Processing /media/prempeh/Nouveau nom/MASTER2/DATA ENGINEERING/airflow/py_env/lib/python3.10/site-packages/airflow/example_dags/example_external_task_marker_dag.py took 0.407 seconds
[2023-01-14T21:13:55.765+0000] {processor.py:153} INFO - Started process (PID=8305) to work on /media/prempeh/Nouveau nom/MASTER2/DATA ENGINEERING/airflow/py_env/lib/python3.10/site-packages/airflow/example_dags/example_external_task_marker_dag.py
[2023-01-14T21:13:55.768+0000] {processor.py:743} INFO - Processing file /media/prempeh/Nouveau nom/MASTER2/DATA ENGINEERING/airflow/py_env/lib/python3.10/site-packages/airflow/example_dags/example_external_task_marker_dag.py for tasks to queue
[2023-01-14T21:13:55.772+0000] {logging_mixin.py:137} INFO - [2023-01-14T21:13:55.771+0000] {dagbag.py:538} INFO - Filling up the DagBag from /media/prempeh/Nouveau nom/MASTER2/DATA ENGINEERING/airflow/py_env/lib/python3.10/site-packages/airflow/example_dags/example_external_task_marker_dag.py
[2023-01-14T21:13:55.884+0000] {processor.py:753} INFO - DAG(s) dict_keys(['example_external_task_marker_child', 'example_external_task_marker_parent']) retrieved from /media/prempeh/Nouveau nom/MASTER2/DATA ENGINEERING/airflow/py_env/lib/python3.10/site-packages/airflow/example_dags/example_external_task_marker_dag.py
[2023-01-14T21:13:56.015+0000] {logging_mixin.py:137} INFO - [2023-01-14T21:13:56.014+0000] {dag.py:2676} INFO - Sync 2 DAGs
[2023-01-14T21:13:56.074+0000] {logging_mixin.py:137} INFO - [2023-01-14T21:13:56.074+0000] {dag.py:3423} INFO - Setting next_dagrun for example_external_task_marker_child to None, run_after=None
[2023-01-14T21:13:56.084+0000] {logging_mixin.py:137} INFO - [2023-01-14T21:13:56.084+0000] {dag.py:3423} INFO - Setting next_dagrun for example_external_task_marker_parent to None, run_after=None
[2023-01-14T21:13:56.146+0000] {processor.py:175} INFO - Processing /media/prempeh/Nouveau nom/MASTER2/DATA ENGINEERING/airflow/py_env/lib/python3.10/site-packages/airflow/example_dags/example_external_task_marker_dag.py took 0.392 seconds
[2023-01-14T21:15:02.412+0000] {processor.py:153} INFO - Started process (PID=8428) to work on /media/prempeh/Nouveau nom/MASTER2/DATA ENGINEERING/airflow/py_env/lib/python3.10/site-packages/airflow/example_dags/example_external_task_marker_dag.py
[2023-01-14T21:15:02.416+0000] {processor.py:743} INFO - Processing file /media/prempeh/Nouveau nom/MASTER2/DATA ENGINEERING/airflow/py_env/lib/python3.10/site-packages/airflow/example_dags/example_external_task_marker_dag.py for tasks to queue
[2023-01-14T21:15:02.421+0000] {logging_mixin.py:137} INFO - [2023-01-14T21:15:02.421+0000] {dagbag.py:538} INFO - Filling up the DagBag from /media/prempeh/Nouveau nom/MASTER2/DATA ENGINEERING/airflow/py_env/lib/python3.10/site-packages/airflow/example_dags/example_external_task_marker_dag.py
[2023-01-14T21:15:02.666+0000] {processor.py:753} INFO - DAG(s) dict_keys(['example_external_task_marker_child', 'example_external_task_marker_parent']) retrieved from /media/prempeh/Nouveau nom/MASTER2/DATA ENGINEERING/airflow/py_env/lib/python3.10/site-packages/airflow/example_dags/example_external_task_marker_dag.py
[2023-01-14T21:15:02.869+0000] {logging_mixin.py:137} INFO - [2023-01-14T21:15:02.868+0000] {dag.py:2676} INFO - Sync 2 DAGs
[2023-01-14T21:15:02.948+0000] {logging_mixin.py:137} INFO - [2023-01-14T21:15:02.948+0000] {dag.py:3423} INFO - Setting next_dagrun for example_external_task_marker_child to None, run_after=None
[2023-01-14T21:15:02.961+0000] {logging_mixin.py:137} INFO - [2023-01-14T21:15:02.960+0000] {dag.py:3423} INFO - Setting next_dagrun for example_external_task_marker_parent to None, run_after=None
[2023-01-14T21:15:03.042+0000] {processor.py:175} INFO - Processing /media/prempeh/Nouveau nom/MASTER2/DATA ENGINEERING/airflow/py_env/lib/python3.10/site-packages/airflow/example_dags/example_external_task_marker_dag.py took 0.641 seconds
[2023-01-14T21:16:14.481+0000] {processor.py:153} INFO - Started process (PID=9029) to work on /media/prempeh/Nouveau nom/MASTER2/DATA ENGINEERING/airflow/py_env/lib/python3.10/site-packages/airflow/example_dags/example_external_task_marker_dag.py
[2023-01-14T21:16:14.483+0000] {processor.py:743} INFO - Processing file /media/prempeh/Nouveau nom/MASTER2/DATA ENGINEERING/airflow/py_env/lib/python3.10/site-packages/airflow/example_dags/example_external_task_marker_dag.py for tasks to queue
[2023-01-14T21:16:14.489+0000] {logging_mixin.py:137} INFO - [2023-01-14T21:16:14.488+0000] {dagbag.py:538} INFO - Filling up the DagBag from /media/prempeh/Nouveau nom/MASTER2/DATA ENGINEERING/airflow/py_env/lib/python3.10/site-packages/airflow/example_dags/example_external_task_marker_dag.py
[2023-01-14T21:16:14.656+0000] {processor.py:753} INFO - DAG(s) dict_keys(['example_external_task_marker_parent', 'example_external_task_marker_child']) retrieved from /media/prempeh/Nouveau nom/MASTER2/DATA ENGINEERING/airflow/py_env/lib/python3.10/site-packages/airflow/example_dags/example_external_task_marker_dag.py
[2023-01-14T21:16:14.856+0000] {logging_mixin.py:137} INFO - [2023-01-14T21:16:14.855+0000] {dag.py:2676} INFO - Sync 2 DAGs
[2023-01-14T21:16:14.925+0000] {logging_mixin.py:137} INFO - [2023-01-14T21:16:14.925+0000] {dag.py:3423} INFO - Setting next_dagrun for example_external_task_marker_child to None, run_after=None
[2023-01-14T21:16:14.936+0000] {logging_mixin.py:137} INFO - [2023-01-14T21:16:14.935+0000] {dag.py:3423} INFO - Setting next_dagrun for example_external_task_marker_parent to None, run_after=None
[2023-01-14T21:16:15.019+0000] {processor.py:175} INFO - Processing /media/prempeh/Nouveau nom/MASTER2/DATA ENGINEERING/airflow/py_env/lib/python3.10/site-packages/airflow/example_dags/example_external_task_marker_dag.py took 0.550 seconds
[2023-01-14T21:17:27.823+0000] {processor.py:153} INFO - Started process (PID=9156) to work on /media/prempeh/Nouveau nom/MASTER2/DATA ENGINEERING/airflow/py_env/lib/python3.10/site-packages/airflow/example_dags/example_external_task_marker_dag.py
[2023-01-14T21:17:27.827+0000] {processor.py:743} INFO - Processing file /media/prempeh/Nouveau nom/MASTER2/DATA ENGINEERING/airflow/py_env/lib/python3.10/site-packages/airflow/example_dags/example_external_task_marker_dag.py for tasks to queue
[2023-01-14T21:17:27.832+0000] {logging_mixin.py:137} INFO - [2023-01-14T21:17:27.831+0000] {dagbag.py:538} INFO - Filling up the DagBag from /media/prempeh/Nouveau nom/MASTER2/DATA ENGINEERING/airflow/py_env/lib/python3.10/site-packages/airflow/example_dags/example_external_task_marker_dag.py
[2023-01-14T21:17:27.976+0000] {processor.py:753} INFO - DAG(s) dict_keys(['example_external_task_marker_parent', 'example_external_task_marker_child']) retrieved from /media/prempeh/Nouveau nom/MASTER2/DATA ENGINEERING/airflow/py_env/lib/python3.10/site-packages/airflow/example_dags/example_external_task_marker_dag.py
[2023-01-14T21:17:28.114+0000] {logging_mixin.py:137} INFO - [2023-01-14T21:17:28.114+0000] {dag.py:2676} INFO - Sync 2 DAGs
[2023-01-14T21:17:28.188+0000] {logging_mixin.py:137} INFO - [2023-01-14T21:17:28.188+0000] {dag.py:3423} INFO - Setting next_dagrun for example_external_task_marker_child to None, run_after=None
[2023-01-14T21:17:28.200+0000] {logging_mixin.py:137} INFO - [2023-01-14T21:17:28.199+0000] {dag.py:3423} INFO - Setting next_dagrun for example_external_task_marker_parent to None, run_after=None
[2023-01-14T21:17:28.266+0000] {processor.py:175} INFO - Processing /media/prempeh/Nouveau nom/MASTER2/DATA ENGINEERING/airflow/py_env/lib/python3.10/site-packages/airflow/example_dags/example_external_task_marker_dag.py took 0.453 seconds
[2023-01-14T21:18:38.153+0000] {processor.py:153} INFO - Started process (PID=9346) to work on /media/prempeh/Nouveau nom/MASTER2/DATA ENGINEERING/airflow/py_env/lib/python3.10/site-packages/airflow/example_dags/example_external_task_marker_dag.py
[2023-01-14T21:18:38.157+0000] {processor.py:743} INFO - Processing file /media/prempeh/Nouveau nom/MASTER2/DATA ENGINEERING/airflow/py_env/lib/python3.10/site-packages/airflow/example_dags/example_external_task_marker_dag.py for tasks to queue
[2023-01-14T21:18:38.166+0000] {logging_mixin.py:137} INFO - [2023-01-14T21:18:38.165+0000] {dagbag.py:538} INFO - Filling up the DagBag from /media/prempeh/Nouveau nom/MASTER2/DATA ENGINEERING/airflow/py_env/lib/python3.10/site-packages/airflow/example_dags/example_external_task_marker_dag.py
[2023-01-14T21:18:38.415+0000] {processor.py:753} INFO - DAG(s) dict_keys(['example_external_task_marker_child', 'example_external_task_marker_parent']) retrieved from /media/prempeh/Nouveau nom/MASTER2/DATA ENGINEERING/airflow/py_env/lib/python3.10/site-packages/airflow/example_dags/example_external_task_marker_dag.py
[2023-01-14T21:18:38.674+0000] {logging_mixin.py:137} INFO - [2023-01-14T21:18:38.673+0000] {dag.py:2676} INFO - Sync 2 DAGs
[2023-01-14T21:18:38.785+0000] {logging_mixin.py:137} INFO - [2023-01-14T21:18:38.784+0000] {dag.py:3423} INFO - Setting next_dagrun for example_external_task_marker_child to None, run_after=None
[2023-01-14T21:18:38.799+0000] {logging_mixin.py:137} INFO - [2023-01-14T21:18:38.799+0000] {dag.py:3423} INFO - Setting next_dagrun for example_external_task_marker_parent to None, run_after=None
[2023-01-14T21:18:38.917+0000] {processor.py:175} INFO - Processing /media/prempeh/Nouveau nom/MASTER2/DATA ENGINEERING/airflow/py_env/lib/python3.10/site-packages/airflow/example_dags/example_external_task_marker_dag.py took 0.784 seconds
[2023-01-14T21:19:54.761+0000] {processor.py:153} INFO - Started process (PID=9673) to work on /media/prempeh/Nouveau nom/MASTER2/DATA ENGINEERING/airflow/py_env/lib/python3.10/site-packages/airflow/example_dags/example_external_task_marker_dag.py
[2023-01-14T21:19:54.765+0000] {processor.py:743} INFO - Processing file /media/prempeh/Nouveau nom/MASTER2/DATA ENGINEERING/airflow/py_env/lib/python3.10/site-packages/airflow/example_dags/example_external_task_marker_dag.py for tasks to queue
[2023-01-14T21:19:54.770+0000] {logging_mixin.py:137} INFO - [2023-01-14T21:19:54.769+0000] {dagbag.py:538} INFO - Filling up the DagBag from /media/prempeh/Nouveau nom/MASTER2/DATA ENGINEERING/airflow/py_env/lib/python3.10/site-packages/airflow/example_dags/example_external_task_marker_dag.py
[2023-01-14T21:19:54.926+0000] {processor.py:753} INFO - DAG(s) dict_keys(['example_external_task_marker_parent', 'example_external_task_marker_child']) retrieved from /media/prempeh/Nouveau nom/MASTER2/DATA ENGINEERING/airflow/py_env/lib/python3.10/site-packages/airflow/example_dags/example_external_task_marker_dag.py
[2023-01-14T21:19:55.104+0000] {logging_mixin.py:137} INFO - [2023-01-14T21:19:55.103+0000] {dag.py:2676} INFO - Sync 2 DAGs
[2023-01-14T21:19:55.186+0000] {logging_mixin.py:137} INFO - [2023-01-14T21:19:55.185+0000] {dag.py:3423} INFO - Setting next_dagrun for example_external_task_marker_child to None, run_after=None
[2023-01-14T21:19:55.199+0000] {logging_mixin.py:137} INFO - [2023-01-14T21:19:55.199+0000] {dag.py:3423} INFO - Setting next_dagrun for example_external_task_marker_parent to None, run_after=None
[2023-01-14T21:19:55.274+0000] {processor.py:175} INFO - Processing /media/prempeh/Nouveau nom/MASTER2/DATA ENGINEERING/airflow/py_env/lib/python3.10/site-packages/airflow/example_dags/example_external_task_marker_dag.py took 0.523 seconds
[2023-01-14T21:21:03.353+0000] {processor.py:153} INFO - Started process (PID=9814) to work on /media/prempeh/Nouveau nom/MASTER2/DATA ENGINEERING/airflow/py_env/lib/python3.10/site-packages/airflow/example_dags/example_external_task_marker_dag.py
[2023-01-14T21:21:03.356+0000] {processor.py:743} INFO - Processing file /media/prempeh/Nouveau nom/MASTER2/DATA ENGINEERING/airflow/py_env/lib/python3.10/site-packages/airflow/example_dags/example_external_task_marker_dag.py for tasks to queue
[2023-01-14T21:21:03.361+0000] {logging_mixin.py:137} INFO - [2023-01-14T21:21:03.361+0000] {dagbag.py:538} INFO - Filling up the DagBag from /media/prempeh/Nouveau nom/MASTER2/DATA ENGINEERING/airflow/py_env/lib/python3.10/site-packages/airflow/example_dags/example_external_task_marker_dag.py
[2023-01-14T21:21:03.504+0000] {processor.py:753} INFO - DAG(s) dict_keys(['example_external_task_marker_child', 'example_external_task_marker_parent']) retrieved from /media/prempeh/Nouveau nom/MASTER2/DATA ENGINEERING/airflow/py_env/lib/python3.10/site-packages/airflow/example_dags/example_external_task_marker_dag.py
[2023-01-14T21:21:03.643+0000] {logging_mixin.py:137} INFO - [2023-01-14T21:21:03.642+0000] {dag.py:2676} INFO - Sync 2 DAGs
[2023-01-14T21:21:03.710+0000] {logging_mixin.py:137} INFO - [2023-01-14T21:21:03.709+0000] {dag.py:3423} INFO - Setting next_dagrun for example_external_task_marker_child to None, run_after=None
[2023-01-14T21:21:03.719+0000] {logging_mixin.py:137} INFO - [2023-01-14T21:21:03.718+0000] {dag.py:3423} INFO - Setting next_dagrun for example_external_task_marker_parent to None, run_after=None
[2023-01-14T21:21:03.788+0000] {processor.py:175} INFO - Processing /media/prempeh/Nouveau nom/MASTER2/DATA ENGINEERING/airflow/py_env/lib/python3.10/site-packages/airflow/example_dags/example_external_task_marker_dag.py took 0.443 seconds
[2023-01-14T21:22:13.272+0000] {processor.py:153} INFO - Started process (PID=10020) to work on /media/prempeh/Nouveau nom/MASTER2/DATA ENGINEERING/airflow/py_env/lib/python3.10/site-packages/airflow/example_dags/example_external_task_marker_dag.py
[2023-01-14T21:22:13.275+0000] {processor.py:743} INFO - Processing file /media/prempeh/Nouveau nom/MASTER2/DATA ENGINEERING/airflow/py_env/lib/python3.10/site-packages/airflow/example_dags/example_external_task_marker_dag.py for tasks to queue
[2023-01-14T21:22:13.279+0000] {logging_mixin.py:137} INFO - [2023-01-14T21:22:13.278+0000] {dagbag.py:538} INFO - Filling up the DagBag from /media/prempeh/Nouveau nom/MASTER2/DATA ENGINEERING/airflow/py_env/lib/python3.10/site-packages/airflow/example_dags/example_external_task_marker_dag.py
[2023-01-14T21:22:13.395+0000] {processor.py:753} INFO - DAG(s) dict_keys(['example_external_task_marker_parent', 'example_external_task_marker_child']) retrieved from /media/prempeh/Nouveau nom/MASTER2/DATA ENGINEERING/airflow/py_env/lib/python3.10/site-packages/airflow/example_dags/example_external_task_marker_dag.py
[2023-01-14T21:22:13.528+0000] {logging_mixin.py:137} INFO - [2023-01-14T21:22:13.527+0000] {dag.py:2676} INFO - Sync 2 DAGs
[2023-01-14T21:22:13.593+0000] {logging_mixin.py:137} INFO - [2023-01-14T21:22:13.592+0000] {dag.py:3423} INFO - Setting next_dagrun for example_external_task_marker_child to None, run_after=None
[2023-01-14T21:22:13.602+0000] {logging_mixin.py:137} INFO - [2023-01-14T21:22:13.602+0000] {dag.py:3423} INFO - Setting next_dagrun for example_external_task_marker_parent to None, run_after=None
[2023-01-14T21:22:13.665+0000] {processor.py:175} INFO - Processing /media/prempeh/Nouveau nom/MASTER2/DATA ENGINEERING/airflow/py_env/lib/python3.10/site-packages/airflow/example_dags/example_external_task_marker_dag.py took 0.402 seconds
[2023-01-14T21:23:29.190+0000] {processor.py:153} INFO - Started process (PID=10346) to work on /media/prempeh/Nouveau nom/MASTER2/DATA ENGINEERING/airflow/py_env/lib/python3.10/site-packages/airflow/example_dags/example_external_task_marker_dag.py
[2023-01-14T21:23:29.193+0000] {processor.py:743} INFO - Processing file /media/prempeh/Nouveau nom/MASTER2/DATA ENGINEERING/airflow/py_env/lib/python3.10/site-packages/airflow/example_dags/example_external_task_marker_dag.py for tasks to queue
[2023-01-14T21:23:29.198+0000] {logging_mixin.py:137} INFO - [2023-01-14T21:23:29.198+0000] {dagbag.py:538} INFO - Filling up the DagBag from /media/prempeh/Nouveau nom/MASTER2/DATA ENGINEERING/airflow/py_env/lib/python3.10/site-packages/airflow/example_dags/example_external_task_marker_dag.py
[2023-01-14T21:23:29.326+0000] {processor.py:753} INFO - DAG(s) dict_keys(['example_external_task_marker_child', 'example_external_task_marker_parent']) retrieved from /media/prempeh/Nouveau nom/MASTER2/DATA ENGINEERING/airflow/py_env/lib/python3.10/site-packages/airflow/example_dags/example_external_task_marker_dag.py
[2023-01-14T21:23:29.468+0000] {logging_mixin.py:137} INFO - [2023-01-14T21:23:29.468+0000] {dag.py:2676} INFO - Sync 2 DAGs
[2023-01-14T21:23:29.546+0000] {logging_mixin.py:137} INFO - [2023-01-14T21:23:29.545+0000] {dag.py:3423} INFO - Setting next_dagrun for example_external_task_marker_child to None, run_after=None
[2023-01-14T21:23:29.557+0000] {logging_mixin.py:137} INFO - [2023-01-14T21:23:29.556+0000] {dag.py:3423} INFO - Setting next_dagrun for example_external_task_marker_parent to None, run_after=None
[2023-01-14T21:23:29.629+0000] {processor.py:175} INFO - Processing /media/prempeh/Nouveau nom/MASTER2/DATA ENGINEERING/airflow/py_env/lib/python3.10/site-packages/airflow/example_dags/example_external_task_marker_dag.py took 0.448 seconds
[2023-01-14T21:24:33.439+0000] {processor.py:153} INFO - Started process (PID=10406) to work on /media/prempeh/Nouveau nom/MASTER2/DATA ENGINEERING/airflow/py_env/lib/python3.10/site-packages/airflow/example_dags/example_external_task_marker_dag.py
[2023-01-14T21:24:33.444+0000] {processor.py:743} INFO - Processing file /media/prempeh/Nouveau nom/MASTER2/DATA ENGINEERING/airflow/py_env/lib/python3.10/site-packages/airflow/example_dags/example_external_task_marker_dag.py for tasks to queue
[2023-01-14T21:24:33.453+0000] {logging_mixin.py:137} INFO - [2023-01-14T21:24:33.452+0000] {dagbag.py:538} INFO - Filling up the DagBag from /media/prempeh/Nouveau nom/MASTER2/DATA ENGINEERING/airflow/py_env/lib/python3.10/site-packages/airflow/example_dags/example_external_task_marker_dag.py
[2023-01-14T21:24:33.584+0000] {processor.py:753} INFO - DAG(s) dict_keys(['example_external_task_marker_parent', 'example_external_task_marker_child']) retrieved from /media/prempeh/Nouveau nom/MASTER2/DATA ENGINEERING/airflow/py_env/lib/python3.10/site-packages/airflow/example_dags/example_external_task_marker_dag.py
[2023-01-14T21:24:33.726+0000] {logging_mixin.py:137} INFO - [2023-01-14T21:24:33.726+0000] {dag.py:2676} INFO - Sync 2 DAGs
[2023-01-14T21:24:33.795+0000] {logging_mixin.py:137} INFO - [2023-01-14T21:24:33.795+0000] {dag.py:3423} INFO - Setting next_dagrun for example_external_task_marker_child to None, run_after=None
[2023-01-14T21:24:33.808+0000] {logging_mixin.py:137} INFO - [2023-01-14T21:24:33.807+0000] {dag.py:3423} INFO - Setting next_dagrun for example_external_task_marker_parent to None, run_after=None
[2023-01-14T21:24:33.873+0000] {processor.py:175} INFO - Processing /media/prempeh/Nouveau nom/MASTER2/DATA ENGINEERING/airflow/py_env/lib/python3.10/site-packages/airflow/example_dags/example_external_task_marker_dag.py took 0.456 seconds
[2023-01-14T21:25:46.208+0000] {processor.py:153} INFO - Started process (PID=10550) to work on /media/prempeh/Nouveau nom/MASTER2/DATA ENGINEERING/airflow/py_env/lib/python3.10/site-packages/airflow/example_dags/example_external_task_marker_dag.py
[2023-01-14T21:25:46.211+0000] {processor.py:743} INFO - Processing file /media/prempeh/Nouveau nom/MASTER2/DATA ENGINEERING/airflow/py_env/lib/python3.10/site-packages/airflow/example_dags/example_external_task_marker_dag.py for tasks to queue
[2023-01-14T21:25:46.216+0000] {logging_mixin.py:137} INFO - [2023-01-14T21:25:46.215+0000] {dagbag.py:538} INFO - Filling up the DagBag from /media/prempeh/Nouveau nom/MASTER2/DATA ENGINEERING/airflow/py_env/lib/python3.10/site-packages/airflow/example_dags/example_external_task_marker_dag.py
[2023-01-14T21:25:46.357+0000] {processor.py:753} INFO - DAG(s) dict_keys(['example_external_task_marker_child', 'example_external_task_marker_parent']) retrieved from /media/prempeh/Nouveau nom/MASTER2/DATA ENGINEERING/airflow/py_env/lib/python3.10/site-packages/airflow/example_dags/example_external_task_marker_dag.py
[2023-01-14T21:25:46.503+0000] {logging_mixin.py:137} INFO - [2023-01-14T21:25:46.502+0000] {dag.py:2676} INFO - Sync 2 DAGs
[2023-01-14T21:25:46.583+0000] {logging_mixin.py:137} INFO - [2023-01-14T21:25:46.583+0000] {dag.py:3423} INFO - Setting next_dagrun for example_external_task_marker_child to None, run_after=None
[2023-01-14T21:25:46.593+0000] {logging_mixin.py:137} INFO - [2023-01-14T21:25:46.593+0000] {dag.py:3423} INFO - Setting next_dagrun for example_external_task_marker_parent to None, run_after=None
[2023-01-14T21:25:46.663+0000] {processor.py:175} INFO - Processing /media/prempeh/Nouveau nom/MASTER2/DATA ENGINEERING/airflow/py_env/lib/python3.10/site-packages/airflow/example_dags/example_external_task_marker_dag.py took 0.465 seconds
[2023-01-14T21:26:57.715+0000] {processor.py:153} INFO - Started process (PID=10693) to work on /media/prempeh/Nouveau nom/MASTER2/DATA ENGINEERING/airflow/py_env/lib/python3.10/site-packages/airflow/example_dags/example_external_task_marker_dag.py
[2023-01-14T21:26:57.720+0000] {processor.py:743} INFO - Processing file /media/prempeh/Nouveau nom/MASTER2/DATA ENGINEERING/airflow/py_env/lib/python3.10/site-packages/airflow/example_dags/example_external_task_marker_dag.py for tasks to queue
[2023-01-14T21:26:57.728+0000] {logging_mixin.py:137} INFO - [2023-01-14T21:26:57.727+0000] {dagbag.py:538} INFO - Filling up the DagBag from /media/prempeh/Nouveau nom/MASTER2/DATA ENGINEERING/airflow/py_env/lib/python3.10/site-packages/airflow/example_dags/example_external_task_marker_dag.py
[2023-01-14T21:26:57.892+0000] {processor.py:753} INFO - DAG(s) dict_keys(['example_external_task_marker_child', 'example_external_task_marker_parent']) retrieved from /media/prempeh/Nouveau nom/MASTER2/DATA ENGINEERING/airflow/py_env/lib/python3.10/site-packages/airflow/example_dags/example_external_task_marker_dag.py
[2023-01-14T21:26:58.072+0000] {logging_mixin.py:137} INFO - [2023-01-14T21:26:58.071+0000] {dag.py:2676} INFO - Sync 2 DAGs
[2023-01-14T21:26:58.154+0000] {logging_mixin.py:137} INFO - [2023-01-14T21:26:58.154+0000] {dag.py:3423} INFO - Setting next_dagrun for example_external_task_marker_child to None, run_after=None
[2023-01-14T21:26:58.171+0000] {logging_mixin.py:137} INFO - [2023-01-14T21:26:58.170+0000] {dag.py:3423} INFO - Setting next_dagrun for example_external_task_marker_parent to None, run_after=None
[2023-01-14T21:26:58.278+0000] {processor.py:175} INFO - Processing /media/prempeh/Nouveau nom/MASTER2/DATA ENGINEERING/airflow/py_env/lib/python3.10/site-packages/airflow/example_dags/example_external_task_marker_dag.py took 0.574 seconds
