[2023-01-14T20:53:28.269+0000] {processor.py:153} INFO - Started process (PID=6620) to work on /media/prempeh/Nouveau nom/MASTER2/DATA ENGINEERING/airflow/py_env/lib/python3.10/site-packages/airflow/example_dags/example_datasets.py
[2023-01-14T20:53:28.273+0000] {processor.py:743} INFO - Processing file /media/prempeh/Nouveau nom/MASTER2/DATA ENGINEERING/airflow/py_env/lib/python3.10/site-packages/airflow/example_dags/example_datasets.py for tasks to queue
[2023-01-14T20:53:28.277+0000] {logging_mixin.py:137} INFO - [2023-01-14T20:53:28.276+0000] {dagbag.py:538} INFO - Filling up the DagBag from /media/prempeh/Nouveau nom/MASTER2/DATA ENGINEERING/airflow/py_env/lib/python3.10/site-packages/airflow/example_dags/example_datasets.py
[2023-01-14T20:53:28.422+0000] {processor.py:753} INFO - DAG(s) dict_keys(['dataset_consumes_unknown_never_scheduled', 'dataset_consumes_1', 'dataset_produces_2', 'dataset_consumes_1_and_2', 'dataset_consumes_1_never_scheduled', 'dataset_produces_1']) retrieved from /media/prempeh/Nouveau nom/MASTER2/DATA ENGINEERING/airflow/py_env/lib/python3.10/site-packages/airflow/example_dags/example_datasets.py
[2023-01-14T20:53:29.091+0000] {logging_mixin.py:137} INFO - [2023-01-14T20:53:29.089+0000] {manager.py:504} INFO - Created Permission View: can edit on DAG:dataset_consumes_unknown_never_scheduled
[2023-01-14T20:53:29.138+0000] {logging_mixin.py:137} INFO - [2023-01-14T20:53:29.137+0000] {manager.py:504} INFO - Created Permission View: can delete on DAG:dataset_consumes_unknown_never_scheduled
[2023-01-14T20:53:29.177+0000] {logging_mixin.py:137} INFO - [2023-01-14T20:53:29.176+0000] {manager.py:504} INFO - Created Permission View: can read on DAG:dataset_consumes_unknown_never_scheduled
[2023-01-14T20:53:29.235+0000] {logging_mixin.py:137} INFO - [2023-01-14T20:53:29.234+0000] {manager.py:504} INFO - Created Permission View: can edit on DAG:dataset_consumes_1
[2023-01-14T20:53:29.272+0000] {logging_mixin.py:137} INFO - [2023-01-14T20:53:29.272+0000] {manager.py:504} INFO - Created Permission View: can delete on DAG:dataset_consumes_1
[2023-01-14T20:53:29.299+0000] {logging_mixin.py:137} INFO - [2023-01-14T20:53:29.299+0000] {manager.py:504} INFO - Created Permission View: can read on DAG:dataset_consumes_1
[2023-01-14T20:53:29.353+0000] {logging_mixin.py:137} INFO - [2023-01-14T20:53:29.352+0000] {manager.py:504} INFO - Created Permission View: can edit on DAG:dataset_produces_2
[2023-01-14T20:53:29.381+0000] {logging_mixin.py:137} INFO - [2023-01-14T20:53:29.380+0000] {manager.py:504} INFO - Created Permission View: can delete on DAG:dataset_produces_2
[2023-01-14T20:53:29.409+0000] {logging_mixin.py:137} INFO - [2023-01-14T20:53:29.407+0000] {manager.py:504} INFO - Created Permission View: can read on DAG:dataset_produces_2
[2023-01-14T20:53:29.466+0000] {logging_mixin.py:137} INFO - [2023-01-14T20:53:29.466+0000] {manager.py:504} INFO - Created Permission View: can edit on DAG:dataset_consumes_1_and_2
[2023-01-14T20:53:29.492+0000] {logging_mixin.py:137} INFO - [2023-01-14T20:53:29.491+0000] {manager.py:504} INFO - Created Permission View: can delete on DAG:dataset_consumes_1_and_2
[2023-01-14T20:53:29.518+0000] {logging_mixin.py:137} INFO - [2023-01-14T20:53:29.517+0000] {manager.py:504} INFO - Created Permission View: can read on DAG:dataset_consumes_1_and_2
[2023-01-14T20:53:29.571+0000] {logging_mixin.py:137} INFO - [2023-01-14T20:53:29.571+0000] {manager.py:504} INFO - Created Permission View: can edit on DAG:dataset_consumes_1_never_scheduled
[2023-01-14T20:53:29.598+0000] {logging_mixin.py:137} INFO - [2023-01-14T20:53:29.597+0000] {manager.py:504} INFO - Created Permission View: can delete on DAG:dataset_consumes_1_never_scheduled
[2023-01-14T20:53:29.627+0000] {logging_mixin.py:137} INFO - [2023-01-14T20:53:29.626+0000] {manager.py:504} INFO - Created Permission View: can read on DAG:dataset_consumes_1_never_scheduled
[2023-01-14T20:53:29.678+0000] {logging_mixin.py:137} INFO - [2023-01-14T20:53:29.678+0000] {manager.py:504} INFO - Created Permission View: can edit on DAG:dataset_produces_1
[2023-01-14T20:53:29.708+0000] {logging_mixin.py:137} INFO - [2023-01-14T20:53:29.707+0000] {manager.py:504} INFO - Created Permission View: can delete on DAG:dataset_produces_1
[2023-01-14T20:53:29.740+0000] {logging_mixin.py:137} INFO - [2023-01-14T20:53:29.739+0000] {manager.py:504} INFO - Created Permission View: can read on DAG:dataset_produces_1
[2023-01-14T20:53:29.742+0000] {logging_mixin.py:137} INFO - [2023-01-14T20:53:29.741+0000] {dag.py:2676} INFO - Sync 6 DAGs
[2023-01-14T20:53:29.785+0000] {logging_mixin.py:137} INFO - [2023-01-14T20:53:29.784+0000] {dag.py:2697} INFO - Creating ORM DAG for dataset_produces_1
[2023-01-14T20:53:29.789+0000] {logging_mixin.py:137} INFO - [2023-01-14T20:53:29.788+0000] {dag.py:2697} INFO - Creating ORM DAG for dataset_consumes_1_never_scheduled
[2023-01-14T20:53:29.792+0000] {logging_mixin.py:137} INFO - [2023-01-14T20:53:29.791+0000] {dag.py:2697} INFO - Creating ORM DAG for dataset_consumes_unknown_never_scheduled
[2023-01-14T20:53:29.794+0000] {logging_mixin.py:137} INFO - [2023-01-14T20:53:29.794+0000] {dag.py:2697} INFO - Creating ORM DAG for dataset_produces_2
[2023-01-14T20:53:29.797+0000] {logging_mixin.py:137} INFO - [2023-01-14T20:53:29.796+0000] {dag.py:2697} INFO - Creating ORM DAG for dataset_consumes_1
[2023-01-14T20:53:29.801+0000] {logging_mixin.py:137} INFO - [2023-01-14T20:53:29.800+0000] {dag.py:2697} INFO - Creating ORM DAG for dataset_consumes_1_and_2
[2023-01-14T20:53:29.840+0000] {logging_mixin.py:137} INFO - [2023-01-14T20:53:29.839+0000] {dag.py:3423} INFO - Setting next_dagrun for dataset_consumes_1 to None, run_after=None
[2023-01-14T20:53:29.843+0000] {logging_mixin.py:137} INFO - [2023-01-14T20:53:29.843+0000] {dag.py:3423} INFO - Setting next_dagrun for dataset_consumes_1_and_2 to None, run_after=None
[2023-01-14T20:53:29.847+0000] {logging_mixin.py:137} INFO - [2023-01-14T20:53:29.846+0000] {dag.py:3423} INFO - Setting next_dagrun for dataset_consumes_1_never_scheduled to None, run_after=None
[2023-01-14T20:53:29.850+0000] {logging_mixin.py:137} INFO - [2023-01-14T20:53:29.849+0000] {dag.py:3423} INFO - Setting next_dagrun for dataset_consumes_unknown_never_scheduled to None, run_after=None
[2023-01-14T20:53:29.860+0000] {logging_mixin.py:137} INFO - [2023-01-14T20:53:29.860+0000] {dag.py:3423} INFO - Setting next_dagrun for dataset_produces_1 to 2023-01-13T00:00:00+00:00, run_after=2023-01-14T00:00:00+00:00
[2023-01-14T20:53:29.864+0000] {logging_mixin.py:137} INFO - [2023-01-14T20:53:29.863+0000] {dag.py:3423} INFO - Setting next_dagrun for dataset_produces_2 to None, run_after=None
[2023-01-14T20:53:30.013+0000] {processor.py:175} INFO - Processing /media/prempeh/Nouveau nom/MASTER2/DATA ENGINEERING/airflow/py_env/lib/python3.10/site-packages/airflow/example_dags/example_datasets.py took 1.753 seconds
[2023-01-14T20:54:40.132+0000] {processor.py:153} INFO - Started process (PID=6736) to work on /media/prempeh/Nouveau nom/MASTER2/DATA ENGINEERING/airflow/py_env/lib/python3.10/site-packages/airflow/example_dags/example_datasets.py
[2023-01-14T20:54:40.134+0000] {processor.py:743} INFO - Processing file /media/prempeh/Nouveau nom/MASTER2/DATA ENGINEERING/airflow/py_env/lib/python3.10/site-packages/airflow/example_dags/example_datasets.py for tasks to queue
[2023-01-14T20:54:40.139+0000] {logging_mixin.py:137} INFO - [2023-01-14T20:54:40.138+0000] {dagbag.py:538} INFO - Filling up the DagBag from /media/prempeh/Nouveau nom/MASTER2/DATA ENGINEERING/airflow/py_env/lib/python3.10/site-packages/airflow/example_dags/example_datasets.py
[2023-01-14T20:54:40.315+0000] {processor.py:753} INFO - DAG(s) dict_keys(['dataset_consumes_1', 'dataset_produces_2', 'dataset_consumes_1_and_2', 'dataset_produces_1', 'dataset_consumes_1_never_scheduled', 'dataset_consumes_unknown_never_scheduled']) retrieved from /media/prempeh/Nouveau nom/MASTER2/DATA ENGINEERING/airflow/py_env/lib/python3.10/site-packages/airflow/example_dags/example_datasets.py
[2023-01-14T20:54:40.673+0000] {logging_mixin.py:137} INFO - [2023-01-14T20:54:40.672+0000] {dag.py:2676} INFO - Sync 6 DAGs
[2023-01-14T20:54:40.793+0000] {logging_mixin.py:137} INFO - [2023-01-14T20:54:40.792+0000] {dag.py:3423} INFO - Setting next_dagrun for dataset_consumes_1 to None, run_after=None
[2023-01-14T20:54:40.817+0000] {logging_mixin.py:137} INFO - [2023-01-14T20:54:40.816+0000] {dag.py:3423} INFO - Setting next_dagrun for dataset_consumes_1_and_2 to None, run_after=None
[2023-01-14T20:54:40.822+0000] {logging_mixin.py:137} INFO - [2023-01-14T20:54:40.821+0000] {dag.py:3423} INFO - Setting next_dagrun for dataset_consumes_1_never_scheduled to None, run_after=None
[2023-01-14T20:54:40.829+0000] {logging_mixin.py:137} INFO - [2023-01-14T20:54:40.828+0000] {dag.py:3423} INFO - Setting next_dagrun for dataset_consumes_unknown_never_scheduled to None, run_after=None
[2023-01-14T20:54:40.845+0000] {logging_mixin.py:137} INFO - [2023-01-14T20:54:40.843+0000] {dag.py:3423} INFO - Setting next_dagrun for dataset_produces_1 to 2023-01-13T00:00:00+00:00, run_after=2023-01-14T00:00:00+00:00
[2023-01-14T20:54:40.852+0000] {logging_mixin.py:137} INFO - [2023-01-14T20:54:40.851+0000] {dag.py:3423} INFO - Setting next_dagrun for dataset_produces_2 to None, run_after=None
[2023-01-14T20:54:41.032+0000] {processor.py:175} INFO - Processing /media/prempeh/Nouveau nom/MASTER2/DATA ENGINEERING/airflow/py_env/lib/python3.10/site-packages/airflow/example_dags/example_datasets.py took 0.909 seconds
[2023-01-14T20:55:43.788+0000] {processor.py:153} INFO - Started process (PID=6777) to work on /media/prempeh/Nouveau nom/MASTER2/DATA ENGINEERING/airflow/py_env/lib/python3.10/site-packages/airflow/example_dags/example_datasets.py
[2023-01-14T20:55:43.790+0000] {processor.py:743} INFO - Processing file /media/prempeh/Nouveau nom/MASTER2/DATA ENGINEERING/airflow/py_env/lib/python3.10/site-packages/airflow/example_dags/example_datasets.py for tasks to queue
[2023-01-14T20:55:43.797+0000] {logging_mixin.py:137} INFO - [2023-01-14T20:55:43.797+0000] {dagbag.py:538} INFO - Filling up the DagBag from /media/prempeh/Nouveau nom/MASTER2/DATA ENGINEERING/airflow/py_env/lib/python3.10/site-packages/airflow/example_dags/example_datasets.py
[2023-01-14T20:55:43.925+0000] {processor.py:753} INFO - DAG(s) dict_keys(['dataset_produces_2', 'dataset_consumes_1_and_2', 'dataset_produces_1', 'dataset_consumes_1', 'dataset_consumes_unknown_never_scheduled', 'dataset_consumes_1_never_scheduled']) retrieved from /media/prempeh/Nouveau nom/MASTER2/DATA ENGINEERING/airflow/py_env/lib/python3.10/site-packages/airflow/example_dags/example_datasets.py
[2023-01-14T20:55:44.089+0000] {logging_mixin.py:137} INFO - [2023-01-14T20:55:44.088+0000] {dag.py:2676} INFO - Sync 6 DAGs
[2023-01-14T20:55:44.175+0000] {logging_mixin.py:137} INFO - [2023-01-14T20:55:44.174+0000] {dag.py:3423} INFO - Setting next_dagrun for dataset_consumes_1 to None, run_after=None
[2023-01-14T20:55:44.194+0000] {logging_mixin.py:137} INFO - [2023-01-14T20:55:44.193+0000] {dag.py:3423} INFO - Setting next_dagrun for dataset_consumes_1_and_2 to None, run_after=None
[2023-01-14T20:55:44.200+0000] {logging_mixin.py:137} INFO - [2023-01-14T20:55:44.199+0000] {dag.py:3423} INFO - Setting next_dagrun for dataset_consumes_1_never_scheduled to None, run_after=None
[2023-01-14T20:55:44.204+0000] {logging_mixin.py:137} INFO - [2023-01-14T20:55:44.204+0000] {dag.py:3423} INFO - Setting next_dagrun for dataset_consumes_unknown_never_scheduled to None, run_after=None
[2023-01-14T20:55:44.218+0000] {logging_mixin.py:137} INFO - [2023-01-14T20:55:44.218+0000] {dag.py:3423} INFO - Setting next_dagrun for dataset_produces_1 to 2023-01-13T00:00:00+00:00, run_after=2023-01-14T00:00:00+00:00
[2023-01-14T20:55:44.224+0000] {logging_mixin.py:137} INFO - [2023-01-14T20:55:44.223+0000] {dag.py:3423} INFO - Setting next_dagrun for dataset_produces_2 to None, run_after=None
[2023-01-14T20:55:44.362+0000] {processor.py:175} INFO - Processing /media/prempeh/Nouveau nom/MASTER2/DATA ENGINEERING/airflow/py_env/lib/python3.10/site-packages/airflow/example_dags/example_datasets.py took 0.584 seconds
[2023-01-14T20:56:42.523+0000] {processor.py:153} INFO - Started process (PID=6940) to work on /media/prempeh/Nouveau nom/MASTER2/DATA ENGINEERING/airflow/py_env/lib/python3.10/site-packages/airflow/example_dags/example_datasets.py
[2023-01-14T20:56:42.526+0000] {processor.py:743} INFO - Processing file /media/prempeh/Nouveau nom/MASTER2/DATA ENGINEERING/airflow/py_env/lib/python3.10/site-packages/airflow/example_dags/example_datasets.py for tasks to queue
[2023-01-14T20:56:42.530+0000] {logging_mixin.py:137} INFO - [2023-01-14T20:56:42.529+0000] {dagbag.py:538} INFO - Filling up the DagBag from /media/prempeh/Nouveau nom/MASTER2/DATA ENGINEERING/airflow/py_env/lib/python3.10/site-packages/airflow/example_dags/example_datasets.py
[2023-01-14T20:56:42.675+0000] {processor.py:753} INFO - DAG(s) dict_keys(['dataset_consumes_1_never_scheduled', 'dataset_produces_1', 'dataset_consumes_unknown_never_scheduled', 'dataset_consumes_1_and_2', 'dataset_produces_2', 'dataset_consumes_1']) retrieved from /media/prempeh/Nouveau nom/MASTER2/DATA ENGINEERING/airflow/py_env/lib/python3.10/site-packages/airflow/example_dags/example_datasets.py
[2023-01-14T20:56:42.875+0000] {logging_mixin.py:137} INFO - [2023-01-14T20:56:42.875+0000] {dag.py:2676} INFO - Sync 6 DAGs
[2023-01-14T20:56:42.942+0000] {logging_mixin.py:137} INFO - [2023-01-14T20:56:42.942+0000] {dag.py:3423} INFO - Setting next_dagrun for dataset_consumes_1 to None, run_after=None
[2023-01-14T20:56:42.953+0000] {logging_mixin.py:137} INFO - [2023-01-14T20:56:42.953+0000] {dag.py:3423} INFO - Setting next_dagrun for dataset_consumes_1_and_2 to None, run_after=None
[2023-01-14T20:56:42.957+0000] {logging_mixin.py:137} INFO - [2023-01-14T20:56:42.956+0000] {dag.py:3423} INFO - Setting next_dagrun for dataset_consumes_1_never_scheduled to None, run_after=None
[2023-01-14T20:56:42.960+0000] {logging_mixin.py:137} INFO - [2023-01-14T20:56:42.960+0000] {dag.py:3423} INFO - Setting next_dagrun for dataset_consumes_unknown_never_scheduled to None, run_after=None
[2023-01-14T20:56:42.968+0000] {logging_mixin.py:137} INFO - [2023-01-14T20:56:42.968+0000] {dag.py:3423} INFO - Setting next_dagrun for dataset_produces_1 to 2023-01-13T00:00:00+00:00, run_after=2023-01-14T00:00:00+00:00
[2023-01-14T20:56:42.971+0000] {logging_mixin.py:137} INFO - [2023-01-14T20:56:42.971+0000] {dag.py:3423} INFO - Setting next_dagrun for dataset_produces_2 to None, run_after=None
[2023-01-14T20:56:43.073+0000] {processor.py:175} INFO - Processing /media/prempeh/Nouveau nom/MASTER2/DATA ENGINEERING/airflow/py_env/lib/python3.10/site-packages/airflow/example_dags/example_datasets.py took 0.559 seconds
[2023-01-14T20:57:44.479+0000] {processor.py:153} INFO - Started process (PID=7098) to work on /media/prempeh/Nouveau nom/MASTER2/DATA ENGINEERING/airflow/py_env/lib/python3.10/site-packages/airflow/example_dags/example_datasets.py
[2023-01-14T20:57:44.483+0000] {processor.py:743} INFO - Processing file /media/prempeh/Nouveau nom/MASTER2/DATA ENGINEERING/airflow/py_env/lib/python3.10/site-packages/airflow/example_dags/example_datasets.py for tasks to queue
[2023-01-14T20:57:44.488+0000] {logging_mixin.py:137} INFO - [2023-01-14T20:57:44.488+0000] {dagbag.py:538} INFO - Filling up the DagBag from /media/prempeh/Nouveau nom/MASTER2/DATA ENGINEERING/airflow/py_env/lib/python3.10/site-packages/airflow/example_dags/example_datasets.py
[2023-01-14T20:57:44.723+0000] {processor.py:753} INFO - DAG(s) dict_keys(['dataset_consumes_unknown_never_scheduled', 'dataset_consumes_1_and_2', 'dataset_consumes_1', 'dataset_produces_1', 'dataset_produces_2', 'dataset_consumes_1_never_scheduled']) retrieved from /media/prempeh/Nouveau nom/MASTER2/DATA ENGINEERING/airflow/py_env/lib/python3.10/site-packages/airflow/example_dags/example_datasets.py
[2023-01-14T20:57:45.024+0000] {logging_mixin.py:137} INFO - [2023-01-14T20:57:45.023+0000] {dag.py:2676} INFO - Sync 6 DAGs
[2023-01-14T20:57:45.134+0000] {logging_mixin.py:137} INFO - [2023-01-14T20:57:45.133+0000] {dag.py:3423} INFO - Setting next_dagrun for dataset_consumes_1 to None, run_after=None
[2023-01-14T20:57:45.144+0000] {logging_mixin.py:137} INFO - [2023-01-14T20:57:45.143+0000] {dag.py:3423} INFO - Setting next_dagrun for dataset_consumes_1_and_2 to None, run_after=None
[2023-01-14T20:57:45.147+0000] {logging_mixin.py:137} INFO - [2023-01-14T20:57:45.147+0000] {dag.py:3423} INFO - Setting next_dagrun for dataset_consumes_1_never_scheduled to None, run_after=None
[2023-01-14T20:57:45.151+0000] {logging_mixin.py:137} INFO - [2023-01-14T20:57:45.151+0000] {dag.py:3423} INFO - Setting next_dagrun for dataset_consumes_unknown_never_scheduled to None, run_after=None
[2023-01-14T20:57:45.160+0000] {logging_mixin.py:137} INFO - [2023-01-14T20:57:45.160+0000] {dag.py:3423} INFO - Setting next_dagrun for dataset_produces_1 to 2023-01-13T00:00:00+00:00, run_after=2023-01-14T00:00:00+00:00
[2023-01-14T20:57:45.163+0000] {logging_mixin.py:137} INFO - [2023-01-14T20:57:45.163+0000] {dag.py:3423} INFO - Setting next_dagrun for dataset_produces_2 to None, run_after=None
[2023-01-14T20:57:45.262+0000] {processor.py:175} INFO - Processing /media/prempeh/Nouveau nom/MASTER2/DATA ENGINEERING/airflow/py_env/lib/python3.10/site-packages/airflow/example_dags/example_datasets.py took 0.792 seconds
[2023-01-14T20:58:41.750+0000] {processor.py:153} INFO - Started process (PID=7140) to work on /media/prempeh/Nouveau nom/MASTER2/DATA ENGINEERING/airflow/py_env/lib/python3.10/site-packages/airflow/example_dags/example_datasets.py
[2023-01-14T20:58:41.753+0000] {processor.py:743} INFO - Processing file /media/prempeh/Nouveau nom/MASTER2/DATA ENGINEERING/airflow/py_env/lib/python3.10/site-packages/airflow/example_dags/example_datasets.py for tasks to queue
[2023-01-14T20:58:41.757+0000] {logging_mixin.py:137} INFO - [2023-01-14T20:58:41.757+0000] {dagbag.py:538} INFO - Filling up the DagBag from /media/prempeh/Nouveau nom/MASTER2/DATA ENGINEERING/airflow/py_env/lib/python3.10/site-packages/airflow/example_dags/example_datasets.py
[2023-01-14T20:58:41.882+0000] {processor.py:753} INFO - DAG(s) dict_keys(['dataset_produces_1', 'dataset_consumes_1_never_scheduled', 'dataset_produces_2', 'dataset_consumes_unknown_never_scheduled', 'dataset_consumes_1_and_2', 'dataset_consumes_1']) retrieved from /media/prempeh/Nouveau nom/MASTER2/DATA ENGINEERING/airflow/py_env/lib/python3.10/site-packages/airflow/example_dags/example_datasets.py
[2023-01-14T20:58:42.040+0000] {logging_mixin.py:137} INFO - [2023-01-14T20:58:42.040+0000] {dag.py:2676} INFO - Sync 6 DAGs
[2023-01-14T20:58:42.109+0000] {logging_mixin.py:137} INFO - [2023-01-14T20:58:42.108+0000] {dag.py:3423} INFO - Setting next_dagrun for dataset_consumes_1 to None, run_after=None
[2023-01-14T20:58:42.118+0000] {logging_mixin.py:137} INFO - [2023-01-14T20:58:42.117+0000] {dag.py:3423} INFO - Setting next_dagrun for dataset_consumes_1_and_2 to None, run_after=None
[2023-01-14T20:58:42.121+0000] {logging_mixin.py:137} INFO - [2023-01-14T20:58:42.121+0000] {dag.py:3423} INFO - Setting next_dagrun for dataset_consumes_1_never_scheduled to None, run_after=None
[2023-01-14T20:58:42.124+0000] {logging_mixin.py:137} INFO - [2023-01-14T20:58:42.124+0000] {dag.py:3423} INFO - Setting next_dagrun for dataset_consumes_unknown_never_scheduled to None, run_after=None
[2023-01-14T20:58:42.133+0000] {logging_mixin.py:137} INFO - [2023-01-14T20:58:42.132+0000] {dag.py:3423} INFO - Setting next_dagrun for dataset_produces_1 to 2023-01-13T00:00:00+00:00, run_after=2023-01-14T00:00:00+00:00
[2023-01-14T20:58:42.136+0000] {logging_mixin.py:137} INFO - [2023-01-14T20:58:42.135+0000] {dag.py:3423} INFO - Setting next_dagrun for dataset_produces_2 to None, run_after=None
[2023-01-14T20:58:42.234+0000] {processor.py:175} INFO - Processing /media/prempeh/Nouveau nom/MASTER2/DATA ENGINEERING/airflow/py_env/lib/python3.10/site-packages/airflow/example_dags/example_datasets.py took 0.493 seconds
[2023-01-14T20:59:32.895+0000] {processor.py:153} INFO - Started process (PID=7187) to work on /media/prempeh/Nouveau nom/MASTER2/DATA ENGINEERING/airflow/py_env/lib/python3.10/site-packages/airflow/example_dags/example_datasets.py
[2023-01-14T20:59:32.898+0000] {processor.py:743} INFO - Processing file /media/prempeh/Nouveau nom/MASTER2/DATA ENGINEERING/airflow/py_env/lib/python3.10/site-packages/airflow/example_dags/example_datasets.py for tasks to queue
[2023-01-14T20:59:32.905+0000] {logging_mixin.py:137} INFO - [2023-01-14T20:59:32.904+0000] {dagbag.py:538} INFO - Filling up the DagBag from /media/prempeh/Nouveau nom/MASTER2/DATA ENGINEERING/airflow/py_env/lib/python3.10/site-packages/airflow/example_dags/example_datasets.py
[2023-01-14T20:59:33.038+0000] {processor.py:753} INFO - DAG(s) dict_keys(['dataset_consumes_1_and_2', 'dataset_produces_2', 'dataset_consumes_1_never_scheduled', 'dataset_consumes_unknown_never_scheduled', 'dataset_produces_1', 'dataset_consumes_1']) retrieved from /media/prempeh/Nouveau nom/MASTER2/DATA ENGINEERING/airflow/py_env/lib/python3.10/site-packages/airflow/example_dags/example_datasets.py
[2023-01-14T20:59:33.210+0000] {logging_mixin.py:137} INFO - [2023-01-14T20:59:33.210+0000] {dag.py:2676} INFO - Sync 6 DAGs
[2023-01-14T20:59:33.278+0000] {logging_mixin.py:137} INFO - [2023-01-14T20:59:33.277+0000] {dag.py:3423} INFO - Setting next_dagrun for dataset_consumes_1 to None, run_after=None
[2023-01-14T20:59:33.288+0000] {logging_mixin.py:137} INFO - [2023-01-14T20:59:33.287+0000] {dag.py:3423} INFO - Setting next_dagrun for dataset_consumes_1_and_2 to None, run_after=None
[2023-01-14T20:59:33.293+0000] {logging_mixin.py:137} INFO - [2023-01-14T20:59:33.293+0000] {dag.py:3423} INFO - Setting next_dagrun for dataset_consumes_1_never_scheduled to None, run_after=None
[2023-01-14T20:59:33.296+0000] {logging_mixin.py:137} INFO - [2023-01-14T20:59:33.296+0000] {dag.py:3423} INFO - Setting next_dagrun for dataset_consumes_unknown_never_scheduled to None, run_after=None
[2023-01-14T20:59:33.304+0000] {logging_mixin.py:137} INFO - [2023-01-14T20:59:33.304+0000] {dag.py:3423} INFO - Setting next_dagrun for dataset_produces_1 to 2023-01-13T00:00:00+00:00, run_after=2023-01-14T00:00:00+00:00
[2023-01-14T20:59:33.307+0000] {logging_mixin.py:137} INFO - [2023-01-14T20:59:33.307+0000] {dag.py:3423} INFO - Setting next_dagrun for dataset_produces_2 to None, run_after=None
[2023-01-14T20:59:33.402+0000] {processor.py:175} INFO - Processing /media/prempeh/Nouveau nom/MASTER2/DATA ENGINEERING/airflow/py_env/lib/python3.10/site-packages/airflow/example_dags/example_datasets.py took 0.514 seconds
[2023-01-14T21:00:31.567+0000] {processor.py:153} INFO - Started process (PID=7265) to work on /media/prempeh/Nouveau nom/MASTER2/DATA ENGINEERING/airflow/py_env/lib/python3.10/site-packages/airflow/example_dags/example_datasets.py
[2023-01-14T21:00:31.571+0000] {processor.py:743} INFO - Processing file /media/prempeh/Nouveau nom/MASTER2/DATA ENGINEERING/airflow/py_env/lib/python3.10/site-packages/airflow/example_dags/example_datasets.py for tasks to queue
[2023-01-14T21:00:31.577+0000] {logging_mixin.py:137} INFO - [2023-01-14T21:00:31.577+0000] {dagbag.py:538} INFO - Filling up the DagBag from /media/prempeh/Nouveau nom/MASTER2/DATA ENGINEERING/airflow/py_env/lib/python3.10/site-packages/airflow/example_dags/example_datasets.py
[2023-01-14T21:00:31.722+0000] {processor.py:753} INFO - DAG(s) dict_keys(['dataset_produces_2', 'dataset_produces_1', 'dataset_consumes_unknown_never_scheduled', 'dataset_consumes_1_never_scheduled', 'dataset_consumes_1', 'dataset_consumes_1_and_2']) retrieved from /media/prempeh/Nouveau nom/MASTER2/DATA ENGINEERING/airflow/py_env/lib/python3.10/site-packages/airflow/example_dags/example_datasets.py
[2023-01-14T21:00:31.890+0000] {logging_mixin.py:137} INFO - [2023-01-14T21:00:31.889+0000] {dag.py:2676} INFO - Sync 6 DAGs
[2023-01-14T21:00:31.954+0000] {logging_mixin.py:137} INFO - [2023-01-14T21:00:31.953+0000] {dag.py:3423} INFO - Setting next_dagrun for dataset_consumes_1 to None, run_after=None
[2023-01-14T21:00:31.963+0000] {logging_mixin.py:137} INFO - [2023-01-14T21:00:31.963+0000] {dag.py:3423} INFO - Setting next_dagrun for dataset_consumes_1_and_2 to None, run_after=None
[2023-01-14T21:00:31.967+0000] {logging_mixin.py:137} INFO - [2023-01-14T21:00:31.966+0000] {dag.py:3423} INFO - Setting next_dagrun for dataset_consumes_1_never_scheduled to None, run_after=None
[2023-01-14T21:00:31.970+0000] {logging_mixin.py:137} INFO - [2023-01-14T21:00:31.970+0000] {dag.py:3423} INFO - Setting next_dagrun for dataset_consumes_unknown_never_scheduled to None, run_after=None
[2023-01-14T21:00:31.978+0000] {logging_mixin.py:137} INFO - [2023-01-14T21:00:31.978+0000] {dag.py:3423} INFO - Setting next_dagrun for dataset_produces_1 to 2023-01-13T00:00:00+00:00, run_after=2023-01-14T00:00:00+00:00
[2023-01-14T21:00:31.981+0000] {logging_mixin.py:137} INFO - [2023-01-14T21:00:31.981+0000] {dag.py:3423} INFO - Setting next_dagrun for dataset_produces_2 to None, run_after=None
[2023-01-14T21:00:32.087+0000] {processor.py:175} INFO - Processing /media/prempeh/Nouveau nom/MASTER2/DATA ENGINEERING/airflow/py_env/lib/python3.10/site-packages/airflow/example_dags/example_datasets.py took 0.531 seconds
[2023-01-14T21:01:28.446+0000] {processor.py:153} INFO - Started process (PID=7312) to work on /media/prempeh/Nouveau nom/MASTER2/DATA ENGINEERING/airflow/py_env/lib/python3.10/site-packages/airflow/example_dags/example_datasets.py
[2023-01-14T21:01:28.450+0000] {processor.py:743} INFO - Processing file /media/prempeh/Nouveau nom/MASTER2/DATA ENGINEERING/airflow/py_env/lib/python3.10/site-packages/airflow/example_dags/example_datasets.py for tasks to queue
[2023-01-14T21:01:28.456+0000] {logging_mixin.py:137} INFO - [2023-01-14T21:01:28.456+0000] {dagbag.py:538} INFO - Filling up the DagBag from /media/prempeh/Nouveau nom/MASTER2/DATA ENGINEERING/airflow/py_env/lib/python3.10/site-packages/airflow/example_dags/example_datasets.py
[2023-01-14T21:01:28.636+0000] {processor.py:753} INFO - DAG(s) dict_keys(['dataset_produces_2', 'dataset_consumes_1_and_2', 'dataset_consumes_1', 'dataset_produces_1', 'dataset_consumes_unknown_never_scheduled', 'dataset_consumes_1_never_scheduled']) retrieved from /media/prempeh/Nouveau nom/MASTER2/DATA ENGINEERING/airflow/py_env/lib/python3.10/site-packages/airflow/example_dags/example_datasets.py
[2023-01-14T21:01:28.889+0000] {logging_mixin.py:137} INFO - [2023-01-14T21:01:28.889+0000] {dag.py:2676} INFO - Sync 6 DAGs
[2023-01-14T21:01:28.948+0000] {logging_mixin.py:137} INFO - [2023-01-14T21:01:28.947+0000] {dag.py:3423} INFO - Setting next_dagrun for dataset_consumes_1 to None, run_after=None
[2023-01-14T21:01:28.956+0000] {logging_mixin.py:137} INFO - [2023-01-14T21:01:28.955+0000] {dag.py:3423} INFO - Setting next_dagrun for dataset_consumes_1_and_2 to None, run_after=None
[2023-01-14T21:01:28.959+0000] {logging_mixin.py:137} INFO - [2023-01-14T21:01:28.958+0000] {dag.py:3423} INFO - Setting next_dagrun for dataset_consumes_1_never_scheduled to None, run_after=None
[2023-01-14T21:01:28.961+0000] {logging_mixin.py:137} INFO - [2023-01-14T21:01:28.961+0000] {dag.py:3423} INFO - Setting next_dagrun for dataset_consumes_unknown_never_scheduled to None, run_after=None
[2023-01-14T21:01:28.969+0000] {logging_mixin.py:137} INFO - [2023-01-14T21:01:28.968+0000] {dag.py:3423} INFO - Setting next_dagrun for dataset_produces_1 to 2023-01-13T00:00:00+00:00, run_after=2023-01-14T00:00:00+00:00
[2023-01-14T21:01:28.971+0000] {logging_mixin.py:137} INFO - [2023-01-14T21:01:28.971+0000] {dag.py:3423} INFO - Setting next_dagrun for dataset_produces_2 to None, run_after=None
[2023-01-14T21:01:29.068+0000] {processor.py:175} INFO - Processing /media/prempeh/Nouveau nom/MASTER2/DATA ENGINEERING/airflow/py_env/lib/python3.10/site-packages/airflow/example_dags/example_datasets.py took 0.636 seconds
[2023-01-14T21:02:21.939+0000] {processor.py:153} INFO - Started process (PID=7376) to work on /media/prempeh/Nouveau nom/MASTER2/DATA ENGINEERING/airflow/py_env/lib/python3.10/site-packages/airflow/example_dags/example_datasets.py
[2023-01-14T21:02:21.942+0000] {processor.py:743} INFO - Processing file /media/prempeh/Nouveau nom/MASTER2/DATA ENGINEERING/airflow/py_env/lib/python3.10/site-packages/airflow/example_dags/example_datasets.py for tasks to queue
[2023-01-14T21:02:21.947+0000] {logging_mixin.py:137} INFO - [2023-01-14T21:02:21.947+0000] {dagbag.py:538} INFO - Filling up the DagBag from /media/prempeh/Nouveau nom/MASTER2/DATA ENGINEERING/airflow/py_env/lib/python3.10/site-packages/airflow/example_dags/example_datasets.py
[2023-01-14T21:02:22.076+0000] {processor.py:753} INFO - DAG(s) dict_keys(['dataset_produces_1', 'dataset_produces_2', 'dataset_consumes_1', 'dataset_consumes_1_never_scheduled', 'dataset_consumes_unknown_never_scheduled', 'dataset_consumes_1_and_2']) retrieved from /media/prempeh/Nouveau nom/MASTER2/DATA ENGINEERING/airflow/py_env/lib/python3.10/site-packages/airflow/example_dags/example_datasets.py
[2023-01-14T21:02:22.248+0000] {logging_mixin.py:137} INFO - [2023-01-14T21:02:22.248+0000] {dag.py:2676} INFO - Sync 6 DAGs
[2023-01-14T21:02:22.321+0000] {logging_mixin.py:137} INFO - [2023-01-14T21:02:22.321+0000] {dag.py:3423} INFO - Setting next_dagrun for dataset_consumes_1 to None, run_after=None
[2023-01-14T21:02:22.332+0000] {logging_mixin.py:137} INFO - [2023-01-14T21:02:22.331+0000] {dag.py:3423} INFO - Setting next_dagrun for dataset_consumes_1_and_2 to None, run_after=None
[2023-01-14T21:02:22.335+0000] {logging_mixin.py:137} INFO - [2023-01-14T21:02:22.335+0000] {dag.py:3423} INFO - Setting next_dagrun for dataset_consumes_1_never_scheduled to None, run_after=None
[2023-01-14T21:02:22.339+0000] {logging_mixin.py:137} INFO - [2023-01-14T21:02:22.338+0000] {dag.py:3423} INFO - Setting next_dagrun for dataset_consumes_unknown_never_scheduled to None, run_after=None
[2023-01-14T21:02:22.347+0000] {logging_mixin.py:137} INFO - [2023-01-14T21:02:22.347+0000] {dag.py:3423} INFO - Setting next_dagrun for dataset_produces_1 to 2023-01-13T00:00:00+00:00, run_after=2023-01-14T00:00:00+00:00
[2023-01-14T21:02:22.351+0000] {logging_mixin.py:137} INFO - [2023-01-14T21:02:22.350+0000] {dag.py:3423} INFO - Setting next_dagrun for dataset_produces_2 to None, run_after=None
[2023-01-14T21:02:22.455+0000] {processor.py:175} INFO - Processing /media/prempeh/Nouveau nom/MASTER2/DATA ENGINEERING/airflow/py_env/lib/python3.10/site-packages/airflow/example_dags/example_datasets.py took 0.525 seconds
[2023-01-14T21:03:37.462+0000] {processor.py:153} INFO - Started process (PID=7448) to work on /media/prempeh/Nouveau nom/MASTER2/DATA ENGINEERING/airflow/py_env/lib/python3.10/site-packages/airflow/example_dags/example_datasets.py
[2023-01-14T21:03:37.466+0000] {processor.py:743} INFO - Processing file /media/prempeh/Nouveau nom/MASTER2/DATA ENGINEERING/airflow/py_env/lib/python3.10/site-packages/airflow/example_dags/example_datasets.py for tasks to queue
[2023-01-14T21:03:37.473+0000] {logging_mixin.py:137} INFO - [2023-01-14T21:03:37.472+0000] {dagbag.py:538} INFO - Filling up the DagBag from /media/prempeh/Nouveau nom/MASTER2/DATA ENGINEERING/airflow/py_env/lib/python3.10/site-packages/airflow/example_dags/example_datasets.py
[2023-01-14T21:03:37.664+0000] {processor.py:753} INFO - DAG(s) dict_keys(['dataset_consumes_1_never_scheduled', 'dataset_produces_1', 'dataset_produces_2', 'dataset_consumes_1', 'dataset_consumes_1_and_2', 'dataset_consumes_unknown_never_scheduled']) retrieved from /media/prempeh/Nouveau nom/MASTER2/DATA ENGINEERING/airflow/py_env/lib/python3.10/site-packages/airflow/example_dags/example_datasets.py
[2023-01-14T21:03:37.952+0000] {logging_mixin.py:137} INFO - [2023-01-14T21:03:37.951+0000] {dag.py:2676} INFO - Sync 6 DAGs
[2023-01-14T21:03:38.078+0000] {logging_mixin.py:137} INFO - [2023-01-14T21:03:38.077+0000] {dag.py:3423} INFO - Setting next_dagrun for dataset_consumes_1 to None, run_after=None
[2023-01-14T21:03:38.090+0000] {logging_mixin.py:137} INFO - [2023-01-14T21:03:38.090+0000] {dag.py:3423} INFO - Setting next_dagrun for dataset_consumes_1_and_2 to None, run_after=None
[2023-01-14T21:03:38.101+0000] {logging_mixin.py:137} INFO - [2023-01-14T21:03:38.100+0000] {dag.py:3423} INFO - Setting next_dagrun for dataset_consumes_1_never_scheduled to None, run_after=None
[2023-01-14T21:03:38.106+0000] {logging_mixin.py:137} INFO - [2023-01-14T21:03:38.105+0000] {dag.py:3423} INFO - Setting next_dagrun for dataset_consumes_unknown_never_scheduled to None, run_after=None
[2023-01-14T21:03:38.134+0000] {logging_mixin.py:137} INFO - [2023-01-14T21:03:38.133+0000] {dag.py:3423} INFO - Setting next_dagrun for dataset_produces_1 to 2023-01-13T00:00:00+00:00, run_after=2023-01-14T00:00:00+00:00
[2023-01-14T21:03:38.138+0000] {logging_mixin.py:137} INFO - [2023-01-14T21:03:38.138+0000] {dag.py:3423} INFO - Setting next_dagrun for dataset_produces_2 to None, run_after=None
[2023-01-14T21:03:38.308+0000] {processor.py:175} INFO - Processing /media/prempeh/Nouveau nom/MASTER2/DATA ENGINEERING/airflow/py_env/lib/python3.10/site-packages/airflow/example_dags/example_datasets.py took 0.864 seconds
[2023-01-14T21:04:42.371+0000] {processor.py:153} INFO - Started process (PID=7511) to work on /media/prempeh/Nouveau nom/MASTER2/DATA ENGINEERING/airflow/py_env/lib/python3.10/site-packages/airflow/example_dags/example_datasets.py
[2023-01-14T21:04:42.374+0000] {processor.py:743} INFO - Processing file /media/prempeh/Nouveau nom/MASTER2/DATA ENGINEERING/airflow/py_env/lib/python3.10/site-packages/airflow/example_dags/example_datasets.py for tasks to queue
[2023-01-14T21:04:42.379+0000] {logging_mixin.py:137} INFO - [2023-01-14T21:04:42.379+0000] {dagbag.py:538} INFO - Filling up the DagBag from /media/prempeh/Nouveau nom/MASTER2/DATA ENGINEERING/airflow/py_env/lib/python3.10/site-packages/airflow/example_dags/example_datasets.py
[2023-01-14T21:04:42.504+0000] {processor.py:753} INFO - DAG(s) dict_keys(['dataset_consumes_1', 'dataset_consumes_unknown_never_scheduled', 'dataset_consumes_1_and_2', 'dataset_consumes_1_never_scheduled', 'dataset_produces_2', 'dataset_produces_1']) retrieved from /media/prempeh/Nouveau nom/MASTER2/DATA ENGINEERING/airflow/py_env/lib/python3.10/site-packages/airflow/example_dags/example_datasets.py
[2023-01-14T21:04:42.662+0000] {logging_mixin.py:137} INFO - [2023-01-14T21:04:42.662+0000] {dag.py:2676} INFO - Sync 6 DAGs
[2023-01-14T21:04:42.719+0000] {logging_mixin.py:137} INFO - [2023-01-14T21:04:42.719+0000] {dag.py:3423} INFO - Setting next_dagrun for dataset_consumes_1 to None, run_after=None
[2023-01-14T21:04:42.728+0000] {logging_mixin.py:137} INFO - [2023-01-14T21:04:42.727+0000] {dag.py:3423} INFO - Setting next_dagrun for dataset_consumes_1_and_2 to None, run_after=None
[2023-01-14T21:04:42.730+0000] {logging_mixin.py:137} INFO - [2023-01-14T21:04:42.730+0000] {dag.py:3423} INFO - Setting next_dagrun for dataset_consumes_1_never_scheduled to None, run_after=None
[2023-01-14T21:04:42.733+0000] {logging_mixin.py:137} INFO - [2023-01-14T21:04:42.733+0000] {dag.py:3423} INFO - Setting next_dagrun for dataset_consumes_unknown_never_scheduled to None, run_after=None
[2023-01-14T21:04:42.740+0000] {logging_mixin.py:137} INFO - [2023-01-14T21:04:42.740+0000] {dag.py:3423} INFO - Setting next_dagrun for dataset_produces_1 to 2023-01-13T00:00:00+00:00, run_after=2023-01-14T00:00:00+00:00
[2023-01-14T21:04:42.743+0000] {logging_mixin.py:137} INFO - [2023-01-14T21:04:42.743+0000] {dag.py:3423} INFO - Setting next_dagrun for dataset_produces_2 to None, run_after=None
[2023-01-14T21:04:42.837+0000] {processor.py:175} INFO - Processing /media/prempeh/Nouveau nom/MASTER2/DATA ENGINEERING/airflow/py_env/lib/python3.10/site-packages/airflow/example_dags/example_datasets.py took 0.474 seconds
[2023-01-14T21:05:40.504+0000] {processor.py:153} INFO - Started process (PID=7563) to work on /media/prempeh/Nouveau nom/MASTER2/DATA ENGINEERING/airflow/py_env/lib/python3.10/site-packages/airflow/example_dags/example_datasets.py
[2023-01-14T21:05:40.513+0000] {processor.py:743} INFO - Processing file /media/prempeh/Nouveau nom/MASTER2/DATA ENGINEERING/airflow/py_env/lib/python3.10/site-packages/airflow/example_dags/example_datasets.py for tasks to queue
[2023-01-14T21:05:40.520+0000] {logging_mixin.py:137} INFO - [2023-01-14T21:05:40.519+0000] {dagbag.py:538} INFO - Filling up the DagBag from /media/prempeh/Nouveau nom/MASTER2/DATA ENGINEERING/airflow/py_env/lib/python3.10/site-packages/airflow/example_dags/example_datasets.py
[2023-01-14T21:05:40.707+0000] {processor.py:753} INFO - DAG(s) dict_keys(['dataset_consumes_unknown_never_scheduled', 'dataset_consumes_1_never_scheduled', 'dataset_produces_2', 'dataset_consumes_1_and_2', 'dataset_consumes_1', 'dataset_produces_1']) retrieved from /media/prempeh/Nouveau nom/MASTER2/DATA ENGINEERING/airflow/py_env/lib/python3.10/site-packages/airflow/example_dags/example_datasets.py
[2023-01-14T21:05:40.975+0000] {logging_mixin.py:137} INFO - [2023-01-14T21:05:40.974+0000] {dag.py:2676} INFO - Sync 6 DAGs
[2023-01-14T21:05:41.089+0000] {logging_mixin.py:137} INFO - [2023-01-14T21:05:41.087+0000] {dag.py:3423} INFO - Setting next_dagrun for dataset_consumes_1 to None, run_after=None
[2023-01-14T21:05:41.110+0000] {logging_mixin.py:137} INFO - [2023-01-14T21:05:41.109+0000] {dag.py:3423} INFO - Setting next_dagrun for dataset_consumes_1_and_2 to None, run_after=None
[2023-01-14T21:05:41.115+0000] {logging_mixin.py:137} INFO - [2023-01-14T21:05:41.114+0000] {dag.py:3423} INFO - Setting next_dagrun for dataset_consumes_1_never_scheduled to None, run_after=None
[2023-01-14T21:05:41.120+0000] {logging_mixin.py:137} INFO - [2023-01-14T21:05:41.119+0000] {dag.py:3423} INFO - Setting next_dagrun for dataset_consumes_unknown_never_scheduled to None, run_after=None
[2023-01-14T21:05:41.138+0000] {logging_mixin.py:137} INFO - [2023-01-14T21:05:41.137+0000] {dag.py:3423} INFO - Setting next_dagrun for dataset_produces_1 to 2023-01-13T00:00:00+00:00, run_after=2023-01-14T00:00:00+00:00
[2023-01-14T21:05:41.143+0000] {logging_mixin.py:137} INFO - [2023-01-14T21:05:41.142+0000] {dag.py:3423} INFO - Setting next_dagrun for dataset_produces_2 to None, run_after=None
[2023-01-14T21:05:41.293+0000] {processor.py:175} INFO - Processing /media/prempeh/Nouveau nom/MASTER2/DATA ENGINEERING/airflow/py_env/lib/python3.10/site-packages/airflow/example_dags/example_datasets.py took 0.804 seconds
[2023-01-14T21:06:46.655+0000] {processor.py:153} INFO - Started process (PID=7791) to work on /media/prempeh/Nouveau nom/MASTER2/DATA ENGINEERING/airflow/py_env/lib/python3.10/site-packages/airflow/example_dags/example_datasets.py
[2023-01-14T21:06:46.658+0000] {processor.py:743} INFO - Processing file /media/prempeh/Nouveau nom/MASTER2/DATA ENGINEERING/airflow/py_env/lib/python3.10/site-packages/airflow/example_dags/example_datasets.py for tasks to queue
[2023-01-14T21:06:46.663+0000] {logging_mixin.py:137} INFO - [2023-01-14T21:06:46.662+0000] {dagbag.py:538} INFO - Filling up the DagBag from /media/prempeh/Nouveau nom/MASTER2/DATA ENGINEERING/airflow/py_env/lib/python3.10/site-packages/airflow/example_dags/example_datasets.py
[2023-01-14T21:06:46.787+0000] {processor.py:753} INFO - DAG(s) dict_keys(['dataset_consumes_1', 'dataset_consumes_1_and_2', 'dataset_consumes_unknown_never_scheduled', 'dataset_produces_1', 'dataset_produces_2', 'dataset_consumes_1_never_scheduled']) retrieved from /media/prempeh/Nouveau nom/MASTER2/DATA ENGINEERING/airflow/py_env/lib/python3.10/site-packages/airflow/example_dags/example_datasets.py
[2023-01-14T21:06:46.935+0000] {logging_mixin.py:137} INFO - [2023-01-14T21:06:46.935+0000] {dag.py:2676} INFO - Sync 6 DAGs
[2023-01-14T21:06:47.000+0000] {logging_mixin.py:137} INFO - [2023-01-14T21:06:46.999+0000] {dag.py:3423} INFO - Setting next_dagrun for dataset_consumes_1 to None, run_after=None
[2023-01-14T21:06:47.009+0000] {logging_mixin.py:137} INFO - [2023-01-14T21:06:47.008+0000] {dag.py:3423} INFO - Setting next_dagrun for dataset_consumes_1_and_2 to None, run_after=None
[2023-01-14T21:06:47.012+0000] {logging_mixin.py:137} INFO - [2023-01-14T21:06:47.012+0000] {dag.py:3423} INFO - Setting next_dagrun for dataset_consumes_1_never_scheduled to None, run_after=None
[2023-01-14T21:06:47.015+0000] {logging_mixin.py:137} INFO - [2023-01-14T21:06:47.015+0000] {dag.py:3423} INFO - Setting next_dagrun for dataset_consumes_unknown_never_scheduled to None, run_after=None
[2023-01-14T21:06:47.025+0000] {logging_mixin.py:137} INFO - [2023-01-14T21:06:47.025+0000] {dag.py:3423} INFO - Setting next_dagrun for dataset_produces_1 to 2023-01-13T00:00:00+00:00, run_after=2023-01-14T00:00:00+00:00
[2023-01-14T21:06:47.029+0000] {logging_mixin.py:137} INFO - [2023-01-14T21:06:47.028+0000] {dag.py:3423} INFO - Setting next_dagrun for dataset_produces_2 to None, run_after=None
[2023-01-14T21:06:47.125+0000] {processor.py:175} INFO - Processing /media/prempeh/Nouveau nom/MASTER2/DATA ENGINEERING/airflow/py_env/lib/python3.10/site-packages/airflow/example_dags/example_datasets.py took 0.478 seconds
[2023-01-14T21:08:27.133+0000] {processor.py:153} INFO - Started process (PID=8066) to work on /media/prempeh/Nouveau nom/MASTER2/DATA ENGINEERING/airflow/py_env/lib/python3.10/site-packages/airflow/example_dags/example_datasets.py
[2023-01-14T21:08:27.135+0000] {processor.py:743} INFO - Processing file /media/prempeh/Nouveau nom/MASTER2/DATA ENGINEERING/airflow/py_env/lib/python3.10/site-packages/airflow/example_dags/example_datasets.py for tasks to queue
[2023-01-14T21:08:27.140+0000] {logging_mixin.py:137} INFO - [2023-01-14T21:08:27.140+0000] {dagbag.py:538} INFO - Filling up the DagBag from /media/prempeh/Nouveau nom/MASTER2/DATA ENGINEERING/airflow/py_env/lib/python3.10/site-packages/airflow/example_dags/example_datasets.py
[2023-01-14T21:08:27.269+0000] {processor.py:753} INFO - DAG(s) dict_keys(['dataset_produces_2', 'dataset_consumes_1_never_scheduled', 'dataset_consumes_1', 'dataset_consumes_1_and_2', 'dataset_consumes_unknown_never_scheduled', 'dataset_produces_1']) retrieved from /media/prempeh/Nouveau nom/MASTER2/DATA ENGINEERING/airflow/py_env/lib/python3.10/site-packages/airflow/example_dags/example_datasets.py
[2023-01-14T21:08:27.447+0000] {logging_mixin.py:137} INFO - [2023-01-14T21:08:27.446+0000] {dag.py:2676} INFO - Sync 6 DAGs
[2023-01-14T21:08:27.512+0000] {logging_mixin.py:137} INFO - [2023-01-14T21:08:27.511+0000] {dag.py:3423} INFO - Setting next_dagrun for dataset_consumes_1 to None, run_after=None
[2023-01-14T21:08:27.521+0000] {logging_mixin.py:137} INFO - [2023-01-14T21:08:27.521+0000] {dag.py:3423} INFO - Setting next_dagrun for dataset_consumes_1_and_2 to None, run_after=None
[2023-01-14T21:08:27.524+0000] {logging_mixin.py:137} INFO - [2023-01-14T21:08:27.524+0000] {dag.py:3423} INFO - Setting next_dagrun for dataset_consumes_1_never_scheduled to None, run_after=None
[2023-01-14T21:08:27.528+0000] {logging_mixin.py:137} INFO - [2023-01-14T21:08:27.527+0000] {dag.py:3423} INFO - Setting next_dagrun for dataset_consumes_unknown_never_scheduled to None, run_after=None
[2023-01-14T21:08:27.536+0000] {logging_mixin.py:137} INFO - [2023-01-14T21:08:27.536+0000] {dag.py:3423} INFO - Setting next_dagrun for dataset_produces_1 to 2023-01-13T00:00:00+00:00, run_after=2023-01-14T00:00:00+00:00
[2023-01-14T21:08:27.539+0000] {logging_mixin.py:137} INFO - [2023-01-14T21:08:27.539+0000] {dag.py:3423} INFO - Setting next_dagrun for dataset_produces_2 to None, run_after=None
[2023-01-14T21:08:27.642+0000] {processor.py:175} INFO - Processing /media/prempeh/Nouveau nom/MASTER2/DATA ENGINEERING/airflow/py_env/lib/python3.10/site-packages/airflow/example_dags/example_datasets.py took 0.519 seconds
[2023-01-14T21:09:27.992+0000] {processor.py:153} INFO - Started process (PID=8113) to work on /media/prempeh/Nouveau nom/MASTER2/DATA ENGINEERING/airflow/py_env/lib/python3.10/site-packages/airflow/example_dags/example_datasets.py
[2023-01-14T21:09:27.995+0000] {processor.py:743} INFO - Processing file /media/prempeh/Nouveau nom/MASTER2/DATA ENGINEERING/airflow/py_env/lib/python3.10/site-packages/airflow/example_dags/example_datasets.py for tasks to queue
[2023-01-14T21:09:28.001+0000] {logging_mixin.py:137} INFO - [2023-01-14T21:09:28.000+0000] {dagbag.py:538} INFO - Filling up the DagBag from /media/prempeh/Nouveau nom/MASTER2/DATA ENGINEERING/airflow/py_env/lib/python3.10/site-packages/airflow/example_dags/example_datasets.py
[2023-01-14T21:09:28.130+0000] {processor.py:753} INFO - DAG(s) dict_keys(['dataset_consumes_1_never_scheduled', 'dataset_consumes_unknown_never_scheduled', 'dataset_produces_2', 'dataset_consumes_1_and_2', 'dataset_consumes_1', 'dataset_produces_1']) retrieved from /media/prempeh/Nouveau nom/MASTER2/DATA ENGINEERING/airflow/py_env/lib/python3.10/site-packages/airflow/example_dags/example_datasets.py
[2023-01-14T21:09:28.298+0000] {logging_mixin.py:137} INFO - [2023-01-14T21:09:28.297+0000] {dag.py:2676} INFO - Sync 6 DAGs
[2023-01-14T21:09:28.365+0000] {logging_mixin.py:137} INFO - [2023-01-14T21:09:28.365+0000] {dag.py:3423} INFO - Setting next_dagrun for dataset_consumes_1 to None, run_after=None
[2023-01-14T21:09:28.374+0000] {logging_mixin.py:137} INFO - [2023-01-14T21:09:28.374+0000] {dag.py:3423} INFO - Setting next_dagrun for dataset_consumes_1_and_2 to None, run_after=None
[2023-01-14T21:09:28.378+0000] {logging_mixin.py:137} INFO - [2023-01-14T21:09:28.377+0000] {dag.py:3423} INFO - Setting next_dagrun for dataset_consumes_1_never_scheduled to None, run_after=None
[2023-01-14T21:09:28.382+0000] {logging_mixin.py:137} INFO - [2023-01-14T21:09:28.381+0000] {dag.py:3423} INFO - Setting next_dagrun for dataset_consumes_unknown_never_scheduled to None, run_after=None
[2023-01-14T21:09:28.390+0000] {logging_mixin.py:137} INFO - [2023-01-14T21:09:28.390+0000] {dag.py:3423} INFO - Setting next_dagrun for dataset_produces_1 to 2023-01-13T00:00:00+00:00, run_after=2023-01-14T00:00:00+00:00
[2023-01-14T21:09:28.393+0000] {logging_mixin.py:137} INFO - [2023-01-14T21:09:28.393+0000] {dag.py:3423} INFO - Setting next_dagrun for dataset_produces_2 to None, run_after=None
[2023-01-14T21:09:28.491+0000] {processor.py:175} INFO - Processing /media/prempeh/Nouveau nom/MASTER2/DATA ENGINEERING/airflow/py_env/lib/python3.10/site-packages/airflow/example_dags/example_datasets.py took 0.510 seconds
[2023-01-14T21:10:28.550+0000] {processor.py:153} INFO - Started process (PID=8160) to work on /media/prempeh/Nouveau nom/MASTER2/DATA ENGINEERING/airflow/py_env/lib/python3.10/site-packages/airflow/example_dags/example_datasets.py
[2023-01-14T21:10:28.554+0000] {processor.py:743} INFO - Processing file /media/prempeh/Nouveau nom/MASTER2/DATA ENGINEERING/airflow/py_env/lib/python3.10/site-packages/airflow/example_dags/example_datasets.py for tasks to queue
[2023-01-14T21:10:28.559+0000] {logging_mixin.py:137} INFO - [2023-01-14T21:10:28.559+0000] {dagbag.py:538} INFO - Filling up the DagBag from /media/prempeh/Nouveau nom/MASTER2/DATA ENGINEERING/airflow/py_env/lib/python3.10/site-packages/airflow/example_dags/example_datasets.py
[2023-01-14T21:10:28.724+0000] {processor.py:753} INFO - DAG(s) dict_keys(['dataset_produces_1', 'dataset_consumes_1_and_2', 'dataset_consumes_1_never_scheduled', 'dataset_consumes_1', 'dataset_consumes_unknown_never_scheduled', 'dataset_produces_2']) retrieved from /media/prempeh/Nouveau nom/MASTER2/DATA ENGINEERING/airflow/py_env/lib/python3.10/site-packages/airflow/example_dags/example_datasets.py
[2023-01-14T21:10:28.926+0000] {logging_mixin.py:137} INFO - [2023-01-14T21:10:28.926+0000] {dag.py:2676} INFO - Sync 6 DAGs
[2023-01-14T21:10:29.021+0000] {logging_mixin.py:137} INFO - [2023-01-14T21:10:29.020+0000] {dag.py:3423} INFO - Setting next_dagrun for dataset_consumes_1 to None, run_after=None
[2023-01-14T21:10:29.034+0000] {logging_mixin.py:137} INFO - [2023-01-14T21:10:29.033+0000] {dag.py:3423} INFO - Setting next_dagrun for dataset_consumes_1_and_2 to None, run_after=None
[2023-01-14T21:10:29.040+0000] {logging_mixin.py:137} INFO - [2023-01-14T21:10:29.039+0000] {dag.py:3423} INFO - Setting next_dagrun for dataset_consumes_1_never_scheduled to None, run_after=None
[2023-01-14T21:10:29.046+0000] {logging_mixin.py:137} INFO - [2023-01-14T21:10:29.045+0000] {dag.py:3423} INFO - Setting next_dagrun for dataset_consumes_unknown_never_scheduled to None, run_after=None
[2023-01-14T21:10:29.059+0000] {logging_mixin.py:137} INFO - [2023-01-14T21:10:29.058+0000] {dag.py:3423} INFO - Setting next_dagrun for dataset_produces_1 to 2023-01-13T00:00:00+00:00, run_after=2023-01-14T00:00:00+00:00
[2023-01-14T21:10:29.063+0000] {logging_mixin.py:137} INFO - [2023-01-14T21:10:29.063+0000] {dag.py:3423} INFO - Setting next_dagrun for dataset_produces_2 to None, run_after=None
[2023-01-14T21:10:29.197+0000] {processor.py:175} INFO - Processing /media/prempeh/Nouveau nom/MASTER2/DATA ENGINEERING/airflow/py_env/lib/python3.10/site-packages/airflow/example_dags/example_datasets.py took 0.659 seconds
[2023-01-14T21:11:31.799+0000] {processor.py:153} INFO - Started process (PID=8209) to work on /media/prempeh/Nouveau nom/MASTER2/DATA ENGINEERING/airflow/py_env/lib/python3.10/site-packages/airflow/example_dags/example_datasets.py
[2023-01-14T21:11:31.802+0000] {processor.py:743} INFO - Processing file /media/prempeh/Nouveau nom/MASTER2/DATA ENGINEERING/airflow/py_env/lib/python3.10/site-packages/airflow/example_dags/example_datasets.py for tasks to queue
[2023-01-14T21:11:31.807+0000] {logging_mixin.py:137} INFO - [2023-01-14T21:11:31.807+0000] {dagbag.py:538} INFO - Filling up the DagBag from /media/prempeh/Nouveau nom/MASTER2/DATA ENGINEERING/airflow/py_env/lib/python3.10/site-packages/airflow/example_dags/example_datasets.py
[2023-01-14T21:11:31.934+0000] {processor.py:753} INFO - DAG(s) dict_keys(['dataset_produces_2', 'dataset_consumes_1_and_2', 'dataset_consumes_1', 'dataset_produces_1', 'dataset_consumes_1_never_scheduled', 'dataset_consumes_unknown_never_scheduled']) retrieved from /media/prempeh/Nouveau nom/MASTER2/DATA ENGINEERING/airflow/py_env/lib/python3.10/site-packages/airflow/example_dags/example_datasets.py
[2023-01-14T21:11:32.092+0000] {logging_mixin.py:137} INFO - [2023-01-14T21:11:32.091+0000] {dag.py:2676} INFO - Sync 6 DAGs
[2023-01-14T21:11:32.158+0000] {logging_mixin.py:137} INFO - [2023-01-14T21:11:32.158+0000] {dag.py:3423} INFO - Setting next_dagrun for dataset_consumes_1 to None, run_after=None
[2023-01-14T21:11:32.168+0000] {logging_mixin.py:137} INFO - [2023-01-14T21:11:32.168+0000] {dag.py:3423} INFO - Setting next_dagrun for dataset_consumes_1_and_2 to None, run_after=None
[2023-01-14T21:11:32.171+0000] {logging_mixin.py:137} INFO - [2023-01-14T21:11:32.171+0000] {dag.py:3423} INFO - Setting next_dagrun for dataset_consumes_1_never_scheduled to None, run_after=None
[2023-01-14T21:11:32.174+0000] {logging_mixin.py:137} INFO - [2023-01-14T21:11:32.174+0000] {dag.py:3423} INFO - Setting next_dagrun for dataset_consumes_unknown_never_scheduled to None, run_after=None
[2023-01-14T21:11:32.182+0000] {logging_mixin.py:137} INFO - [2023-01-14T21:11:32.182+0000] {dag.py:3423} INFO - Setting next_dagrun for dataset_produces_1 to 2023-01-13T00:00:00+00:00, run_after=2023-01-14T00:00:00+00:00
[2023-01-14T21:11:32.185+0000] {logging_mixin.py:137} INFO - [2023-01-14T21:11:32.185+0000] {dag.py:3423} INFO - Setting next_dagrun for dataset_produces_2 to None, run_after=None
[2023-01-14T21:11:32.286+0000] {processor.py:175} INFO - Processing /media/prempeh/Nouveau nom/MASTER2/DATA ENGINEERING/airflow/py_env/lib/python3.10/site-packages/airflow/example_dags/example_datasets.py took 0.495 seconds
[2023-01-14T21:12:41.482+0000] {processor.py:153} INFO - Started process (PID=8253) to work on /media/prempeh/Nouveau nom/MASTER2/DATA ENGINEERING/airflow/py_env/lib/python3.10/site-packages/airflow/example_dags/example_datasets.py
[2023-01-14T21:12:41.485+0000] {processor.py:743} INFO - Processing file /media/prempeh/Nouveau nom/MASTER2/DATA ENGINEERING/airflow/py_env/lib/python3.10/site-packages/airflow/example_dags/example_datasets.py for tasks to queue
[2023-01-14T21:12:41.489+0000] {logging_mixin.py:137} INFO - [2023-01-14T21:12:41.489+0000] {dagbag.py:538} INFO - Filling up the DagBag from /media/prempeh/Nouveau nom/MASTER2/DATA ENGINEERING/airflow/py_env/lib/python3.10/site-packages/airflow/example_dags/example_datasets.py
[2023-01-14T21:12:41.629+0000] {processor.py:753} INFO - DAG(s) dict_keys(['dataset_consumes_1_never_scheduled', 'dataset_consumes_1_and_2', 'dataset_produces_1', 'dataset_produces_2', 'dataset_consumes_1', 'dataset_consumes_unknown_never_scheduled']) retrieved from /media/prempeh/Nouveau nom/MASTER2/DATA ENGINEERING/airflow/py_env/lib/python3.10/site-packages/airflow/example_dags/example_datasets.py
[2023-01-14T21:12:41.812+0000] {logging_mixin.py:137} INFO - [2023-01-14T21:12:41.811+0000] {dag.py:2676} INFO - Sync 6 DAGs
[2023-01-14T21:12:41.881+0000] {logging_mixin.py:137} INFO - [2023-01-14T21:12:41.880+0000] {dag.py:3423} INFO - Setting next_dagrun for dataset_consumes_1 to None, run_after=None
[2023-01-14T21:12:41.890+0000] {logging_mixin.py:137} INFO - [2023-01-14T21:12:41.890+0000] {dag.py:3423} INFO - Setting next_dagrun for dataset_consumes_1_and_2 to None, run_after=None
[2023-01-14T21:12:41.896+0000] {logging_mixin.py:137} INFO - [2023-01-14T21:12:41.895+0000] {dag.py:3423} INFO - Setting next_dagrun for dataset_consumes_1_never_scheduled to None, run_after=None
[2023-01-14T21:12:41.899+0000] {logging_mixin.py:137} INFO - [2023-01-14T21:12:41.899+0000] {dag.py:3423} INFO - Setting next_dagrun for dataset_consumes_unknown_never_scheduled to None, run_after=None
[2023-01-14T21:12:41.908+0000] {logging_mixin.py:137} INFO - [2023-01-14T21:12:41.907+0000] {dag.py:3423} INFO - Setting next_dagrun for dataset_produces_1 to 2023-01-13T00:00:00+00:00, run_after=2023-01-14T00:00:00+00:00
[2023-01-14T21:12:41.911+0000] {logging_mixin.py:137} INFO - [2023-01-14T21:12:41.911+0000] {dag.py:3423} INFO - Setting next_dagrun for dataset_produces_2 to None, run_after=None
[2023-01-14T21:12:42.010+0000] {processor.py:175} INFO - Processing /media/prempeh/Nouveau nom/MASTER2/DATA ENGINEERING/airflow/py_env/lib/python3.10/site-packages/airflow/example_dags/example_datasets.py took 0.536 seconds
[2023-01-14T21:13:56.383+0000] {processor.py:153} INFO - Started process (PID=8306) to work on /media/prempeh/Nouveau nom/MASTER2/DATA ENGINEERING/airflow/py_env/lib/python3.10/site-packages/airflow/example_dags/example_datasets.py
[2023-01-14T21:13:56.385+0000] {processor.py:743} INFO - Processing file /media/prempeh/Nouveau nom/MASTER2/DATA ENGINEERING/airflow/py_env/lib/python3.10/site-packages/airflow/example_dags/example_datasets.py for tasks to queue
[2023-01-14T21:13:56.390+0000] {logging_mixin.py:137} INFO - [2023-01-14T21:13:56.389+0000] {dagbag.py:538} INFO - Filling up the DagBag from /media/prempeh/Nouveau nom/MASTER2/DATA ENGINEERING/airflow/py_env/lib/python3.10/site-packages/airflow/example_dags/example_datasets.py
[2023-01-14T21:13:56.531+0000] {processor.py:753} INFO - DAG(s) dict_keys(['dataset_produces_1', 'dataset_produces_2', 'dataset_consumes_1', 'dataset_consumes_unknown_never_scheduled', 'dataset_consumes_1_never_scheduled', 'dataset_consumes_1_and_2']) retrieved from /media/prempeh/Nouveau nom/MASTER2/DATA ENGINEERING/airflow/py_env/lib/python3.10/site-packages/airflow/example_dags/example_datasets.py
[2023-01-14T21:13:56.702+0000] {logging_mixin.py:137} INFO - [2023-01-14T21:13:56.701+0000] {dag.py:2676} INFO - Sync 6 DAGs
[2023-01-14T21:13:56.765+0000] {logging_mixin.py:137} INFO - [2023-01-14T21:13:56.764+0000] {dag.py:3423} INFO - Setting next_dagrun for dataset_consumes_1 to None, run_after=None
[2023-01-14T21:13:56.775+0000] {logging_mixin.py:137} INFO - [2023-01-14T21:13:56.775+0000] {dag.py:3423} INFO - Setting next_dagrun for dataset_consumes_1_and_2 to None, run_after=None
[2023-01-14T21:13:56.779+0000] {logging_mixin.py:137} INFO - [2023-01-14T21:13:56.779+0000] {dag.py:3423} INFO - Setting next_dagrun for dataset_consumes_1_never_scheduled to None, run_after=None
[2023-01-14T21:13:56.782+0000] {logging_mixin.py:137} INFO - [2023-01-14T21:13:56.782+0000] {dag.py:3423} INFO - Setting next_dagrun for dataset_consumes_unknown_never_scheduled to None, run_after=None
[2023-01-14T21:13:56.790+0000] {logging_mixin.py:137} INFO - [2023-01-14T21:13:56.790+0000] {dag.py:3423} INFO - Setting next_dagrun for dataset_produces_1 to 2023-01-13T00:00:00+00:00, run_after=2023-01-14T00:00:00+00:00
[2023-01-14T21:13:56.793+0000] {logging_mixin.py:137} INFO - [2023-01-14T21:13:56.793+0000] {dag.py:3423} INFO - Setting next_dagrun for dataset_produces_2 to None, run_after=None
[2023-01-14T21:13:56.890+0000] {processor.py:175} INFO - Processing /media/prempeh/Nouveau nom/MASTER2/DATA ENGINEERING/airflow/py_env/lib/python3.10/site-packages/airflow/example_dags/example_datasets.py took 0.516 seconds
[2023-01-14T21:15:03.716+0000] {processor.py:153} INFO - Started process (PID=8446) to work on /media/prempeh/Nouveau nom/MASTER2/DATA ENGINEERING/airflow/py_env/lib/python3.10/site-packages/airflow/example_dags/example_datasets.py
[2023-01-14T21:15:03.722+0000] {processor.py:743} INFO - Processing file /media/prempeh/Nouveau nom/MASTER2/DATA ENGINEERING/airflow/py_env/lib/python3.10/site-packages/airflow/example_dags/example_datasets.py for tasks to queue
[2023-01-14T21:15:03.734+0000] {logging_mixin.py:137} INFO - [2023-01-14T21:15:03.734+0000] {dagbag.py:538} INFO - Filling up the DagBag from /media/prempeh/Nouveau nom/MASTER2/DATA ENGINEERING/airflow/py_env/lib/python3.10/site-packages/airflow/example_dags/example_datasets.py
[2023-01-14T21:15:03.918+0000] {processor.py:753} INFO - DAG(s) dict_keys(['dataset_produces_2', 'dataset_consumes_unknown_never_scheduled', 'dataset_consumes_1', 'dataset_consumes_1_and_2', 'dataset_produces_1', 'dataset_consumes_1_never_scheduled']) retrieved from /media/prempeh/Nouveau nom/MASTER2/DATA ENGINEERING/airflow/py_env/lib/python3.10/site-packages/airflow/example_dags/example_datasets.py
[2023-01-14T21:15:04.187+0000] {logging_mixin.py:137} INFO - [2023-01-14T21:15:04.187+0000] {dag.py:2676} INFO - Sync 6 DAGs
[2023-01-14T21:15:04.284+0000] {logging_mixin.py:137} INFO - [2023-01-14T21:15:04.283+0000] {dag.py:3423} INFO - Setting next_dagrun for dataset_consumes_1 to None, run_after=None
[2023-01-14T21:15:04.298+0000] {logging_mixin.py:137} INFO - [2023-01-14T21:15:04.297+0000] {dag.py:3423} INFO - Setting next_dagrun for dataset_consumes_1_and_2 to None, run_after=None
[2023-01-14T21:15:04.302+0000] {logging_mixin.py:137} INFO - [2023-01-14T21:15:04.302+0000] {dag.py:3423} INFO - Setting next_dagrun for dataset_consumes_1_never_scheduled to None, run_after=None
[2023-01-14T21:15:04.306+0000] {logging_mixin.py:137} INFO - [2023-01-14T21:15:04.306+0000] {dag.py:3423} INFO - Setting next_dagrun for dataset_consumes_unknown_never_scheduled to None, run_after=None
[2023-01-14T21:15:04.320+0000] {logging_mixin.py:137} INFO - [2023-01-14T21:15:04.319+0000] {dag.py:3423} INFO - Setting next_dagrun for dataset_produces_1 to 2023-01-13T00:00:00+00:00, run_after=2023-01-14T00:00:00+00:00
[2023-01-14T21:15:04.324+0000] {logging_mixin.py:137} INFO - [2023-01-14T21:15:04.324+0000] {dag.py:3423} INFO - Setting next_dagrun for dataset_produces_2 to None, run_after=None
[2023-01-14T21:15:04.463+0000] {processor.py:175} INFO - Processing /media/prempeh/Nouveau nom/MASTER2/DATA ENGINEERING/airflow/py_env/lib/python3.10/site-packages/airflow/example_dags/example_datasets.py took 0.758 seconds
[2023-01-14T21:16:16.182+0000] {processor.py:153} INFO - Started process (PID=9030) to work on /media/prempeh/Nouveau nom/MASTER2/DATA ENGINEERING/airflow/py_env/lib/python3.10/site-packages/airflow/example_dags/example_datasets.py
[2023-01-14T21:16:16.185+0000] {processor.py:743} INFO - Processing file /media/prempeh/Nouveau nom/MASTER2/DATA ENGINEERING/airflow/py_env/lib/python3.10/site-packages/airflow/example_dags/example_datasets.py for tasks to queue
[2023-01-14T21:16:16.189+0000] {logging_mixin.py:137} INFO - [2023-01-14T21:16:16.188+0000] {dagbag.py:538} INFO - Filling up the DagBag from /media/prempeh/Nouveau nom/MASTER2/DATA ENGINEERING/airflow/py_env/lib/python3.10/site-packages/airflow/example_dags/example_datasets.py
[2023-01-14T21:16:16.314+0000] {processor.py:753} INFO - DAG(s) dict_keys(['dataset_consumes_1', 'dataset_consumes_unknown_never_scheduled', 'dataset_produces_2', 'dataset_consumes_1_and_2', 'dataset_produces_1', 'dataset_consumes_1_never_scheduled']) retrieved from /media/prempeh/Nouveau nom/MASTER2/DATA ENGINEERING/airflow/py_env/lib/python3.10/site-packages/airflow/example_dags/example_datasets.py
[2023-01-14T21:16:16.488+0000] {logging_mixin.py:137} INFO - [2023-01-14T21:16:16.487+0000] {dag.py:2676} INFO - Sync 6 DAGs
[2023-01-14T21:16:16.562+0000] {logging_mixin.py:137} INFO - [2023-01-14T21:16:16.561+0000] {dag.py:3423} INFO - Setting next_dagrun for dataset_consumes_1 to None, run_after=None
[2023-01-14T21:16:16.585+0000] {logging_mixin.py:137} INFO - [2023-01-14T21:16:16.584+0000] {dag.py:3423} INFO - Setting next_dagrun for dataset_consumes_1_and_2 to None, run_after=None
[2023-01-14T21:16:16.590+0000] {logging_mixin.py:137} INFO - [2023-01-14T21:16:16.589+0000] {dag.py:3423} INFO - Setting next_dagrun for dataset_consumes_1_never_scheduled to None, run_after=None
[2023-01-14T21:16:16.595+0000] {logging_mixin.py:137} INFO - [2023-01-14T21:16:16.594+0000] {dag.py:3423} INFO - Setting next_dagrun for dataset_consumes_unknown_never_scheduled to None, run_after=None
[2023-01-14T21:16:16.605+0000] {logging_mixin.py:137} INFO - [2023-01-14T21:16:16.604+0000] {dag.py:3423} INFO - Setting next_dagrun for dataset_produces_1 to 2023-01-13T00:00:00+00:00, run_after=2023-01-14T00:00:00+00:00
[2023-01-14T21:16:16.610+0000] {logging_mixin.py:137} INFO - [2023-01-14T21:16:16.609+0000] {dag.py:3423} INFO - Setting next_dagrun for dataset_produces_2 to None, run_after=None
[2023-01-14T21:16:16.732+0000] {processor.py:175} INFO - Processing /media/prempeh/Nouveau nom/MASTER2/DATA ENGINEERING/airflow/py_env/lib/python3.10/site-packages/airflow/example_dags/example_datasets.py took 0.560 seconds
[2023-01-14T21:17:29.257+0000] {processor.py:153} INFO - Started process (PID=9157) to work on /media/prempeh/Nouveau nom/MASTER2/DATA ENGINEERING/airflow/py_env/lib/python3.10/site-packages/airflow/example_dags/example_datasets.py
[2023-01-14T21:17:29.260+0000] {processor.py:743} INFO - Processing file /media/prempeh/Nouveau nom/MASTER2/DATA ENGINEERING/airflow/py_env/lib/python3.10/site-packages/airflow/example_dags/example_datasets.py for tasks to queue
[2023-01-14T21:17:29.265+0000] {logging_mixin.py:137} INFO - [2023-01-14T21:17:29.265+0000] {dagbag.py:538} INFO - Filling up the DagBag from /media/prempeh/Nouveau nom/MASTER2/DATA ENGINEERING/airflow/py_env/lib/python3.10/site-packages/airflow/example_dags/example_datasets.py
[2023-01-14T21:17:29.408+0000] {processor.py:753} INFO - DAG(s) dict_keys(['dataset_produces_2', 'dataset_consumes_1_and_2', 'dataset_consumes_1_never_scheduled', 'dataset_produces_1', 'dataset_consumes_unknown_never_scheduled', 'dataset_consumes_1']) retrieved from /media/prempeh/Nouveau nom/MASTER2/DATA ENGINEERING/airflow/py_env/lib/python3.10/site-packages/airflow/example_dags/example_datasets.py
[2023-01-14T21:17:29.584+0000] {logging_mixin.py:137} INFO - [2023-01-14T21:17:29.583+0000] {dag.py:2676} INFO - Sync 6 DAGs
[2023-01-14T21:17:29.672+0000] {logging_mixin.py:137} INFO - [2023-01-14T21:17:29.671+0000] {dag.py:3423} INFO - Setting next_dagrun for dataset_consumes_1 to None, run_after=None
[2023-01-14T21:17:29.682+0000] {logging_mixin.py:137} INFO - [2023-01-14T21:17:29.682+0000] {dag.py:3423} INFO - Setting next_dagrun for dataset_consumes_1_and_2 to None, run_after=None
[2023-01-14T21:17:29.686+0000] {logging_mixin.py:137} INFO - [2023-01-14T21:17:29.685+0000] {dag.py:3423} INFO - Setting next_dagrun for dataset_consumes_1_never_scheduled to None, run_after=None
[2023-01-14T21:17:29.689+0000] {logging_mixin.py:137} INFO - [2023-01-14T21:17:29.689+0000] {dag.py:3423} INFO - Setting next_dagrun for dataset_consumes_unknown_never_scheduled to None, run_after=None
[2023-01-14T21:17:29.700+0000] {logging_mixin.py:137} INFO - [2023-01-14T21:17:29.699+0000] {dag.py:3423} INFO - Setting next_dagrun for dataset_produces_1 to 2023-01-13T00:00:00+00:00, run_after=2023-01-14T00:00:00+00:00
[2023-01-14T21:17:29.704+0000] {logging_mixin.py:137} INFO - [2023-01-14T21:17:29.703+0000] {dag.py:3423} INFO - Setting next_dagrun for dataset_produces_2 to None, run_after=None
[2023-01-14T21:17:29.810+0000] {processor.py:175} INFO - Processing /media/prempeh/Nouveau nom/MASTER2/DATA ENGINEERING/airflow/py_env/lib/python3.10/site-packages/airflow/example_dags/example_datasets.py took 0.562 seconds
[2023-01-14T21:18:40.158+0000] {processor.py:153} INFO - Started process (PID=9381) to work on /media/prempeh/Nouveau nom/MASTER2/DATA ENGINEERING/airflow/py_env/lib/python3.10/site-packages/airflow/example_dags/example_datasets.py
[2023-01-14T21:18:40.164+0000] {processor.py:743} INFO - Processing file /media/prempeh/Nouveau nom/MASTER2/DATA ENGINEERING/airflow/py_env/lib/python3.10/site-packages/airflow/example_dags/example_datasets.py for tasks to queue
[2023-01-14T21:18:40.171+0000] {logging_mixin.py:137} INFO - [2023-01-14T21:18:40.171+0000] {dagbag.py:538} INFO - Filling up the DagBag from /media/prempeh/Nouveau nom/MASTER2/DATA ENGINEERING/airflow/py_env/lib/python3.10/site-packages/airflow/example_dags/example_datasets.py
[2023-01-14T21:18:40.379+0000] {processor.py:753} INFO - DAG(s) dict_keys(['dataset_produces_1', 'dataset_produces_2', 'dataset_consumes_1', 'dataset_consumes_unknown_never_scheduled', 'dataset_consumes_1_and_2', 'dataset_consumes_1_never_scheduled']) retrieved from /media/prempeh/Nouveau nom/MASTER2/DATA ENGINEERING/airflow/py_env/lib/python3.10/site-packages/airflow/example_dags/example_datasets.py
[2023-01-14T21:18:40.613+0000] {logging_mixin.py:137} INFO - [2023-01-14T21:18:40.613+0000] {dag.py:2676} INFO - Sync 6 DAGs
[2023-01-14T21:18:40.702+0000] {logging_mixin.py:137} INFO - [2023-01-14T21:18:40.701+0000] {dag.py:3423} INFO - Setting next_dagrun for dataset_consumes_1 to None, run_after=None
[2023-01-14T21:18:40.717+0000] {logging_mixin.py:137} INFO - [2023-01-14T21:18:40.716+0000] {dag.py:3423} INFO - Setting next_dagrun for dataset_consumes_1_and_2 to None, run_after=None
[2023-01-14T21:18:40.722+0000] {logging_mixin.py:137} INFO - [2023-01-14T21:18:40.722+0000] {dag.py:3423} INFO - Setting next_dagrun for dataset_consumes_1_never_scheduled to None, run_after=None
[2023-01-14T21:18:40.727+0000] {logging_mixin.py:137} INFO - [2023-01-14T21:18:40.727+0000] {dag.py:3423} INFO - Setting next_dagrun for dataset_consumes_unknown_never_scheduled to None, run_after=None
[2023-01-14T21:18:40.739+0000] {logging_mixin.py:137} INFO - [2023-01-14T21:18:40.739+0000] {dag.py:3423} INFO - Setting next_dagrun for dataset_produces_1 to 2023-01-13T00:00:00+00:00, run_after=2023-01-14T00:00:00+00:00
[2023-01-14T21:18:40.743+0000] {logging_mixin.py:137} INFO - [2023-01-14T21:18:40.742+0000] {dag.py:3423} INFO - Setting next_dagrun for dataset_produces_2 to None, run_after=None
[2023-01-14T21:18:40.835+0000] {processor.py:175} INFO - Processing /media/prempeh/Nouveau nom/MASTER2/DATA ENGINEERING/airflow/py_env/lib/python3.10/site-packages/airflow/example_dags/example_datasets.py took 0.688 seconds
[2023-01-14T21:19:56.122+0000] {processor.py:153} INFO - Started process (PID=9674) to work on /media/prempeh/Nouveau nom/MASTER2/DATA ENGINEERING/airflow/py_env/lib/python3.10/site-packages/airflow/example_dags/example_datasets.py
[2023-01-14T21:19:56.125+0000] {processor.py:743} INFO - Processing file /media/prempeh/Nouveau nom/MASTER2/DATA ENGINEERING/airflow/py_env/lib/python3.10/site-packages/airflow/example_dags/example_datasets.py for tasks to queue
[2023-01-14T21:19:56.129+0000] {logging_mixin.py:137} INFO - [2023-01-14T21:19:56.129+0000] {dagbag.py:538} INFO - Filling up the DagBag from /media/prempeh/Nouveau nom/MASTER2/DATA ENGINEERING/airflow/py_env/lib/python3.10/site-packages/airflow/example_dags/example_datasets.py
[2023-01-14T21:19:56.265+0000] {processor.py:753} INFO - DAG(s) dict_keys(['dataset_produces_2', 'dataset_consumes_1_and_2', 'dataset_consumes_1', 'dataset_consumes_unknown_never_scheduled', 'dataset_consumes_1_never_scheduled', 'dataset_produces_1']) retrieved from /media/prempeh/Nouveau nom/MASTER2/DATA ENGINEERING/airflow/py_env/lib/python3.10/site-packages/airflow/example_dags/example_datasets.py
[2023-01-14T21:19:56.447+0000] {logging_mixin.py:137} INFO - [2023-01-14T21:19:56.447+0000] {dag.py:2676} INFO - Sync 6 DAGs
[2023-01-14T21:19:56.511+0000] {logging_mixin.py:137} INFO - [2023-01-14T21:19:56.511+0000] {dag.py:3423} INFO - Setting next_dagrun for dataset_consumes_1 to None, run_after=None
[2023-01-14T21:19:56.521+0000] {logging_mixin.py:137} INFO - [2023-01-14T21:19:56.521+0000] {dag.py:3423} INFO - Setting next_dagrun for dataset_consumes_1_and_2 to None, run_after=None
[2023-01-14T21:19:56.525+0000] {logging_mixin.py:137} INFO - [2023-01-14T21:19:56.524+0000] {dag.py:3423} INFO - Setting next_dagrun for dataset_consumes_1_never_scheduled to None, run_after=None
[2023-01-14T21:19:56.528+0000] {logging_mixin.py:137} INFO - [2023-01-14T21:19:56.528+0000] {dag.py:3423} INFO - Setting next_dagrun for dataset_consumes_unknown_never_scheduled to None, run_after=None
[2023-01-14T21:19:56.539+0000] {logging_mixin.py:137} INFO - [2023-01-14T21:19:56.539+0000] {dag.py:3423} INFO - Setting next_dagrun for dataset_produces_1 to 2023-01-13T00:00:00+00:00, run_after=2023-01-14T00:00:00+00:00
[2023-01-14T21:19:56.543+0000] {logging_mixin.py:137} INFO - [2023-01-14T21:19:56.543+0000] {dag.py:3423} INFO - Setting next_dagrun for dataset_produces_2 to None, run_after=None
[2023-01-14T21:19:56.642+0000] {processor.py:175} INFO - Processing /media/prempeh/Nouveau nom/MASTER2/DATA ENGINEERING/airflow/py_env/lib/python3.10/site-packages/airflow/example_dags/example_datasets.py took 0.529 seconds
[2023-01-14T21:21:04.966+0000] {processor.py:153} INFO - Started process (PID=9815) to work on /media/prempeh/Nouveau nom/MASTER2/DATA ENGINEERING/airflow/py_env/lib/python3.10/site-packages/airflow/example_dags/example_datasets.py
[2023-01-14T21:21:04.969+0000] {processor.py:743} INFO - Processing file /media/prempeh/Nouveau nom/MASTER2/DATA ENGINEERING/airflow/py_env/lib/python3.10/site-packages/airflow/example_dags/example_datasets.py for tasks to queue
[2023-01-14T21:21:04.973+0000] {logging_mixin.py:137} INFO - [2023-01-14T21:21:04.973+0000] {dagbag.py:538} INFO - Filling up the DagBag from /media/prempeh/Nouveau nom/MASTER2/DATA ENGINEERING/airflow/py_env/lib/python3.10/site-packages/airflow/example_dags/example_datasets.py
[2023-01-14T21:21:05.135+0000] {processor.py:753} INFO - DAG(s) dict_keys(['dataset_consumes_1_never_scheduled', 'dataset_produces_1', 'dataset_consumes_1', 'dataset_consumes_unknown_never_scheduled', 'dataset_produces_2', 'dataset_consumes_1_and_2']) retrieved from /media/prempeh/Nouveau nom/MASTER2/DATA ENGINEERING/airflow/py_env/lib/python3.10/site-packages/airflow/example_dags/example_datasets.py
[2023-01-14T21:21:05.316+0000] {logging_mixin.py:137} INFO - [2023-01-14T21:21:05.316+0000] {dag.py:2676} INFO - Sync 6 DAGs
[2023-01-14T21:21:05.392+0000] {logging_mixin.py:137} INFO - [2023-01-14T21:21:05.391+0000] {dag.py:3423} INFO - Setting next_dagrun for dataset_consumes_1 to None, run_after=None
[2023-01-14T21:21:05.407+0000] {logging_mixin.py:137} INFO - [2023-01-14T21:21:05.406+0000] {dag.py:3423} INFO - Setting next_dagrun for dataset_consumes_1_and_2 to None, run_after=None
[2023-01-14T21:21:05.412+0000] {logging_mixin.py:137} INFO - [2023-01-14T21:21:05.411+0000] {dag.py:3423} INFO - Setting next_dagrun for dataset_consumes_1_never_scheduled to None, run_after=None
[2023-01-14T21:21:05.415+0000] {logging_mixin.py:137} INFO - [2023-01-14T21:21:05.415+0000] {dag.py:3423} INFO - Setting next_dagrun for dataset_consumes_unknown_never_scheduled to None, run_after=None
[2023-01-14T21:21:05.425+0000] {logging_mixin.py:137} INFO - [2023-01-14T21:21:05.424+0000] {dag.py:3423} INFO - Setting next_dagrun for dataset_produces_1 to 2023-01-13T00:00:00+00:00, run_after=2023-01-14T00:00:00+00:00
[2023-01-14T21:21:05.430+0000] {logging_mixin.py:137} INFO - [2023-01-14T21:21:05.430+0000] {dag.py:3423} INFO - Setting next_dagrun for dataset_produces_2 to None, run_after=None
[2023-01-14T21:21:05.539+0000] {processor.py:175} INFO - Processing /media/prempeh/Nouveau nom/MASTER2/DATA ENGINEERING/airflow/py_env/lib/python3.10/site-packages/airflow/example_dags/example_datasets.py took 0.584 seconds
[2023-01-14T21:22:14.877+0000] {processor.py:153} INFO - Started process (PID=10021) to work on /media/prempeh/Nouveau nom/MASTER2/DATA ENGINEERING/airflow/py_env/lib/python3.10/site-packages/airflow/example_dags/example_datasets.py
[2023-01-14T21:22:14.879+0000] {processor.py:743} INFO - Processing file /media/prempeh/Nouveau nom/MASTER2/DATA ENGINEERING/airflow/py_env/lib/python3.10/site-packages/airflow/example_dags/example_datasets.py for tasks to queue
[2023-01-14T21:22:14.884+0000] {logging_mixin.py:137} INFO - [2023-01-14T21:22:14.883+0000] {dagbag.py:538} INFO - Filling up the DagBag from /media/prempeh/Nouveau nom/MASTER2/DATA ENGINEERING/airflow/py_env/lib/python3.10/site-packages/airflow/example_dags/example_datasets.py
[2023-01-14T21:22:15.016+0000] {processor.py:753} INFO - DAG(s) dict_keys(['dataset_consumes_1_never_scheduled', 'dataset_consumes_1', 'dataset_produces_2', 'dataset_produces_1', 'dataset_consumes_unknown_never_scheduled', 'dataset_consumes_1_and_2']) retrieved from /media/prempeh/Nouveau nom/MASTER2/DATA ENGINEERING/airflow/py_env/lib/python3.10/site-packages/airflow/example_dags/example_datasets.py
[2023-01-14T21:22:15.180+0000] {logging_mixin.py:137} INFO - [2023-01-14T21:22:15.179+0000] {dag.py:2676} INFO - Sync 6 DAGs
[2023-01-14T21:22:15.255+0000] {logging_mixin.py:137} INFO - [2023-01-14T21:22:15.254+0000] {dag.py:3423} INFO - Setting next_dagrun for dataset_consumes_1 to None, run_after=None
[2023-01-14T21:22:15.267+0000] {logging_mixin.py:137} INFO - [2023-01-14T21:22:15.266+0000] {dag.py:3423} INFO - Setting next_dagrun for dataset_consumes_1_and_2 to None, run_after=None
[2023-01-14T21:22:15.272+0000] {logging_mixin.py:137} INFO - [2023-01-14T21:22:15.271+0000] {dag.py:3423} INFO - Setting next_dagrun for dataset_consumes_1_never_scheduled to None, run_after=None
[2023-01-14T21:22:15.276+0000] {logging_mixin.py:137} INFO - [2023-01-14T21:22:15.275+0000] {dag.py:3423} INFO - Setting next_dagrun for dataset_consumes_unknown_never_scheduled to None, run_after=None
[2023-01-14T21:22:15.287+0000] {logging_mixin.py:137} INFO - [2023-01-14T21:22:15.286+0000] {dag.py:3423} INFO - Setting next_dagrun for dataset_produces_1 to 2023-01-13T00:00:00+00:00, run_after=2023-01-14T00:00:00+00:00
[2023-01-14T21:22:15.293+0000] {logging_mixin.py:137} INFO - [2023-01-14T21:22:15.293+0000] {dag.py:3423} INFO - Setting next_dagrun for dataset_produces_2 to None, run_after=None
[2023-01-14T21:22:15.404+0000] {processor.py:175} INFO - Processing /media/prempeh/Nouveau nom/MASTER2/DATA ENGINEERING/airflow/py_env/lib/python3.10/site-packages/airflow/example_dags/example_datasets.py took 0.536 seconds
[2023-01-14T21:23:30.803+0000] {processor.py:153} INFO - Started process (PID=10347) to work on /media/prempeh/Nouveau nom/MASTER2/DATA ENGINEERING/airflow/py_env/lib/python3.10/site-packages/airflow/example_dags/example_datasets.py
[2023-01-14T21:23:30.806+0000] {processor.py:743} INFO - Processing file /media/prempeh/Nouveau nom/MASTER2/DATA ENGINEERING/airflow/py_env/lib/python3.10/site-packages/airflow/example_dags/example_datasets.py for tasks to queue
[2023-01-14T21:23:30.811+0000] {logging_mixin.py:137} INFO - [2023-01-14T21:23:30.810+0000] {dagbag.py:538} INFO - Filling up the DagBag from /media/prempeh/Nouveau nom/MASTER2/DATA ENGINEERING/airflow/py_env/lib/python3.10/site-packages/airflow/example_dags/example_datasets.py
[2023-01-14T21:23:30.959+0000] {processor.py:753} INFO - DAG(s) dict_keys(['dataset_consumes_1_never_scheduled', 'dataset_consumes_1', 'dataset_produces_1', 'dataset_consumes_1_and_2', 'dataset_consumes_unknown_never_scheduled', 'dataset_produces_2']) retrieved from /media/prempeh/Nouveau nom/MASTER2/DATA ENGINEERING/airflow/py_env/lib/python3.10/site-packages/airflow/example_dags/example_datasets.py
[2023-01-14T21:23:31.155+0000] {logging_mixin.py:137} INFO - [2023-01-14T21:23:31.154+0000] {dag.py:2676} INFO - Sync 6 DAGs
[2023-01-14T21:23:31.223+0000] {logging_mixin.py:137} INFO - [2023-01-14T21:23:31.223+0000] {dag.py:3423} INFO - Setting next_dagrun for dataset_consumes_1 to None, run_after=None
[2023-01-14T21:23:31.234+0000] {logging_mixin.py:137} INFO - [2023-01-14T21:23:31.233+0000] {dag.py:3423} INFO - Setting next_dagrun for dataset_consumes_1_and_2 to None, run_after=None
[2023-01-14T21:23:31.237+0000] {logging_mixin.py:137} INFO - [2023-01-14T21:23:31.237+0000] {dag.py:3423} INFO - Setting next_dagrun for dataset_consumes_1_never_scheduled to None, run_after=None
[2023-01-14T21:23:31.241+0000] {logging_mixin.py:137} INFO - [2023-01-14T21:23:31.240+0000] {dag.py:3423} INFO - Setting next_dagrun for dataset_consumes_unknown_never_scheduled to None, run_after=None
[2023-01-14T21:23:31.255+0000] {logging_mixin.py:137} INFO - [2023-01-14T21:23:31.255+0000] {dag.py:3423} INFO - Setting next_dagrun for dataset_produces_1 to 2023-01-13T00:00:00+00:00, run_after=2023-01-14T00:00:00+00:00
[2023-01-14T21:23:31.265+0000] {logging_mixin.py:137} INFO - [2023-01-14T21:23:31.265+0000] {dag.py:3423} INFO - Setting next_dagrun for dataset_produces_2 to None, run_after=None
[2023-01-14T21:23:31.375+0000] {processor.py:175} INFO - Processing /media/prempeh/Nouveau nom/MASTER2/DATA ENGINEERING/airflow/py_env/lib/python3.10/site-packages/airflow/example_dags/example_datasets.py took 0.581 seconds
[2023-01-14T21:24:34.317+0000] {processor.py:153} INFO - Started process (PID=10417) to work on /media/prempeh/Nouveau nom/MASTER2/DATA ENGINEERING/airflow/py_env/lib/python3.10/site-packages/airflow/example_dags/example_datasets.py
[2023-01-14T21:24:34.320+0000] {processor.py:743} INFO - Processing file /media/prempeh/Nouveau nom/MASTER2/DATA ENGINEERING/airflow/py_env/lib/python3.10/site-packages/airflow/example_dags/example_datasets.py for tasks to queue
[2023-01-14T21:24:34.325+0000] {logging_mixin.py:137} INFO - [2023-01-14T21:24:34.324+0000] {dagbag.py:538} INFO - Filling up the DagBag from /media/prempeh/Nouveau nom/MASTER2/DATA ENGINEERING/airflow/py_env/lib/python3.10/site-packages/airflow/example_dags/example_datasets.py
[2023-01-14T21:24:34.541+0000] {processor.py:753} INFO - DAG(s) dict_keys(['dataset_consumes_unknown_never_scheduled', 'dataset_produces_1', 'dataset_consumes_1_and_2', 'dataset_consumes_1_never_scheduled', 'dataset_produces_2', 'dataset_consumes_1']) retrieved from /media/prempeh/Nouveau nom/MASTER2/DATA ENGINEERING/airflow/py_env/lib/python3.10/site-packages/airflow/example_dags/example_datasets.py
[2023-01-14T21:24:34.794+0000] {logging_mixin.py:137} INFO - [2023-01-14T21:24:34.793+0000] {dag.py:2676} INFO - Sync 6 DAGs
[2023-01-14T21:24:34.897+0000] {logging_mixin.py:137} INFO - [2023-01-14T21:24:34.896+0000] {dag.py:3423} INFO - Setting next_dagrun for dataset_consumes_1 to None, run_after=None
[2023-01-14T21:24:34.905+0000] {logging_mixin.py:137} INFO - [2023-01-14T21:24:34.905+0000] {dag.py:3423} INFO - Setting next_dagrun for dataset_consumes_1_and_2 to None, run_after=None
[2023-01-14T21:24:34.908+0000] {logging_mixin.py:137} INFO - [2023-01-14T21:24:34.908+0000] {dag.py:3423} INFO - Setting next_dagrun for dataset_consumes_1_never_scheduled to None, run_after=None
[2023-01-14T21:24:34.911+0000] {logging_mixin.py:137} INFO - [2023-01-14T21:24:34.911+0000] {dag.py:3423} INFO - Setting next_dagrun for dataset_consumes_unknown_never_scheduled to None, run_after=None
[2023-01-14T21:24:34.919+0000] {logging_mixin.py:137} INFO - [2023-01-14T21:24:34.919+0000] {dag.py:3423} INFO - Setting next_dagrun for dataset_produces_1 to 2023-01-13T00:00:00+00:00, run_after=2023-01-14T00:00:00+00:00
[2023-01-14T21:24:34.922+0000] {logging_mixin.py:137} INFO - [2023-01-14T21:24:34.922+0000] {dag.py:3423} INFO - Setting next_dagrun for dataset_produces_2 to None, run_after=None
[2023-01-14T21:24:35.014+0000] {processor.py:175} INFO - Processing /media/prempeh/Nouveau nom/MASTER2/DATA ENGINEERING/airflow/py_env/lib/python3.10/site-packages/airflow/example_dags/example_datasets.py took 0.710 seconds
[2023-01-14T21:25:47.817+0000] {processor.py:153} INFO - Started process (PID=10551) to work on /media/prempeh/Nouveau nom/MASTER2/DATA ENGINEERING/airflow/py_env/lib/python3.10/site-packages/airflow/example_dags/example_datasets.py
[2023-01-14T21:25:47.819+0000] {processor.py:743} INFO - Processing file /media/prempeh/Nouveau nom/MASTER2/DATA ENGINEERING/airflow/py_env/lib/python3.10/site-packages/airflow/example_dags/example_datasets.py for tasks to queue
[2023-01-14T21:25:47.826+0000] {logging_mixin.py:137} INFO - [2023-01-14T21:25:47.826+0000] {dagbag.py:538} INFO - Filling up the DagBag from /media/prempeh/Nouveau nom/MASTER2/DATA ENGINEERING/airflow/py_env/lib/python3.10/site-packages/airflow/example_dags/example_datasets.py
[2023-01-14T21:25:47.962+0000] {processor.py:753} INFO - DAG(s) dict_keys(['dataset_produces_1', 'dataset_consumes_1', 'dataset_consumes_1_never_scheduled', 'dataset_consumes_unknown_never_scheduled', 'dataset_consumes_1_and_2', 'dataset_produces_2']) retrieved from /media/prempeh/Nouveau nom/MASTER2/DATA ENGINEERING/airflow/py_env/lib/python3.10/site-packages/airflow/example_dags/example_datasets.py
[2023-01-14T21:25:48.158+0000] {logging_mixin.py:137} INFO - [2023-01-14T21:25:48.158+0000] {dag.py:2676} INFO - Sync 6 DAGs
[2023-01-14T21:25:48.235+0000] {logging_mixin.py:137} INFO - [2023-01-14T21:25:48.234+0000] {dag.py:3423} INFO - Setting next_dagrun for dataset_consumes_1 to None, run_after=None
[2023-01-14T21:25:48.248+0000] {logging_mixin.py:137} INFO - [2023-01-14T21:25:48.247+0000] {dag.py:3423} INFO - Setting next_dagrun for dataset_consumes_1_and_2 to None, run_after=None
[2023-01-14T21:25:48.251+0000] {logging_mixin.py:137} INFO - [2023-01-14T21:25:48.251+0000] {dag.py:3423} INFO - Setting next_dagrun for dataset_consumes_1_never_scheduled to None, run_after=None
[2023-01-14T21:25:48.254+0000] {logging_mixin.py:137} INFO - [2023-01-14T21:25:48.254+0000] {dag.py:3423} INFO - Setting next_dagrun for dataset_consumes_unknown_never_scheduled to None, run_after=None
[2023-01-14T21:25:48.263+0000] {logging_mixin.py:137} INFO - [2023-01-14T21:25:48.262+0000] {dag.py:3423} INFO - Setting next_dagrun for dataset_produces_1 to 2023-01-13T00:00:00+00:00, run_after=2023-01-14T00:00:00+00:00
[2023-01-14T21:25:48.266+0000] {logging_mixin.py:137} INFO - [2023-01-14T21:25:48.266+0000] {dag.py:3423} INFO - Setting next_dagrun for dataset_produces_2 to None, run_after=None
[2023-01-14T21:25:48.370+0000] {processor.py:175} INFO - Processing /media/prempeh/Nouveau nom/MASTER2/DATA ENGINEERING/airflow/py_env/lib/python3.10/site-packages/airflow/example_dags/example_datasets.py took 0.562 seconds
[2023-01-14T21:26:59.507+0000] {processor.py:153} INFO - Started process (PID=10694) to work on /media/prempeh/Nouveau nom/MASTER2/DATA ENGINEERING/airflow/py_env/lib/python3.10/site-packages/airflow/example_dags/example_datasets.py
[2023-01-14T21:26:59.512+0000] {processor.py:743} INFO - Processing file /media/prempeh/Nouveau nom/MASTER2/DATA ENGINEERING/airflow/py_env/lib/python3.10/site-packages/airflow/example_dags/example_datasets.py for tasks to queue
[2023-01-14T21:26:59.520+0000] {logging_mixin.py:137} INFO - [2023-01-14T21:26:59.519+0000] {dagbag.py:538} INFO - Filling up the DagBag from /media/prempeh/Nouveau nom/MASTER2/DATA ENGINEERING/airflow/py_env/lib/python3.10/site-packages/airflow/example_dags/example_datasets.py
[2023-01-14T21:26:59.727+0000] {processor.py:753} INFO - DAG(s) dict_keys(['dataset_consumes_unknown_never_scheduled', 'dataset_consumes_1_never_scheduled', 'dataset_consumes_1_and_2', 'dataset_produces_2', 'dataset_consumes_1', 'dataset_produces_1']) retrieved from /media/prempeh/Nouveau nom/MASTER2/DATA ENGINEERING/airflow/py_env/lib/python3.10/site-packages/airflow/example_dags/example_datasets.py
[2023-01-14T21:27:00.023+0000] {logging_mixin.py:137} INFO - [2023-01-14T21:27:00.022+0000] {dag.py:2676} INFO - Sync 6 DAGs
[2023-01-14T21:27:00.138+0000] {logging_mixin.py:137} INFO - [2023-01-14T21:27:00.137+0000] {dag.py:3423} INFO - Setting next_dagrun for dataset_consumes_1 to None, run_after=None
[2023-01-14T21:27:00.153+0000] {logging_mixin.py:137} INFO - [2023-01-14T21:27:00.152+0000] {dag.py:3423} INFO - Setting next_dagrun for dataset_consumes_1_and_2 to None, run_after=None
[2023-01-14T21:27:00.157+0000] {logging_mixin.py:137} INFO - [2023-01-14T21:27:00.156+0000] {dag.py:3423} INFO - Setting next_dagrun for dataset_consumes_1_never_scheduled to None, run_after=None
[2023-01-14T21:27:00.163+0000] {logging_mixin.py:137} INFO - [2023-01-14T21:27:00.162+0000] {dag.py:3423} INFO - Setting next_dagrun for dataset_consumes_unknown_never_scheduled to None, run_after=None
[2023-01-14T21:27:00.172+0000] {logging_mixin.py:137} INFO - [2023-01-14T21:27:00.171+0000] {dag.py:3423} INFO - Setting next_dagrun for dataset_produces_1 to 2023-01-13T00:00:00+00:00, run_after=2023-01-14T00:00:00+00:00
[2023-01-14T21:27:00.176+0000] {logging_mixin.py:137} INFO - [2023-01-14T21:27:00.175+0000] {dag.py:3423} INFO - Setting next_dagrun for dataset_produces_2 to None, run_after=None
[2023-01-14T21:27:00.264+0000] {processor.py:175} INFO - Processing /media/prempeh/Nouveau nom/MASTER2/DATA ENGINEERING/airflow/py_env/lib/python3.10/site-packages/airflow/example_dags/example_datasets.py took 0.772 seconds
