[2023-01-14T20:53:04.022+0000] {processor.py:153} INFO - Started process (PID=6415) to work on /media/prempeh/Nouveau nom/MASTER2/DATA ENGINEERING/airflow/py_env/lib/python3.10/site-packages/airflow/example_dags/example_short_circuit_operator.py
[2023-01-14T20:53:04.025+0000] {processor.py:743} INFO - Processing file /media/prempeh/Nouveau nom/MASTER2/DATA ENGINEERING/airflow/py_env/lib/python3.10/site-packages/airflow/example_dags/example_short_circuit_operator.py for tasks to queue
[2023-01-14T20:53:04.029+0000] {logging_mixin.py:137} INFO - [2023-01-14T20:53:04.029+0000] {dagbag.py:538} INFO - Filling up the DagBag from /media/prempeh/Nouveau nom/MASTER2/DATA ENGINEERING/airflow/py_env/lib/python3.10/site-packages/airflow/example_dags/example_short_circuit_operator.py
[2023-01-14T20:53:04.176+0000] {processor.py:753} INFO - DAG(s) dict_keys(['example_short_circuit_operator']) retrieved from /media/prempeh/Nouveau nom/MASTER2/DATA ENGINEERING/airflow/py_env/lib/python3.10/site-packages/airflow/example_dags/example_short_circuit_operator.py
[2023-01-14T20:53:04.863+0000] {logging_mixin.py:137} INFO - [2023-01-14T20:53:04.862+0000] {manager.py:504} INFO - Created Permission View: can edit on DAG:example_short_circuit_operator
[2023-01-14T20:53:04.896+0000] {logging_mixin.py:137} INFO - [2023-01-14T20:53:04.895+0000] {manager.py:504} INFO - Created Permission View: can delete on DAG:example_short_circuit_operator
[2023-01-14T20:53:04.933+0000] {logging_mixin.py:137} INFO - [2023-01-14T20:53:04.932+0000] {manager.py:504} INFO - Created Permission View: can read on DAG:example_short_circuit_operator
[2023-01-14T20:53:04.935+0000] {logging_mixin.py:137} INFO - [2023-01-14T20:53:04.934+0000] {dag.py:2676} INFO - Sync 1 DAGs
[2023-01-14T20:53:04.971+0000] {logging_mixin.py:137} INFO - [2023-01-14T20:53:04.970+0000] {dag.py:2697} INFO - Creating ORM DAG for example_short_circuit_operator
[2023-01-14T20:53:05.001+0000] {logging_mixin.py:137} INFO - [2023-01-14T20:53:05.000+0000] {dag.py:3423} INFO - Setting next_dagrun for example_short_circuit_operator to 2023-01-13T20:53:04.999927+00:00, run_after=2023-01-14T20:53:04.999927+00:00
[2023-01-14T20:53:05.068+0000] {processor.py:175} INFO - Processing /media/prempeh/Nouveau nom/MASTER2/DATA ENGINEERING/airflow/py_env/lib/python3.10/site-packages/airflow/example_dags/example_short_circuit_operator.py took 1.054 seconds
[2023-01-14T20:54:16.379+0000] {processor.py:153} INFO - Started process (PID=6719) to work on /media/prempeh/Nouveau nom/MASTER2/DATA ENGINEERING/airflow/py_env/lib/python3.10/site-packages/airflow/example_dags/example_short_circuit_operator.py
[2023-01-14T20:54:16.382+0000] {processor.py:743} INFO - Processing file /media/prempeh/Nouveau nom/MASTER2/DATA ENGINEERING/airflow/py_env/lib/python3.10/site-packages/airflow/example_dags/example_short_circuit_operator.py for tasks to queue
[2023-01-14T20:54:16.387+0000] {logging_mixin.py:137} INFO - [2023-01-14T20:54:16.387+0000] {dagbag.py:538} INFO - Filling up the DagBag from /media/prempeh/Nouveau nom/MASTER2/DATA ENGINEERING/airflow/py_env/lib/python3.10/site-packages/airflow/example_dags/example_short_circuit_operator.py
[2023-01-14T20:54:16.535+0000] {processor.py:753} INFO - DAG(s) dict_keys(['example_short_circuit_operator']) retrieved from /media/prempeh/Nouveau nom/MASTER2/DATA ENGINEERING/airflow/py_env/lib/python3.10/site-packages/airflow/example_dags/example_short_circuit_operator.py
[2023-01-14T20:54:16.667+0000] {logging_mixin.py:137} INFO - [2023-01-14T20:54:16.666+0000] {dag.py:2676} INFO - Sync 1 DAGs
[2023-01-14T20:54:16.731+0000] {logging_mixin.py:137} INFO - [2023-01-14T20:54:16.730+0000] {dag.py:3423} INFO - Setting next_dagrun for example_short_circuit_operator to 2023-01-13T20:54:16.730269+00:00, run_after=2023-01-14T20:54:16.730269+00:00
[2023-01-14T20:54:16.803+0000] {processor.py:175} INFO - Processing /media/prempeh/Nouveau nom/MASTER2/DATA ENGINEERING/airflow/py_env/lib/python3.10/site-packages/airflow/example_dags/example_short_circuit_operator.py took 0.433 seconds
[2023-01-14T20:55:17.176+0000] {processor.py:153} INFO - Started process (PID=6757) to work on /media/prempeh/Nouveau nom/MASTER2/DATA ENGINEERING/airflow/py_env/lib/python3.10/site-packages/airflow/example_dags/example_short_circuit_operator.py
[2023-01-14T20:55:17.180+0000] {processor.py:743} INFO - Processing file /media/prempeh/Nouveau nom/MASTER2/DATA ENGINEERING/airflow/py_env/lib/python3.10/site-packages/airflow/example_dags/example_short_circuit_operator.py for tasks to queue
[2023-01-14T20:55:17.185+0000] {logging_mixin.py:137} INFO - [2023-01-14T20:55:17.184+0000] {dagbag.py:538} INFO - Filling up the DagBag from /media/prempeh/Nouveau nom/MASTER2/DATA ENGINEERING/airflow/py_env/lib/python3.10/site-packages/airflow/example_dags/example_short_circuit_operator.py
[2023-01-14T20:55:17.327+0000] {processor.py:753} INFO - DAG(s) dict_keys(['example_short_circuit_operator']) retrieved from /media/prempeh/Nouveau nom/MASTER2/DATA ENGINEERING/airflow/py_env/lib/python3.10/site-packages/airflow/example_dags/example_short_circuit_operator.py
[2023-01-14T20:55:17.483+0000] {logging_mixin.py:137} INFO - [2023-01-14T20:55:17.482+0000] {dag.py:2676} INFO - Sync 1 DAGs
[2023-01-14T20:55:17.553+0000] {logging_mixin.py:137} INFO - [2023-01-14T20:55:17.552+0000] {dag.py:3423} INFO - Setting next_dagrun for example_short_circuit_operator to 2023-01-13T20:55:17.552031+00:00, run_after=2023-01-14T20:55:17.552031+00:00
[2023-01-14T20:55:17.659+0000] {processor.py:175} INFO - Processing /media/prempeh/Nouveau nom/MASTER2/DATA ENGINEERING/airflow/py_env/lib/python3.10/site-packages/airflow/example_dags/example_short_circuit_operator.py took 0.492 seconds
[2023-01-14T20:56:14.987+0000] {processor.py:153} INFO - Started process (PID=6881) to work on /media/prempeh/Nouveau nom/MASTER2/DATA ENGINEERING/airflow/py_env/lib/python3.10/site-packages/airflow/example_dags/example_short_circuit_operator.py
[2023-01-14T20:56:14.990+0000] {processor.py:743} INFO - Processing file /media/prempeh/Nouveau nom/MASTER2/DATA ENGINEERING/airflow/py_env/lib/python3.10/site-packages/airflow/example_dags/example_short_circuit_operator.py for tasks to queue
[2023-01-14T20:56:14.996+0000] {logging_mixin.py:137} INFO - [2023-01-14T20:56:14.995+0000] {dagbag.py:538} INFO - Filling up the DagBag from /media/prempeh/Nouveau nom/MASTER2/DATA ENGINEERING/airflow/py_env/lib/python3.10/site-packages/airflow/example_dags/example_short_circuit_operator.py
[2023-01-14T20:56:15.124+0000] {processor.py:753} INFO - DAG(s) dict_keys(['example_short_circuit_operator']) retrieved from /media/prempeh/Nouveau nom/MASTER2/DATA ENGINEERING/airflow/py_env/lib/python3.10/site-packages/airflow/example_dags/example_short_circuit_operator.py
[2023-01-14T20:56:15.262+0000] {logging_mixin.py:137} INFO - [2023-01-14T20:56:15.261+0000] {dag.py:2676} INFO - Sync 1 DAGs
[2023-01-14T20:56:15.327+0000] {logging_mixin.py:137} INFO - [2023-01-14T20:56:15.327+0000] {dag.py:3423} INFO - Setting next_dagrun for example_short_circuit_operator to 2023-01-13T20:56:15.326342+00:00, run_after=2023-01-14T20:56:15.326342+00:00
[2023-01-14T20:56:15.398+0000] {processor.py:175} INFO - Processing /media/prempeh/Nouveau nom/MASTER2/DATA ENGINEERING/airflow/py_env/lib/python3.10/site-packages/airflow/example_dags/example_short_circuit_operator.py took 0.420 seconds
[2023-01-14T20:57:17.507+0000] {processor.py:153} INFO - Started process (PID=7076) to work on /media/prempeh/Nouveau nom/MASTER2/DATA ENGINEERING/airflow/py_env/lib/python3.10/site-packages/airflow/example_dags/example_short_circuit_operator.py
[2023-01-14T20:57:17.509+0000] {processor.py:743} INFO - Processing file /media/prempeh/Nouveau nom/MASTER2/DATA ENGINEERING/airflow/py_env/lib/python3.10/site-packages/airflow/example_dags/example_short_circuit_operator.py for tasks to queue
[2023-01-14T20:57:17.513+0000] {logging_mixin.py:137} INFO - [2023-01-14T20:57:17.513+0000] {dagbag.py:538} INFO - Filling up the DagBag from /media/prempeh/Nouveau nom/MASTER2/DATA ENGINEERING/airflow/py_env/lib/python3.10/site-packages/airflow/example_dags/example_short_circuit_operator.py
[2023-01-14T20:57:17.627+0000] {processor.py:753} INFO - DAG(s) dict_keys(['example_short_circuit_operator']) retrieved from /media/prempeh/Nouveau nom/MASTER2/DATA ENGINEERING/airflow/py_env/lib/python3.10/site-packages/airflow/example_dags/example_short_circuit_operator.py
[2023-01-14T20:57:17.745+0000] {logging_mixin.py:137} INFO - [2023-01-14T20:57:17.744+0000] {dag.py:2676} INFO - Sync 1 DAGs
[2023-01-14T20:57:17.809+0000] {logging_mixin.py:137} INFO - [2023-01-14T20:57:17.809+0000] {dag.py:3423} INFO - Setting next_dagrun for example_short_circuit_operator to 2023-01-13T20:57:17.808194+00:00, run_after=2023-01-14T20:57:17.808194+00:00
[2023-01-14T20:57:17.882+0000] {processor.py:175} INFO - Processing /media/prempeh/Nouveau nom/MASTER2/DATA ENGINEERING/airflow/py_env/lib/python3.10/site-packages/airflow/example_dags/example_short_circuit_operator.py took 0.383 seconds
[2023-01-14T20:58:14.800+0000] {processor.py:153} INFO - Started process (PID=7120) to work on /media/prempeh/Nouveau nom/MASTER2/DATA ENGINEERING/airflow/py_env/lib/python3.10/site-packages/airflow/example_dags/example_short_circuit_operator.py
[2023-01-14T20:58:14.802+0000] {processor.py:743} INFO - Processing file /media/prempeh/Nouveau nom/MASTER2/DATA ENGINEERING/airflow/py_env/lib/python3.10/site-packages/airflow/example_dags/example_short_circuit_operator.py for tasks to queue
[2023-01-14T20:58:14.807+0000] {logging_mixin.py:137} INFO - [2023-01-14T20:58:14.806+0000] {dagbag.py:538} INFO - Filling up the DagBag from /media/prempeh/Nouveau nom/MASTER2/DATA ENGINEERING/airflow/py_env/lib/python3.10/site-packages/airflow/example_dags/example_short_circuit_operator.py
[2023-01-14T20:58:14.926+0000] {processor.py:753} INFO - DAG(s) dict_keys(['example_short_circuit_operator']) retrieved from /media/prempeh/Nouveau nom/MASTER2/DATA ENGINEERING/airflow/py_env/lib/python3.10/site-packages/airflow/example_dags/example_short_circuit_operator.py
[2023-01-14T20:58:15.077+0000] {logging_mixin.py:137} INFO - [2023-01-14T20:58:15.077+0000] {dag.py:2676} INFO - Sync 1 DAGs
[2023-01-14T20:58:15.139+0000] {logging_mixin.py:137} INFO - [2023-01-14T20:58:15.138+0000] {dag.py:3423} INFO - Setting next_dagrun for example_short_circuit_operator to 2023-01-13T20:58:15.137908+00:00, run_after=2023-01-14T20:58:15.137908+00:00
[2023-01-14T20:58:15.206+0000] {processor.py:175} INFO - Processing /media/prempeh/Nouveau nom/MASTER2/DATA ENGINEERING/airflow/py_env/lib/python3.10/site-packages/airflow/example_dags/example_short_circuit_operator.py took 0.414 seconds
[2023-01-14T20:59:08.865+0000] {processor.py:153} INFO - Started process (PID=7163) to work on /media/prempeh/Nouveau nom/MASTER2/DATA ENGINEERING/airflow/py_env/lib/python3.10/site-packages/airflow/example_dags/example_short_circuit_operator.py
[2023-01-14T20:59:08.868+0000] {processor.py:743} INFO - Processing file /media/prempeh/Nouveau nom/MASTER2/DATA ENGINEERING/airflow/py_env/lib/python3.10/site-packages/airflow/example_dags/example_short_circuit_operator.py for tasks to queue
[2023-01-14T20:59:08.873+0000] {logging_mixin.py:137} INFO - [2023-01-14T20:59:08.872+0000] {dagbag.py:538} INFO - Filling up the DagBag from /media/prempeh/Nouveau nom/MASTER2/DATA ENGINEERING/airflow/py_env/lib/python3.10/site-packages/airflow/example_dags/example_short_circuit_operator.py
[2023-01-14T20:59:09.002+0000] {processor.py:753} INFO - DAG(s) dict_keys(['example_short_circuit_operator']) retrieved from /media/prempeh/Nouveau nom/MASTER2/DATA ENGINEERING/airflow/py_env/lib/python3.10/site-packages/airflow/example_dags/example_short_circuit_operator.py
[2023-01-14T20:59:09.139+0000] {logging_mixin.py:137} INFO - [2023-01-14T20:59:09.138+0000] {dag.py:2676} INFO - Sync 1 DAGs
[2023-01-14T20:59:09.199+0000] {logging_mixin.py:137} INFO - [2023-01-14T20:59:09.198+0000] {dag.py:3423} INFO - Setting next_dagrun for example_short_circuit_operator to 2023-01-13T20:59:09.197920+00:00, run_after=2023-01-14T20:59:09.197920+00:00
[2023-01-14T20:59:09.268+0000] {processor.py:175} INFO - Processing /media/prempeh/Nouveau nom/MASTER2/DATA ENGINEERING/airflow/py_env/lib/python3.10/site-packages/airflow/example_dags/example_short_circuit_operator.py took 0.413 seconds
[2023-01-14T20:59:56.754+0000] {processor.py:153} INFO - Started process (PID=7242) to work on /media/prempeh/Nouveau nom/MASTER2/DATA ENGINEERING/airflow/py_env/lib/python3.10/site-packages/airflow/example_dags/example_short_circuit_operator.py
[2023-01-14T20:59:56.757+0000] {processor.py:743} INFO - Processing file /media/prempeh/Nouveau nom/MASTER2/DATA ENGINEERING/airflow/py_env/lib/python3.10/site-packages/airflow/example_dags/example_short_circuit_operator.py for tasks to queue
[2023-01-14T20:59:56.761+0000] {logging_mixin.py:137} INFO - [2023-01-14T20:59:56.760+0000] {dagbag.py:538} INFO - Filling up the DagBag from /media/prempeh/Nouveau nom/MASTER2/DATA ENGINEERING/airflow/py_env/lib/python3.10/site-packages/airflow/example_dags/example_short_circuit_operator.py
[2023-01-14T20:59:56.894+0000] {processor.py:753} INFO - DAG(s) dict_keys(['example_short_circuit_operator']) retrieved from /media/prempeh/Nouveau nom/MASTER2/DATA ENGINEERING/airflow/py_env/lib/python3.10/site-packages/airflow/example_dags/example_short_circuit_operator.py
[2023-01-14T20:59:57.060+0000] {logging_mixin.py:137} INFO - [2023-01-14T20:59:57.059+0000] {dag.py:2676} INFO - Sync 1 DAGs
[2023-01-14T20:59:57.130+0000] {logging_mixin.py:137} INFO - [2023-01-14T20:59:57.129+0000] {dag.py:3423} INFO - Setting next_dagrun for example_short_circuit_operator to 2023-01-13T20:59:57.128349+00:00, run_after=2023-01-14T20:59:57.128349+00:00
[2023-01-14T20:59:57.208+0000] {processor.py:175} INFO - Processing /media/prempeh/Nouveau nom/MASTER2/DATA ENGINEERING/airflow/py_env/lib/python3.10/site-packages/airflow/example_dags/example_short_circuit_operator.py took 0.465 seconds
[2023-01-14T21:00:52.467+0000] {processor.py:153} INFO - Started process (PID=7279) to work on /media/prempeh/Nouveau nom/MASTER2/DATA ENGINEERING/airflow/py_env/lib/python3.10/site-packages/airflow/example_dags/example_short_circuit_operator.py
[2023-01-14T21:00:52.470+0000] {processor.py:743} INFO - Processing file /media/prempeh/Nouveau nom/MASTER2/DATA ENGINEERING/airflow/py_env/lib/python3.10/site-packages/airflow/example_dags/example_short_circuit_operator.py for tasks to queue
[2023-01-14T21:00:52.477+0000] {logging_mixin.py:137} INFO - [2023-01-14T21:00:52.476+0000] {dagbag.py:538} INFO - Filling up the DagBag from /media/prempeh/Nouveau nom/MASTER2/DATA ENGINEERING/airflow/py_env/lib/python3.10/site-packages/airflow/example_dags/example_short_circuit_operator.py
[2023-01-14T21:00:52.649+0000] {processor.py:753} INFO - DAG(s) dict_keys(['example_short_circuit_operator']) retrieved from /media/prempeh/Nouveau nom/MASTER2/DATA ENGINEERING/airflow/py_env/lib/python3.10/site-packages/airflow/example_dags/example_short_circuit_operator.py
[2023-01-14T21:00:52.807+0000] {logging_mixin.py:137} INFO - [2023-01-14T21:00:52.806+0000] {dag.py:2676} INFO - Sync 1 DAGs
[2023-01-14T21:00:52.868+0000] {logging_mixin.py:137} INFO - [2023-01-14T21:00:52.867+0000] {dag.py:3423} INFO - Setting next_dagrun for example_short_circuit_operator to 2023-01-13T21:00:52.866893+00:00, run_after=2023-01-14T21:00:52.866893+00:00
[2023-01-14T21:00:52.937+0000] {processor.py:175} INFO - Processing /media/prempeh/Nouveau nom/MASTER2/DATA ENGINEERING/airflow/py_env/lib/python3.10/site-packages/airflow/example_dags/example_short_circuit_operator.py took 0.481 seconds
[2023-01-14T21:01:48.985+0000] {processor.py:153} INFO - Started process (PID=7325) to work on /media/prempeh/Nouveau nom/MASTER2/DATA ENGINEERING/airflow/py_env/lib/python3.10/site-packages/airflow/example_dags/example_short_circuit_operator.py
[2023-01-14T21:01:48.988+0000] {processor.py:743} INFO - Processing file /media/prempeh/Nouveau nom/MASTER2/DATA ENGINEERING/airflow/py_env/lib/python3.10/site-packages/airflow/example_dags/example_short_circuit_operator.py for tasks to queue
[2023-01-14T21:01:48.993+0000] {logging_mixin.py:137} INFO - [2023-01-14T21:01:48.993+0000] {dagbag.py:538} INFO - Filling up the DagBag from /media/prempeh/Nouveau nom/MASTER2/DATA ENGINEERING/airflow/py_env/lib/python3.10/site-packages/airflow/example_dags/example_short_circuit_operator.py
[2023-01-14T21:01:49.128+0000] {processor.py:753} INFO - DAG(s) dict_keys(['example_short_circuit_operator']) retrieved from /media/prempeh/Nouveau nom/MASTER2/DATA ENGINEERING/airflow/py_env/lib/python3.10/site-packages/airflow/example_dags/example_short_circuit_operator.py
[2023-01-14T21:01:49.279+0000] {logging_mixin.py:137} INFO - [2023-01-14T21:01:49.279+0000] {dag.py:2676} INFO - Sync 1 DAGs
[2023-01-14T21:01:49.342+0000] {logging_mixin.py:137} INFO - [2023-01-14T21:01:49.342+0000] {dag.py:3423} INFO - Setting next_dagrun for example_short_circuit_operator to 2023-01-13T21:01:49.341566+00:00, run_after=2023-01-14T21:01:49.341566+00:00
[2023-01-14T21:01:49.438+0000] {processor.py:175} INFO - Processing /media/prempeh/Nouveau nom/MASTER2/DATA ENGINEERING/airflow/py_env/lib/python3.10/site-packages/airflow/example_dags/example_short_circuit_operator.py took 0.463 seconds
[2023-01-14T21:02:41.131+0000] {processor.py:153} INFO - Started process (PID=7395) to work on /media/prempeh/Nouveau nom/MASTER2/DATA ENGINEERING/airflow/py_env/lib/python3.10/site-packages/airflow/example_dags/example_short_circuit_operator.py
[2023-01-14T21:02:41.134+0000] {processor.py:743} INFO - Processing file /media/prempeh/Nouveau nom/MASTER2/DATA ENGINEERING/airflow/py_env/lib/python3.10/site-packages/airflow/example_dags/example_short_circuit_operator.py for tasks to queue
[2023-01-14T21:02:41.139+0000] {logging_mixin.py:137} INFO - [2023-01-14T21:02:41.139+0000] {dagbag.py:538} INFO - Filling up the DagBag from /media/prempeh/Nouveau nom/MASTER2/DATA ENGINEERING/airflow/py_env/lib/python3.10/site-packages/airflow/example_dags/example_short_circuit_operator.py
[2023-01-14T21:02:41.276+0000] {processor.py:753} INFO - DAG(s) dict_keys(['example_short_circuit_operator']) retrieved from /media/prempeh/Nouveau nom/MASTER2/DATA ENGINEERING/airflow/py_env/lib/python3.10/site-packages/airflow/example_dags/example_short_circuit_operator.py
[2023-01-14T21:02:41.403+0000] {logging_mixin.py:137} INFO - [2023-01-14T21:02:41.402+0000] {dag.py:2676} INFO - Sync 1 DAGs
[2023-01-14T21:02:41.467+0000] {logging_mixin.py:137} INFO - [2023-01-14T21:02:41.466+0000] {dag.py:3423} INFO - Setting next_dagrun for example_short_circuit_operator to 2023-01-13T21:02:41.465850+00:00, run_after=2023-01-14T21:02:41.465850+00:00
[2023-01-14T21:02:41.541+0000] {processor.py:175} INFO - Processing /media/prempeh/Nouveau nom/MASTER2/DATA ENGINEERING/airflow/py_env/lib/python3.10/site-packages/airflow/example_dags/example_short_circuit_operator.py took 0.419 seconds
[2023-01-14T21:03:31.512+0000] {processor.py:153} INFO - Started process (PID=7434) to work on /media/prempeh/Nouveau nom/MASTER2/DATA ENGINEERING/airflow/py_env/lib/python3.10/site-packages/airflow/example_dags/example_short_circuit_operator.py
[2023-01-14T21:03:31.523+0000] {processor.py:743} INFO - Processing file /media/prempeh/Nouveau nom/MASTER2/DATA ENGINEERING/airflow/py_env/lib/python3.10/site-packages/airflow/example_dags/example_short_circuit_operator.py for tasks to queue
[2023-01-14T21:03:31.533+0000] {logging_mixin.py:137} INFO - [2023-01-14T21:03:31.532+0000] {dagbag.py:538} INFO - Filling up the DagBag from /media/prempeh/Nouveau nom/MASTER2/DATA ENGINEERING/airflow/py_env/lib/python3.10/site-packages/airflow/example_dags/example_short_circuit_operator.py
[2023-01-14T21:03:31.701+0000] {processor.py:753} INFO - DAG(s) dict_keys(['example_short_circuit_operator']) retrieved from /media/prempeh/Nouveau nom/MASTER2/DATA ENGINEERING/airflow/py_env/lib/python3.10/site-packages/airflow/example_dags/example_short_circuit_operator.py
[2023-01-14T21:03:31.904+0000] {logging_mixin.py:137} INFO - [2023-01-14T21:03:31.904+0000] {dag.py:2676} INFO - Sync 1 DAGs
[2023-01-14T21:03:32.009+0000] {logging_mixin.py:137} INFO - [2023-01-14T21:03:32.008+0000] {dag.py:3423} INFO - Setting next_dagrun for example_short_circuit_operator to 2023-01-13T21:03:32.007717+00:00, run_after=2023-01-14T21:03:32.007717+00:00
[2023-01-14T21:03:32.126+0000] {processor.py:175} INFO - Processing /media/prempeh/Nouveau nom/MASTER2/DATA ENGINEERING/airflow/py_env/lib/python3.10/site-packages/airflow/example_dags/example_short_circuit_operator.py took 0.626 seconds
[2023-01-14T21:04:38.846+0000] {processor.py:153} INFO - Started process (PID=7508) to work on /media/prempeh/Nouveau nom/MASTER2/DATA ENGINEERING/airflow/py_env/lib/python3.10/site-packages/airflow/example_dags/example_short_circuit_operator.py
[2023-01-14T21:04:38.851+0000] {processor.py:743} INFO - Processing file /media/prempeh/Nouveau nom/MASTER2/DATA ENGINEERING/airflow/py_env/lib/python3.10/site-packages/airflow/example_dags/example_short_circuit_operator.py for tasks to queue
[2023-01-14T21:04:38.862+0000] {logging_mixin.py:137} INFO - [2023-01-14T21:04:38.861+0000] {dagbag.py:538} INFO - Filling up the DagBag from /media/prempeh/Nouveau nom/MASTER2/DATA ENGINEERING/airflow/py_env/lib/python3.10/site-packages/airflow/example_dags/example_short_circuit_operator.py
[2023-01-14T21:04:39.090+0000] {processor.py:753} INFO - DAG(s) dict_keys(['example_short_circuit_operator']) retrieved from /media/prempeh/Nouveau nom/MASTER2/DATA ENGINEERING/airflow/py_env/lib/python3.10/site-packages/airflow/example_dags/example_short_circuit_operator.py
[2023-01-14T21:04:39.328+0000] {logging_mixin.py:137} INFO - [2023-01-14T21:04:39.327+0000] {dag.py:2676} INFO - Sync 1 DAGs
[2023-01-14T21:04:39.408+0000] {logging_mixin.py:137} INFO - [2023-01-14T21:04:39.407+0000] {dag.py:3423} INFO - Setting next_dagrun for example_short_circuit_operator to 2023-01-13T21:04:39.406771+00:00, run_after=2023-01-14T21:04:39.406771+00:00
[2023-01-14T21:04:39.480+0000] {processor.py:175} INFO - Processing /media/prempeh/Nouveau nom/MASTER2/DATA ENGINEERING/airflow/py_env/lib/python3.10/site-packages/airflow/example_dags/example_short_circuit_operator.py took 0.652 seconds
[2023-01-14T21:05:34.976+0000] {processor.py:153} INFO - Started process (PID=7559) to work on /media/prempeh/Nouveau nom/MASTER2/DATA ENGINEERING/airflow/py_env/lib/python3.10/site-packages/airflow/example_dags/example_short_circuit_operator.py
[2023-01-14T21:05:34.980+0000] {processor.py:743} INFO - Processing file /media/prempeh/Nouveau nom/MASTER2/DATA ENGINEERING/airflow/py_env/lib/python3.10/site-packages/airflow/example_dags/example_short_circuit_operator.py for tasks to queue
[2023-01-14T21:05:34.985+0000] {logging_mixin.py:137} INFO - [2023-01-14T21:05:34.985+0000] {dagbag.py:538} INFO - Filling up the DagBag from /media/prempeh/Nouveau nom/MASTER2/DATA ENGINEERING/airflow/py_env/lib/python3.10/site-packages/airflow/example_dags/example_short_circuit_operator.py
[2023-01-14T21:05:35.167+0000] {processor.py:753} INFO - DAG(s) dict_keys(['example_short_circuit_operator']) retrieved from /media/prempeh/Nouveau nom/MASTER2/DATA ENGINEERING/airflow/py_env/lib/python3.10/site-packages/airflow/example_dags/example_short_circuit_operator.py
[2023-01-14T21:05:35.395+0000] {logging_mixin.py:137} INFO - [2023-01-14T21:05:35.394+0000] {dag.py:2676} INFO - Sync 1 DAGs
[2023-01-14T21:05:35.503+0000] {logging_mixin.py:137} INFO - [2023-01-14T21:05:35.502+0000] {dag.py:3423} INFO - Setting next_dagrun for example_short_circuit_operator to 2023-01-13T21:05:35.500051+00:00, run_after=2023-01-14T21:05:35.500051+00:00
[2023-01-14T21:05:35.605+0000] {processor.py:175} INFO - Processing /media/prempeh/Nouveau nom/MASTER2/DATA ENGINEERING/airflow/py_env/lib/python3.10/site-packages/airflow/example_dags/example_short_circuit_operator.py took 0.640 seconds
[2023-01-14T21:06:41.934+0000] {processor.py:153} INFO - Started process (PID=7772) to work on /media/prempeh/Nouveau nom/MASTER2/DATA ENGINEERING/airflow/py_env/lib/python3.10/site-packages/airflow/example_dags/example_short_circuit_operator.py
[2023-01-14T21:06:41.937+0000] {processor.py:743} INFO - Processing file /media/prempeh/Nouveau nom/MASTER2/DATA ENGINEERING/airflow/py_env/lib/python3.10/site-packages/airflow/example_dags/example_short_circuit_operator.py for tasks to queue
[2023-01-14T21:06:41.943+0000] {logging_mixin.py:137} INFO - [2023-01-14T21:06:41.942+0000] {dagbag.py:538} INFO - Filling up the DagBag from /media/prempeh/Nouveau nom/MASTER2/DATA ENGINEERING/airflow/py_env/lib/python3.10/site-packages/airflow/example_dags/example_short_circuit_operator.py
[2023-01-14T21:06:42.071+0000] {processor.py:753} INFO - DAG(s) dict_keys(['example_short_circuit_operator']) retrieved from /media/prempeh/Nouveau nom/MASTER2/DATA ENGINEERING/airflow/py_env/lib/python3.10/site-packages/airflow/example_dags/example_short_circuit_operator.py
[2023-01-14T21:06:42.217+0000] {logging_mixin.py:137} INFO - [2023-01-14T21:06:42.216+0000] {dag.py:2676} INFO - Sync 1 DAGs
[2023-01-14T21:06:42.306+0000] {logging_mixin.py:137} INFO - [2023-01-14T21:06:42.304+0000] {dag.py:3423} INFO - Setting next_dagrun for example_short_circuit_operator to 2023-01-13T21:06:42.303365+00:00, run_after=2023-01-14T21:06:42.303365+00:00
[2023-01-14T21:06:42.397+0000] {processor.py:175} INFO - Processing /media/prempeh/Nouveau nom/MASTER2/DATA ENGINEERING/airflow/py_env/lib/python3.10/site-packages/airflow/example_dags/example_short_circuit_operator.py took 0.473 seconds
[2023-01-14T21:08:15.421+0000] {processor.py:153} INFO - Started process (PID=8055) to work on /media/prempeh/Nouveau nom/MASTER2/DATA ENGINEERING/airflow/py_env/lib/python3.10/site-packages/airflow/example_dags/example_short_circuit_operator.py
[2023-01-14T21:08:15.424+0000] {processor.py:743} INFO - Processing file /media/prempeh/Nouveau nom/MASTER2/DATA ENGINEERING/airflow/py_env/lib/python3.10/site-packages/airflow/example_dags/example_short_circuit_operator.py for tasks to queue
[2023-01-14T21:08:15.428+0000] {logging_mixin.py:137} INFO - [2023-01-14T21:08:15.427+0000] {dagbag.py:538} INFO - Filling up the DagBag from /media/prempeh/Nouveau nom/MASTER2/DATA ENGINEERING/airflow/py_env/lib/python3.10/site-packages/airflow/example_dags/example_short_circuit_operator.py
[2023-01-14T21:08:15.554+0000] {processor.py:753} INFO - DAG(s) dict_keys(['example_short_circuit_operator']) retrieved from /media/prempeh/Nouveau nom/MASTER2/DATA ENGINEERING/airflow/py_env/lib/python3.10/site-packages/airflow/example_dags/example_short_circuit_operator.py
[2023-01-14T21:08:15.679+0000] {logging_mixin.py:137} INFO - [2023-01-14T21:08:15.678+0000] {dag.py:2676} INFO - Sync 1 DAGs
[2023-01-14T21:08:15.740+0000] {logging_mixin.py:137} INFO - [2023-01-14T21:08:15.739+0000] {dag.py:3423} INFO - Setting next_dagrun for example_short_circuit_operator to 2023-01-13T21:08:15.738499+00:00, run_after=2023-01-14T21:08:15.738499+00:00
[2023-01-14T21:08:15.816+0000] {processor.py:175} INFO - Processing /media/prempeh/Nouveau nom/MASTER2/DATA ENGINEERING/airflow/py_env/lib/python3.10/site-packages/airflow/example_dags/example_short_circuit_operator.py took 0.403 seconds
[2023-01-14T21:09:16.709+0000] {processor.py:153} INFO - Started process (PID=8103) to work on /media/prempeh/Nouveau nom/MASTER2/DATA ENGINEERING/airflow/py_env/lib/python3.10/site-packages/airflow/example_dags/example_short_circuit_operator.py
[2023-01-14T21:09:16.712+0000] {processor.py:743} INFO - Processing file /media/prempeh/Nouveau nom/MASTER2/DATA ENGINEERING/airflow/py_env/lib/python3.10/site-packages/airflow/example_dags/example_short_circuit_operator.py for tasks to queue
[2023-01-14T21:09:16.719+0000] {logging_mixin.py:137} INFO - [2023-01-14T21:09:16.719+0000] {dagbag.py:538} INFO - Filling up the DagBag from /media/prempeh/Nouveau nom/MASTER2/DATA ENGINEERING/airflow/py_env/lib/python3.10/site-packages/airflow/example_dags/example_short_circuit_operator.py
[2023-01-14T21:09:16.856+0000] {processor.py:753} INFO - DAG(s) dict_keys(['example_short_circuit_operator']) retrieved from /media/prempeh/Nouveau nom/MASTER2/DATA ENGINEERING/airflow/py_env/lib/python3.10/site-packages/airflow/example_dags/example_short_circuit_operator.py
[2023-01-14T21:09:16.991+0000] {logging_mixin.py:137} INFO - [2023-01-14T21:09:16.990+0000] {dag.py:2676} INFO - Sync 1 DAGs
[2023-01-14T21:09:17.052+0000] {logging_mixin.py:137} INFO - [2023-01-14T21:09:17.051+0000] {dag.py:3423} INFO - Setting next_dagrun for example_short_circuit_operator to 2023-01-13T21:09:17.051004+00:00, run_after=2023-01-14T21:09:17.051004+00:00
[2023-01-14T21:09:17.131+0000] {processor.py:175} INFO - Processing /media/prempeh/Nouveau nom/MASTER2/DATA ENGINEERING/airflow/py_env/lib/python3.10/site-packages/airflow/example_dags/example_short_circuit_operator.py took 0.432 seconds
[2023-01-14T21:10:17.014+0000] {processor.py:153} INFO - Started process (PID=8149) to work on /media/prempeh/Nouveau nom/MASTER2/DATA ENGINEERING/airflow/py_env/lib/python3.10/site-packages/airflow/example_dags/example_short_circuit_operator.py
[2023-01-14T21:10:17.017+0000] {processor.py:743} INFO - Processing file /media/prempeh/Nouveau nom/MASTER2/DATA ENGINEERING/airflow/py_env/lib/python3.10/site-packages/airflow/example_dags/example_short_circuit_operator.py for tasks to queue
[2023-01-14T21:10:17.021+0000] {logging_mixin.py:137} INFO - [2023-01-14T21:10:17.021+0000] {dagbag.py:538} INFO - Filling up the DagBag from /media/prempeh/Nouveau nom/MASTER2/DATA ENGINEERING/airflow/py_env/lib/python3.10/site-packages/airflow/example_dags/example_short_circuit_operator.py
[2023-01-14T21:10:17.146+0000] {processor.py:753} INFO - DAG(s) dict_keys(['example_short_circuit_operator']) retrieved from /media/prempeh/Nouveau nom/MASTER2/DATA ENGINEERING/airflow/py_env/lib/python3.10/site-packages/airflow/example_dags/example_short_circuit_operator.py
[2023-01-14T21:10:17.267+0000] {logging_mixin.py:137} INFO - [2023-01-14T21:10:17.267+0000] {dag.py:2676} INFO - Sync 1 DAGs
[2023-01-14T21:10:17.333+0000] {logging_mixin.py:137} INFO - [2023-01-14T21:10:17.333+0000] {dag.py:3423} INFO - Setting next_dagrun for example_short_circuit_operator to 2023-01-13T21:10:17.332483+00:00, run_after=2023-01-14T21:10:17.332483+00:00
[2023-01-14T21:10:17.404+0000] {processor.py:175} INFO - Processing /media/prempeh/Nouveau nom/MASTER2/DATA ENGINEERING/airflow/py_env/lib/python3.10/site-packages/airflow/example_dags/example_short_circuit_operator.py took 0.400 seconds
[2023-01-14T21:11:18.853+0000] {processor.py:153} INFO - Started process (PID=8198) to work on /media/prempeh/Nouveau nom/MASTER2/DATA ENGINEERING/airflow/py_env/lib/python3.10/site-packages/airflow/example_dags/example_short_circuit_operator.py
[2023-01-14T21:11:18.855+0000] {processor.py:743} INFO - Processing file /media/prempeh/Nouveau nom/MASTER2/DATA ENGINEERING/airflow/py_env/lib/python3.10/site-packages/airflow/example_dags/example_short_circuit_operator.py for tasks to queue
[2023-01-14T21:11:18.862+0000] {logging_mixin.py:137} INFO - [2023-01-14T21:11:18.861+0000] {dagbag.py:538} INFO - Filling up the DagBag from /media/prempeh/Nouveau nom/MASTER2/DATA ENGINEERING/airflow/py_env/lib/python3.10/site-packages/airflow/example_dags/example_short_circuit_operator.py
[2023-01-14T21:11:19.093+0000] {processor.py:753} INFO - DAG(s) dict_keys(['example_short_circuit_operator']) retrieved from /media/prempeh/Nouveau nom/MASTER2/DATA ENGINEERING/airflow/py_env/lib/python3.10/site-packages/airflow/example_dags/example_short_circuit_operator.py
[2023-01-14T21:11:19.279+0000] {logging_mixin.py:137} INFO - [2023-01-14T21:11:19.278+0000] {dag.py:2676} INFO - Sync 1 DAGs
[2023-01-14T21:11:19.412+0000] {logging_mixin.py:137} INFO - [2023-01-14T21:11:19.411+0000] {dag.py:3423} INFO - Setting next_dagrun for example_short_circuit_operator to 2023-01-13T21:11:19.410030+00:00, run_after=2023-01-14T21:11:19.410030+00:00
[2023-01-14T21:11:19.527+0000] {processor.py:175} INFO - Processing /media/prempeh/Nouveau nom/MASTER2/DATA ENGINEERING/airflow/py_env/lib/python3.10/site-packages/airflow/example_dags/example_short_circuit_operator.py took 0.684 seconds
[2023-01-14T21:12:29.939+0000] {processor.py:153} INFO - Started process (PID=8245) to work on /media/prempeh/Nouveau nom/MASTER2/DATA ENGINEERING/airflow/py_env/lib/python3.10/site-packages/airflow/example_dags/example_short_circuit_operator.py
[2023-01-14T21:12:29.942+0000] {processor.py:743} INFO - Processing file /media/prempeh/Nouveau nom/MASTER2/DATA ENGINEERING/airflow/py_env/lib/python3.10/site-packages/airflow/example_dags/example_short_circuit_operator.py for tasks to queue
[2023-01-14T21:12:29.947+0000] {logging_mixin.py:137} INFO - [2023-01-14T21:12:29.947+0000] {dagbag.py:538} INFO - Filling up the DagBag from /media/prempeh/Nouveau nom/MASTER2/DATA ENGINEERING/airflow/py_env/lib/python3.10/site-packages/airflow/example_dags/example_short_circuit_operator.py
[2023-01-14T21:12:30.079+0000] {processor.py:753} INFO - DAG(s) dict_keys(['example_short_circuit_operator']) retrieved from /media/prempeh/Nouveau nom/MASTER2/DATA ENGINEERING/airflow/py_env/lib/python3.10/site-packages/airflow/example_dags/example_short_circuit_operator.py
[2023-01-14T21:12:30.227+0000] {logging_mixin.py:137} INFO - [2023-01-14T21:12:30.226+0000] {dag.py:2676} INFO - Sync 1 DAGs
[2023-01-14T21:12:30.292+0000] {logging_mixin.py:137} INFO - [2023-01-14T21:12:30.291+0000] {dag.py:3423} INFO - Setting next_dagrun for example_short_circuit_operator to 2023-01-13T21:12:30.291254+00:00, run_after=2023-01-14T21:12:30.291254+00:00
[2023-01-14T21:12:30.366+0000] {processor.py:175} INFO - Processing /media/prempeh/Nouveau nom/MASTER2/DATA ENGINEERING/airflow/py_env/lib/python3.10/site-packages/airflow/example_dags/example_short_circuit_operator.py took 0.437 seconds
[2023-01-14T21:13:44.834+0000] {processor.py:153} INFO - Started process (PID=8298) to work on /media/prempeh/Nouveau nom/MASTER2/DATA ENGINEERING/airflow/py_env/lib/python3.10/site-packages/airflow/example_dags/example_short_circuit_operator.py
[2023-01-14T21:13:44.837+0000] {processor.py:743} INFO - Processing file /media/prempeh/Nouveau nom/MASTER2/DATA ENGINEERING/airflow/py_env/lib/python3.10/site-packages/airflow/example_dags/example_short_circuit_operator.py for tasks to queue
[2023-01-14T21:13:44.842+0000] {logging_mixin.py:137} INFO - [2023-01-14T21:13:44.841+0000] {dagbag.py:538} INFO - Filling up the DagBag from /media/prempeh/Nouveau nom/MASTER2/DATA ENGINEERING/airflow/py_env/lib/python3.10/site-packages/airflow/example_dags/example_short_circuit_operator.py
[2023-01-14T21:13:44.984+0000] {processor.py:753} INFO - DAG(s) dict_keys(['example_short_circuit_operator']) retrieved from /media/prempeh/Nouveau nom/MASTER2/DATA ENGINEERING/airflow/py_env/lib/python3.10/site-packages/airflow/example_dags/example_short_circuit_operator.py
[2023-01-14T21:13:45.102+0000] {logging_mixin.py:137} INFO - [2023-01-14T21:13:45.102+0000] {dag.py:2676} INFO - Sync 1 DAGs
[2023-01-14T21:13:45.163+0000] {logging_mixin.py:137} INFO - [2023-01-14T21:13:45.163+0000] {dag.py:3423} INFO - Setting next_dagrun for example_short_circuit_operator to 2023-01-13T21:13:45.162409+00:00, run_after=2023-01-14T21:13:45.162409+00:00
[2023-01-14T21:13:45.236+0000] {processor.py:175} INFO - Processing /media/prempeh/Nouveau nom/MASTER2/DATA ENGINEERING/airflow/py_env/lib/python3.10/site-packages/airflow/example_dags/example_short_circuit_operator.py took 0.411 seconds
[2023-01-14T21:14:51.015+0000] {processor.py:153} INFO - Started process (PID=8391) to work on /media/prempeh/Nouveau nom/MASTER2/DATA ENGINEERING/airflow/py_env/lib/python3.10/site-packages/airflow/example_dags/example_short_circuit_operator.py
[2023-01-14T21:14:51.018+0000] {processor.py:743} INFO - Processing file /media/prempeh/Nouveau nom/MASTER2/DATA ENGINEERING/airflow/py_env/lib/python3.10/site-packages/airflow/example_dags/example_short_circuit_operator.py for tasks to queue
[2023-01-14T21:14:51.022+0000] {logging_mixin.py:137} INFO - [2023-01-14T21:14:51.022+0000] {dagbag.py:538} INFO - Filling up the DagBag from /media/prempeh/Nouveau nom/MASTER2/DATA ENGINEERING/airflow/py_env/lib/python3.10/site-packages/airflow/example_dags/example_short_circuit_operator.py
[2023-01-14T21:14:51.165+0000] {processor.py:753} INFO - DAG(s) dict_keys(['example_short_circuit_operator']) retrieved from /media/prempeh/Nouveau nom/MASTER2/DATA ENGINEERING/airflow/py_env/lib/python3.10/site-packages/airflow/example_dags/example_short_circuit_operator.py
[2023-01-14T21:14:51.318+0000] {logging_mixin.py:137} INFO - [2023-01-14T21:14:51.317+0000] {dag.py:2676} INFO - Sync 1 DAGs
[2023-01-14T21:14:51.404+0000] {logging_mixin.py:137} INFO - [2023-01-14T21:14:51.403+0000] {dag.py:3423} INFO - Setting next_dagrun for example_short_circuit_operator to 2023-01-13T21:14:51.403220+00:00, run_after=2023-01-14T21:14:51.403220+00:00
[2023-01-14T21:14:51.476+0000] {processor.py:175} INFO - Processing /media/prempeh/Nouveau nom/MASTER2/DATA ENGINEERING/airflow/py_env/lib/python3.10/site-packages/airflow/example_dags/example_short_circuit_operator.py took 0.469 seconds
[2023-01-14T21:16:03.390+0000] {processor.py:153} INFO - Started process (PID=8957) to work on /media/prempeh/Nouveau nom/MASTER2/DATA ENGINEERING/airflow/py_env/lib/python3.10/site-packages/airflow/example_dags/example_short_circuit_operator.py
[2023-01-14T21:16:03.394+0000] {processor.py:743} INFO - Processing file /media/prempeh/Nouveau nom/MASTER2/DATA ENGINEERING/airflow/py_env/lib/python3.10/site-packages/airflow/example_dags/example_short_circuit_operator.py for tasks to queue
[2023-01-14T21:16:03.401+0000] {logging_mixin.py:137} INFO - [2023-01-14T21:16:03.400+0000] {dagbag.py:538} INFO - Filling up the DagBag from /media/prempeh/Nouveau nom/MASTER2/DATA ENGINEERING/airflow/py_env/lib/python3.10/site-packages/airflow/example_dags/example_short_circuit_operator.py
[2023-01-14T21:16:03.582+0000] {processor.py:753} INFO - DAG(s) dict_keys(['example_short_circuit_operator']) retrieved from /media/prempeh/Nouveau nom/MASTER2/DATA ENGINEERING/airflow/py_env/lib/python3.10/site-packages/airflow/example_dags/example_short_circuit_operator.py
[2023-01-14T21:16:03.760+0000] {logging_mixin.py:137} INFO - [2023-01-14T21:16:03.759+0000] {dag.py:2676} INFO - Sync 1 DAGs
[2023-01-14T21:16:03.850+0000] {logging_mixin.py:137} INFO - [2023-01-14T21:16:03.849+0000] {dag.py:3423} INFO - Setting next_dagrun for example_short_circuit_operator to 2023-01-13T21:16:03.848008+00:00, run_after=2023-01-14T21:16:03.848008+00:00
[2023-01-14T21:16:03.956+0000] {processor.py:175} INFO - Processing /media/prempeh/Nouveau nom/MASTER2/DATA ENGINEERING/airflow/py_env/lib/python3.10/site-packages/airflow/example_dags/example_short_circuit_operator.py took 0.578 seconds
[2023-01-14T21:17:16.922+0000] {processor.py:153} INFO - Started process (PID=9149) to work on /media/prempeh/Nouveau nom/MASTER2/DATA ENGINEERING/airflow/py_env/lib/python3.10/site-packages/airflow/example_dags/example_short_circuit_operator.py
[2023-01-14T21:17:16.926+0000] {processor.py:743} INFO - Processing file /media/prempeh/Nouveau nom/MASTER2/DATA ENGINEERING/airflow/py_env/lib/python3.10/site-packages/airflow/example_dags/example_short_circuit_operator.py for tasks to queue
[2023-01-14T21:17:16.931+0000] {logging_mixin.py:137} INFO - [2023-01-14T21:17:16.930+0000] {dagbag.py:538} INFO - Filling up the DagBag from /media/prempeh/Nouveau nom/MASTER2/DATA ENGINEERING/airflow/py_env/lib/python3.10/site-packages/airflow/example_dags/example_short_circuit_operator.py
[2023-01-14T21:17:17.074+0000] {processor.py:753} INFO - DAG(s) dict_keys(['example_short_circuit_operator']) retrieved from /media/prempeh/Nouveau nom/MASTER2/DATA ENGINEERING/airflow/py_env/lib/python3.10/site-packages/airflow/example_dags/example_short_circuit_operator.py
[2023-01-14T21:17:17.223+0000] {logging_mixin.py:137} INFO - [2023-01-14T21:17:17.223+0000] {dag.py:2676} INFO - Sync 1 DAGs
[2023-01-14T21:17:17.301+0000] {logging_mixin.py:137} INFO - [2023-01-14T21:17:17.301+0000] {dag.py:3423} INFO - Setting next_dagrun for example_short_circuit_operator to 2023-01-13T21:17:17.300320+00:00, run_after=2023-01-14T21:17:17.300320+00:00
[2023-01-14T21:17:17.378+0000] {processor.py:175} INFO - Processing /media/prempeh/Nouveau nom/MASTER2/DATA ENGINEERING/airflow/py_env/lib/python3.10/site-packages/airflow/example_dags/example_short_circuit_operator.py took 0.467 seconds
[2023-01-14T21:18:26.977+0000] {processor.py:153} INFO - Started process (PID=9288) to work on /media/prempeh/Nouveau nom/MASTER2/DATA ENGINEERING/airflow/py_env/lib/python3.10/site-packages/airflow/example_dags/example_short_circuit_operator.py
[2023-01-14T21:18:26.986+0000] {processor.py:743} INFO - Processing file /media/prempeh/Nouveau nom/MASTER2/DATA ENGINEERING/airflow/py_env/lib/python3.10/site-packages/airflow/example_dags/example_short_circuit_operator.py for tasks to queue
[2023-01-14T21:18:26.993+0000] {logging_mixin.py:137} INFO - [2023-01-14T21:18:26.992+0000] {dagbag.py:538} INFO - Filling up the DagBag from /media/prempeh/Nouveau nom/MASTER2/DATA ENGINEERING/airflow/py_env/lib/python3.10/site-packages/airflow/example_dags/example_short_circuit_operator.py
[2023-01-14T21:18:27.177+0000] {processor.py:753} INFO - DAG(s) dict_keys(['example_short_circuit_operator']) retrieved from /media/prempeh/Nouveau nom/MASTER2/DATA ENGINEERING/airflow/py_env/lib/python3.10/site-packages/airflow/example_dags/example_short_circuit_operator.py
[2023-01-14T21:18:27.326+0000] {logging_mixin.py:137} INFO - [2023-01-14T21:18:27.325+0000] {dag.py:2676} INFO - Sync 1 DAGs
[2023-01-14T21:18:27.398+0000] {logging_mixin.py:137} INFO - [2023-01-14T21:18:27.398+0000] {dag.py:3423} INFO - Setting next_dagrun for example_short_circuit_operator to 2023-01-13T21:18:27.397278+00:00, run_after=2023-01-14T21:18:27.397278+00:00
[2023-01-14T21:18:27.482+0000] {processor.py:175} INFO - Processing /media/prempeh/Nouveau nom/MASTER2/DATA ENGINEERING/airflow/py_env/lib/python3.10/site-packages/airflow/example_dags/example_short_circuit_operator.py took 0.518 seconds
[2023-01-14T21:19:42.905+0000] {processor.py:153} INFO - Started process (PID=9651) to work on /media/prempeh/Nouveau nom/MASTER2/DATA ENGINEERING/airflow/py_env/lib/python3.10/site-packages/airflow/example_dags/example_short_circuit_operator.py
[2023-01-14T21:19:42.910+0000] {processor.py:743} INFO - Processing file /media/prempeh/Nouveau nom/MASTER2/DATA ENGINEERING/airflow/py_env/lib/python3.10/site-packages/airflow/example_dags/example_short_circuit_operator.py for tasks to queue
[2023-01-14T21:19:42.914+0000] {logging_mixin.py:137} INFO - [2023-01-14T21:19:42.914+0000] {dagbag.py:538} INFO - Filling up the DagBag from /media/prempeh/Nouveau nom/MASTER2/DATA ENGINEERING/airflow/py_env/lib/python3.10/site-packages/airflow/example_dags/example_short_circuit_operator.py
[2023-01-14T21:19:43.056+0000] {processor.py:753} INFO - DAG(s) dict_keys(['example_short_circuit_operator']) retrieved from /media/prempeh/Nouveau nom/MASTER2/DATA ENGINEERING/airflow/py_env/lib/python3.10/site-packages/airflow/example_dags/example_short_circuit_operator.py
[2023-01-14T21:19:43.216+0000] {logging_mixin.py:137} INFO - [2023-01-14T21:19:43.215+0000] {dag.py:2676} INFO - Sync 1 DAGs
[2023-01-14T21:19:43.288+0000] {logging_mixin.py:137} INFO - [2023-01-14T21:19:43.288+0000] {dag.py:3423} INFO - Setting next_dagrun for example_short_circuit_operator to 2023-01-13T21:19:43.287276+00:00, run_after=2023-01-14T21:19:43.287276+00:00
[2023-01-14T21:19:43.366+0000] {processor.py:175} INFO - Processing /media/prempeh/Nouveau nom/MASTER2/DATA ENGINEERING/airflow/py_env/lib/python3.10/site-packages/airflow/example_dags/example_short_circuit_operator.py took 0.470 seconds
[2023-01-14T21:20:52.402+0000] {processor.py:153} INFO - Started process (PID=9807) to work on /media/prempeh/Nouveau nom/MASTER2/DATA ENGINEERING/airflow/py_env/lib/python3.10/site-packages/airflow/example_dags/example_short_circuit_operator.py
[2023-01-14T21:20:52.405+0000] {processor.py:743} INFO - Processing file /media/prempeh/Nouveau nom/MASTER2/DATA ENGINEERING/airflow/py_env/lib/python3.10/site-packages/airflow/example_dags/example_short_circuit_operator.py for tasks to queue
[2023-01-14T21:20:52.409+0000] {logging_mixin.py:137} INFO - [2023-01-14T21:20:52.408+0000] {dagbag.py:538} INFO - Filling up the DagBag from /media/prempeh/Nouveau nom/MASTER2/DATA ENGINEERING/airflow/py_env/lib/python3.10/site-packages/airflow/example_dags/example_short_circuit_operator.py
[2023-01-14T21:20:52.552+0000] {processor.py:753} INFO - DAG(s) dict_keys(['example_short_circuit_operator']) retrieved from /media/prempeh/Nouveau nom/MASTER2/DATA ENGINEERING/airflow/py_env/lib/python3.10/site-packages/airflow/example_dags/example_short_circuit_operator.py
[2023-01-14T21:20:52.702+0000] {logging_mixin.py:137} INFO - [2023-01-14T21:20:52.702+0000] {dag.py:2676} INFO - Sync 1 DAGs
[2023-01-14T21:20:52.771+0000] {logging_mixin.py:137} INFO - [2023-01-14T21:20:52.770+0000] {dag.py:3423} INFO - Setting next_dagrun for example_short_circuit_operator to 2023-01-13T21:20:52.769729+00:00, run_after=2023-01-14T21:20:52.769729+00:00
[2023-01-14T21:20:52.854+0000] {processor.py:175} INFO - Processing /media/prempeh/Nouveau nom/MASTER2/DATA ENGINEERING/airflow/py_env/lib/python3.10/site-packages/airflow/example_dags/example_short_circuit_operator.py took 0.466 seconds
[2023-01-14T21:22:00.858+0000] {processor.py:153} INFO - Started process (PID=9937) to work on /media/prempeh/Nouveau nom/MASTER2/DATA ENGINEERING/airflow/py_env/lib/python3.10/site-packages/airflow/example_dags/example_short_circuit_operator.py
[2023-01-14T21:22:00.861+0000] {processor.py:743} INFO - Processing file /media/prempeh/Nouveau nom/MASTER2/DATA ENGINEERING/airflow/py_env/lib/python3.10/site-packages/airflow/example_dags/example_short_circuit_operator.py for tasks to queue
[2023-01-14T21:22:00.869+0000] {logging_mixin.py:137} INFO - [2023-01-14T21:22:00.868+0000] {dagbag.py:538} INFO - Filling up the DagBag from /media/prempeh/Nouveau nom/MASTER2/DATA ENGINEERING/airflow/py_env/lib/python3.10/site-packages/airflow/example_dags/example_short_circuit_operator.py
[2023-01-14T21:22:01.022+0000] {processor.py:753} INFO - DAG(s) dict_keys(['example_short_circuit_operator']) retrieved from /media/prempeh/Nouveau nom/MASTER2/DATA ENGINEERING/airflow/py_env/lib/python3.10/site-packages/airflow/example_dags/example_short_circuit_operator.py
[2023-01-14T21:22:01.183+0000] {logging_mixin.py:137} INFO - [2023-01-14T21:22:01.182+0000] {dag.py:2676} INFO - Sync 1 DAGs
[2023-01-14T21:22:01.287+0000] {logging_mixin.py:137} INFO - [2023-01-14T21:22:01.286+0000] {dag.py:3423} INFO - Setting next_dagrun for example_short_circuit_operator to 2023-01-13T21:22:01.285897+00:00, run_after=2023-01-14T21:22:01.285897+00:00
[2023-01-14T21:22:01.415+0000] {processor.py:175} INFO - Processing /media/prempeh/Nouveau nom/MASTER2/DATA ENGINEERING/airflow/py_env/lib/python3.10/site-packages/airflow/example_dags/example_short_circuit_operator.py took 0.566 seconds
[2023-01-14T21:23:17.407+0000] {processor.py:153} INFO - Started process (PID=10339) to work on /media/prempeh/Nouveau nom/MASTER2/DATA ENGINEERING/airflow/py_env/lib/python3.10/site-packages/airflow/example_dags/example_short_circuit_operator.py
[2023-01-14T21:23:17.409+0000] {processor.py:743} INFO - Processing file /media/prempeh/Nouveau nom/MASTER2/DATA ENGINEERING/airflow/py_env/lib/python3.10/site-packages/airflow/example_dags/example_short_circuit_operator.py for tasks to queue
[2023-01-14T21:23:17.419+0000] {logging_mixin.py:137} INFO - [2023-01-14T21:23:17.418+0000] {dagbag.py:538} INFO - Filling up the DagBag from /media/prempeh/Nouveau nom/MASTER2/DATA ENGINEERING/airflow/py_env/lib/python3.10/site-packages/airflow/example_dags/example_short_circuit_operator.py
[2023-01-14T21:23:17.567+0000] {processor.py:753} INFO - DAG(s) dict_keys(['example_short_circuit_operator']) retrieved from /media/prempeh/Nouveau nom/MASTER2/DATA ENGINEERING/airflow/py_env/lib/python3.10/site-packages/airflow/example_dags/example_short_circuit_operator.py
[2023-01-14T21:23:17.706+0000] {logging_mixin.py:137} INFO - [2023-01-14T21:23:17.706+0000] {dag.py:2676} INFO - Sync 1 DAGs
[2023-01-14T21:23:17.776+0000] {logging_mixin.py:137} INFO - [2023-01-14T21:23:17.776+0000] {dag.py:3423} INFO - Setting next_dagrun for example_short_circuit_operator to 2023-01-13T21:23:17.775594+00:00, run_after=2023-01-14T21:23:17.775594+00:00
[2023-01-14T21:23:17.855+0000] {processor.py:175} INFO - Processing /media/prempeh/Nouveau nom/MASTER2/DATA ENGINEERING/airflow/py_env/lib/python3.10/site-packages/airflow/example_dags/example_short_circuit_operator.py took 0.459 seconds
[2023-01-14T21:24:22.786+0000] {processor.py:153} INFO - Started process (PID=10383) to work on /media/prempeh/Nouveau nom/MASTER2/DATA ENGINEERING/airflow/py_env/lib/python3.10/site-packages/airflow/example_dags/example_short_circuit_operator.py
[2023-01-14T21:24:22.789+0000] {processor.py:743} INFO - Processing file /media/prempeh/Nouveau nom/MASTER2/DATA ENGINEERING/airflow/py_env/lib/python3.10/site-packages/airflow/example_dags/example_short_circuit_operator.py for tasks to queue
[2023-01-14T21:24:22.794+0000] {logging_mixin.py:137} INFO - [2023-01-14T21:24:22.793+0000] {dagbag.py:538} INFO - Filling up the DagBag from /media/prempeh/Nouveau nom/MASTER2/DATA ENGINEERING/airflow/py_env/lib/python3.10/site-packages/airflow/example_dags/example_short_circuit_operator.py
[2023-01-14T21:24:22.924+0000] {processor.py:753} INFO - DAG(s) dict_keys(['example_short_circuit_operator']) retrieved from /media/prempeh/Nouveau nom/MASTER2/DATA ENGINEERING/airflow/py_env/lib/python3.10/site-packages/airflow/example_dags/example_short_circuit_operator.py
[2023-01-14T21:24:23.061+0000] {logging_mixin.py:137} INFO - [2023-01-14T21:24:23.061+0000] {dag.py:2676} INFO - Sync 1 DAGs
[2023-01-14T21:24:23.125+0000] {logging_mixin.py:137} INFO - [2023-01-14T21:24:23.125+0000] {dag.py:3423} INFO - Setting next_dagrun for example_short_circuit_operator to 2023-01-13T21:24:23.124640+00:00, run_after=2023-01-14T21:24:23.124640+00:00
[2023-01-14T21:24:23.196+0000] {processor.py:175} INFO - Processing /media/prempeh/Nouveau nom/MASTER2/DATA ENGINEERING/airflow/py_env/lib/python3.10/site-packages/airflow/example_dags/example_short_circuit_operator.py took 0.423 seconds
[2023-01-14T21:25:34.197+0000] {processor.py:153} INFO - Started process (PID=10528) to work on /media/prempeh/Nouveau nom/MASTER2/DATA ENGINEERING/airflow/py_env/lib/python3.10/site-packages/airflow/example_dags/example_short_circuit_operator.py
[2023-01-14T21:25:34.199+0000] {processor.py:743} INFO - Processing file /media/prempeh/Nouveau nom/MASTER2/DATA ENGINEERING/airflow/py_env/lib/python3.10/site-packages/airflow/example_dags/example_short_circuit_operator.py for tasks to queue
[2023-01-14T21:25:34.203+0000] {logging_mixin.py:137} INFO - [2023-01-14T21:25:34.203+0000] {dagbag.py:538} INFO - Filling up the DagBag from /media/prempeh/Nouveau nom/MASTER2/DATA ENGINEERING/airflow/py_env/lib/python3.10/site-packages/airflow/example_dags/example_short_circuit_operator.py
[2023-01-14T21:25:34.326+0000] {processor.py:753} INFO - DAG(s) dict_keys(['example_short_circuit_operator']) retrieved from /media/prempeh/Nouveau nom/MASTER2/DATA ENGINEERING/airflow/py_env/lib/python3.10/site-packages/airflow/example_dags/example_short_circuit_operator.py
[2023-01-14T21:25:34.456+0000] {logging_mixin.py:137} INFO - [2023-01-14T21:25:34.456+0000] {dag.py:2676} INFO - Sync 1 DAGs
[2023-01-14T21:25:34.568+0000] {logging_mixin.py:137} INFO - [2023-01-14T21:25:34.567+0000] {dag.py:3423} INFO - Setting next_dagrun for example_short_circuit_operator to 2023-01-13T21:25:34.566670+00:00, run_after=2023-01-14T21:25:34.566670+00:00
[2023-01-14T21:25:34.655+0000] {processor.py:175} INFO - Processing /media/prempeh/Nouveau nom/MASTER2/DATA ENGINEERING/airflow/py_env/lib/python3.10/site-packages/airflow/example_dags/example_short_circuit_operator.py took 0.468 seconds
[2023-01-14T21:26:45.712+0000] {processor.py:153} INFO - Started process (PID=10682) to work on /media/prempeh/Nouveau nom/MASTER2/DATA ENGINEERING/airflow/py_env/lib/python3.10/site-packages/airflow/example_dags/example_short_circuit_operator.py
[2023-01-14T21:26:45.716+0000] {processor.py:743} INFO - Processing file /media/prempeh/Nouveau nom/MASTER2/DATA ENGINEERING/airflow/py_env/lib/python3.10/site-packages/airflow/example_dags/example_short_circuit_operator.py for tasks to queue
[2023-01-14T21:26:45.721+0000] {logging_mixin.py:137} INFO - [2023-01-14T21:26:45.720+0000] {dagbag.py:538} INFO - Filling up the DagBag from /media/prempeh/Nouveau nom/MASTER2/DATA ENGINEERING/airflow/py_env/lib/python3.10/site-packages/airflow/example_dags/example_short_circuit_operator.py
[2023-01-14T21:26:45.869+0000] {processor.py:753} INFO - DAG(s) dict_keys(['example_short_circuit_operator']) retrieved from /media/prempeh/Nouveau nom/MASTER2/DATA ENGINEERING/airflow/py_env/lib/python3.10/site-packages/airflow/example_dags/example_short_circuit_operator.py
[2023-01-14T21:26:46.000+0000] {logging_mixin.py:137} INFO - [2023-01-14T21:26:45.999+0000] {dag.py:2676} INFO - Sync 1 DAGs
[2023-01-14T21:26:46.061+0000] {logging_mixin.py:137} INFO - [2023-01-14T21:26:46.061+0000] {dag.py:3423} INFO - Setting next_dagrun for example_short_circuit_operator to 2023-01-13T21:26:46.060421+00:00, run_after=2023-01-14T21:26:46.060421+00:00
[2023-01-14T21:26:46.128+0000] {processor.py:175} INFO - Processing /media/prempeh/Nouveau nom/MASTER2/DATA ENGINEERING/airflow/py_env/lib/python3.10/site-packages/airflow/example_dags/example_short_circuit_operator.py took 0.427 seconds
