[2023-01-14T20:52:51.989+0000] {processor.py:153} INFO - Started process (PID=6408) to work on /media/prempeh/Nouveau nom/MASTER2/DATA ENGINEERING/airflow/py_env/lib/python3.10/site-packages/airflow/example_dags/example_time_delta_sensor_async.py
[2023-01-14T20:52:51.993+0000] {processor.py:743} INFO - Processing file /media/prempeh/Nouveau nom/MASTER2/DATA ENGINEERING/airflow/py_env/lib/python3.10/site-packages/airflow/example_dags/example_time_delta_sensor_async.py for tasks to queue
[2023-01-14T20:52:51.999+0000] {logging_mixin.py:137} INFO - [2023-01-14T20:52:51.998+0000] {dagbag.py:538} INFO - Filling up the DagBag from /media/prempeh/Nouveau nom/MASTER2/DATA ENGINEERING/airflow/py_env/lib/python3.10/site-packages/airflow/example_dags/example_time_delta_sensor_async.py
[2023-01-14T20:52:52.184+0000] {processor.py:753} INFO - DAG(s) dict_keys(['example_time_delta_sensor_async']) retrieved from /media/prempeh/Nouveau nom/MASTER2/DATA ENGINEERING/airflow/py_env/lib/python3.10/site-packages/airflow/example_dags/example_time_delta_sensor_async.py
[2023-01-14T20:52:52.952+0000] {logging_mixin.py:137} INFO - [2023-01-14T20:52:52.951+0000] {manager.py:504} INFO - Created Permission View: can edit on DAG:example_time_delta_sensor_async
[2023-01-14T20:52:52.989+0000] {logging_mixin.py:137} INFO - [2023-01-14T20:52:52.988+0000] {manager.py:504} INFO - Created Permission View: can delete on DAG:example_time_delta_sensor_async
[2023-01-14T20:52:53.019+0000] {logging_mixin.py:137} INFO - [2023-01-14T20:52:53.019+0000] {manager.py:504} INFO - Created Permission View: can read on DAG:example_time_delta_sensor_async
[2023-01-14T20:52:53.021+0000] {logging_mixin.py:137} INFO - [2023-01-14T20:52:53.020+0000] {dag.py:2676} INFO - Sync 1 DAGs
[2023-01-14T20:52:53.058+0000] {logging_mixin.py:137} INFO - [2023-01-14T20:52:53.058+0000] {dag.py:2697} INFO - Creating ORM DAG for example_time_delta_sensor_async
[2023-01-14T20:52:53.089+0000] {logging_mixin.py:137} INFO - [2023-01-14T20:52:53.088+0000] {dag.py:3423} INFO - Setting next_dagrun for example_time_delta_sensor_async to None, run_after=None
[2023-01-14T20:52:53.150+0000] {processor.py:175} INFO - Processing /media/prempeh/Nouveau nom/MASTER2/DATA ENGINEERING/airflow/py_env/lib/python3.10/site-packages/airflow/example_dags/example_time_delta_sensor_async.py took 1.173 seconds
[2023-01-14T20:54:06.537+0000] {processor.py:153} INFO - Started process (PID=6713) to work on /media/prempeh/Nouveau nom/MASTER2/DATA ENGINEERING/airflow/py_env/lib/python3.10/site-packages/airflow/example_dags/example_time_delta_sensor_async.py
[2023-01-14T20:54:06.540+0000] {processor.py:743} INFO - Processing file /media/prempeh/Nouveau nom/MASTER2/DATA ENGINEERING/airflow/py_env/lib/python3.10/site-packages/airflow/example_dags/example_time_delta_sensor_async.py for tasks to queue
[2023-01-14T20:54:06.544+0000] {logging_mixin.py:137} INFO - [2023-01-14T20:54:06.544+0000] {dagbag.py:538} INFO - Filling up the DagBag from /media/prempeh/Nouveau nom/MASTER2/DATA ENGINEERING/airflow/py_env/lib/python3.10/site-packages/airflow/example_dags/example_time_delta_sensor_async.py
[2023-01-14T20:54:06.673+0000] {processor.py:753} INFO - DAG(s) dict_keys(['example_time_delta_sensor_async']) retrieved from /media/prempeh/Nouveau nom/MASTER2/DATA ENGINEERING/airflow/py_env/lib/python3.10/site-packages/airflow/example_dags/example_time_delta_sensor_async.py
[2023-01-14T20:54:06.805+0000] {logging_mixin.py:137} INFO - [2023-01-14T20:54:06.804+0000] {dag.py:2676} INFO - Sync 1 DAGs
[2023-01-14T20:54:06.864+0000] {logging_mixin.py:137} INFO - [2023-01-14T20:54:06.863+0000] {dag.py:3423} INFO - Setting next_dagrun for example_time_delta_sensor_async to None, run_after=None
[2023-01-14T20:54:06.935+0000] {processor.py:175} INFO - Processing /media/prempeh/Nouveau nom/MASTER2/DATA ENGINEERING/airflow/py_env/lib/python3.10/site-packages/airflow/example_dags/example_time_delta_sensor_async.py took 0.405 seconds
[2023-01-14T20:55:06.862+0000] {processor.py:153} INFO - Started process (PID=6751) to work on /media/prempeh/Nouveau nom/MASTER2/DATA ENGINEERING/airflow/py_env/lib/python3.10/site-packages/airflow/example_dags/example_time_delta_sensor_async.py
[2023-01-14T20:55:06.866+0000] {processor.py:743} INFO - Processing file /media/prempeh/Nouveau nom/MASTER2/DATA ENGINEERING/airflow/py_env/lib/python3.10/site-packages/airflow/example_dags/example_time_delta_sensor_async.py for tasks to queue
[2023-01-14T20:55:06.875+0000] {logging_mixin.py:137} INFO - [2023-01-14T20:55:06.874+0000] {dagbag.py:538} INFO - Filling up the DagBag from /media/prempeh/Nouveau nom/MASTER2/DATA ENGINEERING/airflow/py_env/lib/python3.10/site-packages/airflow/example_dags/example_time_delta_sensor_async.py
[2023-01-14T20:55:07.025+0000] {processor.py:753} INFO - DAG(s) dict_keys(['example_time_delta_sensor_async']) retrieved from /media/prempeh/Nouveau nom/MASTER2/DATA ENGINEERING/airflow/py_env/lib/python3.10/site-packages/airflow/example_dags/example_time_delta_sensor_async.py
[2023-01-14T20:55:07.184+0000] {logging_mixin.py:137} INFO - [2023-01-14T20:55:07.184+0000] {dag.py:2676} INFO - Sync 1 DAGs
[2023-01-14T20:55:07.246+0000] {logging_mixin.py:137} INFO - [2023-01-14T20:55:07.245+0000] {dag.py:3423} INFO - Setting next_dagrun for example_time_delta_sensor_async to None, run_after=None
[2023-01-14T20:55:07.317+0000] {processor.py:175} INFO - Processing /media/prempeh/Nouveau nom/MASTER2/DATA ENGINEERING/airflow/py_env/lib/python3.10/site-packages/airflow/example_dags/example_time_delta_sensor_async.py took 0.466 seconds
[2023-01-14T20:56:06.896+0000] {processor.py:153} INFO - Started process (PID=6857) to work on /media/prempeh/Nouveau nom/MASTER2/DATA ENGINEERING/airflow/py_env/lib/python3.10/site-packages/airflow/example_dags/example_time_delta_sensor_async.py
[2023-01-14T20:56:06.899+0000] {processor.py:743} INFO - Processing file /media/prempeh/Nouveau nom/MASTER2/DATA ENGINEERING/airflow/py_env/lib/python3.10/site-packages/airflow/example_dags/example_time_delta_sensor_async.py for tasks to queue
[2023-01-14T20:56:06.902+0000] {logging_mixin.py:137} INFO - [2023-01-14T20:56:06.902+0000] {dagbag.py:538} INFO - Filling up the DagBag from /media/prempeh/Nouveau nom/MASTER2/DATA ENGINEERING/airflow/py_env/lib/python3.10/site-packages/airflow/example_dags/example_time_delta_sensor_async.py
[2023-01-14T20:56:07.005+0000] {processor.py:753} INFO - DAG(s) dict_keys(['example_time_delta_sensor_async']) retrieved from /media/prempeh/Nouveau nom/MASTER2/DATA ENGINEERING/airflow/py_env/lib/python3.10/site-packages/airflow/example_dags/example_time_delta_sensor_async.py
[2023-01-14T20:56:07.135+0000] {logging_mixin.py:137} INFO - [2023-01-14T20:56:07.134+0000] {dag.py:2676} INFO - Sync 1 DAGs
[2023-01-14T20:56:07.198+0000] {logging_mixin.py:137} INFO - [2023-01-14T20:56:07.197+0000] {dag.py:3423} INFO - Setting next_dagrun for example_time_delta_sensor_async to None, run_after=None
[2023-01-14T20:56:07.267+0000] {processor.py:175} INFO - Processing /media/prempeh/Nouveau nom/MASTER2/DATA ENGINEERING/airflow/py_env/lib/python3.10/site-packages/airflow/example_dags/example_time_delta_sensor_async.py took 0.379 seconds
[2023-01-14T20:57:07.422+0000] {processor.py:153} INFO - Started process (PID=7033) to work on /media/prempeh/Nouveau nom/MASTER2/DATA ENGINEERING/airflow/py_env/lib/python3.10/site-packages/airflow/example_dags/example_time_delta_sensor_async.py
[2023-01-14T20:57:07.425+0000] {processor.py:743} INFO - Processing file /media/prempeh/Nouveau nom/MASTER2/DATA ENGINEERING/airflow/py_env/lib/python3.10/site-packages/airflow/example_dags/example_time_delta_sensor_async.py for tasks to queue
[2023-01-14T20:57:07.429+0000] {logging_mixin.py:137} INFO - [2023-01-14T20:57:07.428+0000] {dagbag.py:538} INFO - Filling up the DagBag from /media/prempeh/Nouveau nom/MASTER2/DATA ENGINEERING/airflow/py_env/lib/python3.10/site-packages/airflow/example_dags/example_time_delta_sensor_async.py
[2023-01-14T20:57:07.549+0000] {processor.py:753} INFO - DAG(s) dict_keys(['example_time_delta_sensor_async']) retrieved from /media/prempeh/Nouveau nom/MASTER2/DATA ENGINEERING/airflow/py_env/lib/python3.10/site-packages/airflow/example_dags/example_time_delta_sensor_async.py
[2023-01-14T20:57:07.668+0000] {logging_mixin.py:137} INFO - [2023-01-14T20:57:07.667+0000] {dag.py:2676} INFO - Sync 1 DAGs
[2023-01-14T20:57:07.732+0000] {logging_mixin.py:137} INFO - [2023-01-14T20:57:07.731+0000] {dag.py:3423} INFO - Setting next_dagrun for example_time_delta_sensor_async to None, run_after=None
[2023-01-14T20:57:07.811+0000] {processor.py:175} INFO - Processing /media/prempeh/Nouveau nom/MASTER2/DATA ENGINEERING/airflow/py_env/lib/python3.10/site-packages/airflow/example_dags/example_time_delta_sensor_async.py took 0.397 seconds
[2023-01-14T20:58:05.550+0000] {processor.py:153} INFO - Started process (PID=7113) to work on /media/prempeh/Nouveau nom/MASTER2/DATA ENGINEERING/airflow/py_env/lib/python3.10/site-packages/airflow/example_dags/example_time_delta_sensor_async.py
[2023-01-14T20:58:05.552+0000] {processor.py:743} INFO - Processing file /media/prempeh/Nouveau nom/MASTER2/DATA ENGINEERING/airflow/py_env/lib/python3.10/site-packages/airflow/example_dags/example_time_delta_sensor_async.py for tasks to queue
[2023-01-14T20:58:05.557+0000] {logging_mixin.py:137} INFO - [2023-01-14T20:58:05.556+0000] {dagbag.py:538} INFO - Filling up the DagBag from /media/prempeh/Nouveau nom/MASTER2/DATA ENGINEERING/airflow/py_env/lib/python3.10/site-packages/airflow/example_dags/example_time_delta_sensor_async.py
[2023-01-14T20:58:05.694+0000] {processor.py:753} INFO - DAG(s) dict_keys(['example_time_delta_sensor_async']) retrieved from /media/prempeh/Nouveau nom/MASTER2/DATA ENGINEERING/airflow/py_env/lib/python3.10/site-packages/airflow/example_dags/example_time_delta_sensor_async.py
[2023-01-14T20:58:05.852+0000] {logging_mixin.py:137} INFO - [2023-01-14T20:58:05.851+0000] {dag.py:2676} INFO - Sync 1 DAGs
[2023-01-14T20:58:05.917+0000] {logging_mixin.py:137} INFO - [2023-01-14T20:58:05.916+0000] {dag.py:3423} INFO - Setting next_dagrun for example_time_delta_sensor_async to None, run_after=None
[2023-01-14T20:58:05.988+0000] {processor.py:175} INFO - Processing /media/prempeh/Nouveau nom/MASTER2/DATA ENGINEERING/airflow/py_env/lib/python3.10/site-packages/airflow/example_dags/example_time_delta_sensor_async.py took 0.447 seconds
[2023-01-14T20:59:00.452+0000] {processor.py:153} INFO - Started process (PID=7153) to work on /media/prempeh/Nouveau nom/MASTER2/DATA ENGINEERING/airflow/py_env/lib/python3.10/site-packages/airflow/example_dags/example_time_delta_sensor_async.py
[2023-01-14T20:59:00.455+0000] {processor.py:743} INFO - Processing file /media/prempeh/Nouveau nom/MASTER2/DATA ENGINEERING/airflow/py_env/lib/python3.10/site-packages/airflow/example_dags/example_time_delta_sensor_async.py for tasks to queue
[2023-01-14T20:59:00.460+0000] {logging_mixin.py:137} INFO - [2023-01-14T20:59:00.459+0000] {dagbag.py:538} INFO - Filling up the DagBag from /media/prempeh/Nouveau nom/MASTER2/DATA ENGINEERING/airflow/py_env/lib/python3.10/site-packages/airflow/example_dags/example_time_delta_sensor_async.py
[2023-01-14T20:59:00.568+0000] {processor.py:753} INFO - DAG(s) dict_keys(['example_time_delta_sensor_async']) retrieved from /media/prempeh/Nouveau nom/MASTER2/DATA ENGINEERING/airflow/py_env/lib/python3.10/site-packages/airflow/example_dags/example_time_delta_sensor_async.py
[2023-01-14T20:59:00.687+0000] {logging_mixin.py:137} INFO - [2023-01-14T20:59:00.687+0000] {dag.py:2676} INFO - Sync 1 DAGs
[2023-01-14T20:59:00.752+0000] {logging_mixin.py:137} INFO - [2023-01-14T20:59:00.751+0000] {dag.py:3423} INFO - Setting next_dagrun for example_time_delta_sensor_async to None, run_after=None
[2023-01-14T20:59:00.819+0000] {processor.py:175} INFO - Processing /media/prempeh/Nouveau nom/MASTER2/DATA ENGINEERING/airflow/py_env/lib/python3.10/site-packages/airflow/example_dags/example_time_delta_sensor_async.py took 0.377 seconds
[2023-01-14T20:59:48.541+0000] {processor.py:153} INFO - Started process (PID=7223) to work on /media/prempeh/Nouveau nom/MASTER2/DATA ENGINEERING/airflow/py_env/lib/python3.10/site-packages/airflow/example_dags/example_time_delta_sensor_async.py
[2023-01-14T20:59:48.544+0000] {processor.py:743} INFO - Processing file /media/prempeh/Nouveau nom/MASTER2/DATA ENGINEERING/airflow/py_env/lib/python3.10/site-packages/airflow/example_dags/example_time_delta_sensor_async.py for tasks to queue
[2023-01-14T20:59:48.548+0000] {logging_mixin.py:137} INFO - [2023-01-14T20:59:48.548+0000] {dagbag.py:538} INFO - Filling up the DagBag from /media/prempeh/Nouveau nom/MASTER2/DATA ENGINEERING/airflow/py_env/lib/python3.10/site-packages/airflow/example_dags/example_time_delta_sensor_async.py
[2023-01-14T20:59:48.660+0000] {processor.py:753} INFO - DAG(s) dict_keys(['example_time_delta_sensor_async']) retrieved from /media/prempeh/Nouveau nom/MASTER2/DATA ENGINEERING/airflow/py_env/lib/python3.10/site-packages/airflow/example_dags/example_time_delta_sensor_async.py
[2023-01-14T20:59:48.818+0000] {logging_mixin.py:137} INFO - [2023-01-14T20:59:48.817+0000] {dag.py:2676} INFO - Sync 1 DAGs
[2023-01-14T20:59:48.892+0000] {logging_mixin.py:137} INFO - [2023-01-14T20:59:48.891+0000] {dag.py:3423} INFO - Setting next_dagrun for example_time_delta_sensor_async to None, run_after=None
[2023-01-14T20:59:48.975+0000] {processor.py:175} INFO - Processing /media/prempeh/Nouveau nom/MASTER2/DATA ENGINEERING/airflow/py_env/lib/python3.10/site-packages/airflow/example_dags/example_time_delta_sensor_async.py took 0.443 seconds
[2023-01-14T21:00:44.244+0000] {processor.py:153} INFO - Started process (PID=7273) to work on /media/prempeh/Nouveau nom/MASTER2/DATA ENGINEERING/airflow/py_env/lib/python3.10/site-packages/airflow/example_dags/example_time_delta_sensor_async.py
[2023-01-14T21:00:44.247+0000] {processor.py:743} INFO - Processing file /media/prempeh/Nouveau nom/MASTER2/DATA ENGINEERING/airflow/py_env/lib/python3.10/site-packages/airflow/example_dags/example_time_delta_sensor_async.py for tasks to queue
[2023-01-14T21:00:44.255+0000] {logging_mixin.py:137} INFO - [2023-01-14T21:00:44.254+0000] {dagbag.py:538} INFO - Filling up the DagBag from /media/prempeh/Nouveau nom/MASTER2/DATA ENGINEERING/airflow/py_env/lib/python3.10/site-packages/airflow/example_dags/example_time_delta_sensor_async.py
[2023-01-14T21:00:44.372+0000] {processor.py:753} INFO - DAG(s) dict_keys(['example_time_delta_sensor_async']) retrieved from /media/prempeh/Nouveau nom/MASTER2/DATA ENGINEERING/airflow/py_env/lib/python3.10/site-packages/airflow/example_dags/example_time_delta_sensor_async.py
[2023-01-14T21:00:44.485+0000] {logging_mixin.py:137} INFO - [2023-01-14T21:00:44.484+0000] {dag.py:2676} INFO - Sync 1 DAGs
[2023-01-14T21:00:44.545+0000] {logging_mixin.py:137} INFO - [2023-01-14T21:00:44.545+0000] {dag.py:3423} INFO - Setting next_dagrun for example_time_delta_sensor_async to None, run_after=None
[2023-01-14T21:00:44.616+0000] {processor.py:175} INFO - Processing /media/prempeh/Nouveau nom/MASTER2/DATA ENGINEERING/airflow/py_env/lib/python3.10/site-packages/airflow/example_dags/example_time_delta_sensor_async.py took 0.381 seconds
[2023-01-14T21:01:38.943+0000] {processor.py:153} INFO - Started process (PID=7318) to work on /media/prempeh/Nouveau nom/MASTER2/DATA ENGINEERING/airflow/py_env/lib/python3.10/site-packages/airflow/example_dags/example_time_delta_sensor_async.py
[2023-01-14T21:01:38.946+0000] {processor.py:743} INFO - Processing file /media/prempeh/Nouveau nom/MASTER2/DATA ENGINEERING/airflow/py_env/lib/python3.10/site-packages/airflow/example_dags/example_time_delta_sensor_async.py for tasks to queue
[2023-01-14T21:01:38.950+0000] {logging_mixin.py:137} INFO - [2023-01-14T21:01:38.950+0000] {dagbag.py:538} INFO - Filling up the DagBag from /media/prempeh/Nouveau nom/MASTER2/DATA ENGINEERING/airflow/py_env/lib/python3.10/site-packages/airflow/example_dags/example_time_delta_sensor_async.py
[2023-01-14T21:01:39.055+0000] {processor.py:753} INFO - DAG(s) dict_keys(['example_time_delta_sensor_async']) retrieved from /media/prempeh/Nouveau nom/MASTER2/DATA ENGINEERING/airflow/py_env/lib/python3.10/site-packages/airflow/example_dags/example_time_delta_sensor_async.py
[2023-01-14T21:01:39.194+0000] {logging_mixin.py:137} INFO - [2023-01-14T21:01:39.193+0000] {dag.py:2676} INFO - Sync 1 DAGs
[2023-01-14T21:01:39.258+0000] {logging_mixin.py:137} INFO - [2023-01-14T21:01:39.258+0000] {dag.py:3423} INFO - Setting next_dagrun for example_time_delta_sensor_async to None, run_after=None
[2023-01-14T21:01:39.333+0000] {processor.py:175} INFO - Processing /media/prempeh/Nouveau nom/MASTER2/DATA ENGINEERING/airflow/py_env/lib/python3.10/site-packages/airflow/example_dags/example_time_delta_sensor_async.py took 0.399 seconds
[2023-01-14T21:02:32.649+0000] {processor.py:153} INFO - Started process (PID=7385) to work on /media/prempeh/Nouveau nom/MASTER2/DATA ENGINEERING/airflow/py_env/lib/python3.10/site-packages/airflow/example_dags/example_time_delta_sensor_async.py
[2023-01-14T21:02:32.652+0000] {processor.py:743} INFO - Processing file /media/prempeh/Nouveau nom/MASTER2/DATA ENGINEERING/airflow/py_env/lib/python3.10/site-packages/airflow/example_dags/example_time_delta_sensor_async.py for tasks to queue
[2023-01-14T21:02:32.660+0000] {logging_mixin.py:137} INFO - [2023-01-14T21:02:32.660+0000] {dagbag.py:538} INFO - Filling up the DagBag from /media/prempeh/Nouveau nom/MASTER2/DATA ENGINEERING/airflow/py_env/lib/python3.10/site-packages/airflow/example_dags/example_time_delta_sensor_async.py
[2023-01-14T21:02:32.768+0000] {processor.py:753} INFO - DAG(s) dict_keys(['example_time_delta_sensor_async']) retrieved from /media/prempeh/Nouveau nom/MASTER2/DATA ENGINEERING/airflow/py_env/lib/python3.10/site-packages/airflow/example_dags/example_time_delta_sensor_async.py
[2023-01-14T21:02:32.892+0000] {logging_mixin.py:137} INFO - [2023-01-14T21:02:32.891+0000] {dag.py:2676} INFO - Sync 1 DAGs
[2023-01-14T21:02:32.953+0000] {logging_mixin.py:137} INFO - [2023-01-14T21:02:32.953+0000] {dag.py:3423} INFO - Setting next_dagrun for example_time_delta_sensor_async to None, run_after=None
[2023-01-14T21:02:33.027+0000] {processor.py:175} INFO - Processing /media/prempeh/Nouveau nom/MASTER2/DATA ENGINEERING/airflow/py_env/lib/python3.10/site-packages/airflow/example_dags/example_time_delta_sensor_async.py took 0.386 seconds
[2023-01-14T21:03:22.600+0000] {processor.py:153} INFO - Started process (PID=7428) to work on /media/prempeh/Nouveau nom/MASTER2/DATA ENGINEERING/airflow/py_env/lib/python3.10/site-packages/airflow/example_dags/example_time_delta_sensor_async.py
[2023-01-14T21:03:22.602+0000] {processor.py:743} INFO - Processing file /media/prempeh/Nouveau nom/MASTER2/DATA ENGINEERING/airflow/py_env/lib/python3.10/site-packages/airflow/example_dags/example_time_delta_sensor_async.py for tasks to queue
[2023-01-14T21:03:22.607+0000] {logging_mixin.py:137} INFO - [2023-01-14T21:03:22.606+0000] {dagbag.py:538} INFO - Filling up the DagBag from /media/prempeh/Nouveau nom/MASTER2/DATA ENGINEERING/airflow/py_env/lib/python3.10/site-packages/airflow/example_dags/example_time_delta_sensor_async.py
[2023-01-14T21:03:22.709+0000] {processor.py:753} INFO - DAG(s) dict_keys(['example_time_delta_sensor_async']) retrieved from /media/prempeh/Nouveau nom/MASTER2/DATA ENGINEERING/airflow/py_env/lib/python3.10/site-packages/airflow/example_dags/example_time_delta_sensor_async.py
[2023-01-14T21:03:22.831+0000] {logging_mixin.py:137} INFO - [2023-01-14T21:03:22.830+0000] {dag.py:2676} INFO - Sync 1 DAGs
[2023-01-14T21:03:22.893+0000] {logging_mixin.py:137} INFO - [2023-01-14T21:03:22.892+0000] {dag.py:3423} INFO - Setting next_dagrun for example_time_delta_sensor_async to None, run_after=None
[2023-01-14T21:03:22.972+0000] {processor.py:175} INFO - Processing /media/prempeh/Nouveau nom/MASTER2/DATA ENGINEERING/airflow/py_env/lib/python3.10/site-packages/airflow/example_dags/example_time_delta_sensor_async.py took 0.381 seconds
[2023-01-14T21:04:28.376+0000] {processor.py:153} INFO - Started process (PID=7497) to work on /media/prempeh/Nouveau nom/MASTER2/DATA ENGINEERING/airflow/py_env/lib/python3.10/site-packages/airflow/example_dags/example_time_delta_sensor_async.py
[2023-01-14T21:04:28.379+0000] {processor.py:743} INFO - Processing file /media/prempeh/Nouveau nom/MASTER2/DATA ENGINEERING/airflow/py_env/lib/python3.10/site-packages/airflow/example_dags/example_time_delta_sensor_async.py for tasks to queue
[2023-01-14T21:04:28.383+0000] {logging_mixin.py:137} INFO - [2023-01-14T21:04:28.383+0000] {dagbag.py:538} INFO - Filling up the DagBag from /media/prempeh/Nouveau nom/MASTER2/DATA ENGINEERING/airflow/py_env/lib/python3.10/site-packages/airflow/example_dags/example_time_delta_sensor_async.py
[2023-01-14T21:04:28.495+0000] {processor.py:753} INFO - DAG(s) dict_keys(['example_time_delta_sensor_async']) retrieved from /media/prempeh/Nouveau nom/MASTER2/DATA ENGINEERING/airflow/py_env/lib/python3.10/site-packages/airflow/example_dags/example_time_delta_sensor_async.py
[2023-01-14T21:04:28.619+0000] {logging_mixin.py:137} INFO - [2023-01-14T21:04:28.618+0000] {dag.py:2676} INFO - Sync 1 DAGs
[2023-01-14T21:04:28.682+0000] {logging_mixin.py:137} INFO - [2023-01-14T21:04:28.681+0000] {dag.py:3423} INFO - Setting next_dagrun for example_time_delta_sensor_async to None, run_after=None
[2023-01-14T21:04:28.749+0000] {processor.py:175} INFO - Processing /media/prempeh/Nouveau nom/MASTER2/DATA ENGINEERING/airflow/py_env/lib/python3.10/site-packages/airflow/example_dags/example_time_delta_sensor_async.py took 0.383 seconds
[2023-01-14T21:05:25.698+0000] {processor.py:153} INFO - Started process (PID=7547) to work on /media/prempeh/Nouveau nom/MASTER2/DATA ENGINEERING/airflow/py_env/lib/python3.10/site-packages/airflow/example_dags/example_time_delta_sensor_async.py
[2023-01-14T21:05:25.701+0000] {processor.py:743} INFO - Processing file /media/prempeh/Nouveau nom/MASTER2/DATA ENGINEERING/airflow/py_env/lib/python3.10/site-packages/airflow/example_dags/example_time_delta_sensor_async.py for tasks to queue
[2023-01-14T21:05:25.706+0000] {logging_mixin.py:137} INFO - [2023-01-14T21:05:25.705+0000] {dagbag.py:538} INFO - Filling up the DagBag from /media/prempeh/Nouveau nom/MASTER2/DATA ENGINEERING/airflow/py_env/lib/python3.10/site-packages/airflow/example_dags/example_time_delta_sensor_async.py
[2023-01-14T21:05:25.811+0000] {processor.py:753} INFO - DAG(s) dict_keys(['example_time_delta_sensor_async']) retrieved from /media/prempeh/Nouveau nom/MASTER2/DATA ENGINEERING/airflow/py_env/lib/python3.10/site-packages/airflow/example_dags/example_time_delta_sensor_async.py
[2023-01-14T21:05:25.926+0000] {logging_mixin.py:137} INFO - [2023-01-14T21:05:25.925+0000] {dag.py:2676} INFO - Sync 1 DAGs
[2023-01-14T21:05:25.986+0000] {logging_mixin.py:137} INFO - [2023-01-14T21:05:25.985+0000] {dag.py:3423} INFO - Setting next_dagrun for example_time_delta_sensor_async to None, run_after=None
[2023-01-14T21:05:26.065+0000] {processor.py:175} INFO - Processing /media/prempeh/Nouveau nom/MASTER2/DATA ENGINEERING/airflow/py_env/lib/python3.10/site-packages/airflow/example_dags/example_time_delta_sensor_async.py took 0.379 seconds
[2023-01-14T21:06:32.941+0000] {processor.py:153} INFO - Started process (PID=7735) to work on /media/prempeh/Nouveau nom/MASTER2/DATA ENGINEERING/airflow/py_env/lib/python3.10/site-packages/airflow/example_dags/example_time_delta_sensor_async.py
[2023-01-14T21:06:32.943+0000] {processor.py:743} INFO - Processing file /media/prempeh/Nouveau nom/MASTER2/DATA ENGINEERING/airflow/py_env/lib/python3.10/site-packages/airflow/example_dags/example_time_delta_sensor_async.py for tasks to queue
[2023-01-14T21:06:32.947+0000] {logging_mixin.py:137} INFO - [2023-01-14T21:06:32.947+0000] {dagbag.py:538} INFO - Filling up the DagBag from /media/prempeh/Nouveau nom/MASTER2/DATA ENGINEERING/airflow/py_env/lib/python3.10/site-packages/airflow/example_dags/example_time_delta_sensor_async.py
[2023-01-14T21:06:33.073+0000] {processor.py:753} INFO - DAG(s) dict_keys(['example_time_delta_sensor_async']) retrieved from /media/prempeh/Nouveau nom/MASTER2/DATA ENGINEERING/airflow/py_env/lib/python3.10/site-packages/airflow/example_dags/example_time_delta_sensor_async.py
[2023-01-14T21:06:33.199+0000] {logging_mixin.py:137} INFO - [2023-01-14T21:06:33.198+0000] {dag.py:2676} INFO - Sync 1 DAGs
[2023-01-14T21:06:33.261+0000] {logging_mixin.py:137} INFO - [2023-01-14T21:06:33.260+0000] {dag.py:3423} INFO - Setting next_dagrun for example_time_delta_sensor_async to None, run_after=None
[2023-01-14T21:06:33.329+0000] {processor.py:175} INFO - Processing /media/prempeh/Nouveau nom/MASTER2/DATA ENGINEERING/airflow/py_env/lib/python3.10/site-packages/airflow/example_dags/example_time_delta_sensor_async.py took 0.397 seconds
[2023-01-14T21:08:06.787+0000] {processor.py:153} INFO - Started process (PID=8016) to work on /media/prempeh/Nouveau nom/MASTER2/DATA ENGINEERING/airflow/py_env/lib/python3.10/site-packages/airflow/example_dags/example_time_delta_sensor_async.py
[2023-01-14T21:08:06.790+0000] {processor.py:743} INFO - Processing file /media/prempeh/Nouveau nom/MASTER2/DATA ENGINEERING/airflow/py_env/lib/python3.10/site-packages/airflow/example_dags/example_time_delta_sensor_async.py for tasks to queue
[2023-01-14T21:08:06.798+0000] {logging_mixin.py:137} INFO - [2023-01-14T21:08:06.797+0000] {dagbag.py:538} INFO - Filling up the DagBag from /media/prempeh/Nouveau nom/MASTER2/DATA ENGINEERING/airflow/py_env/lib/python3.10/site-packages/airflow/example_dags/example_time_delta_sensor_async.py
[2023-01-14T21:08:06.968+0000] {processor.py:753} INFO - DAG(s) dict_keys(['example_time_delta_sensor_async']) retrieved from /media/prempeh/Nouveau nom/MASTER2/DATA ENGINEERING/airflow/py_env/lib/python3.10/site-packages/airflow/example_dags/example_time_delta_sensor_async.py
[2023-01-14T21:08:07.162+0000] {logging_mixin.py:137} INFO - [2023-01-14T21:08:07.161+0000] {dag.py:2676} INFO - Sync 1 DAGs
[2023-01-14T21:08:07.247+0000] {logging_mixin.py:137} INFO - [2023-01-14T21:08:07.246+0000] {dag.py:3423} INFO - Setting next_dagrun for example_time_delta_sensor_async to None, run_after=None
[2023-01-14T21:08:07.347+0000] {processor.py:175} INFO - Processing /media/prempeh/Nouveau nom/MASTER2/DATA ENGINEERING/airflow/py_env/lib/python3.10/site-packages/airflow/example_dags/example_time_delta_sensor_async.py took 0.570 seconds
[2023-01-14T21:09:07.870+0000] {processor.py:153} INFO - Started process (PID=8097) to work on /media/prempeh/Nouveau nom/MASTER2/DATA ENGINEERING/airflow/py_env/lib/python3.10/site-packages/airflow/example_dags/example_time_delta_sensor_async.py
[2023-01-14T21:09:07.873+0000] {processor.py:743} INFO - Processing file /media/prempeh/Nouveau nom/MASTER2/DATA ENGINEERING/airflow/py_env/lib/python3.10/site-packages/airflow/example_dags/example_time_delta_sensor_async.py for tasks to queue
[2023-01-14T21:09:07.877+0000] {logging_mixin.py:137} INFO - [2023-01-14T21:09:07.877+0000] {dagbag.py:538} INFO - Filling up the DagBag from /media/prempeh/Nouveau nom/MASTER2/DATA ENGINEERING/airflow/py_env/lib/python3.10/site-packages/airflow/example_dags/example_time_delta_sensor_async.py
[2023-01-14T21:09:07.984+0000] {processor.py:753} INFO - DAG(s) dict_keys(['example_time_delta_sensor_async']) retrieved from /media/prempeh/Nouveau nom/MASTER2/DATA ENGINEERING/airflow/py_env/lib/python3.10/site-packages/airflow/example_dags/example_time_delta_sensor_async.py
[2023-01-14T21:09:08.106+0000] {logging_mixin.py:137} INFO - [2023-01-14T21:09:08.105+0000] {dag.py:2676} INFO - Sync 1 DAGs
[2023-01-14T21:09:08.166+0000] {logging_mixin.py:137} INFO - [2023-01-14T21:09:08.166+0000] {dag.py:3423} INFO - Setting next_dagrun for example_time_delta_sensor_async to None, run_after=None
[2023-01-14T21:09:08.234+0000] {processor.py:175} INFO - Processing /media/prempeh/Nouveau nom/MASTER2/DATA ENGINEERING/airflow/py_env/lib/python3.10/site-packages/airflow/example_dags/example_time_delta_sensor_async.py took 0.373 seconds
[2023-01-14T21:10:08.085+0000] {processor.py:153} INFO - Started process (PID=8142) to work on /media/prempeh/Nouveau nom/MASTER2/DATA ENGINEERING/airflow/py_env/lib/python3.10/site-packages/airflow/example_dags/example_time_delta_sensor_async.py
[2023-01-14T21:10:08.088+0000] {processor.py:743} INFO - Processing file /media/prempeh/Nouveau nom/MASTER2/DATA ENGINEERING/airflow/py_env/lib/python3.10/site-packages/airflow/example_dags/example_time_delta_sensor_async.py for tasks to queue
[2023-01-14T21:10:08.093+0000] {logging_mixin.py:137} INFO - [2023-01-14T21:10:08.093+0000] {dagbag.py:538} INFO - Filling up the DagBag from /media/prempeh/Nouveau nom/MASTER2/DATA ENGINEERING/airflow/py_env/lib/python3.10/site-packages/airflow/example_dags/example_time_delta_sensor_async.py
[2023-01-14T21:10:08.211+0000] {processor.py:753} INFO - DAG(s) dict_keys(['example_time_delta_sensor_async']) retrieved from /media/prempeh/Nouveau nom/MASTER2/DATA ENGINEERING/airflow/py_env/lib/python3.10/site-packages/airflow/example_dags/example_time_delta_sensor_async.py
[2023-01-14T21:10:08.330+0000] {logging_mixin.py:137} INFO - [2023-01-14T21:10:08.330+0000] {dag.py:2676} INFO - Sync 1 DAGs
[2023-01-14T21:10:08.389+0000] {logging_mixin.py:137} INFO - [2023-01-14T21:10:08.389+0000] {dag.py:3423} INFO - Setting next_dagrun for example_time_delta_sensor_async to None, run_after=None
[2023-01-14T21:10:08.462+0000] {processor.py:175} INFO - Processing /media/prempeh/Nouveau nom/MASTER2/DATA ENGINEERING/airflow/py_env/lib/python3.10/site-packages/airflow/example_dags/example_time_delta_sensor_async.py took 0.387 seconds
[2023-01-14T21:11:09.527+0000] {processor.py:153} INFO - Started process (PID=8192) to work on /media/prempeh/Nouveau nom/MASTER2/DATA ENGINEERING/airflow/py_env/lib/python3.10/site-packages/airflow/example_dags/example_time_delta_sensor_async.py
[2023-01-14T21:11:09.530+0000] {processor.py:743} INFO - Processing file /media/prempeh/Nouveau nom/MASTER2/DATA ENGINEERING/airflow/py_env/lib/python3.10/site-packages/airflow/example_dags/example_time_delta_sensor_async.py for tasks to queue
[2023-01-14T21:11:09.537+0000] {logging_mixin.py:137} INFO - [2023-01-14T21:11:09.536+0000] {dagbag.py:538} INFO - Filling up the DagBag from /media/prempeh/Nouveau nom/MASTER2/DATA ENGINEERING/airflow/py_env/lib/python3.10/site-packages/airflow/example_dags/example_time_delta_sensor_async.py
[2023-01-14T21:11:09.660+0000] {processor.py:753} INFO - DAG(s) dict_keys(['example_time_delta_sensor_async']) retrieved from /media/prempeh/Nouveau nom/MASTER2/DATA ENGINEERING/airflow/py_env/lib/python3.10/site-packages/airflow/example_dags/example_time_delta_sensor_async.py
[2023-01-14T21:11:09.804+0000] {logging_mixin.py:137} INFO - [2023-01-14T21:11:09.804+0000] {dag.py:2676} INFO - Sync 1 DAGs
[2023-01-14T21:11:09.883+0000] {logging_mixin.py:137} INFO - [2023-01-14T21:11:09.883+0000] {dag.py:3423} INFO - Setting next_dagrun for example_time_delta_sensor_async to None, run_after=None
[2023-01-14T21:11:09.962+0000] {processor.py:175} INFO - Processing /media/prempeh/Nouveau nom/MASTER2/DATA ENGINEERING/airflow/py_env/lib/python3.10/site-packages/airflow/example_dags/example_time_delta_sensor_async.py took 0.445 seconds
[2023-01-14T21:11:54.126+0000] {processor.py:153} INFO - Started process (PID=8224) to work on /media/prempeh/Nouveau nom/MASTER2/DATA ENGINEERING/airflow/py_env/lib/python3.10/site-packages/airflow/example_dags/example_time_delta_sensor_async.py
[2023-01-14T21:11:54.129+0000] {processor.py:743} INFO - Processing file /media/prempeh/Nouveau nom/MASTER2/DATA ENGINEERING/airflow/py_env/lib/python3.10/site-packages/airflow/example_dags/example_time_delta_sensor_async.py for tasks to queue
[2023-01-14T21:11:54.133+0000] {logging_mixin.py:137} INFO - [2023-01-14T21:11:54.133+0000] {dagbag.py:538} INFO - Filling up the DagBag from /media/prempeh/Nouveau nom/MASTER2/DATA ENGINEERING/airflow/py_env/lib/python3.10/site-packages/airflow/example_dags/example_time_delta_sensor_async.py
[2023-01-14T21:11:54.246+0000] {processor.py:753} INFO - DAG(s) dict_keys(['example_time_delta_sensor_async']) retrieved from /media/prempeh/Nouveau nom/MASTER2/DATA ENGINEERING/airflow/py_env/lib/python3.10/site-packages/airflow/example_dags/example_time_delta_sensor_async.py
[2023-01-14T21:11:54.374+0000] {logging_mixin.py:137} INFO - [2023-01-14T21:11:54.374+0000] {dag.py:2676} INFO - Sync 1 DAGs
[2023-01-14T21:11:54.436+0000] {logging_mixin.py:137} INFO - [2023-01-14T21:11:54.435+0000] {dag.py:3423} INFO - Setting next_dagrun for example_time_delta_sensor_async to None, run_after=None
[2023-01-14T21:11:54.505+0000] {processor.py:175} INFO - Processing /media/prempeh/Nouveau nom/MASTER2/DATA ENGINEERING/airflow/py_env/lib/python3.10/site-packages/airflow/example_dags/example_time_delta_sensor_async.py took 0.387 seconds
[2023-01-14T21:13:00.466+0000] {processor.py:153} INFO - Started process (PID=8269) to work on /media/prempeh/Nouveau nom/MASTER2/DATA ENGINEERING/airflow/py_env/lib/python3.10/site-packages/airflow/example_dags/example_time_delta_sensor_async.py
[2023-01-14T21:13:00.469+0000] {processor.py:743} INFO - Processing file /media/prempeh/Nouveau nom/MASTER2/DATA ENGINEERING/airflow/py_env/lib/python3.10/site-packages/airflow/example_dags/example_time_delta_sensor_async.py for tasks to queue
[2023-01-14T21:13:00.474+0000] {logging_mixin.py:137} INFO - [2023-01-14T21:13:00.473+0000] {dagbag.py:538} INFO - Filling up the DagBag from /media/prempeh/Nouveau nom/MASTER2/DATA ENGINEERING/airflow/py_env/lib/python3.10/site-packages/airflow/example_dags/example_time_delta_sensor_async.py
[2023-01-14T21:13:00.582+0000] {processor.py:753} INFO - DAG(s) dict_keys(['example_time_delta_sensor_async']) retrieved from /media/prempeh/Nouveau nom/MASTER2/DATA ENGINEERING/airflow/py_env/lib/python3.10/site-packages/airflow/example_dags/example_time_delta_sensor_async.py
[2023-01-14T21:13:00.698+0000] {logging_mixin.py:137} INFO - [2023-01-14T21:13:00.698+0000] {dag.py:2676} INFO - Sync 1 DAGs
[2023-01-14T21:13:00.759+0000] {logging_mixin.py:137} INFO - [2023-01-14T21:13:00.759+0000] {dag.py:3423} INFO - Setting next_dagrun for example_time_delta_sensor_async to None, run_after=None
[2023-01-14T21:13:00.834+0000] {processor.py:175} INFO - Processing /media/prempeh/Nouveau nom/MASTER2/DATA ENGINEERING/airflow/py_env/lib/python3.10/site-packages/airflow/example_dags/example_time_delta_sensor_async.py took 0.377 seconds
[2023-01-14T21:14:15.975+0000] {processor.py:153} INFO - Started process (PID=8323) to work on /media/prempeh/Nouveau nom/MASTER2/DATA ENGINEERING/airflow/py_env/lib/python3.10/site-packages/airflow/example_dags/example_time_delta_sensor_async.py
[2023-01-14T21:14:15.982+0000] {processor.py:743} INFO - Processing file /media/prempeh/Nouveau nom/MASTER2/DATA ENGINEERING/airflow/py_env/lib/python3.10/site-packages/airflow/example_dags/example_time_delta_sensor_async.py for tasks to queue
[2023-01-14T21:14:15.991+0000] {logging_mixin.py:137} INFO - [2023-01-14T21:14:15.990+0000] {dagbag.py:538} INFO - Filling up the DagBag from /media/prempeh/Nouveau nom/MASTER2/DATA ENGINEERING/airflow/py_env/lib/python3.10/site-packages/airflow/example_dags/example_time_delta_sensor_async.py
[2023-01-14T21:14:16.195+0000] {processor.py:753} INFO - DAG(s) dict_keys(['example_time_delta_sensor_async']) retrieved from /media/prempeh/Nouveau nom/MASTER2/DATA ENGINEERING/airflow/py_env/lib/python3.10/site-packages/airflow/example_dags/example_time_delta_sensor_async.py
[2023-01-14T21:14:16.328+0000] {logging_mixin.py:137} INFO - [2023-01-14T21:14:16.328+0000] {dag.py:2676} INFO - Sync 1 DAGs
[2023-01-14T21:14:16.390+0000] {logging_mixin.py:137} INFO - [2023-01-14T21:14:16.389+0000] {dag.py:3423} INFO - Setting next_dagrun for example_time_delta_sensor_async to None, run_after=None
[2023-01-14T21:14:16.467+0000] {processor.py:175} INFO - Processing /media/prempeh/Nouveau nom/MASTER2/DATA ENGINEERING/airflow/py_env/lib/python3.10/site-packages/airflow/example_dags/example_time_delta_sensor_async.py took 0.511 seconds
[2023-01-14T21:15:26.878+0000] {processor.py:153} INFO - Started process (PID=8685) to work on /media/prempeh/Nouveau nom/MASTER2/DATA ENGINEERING/airflow/py_env/lib/python3.10/site-packages/airflow/example_dags/example_time_delta_sensor_async.py
[2023-01-14T21:15:26.881+0000] {processor.py:743} INFO - Processing file /media/prempeh/Nouveau nom/MASTER2/DATA ENGINEERING/airflow/py_env/lib/python3.10/site-packages/airflow/example_dags/example_time_delta_sensor_async.py for tasks to queue
[2023-01-14T21:15:26.886+0000] {logging_mixin.py:137} INFO - [2023-01-14T21:15:26.886+0000] {dagbag.py:538} INFO - Filling up the DagBag from /media/prempeh/Nouveau nom/MASTER2/DATA ENGINEERING/airflow/py_env/lib/python3.10/site-packages/airflow/example_dags/example_time_delta_sensor_async.py
[2023-01-14T21:15:27.031+0000] {processor.py:753} INFO - DAG(s) dict_keys(['example_time_delta_sensor_async']) retrieved from /media/prempeh/Nouveau nom/MASTER2/DATA ENGINEERING/airflow/py_env/lib/python3.10/site-packages/airflow/example_dags/example_time_delta_sensor_async.py
[2023-01-14T21:15:27.201+0000] {logging_mixin.py:137} INFO - [2023-01-14T21:15:27.200+0000] {dag.py:2676} INFO - Sync 1 DAGs
[2023-01-14T21:15:27.281+0000] {logging_mixin.py:137} INFO - [2023-01-14T21:15:27.280+0000] {dag.py:3423} INFO - Setting next_dagrun for example_time_delta_sensor_async to None, run_after=None
[2023-01-14T21:15:27.376+0000] {processor.py:175} INFO - Processing /media/prempeh/Nouveau nom/MASTER2/DATA ENGINEERING/airflow/py_env/lib/python3.10/site-packages/airflow/example_dags/example_time_delta_sensor_async.py took 0.508 seconds
[2023-01-14T21:16:37.679+0000] {processor.py:153} INFO - Started process (PID=9053) to work on /media/prempeh/Nouveau nom/MASTER2/DATA ENGINEERING/airflow/py_env/lib/python3.10/site-packages/airflow/example_dags/example_time_delta_sensor_async.py
[2023-01-14T21:16:37.681+0000] {processor.py:743} INFO - Processing file /media/prempeh/Nouveau nom/MASTER2/DATA ENGINEERING/airflow/py_env/lib/python3.10/site-packages/airflow/example_dags/example_time_delta_sensor_async.py for tasks to queue
[2023-01-14T21:16:37.686+0000] {logging_mixin.py:137} INFO - [2023-01-14T21:16:37.685+0000] {dagbag.py:538} INFO - Filling up the DagBag from /media/prempeh/Nouveau nom/MASTER2/DATA ENGINEERING/airflow/py_env/lib/python3.10/site-packages/airflow/example_dags/example_time_delta_sensor_async.py
[2023-01-14T21:16:37.827+0000] {processor.py:753} INFO - DAG(s) dict_keys(['example_time_delta_sensor_async']) retrieved from /media/prempeh/Nouveau nom/MASTER2/DATA ENGINEERING/airflow/py_env/lib/python3.10/site-packages/airflow/example_dags/example_time_delta_sensor_async.py
[2023-01-14T21:16:38.054+0000] {logging_mixin.py:137} INFO - [2023-01-14T21:16:38.054+0000] {dag.py:2676} INFO - Sync 1 DAGs
[2023-01-14T21:16:38.131+0000] {logging_mixin.py:137} INFO - [2023-01-14T21:16:38.130+0000] {dag.py:3423} INFO - Setting next_dagrun for example_time_delta_sensor_async to None, run_after=None
[2023-01-14T21:16:38.214+0000] {processor.py:175} INFO - Processing /media/prempeh/Nouveau nom/MASTER2/DATA ENGINEERING/airflow/py_env/lib/python3.10/site-packages/airflow/example_dags/example_time_delta_sensor_async.py took 0.546 seconds
[2023-01-14T21:17:50.780+0000] {processor.py:153} INFO - Started process (PID=9222) to work on /media/prempeh/Nouveau nom/MASTER2/DATA ENGINEERING/airflow/py_env/lib/python3.10/site-packages/airflow/example_dags/example_time_delta_sensor_async.py
[2023-01-14T21:17:50.782+0000] {processor.py:743} INFO - Processing file /media/prempeh/Nouveau nom/MASTER2/DATA ENGINEERING/airflow/py_env/lib/python3.10/site-packages/airflow/example_dags/example_time_delta_sensor_async.py for tasks to queue
[2023-01-14T21:17:50.786+0000] {logging_mixin.py:137} INFO - [2023-01-14T21:17:50.785+0000] {dagbag.py:538} INFO - Filling up the DagBag from /media/prempeh/Nouveau nom/MASTER2/DATA ENGINEERING/airflow/py_env/lib/python3.10/site-packages/airflow/example_dags/example_time_delta_sensor_async.py
[2023-01-14T21:17:50.878+0000] {processor.py:753} INFO - DAG(s) dict_keys(['example_time_delta_sensor_async']) retrieved from /media/prempeh/Nouveau nom/MASTER2/DATA ENGINEERING/airflow/py_env/lib/python3.10/site-packages/airflow/example_dags/example_time_delta_sensor_async.py
[2023-01-14T21:17:50.991+0000] {logging_mixin.py:137} INFO - [2023-01-14T21:17:50.990+0000] {dag.py:2676} INFO - Sync 1 DAGs
[2023-01-14T21:17:51.049+0000] {logging_mixin.py:137} INFO - [2023-01-14T21:17:51.049+0000] {dag.py:3423} INFO - Setting next_dagrun for example_time_delta_sensor_async to None, run_after=None
[2023-01-14T21:17:51.116+0000] {processor.py:175} INFO - Processing /media/prempeh/Nouveau nom/MASTER2/DATA ENGINEERING/airflow/py_env/lib/python3.10/site-packages/airflow/example_dags/example_time_delta_sensor_async.py took 0.345 seconds
[2023-01-14T21:19:03.629+0000] {processor.py:153} INFO - Started process (PID=9427) to work on /media/prempeh/Nouveau nom/MASTER2/DATA ENGINEERING/airflow/py_env/lib/python3.10/site-packages/airflow/example_dags/example_time_delta_sensor_async.py
[2023-01-14T21:19:03.632+0000] {processor.py:743} INFO - Processing file /media/prempeh/Nouveau nom/MASTER2/DATA ENGINEERING/airflow/py_env/lib/python3.10/site-packages/airflow/example_dags/example_time_delta_sensor_async.py for tasks to queue
[2023-01-14T21:19:03.637+0000] {logging_mixin.py:137} INFO - [2023-01-14T21:19:03.636+0000] {dagbag.py:538} INFO - Filling up the DagBag from /media/prempeh/Nouveau nom/MASTER2/DATA ENGINEERING/airflow/py_env/lib/python3.10/site-packages/airflow/example_dags/example_time_delta_sensor_async.py
[2023-01-14T21:19:03.765+0000] {processor.py:753} INFO - DAG(s) dict_keys(['example_time_delta_sensor_async']) retrieved from /media/prempeh/Nouveau nom/MASTER2/DATA ENGINEERING/airflow/py_env/lib/python3.10/site-packages/airflow/example_dags/example_time_delta_sensor_async.py
[2023-01-14T21:19:03.962+0000] {logging_mixin.py:137} INFO - [2023-01-14T21:19:03.962+0000] {dag.py:2676} INFO - Sync 1 DAGs
[2023-01-14T21:19:04.046+0000] {logging_mixin.py:137} INFO - [2023-01-14T21:19:04.046+0000] {dag.py:3423} INFO - Setting next_dagrun for example_time_delta_sensor_async to None, run_after=None
[2023-01-14T21:19:04.125+0000] {processor.py:175} INFO - Processing /media/prempeh/Nouveau nom/MASTER2/DATA ENGINEERING/airflow/py_env/lib/python3.10/site-packages/airflow/example_dags/example_time_delta_sensor_async.py took 0.504 seconds
[2023-01-14T21:20:16.286+0000] {processor.py:153} INFO - Started process (PID=9739) to work on /media/prempeh/Nouveau nom/MASTER2/DATA ENGINEERING/airflow/py_env/lib/python3.10/site-packages/airflow/example_dags/example_time_delta_sensor_async.py
[2023-01-14T21:20:16.289+0000] {processor.py:743} INFO - Processing file /media/prempeh/Nouveau nom/MASTER2/DATA ENGINEERING/airflow/py_env/lib/python3.10/site-packages/airflow/example_dags/example_time_delta_sensor_async.py for tasks to queue
[2023-01-14T21:20:16.293+0000] {logging_mixin.py:137} INFO - [2023-01-14T21:20:16.292+0000] {dagbag.py:538} INFO - Filling up the DagBag from /media/prempeh/Nouveau nom/MASTER2/DATA ENGINEERING/airflow/py_env/lib/python3.10/site-packages/airflow/example_dags/example_time_delta_sensor_async.py
[2023-01-14T21:20:16.396+0000] {processor.py:753} INFO - DAG(s) dict_keys(['example_time_delta_sensor_async']) retrieved from /media/prempeh/Nouveau nom/MASTER2/DATA ENGINEERING/airflow/py_env/lib/python3.10/site-packages/airflow/example_dags/example_time_delta_sensor_async.py
[2023-01-14T21:20:16.537+0000] {logging_mixin.py:137} INFO - [2023-01-14T21:20:16.536+0000] {dag.py:2676} INFO - Sync 1 DAGs
[2023-01-14T21:20:16.718+0000] {logging_mixin.py:137} INFO - [2023-01-14T21:20:16.708+0000] {dag.py:3423} INFO - Setting next_dagrun for example_time_delta_sensor_async to None, run_after=None
[2023-01-14T21:20:16.841+0000] {processor.py:175} INFO - Processing /media/prempeh/Nouveau nom/MASTER2/DATA ENGINEERING/airflow/py_env/lib/python3.10/site-packages/airflow/example_dags/example_time_delta_sensor_async.py took 0.564 seconds
[2023-01-14T21:21:25.009+0000] {processor.py:153} INFO - Started process (PID=9833) to work on /media/prempeh/Nouveau nom/MASTER2/DATA ENGINEERING/airflow/py_env/lib/python3.10/site-packages/airflow/example_dags/example_time_delta_sensor_async.py
[2023-01-14T21:21:25.011+0000] {processor.py:743} INFO - Processing file /media/prempeh/Nouveau nom/MASTER2/DATA ENGINEERING/airflow/py_env/lib/python3.10/site-packages/airflow/example_dags/example_time_delta_sensor_async.py for tasks to queue
[2023-01-14T21:21:25.017+0000] {logging_mixin.py:137} INFO - [2023-01-14T21:21:25.016+0000] {dagbag.py:538} INFO - Filling up the DagBag from /media/prempeh/Nouveau nom/MASTER2/DATA ENGINEERING/airflow/py_env/lib/python3.10/site-packages/airflow/example_dags/example_time_delta_sensor_async.py
[2023-01-14T21:21:25.142+0000] {processor.py:753} INFO - DAG(s) dict_keys(['example_time_delta_sensor_async']) retrieved from /media/prempeh/Nouveau nom/MASTER2/DATA ENGINEERING/airflow/py_env/lib/python3.10/site-packages/airflow/example_dags/example_time_delta_sensor_async.py
[2023-01-14T21:21:25.287+0000] {logging_mixin.py:137} INFO - [2023-01-14T21:21:25.286+0000] {dag.py:2676} INFO - Sync 1 DAGs
[2023-01-14T21:21:25.355+0000] {logging_mixin.py:137} INFO - [2023-01-14T21:21:25.354+0000] {dag.py:3423} INFO - Setting next_dagrun for example_time_delta_sensor_async to None, run_after=None
[2023-01-14T21:21:25.430+0000] {processor.py:175} INFO - Processing /media/prempeh/Nouveau nom/MASTER2/DATA ENGINEERING/airflow/py_env/lib/python3.10/site-packages/airflow/example_dags/example_time_delta_sensor_async.py took 0.433 seconds
[2023-01-14T21:22:39.259+0000] {processor.py:153} INFO - Started process (PID=10146) to work on /media/prempeh/Nouveau nom/MASTER2/DATA ENGINEERING/airflow/py_env/lib/python3.10/site-packages/airflow/example_dags/example_time_delta_sensor_async.py
[2023-01-14T21:22:39.262+0000] {processor.py:743} INFO - Processing file /media/prempeh/Nouveau nom/MASTER2/DATA ENGINEERING/airflow/py_env/lib/python3.10/site-packages/airflow/example_dags/example_time_delta_sensor_async.py for tasks to queue
[2023-01-14T21:22:39.268+0000] {logging_mixin.py:137} INFO - [2023-01-14T21:22:39.268+0000] {dagbag.py:538} INFO - Filling up the DagBag from /media/prempeh/Nouveau nom/MASTER2/DATA ENGINEERING/airflow/py_env/lib/python3.10/site-packages/airflow/example_dags/example_time_delta_sensor_async.py
[2023-01-14T21:22:39.375+0000] {processor.py:753} INFO - DAG(s) dict_keys(['example_time_delta_sensor_async']) retrieved from /media/prempeh/Nouveau nom/MASTER2/DATA ENGINEERING/airflow/py_env/lib/python3.10/site-packages/airflow/example_dags/example_time_delta_sensor_async.py
[2023-01-14T21:22:39.512+0000] {logging_mixin.py:137} INFO - [2023-01-14T21:22:39.512+0000] {dag.py:2676} INFO - Sync 1 DAGs
[2023-01-14T21:22:39.581+0000] {logging_mixin.py:137} INFO - [2023-01-14T21:22:39.580+0000] {dag.py:3423} INFO - Setting next_dagrun for example_time_delta_sensor_async to None, run_after=None
[2023-01-14T21:22:39.657+0000] {processor.py:175} INFO - Processing /media/prempeh/Nouveau nom/MASTER2/DATA ENGINEERING/airflow/py_env/lib/python3.10/site-packages/airflow/example_dags/example_time_delta_sensor_async.py took 0.407 seconds
[2023-01-14T21:23:51.787+0000] {processor.py:153} INFO - Started process (PID=10362) to work on /media/prempeh/Nouveau nom/MASTER2/DATA ENGINEERING/airflow/py_env/lib/python3.10/site-packages/airflow/example_dags/example_time_delta_sensor_async.py
[2023-01-14T21:23:51.791+0000] {processor.py:743} INFO - Processing file /media/prempeh/Nouveau nom/MASTER2/DATA ENGINEERING/airflow/py_env/lib/python3.10/site-packages/airflow/example_dags/example_time_delta_sensor_async.py for tasks to queue
[2023-01-14T21:23:51.798+0000] {logging_mixin.py:137} INFO - [2023-01-14T21:23:51.798+0000] {dagbag.py:538} INFO - Filling up the DagBag from /media/prempeh/Nouveau nom/MASTER2/DATA ENGINEERING/airflow/py_env/lib/python3.10/site-packages/airflow/example_dags/example_time_delta_sensor_async.py
[2023-01-14T21:23:51.925+0000] {processor.py:753} INFO - DAG(s) dict_keys(['example_time_delta_sensor_async']) retrieved from /media/prempeh/Nouveau nom/MASTER2/DATA ENGINEERING/airflow/py_env/lib/python3.10/site-packages/airflow/example_dags/example_time_delta_sensor_async.py
[2023-01-14T21:23:52.080+0000] {logging_mixin.py:137} INFO - [2023-01-14T21:23:52.079+0000] {dag.py:2676} INFO - Sync 1 DAGs
[2023-01-14T21:23:52.167+0000] {logging_mixin.py:137} INFO - [2023-01-14T21:23:52.166+0000] {dag.py:3423} INFO - Setting next_dagrun for example_time_delta_sensor_async to None, run_after=None
[2023-01-14T21:23:52.247+0000] {processor.py:175} INFO - Processing /media/prempeh/Nouveau nom/MASTER2/DATA ENGINEERING/airflow/py_env/lib/python3.10/site-packages/airflow/example_dags/example_time_delta_sensor_async.py took 0.470 seconds
[2023-01-14T21:24:54.060+0000] {processor.py:153} INFO - Started process (PID=10442) to work on /media/prempeh/Nouveau nom/MASTER2/DATA ENGINEERING/airflow/py_env/lib/python3.10/site-packages/airflow/example_dags/example_time_delta_sensor_async.py
[2023-01-14T21:24:54.064+0000] {processor.py:743} INFO - Processing file /media/prempeh/Nouveau nom/MASTER2/DATA ENGINEERING/airflow/py_env/lib/python3.10/site-packages/airflow/example_dags/example_time_delta_sensor_async.py for tasks to queue
[2023-01-14T21:24:54.069+0000] {logging_mixin.py:137} INFO - [2023-01-14T21:24:54.068+0000] {dagbag.py:538} INFO - Filling up the DagBag from /media/prempeh/Nouveau nom/MASTER2/DATA ENGINEERING/airflow/py_env/lib/python3.10/site-packages/airflow/example_dags/example_time_delta_sensor_async.py
[2023-01-14T21:24:54.190+0000] {processor.py:753} INFO - DAG(s) dict_keys(['example_time_delta_sensor_async']) retrieved from /media/prempeh/Nouveau nom/MASTER2/DATA ENGINEERING/airflow/py_env/lib/python3.10/site-packages/airflow/example_dags/example_time_delta_sensor_async.py
[2023-01-14T21:24:54.311+0000] {logging_mixin.py:137} INFO - [2023-01-14T21:24:54.311+0000] {dag.py:2676} INFO - Sync 1 DAGs
[2023-01-14T21:24:54.375+0000] {logging_mixin.py:137} INFO - [2023-01-14T21:24:54.375+0000] {dag.py:3423} INFO - Setting next_dagrun for example_time_delta_sensor_async to None, run_after=None
[2023-01-14T21:24:54.444+0000] {processor.py:175} INFO - Processing /media/prempeh/Nouveau nom/MASTER2/DATA ENGINEERING/airflow/py_env/lib/python3.10/site-packages/airflow/example_dags/example_time_delta_sensor_async.py took 0.395 seconds
[2023-01-14T21:26:10.387+0000] {processor.py:153} INFO - Started process (PID=10570) to work on /media/prempeh/Nouveau nom/MASTER2/DATA ENGINEERING/airflow/py_env/lib/python3.10/site-packages/airflow/example_dags/example_time_delta_sensor_async.py
[2023-01-14T21:26:10.391+0000] {processor.py:743} INFO - Processing file /media/prempeh/Nouveau nom/MASTER2/DATA ENGINEERING/airflow/py_env/lib/python3.10/site-packages/airflow/example_dags/example_time_delta_sensor_async.py for tasks to queue
[2023-01-14T21:26:10.395+0000] {logging_mixin.py:137} INFO - [2023-01-14T21:26:10.395+0000] {dagbag.py:538} INFO - Filling up the DagBag from /media/prempeh/Nouveau nom/MASTER2/DATA ENGINEERING/airflow/py_env/lib/python3.10/site-packages/airflow/example_dags/example_time_delta_sensor_async.py
[2023-01-14T21:26:10.533+0000] {processor.py:753} INFO - DAG(s) dict_keys(['example_time_delta_sensor_async']) retrieved from /media/prempeh/Nouveau nom/MASTER2/DATA ENGINEERING/airflow/py_env/lib/python3.10/site-packages/airflow/example_dags/example_time_delta_sensor_async.py
[2023-01-14T21:26:10.675+0000] {logging_mixin.py:137} INFO - [2023-01-14T21:26:10.675+0000] {dag.py:2676} INFO - Sync 1 DAGs
[2023-01-14T21:26:10.748+0000] {logging_mixin.py:137} INFO - [2023-01-14T21:26:10.747+0000] {dag.py:3423} INFO - Setting next_dagrun for example_time_delta_sensor_async to None, run_after=None
[2023-01-14T21:26:10.824+0000] {processor.py:175} INFO - Processing /media/prempeh/Nouveau nom/MASTER2/DATA ENGINEERING/airflow/py_env/lib/python3.10/site-packages/airflow/example_dags/example_time_delta_sensor_async.py took 0.449 seconds
[2023-01-14T21:27:19.913+0000] {processor.py:153} INFO - Started process (PID=10817) to work on /media/prempeh/Nouveau nom/MASTER2/DATA ENGINEERING/airflow/py_env/lib/python3.10/site-packages/airflow/example_dags/example_time_delta_sensor_async.py
[2023-01-14T21:27:19.916+0000] {processor.py:743} INFO - Processing file /media/prempeh/Nouveau nom/MASTER2/DATA ENGINEERING/airflow/py_env/lib/python3.10/site-packages/airflow/example_dags/example_time_delta_sensor_async.py for tasks to queue
[2023-01-14T21:27:19.922+0000] {logging_mixin.py:137} INFO - [2023-01-14T21:27:19.922+0000] {dagbag.py:538} INFO - Filling up the DagBag from /media/prempeh/Nouveau nom/MASTER2/DATA ENGINEERING/airflow/py_env/lib/python3.10/site-packages/airflow/example_dags/example_time_delta_sensor_async.py
[2023-01-14T21:27:20.040+0000] {processor.py:753} INFO - DAG(s) dict_keys(['example_time_delta_sensor_async']) retrieved from /media/prempeh/Nouveau nom/MASTER2/DATA ENGINEERING/airflow/py_env/lib/python3.10/site-packages/airflow/example_dags/example_time_delta_sensor_async.py
[2023-01-14T21:27:20.179+0000] {logging_mixin.py:137} INFO - [2023-01-14T21:27:20.179+0000] {dag.py:2676} INFO - Sync 1 DAGs
[2023-01-14T21:27:20.257+0000] {logging_mixin.py:137} INFO - [2023-01-14T21:27:20.257+0000] {dag.py:3423} INFO - Setting next_dagrun for example_time_delta_sensor_async to None, run_after=None
[2023-01-14T21:27:20.330+0000] {processor.py:175} INFO - Processing /media/prempeh/Nouveau nom/MASTER2/DATA ENGINEERING/airflow/py_env/lib/python3.10/site-packages/airflow/example_dags/example_time_delta_sensor_async.py took 0.425 seconds
