[2023-01-14T20:53:02.222+0000] {processor.py:153} INFO - Started process (PID=6414) to work on /media/prempeh/Nouveau nom/MASTER2/DATA ENGINEERING/airflow/py_env/lib/python3.10/site-packages/airflow/example_dags/example_skip_dag.py
[2023-01-14T20:53:02.227+0000] {processor.py:743} INFO - Processing file /media/prempeh/Nouveau nom/MASTER2/DATA ENGINEERING/airflow/py_env/lib/python3.10/site-packages/airflow/example_dags/example_skip_dag.py for tasks to queue
[2023-01-14T20:53:02.232+0000] {logging_mixin.py:137} INFO - [2023-01-14T20:53:02.232+0000] {dagbag.py:538} INFO - Filling up the DagBag from /media/prempeh/Nouveau nom/MASTER2/DATA ENGINEERING/airflow/py_env/lib/python3.10/site-packages/airflow/example_dags/example_skip_dag.py
[2023-01-14T20:53:02.366+0000] {processor.py:753} INFO - DAG(s) dict_keys(['example_skip_dag']) retrieved from /media/prempeh/Nouveau nom/MASTER2/DATA ENGINEERING/airflow/py_env/lib/python3.10/site-packages/airflow/example_dags/example_skip_dag.py
[2023-01-14T20:53:03.010+0000] {logging_mixin.py:137} INFO - [2023-01-14T20:53:03.009+0000] {manager.py:504} INFO - Created Permission View: can edit on DAG:example_skip_dag
[2023-01-14T20:53:03.042+0000] {logging_mixin.py:137} INFO - [2023-01-14T20:53:03.041+0000] {manager.py:504} INFO - Created Permission View: can delete on DAG:example_skip_dag
[2023-01-14T20:53:03.069+0000] {logging_mixin.py:137} INFO - [2023-01-14T20:53:03.068+0000] {manager.py:504} INFO - Created Permission View: can read on DAG:example_skip_dag
[2023-01-14T20:53:03.070+0000] {logging_mixin.py:137} INFO - [2023-01-14T20:53:03.070+0000] {dag.py:2676} INFO - Sync 1 DAGs
[2023-01-14T20:53:03.103+0000] {logging_mixin.py:137} INFO - [2023-01-14T20:53:03.103+0000] {dag.py:2697} INFO - Creating ORM DAG for example_skip_dag
[2023-01-14T20:53:03.130+0000] {logging_mixin.py:137} INFO - [2023-01-14T20:53:03.130+0000] {dag.py:3423} INFO - Setting next_dagrun for example_skip_dag to 2023-01-13T20:53:03.129404+00:00, run_after=2023-01-14T20:53:03.129404+00:00
[2023-01-14T20:53:03.191+0000] {processor.py:175} INFO - Processing /media/prempeh/Nouveau nom/MASTER2/DATA ENGINEERING/airflow/py_env/lib/python3.10/site-packages/airflow/example_dags/example_skip_dag.py took 0.977 seconds
[2023-01-14T20:54:14.769+0000] {processor.py:153} INFO - Started process (PID=6718) to work on /media/prempeh/Nouveau nom/MASTER2/DATA ENGINEERING/airflow/py_env/lib/python3.10/site-packages/airflow/example_dags/example_skip_dag.py
[2023-01-14T20:54:14.771+0000] {processor.py:743} INFO - Processing file /media/prempeh/Nouveau nom/MASTER2/DATA ENGINEERING/airflow/py_env/lib/python3.10/site-packages/airflow/example_dags/example_skip_dag.py for tasks to queue
[2023-01-14T20:54:14.776+0000] {logging_mixin.py:137} INFO - [2023-01-14T20:54:14.775+0000] {dagbag.py:538} INFO - Filling up the DagBag from /media/prempeh/Nouveau nom/MASTER2/DATA ENGINEERING/airflow/py_env/lib/python3.10/site-packages/airflow/example_dags/example_skip_dag.py
[2023-01-14T20:54:14.894+0000] {processor.py:753} INFO - DAG(s) dict_keys(['example_skip_dag']) retrieved from /media/prempeh/Nouveau nom/MASTER2/DATA ENGINEERING/airflow/py_env/lib/python3.10/site-packages/airflow/example_dags/example_skip_dag.py
[2023-01-14T20:54:15.018+0000] {logging_mixin.py:137} INFO - [2023-01-14T20:54:15.018+0000] {dag.py:2676} INFO - Sync 1 DAGs
[2023-01-14T20:54:15.082+0000] {logging_mixin.py:137} INFO - [2023-01-14T20:54:15.081+0000] {dag.py:3423} INFO - Setting next_dagrun for example_skip_dag to 2023-01-13T20:54:15.081219+00:00, run_after=2023-01-14T20:54:15.081219+00:00
[2023-01-14T20:54:15.164+0000] {processor.py:175} INFO - Processing /media/prempeh/Nouveau nom/MASTER2/DATA ENGINEERING/airflow/py_env/lib/python3.10/site-packages/airflow/example_dags/example_skip_dag.py took 0.404 seconds
[2023-01-14T20:55:15.463+0000] {processor.py:153} INFO - Started process (PID=6756) to work on /media/prempeh/Nouveau nom/MASTER2/DATA ENGINEERING/airflow/py_env/lib/python3.10/site-packages/airflow/example_dags/example_skip_dag.py
[2023-01-14T20:55:15.466+0000] {processor.py:743} INFO - Processing file /media/prempeh/Nouveau nom/MASTER2/DATA ENGINEERING/airflow/py_env/lib/python3.10/site-packages/airflow/example_dags/example_skip_dag.py for tasks to queue
[2023-01-14T20:55:15.470+0000] {logging_mixin.py:137} INFO - [2023-01-14T20:55:15.470+0000] {dagbag.py:538} INFO - Filling up the DagBag from /media/prempeh/Nouveau nom/MASTER2/DATA ENGINEERING/airflow/py_env/lib/python3.10/site-packages/airflow/example_dags/example_skip_dag.py
[2023-01-14T20:55:15.598+0000] {processor.py:753} INFO - DAG(s) dict_keys(['example_skip_dag']) retrieved from /media/prempeh/Nouveau nom/MASTER2/DATA ENGINEERING/airflow/py_env/lib/python3.10/site-packages/airflow/example_dags/example_skip_dag.py
[2023-01-14T20:55:15.759+0000] {logging_mixin.py:137} INFO - [2023-01-14T20:55:15.759+0000] {dag.py:2676} INFO - Sync 1 DAGs
[2023-01-14T20:55:15.852+0000] {logging_mixin.py:137} INFO - [2023-01-14T20:55:15.851+0000] {dag.py:3423} INFO - Setting next_dagrun for example_skip_dag to 2023-01-13T20:55:15.850195+00:00, run_after=2023-01-14T20:55:15.850195+00:00
[2023-01-14T20:55:15.954+0000] {processor.py:175} INFO - Processing /media/prempeh/Nouveau nom/MASTER2/DATA ENGINEERING/airflow/py_env/lib/python3.10/site-packages/airflow/example_dags/example_skip_dag.py took 0.500 seconds
[2023-01-14T20:56:13.336+0000] {processor.py:153} INFO - Started process (PID=6880) to work on /media/prempeh/Nouveau nom/MASTER2/DATA ENGINEERING/airflow/py_env/lib/python3.10/site-packages/airflow/example_dags/example_skip_dag.py
[2023-01-14T20:56:13.340+0000] {processor.py:743} INFO - Processing file /media/prempeh/Nouveau nom/MASTER2/DATA ENGINEERING/airflow/py_env/lib/python3.10/site-packages/airflow/example_dags/example_skip_dag.py for tasks to queue
[2023-01-14T20:56:13.344+0000] {logging_mixin.py:137} INFO - [2023-01-14T20:56:13.343+0000] {dagbag.py:538} INFO - Filling up the DagBag from /media/prempeh/Nouveau nom/MASTER2/DATA ENGINEERING/airflow/py_env/lib/python3.10/site-packages/airflow/example_dags/example_skip_dag.py
[2023-01-14T20:56:13.445+0000] {processor.py:753} INFO - DAG(s) dict_keys(['example_skip_dag']) retrieved from /media/prempeh/Nouveau nom/MASTER2/DATA ENGINEERING/airflow/py_env/lib/python3.10/site-packages/airflow/example_dags/example_skip_dag.py
[2023-01-14T20:56:13.561+0000] {logging_mixin.py:137} INFO - [2023-01-14T20:56:13.560+0000] {dag.py:2676} INFO - Sync 1 DAGs
[2023-01-14T20:56:13.642+0000] {logging_mixin.py:137} INFO - [2023-01-14T20:56:13.641+0000] {dag.py:3423} INFO - Setting next_dagrun for example_skip_dag to 2023-01-13T20:56:13.640694+00:00, run_after=2023-01-14T20:56:13.640694+00:00
[2023-01-14T20:56:13.722+0000] {processor.py:175} INFO - Processing /media/prempeh/Nouveau nom/MASTER2/DATA ENGINEERING/airflow/py_env/lib/python3.10/site-packages/airflow/example_dags/example_skip_dag.py took 0.393 seconds
[2023-01-14T20:57:15.998+0000] {processor.py:153} INFO - Started process (PID=7075) to work on /media/prempeh/Nouveau nom/MASTER2/DATA ENGINEERING/airflow/py_env/lib/python3.10/site-packages/airflow/example_dags/example_skip_dag.py
[2023-01-14T20:57:16.001+0000] {processor.py:743} INFO - Processing file /media/prempeh/Nouveau nom/MASTER2/DATA ENGINEERING/airflow/py_env/lib/python3.10/site-packages/airflow/example_dags/example_skip_dag.py for tasks to queue
[2023-01-14T20:57:16.005+0000] {logging_mixin.py:137} INFO - [2023-01-14T20:57:16.005+0000] {dagbag.py:538} INFO - Filling up the DagBag from /media/prempeh/Nouveau nom/MASTER2/DATA ENGINEERING/airflow/py_env/lib/python3.10/site-packages/airflow/example_dags/example_skip_dag.py
[2023-01-14T20:57:16.110+0000] {processor.py:753} INFO - DAG(s) dict_keys(['example_skip_dag']) retrieved from /media/prempeh/Nouveau nom/MASTER2/DATA ENGINEERING/airflow/py_env/lib/python3.10/site-packages/airflow/example_dags/example_skip_dag.py
[2023-01-14T20:57:16.230+0000] {logging_mixin.py:137} INFO - [2023-01-14T20:57:16.230+0000] {dag.py:2676} INFO - Sync 1 DAGs
[2023-01-14T20:57:16.295+0000] {logging_mixin.py:137} INFO - [2023-01-14T20:57:16.294+0000] {dag.py:3423} INFO - Setting next_dagrun for example_skip_dag to 2023-01-13T20:57:16.293525+00:00, run_after=2023-01-14T20:57:16.293525+00:00
[2023-01-14T20:57:16.366+0000] {processor.py:175} INFO - Processing /media/prempeh/Nouveau nom/MASTER2/DATA ENGINEERING/airflow/py_env/lib/python3.10/site-packages/airflow/example_dags/example_skip_dag.py took 0.377 seconds
[2023-01-14T20:58:13.184+0000] {processor.py:153} INFO - Started process (PID=7119) to work on /media/prempeh/Nouveau nom/MASTER2/DATA ENGINEERING/airflow/py_env/lib/python3.10/site-packages/airflow/example_dags/example_skip_dag.py
[2023-01-14T20:58:13.187+0000] {processor.py:743} INFO - Processing file /media/prempeh/Nouveau nom/MASTER2/DATA ENGINEERING/airflow/py_env/lib/python3.10/site-packages/airflow/example_dags/example_skip_dag.py for tasks to queue
[2023-01-14T20:58:13.193+0000] {logging_mixin.py:137} INFO - [2023-01-14T20:58:13.192+0000] {dagbag.py:538} INFO - Filling up the DagBag from /media/prempeh/Nouveau nom/MASTER2/DATA ENGINEERING/airflow/py_env/lib/python3.10/site-packages/airflow/example_dags/example_skip_dag.py
[2023-01-14T20:58:13.298+0000] {processor.py:753} INFO - DAG(s) dict_keys(['example_skip_dag']) retrieved from /media/prempeh/Nouveau nom/MASTER2/DATA ENGINEERING/airflow/py_env/lib/python3.10/site-packages/airflow/example_dags/example_skip_dag.py
[2023-01-14T20:58:13.434+0000] {logging_mixin.py:137} INFO - [2023-01-14T20:58:13.434+0000] {dag.py:2676} INFO - Sync 1 DAGs
[2023-01-14T20:58:13.499+0000] {logging_mixin.py:137} INFO - [2023-01-14T20:58:13.498+0000] {dag.py:3423} INFO - Setting next_dagrun for example_skip_dag to 2023-01-13T20:58:13.498135+00:00, run_after=2023-01-14T20:58:13.498135+00:00
[2023-01-14T20:58:13.569+0000] {processor.py:175} INFO - Processing /media/prempeh/Nouveau nom/MASTER2/DATA ENGINEERING/airflow/py_env/lib/python3.10/site-packages/airflow/example_dags/example_skip_dag.py took 0.394 seconds
[2023-01-14T20:59:07.723+0000] {processor.py:153} INFO - Started process (PID=7160) to work on /media/prempeh/Nouveau nom/MASTER2/DATA ENGINEERING/airflow/py_env/lib/python3.10/site-packages/airflow/example_dags/example_skip_dag.py
[2023-01-14T20:59:07.726+0000] {processor.py:743} INFO - Processing file /media/prempeh/Nouveau nom/MASTER2/DATA ENGINEERING/airflow/py_env/lib/python3.10/site-packages/airflow/example_dags/example_skip_dag.py for tasks to queue
[2023-01-14T20:59:07.730+0000] {logging_mixin.py:137} INFO - [2023-01-14T20:59:07.730+0000] {dagbag.py:538} INFO - Filling up the DagBag from /media/prempeh/Nouveau nom/MASTER2/DATA ENGINEERING/airflow/py_env/lib/python3.10/site-packages/airflow/example_dags/example_skip_dag.py
[2023-01-14T20:59:07.856+0000] {processor.py:753} INFO - DAG(s) dict_keys(['example_skip_dag']) retrieved from /media/prempeh/Nouveau nom/MASTER2/DATA ENGINEERING/airflow/py_env/lib/python3.10/site-packages/airflow/example_dags/example_skip_dag.py
[2023-01-14T20:59:07.990+0000] {logging_mixin.py:137} INFO - [2023-01-14T20:59:07.990+0000] {dag.py:2676} INFO - Sync 1 DAGs
[2023-01-14T20:59:08.051+0000] {logging_mixin.py:137} INFO - [2023-01-14T20:59:08.050+0000] {dag.py:3423} INFO - Setting next_dagrun for example_skip_dag to 2023-01-13T20:59:08.049982+00:00, run_after=2023-01-14T20:59:08.049982+00:00
[2023-01-14T20:59:08.127+0000] {processor.py:175} INFO - Processing /media/prempeh/Nouveau nom/MASTER2/DATA ENGINEERING/airflow/py_env/lib/python3.10/site-packages/airflow/example_dags/example_skip_dag.py took 0.416 seconds
[2023-01-14T20:59:55.131+0000] {processor.py:153} INFO - Started process (PID=7241) to work on /media/prempeh/Nouveau nom/MASTER2/DATA ENGINEERING/airflow/py_env/lib/python3.10/site-packages/airflow/example_dags/example_skip_dag.py
[2023-01-14T20:59:55.133+0000] {processor.py:743} INFO - Processing file /media/prempeh/Nouveau nom/MASTER2/DATA ENGINEERING/airflow/py_env/lib/python3.10/site-packages/airflow/example_dags/example_skip_dag.py for tasks to queue
[2023-01-14T20:59:55.138+0000] {logging_mixin.py:137} INFO - [2023-01-14T20:59:55.137+0000] {dagbag.py:538} INFO - Filling up the DagBag from /media/prempeh/Nouveau nom/MASTER2/DATA ENGINEERING/airflow/py_env/lib/python3.10/site-packages/airflow/example_dags/example_skip_dag.py
[2023-01-14T20:59:55.242+0000] {processor.py:753} INFO - DAG(s) dict_keys(['example_skip_dag']) retrieved from /media/prempeh/Nouveau nom/MASTER2/DATA ENGINEERING/airflow/py_env/lib/python3.10/site-packages/airflow/example_dags/example_skip_dag.py
[2023-01-14T20:59:55.369+0000] {logging_mixin.py:137} INFO - [2023-01-14T20:59:55.369+0000] {dag.py:2676} INFO - Sync 1 DAGs
[2023-01-14T20:59:55.440+0000] {logging_mixin.py:137} INFO - [2023-01-14T20:59:55.440+0000] {dag.py:3423} INFO - Setting next_dagrun for example_skip_dag to 2023-01-13T20:59:55.439370+00:00, run_after=2023-01-14T20:59:55.439370+00:00
[2023-01-14T20:59:55.511+0000] {processor.py:175} INFO - Processing /media/prempeh/Nouveau nom/MASTER2/DATA ENGINEERING/airflow/py_env/lib/python3.10/site-packages/airflow/example_dags/example_skip_dag.py took 0.389 seconds
[2023-01-14T21:00:51.666+0000] {processor.py:153} INFO - Started process (PID=7278) to work on /media/prempeh/Nouveau nom/MASTER2/DATA ENGINEERING/airflow/py_env/lib/python3.10/site-packages/airflow/example_dags/example_skip_dag.py
[2023-01-14T21:00:51.669+0000] {processor.py:743} INFO - Processing file /media/prempeh/Nouveau nom/MASTER2/DATA ENGINEERING/airflow/py_env/lib/python3.10/site-packages/airflow/example_dags/example_skip_dag.py for tasks to queue
[2023-01-14T21:00:51.673+0000] {logging_mixin.py:137} INFO - [2023-01-14T21:00:51.673+0000] {dagbag.py:538} INFO - Filling up the DagBag from /media/prempeh/Nouveau nom/MASTER2/DATA ENGINEERING/airflow/py_env/lib/python3.10/site-packages/airflow/example_dags/example_skip_dag.py
[2023-01-14T21:00:51.780+0000] {processor.py:753} INFO - DAG(s) dict_keys(['example_skip_dag']) retrieved from /media/prempeh/Nouveau nom/MASTER2/DATA ENGINEERING/airflow/py_env/lib/python3.10/site-packages/airflow/example_dags/example_skip_dag.py
[2023-01-14T21:00:51.921+0000] {logging_mixin.py:137} INFO - [2023-01-14T21:00:51.920+0000] {dag.py:2676} INFO - Sync 1 DAGs
[2023-01-14T21:00:51.982+0000] {logging_mixin.py:137} INFO - [2023-01-14T21:00:51.981+0000] {dag.py:3423} INFO - Setting next_dagrun for example_skip_dag to 2023-01-13T21:00:51.981121+00:00, run_after=2023-01-14T21:00:51.981121+00:00
[2023-01-14T21:00:52.054+0000] {processor.py:175} INFO - Processing /media/prempeh/Nouveau nom/MASTER2/DATA ENGINEERING/airflow/py_env/lib/python3.10/site-packages/airflow/example_dags/example_skip_dag.py took 0.396 seconds
[2023-01-14T21:01:47.375+0000] {processor.py:153} INFO - Started process (PID=7324) to work on /media/prempeh/Nouveau nom/MASTER2/DATA ENGINEERING/airflow/py_env/lib/python3.10/site-packages/airflow/example_dags/example_skip_dag.py
[2023-01-14T21:01:47.378+0000] {processor.py:743} INFO - Processing file /media/prempeh/Nouveau nom/MASTER2/DATA ENGINEERING/airflow/py_env/lib/python3.10/site-packages/airflow/example_dags/example_skip_dag.py for tasks to queue
[2023-01-14T21:01:47.383+0000] {logging_mixin.py:137} INFO - [2023-01-14T21:01:47.382+0000] {dagbag.py:538} INFO - Filling up the DagBag from /media/prempeh/Nouveau nom/MASTER2/DATA ENGINEERING/airflow/py_env/lib/python3.10/site-packages/airflow/example_dags/example_skip_dag.py
[2023-01-14T21:01:47.525+0000] {processor.py:753} INFO - DAG(s) dict_keys(['example_skip_dag']) retrieved from /media/prempeh/Nouveau nom/MASTER2/DATA ENGINEERING/airflow/py_env/lib/python3.10/site-packages/airflow/example_dags/example_skip_dag.py
[2023-01-14T21:01:47.672+0000] {logging_mixin.py:137} INFO - [2023-01-14T21:01:47.671+0000] {dag.py:2676} INFO - Sync 1 DAGs
[2023-01-14T21:01:47.734+0000] {logging_mixin.py:137} INFO - [2023-01-14T21:01:47.733+0000] {dag.py:3423} INFO - Setting next_dagrun for example_skip_dag to 2023-01-13T21:01:47.732923+00:00, run_after=2023-01-14T21:01:47.732923+00:00
[2023-01-14T21:01:47.805+0000] {processor.py:175} INFO - Processing /media/prempeh/Nouveau nom/MASTER2/DATA ENGINEERING/airflow/py_env/lib/python3.10/site-packages/airflow/example_dags/example_skip_dag.py took 0.440 seconds
[2023-01-14T21:02:39.479+0000] {processor.py:153} INFO - Started process (PID=7390) to work on /media/prempeh/Nouveau nom/MASTER2/DATA ENGINEERING/airflow/py_env/lib/python3.10/site-packages/airflow/example_dags/example_skip_dag.py
[2023-01-14T21:02:39.482+0000] {processor.py:743} INFO - Processing file /media/prempeh/Nouveau nom/MASTER2/DATA ENGINEERING/airflow/py_env/lib/python3.10/site-packages/airflow/example_dags/example_skip_dag.py for tasks to queue
[2023-01-14T21:02:39.487+0000] {logging_mixin.py:137} INFO - [2023-01-14T21:02:39.487+0000] {dagbag.py:538} INFO - Filling up the DagBag from /media/prempeh/Nouveau nom/MASTER2/DATA ENGINEERING/airflow/py_env/lib/python3.10/site-packages/airflow/example_dags/example_skip_dag.py
[2023-01-14T21:02:39.596+0000] {processor.py:753} INFO - DAG(s) dict_keys(['example_skip_dag']) retrieved from /media/prempeh/Nouveau nom/MASTER2/DATA ENGINEERING/airflow/py_env/lib/python3.10/site-packages/airflow/example_dags/example_skip_dag.py
[2023-01-14T21:02:39.718+0000] {logging_mixin.py:137} INFO - [2023-01-14T21:02:39.718+0000] {dag.py:2676} INFO - Sync 1 DAGs
[2023-01-14T21:02:39.783+0000] {logging_mixin.py:137} INFO - [2023-01-14T21:02:39.782+0000] {dag.py:3423} INFO - Setting next_dagrun for example_skip_dag to 2023-01-13T21:02:39.781737+00:00, run_after=2023-01-14T21:02:39.781737+00:00
[2023-01-14T21:02:39.852+0000] {processor.py:175} INFO - Processing /media/prempeh/Nouveau nom/MASTER2/DATA ENGINEERING/airflow/py_env/lib/python3.10/site-packages/airflow/example_dags/example_skip_dag.py took 0.383 seconds
[2023-01-14T21:03:29.990+0000] {processor.py:153} INFO - Started process (PID=7433) to work on /media/prempeh/Nouveau nom/MASTER2/DATA ENGINEERING/airflow/py_env/lib/python3.10/site-packages/airflow/example_dags/example_skip_dag.py
[2023-01-14T21:03:29.993+0000] {processor.py:743} INFO - Processing file /media/prempeh/Nouveau nom/MASTER2/DATA ENGINEERING/airflow/py_env/lib/python3.10/site-packages/airflow/example_dags/example_skip_dag.py for tasks to queue
[2023-01-14T21:03:30.000+0000] {logging_mixin.py:137} INFO - [2023-01-14T21:03:29.999+0000] {dagbag.py:538} INFO - Filling up the DagBag from /media/prempeh/Nouveau nom/MASTER2/DATA ENGINEERING/airflow/py_env/lib/python3.10/site-packages/airflow/example_dags/example_skip_dag.py
[2023-01-14T21:03:30.100+0000] {processor.py:753} INFO - DAG(s) dict_keys(['example_skip_dag']) retrieved from /media/prempeh/Nouveau nom/MASTER2/DATA ENGINEERING/airflow/py_env/lib/python3.10/site-packages/airflow/example_dags/example_skip_dag.py
[2023-01-14T21:03:30.219+0000] {logging_mixin.py:137} INFO - [2023-01-14T21:03:30.218+0000] {dag.py:2676} INFO - Sync 1 DAGs
[2023-01-14T21:03:30.284+0000] {logging_mixin.py:137} INFO - [2023-01-14T21:03:30.283+0000] {dag.py:3423} INFO - Setting next_dagrun for example_skip_dag to 2023-01-13T21:03:30.282578+00:00, run_after=2023-01-14T21:03:30.282578+00:00
[2023-01-14T21:03:30.355+0000] {processor.py:175} INFO - Processing /media/prempeh/Nouveau nom/MASTER2/DATA ENGINEERING/airflow/py_env/lib/python3.10/site-packages/airflow/example_dags/example_skip_dag.py took 0.373 seconds
[2023-01-14T21:04:36.677+0000] {processor.py:153} INFO - Started process (PID=7502) to work on /media/prempeh/Nouveau nom/MASTER2/DATA ENGINEERING/airflow/py_env/lib/python3.10/site-packages/airflow/example_dags/example_skip_dag.py
[2023-01-14T21:04:36.684+0000] {processor.py:743} INFO - Processing file /media/prempeh/Nouveau nom/MASTER2/DATA ENGINEERING/airflow/py_env/lib/python3.10/site-packages/airflow/example_dags/example_skip_dag.py for tasks to queue
[2023-01-14T21:04:36.694+0000] {logging_mixin.py:137} INFO - [2023-01-14T21:04:36.693+0000] {dagbag.py:538} INFO - Filling up the DagBag from /media/prempeh/Nouveau nom/MASTER2/DATA ENGINEERING/airflow/py_env/lib/python3.10/site-packages/airflow/example_dags/example_skip_dag.py
[2023-01-14T21:04:36.986+0000] {processor.py:753} INFO - DAG(s) dict_keys(['example_skip_dag']) retrieved from /media/prempeh/Nouveau nom/MASTER2/DATA ENGINEERING/airflow/py_env/lib/python3.10/site-packages/airflow/example_dags/example_skip_dag.py
[2023-01-14T21:04:37.350+0000] {logging_mixin.py:137} INFO - [2023-01-14T21:04:37.349+0000] {dag.py:2676} INFO - Sync 1 DAGs
[2023-01-14T21:04:37.499+0000] {logging_mixin.py:137} INFO - [2023-01-14T21:04:37.497+0000] {dag.py:3423} INFO - Setting next_dagrun for example_skip_dag to 2023-01-13T21:04:37.496464+00:00, run_after=2023-01-14T21:04:37.496464+00:00
[2023-01-14T21:04:37.584+0000] {processor.py:175} INFO - Processing /media/prempeh/Nouveau nom/MASTER2/DATA ENGINEERING/airflow/py_env/lib/python3.10/site-packages/airflow/example_dags/example_skip_dag.py took 0.925 seconds
[2023-01-14T21:05:33.133+0000] {processor.py:153} INFO - Started process (PID=7558) to work on /media/prempeh/Nouveau nom/MASTER2/DATA ENGINEERING/airflow/py_env/lib/python3.10/site-packages/airflow/example_dags/example_skip_dag.py
[2023-01-14T21:05:33.137+0000] {processor.py:743} INFO - Processing file /media/prempeh/Nouveau nom/MASTER2/DATA ENGINEERING/airflow/py_env/lib/python3.10/site-packages/airflow/example_dags/example_skip_dag.py for tasks to queue
[2023-01-14T21:05:33.143+0000] {logging_mixin.py:137} INFO - [2023-01-14T21:05:33.142+0000] {dagbag.py:538} INFO - Filling up the DagBag from /media/prempeh/Nouveau nom/MASTER2/DATA ENGINEERING/airflow/py_env/lib/python3.10/site-packages/airflow/example_dags/example_skip_dag.py
[2023-01-14T21:05:33.294+0000] {processor.py:753} INFO - DAG(s) dict_keys(['example_skip_dag']) retrieved from /media/prempeh/Nouveau nom/MASTER2/DATA ENGINEERING/airflow/py_env/lib/python3.10/site-packages/airflow/example_dags/example_skip_dag.py
[2023-01-14T21:05:33.475+0000] {logging_mixin.py:137} INFO - [2023-01-14T21:05:33.474+0000] {dag.py:2676} INFO - Sync 1 DAGs
[2023-01-14T21:05:33.602+0000] {logging_mixin.py:137} INFO - [2023-01-14T21:05:33.601+0000] {dag.py:3423} INFO - Setting next_dagrun for example_skip_dag to 2023-01-13T21:05:33.600076+00:00, run_after=2023-01-14T21:05:33.600076+00:00
[2023-01-14T21:05:33.695+0000] {processor.py:175} INFO - Processing /media/prempeh/Nouveau nom/MASTER2/DATA ENGINEERING/airflow/py_env/lib/python3.10/site-packages/airflow/example_dags/example_skip_dag.py took 0.574 seconds
[2023-01-14T21:06:40.940+0000] {processor.py:153} INFO - Started process (PID=7759) to work on /media/prempeh/Nouveau nom/MASTER2/DATA ENGINEERING/airflow/py_env/lib/python3.10/site-packages/airflow/example_dags/example_skip_dag.py
[2023-01-14T21:06:40.943+0000] {processor.py:743} INFO - Processing file /media/prempeh/Nouveau nom/MASTER2/DATA ENGINEERING/airflow/py_env/lib/python3.10/site-packages/airflow/example_dags/example_skip_dag.py for tasks to queue
[2023-01-14T21:06:40.952+0000] {logging_mixin.py:137} INFO - [2023-01-14T21:06:40.948+0000] {dagbag.py:538} INFO - Filling up the DagBag from /media/prempeh/Nouveau nom/MASTER2/DATA ENGINEERING/airflow/py_env/lib/python3.10/site-packages/airflow/example_dags/example_skip_dag.py
[2023-01-14T21:06:41.108+0000] {processor.py:753} INFO - DAG(s) dict_keys(['example_skip_dag']) retrieved from /media/prempeh/Nouveau nom/MASTER2/DATA ENGINEERING/airflow/py_env/lib/python3.10/site-packages/airflow/example_dags/example_skip_dag.py
[2023-01-14T21:06:41.237+0000] {logging_mixin.py:137} INFO - [2023-01-14T21:06:41.236+0000] {dag.py:2676} INFO - Sync 1 DAGs
[2023-01-14T21:06:41.325+0000] {logging_mixin.py:137} INFO - [2023-01-14T21:06:41.324+0000] {dag.py:3423} INFO - Setting next_dagrun for example_skip_dag to 2023-01-13T21:06:41.322951+00:00, run_after=2023-01-14T21:06:41.322951+00:00
[2023-01-14T21:06:41.417+0000] {processor.py:175} INFO - Processing /media/prempeh/Nouveau nom/MASTER2/DATA ENGINEERING/airflow/py_env/lib/python3.10/site-packages/airflow/example_dags/example_skip_dag.py took 0.492 seconds
[2023-01-14T21:08:13.909+0000] {processor.py:153} INFO - Started process (PID=8045) to work on /media/prempeh/Nouveau nom/MASTER2/DATA ENGINEERING/airflow/py_env/lib/python3.10/site-packages/airflow/example_dags/example_skip_dag.py
[2023-01-14T21:08:13.912+0000] {processor.py:743} INFO - Processing file /media/prempeh/Nouveau nom/MASTER2/DATA ENGINEERING/airflow/py_env/lib/python3.10/site-packages/airflow/example_dags/example_skip_dag.py for tasks to queue
[2023-01-14T21:08:13.917+0000] {logging_mixin.py:137} INFO - [2023-01-14T21:08:13.916+0000] {dagbag.py:538} INFO - Filling up the DagBag from /media/prempeh/Nouveau nom/MASTER2/DATA ENGINEERING/airflow/py_env/lib/python3.10/site-packages/airflow/example_dags/example_skip_dag.py
[2023-01-14T21:08:14.020+0000] {processor.py:753} INFO - DAG(s) dict_keys(['example_skip_dag']) retrieved from /media/prempeh/Nouveau nom/MASTER2/DATA ENGINEERING/airflow/py_env/lib/python3.10/site-packages/airflow/example_dags/example_skip_dag.py
[2023-01-14T21:08:14.137+0000] {logging_mixin.py:137} INFO - [2023-01-14T21:08:14.136+0000] {dag.py:2676} INFO - Sync 1 DAGs
[2023-01-14T21:08:14.197+0000] {logging_mixin.py:137} INFO - [2023-01-14T21:08:14.197+0000] {dag.py:3423} INFO - Setting next_dagrun for example_skip_dag to 2023-01-13T21:08:14.196462+00:00, run_after=2023-01-14T21:08:14.196462+00:00
[2023-01-14T21:08:14.266+0000] {processor.py:175} INFO - Processing /media/prempeh/Nouveau nom/MASTER2/DATA ENGINEERING/airflow/py_env/lib/python3.10/site-packages/airflow/example_dags/example_skip_dag.py took 0.364 seconds
[2023-01-14T21:09:15.087+0000] {processor.py:153} INFO - Started process (PID=8102) to work on /media/prempeh/Nouveau nom/MASTER2/DATA ENGINEERING/airflow/py_env/lib/python3.10/site-packages/airflow/example_dags/example_skip_dag.py
[2023-01-14T21:09:15.090+0000] {processor.py:743} INFO - Processing file /media/prempeh/Nouveau nom/MASTER2/DATA ENGINEERING/airflow/py_env/lib/python3.10/site-packages/airflow/example_dags/example_skip_dag.py for tasks to queue
[2023-01-14T21:09:15.094+0000] {logging_mixin.py:137} INFO - [2023-01-14T21:09:15.094+0000] {dagbag.py:538} INFO - Filling up the DagBag from /media/prempeh/Nouveau nom/MASTER2/DATA ENGINEERING/airflow/py_env/lib/python3.10/site-packages/airflow/example_dags/example_skip_dag.py
[2023-01-14T21:09:15.215+0000] {processor.py:753} INFO - DAG(s) dict_keys(['example_skip_dag']) retrieved from /media/prempeh/Nouveau nom/MASTER2/DATA ENGINEERING/airflow/py_env/lib/python3.10/site-packages/airflow/example_dags/example_skip_dag.py
[2023-01-14T21:09:15.332+0000] {logging_mixin.py:137} INFO - [2023-01-14T21:09:15.332+0000] {dag.py:2676} INFO - Sync 1 DAGs
[2023-01-14T21:09:15.395+0000] {logging_mixin.py:137} INFO - [2023-01-14T21:09:15.394+0000] {dag.py:3423} INFO - Setting next_dagrun for example_skip_dag to 2023-01-13T21:09:15.394037+00:00, run_after=2023-01-14T21:09:15.394037+00:00
[2023-01-14T21:09:15.470+0000] {processor.py:175} INFO - Processing /media/prempeh/Nouveau nom/MASTER2/DATA ENGINEERING/airflow/py_env/lib/python3.10/site-packages/airflow/example_dags/example_skip_dag.py took 0.393 seconds
[2023-01-14T21:10:15.409+0000] {processor.py:153} INFO - Started process (PID=8148) to work on /media/prempeh/Nouveau nom/MASTER2/DATA ENGINEERING/airflow/py_env/lib/python3.10/site-packages/airflow/example_dags/example_skip_dag.py
[2023-01-14T21:10:15.412+0000] {processor.py:743} INFO - Processing file /media/prempeh/Nouveau nom/MASTER2/DATA ENGINEERING/airflow/py_env/lib/python3.10/site-packages/airflow/example_dags/example_skip_dag.py for tasks to queue
[2023-01-14T21:10:15.417+0000] {logging_mixin.py:137} INFO - [2023-01-14T21:10:15.417+0000] {dagbag.py:538} INFO - Filling up the DagBag from /media/prempeh/Nouveau nom/MASTER2/DATA ENGINEERING/airflow/py_env/lib/python3.10/site-packages/airflow/example_dags/example_skip_dag.py
[2023-01-14T21:10:15.541+0000] {processor.py:753} INFO - DAG(s) dict_keys(['example_skip_dag']) retrieved from /media/prempeh/Nouveau nom/MASTER2/DATA ENGINEERING/airflow/py_env/lib/python3.10/site-packages/airflow/example_dags/example_skip_dag.py
[2023-01-14T21:10:15.684+0000] {logging_mixin.py:137} INFO - [2023-01-14T21:10:15.683+0000] {dag.py:2676} INFO - Sync 1 DAGs
[2023-01-14T21:10:15.752+0000] {logging_mixin.py:137} INFO - [2023-01-14T21:10:15.752+0000] {dag.py:3423} INFO - Setting next_dagrun for example_skip_dag to 2023-01-13T21:10:15.751688+00:00, run_after=2023-01-14T21:10:15.751688+00:00
[2023-01-14T21:10:15.825+0000] {processor.py:175} INFO - Processing /media/prempeh/Nouveau nom/MASTER2/DATA ENGINEERING/airflow/py_env/lib/python3.10/site-packages/airflow/example_dags/example_skip_dag.py took 0.426 seconds
[2023-01-14T21:11:17.222+0000] {processor.py:153} INFO - Started process (PID=8197) to work on /media/prempeh/Nouveau nom/MASTER2/DATA ENGINEERING/airflow/py_env/lib/python3.10/site-packages/airflow/example_dags/example_skip_dag.py
[2023-01-14T21:11:17.225+0000] {processor.py:743} INFO - Processing file /media/prempeh/Nouveau nom/MASTER2/DATA ENGINEERING/airflow/py_env/lib/python3.10/site-packages/airflow/example_dags/example_skip_dag.py for tasks to queue
[2023-01-14T21:11:17.229+0000] {logging_mixin.py:137} INFO - [2023-01-14T21:11:17.229+0000] {dagbag.py:538} INFO - Filling up the DagBag from /media/prempeh/Nouveau nom/MASTER2/DATA ENGINEERING/airflow/py_env/lib/python3.10/site-packages/airflow/example_dags/example_skip_dag.py
[2023-01-14T21:11:17.379+0000] {processor.py:753} INFO - DAG(s) dict_keys(['example_skip_dag']) retrieved from /media/prempeh/Nouveau nom/MASTER2/DATA ENGINEERING/airflow/py_env/lib/python3.10/site-packages/airflow/example_dags/example_skip_dag.py
[2023-01-14T21:11:17.514+0000] {logging_mixin.py:137} INFO - [2023-01-14T21:11:17.513+0000] {dag.py:2676} INFO - Sync 1 DAGs
[2023-01-14T21:11:17.581+0000] {logging_mixin.py:137} INFO - [2023-01-14T21:11:17.580+0000] {dag.py:3423} INFO - Setting next_dagrun for example_skip_dag to 2023-01-13T21:11:17.580306+00:00, run_after=2023-01-14T21:11:17.580306+00:00
[2023-01-14T21:11:17.652+0000] {processor.py:175} INFO - Processing /media/prempeh/Nouveau nom/MASTER2/DATA ENGINEERING/airflow/py_env/lib/python3.10/site-packages/airflow/example_dags/example_skip_dag.py took 0.440 seconds
[2023-01-14T21:12:28.286+0000] {processor.py:153} INFO - Started process (PID=8244) to work on /media/prempeh/Nouveau nom/MASTER2/DATA ENGINEERING/airflow/py_env/lib/python3.10/site-packages/airflow/example_dags/example_skip_dag.py
[2023-01-14T21:12:28.289+0000] {processor.py:743} INFO - Processing file /media/prempeh/Nouveau nom/MASTER2/DATA ENGINEERING/airflow/py_env/lib/python3.10/site-packages/airflow/example_dags/example_skip_dag.py for tasks to queue
[2023-01-14T21:12:28.293+0000] {logging_mixin.py:137} INFO - [2023-01-14T21:12:28.292+0000] {dagbag.py:538} INFO - Filling up the DagBag from /media/prempeh/Nouveau nom/MASTER2/DATA ENGINEERING/airflow/py_env/lib/python3.10/site-packages/airflow/example_dags/example_skip_dag.py
[2023-01-14T21:12:28.411+0000] {processor.py:753} INFO - DAG(s) dict_keys(['example_skip_dag']) retrieved from /media/prempeh/Nouveau nom/MASTER2/DATA ENGINEERING/airflow/py_env/lib/python3.10/site-packages/airflow/example_dags/example_skip_dag.py
[2023-01-14T21:12:28.543+0000] {logging_mixin.py:137} INFO - [2023-01-14T21:12:28.543+0000] {dag.py:2676} INFO - Sync 1 DAGs
[2023-01-14T21:12:28.608+0000] {logging_mixin.py:137} INFO - [2023-01-14T21:12:28.607+0000] {dag.py:3423} INFO - Setting next_dagrun for example_skip_dag to 2023-01-13T21:12:28.606935+00:00, run_after=2023-01-14T21:12:28.606935+00:00
[2023-01-14T21:12:28.681+0000] {processor.py:175} INFO - Processing /media/prempeh/Nouveau nom/MASTER2/DATA ENGINEERING/airflow/py_env/lib/python3.10/site-packages/airflow/example_dags/example_skip_dag.py took 0.406 seconds
[2023-01-14T21:13:43.183+0000] {processor.py:153} INFO - Started process (PID=8297) to work on /media/prempeh/Nouveau nom/MASTER2/DATA ENGINEERING/airflow/py_env/lib/python3.10/site-packages/airflow/example_dags/example_skip_dag.py
[2023-01-14T21:13:43.185+0000] {processor.py:743} INFO - Processing file /media/prempeh/Nouveau nom/MASTER2/DATA ENGINEERING/airflow/py_env/lib/python3.10/site-packages/airflow/example_dags/example_skip_dag.py for tasks to queue
[2023-01-14T21:13:43.190+0000] {logging_mixin.py:137} INFO - [2023-01-14T21:13:43.190+0000] {dagbag.py:538} INFO - Filling up the DagBag from /media/prempeh/Nouveau nom/MASTER2/DATA ENGINEERING/airflow/py_env/lib/python3.10/site-packages/airflow/example_dags/example_skip_dag.py
[2023-01-14T21:13:43.295+0000] {processor.py:753} INFO - DAG(s) dict_keys(['example_skip_dag']) retrieved from /media/prempeh/Nouveau nom/MASTER2/DATA ENGINEERING/airflow/py_env/lib/python3.10/site-packages/airflow/example_dags/example_skip_dag.py
[2023-01-14T21:13:43.419+0000] {logging_mixin.py:137} INFO - [2023-01-14T21:13:43.419+0000] {dag.py:2676} INFO - Sync 1 DAGs
[2023-01-14T21:13:43.493+0000] {logging_mixin.py:137} INFO - [2023-01-14T21:13:43.492+0000] {dag.py:3423} INFO - Setting next_dagrun for example_skip_dag to 2023-01-13T21:13:43.492097+00:00, run_after=2023-01-14T21:13:43.492097+00:00
[2023-01-14T21:13:43.567+0000] {processor.py:175} INFO - Processing /media/prempeh/Nouveau nom/MASTER2/DATA ENGINEERING/airflow/py_env/lib/python3.10/site-packages/airflow/example_dags/example_skip_dag.py took 0.393 seconds
[2023-01-14T21:14:49.886+0000] {processor.py:153} INFO - Started process (PID=8390) to work on /media/prempeh/Nouveau nom/MASTER2/DATA ENGINEERING/airflow/py_env/lib/python3.10/site-packages/airflow/example_dags/example_skip_dag.py
[2023-01-14T21:14:49.890+0000] {processor.py:743} INFO - Processing file /media/prempeh/Nouveau nom/MASTER2/DATA ENGINEERING/airflow/py_env/lib/python3.10/site-packages/airflow/example_dags/example_skip_dag.py for tasks to queue
[2023-01-14T21:14:49.896+0000] {logging_mixin.py:137} INFO - [2023-01-14T21:14:49.895+0000] {dagbag.py:538} INFO - Filling up the DagBag from /media/prempeh/Nouveau nom/MASTER2/DATA ENGINEERING/airflow/py_env/lib/python3.10/site-packages/airflow/example_dags/example_skip_dag.py
[2023-01-14T21:14:50.027+0000] {processor.py:753} INFO - DAG(s) dict_keys(['example_skip_dag']) retrieved from /media/prempeh/Nouveau nom/MASTER2/DATA ENGINEERING/airflow/py_env/lib/python3.10/site-packages/airflow/example_dags/example_skip_dag.py
[2023-01-14T21:14:50.194+0000] {logging_mixin.py:137} INFO - [2023-01-14T21:14:50.193+0000] {dag.py:2676} INFO - Sync 1 DAGs
[2023-01-14T21:14:50.266+0000] {logging_mixin.py:137} INFO - [2023-01-14T21:14:50.265+0000] {dag.py:3423} INFO - Setting next_dagrun for example_skip_dag to 2023-01-13T21:14:50.264166+00:00, run_after=2023-01-14T21:14:50.264166+00:00
[2023-01-14T21:14:50.344+0000] {processor.py:175} INFO - Processing /media/prempeh/Nouveau nom/MASTER2/DATA ENGINEERING/airflow/py_env/lib/python3.10/site-packages/airflow/example_dags/example_skip_dag.py took 0.469 seconds
[2023-01-14T21:16:01.744+0000] {processor.py:153} INFO - Started process (PID=8938) to work on /media/prempeh/Nouveau nom/MASTER2/DATA ENGINEERING/airflow/py_env/lib/python3.10/site-packages/airflow/example_dags/example_skip_dag.py
[2023-01-14T21:16:01.746+0000] {processor.py:743} INFO - Processing file /media/prempeh/Nouveau nom/MASTER2/DATA ENGINEERING/airflow/py_env/lib/python3.10/site-packages/airflow/example_dags/example_skip_dag.py for tasks to queue
[2023-01-14T21:16:01.750+0000] {logging_mixin.py:137} INFO - [2023-01-14T21:16:01.750+0000] {dagbag.py:538} INFO - Filling up the DagBag from /media/prempeh/Nouveau nom/MASTER2/DATA ENGINEERING/airflow/py_env/lib/python3.10/site-packages/airflow/example_dags/example_skip_dag.py
[2023-01-14T21:16:01.867+0000] {processor.py:753} INFO - DAG(s) dict_keys(['example_skip_dag']) retrieved from /media/prempeh/Nouveau nom/MASTER2/DATA ENGINEERING/airflow/py_env/lib/python3.10/site-packages/airflow/example_dags/example_skip_dag.py
[2023-01-14T21:16:01.998+0000] {logging_mixin.py:137} INFO - [2023-01-14T21:16:01.997+0000] {dag.py:2676} INFO - Sync 1 DAGs
[2023-01-14T21:16:02.061+0000] {logging_mixin.py:137} INFO - [2023-01-14T21:16:02.060+0000] {dag.py:3423} INFO - Setting next_dagrun for example_skip_dag to 2023-01-13T21:16:02.060230+00:00, run_after=2023-01-14T21:16:02.060230+00:00
[2023-01-14T21:16:02.120+0000] {processor.py:175} INFO - Processing /media/prempeh/Nouveau nom/MASTER2/DATA ENGINEERING/airflow/py_env/lib/python3.10/site-packages/airflow/example_dags/example_skip_dag.py took 0.386 seconds
[2023-01-14T21:17:15.314+0000] {processor.py:153} INFO - Started process (PID=9148) to work on /media/prempeh/Nouveau nom/MASTER2/DATA ENGINEERING/airflow/py_env/lib/python3.10/site-packages/airflow/example_dags/example_skip_dag.py
[2023-01-14T21:17:15.317+0000] {processor.py:743} INFO - Processing file /media/prempeh/Nouveau nom/MASTER2/DATA ENGINEERING/airflow/py_env/lib/python3.10/site-packages/airflow/example_dags/example_skip_dag.py for tasks to queue
[2023-01-14T21:17:15.322+0000] {logging_mixin.py:137} INFO - [2023-01-14T21:17:15.321+0000] {dagbag.py:538} INFO - Filling up the DagBag from /media/prempeh/Nouveau nom/MASTER2/DATA ENGINEERING/airflow/py_env/lib/python3.10/site-packages/airflow/example_dags/example_skip_dag.py
[2023-01-14T21:17:15.454+0000] {processor.py:753} INFO - DAG(s) dict_keys(['example_skip_dag']) retrieved from /media/prempeh/Nouveau nom/MASTER2/DATA ENGINEERING/airflow/py_env/lib/python3.10/site-packages/airflow/example_dags/example_skip_dag.py
[2023-01-14T21:17:15.596+0000] {logging_mixin.py:137} INFO - [2023-01-14T21:17:15.595+0000] {dag.py:2676} INFO - Sync 1 DAGs
[2023-01-14T21:17:15.680+0000] {logging_mixin.py:137} INFO - [2023-01-14T21:17:15.679+0000] {dag.py:3423} INFO - Setting next_dagrun for example_skip_dag to 2023-01-13T21:17:15.678997+00:00, run_after=2023-01-14T21:17:15.678997+00:00
[2023-01-14T21:17:15.759+0000] {processor.py:175} INFO - Processing /media/prempeh/Nouveau nom/MASTER2/DATA ENGINEERING/airflow/py_env/lib/python3.10/site-packages/airflow/example_dags/example_skip_dag.py took 0.455 seconds
[2023-01-14T21:18:25.002+0000] {processor.py:153} INFO - Started process (PID=9269) to work on /media/prempeh/Nouveau nom/MASTER2/DATA ENGINEERING/airflow/py_env/lib/python3.10/site-packages/airflow/example_dags/example_skip_dag.py
[2023-01-14T21:18:25.006+0000] {processor.py:743} INFO - Processing file /media/prempeh/Nouveau nom/MASTER2/DATA ENGINEERING/airflow/py_env/lib/python3.10/site-packages/airflow/example_dags/example_skip_dag.py for tasks to queue
[2023-01-14T21:18:25.012+0000] {logging_mixin.py:137} INFO - [2023-01-14T21:18:25.012+0000] {dagbag.py:538} INFO - Filling up the DagBag from /media/prempeh/Nouveau nom/MASTER2/DATA ENGINEERING/airflow/py_env/lib/python3.10/site-packages/airflow/example_dags/example_skip_dag.py
[2023-01-14T21:18:25.174+0000] {processor.py:753} INFO - DAG(s) dict_keys(['example_skip_dag']) retrieved from /media/prempeh/Nouveau nom/MASTER2/DATA ENGINEERING/airflow/py_env/lib/python3.10/site-packages/airflow/example_dags/example_skip_dag.py
[2023-01-14T21:18:25.363+0000] {logging_mixin.py:137} INFO - [2023-01-14T21:18:25.363+0000] {dag.py:2676} INFO - Sync 1 DAGs
[2023-01-14T21:18:25.484+0000] {logging_mixin.py:137} INFO - [2023-01-14T21:18:25.482+0000] {dag.py:3423} INFO - Setting next_dagrun for example_skip_dag to 2023-01-13T21:18:25.480436+00:00, run_after=2023-01-14T21:18:25.480436+00:00
[2023-01-14T21:18:25.609+0000] {processor.py:175} INFO - Processing /media/prempeh/Nouveau nom/MASTER2/DATA ENGINEERING/airflow/py_env/lib/python3.10/site-packages/airflow/example_dags/example_skip_dag.py took 0.618 seconds
[2023-01-14T21:19:41.290+0000] {processor.py:153} INFO - Started process (PID=9635) to work on /media/prempeh/Nouveau nom/MASTER2/DATA ENGINEERING/airflow/py_env/lib/python3.10/site-packages/airflow/example_dags/example_skip_dag.py
[2023-01-14T21:19:41.293+0000] {processor.py:743} INFO - Processing file /media/prempeh/Nouveau nom/MASTER2/DATA ENGINEERING/airflow/py_env/lib/python3.10/site-packages/airflow/example_dags/example_skip_dag.py for tasks to queue
[2023-01-14T21:19:41.297+0000] {logging_mixin.py:137} INFO - [2023-01-14T21:19:41.297+0000] {dagbag.py:538} INFO - Filling up the DagBag from /media/prempeh/Nouveau nom/MASTER2/DATA ENGINEERING/airflow/py_env/lib/python3.10/site-packages/airflow/example_dags/example_skip_dag.py
[2023-01-14T21:19:41.412+0000] {processor.py:753} INFO - DAG(s) dict_keys(['example_skip_dag']) retrieved from /media/prempeh/Nouveau nom/MASTER2/DATA ENGINEERING/airflow/py_env/lib/python3.10/site-packages/airflow/example_dags/example_skip_dag.py
[2023-01-14T21:19:41.563+0000] {logging_mixin.py:137} INFO - [2023-01-14T21:19:41.563+0000] {dag.py:2676} INFO - Sync 1 DAGs
[2023-01-14T21:19:41.633+0000] {logging_mixin.py:137} INFO - [2023-01-14T21:19:41.632+0000] {dag.py:3423} INFO - Setting next_dagrun for example_skip_dag to 2023-01-13T21:19:41.632133+00:00, run_after=2023-01-14T21:19:41.632133+00:00
[2023-01-14T21:19:41.710+0000] {processor.py:175} INFO - Processing /media/prempeh/Nouveau nom/MASTER2/DATA ENGINEERING/airflow/py_env/lib/python3.10/site-packages/airflow/example_dags/example_skip_dag.py took 0.430 seconds
[2023-01-14T21:20:50.713+0000] {processor.py:153} INFO - Started process (PID=9806) to work on /media/prempeh/Nouveau nom/MASTER2/DATA ENGINEERING/airflow/py_env/lib/python3.10/site-packages/airflow/example_dags/example_skip_dag.py
[2023-01-14T21:20:50.716+0000] {processor.py:743} INFO - Processing file /media/prempeh/Nouveau nom/MASTER2/DATA ENGINEERING/airflow/py_env/lib/python3.10/site-packages/airflow/example_dags/example_skip_dag.py for tasks to queue
[2023-01-14T21:20:50.720+0000] {logging_mixin.py:137} INFO - [2023-01-14T21:20:50.720+0000] {dagbag.py:538} INFO - Filling up the DagBag from /media/prempeh/Nouveau nom/MASTER2/DATA ENGINEERING/airflow/py_env/lib/python3.10/site-packages/airflow/example_dags/example_skip_dag.py
[2023-01-14T21:20:50.854+0000] {processor.py:753} INFO - DAG(s) dict_keys(['example_skip_dag']) retrieved from /media/prempeh/Nouveau nom/MASTER2/DATA ENGINEERING/airflow/py_env/lib/python3.10/site-packages/airflow/example_dags/example_skip_dag.py
[2023-01-14T21:20:50.991+0000] {logging_mixin.py:137} INFO - [2023-01-14T21:20:50.990+0000] {dag.py:2676} INFO - Sync 1 DAGs
[2023-01-14T21:20:51.059+0000] {logging_mixin.py:137} INFO - [2023-01-14T21:20:51.058+0000] {dag.py:3423} INFO - Setting next_dagrun for example_skip_dag to 2023-01-13T21:20:51.058223+00:00, run_after=2023-01-14T21:20:51.058223+00:00
[2023-01-14T21:20:51.136+0000] {processor.py:175} INFO - Processing /media/prempeh/Nouveau nom/MASTER2/DATA ENGINEERING/airflow/py_env/lib/python3.10/site-packages/airflow/example_dags/example_skip_dag.py took 0.434 seconds
[2023-01-14T21:21:58.878+0000] {processor.py:153} INFO - Started process (PID=9920) to work on /media/prempeh/Nouveau nom/MASTER2/DATA ENGINEERING/airflow/py_env/lib/python3.10/site-packages/airflow/example_dags/example_skip_dag.py
[2023-01-14T21:21:58.882+0000] {processor.py:743} INFO - Processing file /media/prempeh/Nouveau nom/MASTER2/DATA ENGINEERING/airflow/py_env/lib/python3.10/site-packages/airflow/example_dags/example_skip_dag.py for tasks to queue
[2023-01-14T21:21:58.888+0000] {logging_mixin.py:137} INFO - [2023-01-14T21:21:58.887+0000] {dagbag.py:538} INFO - Filling up the DagBag from /media/prempeh/Nouveau nom/MASTER2/DATA ENGINEERING/airflow/py_env/lib/python3.10/site-packages/airflow/example_dags/example_skip_dag.py
[2023-01-14T21:21:59.045+0000] {processor.py:753} INFO - DAG(s) dict_keys(['example_skip_dag']) retrieved from /media/prempeh/Nouveau nom/MASTER2/DATA ENGINEERING/airflow/py_env/lib/python3.10/site-packages/airflow/example_dags/example_skip_dag.py
[2023-01-14T21:21:59.210+0000] {logging_mixin.py:137} INFO - [2023-01-14T21:21:59.210+0000] {dag.py:2676} INFO - Sync 1 DAGs
[2023-01-14T21:21:59.305+0000] {logging_mixin.py:137} INFO - [2023-01-14T21:21:59.304+0000] {dag.py:3423} INFO - Setting next_dagrun for example_skip_dag to 2023-01-13T21:21:59.303547+00:00, run_after=2023-01-14T21:21:59.303547+00:00
[2023-01-14T21:21:59.451+0000] {processor.py:175} INFO - Processing /media/prempeh/Nouveau nom/MASTER2/DATA ENGINEERING/airflow/py_env/lib/python3.10/site-packages/airflow/example_dags/example_skip_dag.py took 0.584 seconds
[2023-01-14T21:23:16.551+0000] {processor.py:153} INFO - Started process (PID=10338) to work on /media/prempeh/Nouveau nom/MASTER2/DATA ENGINEERING/airflow/py_env/lib/python3.10/site-packages/airflow/example_dags/example_skip_dag.py
[2023-01-14T21:23:16.554+0000] {processor.py:743} INFO - Processing file /media/prempeh/Nouveau nom/MASTER2/DATA ENGINEERING/airflow/py_env/lib/python3.10/site-packages/airflow/example_dags/example_skip_dag.py for tasks to queue
[2023-01-14T21:23:16.562+0000] {logging_mixin.py:137} INFO - [2023-01-14T21:23:16.562+0000] {dagbag.py:538} INFO - Filling up the DagBag from /media/prempeh/Nouveau nom/MASTER2/DATA ENGINEERING/airflow/py_env/lib/python3.10/site-packages/airflow/example_dags/example_skip_dag.py
[2023-01-14T21:23:16.685+0000] {processor.py:753} INFO - DAG(s) dict_keys(['example_skip_dag']) retrieved from /media/prempeh/Nouveau nom/MASTER2/DATA ENGINEERING/airflow/py_env/lib/python3.10/site-packages/airflow/example_dags/example_skip_dag.py
[2023-01-14T21:23:16.821+0000] {logging_mixin.py:137} INFO - [2023-01-14T21:23:16.820+0000] {dag.py:2676} INFO - Sync 1 DAGs
[2023-01-14T21:23:16.888+0000] {logging_mixin.py:137} INFO - [2023-01-14T21:23:16.888+0000] {dag.py:3423} INFO - Setting next_dagrun for example_skip_dag to 2023-01-13T21:23:16.887498+00:00, run_after=2023-01-14T21:23:16.887498+00:00
[2023-01-14T21:23:16.955+0000] {processor.py:175} INFO - Processing /media/prempeh/Nouveau nom/MASTER2/DATA ENGINEERING/airflow/py_env/lib/python3.10/site-packages/airflow/example_dags/example_skip_dag.py took 0.412 seconds
[2023-01-14T21:24:21.327+0000] {processor.py:153} INFO - Started process (PID=10382) to work on /media/prempeh/Nouveau nom/MASTER2/DATA ENGINEERING/airflow/py_env/lib/python3.10/site-packages/airflow/example_dags/example_skip_dag.py
[2023-01-14T21:24:21.329+0000] {processor.py:743} INFO - Processing file /media/prempeh/Nouveau nom/MASTER2/DATA ENGINEERING/airflow/py_env/lib/python3.10/site-packages/airflow/example_dags/example_skip_dag.py for tasks to queue
[2023-01-14T21:24:21.333+0000] {logging_mixin.py:137} INFO - [2023-01-14T21:24:21.333+0000] {dagbag.py:538} INFO - Filling up the DagBag from /media/prempeh/Nouveau nom/MASTER2/DATA ENGINEERING/airflow/py_env/lib/python3.10/site-packages/airflow/example_dags/example_skip_dag.py
[2023-01-14T21:24:21.450+0000] {processor.py:753} INFO - DAG(s) dict_keys(['example_skip_dag']) retrieved from /media/prempeh/Nouveau nom/MASTER2/DATA ENGINEERING/airflow/py_env/lib/python3.10/site-packages/airflow/example_dags/example_skip_dag.py
[2023-01-14T21:24:21.585+0000] {logging_mixin.py:137} INFO - [2023-01-14T21:24:21.584+0000] {dag.py:2676} INFO - Sync 1 DAGs
[2023-01-14T21:24:21.650+0000] {logging_mixin.py:137} INFO - [2023-01-14T21:24:21.650+0000] {dag.py:3423} INFO - Setting next_dagrun for example_skip_dag to 2023-01-13T21:24:21.649723+00:00, run_after=2023-01-14T21:24:21.649723+00:00
[2023-01-14T21:24:21.726+0000] {processor.py:175} INFO - Processing /media/prempeh/Nouveau nom/MASTER2/DATA ENGINEERING/airflow/py_env/lib/python3.10/site-packages/airflow/example_dags/example_skip_dag.py took 0.407 seconds
[2023-01-14T21:25:32.837+0000] {processor.py:153} INFO - Started process (PID=10527) to work on /media/prempeh/Nouveau nom/MASTER2/DATA ENGINEERING/airflow/py_env/lib/python3.10/site-packages/airflow/example_dags/example_skip_dag.py
[2023-01-14T21:25:32.839+0000] {processor.py:743} INFO - Processing file /media/prempeh/Nouveau nom/MASTER2/DATA ENGINEERING/airflow/py_env/lib/python3.10/site-packages/airflow/example_dags/example_skip_dag.py for tasks to queue
[2023-01-14T21:25:32.843+0000] {logging_mixin.py:137} INFO - [2023-01-14T21:25:32.843+0000] {dagbag.py:538} INFO - Filling up the DagBag from /media/prempeh/Nouveau nom/MASTER2/DATA ENGINEERING/airflow/py_env/lib/python3.10/site-packages/airflow/example_dags/example_skip_dag.py
[2023-01-14T21:25:32.949+0000] {processor.py:753} INFO - DAG(s) dict_keys(['example_skip_dag']) retrieved from /media/prempeh/Nouveau nom/MASTER2/DATA ENGINEERING/airflow/py_env/lib/python3.10/site-packages/airflow/example_dags/example_skip_dag.py
[2023-01-14T21:25:33.098+0000] {logging_mixin.py:137} INFO - [2023-01-14T21:25:33.098+0000] {dag.py:2676} INFO - Sync 1 DAGs
[2023-01-14T21:25:33.163+0000] {logging_mixin.py:137} INFO - [2023-01-14T21:25:33.163+0000] {dag.py:3423} INFO - Setting next_dagrun for example_skip_dag to 2023-01-13T21:25:33.162625+00:00, run_after=2023-01-14T21:25:33.162625+00:00
[2023-01-14T21:25:33.238+0000] {processor.py:175} INFO - Processing /media/prempeh/Nouveau nom/MASTER2/DATA ENGINEERING/airflow/py_env/lib/python3.10/site-packages/airflow/example_dags/example_skip_dag.py took 0.410 seconds
[2023-01-14T21:26:43.679+0000] {processor.py:153} INFO - Started process (PID=10681) to work on /media/prempeh/Nouveau nom/MASTER2/DATA ENGINEERING/airflow/py_env/lib/python3.10/site-packages/airflow/example_dags/example_skip_dag.py
[2023-01-14T21:26:43.684+0000] {processor.py:743} INFO - Processing file /media/prempeh/Nouveau nom/MASTER2/DATA ENGINEERING/airflow/py_env/lib/python3.10/site-packages/airflow/example_dags/example_skip_dag.py for tasks to queue
[2023-01-14T21:26:43.693+0000] {logging_mixin.py:137} INFO - [2023-01-14T21:26:43.692+0000] {dagbag.py:538} INFO - Filling up the DagBag from /media/prempeh/Nouveau nom/MASTER2/DATA ENGINEERING/airflow/py_env/lib/python3.10/site-packages/airflow/example_dags/example_skip_dag.py
[2023-01-14T21:26:43.978+0000] {processor.py:753} INFO - DAG(s) dict_keys(['example_skip_dag']) retrieved from /media/prempeh/Nouveau nom/MASTER2/DATA ENGINEERING/airflow/py_env/lib/python3.10/site-packages/airflow/example_dags/example_skip_dag.py
[2023-01-14T21:26:44.289+0000] {logging_mixin.py:137} INFO - [2023-01-14T21:26:44.287+0000] {dag.py:2676} INFO - Sync 1 DAGs
[2023-01-14T21:26:44.421+0000] {logging_mixin.py:137} INFO - [2023-01-14T21:26:44.420+0000] {dag.py:3423} INFO - Setting next_dagrun for example_skip_dag to 2023-01-13T21:26:44.419346+00:00, run_after=2023-01-14T21:26:44.419346+00:00
[2023-01-14T21:26:44.501+0000] {processor.py:175} INFO - Processing /media/prempeh/Nouveau nom/MASTER2/DATA ENGINEERING/airflow/py_env/lib/python3.10/site-packages/airflow/example_dags/example_skip_dag.py took 0.841 seconds
