[2023-01-14T20:53:31.228+0000] {processor.py:153} INFO - Started process (PID=6622) to work on /media/prempeh/Nouveau nom/MASTER2/DATA ENGINEERING/airflow/py_env/lib/python3.10/site-packages/airflow/example_dags/example_dag_decorator.py
[2023-01-14T20:53:31.231+0000] {processor.py:743} INFO - Processing file /media/prempeh/Nouveau nom/MASTER2/DATA ENGINEERING/airflow/py_env/lib/python3.10/site-packages/airflow/example_dags/example_dag_decorator.py for tasks to queue
[2023-01-14T20:53:31.238+0000] {logging_mixin.py:137} INFO - [2023-01-14T20:53:31.238+0000] {dagbag.py:538} INFO - Filling up the DagBag from /media/prempeh/Nouveau nom/MASTER2/DATA ENGINEERING/airflow/py_env/lib/python3.10/site-packages/airflow/example_dags/example_dag_decorator.py
[2023-01-14T20:53:31.416+0000] {logging_mixin.py:137} INFO - [2023-01-14T20:53:31.416+0000] {taskmixin.py:205} WARNING - Dependency <Task(_PythonDecoratedOperator): prepare_email>, send_email already registered for DAG: example_dag_decorator
[2023-01-14T20:53:31.418+0000] {logging_mixin.py:137} INFO - [2023-01-14T20:53:31.417+0000] {taskmixin.py:205} WARNING - Dependency <Task(EmailOperator): send_email>, prepare_email already registered for DAG: example_dag_decorator
[2023-01-14T20:53:31.530+0000] {processor.py:753} INFO - DAG(s) dict_keys(['example_dag_decorator']) retrieved from /media/prempeh/Nouveau nom/MASTER2/DATA ENGINEERING/airflow/py_env/lib/python3.10/site-packages/airflow/example_dags/example_dag_decorator.py
[2023-01-14T20:53:32.502+0000] {logging_mixin.py:137} INFO - [2023-01-14T20:53:32.500+0000] {manager.py:504} INFO - Created Permission View: can edit on DAG:example_dag_decorator
[2023-01-14T20:53:32.572+0000] {logging_mixin.py:137} INFO - [2023-01-14T20:53:32.571+0000] {manager.py:504} INFO - Created Permission View: can delete on DAG:example_dag_decorator
[2023-01-14T20:53:32.623+0000] {logging_mixin.py:137} INFO - [2023-01-14T20:53:32.622+0000] {manager.py:504} INFO - Created Permission View: can read on DAG:example_dag_decorator
[2023-01-14T20:53:32.628+0000] {logging_mixin.py:137} INFO - [2023-01-14T20:53:32.627+0000] {dag.py:2676} INFO - Sync 1 DAGs
[2023-01-14T20:53:32.707+0000] {logging_mixin.py:137} INFO - [2023-01-14T20:53:32.706+0000] {dag.py:2697} INFO - Creating ORM DAG for example_dag_decorator
[2023-01-14T20:53:32.759+0000] {logging_mixin.py:137} INFO - [2023-01-14T20:53:32.758+0000] {dag.py:3423} INFO - Setting next_dagrun for example_dag_decorator to None, run_after=None
[2023-01-14T20:53:32.859+0000] {processor.py:175} INFO - Processing /media/prempeh/Nouveau nom/MASTER2/DATA ENGINEERING/airflow/py_env/lib/python3.10/site-packages/airflow/example_dags/example_dag_decorator.py took 1.642 seconds
[2023-01-14T20:54:42.355+0000] {processor.py:153} INFO - Started process (PID=6737) to work on /media/prempeh/Nouveau nom/MASTER2/DATA ENGINEERING/airflow/py_env/lib/python3.10/site-packages/airflow/example_dags/example_dag_decorator.py
[2023-01-14T20:54:42.358+0000] {processor.py:743} INFO - Processing file /media/prempeh/Nouveau nom/MASTER2/DATA ENGINEERING/airflow/py_env/lib/python3.10/site-packages/airflow/example_dags/example_dag_decorator.py for tasks to queue
[2023-01-14T20:54:42.362+0000] {logging_mixin.py:137} INFO - [2023-01-14T20:54:42.362+0000] {dagbag.py:538} INFO - Filling up the DagBag from /media/prempeh/Nouveau nom/MASTER2/DATA ENGINEERING/airflow/py_env/lib/python3.10/site-packages/airflow/example_dags/example_dag_decorator.py
[2023-01-14T20:54:42.512+0000] {logging_mixin.py:137} INFO - [2023-01-14T20:54:42.511+0000] {taskmixin.py:205} WARNING - Dependency <Task(_PythonDecoratedOperator): prepare_email>, send_email already registered for DAG: example_dag_decorator
[2023-01-14T20:54:42.513+0000] {logging_mixin.py:137} INFO - [2023-01-14T20:54:42.513+0000] {taskmixin.py:205} WARNING - Dependency <Task(EmailOperator): send_email>, prepare_email already registered for DAG: example_dag_decorator
[2023-01-14T20:54:42.626+0000] {processor.py:753} INFO - DAG(s) dict_keys(['example_dag_decorator']) retrieved from /media/prempeh/Nouveau nom/MASTER2/DATA ENGINEERING/airflow/py_env/lib/python3.10/site-packages/airflow/example_dags/example_dag_decorator.py
[2023-01-14T20:54:42.848+0000] {logging_mixin.py:137} INFO - [2023-01-14T20:54:42.848+0000] {dag.py:2676} INFO - Sync 1 DAGs
[2023-01-14T20:54:42.898+0000] {logging_mixin.py:137} INFO - [2023-01-14T20:54:42.898+0000] {dag.py:3423} INFO - Setting next_dagrun for example_dag_decorator to None, run_after=None
[2023-01-14T20:54:42.965+0000] {processor.py:175} INFO - Processing /media/prempeh/Nouveau nom/MASTER2/DATA ENGINEERING/airflow/py_env/lib/python3.10/site-packages/airflow/example_dags/example_dag_decorator.py took 0.617 seconds
[2023-01-14T20:55:45.604+0000] {processor.py:153} INFO - Started process (PID=6778) to work on /media/prempeh/Nouveau nom/MASTER2/DATA ENGINEERING/airflow/py_env/lib/python3.10/site-packages/airflow/example_dags/example_dag_decorator.py
[2023-01-14T20:55:45.607+0000] {processor.py:743} INFO - Processing file /media/prempeh/Nouveau nom/MASTER2/DATA ENGINEERING/airflow/py_env/lib/python3.10/site-packages/airflow/example_dags/example_dag_decorator.py for tasks to queue
[2023-01-14T20:55:45.611+0000] {logging_mixin.py:137} INFO - [2023-01-14T20:55:45.611+0000] {dagbag.py:538} INFO - Filling up the DagBag from /media/prempeh/Nouveau nom/MASTER2/DATA ENGINEERING/airflow/py_env/lib/python3.10/site-packages/airflow/example_dags/example_dag_decorator.py
[2023-01-14T20:55:45.732+0000] {logging_mixin.py:137} INFO - [2023-01-14T20:55:45.731+0000] {taskmixin.py:205} WARNING - Dependency <Task(_PythonDecoratedOperator): prepare_email>, send_email already registered for DAG: example_dag_decorator
[2023-01-14T20:55:45.734+0000] {logging_mixin.py:137} INFO - [2023-01-14T20:55:45.734+0000] {taskmixin.py:205} WARNING - Dependency <Task(EmailOperator): send_email>, prepare_email already registered for DAG: example_dag_decorator
[2023-01-14T20:55:45.840+0000] {processor.py:753} INFO - DAG(s) dict_keys(['example_dag_decorator']) retrieved from /media/prempeh/Nouveau nom/MASTER2/DATA ENGINEERING/airflow/py_env/lib/python3.10/site-packages/airflow/example_dags/example_dag_decorator.py
[2023-01-14T20:55:46.079+0000] {logging_mixin.py:137} INFO - [2023-01-14T20:55:46.079+0000] {dag.py:2676} INFO - Sync 1 DAGs
[2023-01-14T20:55:46.142+0000] {logging_mixin.py:137} INFO - [2023-01-14T20:55:46.142+0000] {dag.py:3423} INFO - Setting next_dagrun for example_dag_decorator to None, run_after=None
[2023-01-14T20:55:46.235+0000] {processor.py:175} INFO - Processing /media/prempeh/Nouveau nom/MASTER2/DATA ENGINEERING/airflow/py_env/lib/python3.10/site-packages/airflow/example_dags/example_dag_decorator.py took 0.644 seconds
[2023-01-14T20:56:44.216+0000] {processor.py:153} INFO - Started process (PID=6941) to work on /media/prempeh/Nouveau nom/MASTER2/DATA ENGINEERING/airflow/py_env/lib/python3.10/site-packages/airflow/example_dags/example_dag_decorator.py
[2023-01-14T20:56:44.218+0000] {processor.py:743} INFO - Processing file /media/prempeh/Nouveau nom/MASTER2/DATA ENGINEERING/airflow/py_env/lib/python3.10/site-packages/airflow/example_dags/example_dag_decorator.py for tasks to queue
[2023-01-14T20:56:44.222+0000] {logging_mixin.py:137} INFO - [2023-01-14T20:56:44.222+0000] {dagbag.py:538} INFO - Filling up the DagBag from /media/prempeh/Nouveau nom/MASTER2/DATA ENGINEERING/airflow/py_env/lib/python3.10/site-packages/airflow/example_dags/example_dag_decorator.py
[2023-01-14T20:56:44.340+0000] {logging_mixin.py:137} INFO - [2023-01-14T20:56:44.339+0000] {taskmixin.py:205} WARNING - Dependency <Task(_PythonDecoratedOperator): prepare_email>, send_email already registered for DAG: example_dag_decorator
[2023-01-14T20:56:44.341+0000] {logging_mixin.py:137} INFO - [2023-01-14T20:56:44.341+0000] {taskmixin.py:205} WARNING - Dependency <Task(EmailOperator): send_email>, prepare_email already registered for DAG: example_dag_decorator
[2023-01-14T20:56:44.448+0000] {processor.py:753} INFO - DAG(s) dict_keys(['example_dag_decorator']) retrieved from /media/prempeh/Nouveau nom/MASTER2/DATA ENGINEERING/airflow/py_env/lib/python3.10/site-packages/airflow/example_dags/example_dag_decorator.py
[2023-01-14T20:56:44.705+0000] {logging_mixin.py:137} INFO - [2023-01-14T20:56:44.705+0000] {dag.py:2676} INFO - Sync 1 DAGs
[2023-01-14T20:56:44.772+0000] {logging_mixin.py:137} INFO - [2023-01-14T20:56:44.771+0000] {dag.py:3423} INFO - Setting next_dagrun for example_dag_decorator to None, run_after=None
[2023-01-14T20:56:44.852+0000] {processor.py:175} INFO - Processing /media/prempeh/Nouveau nom/MASTER2/DATA ENGINEERING/airflow/py_env/lib/python3.10/site-packages/airflow/example_dags/example_dag_decorator.py took 0.644 seconds
[2023-01-14T20:57:46.269+0000] {processor.py:153} INFO - Started process (PID=7099) to work on /media/prempeh/Nouveau nom/MASTER2/DATA ENGINEERING/airflow/py_env/lib/python3.10/site-packages/airflow/example_dags/example_dag_decorator.py
[2023-01-14T20:57:46.272+0000] {processor.py:743} INFO - Processing file /media/prempeh/Nouveau nom/MASTER2/DATA ENGINEERING/airflow/py_env/lib/python3.10/site-packages/airflow/example_dags/example_dag_decorator.py for tasks to queue
[2023-01-14T20:57:46.276+0000] {logging_mixin.py:137} INFO - [2023-01-14T20:57:46.276+0000] {dagbag.py:538} INFO - Filling up the DagBag from /media/prempeh/Nouveau nom/MASTER2/DATA ENGINEERING/airflow/py_env/lib/python3.10/site-packages/airflow/example_dags/example_dag_decorator.py
[2023-01-14T20:57:46.426+0000] {logging_mixin.py:137} INFO - [2023-01-14T20:57:46.425+0000] {taskmixin.py:205} WARNING - Dependency <Task(_PythonDecoratedOperator): prepare_email>, send_email already registered for DAG: example_dag_decorator
[2023-01-14T20:57:46.429+0000] {logging_mixin.py:137} INFO - [2023-01-14T20:57:46.428+0000] {taskmixin.py:205} WARNING - Dependency <Task(EmailOperator): send_email>, prepare_email already registered for DAG: example_dag_decorator
[2023-01-14T20:57:46.631+0000] {processor.py:753} INFO - DAG(s) dict_keys(['example_dag_decorator']) retrieved from /media/prempeh/Nouveau nom/MASTER2/DATA ENGINEERING/airflow/py_env/lib/python3.10/site-packages/airflow/example_dags/example_dag_decorator.py
[2023-01-14T20:57:47.050+0000] {logging_mixin.py:137} INFO - [2023-01-14T20:57:47.049+0000] {dag.py:2676} INFO - Sync 1 DAGs
[2023-01-14T20:57:47.123+0000] {logging_mixin.py:137} INFO - [2023-01-14T20:57:47.123+0000] {dag.py:3423} INFO - Setting next_dagrun for example_dag_decorator to None, run_after=None
[2023-01-14T20:57:47.189+0000] {processor.py:175} INFO - Processing /media/prempeh/Nouveau nom/MASTER2/DATA ENGINEERING/airflow/py_env/lib/python3.10/site-packages/airflow/example_dags/example_dag_decorator.py took 0.929 seconds
[2023-01-14T20:58:43.495+0000] {processor.py:153} INFO - Started process (PID=7141) to work on /media/prempeh/Nouveau nom/MASTER2/DATA ENGINEERING/airflow/py_env/lib/python3.10/site-packages/airflow/example_dags/example_dag_decorator.py
[2023-01-14T20:58:43.498+0000] {processor.py:743} INFO - Processing file /media/prempeh/Nouveau nom/MASTER2/DATA ENGINEERING/airflow/py_env/lib/python3.10/site-packages/airflow/example_dags/example_dag_decorator.py for tasks to queue
[2023-01-14T20:58:43.502+0000] {logging_mixin.py:137} INFO - [2023-01-14T20:58:43.502+0000] {dagbag.py:538} INFO - Filling up the DagBag from /media/prempeh/Nouveau nom/MASTER2/DATA ENGINEERING/airflow/py_env/lib/python3.10/site-packages/airflow/example_dags/example_dag_decorator.py
[2023-01-14T20:58:43.614+0000] {logging_mixin.py:137} INFO - [2023-01-14T20:58:43.614+0000] {taskmixin.py:205} WARNING - Dependency <Task(_PythonDecoratedOperator): prepare_email>, send_email already registered for DAG: example_dag_decorator
[2023-01-14T20:58:43.615+0000] {logging_mixin.py:137} INFO - [2023-01-14T20:58:43.615+0000] {taskmixin.py:205} WARNING - Dependency <Task(EmailOperator): send_email>, prepare_email already registered for DAG: example_dag_decorator
[2023-01-14T20:58:43.705+0000] {processor.py:753} INFO - DAG(s) dict_keys(['example_dag_decorator']) retrieved from /media/prempeh/Nouveau nom/MASTER2/DATA ENGINEERING/airflow/py_env/lib/python3.10/site-packages/airflow/example_dags/example_dag_decorator.py
[2023-01-14T20:58:43.915+0000] {logging_mixin.py:137} INFO - [2023-01-14T20:58:43.914+0000] {dag.py:2676} INFO - Sync 1 DAGs
[2023-01-14T20:58:43.972+0000] {logging_mixin.py:137} INFO - [2023-01-14T20:58:43.972+0000] {dag.py:3423} INFO - Setting next_dagrun for example_dag_decorator to None, run_after=None
[2023-01-14T20:58:44.050+0000] {processor.py:175} INFO - Processing /media/prempeh/Nouveau nom/MASTER2/DATA ENGINEERING/airflow/py_env/lib/python3.10/site-packages/airflow/example_dags/example_dag_decorator.py took 0.562 seconds
[2023-01-14T20:59:34.634+0000] {processor.py:153} INFO - Started process (PID=7189) to work on /media/prempeh/Nouveau nom/MASTER2/DATA ENGINEERING/airflow/py_env/lib/python3.10/site-packages/airflow/example_dags/example_dag_decorator.py
[2023-01-14T20:59:34.637+0000] {processor.py:743} INFO - Processing file /media/prempeh/Nouveau nom/MASTER2/DATA ENGINEERING/airflow/py_env/lib/python3.10/site-packages/airflow/example_dags/example_dag_decorator.py for tasks to queue
[2023-01-14T20:59:34.643+0000] {logging_mixin.py:137} INFO - [2023-01-14T20:59:34.643+0000] {dagbag.py:538} INFO - Filling up the DagBag from /media/prempeh/Nouveau nom/MASTER2/DATA ENGINEERING/airflow/py_env/lib/python3.10/site-packages/airflow/example_dags/example_dag_decorator.py
[2023-01-14T20:59:34.780+0000] {logging_mixin.py:137} INFO - [2023-01-14T20:59:34.779+0000] {taskmixin.py:205} WARNING - Dependency <Task(_PythonDecoratedOperator): prepare_email>, send_email already registered for DAG: example_dag_decorator
[2023-01-14T20:59:34.781+0000] {logging_mixin.py:137} INFO - [2023-01-14T20:59:34.781+0000] {taskmixin.py:205} WARNING - Dependency <Task(EmailOperator): send_email>, prepare_email already registered for DAG: example_dag_decorator
[2023-01-14T20:59:34.870+0000] {processor.py:753} INFO - DAG(s) dict_keys(['example_dag_decorator']) retrieved from /media/prempeh/Nouveau nom/MASTER2/DATA ENGINEERING/airflow/py_env/lib/python3.10/site-packages/airflow/example_dags/example_dag_decorator.py
[2023-01-14T20:59:35.089+0000] {logging_mixin.py:137} INFO - [2023-01-14T20:59:35.089+0000] {dag.py:2676} INFO - Sync 1 DAGs
[2023-01-14T20:59:35.166+0000] {logging_mixin.py:137} INFO - [2023-01-14T20:59:35.165+0000] {dag.py:3423} INFO - Setting next_dagrun for example_dag_decorator to None, run_after=None
[2023-01-14T20:59:35.261+0000] {processor.py:175} INFO - Processing /media/prempeh/Nouveau nom/MASTER2/DATA ENGINEERING/airflow/py_env/lib/python3.10/site-packages/airflow/example_dags/example_dag_decorator.py took 0.635 seconds
[2023-01-14T21:00:33.291+0000] {processor.py:153} INFO - Started process (PID=7266) to work on /media/prempeh/Nouveau nom/MASTER2/DATA ENGINEERING/airflow/py_env/lib/python3.10/site-packages/airflow/example_dags/example_dag_decorator.py
[2023-01-14T21:00:33.294+0000] {processor.py:743} INFO - Processing file /media/prempeh/Nouveau nom/MASTER2/DATA ENGINEERING/airflow/py_env/lib/python3.10/site-packages/airflow/example_dags/example_dag_decorator.py for tasks to queue
[2023-01-14T21:00:33.298+0000] {logging_mixin.py:137} INFO - [2023-01-14T21:00:33.298+0000] {dagbag.py:538} INFO - Filling up the DagBag from /media/prempeh/Nouveau nom/MASTER2/DATA ENGINEERING/airflow/py_env/lib/python3.10/site-packages/airflow/example_dags/example_dag_decorator.py
[2023-01-14T21:00:33.416+0000] {logging_mixin.py:137} INFO - [2023-01-14T21:00:33.416+0000] {taskmixin.py:205} WARNING - Dependency <Task(_PythonDecoratedOperator): prepare_email>, send_email already registered for DAG: example_dag_decorator
[2023-01-14T21:00:33.417+0000] {logging_mixin.py:137} INFO - [2023-01-14T21:00:33.417+0000] {taskmixin.py:205} WARNING - Dependency <Task(EmailOperator): send_email>, prepare_email already registered for DAG: example_dag_decorator
[2023-01-14T21:00:33.526+0000] {processor.py:753} INFO - DAG(s) dict_keys(['example_dag_decorator']) retrieved from /media/prempeh/Nouveau nom/MASTER2/DATA ENGINEERING/airflow/py_env/lib/python3.10/site-packages/airflow/example_dags/example_dag_decorator.py
[2023-01-14T21:00:33.737+0000] {logging_mixin.py:137} INFO - [2023-01-14T21:00:33.736+0000] {dag.py:2676} INFO - Sync 1 DAGs
[2023-01-14T21:00:33.795+0000] {logging_mixin.py:137} INFO - [2023-01-14T21:00:33.794+0000] {dag.py:3423} INFO - Setting next_dagrun for example_dag_decorator to None, run_after=None
[2023-01-14T21:00:33.868+0000] {processor.py:175} INFO - Processing /media/prempeh/Nouveau nom/MASTER2/DATA ENGINEERING/airflow/py_env/lib/python3.10/site-packages/airflow/example_dags/example_dag_decorator.py took 0.586 seconds
[2023-01-14T21:01:30.256+0000] {processor.py:153} INFO - Started process (PID=7313) to work on /media/prempeh/Nouveau nom/MASTER2/DATA ENGINEERING/airflow/py_env/lib/python3.10/site-packages/airflow/example_dags/example_dag_decorator.py
[2023-01-14T21:01:30.259+0000] {processor.py:743} INFO - Processing file /media/prempeh/Nouveau nom/MASTER2/DATA ENGINEERING/airflow/py_env/lib/python3.10/site-packages/airflow/example_dags/example_dag_decorator.py for tasks to queue
[2023-01-14T21:01:30.264+0000] {logging_mixin.py:137} INFO - [2023-01-14T21:01:30.264+0000] {dagbag.py:538} INFO - Filling up the DagBag from /media/prempeh/Nouveau nom/MASTER2/DATA ENGINEERING/airflow/py_env/lib/python3.10/site-packages/airflow/example_dags/example_dag_decorator.py
[2023-01-14T21:01:30.420+0000] {logging_mixin.py:137} INFO - [2023-01-14T21:01:30.420+0000] {taskmixin.py:205} WARNING - Dependency <Task(_PythonDecoratedOperator): prepare_email>, send_email already registered for DAG: example_dag_decorator
[2023-01-14T21:01:30.422+0000] {logging_mixin.py:137} INFO - [2023-01-14T21:01:30.421+0000] {taskmixin.py:205} WARNING - Dependency <Task(EmailOperator): send_email>, prepare_email already registered for DAG: example_dag_decorator
[2023-01-14T21:01:30.523+0000] {processor.py:753} INFO - DAG(s) dict_keys(['example_dag_decorator']) retrieved from /media/prempeh/Nouveau nom/MASTER2/DATA ENGINEERING/airflow/py_env/lib/python3.10/site-packages/airflow/example_dags/example_dag_decorator.py
[2023-01-14T21:01:30.747+0000] {logging_mixin.py:137} INFO - [2023-01-14T21:01:30.747+0000] {dag.py:2676} INFO - Sync 1 DAGs
[2023-01-14T21:01:30.812+0000] {logging_mixin.py:137} INFO - [2023-01-14T21:01:30.812+0000] {dag.py:3423} INFO - Setting next_dagrun for example_dag_decorator to None, run_after=None
[2023-01-14T21:01:30.892+0000] {processor.py:175} INFO - Processing /media/prempeh/Nouveau nom/MASTER2/DATA ENGINEERING/airflow/py_env/lib/python3.10/site-packages/airflow/example_dags/example_dag_decorator.py took 0.644 seconds
[2023-01-14T21:02:44.845+0000] {processor.py:153} INFO - Started process (PID=7397) to work on /media/prempeh/Nouveau nom/MASTER2/DATA ENGINEERING/airflow/py_env/lib/python3.10/site-packages/airflow/example_dags/example_dag_decorator.py
[2023-01-14T21:02:44.848+0000] {processor.py:743} INFO - Processing file /media/prempeh/Nouveau nom/MASTER2/DATA ENGINEERING/airflow/py_env/lib/python3.10/site-packages/airflow/example_dags/example_dag_decorator.py for tasks to queue
[2023-01-14T21:02:44.852+0000] {logging_mixin.py:137} INFO - [2023-01-14T21:02:44.852+0000] {dagbag.py:538} INFO - Filling up the DagBag from /media/prempeh/Nouveau nom/MASTER2/DATA ENGINEERING/airflow/py_env/lib/python3.10/site-packages/airflow/example_dags/example_dag_decorator.py
[2023-01-14T21:02:44.971+0000] {logging_mixin.py:137} INFO - [2023-01-14T21:02:44.970+0000] {taskmixin.py:205} WARNING - Dependency <Task(_PythonDecoratedOperator): prepare_email>, send_email already registered for DAG: example_dag_decorator
[2023-01-14T21:02:44.972+0000] {logging_mixin.py:137} INFO - [2023-01-14T21:02:44.971+0000] {taskmixin.py:205} WARNING - Dependency <Task(EmailOperator): send_email>, prepare_email already registered for DAG: example_dag_decorator
[2023-01-14T21:02:45.067+0000] {processor.py:753} INFO - DAG(s) dict_keys(['example_dag_decorator']) retrieved from /media/prempeh/Nouveau nom/MASTER2/DATA ENGINEERING/airflow/py_env/lib/python3.10/site-packages/airflow/example_dags/example_dag_decorator.py
[2023-01-14T21:02:45.299+0000] {logging_mixin.py:137} INFO - [2023-01-14T21:02:45.299+0000] {dag.py:2676} INFO - Sync 1 DAGs
[2023-01-14T21:02:45.361+0000] {logging_mixin.py:137} INFO - [2023-01-14T21:02:45.361+0000] {dag.py:3423} INFO - Setting next_dagrun for example_dag_decorator to None, run_after=None
[2023-01-14T21:02:45.427+0000] {processor.py:175} INFO - Processing /media/prempeh/Nouveau nom/MASTER2/DATA ENGINEERING/airflow/py_env/lib/python3.10/site-packages/airflow/example_dags/example_dag_decorator.py took 0.590 seconds
[2023-01-14T21:03:38.561+0000] {processor.py:153} INFO - Started process (PID=7449) to work on /media/prempeh/Nouveau nom/MASTER2/DATA ENGINEERING/airflow/py_env/lib/python3.10/site-packages/airflow/example_dags/example_dag_decorator.py
[2023-01-14T21:03:38.569+0000] {processor.py:743} INFO - Processing file /media/prempeh/Nouveau nom/MASTER2/DATA ENGINEERING/airflow/py_env/lib/python3.10/site-packages/airflow/example_dags/example_dag_decorator.py for tasks to queue
[2023-01-14T21:03:38.580+0000] {logging_mixin.py:137} INFO - [2023-01-14T21:03:38.579+0000] {dagbag.py:538} INFO - Filling up the DagBag from /media/prempeh/Nouveau nom/MASTER2/DATA ENGINEERING/airflow/py_env/lib/python3.10/site-packages/airflow/example_dags/example_dag_decorator.py
[2023-01-14T21:03:38.765+0000] {logging_mixin.py:137} INFO - [2023-01-14T21:03:38.764+0000] {taskmixin.py:205} WARNING - Dependency <Task(_PythonDecoratedOperator): prepare_email>, send_email already registered for DAG: example_dag_decorator
[2023-01-14T21:03:38.772+0000] {logging_mixin.py:137} INFO - [2023-01-14T21:03:38.771+0000] {taskmixin.py:205} WARNING - Dependency <Task(EmailOperator): send_email>, prepare_email already registered for DAG: example_dag_decorator
[2023-01-14T21:03:38.924+0000] {processor.py:753} INFO - DAG(s) dict_keys(['example_dag_decorator']) retrieved from /media/prempeh/Nouveau nom/MASTER2/DATA ENGINEERING/airflow/py_env/lib/python3.10/site-packages/airflow/example_dags/example_dag_decorator.py
[2023-01-14T21:03:39.283+0000] {logging_mixin.py:137} INFO - [2023-01-14T21:03:39.282+0000] {dag.py:2676} INFO - Sync 1 DAGs
[2023-01-14T21:03:39.381+0000] {logging_mixin.py:137} INFO - [2023-01-14T21:03:39.380+0000] {dag.py:3423} INFO - Setting next_dagrun for example_dag_decorator to None, run_after=None
[2023-01-14T21:03:39.515+0000] {processor.py:175} INFO - Processing /media/prempeh/Nouveau nom/MASTER2/DATA ENGINEERING/airflow/py_env/lib/python3.10/site-packages/airflow/example_dags/example_dag_decorator.py took 0.964 seconds
[2023-01-14T21:04:44.006+0000] {processor.py:153} INFO - Started process (PID=7512) to work on /media/prempeh/Nouveau nom/MASTER2/DATA ENGINEERING/airflow/py_env/lib/python3.10/site-packages/airflow/example_dags/example_dag_decorator.py
[2023-01-14T21:04:44.010+0000] {processor.py:743} INFO - Processing file /media/prempeh/Nouveau nom/MASTER2/DATA ENGINEERING/airflow/py_env/lib/python3.10/site-packages/airflow/example_dags/example_dag_decorator.py for tasks to queue
[2023-01-14T21:04:44.016+0000] {logging_mixin.py:137} INFO - [2023-01-14T21:04:44.015+0000] {dagbag.py:538} INFO - Filling up the DagBag from /media/prempeh/Nouveau nom/MASTER2/DATA ENGINEERING/airflow/py_env/lib/python3.10/site-packages/airflow/example_dags/example_dag_decorator.py
[2023-01-14T21:04:44.180+0000] {logging_mixin.py:137} INFO - [2023-01-14T21:04:44.179+0000] {taskmixin.py:205} WARNING - Dependency <Task(_PythonDecoratedOperator): prepare_email>, send_email already registered for DAG: example_dag_decorator
[2023-01-14T21:04:44.182+0000] {logging_mixin.py:137} INFO - [2023-01-14T21:04:44.181+0000] {taskmixin.py:205} WARNING - Dependency <Task(EmailOperator): send_email>, prepare_email already registered for DAG: example_dag_decorator
[2023-01-14T21:04:44.322+0000] {processor.py:753} INFO - DAG(s) dict_keys(['example_dag_decorator']) retrieved from /media/prempeh/Nouveau nom/MASTER2/DATA ENGINEERING/airflow/py_env/lib/python3.10/site-packages/airflow/example_dags/example_dag_decorator.py
[2023-01-14T21:04:44.589+0000] {logging_mixin.py:137} INFO - [2023-01-14T21:04:44.589+0000] {dag.py:2676} INFO - Sync 1 DAGs
[2023-01-14T21:04:44.648+0000] {logging_mixin.py:137} INFO - [2023-01-14T21:04:44.647+0000] {dag.py:3423} INFO - Setting next_dagrun for example_dag_decorator to None, run_after=None
[2023-01-14T21:04:44.719+0000] {processor.py:175} INFO - Processing /media/prempeh/Nouveau nom/MASTER2/DATA ENGINEERING/airflow/py_env/lib/python3.10/site-packages/airflow/example_dags/example_dag_decorator.py took 0.726 seconds
[2023-01-14T21:05:42.558+0000] {processor.py:153} INFO - Started process (PID=7564) to work on /media/prempeh/Nouveau nom/MASTER2/DATA ENGINEERING/airflow/py_env/lib/python3.10/site-packages/airflow/example_dags/example_dag_decorator.py
[2023-01-14T21:05:42.561+0000] {processor.py:743} INFO - Processing file /media/prempeh/Nouveau nom/MASTER2/DATA ENGINEERING/airflow/py_env/lib/python3.10/site-packages/airflow/example_dags/example_dag_decorator.py for tasks to queue
[2023-01-14T21:05:42.566+0000] {logging_mixin.py:137} INFO - [2023-01-14T21:05:42.566+0000] {dagbag.py:538} INFO - Filling up the DagBag from /media/prempeh/Nouveau nom/MASTER2/DATA ENGINEERING/airflow/py_env/lib/python3.10/site-packages/airflow/example_dags/example_dag_decorator.py
[2023-01-14T21:05:42.754+0000] {logging_mixin.py:137} INFO - [2023-01-14T21:05:42.751+0000] {taskmixin.py:205} WARNING - Dependency <Task(_PythonDecoratedOperator): prepare_email>, send_email already registered for DAG: example_dag_decorator
[2023-01-14T21:05:42.756+0000] {logging_mixin.py:137} INFO - [2023-01-14T21:05:42.755+0000] {taskmixin.py:205} WARNING - Dependency <Task(EmailOperator): send_email>, prepare_email already registered for DAG: example_dag_decorator
[2023-01-14T21:05:42.937+0000] {processor.py:753} INFO - DAG(s) dict_keys(['example_dag_decorator']) retrieved from /media/prempeh/Nouveau nom/MASTER2/DATA ENGINEERING/airflow/py_env/lib/python3.10/site-packages/airflow/example_dags/example_dag_decorator.py
[2023-01-14T21:05:43.278+0000] {logging_mixin.py:137} INFO - [2023-01-14T21:05:43.277+0000] {dag.py:2676} INFO - Sync 1 DAGs
[2023-01-14T21:05:43.344+0000] {logging_mixin.py:137} INFO - [2023-01-14T21:05:43.343+0000] {dag.py:3423} INFO - Setting next_dagrun for example_dag_decorator to None, run_after=None
[2023-01-14T21:05:43.425+0000] {processor.py:175} INFO - Processing /media/prempeh/Nouveau nom/MASTER2/DATA ENGINEERING/airflow/py_env/lib/python3.10/site-packages/airflow/example_dags/example_dag_decorator.py took 0.880 seconds
[2023-01-14T21:06:48.270+0000] {processor.py:153} INFO - Started process (PID=7798) to work on /media/prempeh/Nouveau nom/MASTER2/DATA ENGINEERING/airflow/py_env/lib/python3.10/site-packages/airflow/example_dags/example_dag_decorator.py
[2023-01-14T21:06:48.272+0000] {processor.py:743} INFO - Processing file /media/prempeh/Nouveau nom/MASTER2/DATA ENGINEERING/airflow/py_env/lib/python3.10/site-packages/airflow/example_dags/example_dag_decorator.py for tasks to queue
[2023-01-14T21:06:48.276+0000] {logging_mixin.py:137} INFO - [2023-01-14T21:06:48.276+0000] {dagbag.py:538} INFO - Filling up the DagBag from /media/prempeh/Nouveau nom/MASTER2/DATA ENGINEERING/airflow/py_env/lib/python3.10/site-packages/airflow/example_dags/example_dag_decorator.py
[2023-01-14T21:06:48.393+0000] {logging_mixin.py:137} INFO - [2023-01-14T21:06:48.392+0000] {taskmixin.py:205} WARNING - Dependency <Task(_PythonDecoratedOperator): prepare_email>, send_email already registered for DAG: example_dag_decorator
[2023-01-14T21:06:48.394+0000] {logging_mixin.py:137} INFO - [2023-01-14T21:06:48.394+0000] {taskmixin.py:205} WARNING - Dependency <Task(EmailOperator): send_email>, prepare_email already registered for DAG: example_dag_decorator
[2023-01-14T21:06:48.487+0000] {processor.py:753} INFO - DAG(s) dict_keys(['example_dag_decorator']) retrieved from /media/prempeh/Nouveau nom/MASTER2/DATA ENGINEERING/airflow/py_env/lib/python3.10/site-packages/airflow/example_dags/example_dag_decorator.py
[2023-01-14T21:06:48.710+0000] {logging_mixin.py:137} INFO - [2023-01-14T21:06:48.709+0000] {dag.py:2676} INFO - Sync 1 DAGs
[2023-01-14T21:06:48.769+0000] {logging_mixin.py:137} INFO - [2023-01-14T21:06:48.768+0000] {dag.py:3423} INFO - Setting next_dagrun for example_dag_decorator to None, run_after=None
[2023-01-14T21:06:48.845+0000] {processor.py:175} INFO - Processing /media/prempeh/Nouveau nom/MASTER2/DATA ENGINEERING/airflow/py_env/lib/python3.10/site-packages/airflow/example_dags/example_dag_decorator.py took 0.583 seconds
[2023-01-14T21:08:28.844+0000] {processor.py:153} INFO - Started process (PID=8067) to work on /media/prempeh/Nouveau nom/MASTER2/DATA ENGINEERING/airflow/py_env/lib/python3.10/site-packages/airflow/example_dags/example_dag_decorator.py
[2023-01-14T21:08:28.847+0000] {processor.py:743} INFO - Processing file /media/prempeh/Nouveau nom/MASTER2/DATA ENGINEERING/airflow/py_env/lib/python3.10/site-packages/airflow/example_dags/example_dag_decorator.py for tasks to queue
[2023-01-14T21:08:28.851+0000] {logging_mixin.py:137} INFO - [2023-01-14T21:08:28.851+0000] {dagbag.py:538} INFO - Filling up the DagBag from /media/prempeh/Nouveau nom/MASTER2/DATA ENGINEERING/airflow/py_env/lib/python3.10/site-packages/airflow/example_dags/example_dag_decorator.py
[2023-01-14T21:08:28.975+0000] {logging_mixin.py:137} INFO - [2023-01-14T21:08:28.975+0000] {taskmixin.py:205} WARNING - Dependency <Task(_PythonDecoratedOperator): prepare_email>, send_email already registered for DAG: example_dag_decorator
[2023-01-14T21:08:28.976+0000] {logging_mixin.py:137} INFO - [2023-01-14T21:08:28.976+0000] {taskmixin.py:205} WARNING - Dependency <Task(EmailOperator): send_email>, prepare_email already registered for DAG: example_dag_decorator
[2023-01-14T21:08:29.071+0000] {processor.py:753} INFO - DAG(s) dict_keys(['example_dag_decorator']) retrieved from /media/prempeh/Nouveau nom/MASTER2/DATA ENGINEERING/airflow/py_env/lib/python3.10/site-packages/airflow/example_dags/example_dag_decorator.py
[2023-01-14T21:08:29.298+0000] {logging_mixin.py:137} INFO - [2023-01-14T21:08:29.297+0000] {dag.py:2676} INFO - Sync 1 DAGs
[2023-01-14T21:08:29.353+0000] {logging_mixin.py:137} INFO - [2023-01-14T21:08:29.352+0000] {dag.py:3423} INFO - Setting next_dagrun for example_dag_decorator to None, run_after=None
[2023-01-14T21:08:29.429+0000] {processor.py:175} INFO - Processing /media/prempeh/Nouveau nom/MASTER2/DATA ENGINEERING/airflow/py_env/lib/python3.10/site-packages/airflow/example_dags/example_dag_decorator.py took 0.595 seconds
[2023-01-14T21:09:29.703+0000] {processor.py:153} INFO - Started process (PID=8114) to work on /media/prempeh/Nouveau nom/MASTER2/DATA ENGINEERING/airflow/py_env/lib/python3.10/site-packages/airflow/example_dags/example_dag_decorator.py
[2023-01-14T21:09:29.706+0000] {processor.py:743} INFO - Processing file /media/prempeh/Nouveau nom/MASTER2/DATA ENGINEERING/airflow/py_env/lib/python3.10/site-packages/airflow/example_dags/example_dag_decorator.py for tasks to queue
[2023-01-14T21:09:29.710+0000] {logging_mixin.py:137} INFO - [2023-01-14T21:09:29.710+0000] {dagbag.py:538} INFO - Filling up the DagBag from /media/prempeh/Nouveau nom/MASTER2/DATA ENGINEERING/airflow/py_env/lib/python3.10/site-packages/airflow/example_dags/example_dag_decorator.py
[2023-01-14T21:09:29.821+0000] {logging_mixin.py:137} INFO - [2023-01-14T21:09:29.820+0000] {taskmixin.py:205} WARNING - Dependency <Task(_PythonDecoratedOperator): prepare_email>, send_email already registered for DAG: example_dag_decorator
[2023-01-14T21:09:29.822+0000] {logging_mixin.py:137} INFO - [2023-01-14T21:09:29.821+0000] {taskmixin.py:205} WARNING - Dependency <Task(EmailOperator): send_email>, prepare_email already registered for DAG: example_dag_decorator
[2023-01-14T21:09:29.916+0000] {processor.py:753} INFO - DAG(s) dict_keys(['example_dag_decorator']) retrieved from /media/prempeh/Nouveau nom/MASTER2/DATA ENGINEERING/airflow/py_env/lib/python3.10/site-packages/airflow/example_dags/example_dag_decorator.py
[2023-01-14T21:09:30.127+0000] {logging_mixin.py:137} INFO - [2023-01-14T21:09:30.127+0000] {dag.py:2676} INFO - Sync 1 DAGs
[2023-01-14T21:09:30.183+0000] {logging_mixin.py:137} INFO - [2023-01-14T21:09:30.183+0000] {dag.py:3423} INFO - Setting next_dagrun for example_dag_decorator to None, run_after=None
[2023-01-14T21:09:30.256+0000] {processor.py:175} INFO - Processing /media/prempeh/Nouveau nom/MASTER2/DATA ENGINEERING/airflow/py_env/lib/python3.10/site-packages/airflow/example_dags/example_dag_decorator.py took 0.563 seconds
[2023-01-14T21:10:30.393+0000] {processor.py:153} INFO - Started process (PID=8161) to work on /media/prempeh/Nouveau nom/MASTER2/DATA ENGINEERING/airflow/py_env/lib/python3.10/site-packages/airflow/example_dags/example_dag_decorator.py
[2023-01-14T21:10:30.396+0000] {processor.py:743} INFO - Processing file /media/prempeh/Nouveau nom/MASTER2/DATA ENGINEERING/airflow/py_env/lib/python3.10/site-packages/airflow/example_dags/example_dag_decorator.py for tasks to queue
[2023-01-14T21:10:30.405+0000] {logging_mixin.py:137} INFO - [2023-01-14T21:10:30.404+0000] {dagbag.py:538} INFO - Filling up the DagBag from /media/prempeh/Nouveau nom/MASTER2/DATA ENGINEERING/airflow/py_env/lib/python3.10/site-packages/airflow/example_dags/example_dag_decorator.py
[2023-01-14T21:10:30.560+0000] {logging_mixin.py:137} INFO - [2023-01-14T21:10:30.559+0000] {taskmixin.py:205} WARNING - Dependency <Task(_PythonDecoratedOperator): prepare_email>, send_email already registered for DAG: example_dag_decorator
[2023-01-14T21:10:30.562+0000] {logging_mixin.py:137} INFO - [2023-01-14T21:10:30.561+0000] {taskmixin.py:205} WARNING - Dependency <Task(EmailOperator): send_email>, prepare_email already registered for DAG: example_dag_decorator
[2023-01-14T21:10:30.700+0000] {processor.py:753} INFO - DAG(s) dict_keys(['example_dag_decorator']) retrieved from /media/prempeh/Nouveau nom/MASTER2/DATA ENGINEERING/airflow/py_env/lib/python3.10/site-packages/airflow/example_dags/example_dag_decorator.py
[2023-01-14T21:10:30.983+0000] {logging_mixin.py:137} INFO - [2023-01-14T21:10:30.983+0000] {dag.py:2676} INFO - Sync 1 DAGs
[2023-01-14T21:10:31.040+0000] {logging_mixin.py:137} INFO - [2023-01-14T21:10:31.039+0000] {dag.py:3423} INFO - Setting next_dagrun for example_dag_decorator to None, run_after=None
[2023-01-14T21:10:31.112+0000] {processor.py:175} INFO - Processing /media/prempeh/Nouveau nom/MASTER2/DATA ENGINEERING/airflow/py_env/lib/python3.10/site-packages/airflow/example_dags/example_dag_decorator.py took 0.731 seconds
[2023-01-14T21:11:33.519+0000] {processor.py:153} INFO - Started process (PID=8210) to work on /media/prempeh/Nouveau nom/MASTER2/DATA ENGINEERING/airflow/py_env/lib/python3.10/site-packages/airflow/example_dags/example_dag_decorator.py
[2023-01-14T21:11:33.521+0000] {processor.py:743} INFO - Processing file /media/prempeh/Nouveau nom/MASTER2/DATA ENGINEERING/airflow/py_env/lib/python3.10/site-packages/airflow/example_dags/example_dag_decorator.py for tasks to queue
[2023-01-14T21:11:33.526+0000] {logging_mixin.py:137} INFO - [2023-01-14T21:11:33.525+0000] {dagbag.py:538} INFO - Filling up the DagBag from /media/prempeh/Nouveau nom/MASTER2/DATA ENGINEERING/airflow/py_env/lib/python3.10/site-packages/airflow/example_dags/example_dag_decorator.py
[2023-01-14T21:11:33.635+0000] {logging_mixin.py:137} INFO - [2023-01-14T21:11:33.634+0000] {taskmixin.py:205} WARNING - Dependency <Task(_PythonDecoratedOperator): prepare_email>, send_email already registered for DAG: example_dag_decorator
[2023-01-14T21:11:33.636+0000] {logging_mixin.py:137} INFO - [2023-01-14T21:11:33.636+0000] {taskmixin.py:205} WARNING - Dependency <Task(EmailOperator): send_email>, prepare_email already registered for DAG: example_dag_decorator
[2023-01-14T21:11:33.738+0000] {processor.py:753} INFO - DAG(s) dict_keys(['example_dag_decorator']) retrieved from /media/prempeh/Nouveau nom/MASTER2/DATA ENGINEERING/airflow/py_env/lib/python3.10/site-packages/airflow/example_dags/example_dag_decorator.py
[2023-01-14T21:11:33.962+0000] {logging_mixin.py:137} INFO - [2023-01-14T21:11:33.962+0000] {dag.py:2676} INFO - Sync 1 DAGs
[2023-01-14T21:11:34.017+0000] {logging_mixin.py:137} INFO - [2023-01-14T21:11:34.017+0000] {dag.py:3423} INFO - Setting next_dagrun for example_dag_decorator to None, run_after=None
[2023-01-14T21:11:34.096+0000] {processor.py:175} INFO - Processing /media/prempeh/Nouveau nom/MASTER2/DATA ENGINEERING/airflow/py_env/lib/python3.10/site-packages/airflow/example_dags/example_dag_decorator.py took 0.586 seconds
[2023-01-14T21:12:43.193+0000] {processor.py:153} INFO - Started process (PID=8254) to work on /media/prempeh/Nouveau nom/MASTER2/DATA ENGINEERING/airflow/py_env/lib/python3.10/site-packages/airflow/example_dags/example_dag_decorator.py
[2023-01-14T21:12:43.196+0000] {processor.py:743} INFO - Processing file /media/prempeh/Nouveau nom/MASTER2/DATA ENGINEERING/airflow/py_env/lib/python3.10/site-packages/airflow/example_dags/example_dag_decorator.py for tasks to queue
[2023-01-14T21:12:43.202+0000] {logging_mixin.py:137} INFO - [2023-01-14T21:12:43.201+0000] {dagbag.py:538} INFO - Filling up the DagBag from /media/prempeh/Nouveau nom/MASTER2/DATA ENGINEERING/airflow/py_env/lib/python3.10/site-packages/airflow/example_dags/example_dag_decorator.py
[2023-01-14T21:12:43.326+0000] {logging_mixin.py:137} INFO - [2023-01-14T21:12:43.326+0000] {taskmixin.py:205} WARNING - Dependency <Task(_PythonDecoratedOperator): prepare_email>, send_email already registered for DAG: example_dag_decorator
[2023-01-14T21:12:43.327+0000] {logging_mixin.py:137} INFO - [2023-01-14T21:12:43.327+0000] {taskmixin.py:205} WARNING - Dependency <Task(EmailOperator): send_email>, prepare_email already registered for DAG: example_dag_decorator
[2023-01-14T21:12:43.437+0000] {processor.py:753} INFO - DAG(s) dict_keys(['example_dag_decorator']) retrieved from /media/prempeh/Nouveau nom/MASTER2/DATA ENGINEERING/airflow/py_env/lib/python3.10/site-packages/airflow/example_dags/example_dag_decorator.py
[2023-01-14T21:12:43.652+0000] {logging_mixin.py:137} INFO - [2023-01-14T21:12:43.652+0000] {dag.py:2676} INFO - Sync 1 DAGs
[2023-01-14T21:12:43.713+0000] {logging_mixin.py:137} INFO - [2023-01-14T21:12:43.712+0000] {dag.py:3423} INFO - Setting next_dagrun for example_dag_decorator to None, run_after=None
[2023-01-14T21:12:43.787+0000] {processor.py:175} INFO - Processing /media/prempeh/Nouveau nom/MASTER2/DATA ENGINEERING/airflow/py_env/lib/python3.10/site-packages/airflow/example_dags/example_dag_decorator.py took 0.605 seconds
[2023-01-14T21:13:58.096+0000] {processor.py:153} INFO - Started process (PID=8307) to work on /media/prempeh/Nouveau nom/MASTER2/DATA ENGINEERING/airflow/py_env/lib/python3.10/site-packages/airflow/example_dags/example_dag_decorator.py
[2023-01-14T21:13:58.098+0000] {processor.py:743} INFO - Processing file /media/prempeh/Nouveau nom/MASTER2/DATA ENGINEERING/airflow/py_env/lib/python3.10/site-packages/airflow/example_dags/example_dag_decorator.py for tasks to queue
[2023-01-14T21:13:58.102+0000] {logging_mixin.py:137} INFO - [2023-01-14T21:13:58.102+0000] {dagbag.py:538} INFO - Filling up the DagBag from /media/prempeh/Nouveau nom/MASTER2/DATA ENGINEERING/airflow/py_env/lib/python3.10/site-packages/airflow/example_dags/example_dag_decorator.py
[2023-01-14T21:13:58.220+0000] {logging_mixin.py:137} INFO - [2023-01-14T21:13:58.219+0000] {taskmixin.py:205} WARNING - Dependency <Task(_PythonDecoratedOperator): prepare_email>, send_email already registered for DAG: example_dag_decorator
[2023-01-14T21:13:58.221+0000] {logging_mixin.py:137} INFO - [2023-01-14T21:13:58.221+0000] {taskmixin.py:205} WARNING - Dependency <Task(EmailOperator): send_email>, prepare_email already registered for DAG: example_dag_decorator
[2023-01-14T21:13:58.318+0000] {processor.py:753} INFO - DAG(s) dict_keys(['example_dag_decorator']) retrieved from /media/prempeh/Nouveau nom/MASTER2/DATA ENGINEERING/airflow/py_env/lib/python3.10/site-packages/airflow/example_dags/example_dag_decorator.py
[2023-01-14T21:13:58.549+0000] {logging_mixin.py:137} INFO - [2023-01-14T21:13:58.548+0000] {dag.py:2676} INFO - Sync 1 DAGs
[2023-01-14T21:13:58.607+0000] {logging_mixin.py:137} INFO - [2023-01-14T21:13:58.607+0000] {dag.py:3423} INFO - Setting next_dagrun for example_dag_decorator to None, run_after=None
[2023-01-14T21:13:58.679+0000] {processor.py:175} INFO - Processing /media/prempeh/Nouveau nom/MASTER2/DATA ENGINEERING/airflow/py_env/lib/python3.10/site-packages/airflow/example_dags/example_dag_decorator.py took 0.592 seconds
[2023-01-14T21:15:05.684+0000] {processor.py:153} INFO - Started process (PID=8472) to work on /media/prempeh/Nouveau nom/MASTER2/DATA ENGINEERING/airflow/py_env/lib/python3.10/site-packages/airflow/example_dags/example_dag_decorator.py
[2023-01-14T21:15:05.688+0000] {processor.py:743} INFO - Processing file /media/prempeh/Nouveau nom/MASTER2/DATA ENGINEERING/airflow/py_env/lib/python3.10/site-packages/airflow/example_dags/example_dag_decorator.py for tasks to queue
[2023-01-14T21:15:05.697+0000] {logging_mixin.py:137} INFO - [2023-01-14T21:15:05.696+0000] {dagbag.py:538} INFO - Filling up the DagBag from /media/prempeh/Nouveau nom/MASTER2/DATA ENGINEERING/airflow/py_env/lib/python3.10/site-packages/airflow/example_dags/example_dag_decorator.py
[2023-01-14T21:15:05.899+0000] {logging_mixin.py:137} INFO - [2023-01-14T21:15:05.898+0000] {taskmixin.py:205} WARNING - Dependency <Task(_PythonDecoratedOperator): prepare_email>, send_email already registered for DAG: example_dag_decorator
[2023-01-14T21:15:05.901+0000] {logging_mixin.py:137} INFO - [2023-01-14T21:15:05.900+0000] {taskmixin.py:205} WARNING - Dependency <Task(EmailOperator): send_email>, prepare_email already registered for DAG: example_dag_decorator
[2023-01-14T21:15:06.129+0000] {processor.py:753} INFO - DAG(s) dict_keys(['example_dag_decorator']) retrieved from /media/prempeh/Nouveau nom/MASTER2/DATA ENGINEERING/airflow/py_env/lib/python3.10/site-packages/airflow/example_dags/example_dag_decorator.py
[2023-01-14T21:15:06.659+0000] {logging_mixin.py:137} INFO - [2023-01-14T21:15:06.658+0000] {dag.py:2676} INFO - Sync 1 DAGs
[2023-01-14T21:15:06.771+0000] {logging_mixin.py:137} INFO - [2023-01-14T21:15:06.770+0000] {dag.py:3423} INFO - Setting next_dagrun for example_dag_decorator to None, run_after=None
[2023-01-14T21:15:06.907+0000] {processor.py:175} INFO - Processing /media/prempeh/Nouveau nom/MASTER2/DATA ENGINEERING/airflow/py_env/lib/python3.10/site-packages/airflow/example_dags/example_dag_decorator.py took 1.240 seconds
[2023-01-14T21:16:17.905+0000] {processor.py:153} INFO - Started process (PID=9031) to work on /media/prempeh/Nouveau nom/MASTER2/DATA ENGINEERING/airflow/py_env/lib/python3.10/site-packages/airflow/example_dags/example_dag_decorator.py
[2023-01-14T21:16:17.908+0000] {processor.py:743} INFO - Processing file /media/prempeh/Nouveau nom/MASTER2/DATA ENGINEERING/airflow/py_env/lib/python3.10/site-packages/airflow/example_dags/example_dag_decorator.py for tasks to queue
[2023-01-14T21:16:17.912+0000] {logging_mixin.py:137} INFO - [2023-01-14T21:16:17.911+0000] {dagbag.py:538} INFO - Filling up the DagBag from /media/prempeh/Nouveau nom/MASTER2/DATA ENGINEERING/airflow/py_env/lib/python3.10/site-packages/airflow/example_dags/example_dag_decorator.py
[2023-01-14T21:16:18.037+0000] {logging_mixin.py:137} INFO - [2023-01-14T21:16:18.036+0000] {taskmixin.py:205} WARNING - Dependency <Task(_PythonDecoratedOperator): prepare_email>, send_email already registered for DAG: example_dag_decorator
[2023-01-14T21:16:18.038+0000] {logging_mixin.py:137} INFO - [2023-01-14T21:16:18.038+0000] {taskmixin.py:205} WARNING - Dependency <Task(EmailOperator): send_email>, prepare_email already registered for DAG: example_dag_decorator
[2023-01-14T21:16:18.246+0000] {processor.py:753} INFO - DAG(s) dict_keys(['example_dag_decorator']) retrieved from /media/prempeh/Nouveau nom/MASTER2/DATA ENGINEERING/airflow/py_env/lib/python3.10/site-packages/airflow/example_dags/example_dag_decorator.py
[2023-01-14T21:16:18.562+0000] {logging_mixin.py:137} INFO - [2023-01-14T21:16:18.562+0000] {dag.py:2676} INFO - Sync 1 DAGs
[2023-01-14T21:16:18.632+0000] {logging_mixin.py:137} INFO - [2023-01-14T21:16:18.632+0000] {dag.py:3423} INFO - Setting next_dagrun for example_dag_decorator to None, run_after=None
[2023-01-14T21:16:18.723+0000] {processor.py:175} INFO - Processing /media/prempeh/Nouveau nom/MASTER2/DATA ENGINEERING/airflow/py_env/lib/python3.10/site-packages/airflow/example_dags/example_dag_decorator.py took 0.827 seconds
[2023-01-14T21:17:31.032+0000] {processor.py:153} INFO - Started process (PID=9159) to work on /media/prempeh/Nouveau nom/MASTER2/DATA ENGINEERING/airflow/py_env/lib/python3.10/site-packages/airflow/example_dags/example_dag_decorator.py
[2023-01-14T21:17:31.035+0000] {processor.py:743} INFO - Processing file /media/prempeh/Nouveau nom/MASTER2/DATA ENGINEERING/airflow/py_env/lib/python3.10/site-packages/airflow/example_dags/example_dag_decorator.py for tasks to queue
[2023-01-14T21:17:31.039+0000] {logging_mixin.py:137} INFO - [2023-01-14T21:17:31.039+0000] {dagbag.py:538} INFO - Filling up the DagBag from /media/prempeh/Nouveau nom/MASTER2/DATA ENGINEERING/airflow/py_env/lib/python3.10/site-packages/airflow/example_dags/example_dag_decorator.py
[2023-01-14T21:17:31.170+0000] {logging_mixin.py:137} INFO - [2023-01-14T21:17:31.169+0000] {taskmixin.py:205} WARNING - Dependency <Task(_PythonDecoratedOperator): prepare_email>, send_email already registered for DAG: example_dag_decorator
[2023-01-14T21:17:31.171+0000] {logging_mixin.py:137} INFO - [2023-01-14T21:17:31.170+0000] {taskmixin.py:205} WARNING - Dependency <Task(EmailOperator): send_email>, prepare_email already registered for DAG: example_dag_decorator
[2023-01-14T21:17:31.275+0000] {processor.py:753} INFO - DAG(s) dict_keys(['example_dag_decorator']) retrieved from /media/prempeh/Nouveau nom/MASTER2/DATA ENGINEERING/airflow/py_env/lib/python3.10/site-packages/airflow/example_dags/example_dag_decorator.py
[2023-01-14T21:17:31.516+0000] {logging_mixin.py:137} INFO - [2023-01-14T21:17:31.515+0000] {dag.py:2676} INFO - Sync 1 DAGs
[2023-01-14T21:17:31.572+0000] {logging_mixin.py:137} INFO - [2023-01-14T21:17:31.572+0000] {dag.py:3423} INFO - Setting next_dagrun for example_dag_decorator to None, run_after=None
[2023-01-14T21:17:31.653+0000] {processor.py:175} INFO - Processing /media/prempeh/Nouveau nom/MASTER2/DATA ENGINEERING/airflow/py_env/lib/python3.10/site-packages/airflow/example_dags/example_dag_decorator.py took 0.632 seconds
[2023-01-14T21:18:42.028+0000] {processor.py:153} INFO - Started process (PID=9382) to work on /media/prempeh/Nouveau nom/MASTER2/DATA ENGINEERING/airflow/py_env/lib/python3.10/site-packages/airflow/example_dags/example_dag_decorator.py
[2023-01-14T21:18:42.031+0000] {processor.py:743} INFO - Processing file /media/prempeh/Nouveau nom/MASTER2/DATA ENGINEERING/airflow/py_env/lib/python3.10/site-packages/airflow/example_dags/example_dag_decorator.py for tasks to queue
[2023-01-14T21:18:42.034+0000] {logging_mixin.py:137} INFO - [2023-01-14T21:18:42.034+0000] {dagbag.py:538} INFO - Filling up the DagBag from /media/prempeh/Nouveau nom/MASTER2/DATA ENGINEERING/airflow/py_env/lib/python3.10/site-packages/airflow/example_dags/example_dag_decorator.py
[2023-01-14T21:18:42.129+0000] {logging_mixin.py:137} INFO - [2023-01-14T21:18:42.128+0000] {taskmixin.py:205} WARNING - Dependency <Task(_PythonDecoratedOperator): prepare_email>, send_email already registered for DAG: example_dag_decorator
[2023-01-14T21:18:42.130+0000] {logging_mixin.py:137} INFO - [2023-01-14T21:18:42.130+0000] {taskmixin.py:205} WARNING - Dependency <Task(EmailOperator): send_email>, prepare_email already registered for DAG: example_dag_decorator
[2023-01-14T21:18:42.216+0000] {processor.py:753} INFO - DAG(s) dict_keys(['example_dag_decorator']) retrieved from /media/prempeh/Nouveau nom/MASTER2/DATA ENGINEERING/airflow/py_env/lib/python3.10/site-packages/airflow/example_dags/example_dag_decorator.py
[2023-01-14T21:18:42.424+0000] {logging_mixin.py:137} INFO - [2023-01-14T21:18:42.423+0000] {dag.py:2676} INFO - Sync 1 DAGs
[2023-01-14T21:18:42.493+0000] {logging_mixin.py:137} INFO - [2023-01-14T21:18:42.492+0000] {dag.py:3423} INFO - Setting next_dagrun for example_dag_decorator to None, run_after=None
[2023-01-14T21:18:42.584+0000] {processor.py:175} INFO - Processing /media/prempeh/Nouveau nom/MASTER2/DATA ENGINEERING/airflow/py_env/lib/python3.10/site-packages/airflow/example_dags/example_dag_decorator.py took 0.563 seconds
[2023-01-14T21:19:57.051+0000] {processor.py:153} INFO - Started process (PID=9690) to work on /media/prempeh/Nouveau nom/MASTER2/DATA ENGINEERING/airflow/py_env/lib/python3.10/site-packages/airflow/example_dags/example_dag_decorator.py
[2023-01-14T21:19:57.055+0000] {processor.py:743} INFO - Processing file /media/prempeh/Nouveau nom/MASTER2/DATA ENGINEERING/airflow/py_env/lib/python3.10/site-packages/airflow/example_dags/example_dag_decorator.py for tasks to queue
[2023-01-14T21:19:57.061+0000] {logging_mixin.py:137} INFO - [2023-01-14T21:19:57.060+0000] {dagbag.py:538} INFO - Filling up the DagBag from /media/prempeh/Nouveau nom/MASTER2/DATA ENGINEERING/airflow/py_env/lib/python3.10/site-packages/airflow/example_dags/example_dag_decorator.py
[2023-01-14T21:19:57.225+0000] {logging_mixin.py:137} INFO - [2023-01-14T21:19:57.225+0000] {taskmixin.py:205} WARNING - Dependency <Task(_PythonDecoratedOperator): prepare_email>, send_email already registered for DAG: example_dag_decorator
[2023-01-14T21:19:57.226+0000] {logging_mixin.py:137} INFO - [2023-01-14T21:19:57.226+0000] {taskmixin.py:205} WARNING - Dependency <Task(EmailOperator): send_email>, prepare_email already registered for DAG: example_dag_decorator
[2023-01-14T21:19:57.329+0000] {processor.py:753} INFO - DAG(s) dict_keys(['example_dag_decorator']) retrieved from /media/prempeh/Nouveau nom/MASTER2/DATA ENGINEERING/airflow/py_env/lib/python3.10/site-packages/airflow/example_dags/example_dag_decorator.py
[2023-01-14T21:19:57.592+0000] {logging_mixin.py:137} INFO - [2023-01-14T21:19:57.591+0000] {dag.py:2676} INFO - Sync 1 DAGs
[2023-01-14T21:19:57.651+0000] {logging_mixin.py:137} INFO - [2023-01-14T21:19:57.651+0000] {dag.py:3423} INFO - Setting next_dagrun for example_dag_decorator to None, run_after=None
[2023-01-14T21:19:57.719+0000] {processor.py:175} INFO - Processing /media/prempeh/Nouveau nom/MASTER2/DATA ENGINEERING/airflow/py_env/lib/python3.10/site-packages/airflow/example_dags/example_dag_decorator.py took 0.678 seconds
[2023-01-14T21:21:05.766+0000] {processor.py:153} INFO - Started process (PID=9816) to work on /media/prempeh/Nouveau nom/MASTER2/DATA ENGINEERING/airflow/py_env/lib/python3.10/site-packages/airflow/example_dags/example_dag_decorator.py
[2023-01-14T21:21:05.769+0000] {processor.py:743} INFO - Processing file /media/prempeh/Nouveau nom/MASTER2/DATA ENGINEERING/airflow/py_env/lib/python3.10/site-packages/airflow/example_dags/example_dag_decorator.py for tasks to queue
[2023-01-14T21:21:05.773+0000] {logging_mixin.py:137} INFO - [2023-01-14T21:21:05.773+0000] {dagbag.py:538} INFO - Filling up the DagBag from /media/prempeh/Nouveau nom/MASTER2/DATA ENGINEERING/airflow/py_env/lib/python3.10/site-packages/airflow/example_dags/example_dag_decorator.py
[2023-01-14T21:21:05.898+0000] {logging_mixin.py:137} INFO - [2023-01-14T21:21:05.897+0000] {taskmixin.py:205} WARNING - Dependency <Task(_PythonDecoratedOperator): prepare_email>, send_email already registered for DAG: example_dag_decorator
[2023-01-14T21:21:05.900+0000] {logging_mixin.py:137} INFO - [2023-01-14T21:21:05.899+0000] {taskmixin.py:205} WARNING - Dependency <Task(EmailOperator): send_email>, prepare_email already registered for DAG: example_dag_decorator
[2023-01-14T21:21:06.008+0000] {processor.py:753} INFO - DAG(s) dict_keys(['example_dag_decorator']) retrieved from /media/prempeh/Nouveau nom/MASTER2/DATA ENGINEERING/airflow/py_env/lib/python3.10/site-packages/airflow/example_dags/example_dag_decorator.py
[2023-01-14T21:21:06.253+0000] {logging_mixin.py:137} INFO - [2023-01-14T21:21:06.252+0000] {dag.py:2676} INFO - Sync 1 DAGs
[2023-01-14T21:21:06.320+0000] {logging_mixin.py:137} INFO - [2023-01-14T21:21:06.320+0000] {dag.py:3423} INFO - Setting next_dagrun for example_dag_decorator to None, run_after=None
[2023-01-14T21:21:06.401+0000] {processor.py:175} INFO - Processing /media/prempeh/Nouveau nom/MASTER2/DATA ENGINEERING/airflow/py_env/lib/python3.10/site-packages/airflow/example_dags/example_dag_decorator.py took 0.645 seconds
[2023-01-14T21:22:16.649+0000] {processor.py:153} INFO - Started process (PID=10023) to work on /media/prempeh/Nouveau nom/MASTER2/DATA ENGINEERING/airflow/py_env/lib/python3.10/site-packages/airflow/example_dags/example_dag_decorator.py
[2023-01-14T21:22:16.651+0000] {processor.py:743} INFO - Processing file /media/prempeh/Nouveau nom/MASTER2/DATA ENGINEERING/airflow/py_env/lib/python3.10/site-packages/airflow/example_dags/example_dag_decorator.py for tasks to queue
[2023-01-14T21:22:16.659+0000] {logging_mixin.py:137} INFO - [2023-01-14T21:22:16.658+0000] {dagbag.py:538} INFO - Filling up the DagBag from /media/prempeh/Nouveau nom/MASTER2/DATA ENGINEERING/airflow/py_env/lib/python3.10/site-packages/airflow/example_dags/example_dag_decorator.py
[2023-01-14T21:22:16.837+0000] {logging_mixin.py:137} INFO - [2023-01-14T21:22:16.836+0000] {taskmixin.py:205} WARNING - Dependency <Task(_PythonDecoratedOperator): prepare_email>, send_email already registered for DAG: example_dag_decorator
[2023-01-14T21:22:16.838+0000] {logging_mixin.py:137} INFO - [2023-01-14T21:22:16.838+0000] {taskmixin.py:205} WARNING - Dependency <Task(EmailOperator): send_email>, prepare_email already registered for DAG: example_dag_decorator
[2023-01-14T21:22:16.998+0000] {processor.py:753} INFO - DAG(s) dict_keys(['example_dag_decorator']) retrieved from /media/prempeh/Nouveau nom/MASTER2/DATA ENGINEERING/airflow/py_env/lib/python3.10/site-packages/airflow/example_dags/example_dag_decorator.py
[2023-01-14T21:22:17.297+0000] {logging_mixin.py:137} INFO - [2023-01-14T21:22:17.296+0000] {dag.py:2676} INFO - Sync 1 DAGs
[2023-01-14T21:22:17.375+0000] {logging_mixin.py:137} INFO - [2023-01-14T21:22:17.374+0000] {dag.py:3423} INFO - Setting next_dagrun for example_dag_decorator to None, run_after=None
[2023-01-14T21:22:17.474+0000] {processor.py:175} INFO - Processing /media/prempeh/Nouveau nom/MASTER2/DATA ENGINEERING/airflow/py_env/lib/python3.10/site-packages/airflow/example_dags/example_dag_decorator.py took 0.835 seconds
[2023-01-14T21:23:32.567+0000] {processor.py:153} INFO - Started process (PID=10348) to work on /media/prempeh/Nouveau nom/MASTER2/DATA ENGINEERING/airflow/py_env/lib/python3.10/site-packages/airflow/example_dags/example_dag_decorator.py
[2023-01-14T21:23:32.570+0000] {processor.py:743} INFO - Processing file /media/prempeh/Nouveau nom/MASTER2/DATA ENGINEERING/airflow/py_env/lib/python3.10/site-packages/airflow/example_dags/example_dag_decorator.py for tasks to queue
[2023-01-14T21:23:32.574+0000] {logging_mixin.py:137} INFO - [2023-01-14T21:23:32.574+0000] {dagbag.py:538} INFO - Filling up the DagBag from /media/prempeh/Nouveau nom/MASTER2/DATA ENGINEERING/airflow/py_env/lib/python3.10/site-packages/airflow/example_dags/example_dag_decorator.py
[2023-01-14T21:23:32.704+0000] {logging_mixin.py:137} INFO - [2023-01-14T21:23:32.703+0000] {taskmixin.py:205} WARNING - Dependency <Task(_PythonDecoratedOperator): prepare_email>, send_email already registered for DAG: example_dag_decorator
[2023-01-14T21:23:32.705+0000] {logging_mixin.py:137} INFO - [2023-01-14T21:23:32.704+0000] {taskmixin.py:205} WARNING - Dependency <Task(EmailOperator): send_email>, prepare_email already registered for DAG: example_dag_decorator
[2023-01-14T21:23:32.815+0000] {processor.py:753} INFO - DAG(s) dict_keys(['example_dag_decorator']) retrieved from /media/prempeh/Nouveau nom/MASTER2/DATA ENGINEERING/airflow/py_env/lib/python3.10/site-packages/airflow/example_dags/example_dag_decorator.py
[2023-01-14T21:23:33.066+0000] {logging_mixin.py:137} INFO - [2023-01-14T21:23:33.065+0000] {dag.py:2676} INFO - Sync 1 DAGs
[2023-01-14T21:23:33.130+0000] {logging_mixin.py:137} INFO - [2023-01-14T21:23:33.130+0000] {dag.py:3423} INFO - Setting next_dagrun for example_dag_decorator to None, run_after=None
[2023-01-14T21:23:33.209+0000] {processor.py:175} INFO - Processing /media/prempeh/Nouveau nom/MASTER2/DATA ENGINEERING/airflow/py_env/lib/python3.10/site-packages/airflow/example_dags/example_dag_decorator.py took 0.651 seconds
[2023-01-14T21:24:36.238+0000] {processor.py:153} INFO - Started process (PID=10423) to work on /media/prempeh/Nouveau nom/MASTER2/DATA ENGINEERING/airflow/py_env/lib/python3.10/site-packages/airflow/example_dags/example_dag_decorator.py
[2023-01-14T21:24:36.241+0000] {processor.py:743} INFO - Processing file /media/prempeh/Nouveau nom/MASTER2/DATA ENGINEERING/airflow/py_env/lib/python3.10/site-packages/airflow/example_dags/example_dag_decorator.py for tasks to queue
[2023-01-14T21:24:36.245+0000] {logging_mixin.py:137} INFO - [2023-01-14T21:24:36.245+0000] {dagbag.py:538} INFO - Filling up the DagBag from /media/prempeh/Nouveau nom/MASTER2/DATA ENGINEERING/airflow/py_env/lib/python3.10/site-packages/airflow/example_dags/example_dag_decorator.py
[2023-01-14T21:24:36.358+0000] {logging_mixin.py:137} INFO - [2023-01-14T21:24:36.357+0000] {taskmixin.py:205} WARNING - Dependency <Task(_PythonDecoratedOperator): prepare_email>, send_email already registered for DAG: example_dag_decorator
[2023-01-14T21:24:36.359+0000] {logging_mixin.py:137} INFO - [2023-01-14T21:24:36.358+0000] {taskmixin.py:205} WARNING - Dependency <Task(EmailOperator): send_email>, prepare_email already registered for DAG: example_dag_decorator
[2023-01-14T21:24:36.460+0000] {processor.py:753} INFO - DAG(s) dict_keys(['example_dag_decorator']) retrieved from /media/prempeh/Nouveau nom/MASTER2/DATA ENGINEERING/airflow/py_env/lib/python3.10/site-packages/airflow/example_dags/example_dag_decorator.py
[2023-01-14T21:24:36.698+0000] {logging_mixin.py:137} INFO - [2023-01-14T21:24:36.697+0000] {dag.py:2676} INFO - Sync 1 DAGs
[2023-01-14T21:24:36.772+0000] {logging_mixin.py:137} INFO - [2023-01-14T21:24:36.772+0000] {dag.py:3423} INFO - Setting next_dagrun for example_dag_decorator to None, run_after=None
[2023-01-14T21:24:36.852+0000] {processor.py:175} INFO - Processing /media/prempeh/Nouveau nom/MASTER2/DATA ENGINEERING/airflow/py_env/lib/python3.10/site-packages/airflow/example_dags/example_dag_decorator.py took 0.621 seconds
[2023-01-14T21:25:49.534+0000] {processor.py:153} INFO - Started process (PID=10552) to work on /media/prempeh/Nouveau nom/MASTER2/DATA ENGINEERING/airflow/py_env/lib/python3.10/site-packages/airflow/example_dags/example_dag_decorator.py
[2023-01-14T21:25:49.536+0000] {processor.py:743} INFO - Processing file /media/prempeh/Nouveau nom/MASTER2/DATA ENGINEERING/airflow/py_env/lib/python3.10/site-packages/airflow/example_dags/example_dag_decorator.py for tasks to queue
[2023-01-14T21:25:49.543+0000] {logging_mixin.py:137} INFO - [2023-01-14T21:25:49.543+0000] {dagbag.py:538} INFO - Filling up the DagBag from /media/prempeh/Nouveau nom/MASTER2/DATA ENGINEERING/airflow/py_env/lib/python3.10/site-packages/airflow/example_dags/example_dag_decorator.py
[2023-01-14T21:25:49.663+0000] {logging_mixin.py:137} INFO - [2023-01-14T21:25:49.661+0000] {taskmixin.py:205} WARNING - Dependency <Task(_PythonDecoratedOperator): prepare_email>, send_email already registered for DAG: example_dag_decorator
[2023-01-14T21:25:49.664+0000] {logging_mixin.py:137} INFO - [2023-01-14T21:25:49.664+0000] {taskmixin.py:205} WARNING - Dependency <Task(EmailOperator): send_email>, prepare_email already registered for DAG: example_dag_decorator
[2023-01-14T21:25:49.782+0000] {processor.py:753} INFO - DAG(s) dict_keys(['example_dag_decorator']) retrieved from /media/prempeh/Nouveau nom/MASTER2/DATA ENGINEERING/airflow/py_env/lib/python3.10/site-packages/airflow/example_dags/example_dag_decorator.py
[2023-01-14T21:25:50.032+0000] {logging_mixin.py:137} INFO - [2023-01-14T21:25:50.032+0000] {dag.py:2676} INFO - Sync 1 DAGs
[2023-01-14T21:25:50.091+0000] {logging_mixin.py:137} INFO - [2023-01-14T21:25:50.090+0000] {dag.py:3423} INFO - Setting next_dagrun for example_dag_decorator to None, run_after=None
[2023-01-14T21:25:50.169+0000] {processor.py:175} INFO - Processing /media/prempeh/Nouveau nom/MASTER2/DATA ENGINEERING/airflow/py_env/lib/python3.10/site-packages/airflow/example_dags/example_dag_decorator.py took 0.645 seconds
[2023-01-14T21:27:01.435+0000] {processor.py:153} INFO - Started process (PID=10696) to work on /media/prempeh/Nouveau nom/MASTER2/DATA ENGINEERING/airflow/py_env/lib/python3.10/site-packages/airflow/example_dags/example_dag_decorator.py
[2023-01-14T21:27:01.438+0000] {processor.py:743} INFO - Processing file /media/prempeh/Nouveau nom/MASTER2/DATA ENGINEERING/airflow/py_env/lib/python3.10/site-packages/airflow/example_dags/example_dag_decorator.py for tasks to queue
[2023-01-14T21:27:01.443+0000] {logging_mixin.py:137} INFO - [2023-01-14T21:27:01.442+0000] {dagbag.py:538} INFO - Filling up the DagBag from /media/prempeh/Nouveau nom/MASTER2/DATA ENGINEERING/airflow/py_env/lib/python3.10/site-packages/airflow/example_dags/example_dag_decorator.py
[2023-01-14T21:27:01.576+0000] {logging_mixin.py:137} INFO - [2023-01-14T21:27:01.575+0000] {taskmixin.py:205} WARNING - Dependency <Task(_PythonDecoratedOperator): prepare_email>, send_email already registered for DAG: example_dag_decorator
[2023-01-14T21:27:01.577+0000] {logging_mixin.py:137} INFO - [2023-01-14T21:27:01.577+0000] {taskmixin.py:205} WARNING - Dependency <Task(EmailOperator): send_email>, prepare_email already registered for DAG: example_dag_decorator
[2023-01-14T21:27:01.669+0000] {processor.py:753} INFO - DAG(s) dict_keys(['example_dag_decorator']) retrieved from /media/prempeh/Nouveau nom/MASTER2/DATA ENGINEERING/airflow/py_env/lib/python3.10/site-packages/airflow/example_dags/example_dag_decorator.py
[2023-01-14T21:27:01.956+0000] {logging_mixin.py:137} INFO - [2023-01-14T21:27:01.955+0000] {dag.py:2676} INFO - Sync 1 DAGs
[2023-01-14T21:27:02.025+0000] {logging_mixin.py:137} INFO - [2023-01-14T21:27:02.024+0000] {dag.py:3423} INFO - Setting next_dagrun for example_dag_decorator to None, run_after=None
[2023-01-14T21:27:02.108+0000] {processor.py:175} INFO - Processing /media/prempeh/Nouveau nom/MASTER2/DATA ENGINEERING/airflow/py_env/lib/python3.10/site-packages/airflow/example_dags/example_dag_decorator.py took 0.688 seconds
