[2023-01-14T20:53:40.235+0000] {processor.py:153} INFO - Started process (PID=6691) to work on /media/prempeh/Nouveau nom/MASTER2/DATA ENGINEERING/airflow/py_env/lib/python3.10/site-packages/airflow/example_dags/example_branch_operator.py
[2023-01-14T20:53:40.238+0000] {processor.py:743} INFO - Processing file /media/prempeh/Nouveau nom/MASTER2/DATA ENGINEERING/airflow/py_env/lib/python3.10/site-packages/airflow/example_dags/example_branch_operator.py for tasks to queue
[2023-01-14T20:53:40.243+0000] {logging_mixin.py:137} INFO - [2023-01-14T20:53:40.243+0000] {dagbag.py:538} INFO - Filling up the DagBag from /media/prempeh/Nouveau nom/MASTER2/DATA ENGINEERING/airflow/py_env/lib/python3.10/site-packages/airflow/example_dags/example_branch_operator.py
[2023-01-14T20:53:40.447+0000] {processor.py:753} INFO - DAG(s) dict_keys(['example_branch_operator']) retrieved from /media/prempeh/Nouveau nom/MASTER2/DATA ENGINEERING/airflow/py_env/lib/python3.10/site-packages/airflow/example_dags/example_branch_operator.py
[2023-01-14T20:53:41.394+0000] {logging_mixin.py:137} INFO - [2023-01-14T20:53:41.393+0000] {manager.py:504} INFO - Created Permission View: can edit on DAG:example_branch_operator
[2023-01-14T20:53:41.431+0000] {logging_mixin.py:137} INFO - [2023-01-14T20:53:41.430+0000] {manager.py:504} INFO - Created Permission View: can delete on DAG:example_branch_operator
[2023-01-14T20:53:41.464+0000] {logging_mixin.py:137} INFO - [2023-01-14T20:53:41.463+0000] {manager.py:504} INFO - Created Permission View: can read on DAG:example_branch_operator
[2023-01-14T20:53:41.467+0000] {logging_mixin.py:137} INFO - [2023-01-14T20:53:41.465+0000] {dag.py:2676} INFO - Sync 1 DAGs
[2023-01-14T20:53:41.509+0000] {logging_mixin.py:137} INFO - [2023-01-14T20:53:41.509+0000] {dag.py:2697} INFO - Creating ORM DAG for example_branch_operator
[2023-01-14T20:53:41.554+0000] {logging_mixin.py:137} INFO - [2023-01-14T20:53:41.554+0000] {dag.py:3423} INFO - Setting next_dagrun for example_branch_operator to 2023-01-13T00:00:00+00:00, run_after=2023-01-14T00:00:00+00:00
[2023-01-14T20:53:41.628+0000] {processor.py:175} INFO - Processing /media/prempeh/Nouveau nom/MASTER2/DATA ENGINEERING/airflow/py_env/lib/python3.10/site-packages/airflow/example_dags/example_branch_operator.py took 1.406 seconds
[2023-01-14T20:54:50.214+0000] {processor.py:153} INFO - Started process (PID=6741) to work on /media/prempeh/Nouveau nom/MASTER2/DATA ENGINEERING/airflow/py_env/lib/python3.10/site-packages/airflow/example_dags/example_branch_operator.py
[2023-01-14T20:54:50.220+0000] {processor.py:743} INFO - Processing file /media/prempeh/Nouveau nom/MASTER2/DATA ENGINEERING/airflow/py_env/lib/python3.10/site-packages/airflow/example_dags/example_branch_operator.py for tasks to queue
[2023-01-14T20:54:50.230+0000] {logging_mixin.py:137} INFO - [2023-01-14T20:54:50.228+0000] {dagbag.py:538} INFO - Filling up the DagBag from /media/prempeh/Nouveau nom/MASTER2/DATA ENGINEERING/airflow/py_env/lib/python3.10/site-packages/airflow/example_dags/example_branch_operator.py
[2023-01-14T20:54:50.524+0000] {processor.py:753} INFO - DAG(s) dict_keys(['example_branch_operator']) retrieved from /media/prempeh/Nouveau nom/MASTER2/DATA ENGINEERING/airflow/py_env/lib/python3.10/site-packages/airflow/example_dags/example_branch_operator.py
[2023-01-14T20:54:50.795+0000] {logging_mixin.py:137} INFO - [2023-01-14T20:54:50.795+0000] {dag.py:2676} INFO - Sync 1 DAGs
[2023-01-14T20:54:50.927+0000] {logging_mixin.py:137} INFO - [2023-01-14T20:54:50.926+0000] {dag.py:3423} INFO - Setting next_dagrun for example_branch_operator to 2023-01-13T00:00:00+00:00, run_after=2023-01-14T00:00:00+00:00
[2023-01-14T20:54:51.084+0000] {processor.py:175} INFO - Processing /media/prempeh/Nouveau nom/MASTER2/DATA ENGINEERING/airflow/py_env/lib/python3.10/site-packages/airflow/example_dags/example_branch_operator.py took 0.887 seconds
[2023-01-14T20:55:51.445+0000] {processor.py:153} INFO - Started process (PID=6782) to work on /media/prempeh/Nouveau nom/MASTER2/DATA ENGINEERING/airflow/py_env/lib/python3.10/site-packages/airflow/example_dags/example_branch_operator.py
[2023-01-14T20:55:51.448+0000] {processor.py:743} INFO - Processing file /media/prempeh/Nouveau nom/MASTER2/DATA ENGINEERING/airflow/py_env/lib/python3.10/site-packages/airflow/example_dags/example_branch_operator.py for tasks to queue
[2023-01-14T20:55:51.452+0000] {logging_mixin.py:137} INFO - [2023-01-14T20:55:51.451+0000] {dagbag.py:538} INFO - Filling up the DagBag from /media/prempeh/Nouveau nom/MASTER2/DATA ENGINEERING/airflow/py_env/lib/python3.10/site-packages/airflow/example_dags/example_branch_operator.py
[2023-01-14T20:55:51.670+0000] {processor.py:753} INFO - DAG(s) dict_keys(['example_branch_operator']) retrieved from /media/prempeh/Nouveau nom/MASTER2/DATA ENGINEERING/airflow/py_env/lib/python3.10/site-packages/airflow/example_dags/example_branch_operator.py
[2023-01-14T20:55:51.871+0000] {logging_mixin.py:137} INFO - [2023-01-14T20:55:51.870+0000] {dag.py:2676} INFO - Sync 1 DAGs
[2023-01-14T20:55:51.978+0000] {logging_mixin.py:137} INFO - [2023-01-14T20:55:51.978+0000] {dag.py:3423} INFO - Setting next_dagrun for example_branch_operator to 2023-01-13T00:00:00+00:00, run_after=2023-01-14T00:00:00+00:00
[2023-01-14T20:55:52.044+0000] {processor.py:175} INFO - Processing /media/prempeh/Nouveau nom/MASTER2/DATA ENGINEERING/airflow/py_env/lib/python3.10/site-packages/airflow/example_dags/example_branch_operator.py took 0.608 seconds
[2023-01-14T20:56:51.244+0000] {processor.py:153} INFO - Started process (PID=6969) to work on /media/prempeh/Nouveau nom/MASTER2/DATA ENGINEERING/airflow/py_env/lib/python3.10/site-packages/airflow/example_dags/example_branch_operator.py
[2023-01-14T20:56:51.247+0000] {processor.py:743} INFO - Processing file /media/prempeh/Nouveau nom/MASTER2/DATA ENGINEERING/airflow/py_env/lib/python3.10/site-packages/airflow/example_dags/example_branch_operator.py for tasks to queue
[2023-01-14T20:56:51.253+0000] {logging_mixin.py:137} INFO - [2023-01-14T20:56:51.252+0000] {dagbag.py:538} INFO - Filling up the DagBag from /media/prempeh/Nouveau nom/MASTER2/DATA ENGINEERING/airflow/py_env/lib/python3.10/site-packages/airflow/example_dags/example_branch_operator.py
[2023-01-14T20:56:51.402+0000] {processor.py:753} INFO - DAG(s) dict_keys(['example_branch_operator']) retrieved from /media/prempeh/Nouveau nom/MASTER2/DATA ENGINEERING/airflow/py_env/lib/python3.10/site-packages/airflow/example_dags/example_branch_operator.py
[2023-01-14T20:56:51.538+0000] {logging_mixin.py:137} INFO - [2023-01-14T20:56:51.538+0000] {dag.py:2676} INFO - Sync 1 DAGs
[2023-01-14T20:56:51.614+0000] {logging_mixin.py:137} INFO - [2023-01-14T20:56:51.613+0000] {dag.py:3423} INFO - Setting next_dagrun for example_branch_operator to 2023-01-13T00:00:00+00:00, run_after=2023-01-14T00:00:00+00:00
[2023-01-14T20:56:51.677+0000] {processor.py:175} INFO - Processing /media/prempeh/Nouveau nom/MASTER2/DATA ENGINEERING/airflow/py_env/lib/python3.10/site-packages/airflow/example_dags/example_branch_operator.py took 0.442 seconds
[2023-01-14T20:57:54.202+0000] {processor.py:153} INFO - Started process (PID=7104) to work on /media/prempeh/Nouveau nom/MASTER2/DATA ENGINEERING/airflow/py_env/lib/python3.10/site-packages/airflow/example_dags/example_branch_operator.py
[2023-01-14T20:57:54.205+0000] {processor.py:743} INFO - Processing file /media/prempeh/Nouveau nom/MASTER2/DATA ENGINEERING/airflow/py_env/lib/python3.10/site-packages/airflow/example_dags/example_branch_operator.py for tasks to queue
[2023-01-14T20:57:54.209+0000] {logging_mixin.py:137} INFO - [2023-01-14T20:57:54.209+0000] {dagbag.py:538} INFO - Filling up the DagBag from /media/prempeh/Nouveau nom/MASTER2/DATA ENGINEERING/airflow/py_env/lib/python3.10/site-packages/airflow/example_dags/example_branch_operator.py
[2023-01-14T20:57:54.348+0000] {processor.py:753} INFO - DAG(s) dict_keys(['example_branch_operator']) retrieved from /media/prempeh/Nouveau nom/MASTER2/DATA ENGINEERING/airflow/py_env/lib/python3.10/site-packages/airflow/example_dags/example_branch_operator.py
[2023-01-14T20:57:54.491+0000] {logging_mixin.py:137} INFO - [2023-01-14T20:57:54.491+0000] {dag.py:2676} INFO - Sync 1 DAGs
[2023-01-14T20:57:54.563+0000] {logging_mixin.py:137} INFO - [2023-01-14T20:57:54.563+0000] {dag.py:3423} INFO - Setting next_dagrun for example_branch_operator to 2023-01-13T00:00:00+00:00, run_after=2023-01-14T00:00:00+00:00
[2023-01-14T20:57:54.637+0000] {processor.py:175} INFO - Processing /media/prempeh/Nouveau nom/MASTER2/DATA ENGINEERING/airflow/py_env/lib/python3.10/site-packages/airflow/example_dags/example_branch_operator.py took 0.444 seconds
[2023-01-14T20:58:49.260+0000] {processor.py:153} INFO - Started process (PID=7145) to work on /media/prempeh/Nouveau nom/MASTER2/DATA ENGINEERING/airflow/py_env/lib/python3.10/site-packages/airflow/example_dags/example_branch_operator.py
[2023-01-14T20:58:49.263+0000] {processor.py:743} INFO - Processing file /media/prempeh/Nouveau nom/MASTER2/DATA ENGINEERING/airflow/py_env/lib/python3.10/site-packages/airflow/example_dags/example_branch_operator.py for tasks to queue
[2023-01-14T20:58:49.268+0000] {logging_mixin.py:137} INFO - [2023-01-14T20:58:49.268+0000] {dagbag.py:538} INFO - Filling up the DagBag from /media/prempeh/Nouveau nom/MASTER2/DATA ENGINEERING/airflow/py_env/lib/python3.10/site-packages/airflow/example_dags/example_branch_operator.py
[2023-01-14T20:58:49.400+0000] {processor.py:753} INFO - DAG(s) dict_keys(['example_branch_operator']) retrieved from /media/prempeh/Nouveau nom/MASTER2/DATA ENGINEERING/airflow/py_env/lib/python3.10/site-packages/airflow/example_dags/example_branch_operator.py
[2023-01-14T20:58:49.522+0000] {logging_mixin.py:137} INFO - [2023-01-14T20:58:49.521+0000] {dag.py:2676} INFO - Sync 1 DAGs
[2023-01-14T20:58:49.588+0000] {logging_mixin.py:137} INFO - [2023-01-14T20:58:49.587+0000] {dag.py:3423} INFO - Setting next_dagrun for example_branch_operator to 2023-01-13T00:00:00+00:00, run_after=2023-01-14T00:00:00+00:00
[2023-01-14T20:58:49.655+0000] {processor.py:175} INFO - Processing /media/prempeh/Nouveau nom/MASTER2/DATA ENGINEERING/airflow/py_env/lib/python3.10/site-packages/airflow/example_dags/example_branch_operator.py took 0.405 seconds
[2023-01-14T21:00:02.344+0000] {processor.py:153} INFO - Started process (PID=7245) to work on /media/prempeh/Nouveau nom/MASTER2/DATA ENGINEERING/airflow/py_env/lib/python3.10/site-packages/airflow/example_dags/example_branch_operator.py
[2023-01-14T21:00:02.347+0000] {processor.py:743} INFO - Processing file /media/prempeh/Nouveau nom/MASTER2/DATA ENGINEERING/airflow/py_env/lib/python3.10/site-packages/airflow/example_dags/example_branch_operator.py for tasks to queue
[2023-01-14T21:00:02.353+0000] {logging_mixin.py:137} INFO - [2023-01-14T21:00:02.353+0000] {dagbag.py:538} INFO - Filling up the DagBag from /media/prempeh/Nouveau nom/MASTER2/DATA ENGINEERING/airflow/py_env/lib/python3.10/site-packages/airflow/example_dags/example_branch_operator.py
[2023-01-14T21:00:02.611+0000] {processor.py:753} INFO - DAG(s) dict_keys(['example_branch_operator']) retrieved from /media/prempeh/Nouveau nom/MASTER2/DATA ENGINEERING/airflow/py_env/lib/python3.10/site-packages/airflow/example_dags/example_branch_operator.py
[2023-01-14T21:00:02.755+0000] {logging_mixin.py:137} INFO - [2023-01-14T21:00:02.754+0000] {dag.py:2676} INFO - Sync 1 DAGs
[2023-01-14T21:00:02.825+0000] {logging_mixin.py:137} INFO - [2023-01-14T21:00:02.825+0000] {dag.py:3423} INFO - Setting next_dagrun for example_branch_operator to 2023-01-13T00:00:00+00:00, run_after=2023-01-14T00:00:00+00:00
[2023-01-14T21:00:02.897+0000] {processor.py:175} INFO - Processing /media/prempeh/Nouveau nom/MASTER2/DATA ENGINEERING/airflow/py_env/lib/python3.10/site-packages/airflow/example_dags/example_branch_operator.py took 0.564 seconds
[2023-01-14T21:00:57.422+0000] {processor.py:153} INFO - Started process (PID=7282) to work on /media/prempeh/Nouveau nom/MASTER2/DATA ENGINEERING/airflow/py_env/lib/python3.10/site-packages/airflow/example_dags/example_branch_operator.py
[2023-01-14T21:00:57.426+0000] {processor.py:743} INFO - Processing file /media/prempeh/Nouveau nom/MASTER2/DATA ENGINEERING/airflow/py_env/lib/python3.10/site-packages/airflow/example_dags/example_branch_operator.py for tasks to queue
[2023-01-14T21:00:57.433+0000] {logging_mixin.py:137} INFO - [2023-01-14T21:00:57.433+0000] {dagbag.py:538} INFO - Filling up the DagBag from /media/prempeh/Nouveau nom/MASTER2/DATA ENGINEERING/airflow/py_env/lib/python3.10/site-packages/airflow/example_dags/example_branch_operator.py
[2023-01-14T21:00:57.605+0000] {processor.py:753} INFO - DAG(s) dict_keys(['example_branch_operator']) retrieved from /media/prempeh/Nouveau nom/MASTER2/DATA ENGINEERING/airflow/py_env/lib/python3.10/site-packages/airflow/example_dags/example_branch_operator.py
[2023-01-14T21:00:57.726+0000] {logging_mixin.py:137} INFO - [2023-01-14T21:00:57.725+0000] {dag.py:2676} INFO - Sync 1 DAGs
[2023-01-14T21:00:57.804+0000] {logging_mixin.py:137} INFO - [2023-01-14T21:00:57.803+0000] {dag.py:3423} INFO - Setting next_dagrun for example_branch_operator to 2023-01-13T00:00:00+00:00, run_after=2023-01-14T00:00:00+00:00
[2023-01-14T21:00:57.915+0000] {processor.py:175} INFO - Processing /media/prempeh/Nouveau nom/MASTER2/DATA ENGINEERING/airflow/py_env/lib/python3.10/site-packages/airflow/example_dags/example_branch_operator.py took 0.504 seconds
[2023-01-14T21:01:56.313+0000] {processor.py:153} INFO - Started process (PID=7330) to work on /media/prempeh/Nouveau nom/MASTER2/DATA ENGINEERING/airflow/py_env/lib/python3.10/site-packages/airflow/example_dags/example_branch_operator.py
[2023-01-14T21:01:56.316+0000] {processor.py:743} INFO - Processing file /media/prempeh/Nouveau nom/MASTER2/DATA ENGINEERING/airflow/py_env/lib/python3.10/site-packages/airflow/example_dags/example_branch_operator.py for tasks to queue
[2023-01-14T21:01:56.322+0000] {logging_mixin.py:137} INFO - [2023-01-14T21:01:56.322+0000] {dagbag.py:538} INFO - Filling up the DagBag from /media/prempeh/Nouveau nom/MASTER2/DATA ENGINEERING/airflow/py_env/lib/python3.10/site-packages/airflow/example_dags/example_branch_operator.py
[2023-01-14T21:01:56.447+0000] {processor.py:753} INFO - DAG(s) dict_keys(['example_branch_operator']) retrieved from /media/prempeh/Nouveau nom/MASTER2/DATA ENGINEERING/airflow/py_env/lib/python3.10/site-packages/airflow/example_dags/example_branch_operator.py
[2023-01-14T21:01:56.581+0000] {logging_mixin.py:137} INFO - [2023-01-14T21:01:56.580+0000] {dag.py:2676} INFO - Sync 1 DAGs
[2023-01-14T21:01:56.646+0000] {logging_mixin.py:137} INFO - [2023-01-14T21:01:56.645+0000] {dag.py:3423} INFO - Setting next_dagrun for example_branch_operator to 2023-01-13T00:00:00+00:00, run_after=2023-01-14T00:00:00+00:00
[2023-01-14T21:01:56.720+0000] {processor.py:175} INFO - Processing /media/prempeh/Nouveau nom/MASTER2/DATA ENGINEERING/airflow/py_env/lib/python3.10/site-packages/airflow/example_dags/example_branch_operator.py took 0.416 seconds
[2023-01-14T21:03:10.816+0000] {processor.py:153} INFO - Started process (PID=7417) to work on /media/prempeh/Nouveau nom/MASTER2/DATA ENGINEERING/airflow/py_env/lib/python3.10/site-packages/airflow/example_dags/example_branch_operator.py
[2023-01-14T21:03:10.819+0000] {processor.py:743} INFO - Processing file /media/prempeh/Nouveau nom/MASTER2/DATA ENGINEERING/airflow/py_env/lib/python3.10/site-packages/airflow/example_dags/example_branch_operator.py for tasks to queue
[2023-01-14T21:03:10.824+0000] {logging_mixin.py:137} INFO - [2023-01-14T21:03:10.823+0000] {dagbag.py:538} INFO - Filling up the DagBag from /media/prempeh/Nouveau nom/MASTER2/DATA ENGINEERING/airflow/py_env/lib/python3.10/site-packages/airflow/example_dags/example_branch_operator.py
[2023-01-14T21:03:11.048+0000] {processor.py:753} INFO - DAG(s) dict_keys(['example_branch_operator']) retrieved from /media/prempeh/Nouveau nom/MASTER2/DATA ENGINEERING/airflow/py_env/lib/python3.10/site-packages/airflow/example_dags/example_branch_operator.py
[2023-01-14T21:03:11.186+0000] {logging_mixin.py:137} INFO - [2023-01-14T21:03:11.185+0000] {dag.py:2676} INFO - Sync 1 DAGs
[2023-01-14T21:03:11.259+0000] {logging_mixin.py:137} INFO - [2023-01-14T21:03:11.258+0000] {dag.py:3423} INFO - Setting next_dagrun for example_branch_operator to 2023-01-13T00:00:00+00:00, run_after=2023-01-14T00:00:00+00:00
[2023-01-14T21:03:11.330+0000] {processor.py:175} INFO - Processing /media/prempeh/Nouveau nom/MASTER2/DATA ENGINEERING/airflow/py_env/lib/python3.10/site-packages/airflow/example_dags/example_branch_operator.py took 0.524 seconds
[2023-01-14T21:04:14.830+0000] {processor.py:153} INFO - Started process (PID=7487) to work on /media/prempeh/Nouveau nom/MASTER2/DATA ENGINEERING/airflow/py_env/lib/python3.10/site-packages/airflow/example_dags/example_branch_operator.py
[2023-01-14T21:04:14.834+0000] {processor.py:743} INFO - Processing file /media/prempeh/Nouveau nom/MASTER2/DATA ENGINEERING/airflow/py_env/lib/python3.10/site-packages/airflow/example_dags/example_branch_operator.py for tasks to queue
[2023-01-14T21:04:14.840+0000] {logging_mixin.py:137} INFO - [2023-01-14T21:04:14.840+0000] {dagbag.py:538} INFO - Filling up the DagBag from /media/prempeh/Nouveau nom/MASTER2/DATA ENGINEERING/airflow/py_env/lib/python3.10/site-packages/airflow/example_dags/example_branch_operator.py
[2023-01-14T21:04:15.081+0000] {processor.py:753} INFO - DAG(s) dict_keys(['example_branch_operator']) retrieved from /media/prempeh/Nouveau nom/MASTER2/DATA ENGINEERING/airflow/py_env/lib/python3.10/site-packages/airflow/example_dags/example_branch_operator.py
[2023-01-14T21:04:15.311+0000] {logging_mixin.py:137} INFO - [2023-01-14T21:04:15.310+0000] {dag.py:2676} INFO - Sync 1 DAGs
[2023-01-14T21:04:15.435+0000] {logging_mixin.py:137} INFO - [2023-01-14T21:04:15.435+0000] {dag.py:3423} INFO - Setting next_dagrun for example_branch_operator to 2023-01-13T00:00:00+00:00, run_after=2023-01-14T00:00:00+00:00
[2023-01-14T21:04:15.524+0000] {processor.py:175} INFO - Processing /media/prempeh/Nouveau nom/MASTER2/DATA ENGINEERING/airflow/py_env/lib/python3.10/site-packages/airflow/example_dags/example_branch_operator.py took 0.718 seconds
[2023-01-14T21:05:16.037+0000] {processor.py:153} INFO - Started process (PID=7539) to work on /media/prempeh/Nouveau nom/MASTER2/DATA ENGINEERING/airflow/py_env/lib/python3.10/site-packages/airflow/example_dags/example_branch_operator.py
[2023-01-14T21:05:16.041+0000] {processor.py:743} INFO - Processing file /media/prempeh/Nouveau nom/MASTER2/DATA ENGINEERING/airflow/py_env/lib/python3.10/site-packages/airflow/example_dags/example_branch_operator.py for tasks to queue
[2023-01-14T21:05:16.048+0000] {logging_mixin.py:137} INFO - [2023-01-14T21:05:16.047+0000] {dagbag.py:538} INFO - Filling up the DagBag from /media/prempeh/Nouveau nom/MASTER2/DATA ENGINEERING/airflow/py_env/lib/python3.10/site-packages/airflow/example_dags/example_branch_operator.py
[2023-01-14T21:05:16.265+0000] {processor.py:753} INFO - DAG(s) dict_keys(['example_branch_operator']) retrieved from /media/prempeh/Nouveau nom/MASTER2/DATA ENGINEERING/airflow/py_env/lib/python3.10/site-packages/airflow/example_dags/example_branch_operator.py
[2023-01-14T21:05:16.508+0000] {logging_mixin.py:137} INFO - [2023-01-14T21:05:16.507+0000] {dag.py:2676} INFO - Sync 1 DAGs
[2023-01-14T21:05:16.632+0000] {logging_mixin.py:137} INFO - [2023-01-14T21:05:16.631+0000] {dag.py:3423} INFO - Setting next_dagrun for example_branch_operator to 2023-01-13T00:00:00+00:00, run_after=2023-01-14T00:00:00+00:00
[2023-01-14T21:05:16.751+0000] {processor.py:175} INFO - Processing /media/prempeh/Nouveau nom/MASTER2/DATA ENGINEERING/airflow/py_env/lib/python3.10/site-packages/airflow/example_dags/example_branch_operator.py took 0.724 seconds
[2023-01-14T21:06:17.232+0000] {processor.py:153} INFO - Started process (PID=7695) to work on /media/prempeh/Nouveau nom/MASTER2/DATA ENGINEERING/airflow/py_env/lib/python3.10/site-packages/airflow/example_dags/example_branch_operator.py
[2023-01-14T21:06:17.240+0000] {processor.py:743} INFO - Processing file /media/prempeh/Nouveau nom/MASTER2/DATA ENGINEERING/airflow/py_env/lib/python3.10/site-packages/airflow/example_dags/example_branch_operator.py for tasks to queue
[2023-01-14T21:06:17.251+0000] {logging_mixin.py:137} INFO - [2023-01-14T21:06:17.249+0000] {dagbag.py:538} INFO - Filling up the DagBag from /media/prempeh/Nouveau nom/MASTER2/DATA ENGINEERING/airflow/py_env/lib/python3.10/site-packages/airflow/example_dags/example_branch_operator.py
[2023-01-14T21:06:17.497+0000] {processor.py:753} INFO - DAG(s) dict_keys(['example_branch_operator']) retrieved from /media/prempeh/Nouveau nom/MASTER2/DATA ENGINEERING/airflow/py_env/lib/python3.10/site-packages/airflow/example_dags/example_branch_operator.py
[2023-01-14T21:06:17.742+0000] {logging_mixin.py:137} INFO - [2023-01-14T21:06:17.741+0000] {dag.py:2676} INFO - Sync 1 DAGs
[2023-01-14T21:06:17.868+0000] {logging_mixin.py:137} INFO - [2023-01-14T21:06:17.867+0000] {dag.py:3423} INFO - Setting next_dagrun for example_branch_operator to 2023-01-13T00:00:00+00:00, run_after=2023-01-14T00:00:00+00:00
[2023-01-14T21:06:18.003+0000] {processor.py:175} INFO - Processing /media/prempeh/Nouveau nom/MASTER2/DATA ENGINEERING/airflow/py_env/lib/python3.10/site-packages/airflow/example_dags/example_branch_operator.py took 0.783 seconds
[2023-01-14T21:07:45.729+0000] {processor.py:153} INFO - Started process (PID=7958) to work on /media/prempeh/Nouveau nom/MASTER2/DATA ENGINEERING/airflow/py_env/lib/python3.10/site-packages/airflow/example_dags/example_branch_operator.py
[2023-01-14T21:07:45.732+0000] {processor.py:743} INFO - Processing file /media/prempeh/Nouveau nom/MASTER2/DATA ENGINEERING/airflow/py_env/lib/python3.10/site-packages/airflow/example_dags/example_branch_operator.py for tasks to queue
[2023-01-14T21:07:45.737+0000] {logging_mixin.py:137} INFO - [2023-01-14T21:07:45.737+0000] {dagbag.py:538} INFO - Filling up the DagBag from /media/prempeh/Nouveau nom/MASTER2/DATA ENGINEERING/airflow/py_env/lib/python3.10/site-packages/airflow/example_dags/example_branch_operator.py
[2023-01-14T21:07:46.011+0000] {processor.py:753} INFO - DAG(s) dict_keys(['example_branch_operator']) retrieved from /media/prempeh/Nouveau nom/MASTER2/DATA ENGINEERING/airflow/py_env/lib/python3.10/site-packages/airflow/example_dags/example_branch_operator.py
[2023-01-14T21:07:46.308+0000] {logging_mixin.py:137} INFO - [2023-01-14T21:07:46.307+0000] {dag.py:2676} INFO - Sync 1 DAGs
[2023-01-14T21:07:46.419+0000] {logging_mixin.py:137} INFO - [2023-01-14T21:07:46.419+0000] {dag.py:3423} INFO - Setting next_dagrun for example_branch_operator to 2023-01-13T00:00:00+00:00, run_after=2023-01-14T00:00:00+00:00
[2023-01-14T21:07:46.525+0000] {processor.py:175} INFO - Processing /media/prempeh/Nouveau nom/MASTER2/DATA ENGINEERING/airflow/py_env/lib/python3.10/site-packages/airflow/example_dags/example_branch_operator.py took 0.806 seconds
[2023-01-14T21:09:02.226+0000] {processor.py:153} INFO - Started process (PID=8093) to work on /media/prempeh/Nouveau nom/MASTER2/DATA ENGINEERING/airflow/py_env/lib/python3.10/site-packages/airflow/example_dags/example_branch_operator.py
[2023-01-14T21:09:02.229+0000] {processor.py:743} INFO - Processing file /media/prempeh/Nouveau nom/MASTER2/DATA ENGINEERING/airflow/py_env/lib/python3.10/site-packages/airflow/example_dags/example_branch_operator.py for tasks to queue
[2023-01-14T21:09:02.234+0000] {logging_mixin.py:137} INFO - [2023-01-14T21:09:02.233+0000] {dagbag.py:538} INFO - Filling up the DagBag from /media/prempeh/Nouveau nom/MASTER2/DATA ENGINEERING/airflow/py_env/lib/python3.10/site-packages/airflow/example_dags/example_branch_operator.py
[2023-01-14T21:09:02.371+0000] {processor.py:753} INFO - DAG(s) dict_keys(['example_branch_operator']) retrieved from /media/prempeh/Nouveau nom/MASTER2/DATA ENGINEERING/airflow/py_env/lib/python3.10/site-packages/airflow/example_dags/example_branch_operator.py
[2023-01-14T21:09:02.498+0000] {logging_mixin.py:137} INFO - [2023-01-14T21:09:02.497+0000] {dag.py:2676} INFO - Sync 1 DAGs
[2023-01-14T21:09:02.564+0000] {logging_mixin.py:137} INFO - [2023-01-14T21:09:02.563+0000] {dag.py:3423} INFO - Setting next_dagrun for example_branch_operator to 2023-01-13T00:00:00+00:00, run_after=2023-01-14T00:00:00+00:00
[2023-01-14T21:09:02.641+0000] {processor.py:175} INFO - Processing /media/prempeh/Nouveau nom/MASTER2/DATA ENGINEERING/airflow/py_env/lib/python3.10/site-packages/airflow/example_dags/example_branch_operator.py took 0.426 seconds
[2023-01-14T21:10:02.437+0000] {processor.py:153} INFO - Started process (PID=8137) to work on /media/prempeh/Nouveau nom/MASTER2/DATA ENGINEERING/airflow/py_env/lib/python3.10/site-packages/airflow/example_dags/example_branch_operator.py
[2023-01-14T21:10:02.440+0000] {processor.py:743} INFO - Processing file /media/prempeh/Nouveau nom/MASTER2/DATA ENGINEERING/airflow/py_env/lib/python3.10/site-packages/airflow/example_dags/example_branch_operator.py for tasks to queue
[2023-01-14T21:10:02.446+0000] {logging_mixin.py:137} INFO - [2023-01-14T21:10:02.446+0000] {dagbag.py:538} INFO - Filling up the DagBag from /media/prempeh/Nouveau nom/MASTER2/DATA ENGINEERING/airflow/py_env/lib/python3.10/site-packages/airflow/example_dags/example_branch_operator.py
[2023-01-14T21:10:02.573+0000] {processor.py:753} INFO - DAG(s) dict_keys(['example_branch_operator']) retrieved from /media/prempeh/Nouveau nom/MASTER2/DATA ENGINEERING/airflow/py_env/lib/python3.10/site-packages/airflow/example_dags/example_branch_operator.py
[2023-01-14T21:10:02.718+0000] {logging_mixin.py:137} INFO - [2023-01-14T21:10:02.718+0000] {dag.py:2676} INFO - Sync 1 DAGs
[2023-01-14T21:10:02.789+0000] {logging_mixin.py:137} INFO - [2023-01-14T21:10:02.789+0000] {dag.py:3423} INFO - Setting next_dagrun for example_branch_operator to 2023-01-13T00:00:00+00:00, run_after=2023-01-14T00:00:00+00:00
[2023-01-14T21:10:02.857+0000] {processor.py:175} INFO - Processing /media/prempeh/Nouveau nom/MASTER2/DATA ENGINEERING/airflow/py_env/lib/python3.10/site-packages/airflow/example_dags/example_branch_operator.py took 0.431 seconds
[2023-01-14T21:11:03.643+0000] {processor.py:153} INFO - Started process (PID=8184) to work on /media/prempeh/Nouveau nom/MASTER2/DATA ENGINEERING/airflow/py_env/lib/python3.10/site-packages/airflow/example_dags/example_branch_operator.py
[2023-01-14T21:11:03.646+0000] {processor.py:743} INFO - Processing file /media/prempeh/Nouveau nom/MASTER2/DATA ENGINEERING/airflow/py_env/lib/python3.10/site-packages/airflow/example_dags/example_branch_operator.py for tasks to queue
[2023-01-14T21:11:03.651+0000] {logging_mixin.py:137} INFO - [2023-01-14T21:11:03.651+0000] {dagbag.py:538} INFO - Filling up the DagBag from /media/prempeh/Nouveau nom/MASTER2/DATA ENGINEERING/airflow/py_env/lib/python3.10/site-packages/airflow/example_dags/example_branch_operator.py
[2023-01-14T21:11:03.781+0000] {processor.py:753} INFO - DAG(s) dict_keys(['example_branch_operator']) retrieved from /media/prempeh/Nouveau nom/MASTER2/DATA ENGINEERING/airflow/py_env/lib/python3.10/site-packages/airflow/example_dags/example_branch_operator.py
[2023-01-14T21:11:03.905+0000] {logging_mixin.py:137} INFO - [2023-01-14T21:11:03.904+0000] {dag.py:2676} INFO - Sync 1 DAGs
[2023-01-14T21:11:03.975+0000] {logging_mixin.py:137} INFO - [2023-01-14T21:11:03.975+0000] {dag.py:3423} INFO - Setting next_dagrun for example_branch_operator to 2023-01-13T00:00:00+00:00, run_after=2023-01-14T00:00:00+00:00
[2023-01-14T21:11:04.047+0000] {processor.py:175} INFO - Processing /media/prempeh/Nouveau nom/MASTER2/DATA ENGINEERING/airflow/py_env/lib/python3.10/site-packages/airflow/example_dags/example_branch_operator.py took 0.414 seconds
[2023-01-14T21:12:13.347+0000] {processor.py:153} INFO - Started process (PID=8232) to work on /media/prempeh/Nouveau nom/MASTER2/DATA ENGINEERING/airflow/py_env/lib/python3.10/site-packages/airflow/example_dags/example_branch_operator.py
[2023-01-14T21:12:13.350+0000] {processor.py:743} INFO - Processing file /media/prempeh/Nouveau nom/MASTER2/DATA ENGINEERING/airflow/py_env/lib/python3.10/site-packages/airflow/example_dags/example_branch_operator.py for tasks to queue
[2023-01-14T21:12:13.357+0000] {logging_mixin.py:137} INFO - [2023-01-14T21:12:13.356+0000] {dagbag.py:538} INFO - Filling up the DagBag from /media/prempeh/Nouveau nom/MASTER2/DATA ENGINEERING/airflow/py_env/lib/python3.10/site-packages/airflow/example_dags/example_branch_operator.py
[2023-01-14T21:12:13.530+0000] {processor.py:753} INFO - DAG(s) dict_keys(['example_branch_operator']) retrieved from /media/prempeh/Nouveau nom/MASTER2/DATA ENGINEERING/airflow/py_env/lib/python3.10/site-packages/airflow/example_dags/example_branch_operator.py
[2023-01-14T21:12:13.659+0000] {logging_mixin.py:137} INFO - [2023-01-14T21:12:13.658+0000] {dag.py:2676} INFO - Sync 1 DAGs
[2023-01-14T21:12:13.728+0000] {logging_mixin.py:137} INFO - [2023-01-14T21:12:13.727+0000] {dag.py:3423} INFO - Setting next_dagrun for example_branch_operator to 2023-01-13T00:00:00+00:00, run_after=2023-01-14T00:00:00+00:00
[2023-01-14T21:12:13.804+0000] {processor.py:175} INFO - Processing /media/prempeh/Nouveau nom/MASTER2/DATA ENGINEERING/airflow/py_env/lib/python3.10/site-packages/airflow/example_dags/example_branch_operator.py took 0.469 seconds
[2023-01-14T21:13:22.490+0000] {processor.py:153} INFO - Started process (PID=8281) to work on /media/prempeh/Nouveau nom/MASTER2/DATA ENGINEERING/airflow/py_env/lib/python3.10/site-packages/airflow/example_dags/example_branch_operator.py
[2023-01-14T21:13:22.495+0000] {processor.py:743} INFO - Processing file /media/prempeh/Nouveau nom/MASTER2/DATA ENGINEERING/airflow/py_env/lib/python3.10/site-packages/airflow/example_dags/example_branch_operator.py for tasks to queue
[2023-01-14T21:13:22.500+0000] {logging_mixin.py:137} INFO - [2023-01-14T21:13:22.499+0000] {dagbag.py:538} INFO - Filling up the DagBag from /media/prempeh/Nouveau nom/MASTER2/DATA ENGINEERING/airflow/py_env/lib/python3.10/site-packages/airflow/example_dags/example_branch_operator.py
[2023-01-14T21:13:22.673+0000] {processor.py:753} INFO - DAG(s) dict_keys(['example_branch_operator']) retrieved from /media/prempeh/Nouveau nom/MASTER2/DATA ENGINEERING/airflow/py_env/lib/python3.10/site-packages/airflow/example_dags/example_branch_operator.py
[2023-01-14T21:13:22.889+0000] {logging_mixin.py:137} INFO - [2023-01-14T21:13:22.888+0000] {dag.py:2676} INFO - Sync 1 DAGs
[2023-01-14T21:13:23.043+0000] {logging_mixin.py:137} INFO - [2023-01-14T21:13:23.042+0000] {dag.py:3423} INFO - Setting next_dagrun for example_branch_operator to 2023-01-13T00:00:00+00:00, run_after=2023-01-14T00:00:00+00:00
[2023-01-14T21:13:23.187+0000] {processor.py:175} INFO - Processing /media/prempeh/Nouveau nom/MASTER2/DATA ENGINEERING/airflow/py_env/lib/python3.10/site-packages/airflow/example_dags/example_branch_operator.py took 0.707 seconds
[2023-01-14T21:14:34.358+0000] {processor.py:153} INFO - Started process (PID=8331) to work on /media/prempeh/Nouveau nom/MASTER2/DATA ENGINEERING/airflow/py_env/lib/python3.10/site-packages/airflow/example_dags/example_branch_operator.py
[2023-01-14T21:14:34.361+0000] {processor.py:743} INFO - Processing file /media/prempeh/Nouveau nom/MASTER2/DATA ENGINEERING/airflow/py_env/lib/python3.10/site-packages/airflow/example_dags/example_branch_operator.py for tasks to queue
[2023-01-14T21:14:34.365+0000] {logging_mixin.py:137} INFO - [2023-01-14T21:14:34.364+0000] {dagbag.py:538} INFO - Filling up the DagBag from /media/prempeh/Nouveau nom/MASTER2/DATA ENGINEERING/airflow/py_env/lib/python3.10/site-packages/airflow/example_dags/example_branch_operator.py
[2023-01-14T21:14:34.511+0000] {processor.py:753} INFO - DAG(s) dict_keys(['example_branch_operator']) retrieved from /media/prempeh/Nouveau nom/MASTER2/DATA ENGINEERING/airflow/py_env/lib/python3.10/site-packages/airflow/example_dags/example_branch_operator.py
[2023-01-14T21:14:34.656+0000] {logging_mixin.py:137} INFO - [2023-01-14T21:14:34.656+0000] {dag.py:2676} INFO - Sync 1 DAGs
[2023-01-14T21:14:34.727+0000] {logging_mixin.py:137} INFO - [2023-01-14T21:14:34.727+0000] {dag.py:3423} INFO - Setting next_dagrun for example_branch_operator to 2023-01-13T00:00:00+00:00, run_after=2023-01-14T00:00:00+00:00
[2023-01-14T21:14:34.802+0000] {processor.py:175} INFO - Processing /media/prempeh/Nouveau nom/MASTER2/DATA ENGINEERING/airflow/py_env/lib/python3.10/site-packages/airflow/example_dags/example_branch_operator.py took 0.455 seconds
[2023-01-14T21:15:46.195+0000] {processor.py:153} INFO - Started process (PID=8758) to work on /media/prempeh/Nouveau nom/MASTER2/DATA ENGINEERING/airflow/py_env/lib/python3.10/site-packages/airflow/example_dags/example_branch_operator.py
[2023-01-14T21:15:46.198+0000] {processor.py:743} INFO - Processing file /media/prempeh/Nouveau nom/MASTER2/DATA ENGINEERING/airflow/py_env/lib/python3.10/site-packages/airflow/example_dags/example_branch_operator.py for tasks to queue
[2023-01-14T21:15:46.202+0000] {logging_mixin.py:137} INFO - [2023-01-14T21:15:46.202+0000] {dagbag.py:538} INFO - Filling up the DagBag from /media/prempeh/Nouveau nom/MASTER2/DATA ENGINEERING/airflow/py_env/lib/python3.10/site-packages/airflow/example_dags/example_branch_operator.py
[2023-01-14T21:15:46.336+0000] {processor.py:753} INFO - DAG(s) dict_keys(['example_branch_operator']) retrieved from /media/prempeh/Nouveau nom/MASTER2/DATA ENGINEERING/airflow/py_env/lib/python3.10/site-packages/airflow/example_dags/example_branch_operator.py
[2023-01-14T21:15:46.469+0000] {logging_mixin.py:137} INFO - [2023-01-14T21:15:46.469+0000] {dag.py:2676} INFO - Sync 1 DAGs
[2023-01-14T21:15:46.554+0000] {logging_mixin.py:137} INFO - [2023-01-14T21:15:46.553+0000] {dag.py:3423} INFO - Setting next_dagrun for example_branch_operator to 2023-01-13T00:00:00+00:00, run_after=2023-01-14T00:00:00+00:00
[2023-01-14T21:15:46.710+0000] {processor.py:175} INFO - Processing /media/prempeh/Nouveau nom/MASTER2/DATA ENGINEERING/airflow/py_env/lib/python3.10/site-packages/airflow/example_dags/example_branch_operator.py took 0.523 seconds
[2023-01-14T21:16:57.896+0000] {processor.py:153} INFO - Started process (PID=9069) to work on /media/prempeh/Nouveau nom/MASTER2/DATA ENGINEERING/airflow/py_env/lib/python3.10/site-packages/airflow/example_dags/example_branch_operator.py
[2023-01-14T21:16:57.899+0000] {processor.py:743} INFO - Processing file /media/prempeh/Nouveau nom/MASTER2/DATA ENGINEERING/airflow/py_env/lib/python3.10/site-packages/airflow/example_dags/example_branch_operator.py for tasks to queue
[2023-01-14T21:16:57.903+0000] {logging_mixin.py:137} INFO - [2023-01-14T21:16:57.903+0000] {dagbag.py:538} INFO - Filling up the DagBag from /media/prempeh/Nouveau nom/MASTER2/DATA ENGINEERING/airflow/py_env/lib/python3.10/site-packages/airflow/example_dags/example_branch_operator.py
[2023-01-14T21:16:58.050+0000] {processor.py:753} INFO - DAG(s) dict_keys(['example_branch_operator']) retrieved from /media/prempeh/Nouveau nom/MASTER2/DATA ENGINEERING/airflow/py_env/lib/python3.10/site-packages/airflow/example_dags/example_branch_operator.py
[2023-01-14T21:16:58.248+0000] {logging_mixin.py:137} INFO - [2023-01-14T21:16:58.247+0000] {dag.py:2676} INFO - Sync 1 DAGs
[2023-01-14T21:16:58.344+0000] {logging_mixin.py:137} INFO - [2023-01-14T21:16:58.344+0000] {dag.py:3423} INFO - Setting next_dagrun for example_branch_operator to 2023-01-13T00:00:00+00:00, run_after=2023-01-14T00:00:00+00:00
[2023-01-14T21:16:58.429+0000] {processor.py:175} INFO - Processing /media/prempeh/Nouveau nom/MASTER2/DATA ENGINEERING/airflow/py_env/lib/python3.10/site-packages/airflow/example_dags/example_branch_operator.py took 0.541 seconds
[2023-01-14T21:18:08.817+0000] {processor.py:153} INFO - Started process (PID=9257) to work on /media/prempeh/Nouveau nom/MASTER2/DATA ENGINEERING/airflow/py_env/lib/python3.10/site-packages/airflow/example_dags/example_branch_operator.py
[2023-01-14T21:18:08.820+0000] {processor.py:743} INFO - Processing file /media/prempeh/Nouveau nom/MASTER2/DATA ENGINEERING/airflow/py_env/lib/python3.10/site-packages/airflow/example_dags/example_branch_operator.py for tasks to queue
[2023-01-14T21:18:08.824+0000] {logging_mixin.py:137} INFO - [2023-01-14T21:18:08.824+0000] {dagbag.py:538} INFO - Filling up the DagBag from /media/prempeh/Nouveau nom/MASTER2/DATA ENGINEERING/airflow/py_env/lib/python3.10/site-packages/airflow/example_dags/example_branch_operator.py
[2023-01-14T21:18:08.970+0000] {processor.py:753} INFO - DAG(s) dict_keys(['example_branch_operator']) retrieved from /media/prempeh/Nouveau nom/MASTER2/DATA ENGINEERING/airflow/py_env/lib/python3.10/site-packages/airflow/example_dags/example_branch_operator.py
[2023-01-14T21:18:09.108+0000] {logging_mixin.py:137} INFO - [2023-01-14T21:18:09.107+0000] {dag.py:2676} INFO - Sync 1 DAGs
[2023-01-14T21:18:09.178+0000] {logging_mixin.py:137} INFO - [2023-01-14T21:18:09.177+0000] {dag.py:3423} INFO - Setting next_dagrun for example_branch_operator to 2023-01-13T00:00:00+00:00, run_after=2023-01-14T00:00:00+00:00
[2023-01-14T21:18:09.250+0000] {processor.py:175} INFO - Processing /media/prempeh/Nouveau nom/MASTER2/DATA ENGINEERING/airflow/py_env/lib/python3.10/site-packages/airflow/example_dags/example_branch_operator.py took 0.441 seconds
[2023-01-14T21:19:23.470+0000] {processor.py:153} INFO - Started process (PID=9515) to work on /media/prempeh/Nouveau nom/MASTER2/DATA ENGINEERING/airflow/py_env/lib/python3.10/site-packages/airflow/example_dags/example_branch_operator.py
[2023-01-14T21:19:23.474+0000] {processor.py:743} INFO - Processing file /media/prempeh/Nouveau nom/MASTER2/DATA ENGINEERING/airflow/py_env/lib/python3.10/site-packages/airflow/example_dags/example_branch_operator.py for tasks to queue
[2023-01-14T21:19:23.479+0000] {logging_mixin.py:137} INFO - [2023-01-14T21:19:23.478+0000] {dagbag.py:538} INFO - Filling up the DagBag from /media/prempeh/Nouveau nom/MASTER2/DATA ENGINEERING/airflow/py_env/lib/python3.10/site-packages/airflow/example_dags/example_branch_operator.py
[2023-01-14T21:19:23.656+0000] {processor.py:753} INFO - DAG(s) dict_keys(['example_branch_operator']) retrieved from /media/prempeh/Nouveau nom/MASTER2/DATA ENGINEERING/airflow/py_env/lib/python3.10/site-packages/airflow/example_dags/example_branch_operator.py
[2023-01-14T21:19:23.812+0000] {logging_mixin.py:137} INFO - [2023-01-14T21:19:23.812+0000] {dag.py:2676} INFO - Sync 1 DAGs
[2023-01-14T21:19:23.872+0000] {logging_mixin.py:137} INFO - [2023-01-14T21:19:23.871+0000] {dag.py:3423} INFO - Setting next_dagrun for example_branch_operator to 2023-01-13T00:00:00+00:00, run_after=2023-01-14T00:00:00+00:00
[2023-01-14T21:19:23.933+0000] {processor.py:175} INFO - Processing /media/prempeh/Nouveau nom/MASTER2/DATA ENGINEERING/airflow/py_env/lib/python3.10/site-packages/airflow/example_dags/example_branch_operator.py took 0.472 seconds
[2023-01-14T21:20:34.539+0000] {processor.py:153} INFO - Started process (PID=9793) to work on /media/prempeh/Nouveau nom/MASTER2/DATA ENGINEERING/airflow/py_env/lib/python3.10/site-packages/airflow/example_dags/example_branch_operator.py
[2023-01-14T21:20:34.542+0000] {processor.py:743} INFO - Processing file /media/prempeh/Nouveau nom/MASTER2/DATA ENGINEERING/airflow/py_env/lib/python3.10/site-packages/airflow/example_dags/example_branch_operator.py for tasks to queue
[2023-01-14T21:20:34.546+0000] {logging_mixin.py:137} INFO - [2023-01-14T21:20:34.546+0000] {dagbag.py:538} INFO - Filling up the DagBag from /media/prempeh/Nouveau nom/MASTER2/DATA ENGINEERING/airflow/py_env/lib/python3.10/site-packages/airflow/example_dags/example_branch_operator.py
[2023-01-14T21:20:34.693+0000] {processor.py:753} INFO - DAG(s) dict_keys(['example_branch_operator']) retrieved from /media/prempeh/Nouveau nom/MASTER2/DATA ENGINEERING/airflow/py_env/lib/python3.10/site-packages/airflow/example_dags/example_branch_operator.py
[2023-01-14T21:20:34.867+0000] {logging_mixin.py:137} INFO - [2023-01-14T21:20:34.866+0000] {dag.py:2676} INFO - Sync 1 DAGs
[2023-01-14T21:20:34.942+0000] {logging_mixin.py:137} INFO - [2023-01-14T21:20:34.941+0000] {dag.py:3423} INFO - Setting next_dagrun for example_branch_operator to 2023-01-13T00:00:00+00:00, run_after=2023-01-14T00:00:00+00:00
[2023-01-14T21:20:35.009+0000] {processor.py:175} INFO - Processing /media/prempeh/Nouveau nom/MASTER2/DATA ENGINEERING/airflow/py_env/lib/python3.10/site-packages/airflow/example_dags/example_branch_operator.py took 0.479 seconds
[2023-01-14T21:21:43.045+0000] {processor.py:153} INFO - Started process (PID=9844) to work on /media/prempeh/Nouveau nom/MASTER2/DATA ENGINEERING/airflow/py_env/lib/python3.10/site-packages/airflow/example_dags/example_branch_operator.py
[2023-01-14T21:21:43.047+0000] {processor.py:743} INFO - Processing file /media/prempeh/Nouveau nom/MASTER2/DATA ENGINEERING/airflow/py_env/lib/python3.10/site-packages/airflow/example_dags/example_branch_operator.py for tasks to queue
[2023-01-14T21:21:43.052+0000] {logging_mixin.py:137} INFO - [2023-01-14T21:21:43.051+0000] {dagbag.py:538} INFO - Filling up the DagBag from /media/prempeh/Nouveau nom/MASTER2/DATA ENGINEERING/airflow/py_env/lib/python3.10/site-packages/airflow/example_dags/example_branch_operator.py
[2023-01-14T21:21:43.174+0000] {processor.py:753} INFO - DAG(s) dict_keys(['example_branch_operator']) retrieved from /media/prempeh/Nouveau nom/MASTER2/DATA ENGINEERING/airflow/py_env/lib/python3.10/site-packages/airflow/example_dags/example_branch_operator.py
[2023-01-14T21:21:43.349+0000] {logging_mixin.py:137} INFO - [2023-01-14T21:21:43.349+0000] {dag.py:2676} INFO - Sync 1 DAGs
[2023-01-14T21:21:43.416+0000] {logging_mixin.py:137} INFO - [2023-01-14T21:21:43.415+0000] {dag.py:3423} INFO - Setting next_dagrun for example_branch_operator to 2023-01-13T00:00:00+00:00, run_after=2023-01-14T00:00:00+00:00
[2023-01-14T21:21:43.503+0000] {processor.py:175} INFO - Processing /media/prempeh/Nouveau nom/MASTER2/DATA ENGINEERING/airflow/py_env/lib/python3.10/site-packages/airflow/example_dags/example_branch_operator.py took 0.467 seconds
[2023-01-14T21:22:58.467+0000] {processor.py:153} INFO - Started process (PID=10261) to work on /media/prempeh/Nouveau nom/MASTER2/DATA ENGINEERING/airflow/py_env/lib/python3.10/site-packages/airflow/example_dags/example_branch_operator.py
[2023-01-14T21:22:58.469+0000] {processor.py:743} INFO - Processing file /media/prempeh/Nouveau nom/MASTER2/DATA ENGINEERING/airflow/py_env/lib/python3.10/site-packages/airflow/example_dags/example_branch_operator.py for tasks to queue
[2023-01-14T21:22:58.474+0000] {logging_mixin.py:137} INFO - [2023-01-14T21:22:58.473+0000] {dagbag.py:538} INFO - Filling up the DagBag from /media/prempeh/Nouveau nom/MASTER2/DATA ENGINEERING/airflow/py_env/lib/python3.10/site-packages/airflow/example_dags/example_branch_operator.py
[2023-01-14T21:22:58.596+0000] {processor.py:753} INFO - DAG(s) dict_keys(['example_branch_operator']) retrieved from /media/prempeh/Nouveau nom/MASTER2/DATA ENGINEERING/airflow/py_env/lib/python3.10/site-packages/airflow/example_dags/example_branch_operator.py
[2023-01-14T21:22:58.718+0000] {logging_mixin.py:137} INFO - [2023-01-14T21:22:58.717+0000] {dag.py:2676} INFO - Sync 1 DAGs
[2023-01-14T21:22:58.788+0000] {logging_mixin.py:137} INFO - [2023-01-14T21:22:58.788+0000] {dag.py:3423} INFO - Setting next_dagrun for example_branch_operator to 2023-01-13T00:00:00+00:00, run_after=2023-01-14T00:00:00+00:00
[2023-01-14T21:22:58.854+0000] {processor.py:175} INFO - Processing /media/prempeh/Nouveau nom/MASTER2/DATA ENGINEERING/airflow/py_env/lib/python3.10/site-packages/airflow/example_dags/example_branch_operator.py took 0.396 seconds
[2023-01-14T21:24:08.632+0000] {processor.py:153} INFO - Started process (PID=10372) to work on /media/prempeh/Nouveau nom/MASTER2/DATA ENGINEERING/airflow/py_env/lib/python3.10/site-packages/airflow/example_dags/example_branch_operator.py
[2023-01-14T21:24:08.635+0000] {processor.py:743} INFO - Processing file /media/prempeh/Nouveau nom/MASTER2/DATA ENGINEERING/airflow/py_env/lib/python3.10/site-packages/airflow/example_dags/example_branch_operator.py for tasks to queue
[2023-01-14T21:24:08.641+0000] {logging_mixin.py:137} INFO - [2023-01-14T21:24:08.640+0000] {dagbag.py:538} INFO - Filling up the DagBag from /media/prempeh/Nouveau nom/MASTER2/DATA ENGINEERING/airflow/py_env/lib/python3.10/site-packages/airflow/example_dags/example_branch_operator.py
[2023-01-14T21:24:08.785+0000] {processor.py:753} INFO - DAG(s) dict_keys(['example_branch_operator']) retrieved from /media/prempeh/Nouveau nom/MASTER2/DATA ENGINEERING/airflow/py_env/lib/python3.10/site-packages/airflow/example_dags/example_branch_operator.py
[2023-01-14T21:24:08.925+0000] {logging_mixin.py:137} INFO - [2023-01-14T21:24:08.924+0000] {dag.py:2676} INFO - Sync 1 DAGs
[2023-01-14T21:24:09.000+0000] {logging_mixin.py:137} INFO - [2023-01-14T21:24:09.000+0000] {dag.py:3423} INFO - Setting next_dagrun for example_branch_operator to 2023-01-13T00:00:00+00:00, run_after=2023-01-14T00:00:00+00:00
[2023-01-14T21:24:09.074+0000] {processor.py:175} INFO - Processing /media/prempeh/Nouveau nom/MASTER2/DATA ENGINEERING/airflow/py_env/lib/python3.10/site-packages/airflow/example_dags/example_branch_operator.py took 0.452 seconds
[2023-01-14T21:25:13.511+0000] {processor.py:153} INFO - Started process (PID=10458) to work on /media/prempeh/Nouveau nom/MASTER2/DATA ENGINEERING/airflow/py_env/lib/python3.10/site-packages/airflow/example_dags/example_branch_operator.py
[2023-01-14T21:25:13.514+0000] {processor.py:743} INFO - Processing file /media/prempeh/Nouveau nom/MASTER2/DATA ENGINEERING/airflow/py_env/lib/python3.10/site-packages/airflow/example_dags/example_branch_operator.py for tasks to queue
[2023-01-14T21:25:13.522+0000] {logging_mixin.py:137} INFO - [2023-01-14T21:25:13.522+0000] {dagbag.py:538} INFO - Filling up the DagBag from /media/prempeh/Nouveau nom/MASTER2/DATA ENGINEERING/airflow/py_env/lib/python3.10/site-packages/airflow/example_dags/example_branch_operator.py
[2023-01-14T21:25:13.656+0000] {processor.py:753} INFO - DAG(s) dict_keys(['example_branch_operator']) retrieved from /media/prempeh/Nouveau nom/MASTER2/DATA ENGINEERING/airflow/py_env/lib/python3.10/site-packages/airflow/example_dags/example_branch_operator.py
[2023-01-14T21:25:13.829+0000] {logging_mixin.py:137} INFO - [2023-01-14T21:25:13.829+0000] {dag.py:2676} INFO - Sync 1 DAGs
[2023-01-14T21:25:13.925+0000] {logging_mixin.py:137} INFO - [2023-01-14T21:25:13.925+0000] {dag.py:3423} INFO - Setting next_dagrun for example_branch_operator to 2023-01-13T00:00:00+00:00, run_after=2023-01-14T00:00:00+00:00
[2023-01-14T21:25:14.006+0000] {processor.py:175} INFO - Processing /media/prempeh/Nouveau nom/MASTER2/DATA ENGINEERING/airflow/py_env/lib/python3.10/site-packages/airflow/example_dags/example_branch_operator.py took 0.504 seconds
[2023-01-14T21:26:28.705+0000] {processor.py:153} INFO - Started process (PID=10586) to work on /media/prempeh/Nouveau nom/MASTER2/DATA ENGINEERING/airflow/py_env/lib/python3.10/site-packages/airflow/example_dags/example_branch_operator.py
[2023-01-14T21:26:28.710+0000] {processor.py:743} INFO - Processing file /media/prempeh/Nouveau nom/MASTER2/DATA ENGINEERING/airflow/py_env/lib/python3.10/site-packages/airflow/example_dags/example_branch_operator.py for tasks to queue
[2023-01-14T21:26:28.721+0000] {logging_mixin.py:137} INFO - [2023-01-14T21:26:28.721+0000] {dagbag.py:538} INFO - Filling up the DagBag from /media/prempeh/Nouveau nom/MASTER2/DATA ENGINEERING/airflow/py_env/lib/python3.10/site-packages/airflow/example_dags/example_branch_operator.py
[2023-01-14T21:26:28.969+0000] {processor.py:753} INFO - DAG(s) dict_keys(['example_branch_operator']) retrieved from /media/prempeh/Nouveau nom/MASTER2/DATA ENGINEERING/airflow/py_env/lib/python3.10/site-packages/airflow/example_dags/example_branch_operator.py
[2023-01-14T21:26:29.217+0000] {logging_mixin.py:137} INFO - [2023-01-14T21:26:29.217+0000] {dag.py:2676} INFO - Sync 1 DAGs
[2023-01-14T21:26:29.355+0000] {logging_mixin.py:137} INFO - [2023-01-14T21:26:29.354+0000] {dag.py:3423} INFO - Setting next_dagrun for example_branch_operator to 2023-01-13T00:00:00+00:00, run_after=2023-01-14T00:00:00+00:00
[2023-01-14T21:26:29.486+0000] {processor.py:175} INFO - Processing /media/prempeh/Nouveau nom/MASTER2/DATA ENGINEERING/airflow/py_env/lib/python3.10/site-packages/airflow/example_dags/example_branch_operator.py took 0.796 seconds
[2023-01-14T21:27:37.832+0000] {processor.py:153} INFO - Started process (PID=10902) to work on /media/prempeh/Nouveau nom/MASTER2/DATA ENGINEERING/airflow/py_env/lib/python3.10/site-packages/airflow/example_dags/example_branch_operator.py
[2023-01-14T21:27:37.835+0000] {processor.py:743} INFO - Processing file /media/prempeh/Nouveau nom/MASTER2/DATA ENGINEERING/airflow/py_env/lib/python3.10/site-packages/airflow/example_dags/example_branch_operator.py for tasks to queue
[2023-01-14T21:27:37.839+0000] {logging_mixin.py:137} INFO - [2023-01-14T21:27:37.839+0000] {dagbag.py:538} INFO - Filling up the DagBag from /media/prempeh/Nouveau nom/MASTER2/DATA ENGINEERING/airflow/py_env/lib/python3.10/site-packages/airflow/example_dags/example_branch_operator.py
[2023-01-14T21:27:37.968+0000] {processor.py:753} INFO - DAG(s) dict_keys(['example_branch_operator']) retrieved from /media/prempeh/Nouveau nom/MASTER2/DATA ENGINEERING/airflow/py_env/lib/python3.10/site-packages/airflow/example_dags/example_branch_operator.py
[2023-01-14T21:27:38.109+0000] {logging_mixin.py:137} INFO - [2023-01-14T21:27:38.108+0000] {dag.py:2676} INFO - Sync 1 DAGs
[2023-01-14T21:27:38.179+0000] {logging_mixin.py:137} INFO - [2023-01-14T21:27:38.178+0000] {dag.py:3423} INFO - Setting next_dagrun for example_branch_operator to 2023-01-13T00:00:00+00:00, run_after=2023-01-14T00:00:00+00:00
[2023-01-14T21:27:38.250+0000] {processor.py:175} INFO - Processing /media/prempeh/Nouveau nom/MASTER2/DATA ENGINEERING/airflow/py_env/lib/python3.10/site-packages/airflow/example_dags/example_branch_operator.py took 0.427 seconds
