[2023-01-14T20:53:05.640+0000] {processor.py:153} INFO - Started process (PID=6417) to work on /media/prempeh/Nouveau nom/MASTER2/DATA ENGINEERING/airflow/py_env/lib/python3.10/site-packages/airflow/example_dags/example_short_circuit_decorator.py
[2023-01-14T20:53:05.643+0000] {processor.py:743} INFO - Processing file /media/prempeh/Nouveau nom/MASTER2/DATA ENGINEERING/airflow/py_env/lib/python3.10/site-packages/airflow/example_dags/example_short_circuit_decorator.py for tasks to queue
[2023-01-14T20:53:05.647+0000] {logging_mixin.py:137} INFO - [2023-01-14T20:53:05.646+0000] {dagbag.py:538} INFO - Filling up the DagBag from /media/prempeh/Nouveau nom/MASTER2/DATA ENGINEERING/airflow/py_env/lib/python3.10/site-packages/airflow/example_dags/example_short_circuit_decorator.py
[2023-01-14T20:53:05.843+0000] {processor.py:753} INFO - DAG(s) dict_keys(['example_short_circuit_decorator']) retrieved from /media/prempeh/Nouveau nom/MASTER2/DATA ENGINEERING/airflow/py_env/lib/python3.10/site-packages/airflow/example_dags/example_short_circuit_decorator.py
[2023-01-14T20:53:06.503+0000] {logging_mixin.py:137} INFO - [2023-01-14T20:53:06.503+0000] {manager.py:504} INFO - Created Permission View: can edit on DAG:example_short_circuit_decorator
[2023-01-14T20:53:06.534+0000] {logging_mixin.py:137} INFO - [2023-01-14T20:53:06.533+0000] {manager.py:504} INFO - Created Permission View: can delete on DAG:example_short_circuit_decorator
[2023-01-14T20:53:06.559+0000] {logging_mixin.py:137} INFO - [2023-01-14T20:53:06.559+0000] {manager.py:504} INFO - Created Permission View: can read on DAG:example_short_circuit_decorator
[2023-01-14T20:53:06.561+0000] {logging_mixin.py:137} INFO - [2023-01-14T20:53:06.560+0000] {dag.py:2676} INFO - Sync 1 DAGs
[2023-01-14T20:53:06.599+0000] {logging_mixin.py:137} INFO - [2023-01-14T20:53:06.598+0000] {dag.py:2697} INFO - Creating ORM DAG for example_short_circuit_decorator
[2023-01-14T20:53:06.629+0000] {logging_mixin.py:137} INFO - [2023-01-14T20:53:06.629+0000] {dag.py:3423} INFO - Setting next_dagrun for example_short_circuit_decorator to 2023-01-13T20:53:06.628458+00:00, run_after=2023-01-14T20:53:06.628458+00:00
[2023-01-14T20:53:06.699+0000] {processor.py:175} INFO - Processing /media/prempeh/Nouveau nom/MASTER2/DATA ENGINEERING/airflow/py_env/lib/python3.10/site-packages/airflow/example_dags/example_short_circuit_decorator.py took 1.069 seconds
[2023-01-14T20:54:17.718+0000] {processor.py:153} INFO - Started process (PID=6720) to work on /media/prempeh/Nouveau nom/MASTER2/DATA ENGINEERING/airflow/py_env/lib/python3.10/site-packages/airflow/example_dags/example_short_circuit_decorator.py
[2023-01-14T20:54:17.721+0000] {processor.py:743} INFO - Processing file /media/prempeh/Nouveau nom/MASTER2/DATA ENGINEERING/airflow/py_env/lib/python3.10/site-packages/airflow/example_dags/example_short_circuit_decorator.py for tasks to queue
[2023-01-14T20:54:17.725+0000] {logging_mixin.py:137} INFO - [2023-01-14T20:54:17.724+0000] {dagbag.py:538} INFO - Filling up the DagBag from /media/prempeh/Nouveau nom/MASTER2/DATA ENGINEERING/airflow/py_env/lib/python3.10/site-packages/airflow/example_dags/example_short_circuit_decorator.py
[2023-01-14T20:54:17.919+0000] {processor.py:753} INFO - DAG(s) dict_keys(['example_short_circuit_decorator']) retrieved from /media/prempeh/Nouveau nom/MASTER2/DATA ENGINEERING/airflow/py_env/lib/python3.10/site-packages/airflow/example_dags/example_short_circuit_decorator.py
[2023-01-14T20:54:18.046+0000] {logging_mixin.py:137} INFO - [2023-01-14T20:54:18.045+0000] {dag.py:2676} INFO - Sync 1 DAGs
[2023-01-14T20:54:18.109+0000] {logging_mixin.py:137} INFO - [2023-01-14T20:54:18.108+0000] {dag.py:3423} INFO - Setting next_dagrun for example_short_circuit_decorator to 2023-01-13T20:54:18.107880+00:00, run_after=2023-01-14T20:54:18.107880+00:00
[2023-01-14T20:54:18.188+0000] {processor.py:175} INFO - Processing /media/prempeh/Nouveau nom/MASTER2/DATA ENGINEERING/airflow/py_env/lib/python3.10/site-packages/airflow/example_dags/example_short_circuit_decorator.py took 0.480 seconds
[2023-01-14T20:55:18.925+0000] {processor.py:153} INFO - Started process (PID=6758) to work on /media/prempeh/Nouveau nom/MASTER2/DATA ENGINEERING/airflow/py_env/lib/python3.10/site-packages/airflow/example_dags/example_short_circuit_decorator.py
[2023-01-14T20:55:18.929+0000] {processor.py:743} INFO - Processing file /media/prempeh/Nouveau nom/MASTER2/DATA ENGINEERING/airflow/py_env/lib/python3.10/site-packages/airflow/example_dags/example_short_circuit_decorator.py for tasks to queue
[2023-01-14T20:55:18.937+0000] {logging_mixin.py:137} INFO - [2023-01-14T20:55:18.936+0000] {dagbag.py:538} INFO - Filling up the DagBag from /media/prempeh/Nouveau nom/MASTER2/DATA ENGINEERING/airflow/py_env/lib/python3.10/site-packages/airflow/example_dags/example_short_circuit_decorator.py
[2023-01-14T20:55:19.142+0000] {processor.py:753} INFO - DAG(s) dict_keys(['example_short_circuit_decorator']) retrieved from /media/prempeh/Nouveau nom/MASTER2/DATA ENGINEERING/airflow/py_env/lib/python3.10/site-packages/airflow/example_dags/example_short_circuit_decorator.py
[2023-01-14T20:55:19.279+0000] {logging_mixin.py:137} INFO - [2023-01-14T20:55:19.278+0000] {dag.py:2676} INFO - Sync 1 DAGs
[2023-01-14T20:55:19.349+0000] {logging_mixin.py:137} INFO - [2023-01-14T20:55:19.349+0000] {dag.py:3423} INFO - Setting next_dagrun for example_short_circuit_decorator to 2023-01-13T20:55:19.348732+00:00, run_after=2023-01-14T20:55:19.348732+00:00
[2023-01-14T20:55:19.421+0000] {processor.py:175} INFO - Processing /media/prempeh/Nouveau nom/MASTER2/DATA ENGINEERING/airflow/py_env/lib/python3.10/site-packages/airflow/example_dags/example_short_circuit_decorator.py took 0.508 seconds
[2023-01-14T20:56:16.581+0000] {processor.py:153} INFO - Started process (PID=6883) to work on /media/prempeh/Nouveau nom/MASTER2/DATA ENGINEERING/airflow/py_env/lib/python3.10/site-packages/airflow/example_dags/example_short_circuit_decorator.py
[2023-01-14T20:56:16.584+0000] {processor.py:743} INFO - Processing file /media/prempeh/Nouveau nom/MASTER2/DATA ENGINEERING/airflow/py_env/lib/python3.10/site-packages/airflow/example_dags/example_short_circuit_decorator.py for tasks to queue
[2023-01-14T20:56:16.591+0000] {logging_mixin.py:137} INFO - [2023-01-14T20:56:16.591+0000] {dagbag.py:538} INFO - Filling up the DagBag from /media/prempeh/Nouveau nom/MASTER2/DATA ENGINEERING/airflow/py_env/lib/python3.10/site-packages/airflow/example_dags/example_short_circuit_decorator.py
[2023-01-14T20:56:16.785+0000] {processor.py:753} INFO - DAG(s) dict_keys(['example_short_circuit_decorator']) retrieved from /media/prempeh/Nouveau nom/MASTER2/DATA ENGINEERING/airflow/py_env/lib/python3.10/site-packages/airflow/example_dags/example_short_circuit_decorator.py
[2023-01-14T20:56:16.943+0000] {logging_mixin.py:137} INFO - [2023-01-14T20:56:16.943+0000] {dag.py:2676} INFO - Sync 1 DAGs
[2023-01-14T20:56:17.038+0000] {logging_mixin.py:137} INFO - [2023-01-14T20:56:17.037+0000] {dag.py:3423} INFO - Setting next_dagrun for example_short_circuit_decorator to 2023-01-13T20:56:17.036241+00:00, run_after=2023-01-14T20:56:17.036241+00:00
[2023-01-14T20:56:17.132+0000] {processor.py:175} INFO - Processing /media/prempeh/Nouveau nom/MASTER2/DATA ENGINEERING/airflow/py_env/lib/python3.10/site-packages/airflow/example_dags/example_short_circuit_decorator.py took 0.560 seconds
[2023-01-14T20:57:18.405+0000] {processor.py:153} INFO - Started process (PID=7077) to work on /media/prempeh/Nouveau nom/MASTER2/DATA ENGINEERING/airflow/py_env/lib/python3.10/site-packages/airflow/example_dags/example_short_circuit_decorator.py
[2023-01-14T20:57:18.408+0000] {processor.py:743} INFO - Processing file /media/prempeh/Nouveau nom/MASTER2/DATA ENGINEERING/airflow/py_env/lib/python3.10/site-packages/airflow/example_dags/example_short_circuit_decorator.py for tasks to queue
[2023-01-14T20:57:18.412+0000] {logging_mixin.py:137} INFO - [2023-01-14T20:57:18.412+0000] {dagbag.py:538} INFO - Filling up the DagBag from /media/prempeh/Nouveau nom/MASTER2/DATA ENGINEERING/airflow/py_env/lib/python3.10/site-packages/airflow/example_dags/example_short_circuit_decorator.py
[2023-01-14T20:57:18.586+0000] {processor.py:753} INFO - DAG(s) dict_keys(['example_short_circuit_decorator']) retrieved from /media/prempeh/Nouveau nom/MASTER2/DATA ENGINEERING/airflow/py_env/lib/python3.10/site-packages/airflow/example_dags/example_short_circuit_decorator.py
[2023-01-14T20:57:18.734+0000] {logging_mixin.py:137} INFO - [2023-01-14T20:57:18.733+0000] {dag.py:2676} INFO - Sync 1 DAGs
[2023-01-14T20:57:18.794+0000] {logging_mixin.py:137} INFO - [2023-01-14T20:57:18.793+0000] {dag.py:3423} INFO - Setting next_dagrun for example_short_circuit_decorator to 2023-01-13T20:57:18.793212+00:00, run_after=2023-01-14T20:57:18.793212+00:00
[2023-01-14T20:57:18.869+0000] {processor.py:175} INFO - Processing /media/prempeh/Nouveau nom/MASTER2/DATA ENGINEERING/airflow/py_env/lib/python3.10/site-packages/airflow/example_dags/example_short_circuit_decorator.py took 0.472 seconds
[2023-01-14T20:58:16.453+0000] {processor.py:153} INFO - Started process (PID=7122) to work on /media/prempeh/Nouveau nom/MASTER2/DATA ENGINEERING/airflow/py_env/lib/python3.10/site-packages/airflow/example_dags/example_short_circuit_decorator.py
[2023-01-14T20:58:16.456+0000] {processor.py:743} INFO - Processing file /media/prempeh/Nouveau nom/MASTER2/DATA ENGINEERING/airflow/py_env/lib/python3.10/site-packages/airflow/example_dags/example_short_circuit_decorator.py for tasks to queue
[2023-01-14T20:58:16.460+0000] {logging_mixin.py:137} INFO - [2023-01-14T20:58:16.460+0000] {dagbag.py:538} INFO - Filling up the DagBag from /media/prempeh/Nouveau nom/MASTER2/DATA ENGINEERING/airflow/py_env/lib/python3.10/site-packages/airflow/example_dags/example_short_circuit_decorator.py
[2023-01-14T20:58:16.627+0000] {processor.py:753} INFO - DAG(s) dict_keys(['example_short_circuit_decorator']) retrieved from /media/prempeh/Nouveau nom/MASTER2/DATA ENGINEERING/airflow/py_env/lib/python3.10/site-packages/airflow/example_dags/example_short_circuit_decorator.py
[2023-01-14T20:58:16.775+0000] {logging_mixin.py:137} INFO - [2023-01-14T20:58:16.775+0000] {dag.py:2676} INFO - Sync 1 DAGs
[2023-01-14T20:58:16.836+0000] {logging_mixin.py:137} INFO - [2023-01-14T20:58:16.836+0000] {dag.py:3423} INFO - Setting next_dagrun for example_short_circuit_decorator to 2023-01-13T20:58:16.835751+00:00, run_after=2023-01-14T20:58:16.835751+00:00
[2023-01-14T20:58:16.906+0000] {processor.py:175} INFO - Processing /media/prempeh/Nouveau nom/MASTER2/DATA ENGINEERING/airflow/py_env/lib/python3.10/site-packages/airflow/example_dags/example_short_circuit_decorator.py took 0.460 seconds
[2023-01-14T20:59:10.102+0000] {processor.py:153} INFO - Started process (PID=7164) to work on /media/prempeh/Nouveau nom/MASTER2/DATA ENGINEERING/airflow/py_env/lib/python3.10/site-packages/airflow/example_dags/example_short_circuit_decorator.py
[2023-01-14T20:59:10.105+0000] {processor.py:743} INFO - Processing file /media/prempeh/Nouveau nom/MASTER2/DATA ENGINEERING/airflow/py_env/lib/python3.10/site-packages/airflow/example_dags/example_short_circuit_decorator.py for tasks to queue
[2023-01-14T20:59:10.109+0000] {logging_mixin.py:137} INFO - [2023-01-14T20:59:10.109+0000] {dagbag.py:538} INFO - Filling up the DagBag from /media/prempeh/Nouveau nom/MASTER2/DATA ENGINEERING/airflow/py_env/lib/python3.10/site-packages/airflow/example_dags/example_short_circuit_decorator.py
[2023-01-14T20:59:10.309+0000] {processor.py:753} INFO - DAG(s) dict_keys(['example_short_circuit_decorator']) retrieved from /media/prempeh/Nouveau nom/MASTER2/DATA ENGINEERING/airflow/py_env/lib/python3.10/site-packages/airflow/example_dags/example_short_circuit_decorator.py
[2023-01-14T20:59:10.446+0000] {logging_mixin.py:137} INFO - [2023-01-14T20:59:10.446+0000] {dag.py:2676} INFO - Sync 1 DAGs
[2023-01-14T20:59:10.515+0000] {logging_mixin.py:137} INFO - [2023-01-14T20:59:10.514+0000] {dag.py:3423} INFO - Setting next_dagrun for example_short_circuit_decorator to 2023-01-13T20:59:10.514075+00:00, run_after=2023-01-14T20:59:10.514075+00:00
[2023-01-14T20:59:10.589+0000] {processor.py:175} INFO - Processing /media/prempeh/Nouveau nom/MASTER2/DATA ENGINEERING/airflow/py_env/lib/python3.10/site-packages/airflow/example_dags/example_short_circuit_decorator.py took 0.499 seconds
[2023-01-14T20:59:58.381+0000] {processor.py:153} INFO - Started process (PID=7243) to work on /media/prempeh/Nouveau nom/MASTER2/DATA ENGINEERING/airflow/py_env/lib/python3.10/site-packages/airflow/example_dags/example_short_circuit_decorator.py
[2023-01-14T20:59:58.383+0000] {processor.py:743} INFO - Processing file /media/prempeh/Nouveau nom/MASTER2/DATA ENGINEERING/airflow/py_env/lib/python3.10/site-packages/airflow/example_dags/example_short_circuit_decorator.py for tasks to queue
[2023-01-14T20:59:58.387+0000] {logging_mixin.py:137} INFO - [2023-01-14T20:59:58.387+0000] {dagbag.py:538} INFO - Filling up the DagBag from /media/prempeh/Nouveau nom/MASTER2/DATA ENGINEERING/airflow/py_env/lib/python3.10/site-packages/airflow/example_dags/example_short_circuit_decorator.py
[2023-01-14T20:59:58.581+0000] {processor.py:753} INFO - DAG(s) dict_keys(['example_short_circuit_decorator']) retrieved from /media/prempeh/Nouveau nom/MASTER2/DATA ENGINEERING/airflow/py_env/lib/python3.10/site-packages/airflow/example_dags/example_short_circuit_decorator.py
[2023-01-14T20:59:58.722+0000] {logging_mixin.py:137} INFO - [2023-01-14T20:59:58.721+0000] {dag.py:2676} INFO - Sync 1 DAGs
[2023-01-14T20:59:58.802+0000] {logging_mixin.py:137} INFO - [2023-01-14T20:59:58.801+0000] {dag.py:3423} INFO - Setting next_dagrun for example_short_circuit_decorator to 2023-01-13T20:59:58.800186+00:00, run_after=2023-01-14T20:59:58.800186+00:00
[2023-01-14T20:59:58.892+0000] {processor.py:175} INFO - Processing /media/prempeh/Nouveau nom/MASTER2/DATA ENGINEERING/airflow/py_env/lib/python3.10/site-packages/airflow/example_dags/example_short_circuit_decorator.py took 0.521 seconds
[2023-01-14T21:00:54.186+0000] {processor.py:153} INFO - Started process (PID=7280) to work on /media/prempeh/Nouveau nom/MASTER2/DATA ENGINEERING/airflow/py_env/lib/python3.10/site-packages/airflow/example_dags/example_short_circuit_decorator.py
[2023-01-14T21:00:54.189+0000] {processor.py:743} INFO - Processing file /media/prempeh/Nouveau nom/MASTER2/DATA ENGINEERING/airflow/py_env/lib/python3.10/site-packages/airflow/example_dags/example_short_circuit_decorator.py for tasks to queue
[2023-01-14T21:00:54.195+0000] {logging_mixin.py:137} INFO - [2023-01-14T21:00:54.194+0000] {dagbag.py:538} INFO - Filling up the DagBag from /media/prempeh/Nouveau nom/MASTER2/DATA ENGINEERING/airflow/py_env/lib/python3.10/site-packages/airflow/example_dags/example_short_circuit_decorator.py
[2023-01-14T21:00:54.368+0000] {processor.py:753} INFO - DAG(s) dict_keys(['example_short_circuit_decorator']) retrieved from /media/prempeh/Nouveau nom/MASTER2/DATA ENGINEERING/airflow/py_env/lib/python3.10/site-packages/airflow/example_dags/example_short_circuit_decorator.py
[2023-01-14T21:00:54.490+0000] {logging_mixin.py:137} INFO - [2023-01-14T21:00:54.490+0000] {dag.py:2676} INFO - Sync 1 DAGs
[2023-01-14T21:00:54.551+0000] {logging_mixin.py:137} INFO - [2023-01-14T21:00:54.551+0000] {dag.py:3423} INFO - Setting next_dagrun for example_short_circuit_decorator to 2023-01-13T21:00:54.550480+00:00, run_after=2023-01-14T21:00:54.550480+00:00
[2023-01-14T21:00:54.626+0000] {processor.py:175} INFO - Processing /media/prempeh/Nouveau nom/MASTER2/DATA ENGINEERING/airflow/py_env/lib/python3.10/site-packages/airflow/example_dags/example_short_circuit_decorator.py took 0.451 seconds
[2023-01-14T21:01:50.705+0000] {processor.py:153} INFO - Started process (PID=7326) to work on /media/prempeh/Nouveau nom/MASTER2/DATA ENGINEERING/airflow/py_env/lib/python3.10/site-packages/airflow/example_dags/example_short_circuit_decorator.py
[2023-01-14T21:01:50.708+0000] {processor.py:743} INFO - Processing file /media/prempeh/Nouveau nom/MASTER2/DATA ENGINEERING/airflow/py_env/lib/python3.10/site-packages/airflow/example_dags/example_short_circuit_decorator.py for tasks to queue
[2023-01-14T21:01:50.713+0000] {logging_mixin.py:137} INFO - [2023-01-14T21:01:50.713+0000] {dagbag.py:538} INFO - Filling up the DagBag from /media/prempeh/Nouveau nom/MASTER2/DATA ENGINEERING/airflow/py_env/lib/python3.10/site-packages/airflow/example_dags/example_short_circuit_decorator.py
[2023-01-14T21:01:50.890+0000] {processor.py:753} INFO - DAG(s) dict_keys(['example_short_circuit_decorator']) retrieved from /media/prempeh/Nouveau nom/MASTER2/DATA ENGINEERING/airflow/py_env/lib/python3.10/site-packages/airflow/example_dags/example_short_circuit_decorator.py
[2023-01-14T21:01:51.019+0000] {logging_mixin.py:137} INFO - [2023-01-14T21:01:51.019+0000] {dag.py:2676} INFO - Sync 1 DAGs
[2023-01-14T21:01:51.085+0000] {logging_mixin.py:137} INFO - [2023-01-14T21:01:51.084+0000] {dag.py:3423} INFO - Setting next_dagrun for example_short_circuit_decorator to 2023-01-13T21:01:51.084027+00:00, run_after=2023-01-14T21:01:51.084027+00:00
[2023-01-14T21:01:51.157+0000] {processor.py:175} INFO - Processing /media/prempeh/Nouveau nom/MASTER2/DATA ENGINEERING/airflow/py_env/lib/python3.10/site-packages/airflow/example_dags/example_short_circuit_decorator.py took 0.461 seconds
[2023-01-14T21:02:42.738+0000] {processor.py:153} INFO - Started process (PID=7396) to work on /media/prempeh/Nouveau nom/MASTER2/DATA ENGINEERING/airflow/py_env/lib/python3.10/site-packages/airflow/example_dags/example_short_circuit_decorator.py
[2023-01-14T21:02:42.741+0000] {processor.py:743} INFO - Processing file /media/prempeh/Nouveau nom/MASTER2/DATA ENGINEERING/airflow/py_env/lib/python3.10/site-packages/airflow/example_dags/example_short_circuit_decorator.py for tasks to queue
[2023-01-14T21:02:42.746+0000] {logging_mixin.py:137} INFO - [2023-01-14T21:02:42.745+0000] {dagbag.py:538} INFO - Filling up the DagBag from /media/prempeh/Nouveau nom/MASTER2/DATA ENGINEERING/airflow/py_env/lib/python3.10/site-packages/airflow/example_dags/example_short_circuit_decorator.py
[2023-01-14T21:02:42.968+0000] {processor.py:753} INFO - DAG(s) dict_keys(['example_short_circuit_decorator']) retrieved from /media/prempeh/Nouveau nom/MASTER2/DATA ENGINEERING/airflow/py_env/lib/python3.10/site-packages/airflow/example_dags/example_short_circuit_decorator.py
[2023-01-14T21:02:43.250+0000] {logging_mixin.py:137} INFO - [2023-01-14T21:02:43.248+0000] {dag.py:2676} INFO - Sync 1 DAGs
[2023-01-14T21:02:43.407+0000] {logging_mixin.py:137} INFO - [2023-01-14T21:02:43.405+0000] {dag.py:3423} INFO - Setting next_dagrun for example_short_circuit_decorator to 2023-01-13T21:02:43.403904+00:00, run_after=2023-01-14T21:02:43.403904+00:00
[2023-01-14T21:02:43.564+0000] {processor.py:175} INFO - Processing /media/prempeh/Nouveau nom/MASTER2/DATA ENGINEERING/airflow/py_env/lib/python3.10/site-packages/airflow/example_dags/example_short_circuit_decorator.py took 0.834 seconds
[2023-01-14T21:03:33.422+0000] {processor.py:153} INFO - Started process (PID=7444) to work on /media/prempeh/Nouveau nom/MASTER2/DATA ENGINEERING/airflow/py_env/lib/python3.10/site-packages/airflow/example_dags/example_short_circuit_decorator.py
[2023-01-14T21:03:33.428+0000] {processor.py:743} INFO - Processing file /media/prempeh/Nouveau nom/MASTER2/DATA ENGINEERING/airflow/py_env/lib/python3.10/site-packages/airflow/example_dags/example_short_circuit_decorator.py for tasks to queue
[2023-01-14T21:03:33.441+0000] {logging_mixin.py:137} INFO - [2023-01-14T21:03:33.441+0000] {dagbag.py:538} INFO - Filling up the DagBag from /media/prempeh/Nouveau nom/MASTER2/DATA ENGINEERING/airflow/py_env/lib/python3.10/site-packages/airflow/example_dags/example_short_circuit_decorator.py
[2023-01-14T21:03:33.765+0000] {processor.py:753} INFO - DAG(s) dict_keys(['example_short_circuit_decorator']) retrieved from /media/prempeh/Nouveau nom/MASTER2/DATA ENGINEERING/airflow/py_env/lib/python3.10/site-packages/airflow/example_dags/example_short_circuit_decorator.py
[2023-01-14T21:03:34.005+0000] {logging_mixin.py:137} INFO - [2023-01-14T21:03:34.005+0000] {dag.py:2676} INFO - Sync 1 DAGs
[2023-01-14T21:03:34.136+0000] {logging_mixin.py:137} INFO - [2023-01-14T21:03:34.135+0000] {dag.py:3423} INFO - Setting next_dagrun for example_short_circuit_decorator to 2023-01-13T21:03:34.134558+00:00, run_after=2023-01-14T21:03:34.134558+00:00
[2023-01-14T21:03:34.259+0000] {processor.py:175} INFO - Processing /media/prempeh/Nouveau nom/MASTER2/DATA ENGINEERING/airflow/py_env/lib/python3.10/site-packages/airflow/example_dags/example_short_circuit_decorator.py took 0.857 seconds
[2023-01-14T21:04:39.786+0000] {processor.py:153} INFO - Started process (PID=7509) to work on /media/prempeh/Nouveau nom/MASTER2/DATA ENGINEERING/airflow/py_env/lib/python3.10/site-packages/airflow/example_dags/example_short_circuit_decorator.py
[2023-01-14T21:04:39.789+0000] {processor.py:743} INFO - Processing file /media/prempeh/Nouveau nom/MASTER2/DATA ENGINEERING/airflow/py_env/lib/python3.10/site-packages/airflow/example_dags/example_short_circuit_decorator.py for tasks to queue
[2023-01-14T21:04:39.793+0000] {logging_mixin.py:137} INFO - [2023-01-14T21:04:39.793+0000] {dagbag.py:538} INFO - Filling up the DagBag from /media/prempeh/Nouveau nom/MASTER2/DATA ENGINEERING/airflow/py_env/lib/python3.10/site-packages/airflow/example_dags/example_short_circuit_decorator.py
[2023-01-14T21:04:40.013+0000] {processor.py:753} INFO - DAG(s) dict_keys(['example_short_circuit_decorator']) retrieved from /media/prempeh/Nouveau nom/MASTER2/DATA ENGINEERING/airflow/py_env/lib/python3.10/site-packages/airflow/example_dags/example_short_circuit_decorator.py
[2023-01-14T21:04:40.159+0000] {logging_mixin.py:137} INFO - [2023-01-14T21:04:40.159+0000] {dag.py:2676} INFO - Sync 1 DAGs
[2023-01-14T21:04:40.221+0000] {logging_mixin.py:137} INFO - [2023-01-14T21:04:40.220+0000] {dag.py:3423} INFO - Setting next_dagrun for example_short_circuit_decorator to 2023-01-13T21:04:40.220200+00:00, run_after=2023-01-14T21:04:40.220200+00:00
[2023-01-14T21:04:40.290+0000] {processor.py:175} INFO - Processing /media/prempeh/Nouveau nom/MASTER2/DATA ENGINEERING/airflow/py_env/lib/python3.10/site-packages/airflow/example_dags/example_short_circuit_decorator.py took 0.512 seconds
[2023-01-14T21:05:36.810+0000] {processor.py:153} INFO - Started process (PID=7560) to work on /media/prempeh/Nouveau nom/MASTER2/DATA ENGINEERING/airflow/py_env/lib/python3.10/site-packages/airflow/example_dags/example_short_circuit_decorator.py
[2023-01-14T21:05:36.813+0000] {processor.py:743} INFO - Processing file /media/prempeh/Nouveau nom/MASTER2/DATA ENGINEERING/airflow/py_env/lib/python3.10/site-packages/airflow/example_dags/example_short_circuit_decorator.py for tasks to queue
[2023-01-14T21:05:36.819+0000] {logging_mixin.py:137} INFO - [2023-01-14T21:05:36.818+0000] {dagbag.py:538} INFO - Filling up the DagBag from /media/prempeh/Nouveau nom/MASTER2/DATA ENGINEERING/airflow/py_env/lib/python3.10/site-packages/airflow/example_dags/example_short_circuit_decorator.py
[2023-01-14T21:05:37.038+0000] {processor.py:753} INFO - DAG(s) dict_keys(['example_short_circuit_decorator']) retrieved from /media/prempeh/Nouveau nom/MASTER2/DATA ENGINEERING/airflow/py_env/lib/python3.10/site-packages/airflow/example_dags/example_short_circuit_decorator.py
[2023-01-14T21:05:37.202+0000] {logging_mixin.py:137} INFO - [2023-01-14T21:05:37.202+0000] {dag.py:2676} INFO - Sync 1 DAGs
[2023-01-14T21:05:37.303+0000] {logging_mixin.py:137} INFO - [2023-01-14T21:05:37.303+0000] {dag.py:3423} INFO - Setting next_dagrun for example_short_circuit_decorator to 2023-01-13T21:05:37.302165+00:00, run_after=2023-01-14T21:05:37.302165+00:00
[2023-01-14T21:05:37.412+0000] {processor.py:175} INFO - Processing /media/prempeh/Nouveau nom/MASTER2/DATA ENGINEERING/airflow/py_env/lib/python3.10/site-packages/airflow/example_dags/example_short_circuit_decorator.py took 0.612 seconds
[2023-01-14T21:06:43.570+0000] {processor.py:153} INFO - Started process (PID=7778) to work on /media/prempeh/Nouveau nom/MASTER2/DATA ENGINEERING/airflow/py_env/lib/python3.10/site-packages/airflow/example_dags/example_short_circuit_decorator.py
[2023-01-14T21:06:43.573+0000] {processor.py:743} INFO - Processing file /media/prempeh/Nouveau nom/MASTER2/DATA ENGINEERING/airflow/py_env/lib/python3.10/site-packages/airflow/example_dags/example_short_circuit_decorator.py for tasks to queue
[2023-01-14T21:06:43.577+0000] {logging_mixin.py:137} INFO - [2023-01-14T21:06:43.576+0000] {dagbag.py:538} INFO - Filling up the DagBag from /media/prempeh/Nouveau nom/MASTER2/DATA ENGINEERING/airflow/py_env/lib/python3.10/site-packages/airflow/example_dags/example_short_circuit_decorator.py
[2023-01-14T21:06:43.731+0000] {processor.py:753} INFO - DAG(s) dict_keys(['example_short_circuit_decorator']) retrieved from /media/prempeh/Nouveau nom/MASTER2/DATA ENGINEERING/airflow/py_env/lib/python3.10/site-packages/airflow/example_dags/example_short_circuit_decorator.py
[2023-01-14T21:06:43.840+0000] {logging_mixin.py:137} INFO - [2023-01-14T21:06:43.839+0000] {dag.py:2676} INFO - Sync 1 DAGs
[2023-01-14T21:06:43.895+0000] {logging_mixin.py:137} INFO - [2023-01-14T21:06:43.894+0000] {dag.py:3423} INFO - Setting next_dagrun for example_short_circuit_decorator to 2023-01-13T21:06:43.894253+00:00, run_after=2023-01-14T21:06:43.894253+00:00
[2023-01-14T21:06:43.956+0000] {processor.py:175} INFO - Processing /media/prempeh/Nouveau nom/MASTER2/DATA ENGINEERING/airflow/py_env/lib/python3.10/site-packages/airflow/example_dags/example_short_circuit_decorator.py took 0.392 seconds
[2023-01-14T21:08:17.030+0000] {processor.py:153} INFO - Started process (PID=8059) to work on /media/prempeh/Nouveau nom/MASTER2/DATA ENGINEERING/airflow/py_env/lib/python3.10/site-packages/airflow/example_dags/example_short_circuit_decorator.py
[2023-01-14T21:08:17.032+0000] {processor.py:743} INFO - Processing file /media/prempeh/Nouveau nom/MASTER2/DATA ENGINEERING/airflow/py_env/lib/python3.10/site-packages/airflow/example_dags/example_short_circuit_decorator.py for tasks to queue
[2023-01-14T21:08:17.037+0000] {logging_mixin.py:137} INFO - [2023-01-14T21:08:17.037+0000] {dagbag.py:538} INFO - Filling up the DagBag from /media/prempeh/Nouveau nom/MASTER2/DATA ENGINEERING/airflow/py_env/lib/python3.10/site-packages/airflow/example_dags/example_short_circuit_decorator.py
[2023-01-14T21:08:17.219+0000] {processor.py:753} INFO - DAG(s) dict_keys(['example_short_circuit_decorator']) retrieved from /media/prempeh/Nouveau nom/MASTER2/DATA ENGINEERING/airflow/py_env/lib/python3.10/site-packages/airflow/example_dags/example_short_circuit_decorator.py
[2023-01-14T21:08:17.340+0000] {logging_mixin.py:137} INFO - [2023-01-14T21:08:17.340+0000] {dag.py:2676} INFO - Sync 1 DAGs
[2023-01-14T21:08:17.403+0000] {logging_mixin.py:137} INFO - [2023-01-14T21:08:17.402+0000] {dag.py:3423} INFO - Setting next_dagrun for example_short_circuit_decorator to 2023-01-13T21:08:17.401876+00:00, run_after=2023-01-14T21:08:17.401876+00:00
[2023-01-14T21:08:17.479+0000] {processor.py:175} INFO - Processing /media/prempeh/Nouveau nom/MASTER2/DATA ENGINEERING/airflow/py_env/lib/python3.10/site-packages/airflow/example_dags/example_short_circuit_decorator.py took 0.457 seconds
[2023-01-14T21:09:18.313+0000] {processor.py:153} INFO - Started process (PID=8104) to work on /media/prempeh/Nouveau nom/MASTER2/DATA ENGINEERING/airflow/py_env/lib/python3.10/site-packages/airflow/example_dags/example_short_circuit_decorator.py
[2023-01-14T21:09:18.316+0000] {processor.py:743} INFO - Processing file /media/prempeh/Nouveau nom/MASTER2/DATA ENGINEERING/airflow/py_env/lib/python3.10/site-packages/airflow/example_dags/example_short_circuit_decorator.py for tasks to queue
[2023-01-14T21:09:18.325+0000] {logging_mixin.py:137} INFO - [2023-01-14T21:09:18.325+0000] {dagbag.py:538} INFO - Filling up the DagBag from /media/prempeh/Nouveau nom/MASTER2/DATA ENGINEERING/airflow/py_env/lib/python3.10/site-packages/airflow/example_dags/example_short_circuit_decorator.py
[2023-01-14T21:09:18.518+0000] {processor.py:753} INFO - DAG(s) dict_keys(['example_short_circuit_decorator']) retrieved from /media/prempeh/Nouveau nom/MASTER2/DATA ENGINEERING/airflow/py_env/lib/python3.10/site-packages/airflow/example_dags/example_short_circuit_decorator.py
[2023-01-14T21:09:18.647+0000] {logging_mixin.py:137} INFO - [2023-01-14T21:09:18.646+0000] {dag.py:2676} INFO - Sync 1 DAGs
[2023-01-14T21:09:18.718+0000] {logging_mixin.py:137} INFO - [2023-01-14T21:09:18.718+0000] {dag.py:3423} INFO - Setting next_dagrun for example_short_circuit_decorator to 2023-01-13T21:09:18.717626+00:00, run_after=2023-01-14T21:09:18.717626+00:00
[2023-01-14T21:09:18.792+0000] {processor.py:175} INFO - Processing /media/prempeh/Nouveau nom/MASTER2/DATA ENGINEERING/airflow/py_env/lib/python3.10/site-packages/airflow/example_dags/example_short_circuit_decorator.py took 0.488 seconds
[2023-01-14T21:10:17.985+0000] {processor.py:153} INFO - Started process (PID=8150) to work on /media/prempeh/Nouveau nom/MASTER2/DATA ENGINEERING/airflow/py_env/lib/python3.10/site-packages/airflow/example_dags/example_short_circuit_decorator.py
[2023-01-14T21:10:17.988+0000] {processor.py:743} INFO - Processing file /media/prempeh/Nouveau nom/MASTER2/DATA ENGINEERING/airflow/py_env/lib/python3.10/site-packages/airflow/example_dags/example_short_circuit_decorator.py for tasks to queue
[2023-01-14T21:10:17.993+0000] {logging_mixin.py:137} INFO - [2023-01-14T21:10:17.993+0000] {dagbag.py:538} INFO - Filling up the DagBag from /media/prempeh/Nouveau nom/MASTER2/DATA ENGINEERING/airflow/py_env/lib/python3.10/site-packages/airflow/example_dags/example_short_circuit_decorator.py
[2023-01-14T21:10:18.181+0000] {processor.py:753} INFO - DAG(s) dict_keys(['example_short_circuit_decorator']) retrieved from /media/prempeh/Nouveau nom/MASTER2/DATA ENGINEERING/airflow/py_env/lib/python3.10/site-packages/airflow/example_dags/example_short_circuit_decorator.py
[2023-01-14T21:10:18.314+0000] {logging_mixin.py:137} INFO - [2023-01-14T21:10:18.313+0000] {dag.py:2676} INFO - Sync 1 DAGs
[2023-01-14T21:10:18.381+0000] {logging_mixin.py:137} INFO - [2023-01-14T21:10:18.380+0000] {dag.py:3423} INFO - Setting next_dagrun for example_short_circuit_decorator to 2023-01-13T21:10:18.379807+00:00, run_after=2023-01-14T21:10:18.379807+00:00
[2023-01-14T21:10:18.450+0000] {processor.py:175} INFO - Processing /media/prempeh/Nouveau nom/MASTER2/DATA ENGINEERING/airflow/py_env/lib/python3.10/site-packages/airflow/example_dags/example_short_circuit_decorator.py took 0.476 seconds
[2023-01-14T21:11:20.857+0000] {processor.py:153} INFO - Started process (PID=8200) to work on /media/prempeh/Nouveau nom/MASTER2/DATA ENGINEERING/airflow/py_env/lib/python3.10/site-packages/airflow/example_dags/example_short_circuit_decorator.py
[2023-01-14T21:11:20.860+0000] {processor.py:743} INFO - Processing file /media/prempeh/Nouveau nom/MASTER2/DATA ENGINEERING/airflow/py_env/lib/python3.10/site-packages/airflow/example_dags/example_short_circuit_decorator.py for tasks to queue
[2023-01-14T21:11:20.864+0000] {logging_mixin.py:137} INFO - [2023-01-14T21:11:20.864+0000] {dagbag.py:538} INFO - Filling up the DagBag from /media/prempeh/Nouveau nom/MASTER2/DATA ENGINEERING/airflow/py_env/lib/python3.10/site-packages/airflow/example_dags/example_short_circuit_decorator.py
[2023-01-14T21:11:21.072+0000] {processor.py:753} INFO - DAG(s) dict_keys(['example_short_circuit_decorator']) retrieved from /media/prempeh/Nouveau nom/MASTER2/DATA ENGINEERING/airflow/py_env/lib/python3.10/site-packages/airflow/example_dags/example_short_circuit_decorator.py
[2023-01-14T21:11:21.216+0000] {logging_mixin.py:137} INFO - [2023-01-14T21:11:21.215+0000] {dag.py:2676} INFO - Sync 1 DAGs
[2023-01-14T21:11:21.279+0000] {logging_mixin.py:137} INFO - [2023-01-14T21:11:21.279+0000] {dag.py:3423} INFO - Setting next_dagrun for example_short_circuit_decorator to 2023-01-13T21:11:21.278707+00:00, run_after=2023-01-14T21:11:21.278707+00:00
[2023-01-14T21:11:21.355+0000] {processor.py:175} INFO - Processing /media/prempeh/Nouveau nom/MASTER2/DATA ENGINEERING/airflow/py_env/lib/python3.10/site-packages/airflow/example_dags/example_short_circuit_decorator.py took 0.509 seconds
[2023-01-14T21:12:31.545+0000] {processor.py:153} INFO - Started process (PID=8246) to work on /media/prempeh/Nouveau nom/MASTER2/DATA ENGINEERING/airflow/py_env/lib/python3.10/site-packages/airflow/example_dags/example_short_circuit_decorator.py
[2023-01-14T21:12:31.548+0000] {processor.py:743} INFO - Processing file /media/prempeh/Nouveau nom/MASTER2/DATA ENGINEERING/airflow/py_env/lib/python3.10/site-packages/airflow/example_dags/example_short_circuit_decorator.py for tasks to queue
[2023-01-14T21:12:31.552+0000] {logging_mixin.py:137} INFO - [2023-01-14T21:12:31.552+0000] {dagbag.py:538} INFO - Filling up the DagBag from /media/prempeh/Nouveau nom/MASTER2/DATA ENGINEERING/airflow/py_env/lib/python3.10/site-packages/airflow/example_dags/example_short_circuit_decorator.py
[2023-01-14T21:12:31.774+0000] {processor.py:753} INFO - DAG(s) dict_keys(['example_short_circuit_decorator']) retrieved from /media/prempeh/Nouveau nom/MASTER2/DATA ENGINEERING/airflow/py_env/lib/python3.10/site-packages/airflow/example_dags/example_short_circuit_decorator.py
[2023-01-14T21:12:31.906+0000] {logging_mixin.py:137} INFO - [2023-01-14T21:12:31.905+0000] {dag.py:2676} INFO - Sync 1 DAGs
[2023-01-14T21:12:31.972+0000] {logging_mixin.py:137} INFO - [2023-01-14T21:12:31.971+0000] {dag.py:3423} INFO - Setting next_dagrun for example_short_circuit_decorator to 2023-01-13T21:12:31.971196+00:00, run_after=2023-01-14T21:12:31.971196+00:00
[2023-01-14T21:12:32.045+0000] {processor.py:175} INFO - Processing /media/prempeh/Nouveau nom/MASTER2/DATA ENGINEERING/airflow/py_env/lib/python3.10/site-packages/airflow/example_dags/example_short_circuit_decorator.py took 0.511 seconds
[2023-01-14T21:13:45.657+0000] {processor.py:153} INFO - Started process (PID=8299) to work on /media/prempeh/Nouveau nom/MASTER2/DATA ENGINEERING/airflow/py_env/lib/python3.10/site-packages/airflow/example_dags/example_short_circuit_decorator.py
[2023-01-14T21:13:45.660+0000] {processor.py:743} INFO - Processing file /media/prempeh/Nouveau nom/MASTER2/DATA ENGINEERING/airflow/py_env/lib/python3.10/site-packages/airflow/example_dags/example_short_circuit_decorator.py for tasks to queue
[2023-01-14T21:13:45.665+0000] {logging_mixin.py:137} INFO - [2023-01-14T21:13:45.664+0000] {dagbag.py:538} INFO - Filling up the DagBag from /media/prempeh/Nouveau nom/MASTER2/DATA ENGINEERING/airflow/py_env/lib/python3.10/site-packages/airflow/example_dags/example_short_circuit_decorator.py
[2023-01-14T21:13:45.873+0000] {processor.py:753} INFO - DAG(s) dict_keys(['example_short_circuit_decorator']) retrieved from /media/prempeh/Nouveau nom/MASTER2/DATA ENGINEERING/airflow/py_env/lib/python3.10/site-packages/airflow/example_dags/example_short_circuit_decorator.py
[2023-01-14T21:13:46.020+0000] {logging_mixin.py:137} INFO - [2023-01-14T21:13:46.020+0000] {dag.py:2676} INFO - Sync 1 DAGs
[2023-01-14T21:13:46.082+0000] {logging_mixin.py:137} INFO - [2023-01-14T21:13:46.081+0000] {dag.py:3423} INFO - Setting next_dagrun for example_short_circuit_decorator to 2023-01-13T21:13:46.081166+00:00, run_after=2023-01-14T21:13:46.081166+00:00
[2023-01-14T21:13:46.156+0000] {processor.py:175} INFO - Processing /media/prempeh/Nouveau nom/MASTER2/DATA ENGINEERING/airflow/py_env/lib/python3.10/site-packages/airflow/example_dags/example_short_circuit_decorator.py took 0.510 seconds
[2023-01-14T21:14:51.733+0000] {processor.py:153} INFO - Started process (PID=8392) to work on /media/prempeh/Nouveau nom/MASTER2/DATA ENGINEERING/airflow/py_env/lib/python3.10/site-packages/airflow/example_dags/example_short_circuit_decorator.py
[2023-01-14T21:14:51.736+0000] {processor.py:743} INFO - Processing file /media/prempeh/Nouveau nom/MASTER2/DATA ENGINEERING/airflow/py_env/lib/python3.10/site-packages/airflow/example_dags/example_short_circuit_decorator.py for tasks to queue
[2023-01-14T21:14:51.740+0000] {logging_mixin.py:137} INFO - [2023-01-14T21:14:51.739+0000] {dagbag.py:538} INFO - Filling up the DagBag from /media/prempeh/Nouveau nom/MASTER2/DATA ENGINEERING/airflow/py_env/lib/python3.10/site-packages/airflow/example_dags/example_short_circuit_decorator.py
[2023-01-14T21:14:51.956+0000] {processor.py:753} INFO - DAG(s) dict_keys(['example_short_circuit_decorator']) retrieved from /media/prempeh/Nouveau nom/MASTER2/DATA ENGINEERING/airflow/py_env/lib/python3.10/site-packages/airflow/example_dags/example_short_circuit_decorator.py
[2023-01-14T21:14:52.111+0000] {logging_mixin.py:137} INFO - [2023-01-14T21:14:52.110+0000] {dag.py:2676} INFO - Sync 1 DAGs
[2023-01-14T21:14:52.189+0000] {logging_mixin.py:137} INFO - [2023-01-14T21:14:52.189+0000] {dag.py:3423} INFO - Setting next_dagrun for example_short_circuit_decorator to 2023-01-13T21:14:52.188043+00:00, run_after=2023-01-14T21:14:52.188043+00:00
[2023-01-14T21:14:52.303+0000] {processor.py:175} INFO - Processing /media/prempeh/Nouveau nom/MASTER2/DATA ENGINEERING/airflow/py_env/lib/python3.10/site-packages/airflow/example_dags/example_short_circuit_decorator.py took 0.578 seconds
[2023-01-14T21:16:05.127+0000] {processor.py:153} INFO - Started process (PID=8958) to work on /media/prempeh/Nouveau nom/MASTER2/DATA ENGINEERING/airflow/py_env/lib/python3.10/site-packages/airflow/example_dags/example_short_circuit_decorator.py
[2023-01-14T21:16:05.131+0000] {processor.py:743} INFO - Processing file /media/prempeh/Nouveau nom/MASTER2/DATA ENGINEERING/airflow/py_env/lib/python3.10/site-packages/airflow/example_dags/example_short_circuit_decorator.py for tasks to queue
[2023-01-14T21:16:05.138+0000] {logging_mixin.py:137} INFO - [2023-01-14T21:16:05.137+0000] {dagbag.py:538} INFO - Filling up the DagBag from /media/prempeh/Nouveau nom/MASTER2/DATA ENGINEERING/airflow/py_env/lib/python3.10/site-packages/airflow/example_dags/example_short_circuit_decorator.py
[2023-01-14T21:16:05.386+0000] {processor.py:753} INFO - DAG(s) dict_keys(['example_short_circuit_decorator']) retrieved from /media/prempeh/Nouveau nom/MASTER2/DATA ENGINEERING/airflow/py_env/lib/python3.10/site-packages/airflow/example_dags/example_short_circuit_decorator.py
[2023-01-14T21:16:05.637+0000] {logging_mixin.py:137} INFO - [2023-01-14T21:16:05.636+0000] {dag.py:2676} INFO - Sync 1 DAGs
[2023-01-14T21:16:05.728+0000] {logging_mixin.py:137} INFO - [2023-01-14T21:16:05.727+0000] {dag.py:3423} INFO - Setting next_dagrun for example_short_circuit_decorator to 2023-01-13T21:16:05.726953+00:00, run_after=2023-01-14T21:16:05.726953+00:00
[2023-01-14T21:16:05.803+0000] {processor.py:175} INFO - Processing /media/prempeh/Nouveau nom/MASTER2/DATA ENGINEERING/airflow/py_env/lib/python3.10/site-packages/airflow/example_dags/example_short_circuit_decorator.py took 0.686 seconds
[2023-01-14T21:17:18.334+0000] {processor.py:153} INFO - Started process (PID=9150) to work on /media/prempeh/Nouveau nom/MASTER2/DATA ENGINEERING/airflow/py_env/lib/python3.10/site-packages/airflow/example_dags/example_short_circuit_decorator.py
[2023-01-14T21:17:18.337+0000] {processor.py:743} INFO - Processing file /media/prempeh/Nouveau nom/MASTER2/DATA ENGINEERING/airflow/py_env/lib/python3.10/site-packages/airflow/example_dags/example_short_circuit_decorator.py for tasks to queue
[2023-01-14T21:17:18.341+0000] {logging_mixin.py:137} INFO - [2023-01-14T21:17:18.341+0000] {dagbag.py:538} INFO - Filling up the DagBag from /media/prempeh/Nouveau nom/MASTER2/DATA ENGINEERING/airflow/py_env/lib/python3.10/site-packages/airflow/example_dags/example_short_circuit_decorator.py
[2023-01-14T21:17:18.545+0000] {processor.py:753} INFO - DAG(s) dict_keys(['example_short_circuit_decorator']) retrieved from /media/prempeh/Nouveau nom/MASTER2/DATA ENGINEERING/airflow/py_env/lib/python3.10/site-packages/airflow/example_dags/example_short_circuit_decorator.py
[2023-01-14T21:17:18.691+0000] {logging_mixin.py:137} INFO - [2023-01-14T21:17:18.691+0000] {dag.py:2676} INFO - Sync 1 DAGs
[2023-01-14T21:17:18.766+0000] {logging_mixin.py:137} INFO - [2023-01-14T21:17:18.766+0000] {dag.py:3423} INFO - Setting next_dagrun for example_short_circuit_decorator to 2023-01-13T21:17:18.765452+00:00, run_after=2023-01-14T21:17:18.765452+00:00
[2023-01-14T21:17:18.842+0000] {processor.py:175} INFO - Processing /media/prempeh/Nouveau nom/MASTER2/DATA ENGINEERING/airflow/py_env/lib/python3.10/site-packages/airflow/example_dags/example_short_circuit_decorator.py took 0.519 seconds
[2023-01-14T21:18:27.856+0000] {processor.py:153} INFO - Started process (PID=9292) to work on /media/prempeh/Nouveau nom/MASTER2/DATA ENGINEERING/airflow/py_env/lib/python3.10/site-packages/airflow/example_dags/example_short_circuit_decorator.py
[2023-01-14T21:18:27.859+0000] {processor.py:743} INFO - Processing file /media/prempeh/Nouveau nom/MASTER2/DATA ENGINEERING/airflow/py_env/lib/python3.10/site-packages/airflow/example_dags/example_short_circuit_decorator.py for tasks to queue
[2023-01-14T21:18:27.866+0000] {logging_mixin.py:137} INFO - [2023-01-14T21:18:27.865+0000] {dagbag.py:538} INFO - Filling up the DagBag from /media/prempeh/Nouveau nom/MASTER2/DATA ENGINEERING/airflow/py_env/lib/python3.10/site-packages/airflow/example_dags/example_short_circuit_decorator.py
[2023-01-14T21:18:28.226+0000] {processor.py:753} INFO - DAG(s) dict_keys(['example_short_circuit_decorator']) retrieved from /media/prempeh/Nouveau nom/MASTER2/DATA ENGINEERING/airflow/py_env/lib/python3.10/site-packages/airflow/example_dags/example_short_circuit_decorator.py
[2023-01-14T21:18:28.461+0000] {logging_mixin.py:137} INFO - [2023-01-14T21:18:28.460+0000] {dag.py:2676} INFO - Sync 1 DAGs
[2023-01-14T21:18:28.590+0000] {logging_mixin.py:137} INFO - [2023-01-14T21:18:28.589+0000] {dag.py:3423} INFO - Setting next_dagrun for example_short_circuit_decorator to 2023-01-13T21:18:28.588347+00:00, run_after=2023-01-14T21:18:28.588347+00:00
[2023-01-14T21:18:28.712+0000] {processor.py:175} INFO - Processing /media/prempeh/Nouveau nom/MASTER2/DATA ENGINEERING/airflow/py_env/lib/python3.10/site-packages/airflow/example_dags/example_short_circuit_decorator.py took 0.865 seconds
[2023-01-14T21:19:44.521+0000] {processor.py:153} INFO - Started process (PID=9667) to work on /media/prempeh/Nouveau nom/MASTER2/DATA ENGINEERING/airflow/py_env/lib/python3.10/site-packages/airflow/example_dags/example_short_circuit_decorator.py
[2023-01-14T21:19:44.525+0000] {processor.py:743} INFO - Processing file /media/prempeh/Nouveau nom/MASTER2/DATA ENGINEERING/airflow/py_env/lib/python3.10/site-packages/airflow/example_dags/example_short_circuit_decorator.py for tasks to queue
[2023-01-14T21:19:44.531+0000] {logging_mixin.py:137} INFO - [2023-01-14T21:19:44.530+0000] {dagbag.py:538} INFO - Filling up the DagBag from /media/prempeh/Nouveau nom/MASTER2/DATA ENGINEERING/airflow/py_env/lib/python3.10/site-packages/airflow/example_dags/example_short_circuit_decorator.py
[2023-01-14T21:19:44.735+0000] {processor.py:753} INFO - DAG(s) dict_keys(['example_short_circuit_decorator']) retrieved from /media/prempeh/Nouveau nom/MASTER2/DATA ENGINEERING/airflow/py_env/lib/python3.10/site-packages/airflow/example_dags/example_short_circuit_decorator.py
[2023-01-14T21:19:44.889+0000] {logging_mixin.py:137} INFO - [2023-01-14T21:19:44.888+0000] {dag.py:2676} INFO - Sync 1 DAGs
[2023-01-14T21:19:44.955+0000] {logging_mixin.py:137} INFO - [2023-01-14T21:19:44.954+0000] {dag.py:3423} INFO - Setting next_dagrun for example_short_circuit_decorator to 2023-01-13T21:19:44.954127+00:00, run_after=2023-01-14T21:19:44.954127+00:00
[2023-01-14T21:19:45.037+0000] {processor.py:175} INFO - Processing /media/prempeh/Nouveau nom/MASTER2/DATA ENGINEERING/airflow/py_env/lib/python3.10/site-packages/airflow/example_dags/example_short_circuit_decorator.py took 0.528 seconds
[2023-01-14T21:20:54.009+0000] {processor.py:153} INFO - Started process (PID=9808) to work on /media/prempeh/Nouveau nom/MASTER2/DATA ENGINEERING/airflow/py_env/lib/python3.10/site-packages/airflow/example_dags/example_short_circuit_decorator.py
[2023-01-14T21:20:54.011+0000] {processor.py:743} INFO - Processing file /media/prempeh/Nouveau nom/MASTER2/DATA ENGINEERING/airflow/py_env/lib/python3.10/site-packages/airflow/example_dags/example_short_circuit_decorator.py for tasks to queue
[2023-01-14T21:20:54.016+0000] {logging_mixin.py:137} INFO - [2023-01-14T21:20:54.016+0000] {dagbag.py:538} INFO - Filling up the DagBag from /media/prempeh/Nouveau nom/MASTER2/DATA ENGINEERING/airflow/py_env/lib/python3.10/site-packages/airflow/example_dags/example_short_circuit_decorator.py
[2023-01-14T21:20:54.223+0000] {processor.py:753} INFO - DAG(s) dict_keys(['example_short_circuit_decorator']) retrieved from /media/prempeh/Nouveau nom/MASTER2/DATA ENGINEERING/airflow/py_env/lib/python3.10/site-packages/airflow/example_dags/example_short_circuit_decorator.py
[2023-01-14T21:20:54.356+0000] {logging_mixin.py:137} INFO - [2023-01-14T21:20:54.356+0000] {dag.py:2676} INFO - Sync 1 DAGs
[2023-01-14T21:20:54.432+0000] {logging_mixin.py:137} INFO - [2023-01-14T21:20:54.432+0000] {dag.py:3423} INFO - Setting next_dagrun for example_short_circuit_decorator to 2023-01-13T21:20:54.431378+00:00, run_after=2023-01-14T21:20:54.431378+00:00
[2023-01-14T21:20:54.513+0000] {processor.py:175} INFO - Processing /media/prempeh/Nouveau nom/MASTER2/DATA ENGINEERING/airflow/py_env/lib/python3.10/site-packages/airflow/example_dags/example_short_circuit_decorator.py took 0.513 seconds
[2023-01-14T21:22:02.031+0000] {processor.py:153} INFO - Started process (PID=9953) to work on /media/prempeh/Nouveau nom/MASTER2/DATA ENGINEERING/airflow/py_env/lib/python3.10/site-packages/airflow/example_dags/example_short_circuit_decorator.py
[2023-01-14T21:22:02.039+0000] {processor.py:743} INFO - Processing file /media/prempeh/Nouveau nom/MASTER2/DATA ENGINEERING/airflow/py_env/lib/python3.10/site-packages/airflow/example_dags/example_short_circuit_decorator.py for tasks to queue
[2023-01-14T21:22:02.054+0000] {logging_mixin.py:137} INFO - [2023-01-14T21:22:02.053+0000] {dagbag.py:538} INFO - Filling up the DagBag from /media/prempeh/Nouveau nom/MASTER2/DATA ENGINEERING/airflow/py_env/lib/python3.10/site-packages/airflow/example_dags/example_short_circuit_decorator.py
[2023-01-14T21:22:02.381+0000] {processor.py:753} INFO - DAG(s) dict_keys(['example_short_circuit_decorator']) retrieved from /media/prempeh/Nouveau nom/MASTER2/DATA ENGINEERING/airflow/py_env/lib/python3.10/site-packages/airflow/example_dags/example_short_circuit_decorator.py
[2023-01-14T21:22:02.585+0000] {logging_mixin.py:137} INFO - [2023-01-14T21:22:02.584+0000] {dag.py:2676} INFO - Sync 1 DAGs
[2023-01-14T21:22:02.680+0000] {logging_mixin.py:137} INFO - [2023-01-14T21:22:02.679+0000] {dag.py:3423} INFO - Setting next_dagrun for example_short_circuit_decorator to 2023-01-13T21:22:02.677920+00:00, run_after=2023-01-14T21:22:02.677920+00:00
[2023-01-14T21:22:02.779+0000] {processor.py:175} INFO - Processing /media/prempeh/Nouveau nom/MASTER2/DATA ENGINEERING/airflow/py_env/lib/python3.10/site-packages/airflow/example_dags/example_short_circuit_decorator.py took 0.770 seconds
[2023-01-14T21:23:19.026+0000] {processor.py:153} INFO - Started process (PID=10340) to work on /media/prempeh/Nouveau nom/MASTER2/DATA ENGINEERING/airflow/py_env/lib/python3.10/site-packages/airflow/example_dags/example_short_circuit_decorator.py
[2023-01-14T21:23:19.029+0000] {processor.py:743} INFO - Processing file /media/prempeh/Nouveau nom/MASTER2/DATA ENGINEERING/airflow/py_env/lib/python3.10/site-packages/airflow/example_dags/example_short_circuit_decorator.py for tasks to queue
[2023-01-14T21:23:19.033+0000] {logging_mixin.py:137} INFO - [2023-01-14T21:23:19.032+0000] {dagbag.py:538} INFO - Filling up the DagBag from /media/prempeh/Nouveau nom/MASTER2/DATA ENGINEERING/airflow/py_env/lib/python3.10/site-packages/airflow/example_dags/example_short_circuit_decorator.py
[2023-01-14T21:23:19.229+0000] {processor.py:753} INFO - DAG(s) dict_keys(['example_short_circuit_decorator']) retrieved from /media/prempeh/Nouveau nom/MASTER2/DATA ENGINEERING/airflow/py_env/lib/python3.10/site-packages/airflow/example_dags/example_short_circuit_decorator.py
[2023-01-14T21:23:19.380+0000] {logging_mixin.py:137} INFO - [2023-01-14T21:23:19.378+0000] {dag.py:2676} INFO - Sync 1 DAGs
[2023-01-14T21:23:19.454+0000] {logging_mixin.py:137} INFO - [2023-01-14T21:23:19.454+0000] {dag.py:3423} INFO - Setting next_dagrun for example_short_circuit_decorator to 2023-01-13T21:23:19.453763+00:00, run_after=2023-01-14T21:23:19.453763+00:00
[2023-01-14T21:23:19.538+0000] {processor.py:175} INFO - Processing /media/prempeh/Nouveau nom/MASTER2/DATA ENGINEERING/airflow/py_env/lib/python3.10/site-packages/airflow/example_dags/example_short_circuit_decorator.py took 0.525 seconds
[2023-01-14T21:24:23.538+0000] {processor.py:153} INFO - Started process (PID=10384) to work on /media/prempeh/Nouveau nom/MASTER2/DATA ENGINEERING/airflow/py_env/lib/python3.10/site-packages/airflow/example_dags/example_short_circuit_decorator.py
[2023-01-14T21:24:23.541+0000] {processor.py:743} INFO - Processing file /media/prempeh/Nouveau nom/MASTER2/DATA ENGINEERING/airflow/py_env/lib/python3.10/site-packages/airflow/example_dags/example_short_circuit_decorator.py for tasks to queue
[2023-01-14T21:24:23.546+0000] {logging_mixin.py:137} INFO - [2023-01-14T21:24:23.545+0000] {dagbag.py:538} INFO - Filling up the DagBag from /media/prempeh/Nouveau nom/MASTER2/DATA ENGINEERING/airflow/py_env/lib/python3.10/site-packages/airflow/example_dags/example_short_circuit_decorator.py
[2023-01-14T21:24:23.733+0000] {processor.py:753} INFO - DAG(s) dict_keys(['example_short_circuit_decorator']) retrieved from /media/prempeh/Nouveau nom/MASTER2/DATA ENGINEERING/airflow/py_env/lib/python3.10/site-packages/airflow/example_dags/example_short_circuit_decorator.py
[2023-01-14T21:24:23.859+0000] {logging_mixin.py:137} INFO - [2023-01-14T21:24:23.858+0000] {dag.py:2676} INFO - Sync 1 DAGs
[2023-01-14T21:24:23.926+0000] {logging_mixin.py:137} INFO - [2023-01-14T21:24:23.926+0000] {dag.py:3423} INFO - Setting next_dagrun for example_short_circuit_decorator to 2023-01-13T21:24:23.925432+00:00, run_after=2023-01-14T21:24:23.925432+00:00
[2023-01-14T21:24:23.998+0000] {processor.py:175} INFO - Processing /media/prempeh/Nouveau nom/MASTER2/DATA ENGINEERING/airflow/py_env/lib/python3.10/site-packages/airflow/example_dags/example_short_circuit_decorator.py took 0.470 seconds
[2023-01-14T21:25:35.867+0000] {processor.py:153} INFO - Started process (PID=10539) to work on /media/prempeh/Nouveau nom/MASTER2/DATA ENGINEERING/airflow/py_env/lib/python3.10/site-packages/airflow/example_dags/example_short_circuit_decorator.py
[2023-01-14T21:25:35.870+0000] {processor.py:743} INFO - Processing file /media/prempeh/Nouveau nom/MASTER2/DATA ENGINEERING/airflow/py_env/lib/python3.10/site-packages/airflow/example_dags/example_short_circuit_decorator.py for tasks to queue
[2023-01-14T21:25:35.874+0000] {logging_mixin.py:137} INFO - [2023-01-14T21:25:35.874+0000] {dagbag.py:538} INFO - Filling up the DagBag from /media/prempeh/Nouveau nom/MASTER2/DATA ENGINEERING/airflow/py_env/lib/python3.10/site-packages/airflow/example_dags/example_short_circuit_decorator.py
[2023-01-14T21:25:36.095+0000] {processor.py:753} INFO - DAG(s) dict_keys(['example_short_circuit_decorator']) retrieved from /media/prempeh/Nouveau nom/MASTER2/DATA ENGINEERING/airflow/py_env/lib/python3.10/site-packages/airflow/example_dags/example_short_circuit_decorator.py
[2023-01-14T21:25:36.239+0000] {logging_mixin.py:137} INFO - [2023-01-14T21:25:36.238+0000] {dag.py:2676} INFO - Sync 1 DAGs
[2023-01-14T21:25:36.316+0000] {logging_mixin.py:137} INFO - [2023-01-14T21:25:36.315+0000] {dag.py:3423} INFO - Setting next_dagrun for example_short_circuit_decorator to 2023-01-13T21:25:36.314722+00:00, run_after=2023-01-14T21:25:36.314722+00:00
[2023-01-14T21:25:36.394+0000] {processor.py:175} INFO - Processing /media/prempeh/Nouveau nom/MASTER2/DATA ENGINEERING/airflow/py_env/lib/python3.10/site-packages/airflow/example_dags/example_short_circuit_decorator.py took 0.538 seconds
[2023-01-14T21:26:46.764+0000] {processor.py:153} INFO - Started process (PID=10683) to work on /media/prempeh/Nouveau nom/MASTER2/DATA ENGINEERING/airflow/py_env/lib/python3.10/site-packages/airflow/example_dags/example_short_circuit_decorator.py
[2023-01-14T21:26:46.767+0000] {processor.py:743} INFO - Processing file /media/prempeh/Nouveau nom/MASTER2/DATA ENGINEERING/airflow/py_env/lib/python3.10/site-packages/airflow/example_dags/example_short_circuit_decorator.py for tasks to queue
[2023-01-14T21:26:46.771+0000] {logging_mixin.py:137} INFO - [2023-01-14T21:26:46.771+0000] {dagbag.py:538} INFO - Filling up the DagBag from /media/prempeh/Nouveau nom/MASTER2/DATA ENGINEERING/airflow/py_env/lib/python3.10/site-packages/airflow/example_dags/example_short_circuit_decorator.py
[2023-01-14T21:26:46.942+0000] {processor.py:753} INFO - DAG(s) dict_keys(['example_short_circuit_decorator']) retrieved from /media/prempeh/Nouveau nom/MASTER2/DATA ENGINEERING/airflow/py_env/lib/python3.10/site-packages/airflow/example_dags/example_short_circuit_decorator.py
[2023-01-14T21:26:47.086+0000] {logging_mixin.py:137} INFO - [2023-01-14T21:26:47.085+0000] {dag.py:2676} INFO - Sync 1 DAGs
[2023-01-14T21:26:47.145+0000] {logging_mixin.py:137} INFO - [2023-01-14T21:26:47.145+0000] {dag.py:3423} INFO - Setting next_dagrun for example_short_circuit_decorator to 2023-01-13T21:26:47.144349+00:00, run_after=2023-01-14T21:26:47.144349+00:00
[2023-01-14T21:26:47.221+0000] {processor.py:175} INFO - Processing /media/prempeh/Nouveau nom/MASTER2/DATA ENGINEERING/airflow/py_env/lib/python3.10/site-packages/airflow/example_dags/example_short_circuit_decorator.py took 0.468 seconds
