[2023-01-14T20:53:22.784+0000] {processor.py:153} INFO - Started process (PID=6584) to work on /media/prempeh/Nouveau nom/MASTER2/DATA ENGINEERING/airflow/py_env/lib/python3.10/site-packages/airflow/example_dags/example_latest_only.py
[2023-01-14T20:53:22.789+0000] {processor.py:743} INFO - Processing file /media/prempeh/Nouveau nom/MASTER2/DATA ENGINEERING/airflow/py_env/lib/python3.10/site-packages/airflow/example_dags/example_latest_only.py for tasks to queue
[2023-01-14T20:53:22.796+0000] {logging_mixin.py:137} INFO - [2023-01-14T20:53:22.795+0000] {dagbag.py:538} INFO - Filling up the DagBag from /media/prempeh/Nouveau nom/MASTER2/DATA ENGINEERING/airflow/py_env/lib/python3.10/site-packages/airflow/example_dags/example_latest_only.py
[2023-01-14T20:53:22.941+0000] {processor.py:753} INFO - DAG(s) dict_keys(['latest_only']) retrieved from /media/prempeh/Nouveau nom/MASTER2/DATA ENGINEERING/airflow/py_env/lib/python3.10/site-packages/airflow/example_dags/example_latest_only.py
[2023-01-14T20:53:23.645+0000] {logging_mixin.py:137} INFO - [2023-01-14T20:53:23.644+0000] {manager.py:504} INFO - Created Permission View: can edit on DAG:latest_only
[2023-01-14T20:53:23.670+0000] {logging_mixin.py:137} INFO - [2023-01-14T20:53:23.670+0000] {manager.py:504} INFO - Created Permission View: can delete on DAG:latest_only
[2023-01-14T20:53:23.691+0000] {logging_mixin.py:137} INFO - [2023-01-14T20:53:23.690+0000] {manager.py:504} INFO - Created Permission View: can read on DAG:latest_only
[2023-01-14T20:53:23.692+0000] {logging_mixin.py:137} INFO - [2023-01-14T20:53:23.691+0000] {dag.py:2676} INFO - Sync 1 DAGs
[2023-01-14T20:53:23.722+0000] {logging_mixin.py:137} INFO - [2023-01-14T20:53:23.721+0000] {dag.py:2697} INFO - Creating ORM DAG for latest_only
[2023-01-14T20:53:23.745+0000] {logging_mixin.py:137} INFO - [2023-01-14T20:53:23.745+0000] {dag.py:3423} INFO - Setting next_dagrun for latest_only to 2023-01-14T16:53:23.744925+00:00, run_after=2023-01-14T20:53:23.744925+00:00
[2023-01-14T20:53:23.797+0000] {processor.py:175} INFO - Processing /media/prempeh/Nouveau nom/MASTER2/DATA ENGINEERING/airflow/py_env/lib/python3.10/site-packages/airflow/example_dags/example_latest_only.py took 1.024 seconds
[2023-01-14T20:54:36.163+0000] {processor.py:153} INFO - Started process (PID=6733) to work on /media/prempeh/Nouveau nom/MASTER2/DATA ENGINEERING/airflow/py_env/lib/python3.10/site-packages/airflow/example_dags/example_latest_only.py
[2023-01-14T20:54:36.165+0000] {processor.py:743} INFO - Processing file /media/prempeh/Nouveau nom/MASTER2/DATA ENGINEERING/airflow/py_env/lib/python3.10/site-packages/airflow/example_dags/example_latest_only.py for tasks to queue
[2023-01-14T20:54:36.170+0000] {logging_mixin.py:137} INFO - [2023-01-14T20:54:36.169+0000] {dagbag.py:538} INFO - Filling up the DagBag from /media/prempeh/Nouveau nom/MASTER2/DATA ENGINEERING/airflow/py_env/lib/python3.10/site-packages/airflow/example_dags/example_latest_only.py
[2023-01-14T20:54:36.328+0000] {processor.py:753} INFO - DAG(s) dict_keys(['latest_only']) retrieved from /media/prempeh/Nouveau nom/MASTER2/DATA ENGINEERING/airflow/py_env/lib/python3.10/site-packages/airflow/example_dags/example_latest_only.py
[2023-01-14T20:54:36.461+0000] {logging_mixin.py:137} INFO - [2023-01-14T20:54:36.461+0000] {dag.py:2676} INFO - Sync 1 DAGs
[2023-01-14T20:54:36.527+0000] {logging_mixin.py:137} INFO - [2023-01-14T20:54:36.527+0000] {dag.py:3423} INFO - Setting next_dagrun for latest_only to 2023-01-14T16:54:36.526622+00:00, run_after=2023-01-14T20:54:36.526622+00:00
[2023-01-14T20:54:36.606+0000] {processor.py:175} INFO - Processing /media/prempeh/Nouveau nom/MASTER2/DATA ENGINEERING/airflow/py_env/lib/python3.10/site-packages/airflow/example_dags/example_latest_only.py took 0.452 seconds
[2023-01-14T20:55:39.702+0000] {processor.py:153} INFO - Started process (PID=6774) to work on /media/prempeh/Nouveau nom/MASTER2/DATA ENGINEERING/airflow/py_env/lib/python3.10/site-packages/airflow/example_dags/example_latest_only.py
[2023-01-14T20:55:39.706+0000] {processor.py:743} INFO - Processing file /media/prempeh/Nouveau nom/MASTER2/DATA ENGINEERING/airflow/py_env/lib/python3.10/site-packages/airflow/example_dags/example_latest_only.py for tasks to queue
[2023-01-14T20:55:39.710+0000] {logging_mixin.py:137} INFO - [2023-01-14T20:55:39.710+0000] {dagbag.py:538} INFO - Filling up the DagBag from /media/prempeh/Nouveau nom/MASTER2/DATA ENGINEERING/airflow/py_env/lib/python3.10/site-packages/airflow/example_dags/example_latest_only.py
[2023-01-14T20:55:39.841+0000] {processor.py:753} INFO - DAG(s) dict_keys(['latest_only']) retrieved from /media/prempeh/Nouveau nom/MASTER2/DATA ENGINEERING/airflow/py_env/lib/python3.10/site-packages/airflow/example_dags/example_latest_only.py
[2023-01-14T20:55:39.974+0000] {logging_mixin.py:137} INFO - [2023-01-14T20:55:39.974+0000] {dag.py:2676} INFO - Sync 1 DAGs
[2023-01-14T20:55:40.049+0000] {logging_mixin.py:137} INFO - [2023-01-14T20:55:40.049+0000] {dag.py:3423} INFO - Setting next_dagrun for latest_only to 2023-01-14T16:55:40.048706+00:00, run_after=2023-01-14T20:55:40.048706+00:00
[2023-01-14T20:55:40.146+0000] {processor.py:175} INFO - Processing /media/prempeh/Nouveau nom/MASTER2/DATA ENGINEERING/airflow/py_env/lib/python3.10/site-packages/airflow/example_dags/example_latest_only.py took 0.454 seconds
[2023-01-14T20:56:36.884+0000] {processor.py:153} INFO - Started process (PID=6897) to work on /media/prempeh/Nouveau nom/MASTER2/DATA ENGINEERING/airflow/py_env/lib/python3.10/site-packages/airflow/example_dags/example_latest_only.py
[2023-01-14T20:56:36.888+0000] {processor.py:743} INFO - Processing file /media/prempeh/Nouveau nom/MASTER2/DATA ENGINEERING/airflow/py_env/lib/python3.10/site-packages/airflow/example_dags/example_latest_only.py for tasks to queue
[2023-01-14T20:56:36.894+0000] {logging_mixin.py:137} INFO - [2023-01-14T20:56:36.893+0000] {dagbag.py:538} INFO - Filling up the DagBag from /media/prempeh/Nouveau nom/MASTER2/DATA ENGINEERING/airflow/py_env/lib/python3.10/site-packages/airflow/example_dags/example_latest_only.py
[2023-01-14T20:56:37.191+0000] {processor.py:753} INFO - DAG(s) dict_keys(['latest_only']) retrieved from /media/prempeh/Nouveau nom/MASTER2/DATA ENGINEERING/airflow/py_env/lib/python3.10/site-packages/airflow/example_dags/example_latest_only.py
[2023-01-14T20:56:37.472+0000] {logging_mixin.py:137} INFO - [2023-01-14T20:56:37.471+0000] {dag.py:2676} INFO - Sync 1 DAGs
[2023-01-14T20:56:37.686+0000] {logging_mixin.py:137} INFO - [2023-01-14T20:56:37.685+0000] {dag.py:3423} INFO - Setting next_dagrun for latest_only to 2023-01-14T16:56:37.683988+00:00, run_after=2023-01-14T20:56:37.683988+00:00
[2023-01-14T20:56:37.863+0000] {processor.py:175} INFO - Processing /media/prempeh/Nouveau nom/MASTER2/DATA ENGINEERING/airflow/py_env/lib/python3.10/site-packages/airflow/example_dags/example_latest_only.py took 0.991 seconds
[2023-01-14T20:57:40.541+0000] {processor.py:153} INFO - Started process (PID=7095) to work on /media/prempeh/Nouveau nom/MASTER2/DATA ENGINEERING/airflow/py_env/lib/python3.10/site-packages/airflow/example_dags/example_latest_only.py
[2023-01-14T20:57:40.546+0000] {processor.py:743} INFO - Processing file /media/prempeh/Nouveau nom/MASTER2/DATA ENGINEERING/airflow/py_env/lib/python3.10/site-packages/airflow/example_dags/example_latest_only.py for tasks to queue
[2023-01-14T20:57:40.555+0000] {logging_mixin.py:137} INFO - [2023-01-14T20:57:40.554+0000] {dagbag.py:538} INFO - Filling up the DagBag from /media/prempeh/Nouveau nom/MASTER2/DATA ENGINEERING/airflow/py_env/lib/python3.10/site-packages/airflow/example_dags/example_latest_only.py
[2023-01-14T20:57:40.718+0000] {processor.py:753} INFO - DAG(s) dict_keys(['latest_only']) retrieved from /media/prempeh/Nouveau nom/MASTER2/DATA ENGINEERING/airflow/py_env/lib/python3.10/site-packages/airflow/example_dags/example_latest_only.py
[2023-01-14T20:57:40.868+0000] {logging_mixin.py:137} INFO - [2023-01-14T20:57:40.867+0000] {dag.py:2676} INFO - Sync 1 DAGs
[2023-01-14T20:57:40.935+0000] {logging_mixin.py:137} INFO - [2023-01-14T20:57:40.935+0000] {dag.py:3423} INFO - Setting next_dagrun for latest_only to 2023-01-14T16:57:40.934365+00:00, run_after=2023-01-14T20:57:40.934365+00:00
[2023-01-14T20:57:41.008+0000] {processor.py:175} INFO - Processing /media/prempeh/Nouveau nom/MASTER2/DATA ENGINEERING/airflow/py_env/lib/python3.10/site-packages/airflow/example_dags/example_latest_only.py took 0.484 seconds
[2023-01-14T20:58:37.218+0000] {processor.py:153} INFO - Started process (PID=7137) to work on /media/prempeh/Nouveau nom/MASTER2/DATA ENGINEERING/airflow/py_env/lib/python3.10/site-packages/airflow/example_dags/example_latest_only.py
[2023-01-14T20:58:37.222+0000] {processor.py:743} INFO - Processing file /media/prempeh/Nouveau nom/MASTER2/DATA ENGINEERING/airflow/py_env/lib/python3.10/site-packages/airflow/example_dags/example_latest_only.py for tasks to queue
[2023-01-14T20:58:37.227+0000] {logging_mixin.py:137} INFO - [2023-01-14T20:58:37.226+0000] {dagbag.py:538} INFO - Filling up the DagBag from /media/prempeh/Nouveau nom/MASTER2/DATA ENGINEERING/airflow/py_env/lib/python3.10/site-packages/airflow/example_dags/example_latest_only.py
[2023-01-14T20:58:37.361+0000] {processor.py:753} INFO - DAG(s) dict_keys(['latest_only']) retrieved from /media/prempeh/Nouveau nom/MASTER2/DATA ENGINEERING/airflow/py_env/lib/python3.10/site-packages/airflow/example_dags/example_latest_only.py
[2023-01-14T20:58:37.506+0000] {logging_mixin.py:137} INFO - [2023-01-14T20:58:37.505+0000] {dag.py:2676} INFO - Sync 1 DAGs
[2023-01-14T20:58:37.571+0000] {logging_mixin.py:137} INFO - [2023-01-14T20:58:37.570+0000] {dag.py:3423} INFO - Setting next_dagrun for latest_only to 2023-01-14T16:58:37.569767+00:00, run_after=2023-01-14T20:58:37.569767+00:00
[2023-01-14T20:58:37.643+0000] {processor.py:175} INFO - Processing /media/prempeh/Nouveau nom/MASTER2/DATA ENGINEERING/airflow/py_env/lib/python3.10/site-packages/airflow/example_dags/example_latest_only.py took 0.436 seconds
[2023-01-14T20:59:28.910+0000] {processor.py:153} INFO - Started process (PID=7179) to work on /media/prempeh/Nouveau nom/MASTER2/DATA ENGINEERING/airflow/py_env/lib/python3.10/site-packages/airflow/example_dags/example_latest_only.py
[2023-01-14T20:59:28.913+0000] {processor.py:743} INFO - Processing file /media/prempeh/Nouveau nom/MASTER2/DATA ENGINEERING/airflow/py_env/lib/python3.10/site-packages/airflow/example_dags/example_latest_only.py for tasks to queue
[2023-01-14T20:59:28.918+0000] {logging_mixin.py:137} INFO - [2023-01-14T20:59:28.917+0000] {dagbag.py:538} INFO - Filling up the DagBag from /media/prempeh/Nouveau nom/MASTER2/DATA ENGINEERING/airflow/py_env/lib/python3.10/site-packages/airflow/example_dags/example_latest_only.py
[2023-01-14T20:59:29.022+0000] {processor.py:753} INFO - DAG(s) dict_keys(['latest_only']) retrieved from /media/prempeh/Nouveau nom/MASTER2/DATA ENGINEERING/airflow/py_env/lib/python3.10/site-packages/airflow/example_dags/example_latest_only.py
[2023-01-14T20:59:29.152+0000] {logging_mixin.py:137} INFO - [2023-01-14T20:59:29.151+0000] {dag.py:2676} INFO - Sync 1 DAGs
[2023-01-14T20:59:29.216+0000] {logging_mixin.py:137} INFO - [2023-01-14T20:59:29.215+0000] {dag.py:3423} INFO - Setting next_dagrun for latest_only to 2023-01-14T16:59:29.214936+00:00, run_after=2023-01-14T20:59:29.214936+00:00
[2023-01-14T20:59:29.290+0000] {processor.py:175} INFO - Processing /media/prempeh/Nouveau nom/MASTER2/DATA ENGINEERING/airflow/py_env/lib/python3.10/site-packages/airflow/example_dags/example_latest_only.py took 0.389 seconds
[2023-01-14T21:00:27.647+0000] {processor.py:153} INFO - Started process (PID=7262) to work on /media/prempeh/Nouveau nom/MASTER2/DATA ENGINEERING/airflow/py_env/lib/python3.10/site-packages/airflow/example_dags/example_latest_only.py
[2023-01-14T21:00:27.650+0000] {processor.py:743} INFO - Processing file /media/prempeh/Nouveau nom/MASTER2/DATA ENGINEERING/airflow/py_env/lib/python3.10/site-packages/airflow/example_dags/example_latest_only.py for tasks to queue
[2023-01-14T21:00:27.654+0000] {logging_mixin.py:137} INFO - [2023-01-14T21:00:27.653+0000] {dagbag.py:538} INFO - Filling up the DagBag from /media/prempeh/Nouveau nom/MASTER2/DATA ENGINEERING/airflow/py_env/lib/python3.10/site-packages/airflow/example_dags/example_latest_only.py
[2023-01-14T21:00:27.783+0000] {processor.py:753} INFO - DAG(s) dict_keys(['latest_only']) retrieved from /media/prempeh/Nouveau nom/MASTER2/DATA ENGINEERING/airflow/py_env/lib/python3.10/site-packages/airflow/example_dags/example_latest_only.py
[2023-01-14T21:00:27.921+0000] {logging_mixin.py:137} INFO - [2023-01-14T21:00:27.921+0000] {dag.py:2676} INFO - Sync 1 DAGs
[2023-01-14T21:00:27.986+0000] {logging_mixin.py:137} INFO - [2023-01-14T21:00:27.986+0000] {dag.py:3423} INFO - Setting next_dagrun for latest_only to 2023-01-14T17:00:27.985376+00:00, run_after=2023-01-14T21:00:27.985376+00:00
[2023-01-14T21:00:28.060+0000] {processor.py:175} INFO - Processing /media/prempeh/Nouveau nom/MASTER2/DATA ENGINEERING/airflow/py_env/lib/python3.10/site-packages/airflow/example_dags/example_latest_only.py took 0.421 seconds
[2023-01-14T21:01:24.016+0000] {processor.py:153} INFO - Started process (PID=7309) to work on /media/prempeh/Nouveau nom/MASTER2/DATA ENGINEERING/airflow/py_env/lib/python3.10/site-packages/airflow/example_dags/example_latest_only.py
[2023-01-14T21:01:24.019+0000] {processor.py:743} INFO - Processing file /media/prempeh/Nouveau nom/MASTER2/DATA ENGINEERING/airflow/py_env/lib/python3.10/site-packages/airflow/example_dags/example_latest_only.py for tasks to queue
[2023-01-14T21:01:24.022+0000] {logging_mixin.py:137} INFO - [2023-01-14T21:01:24.022+0000] {dagbag.py:538} INFO - Filling up the DagBag from /media/prempeh/Nouveau nom/MASTER2/DATA ENGINEERING/airflow/py_env/lib/python3.10/site-packages/airflow/example_dags/example_latest_only.py
[2023-01-14T21:01:24.127+0000] {processor.py:753} INFO - DAG(s) dict_keys(['latest_only']) retrieved from /media/prempeh/Nouveau nom/MASTER2/DATA ENGINEERING/airflow/py_env/lib/python3.10/site-packages/airflow/example_dags/example_latest_only.py
[2023-01-14T21:01:24.250+0000] {logging_mixin.py:137} INFO - [2023-01-14T21:01:24.250+0000] {dag.py:2676} INFO - Sync 1 DAGs
[2023-01-14T21:01:24.312+0000] {logging_mixin.py:137} INFO - [2023-01-14T21:01:24.311+0000] {dag.py:3423} INFO - Setting next_dagrun for latest_only to 2023-01-14T17:01:24.311235+00:00, run_after=2023-01-14T21:01:24.311235+00:00
[2023-01-14T21:01:24.387+0000] {processor.py:175} INFO - Processing /media/prempeh/Nouveau nom/MASTER2/DATA ENGINEERING/airflow/py_env/lib/python3.10/site-packages/airflow/example_dags/example_latest_only.py took 0.383 seconds
[2023-01-14T21:02:18.291+0000] {processor.py:153} INFO - Started process (PID=7373) to work on /media/prempeh/Nouveau nom/MASTER2/DATA ENGINEERING/airflow/py_env/lib/python3.10/site-packages/airflow/example_dags/example_latest_only.py
[2023-01-14T21:02:18.294+0000] {processor.py:743} INFO - Processing file /media/prempeh/Nouveau nom/MASTER2/DATA ENGINEERING/airflow/py_env/lib/python3.10/site-packages/airflow/example_dags/example_latest_only.py for tasks to queue
[2023-01-14T21:02:18.298+0000] {logging_mixin.py:137} INFO - [2023-01-14T21:02:18.298+0000] {dagbag.py:538} INFO - Filling up the DagBag from /media/prempeh/Nouveau nom/MASTER2/DATA ENGINEERING/airflow/py_env/lib/python3.10/site-packages/airflow/example_dags/example_latest_only.py
[2023-01-14T21:02:18.423+0000] {processor.py:753} INFO - DAG(s) dict_keys(['latest_only']) retrieved from /media/prempeh/Nouveau nom/MASTER2/DATA ENGINEERING/airflow/py_env/lib/python3.10/site-packages/airflow/example_dags/example_latest_only.py
[2023-01-14T21:02:18.563+0000] {logging_mixin.py:137} INFO - [2023-01-14T21:02:18.562+0000] {dag.py:2676} INFO - Sync 1 DAGs
[2023-01-14T21:02:18.624+0000] {logging_mixin.py:137} INFO - [2023-01-14T21:02:18.623+0000] {dag.py:3423} INFO - Setting next_dagrun for latest_only to 2023-01-14T17:02:18.623104+00:00, run_after=2023-01-14T21:02:18.623104+00:00
[2023-01-14T21:02:18.704+0000] {processor.py:175} INFO - Processing /media/prempeh/Nouveau nom/MASTER2/DATA ENGINEERING/airflow/py_env/lib/python3.10/site-packages/airflow/example_dags/example_latest_only.py took 0.422 seconds
[2023-01-14T21:03:08.175+0000] {processor.py:153} INFO - Started process (PID=7415) to work on /media/prempeh/Nouveau nom/MASTER2/DATA ENGINEERING/airflow/py_env/lib/python3.10/site-packages/airflow/example_dags/example_latest_only.py
[2023-01-14T21:03:08.177+0000] {processor.py:743} INFO - Processing file /media/prempeh/Nouveau nom/MASTER2/DATA ENGINEERING/airflow/py_env/lib/python3.10/site-packages/airflow/example_dags/example_latest_only.py for tasks to queue
[2023-01-14T21:03:08.182+0000] {logging_mixin.py:137} INFO - [2023-01-14T21:03:08.182+0000] {dagbag.py:538} INFO - Filling up the DagBag from /media/prempeh/Nouveau nom/MASTER2/DATA ENGINEERING/airflow/py_env/lib/python3.10/site-packages/airflow/example_dags/example_latest_only.py
[2023-01-14T21:03:08.299+0000] {processor.py:753} INFO - DAG(s) dict_keys(['latest_only']) retrieved from /media/prempeh/Nouveau nom/MASTER2/DATA ENGINEERING/airflow/py_env/lib/python3.10/site-packages/airflow/example_dags/example_latest_only.py
[2023-01-14T21:03:08.437+0000] {logging_mixin.py:137} INFO - [2023-01-14T21:03:08.437+0000] {dag.py:2676} INFO - Sync 1 DAGs
[2023-01-14T21:03:08.509+0000] {logging_mixin.py:137} INFO - [2023-01-14T21:03:08.509+0000] {dag.py:3423} INFO - Setting next_dagrun for latest_only to 2023-01-14T17:03:08.508764+00:00, run_after=2023-01-14T21:03:08.508764+00:00
[2023-01-14T21:03:08.584+0000] {processor.py:175} INFO - Processing /media/prempeh/Nouveau nom/MASTER2/DATA ENGINEERING/airflow/py_env/lib/python3.10/site-packages/airflow/example_dags/example_latest_only.py took 0.417 seconds
[2023-01-14T21:04:05.585+0000] {processor.py:153} INFO - Started process (PID=7482) to work on /media/prempeh/Nouveau nom/MASTER2/DATA ENGINEERING/airflow/py_env/lib/python3.10/site-packages/airflow/example_dags/example_latest_only.py
[2023-01-14T21:04:05.590+0000] {processor.py:743} INFO - Processing file /media/prempeh/Nouveau nom/MASTER2/DATA ENGINEERING/airflow/py_env/lib/python3.10/site-packages/airflow/example_dags/example_latest_only.py for tasks to queue
[2023-01-14T21:04:05.598+0000] {logging_mixin.py:137} INFO - [2023-01-14T21:04:05.597+0000] {dagbag.py:538} INFO - Filling up the DagBag from /media/prempeh/Nouveau nom/MASTER2/DATA ENGINEERING/airflow/py_env/lib/python3.10/site-packages/airflow/example_dags/example_latest_only.py
[2023-01-14T21:04:05.813+0000] {processor.py:753} INFO - DAG(s) dict_keys(['latest_only']) retrieved from /media/prempeh/Nouveau nom/MASTER2/DATA ENGINEERING/airflow/py_env/lib/python3.10/site-packages/airflow/example_dags/example_latest_only.py
[2023-01-14T21:04:06.051+0000] {logging_mixin.py:137} INFO - [2023-01-14T21:04:06.050+0000] {dag.py:2676} INFO - Sync 1 DAGs
[2023-01-14T21:04:06.164+0000] {logging_mixin.py:137} INFO - [2023-01-14T21:04:06.163+0000] {dag.py:3423} INFO - Setting next_dagrun for latest_only to 2023-01-14T17:04:06.162896+00:00, run_after=2023-01-14T21:04:06.162896+00:00
[2023-01-14T21:04:06.270+0000] {processor.py:175} INFO - Processing /media/prempeh/Nouveau nom/MASTER2/DATA ENGINEERING/airflow/py_env/lib/python3.10/site-packages/airflow/example_dags/example_latest_only.py took 0.700 seconds
[2023-01-14T21:05:08.539+0000] {processor.py:153} INFO - Started process (PID=7534) to work on /media/prempeh/Nouveau nom/MASTER2/DATA ENGINEERING/airflow/py_env/lib/python3.10/site-packages/airflow/example_dags/example_latest_only.py
[2023-01-14T21:05:08.541+0000] {processor.py:743} INFO - Processing file /media/prempeh/Nouveau nom/MASTER2/DATA ENGINEERING/airflow/py_env/lib/python3.10/site-packages/airflow/example_dags/example_latest_only.py for tasks to queue
[2023-01-14T21:05:08.546+0000] {logging_mixin.py:137} INFO - [2023-01-14T21:05:08.545+0000] {dagbag.py:538} INFO - Filling up the DagBag from /media/prempeh/Nouveau nom/MASTER2/DATA ENGINEERING/airflow/py_env/lib/python3.10/site-packages/airflow/example_dags/example_latest_only.py
[2023-01-14T21:05:08.662+0000] {processor.py:753} INFO - DAG(s) dict_keys(['latest_only']) retrieved from /media/prempeh/Nouveau nom/MASTER2/DATA ENGINEERING/airflow/py_env/lib/python3.10/site-packages/airflow/example_dags/example_latest_only.py
[2023-01-14T21:05:08.806+0000] {logging_mixin.py:137} INFO - [2023-01-14T21:05:08.805+0000] {dag.py:2676} INFO - Sync 1 DAGs
[2023-01-14T21:05:08.865+0000] {logging_mixin.py:137} INFO - [2023-01-14T21:05:08.865+0000] {dag.py:3423} INFO - Setting next_dagrun for latest_only to 2023-01-14T17:05:08.864682+00:00, run_after=2023-01-14T21:05:08.864682+00:00
[2023-01-14T21:05:08.936+0000] {processor.py:175} INFO - Processing /media/prempeh/Nouveau nom/MASTER2/DATA ENGINEERING/airflow/py_env/lib/python3.10/site-packages/airflow/example_dags/example_latest_only.py took 0.405 seconds
[2023-01-14T21:06:08.999+0000] {processor.py:153} INFO - Started process (PID=7649) to work on /media/prempeh/Nouveau nom/MASTER2/DATA ENGINEERING/airflow/py_env/lib/python3.10/site-packages/airflow/example_dags/example_latest_only.py
[2023-01-14T21:06:09.002+0000] {processor.py:743} INFO - Processing file /media/prempeh/Nouveau nom/MASTER2/DATA ENGINEERING/airflow/py_env/lib/python3.10/site-packages/airflow/example_dags/example_latest_only.py for tasks to queue
[2023-01-14T21:06:09.009+0000] {logging_mixin.py:137} INFO - [2023-01-14T21:06:09.008+0000] {dagbag.py:538} INFO - Filling up the DagBag from /media/prempeh/Nouveau nom/MASTER2/DATA ENGINEERING/airflow/py_env/lib/python3.10/site-packages/airflow/example_dags/example_latest_only.py
[2023-01-14T21:06:09.191+0000] {processor.py:753} INFO - DAG(s) dict_keys(['latest_only']) retrieved from /media/prempeh/Nouveau nom/MASTER2/DATA ENGINEERING/airflow/py_env/lib/python3.10/site-packages/airflow/example_dags/example_latest_only.py
[2023-01-14T21:06:09.411+0000] {logging_mixin.py:137} INFO - [2023-01-14T21:06:09.411+0000] {dag.py:2676} INFO - Sync 1 DAGs
[2023-01-14T21:06:09.513+0000] {logging_mixin.py:137} INFO - [2023-01-14T21:06:09.513+0000] {dag.py:3423} INFO - Setting next_dagrun for latest_only to 2023-01-14T17:06:09.512403+00:00, run_after=2023-01-14T21:06:09.512403+00:00
[2023-01-14T21:06:09.618+0000] {processor.py:175} INFO - Processing /media/prempeh/Nouveau nom/MASTER2/DATA ENGINEERING/airflow/py_env/lib/python3.10/site-packages/airflow/example_dags/example_latest_only.py took 0.630 seconds
[2023-01-14T21:07:30.724+0000] {processor.py:153} INFO - Started process (PID=7891) to work on /media/prempeh/Nouveau nom/MASTER2/DATA ENGINEERING/airflow/py_env/lib/python3.10/site-packages/airflow/example_dags/example_latest_only.py
[2023-01-14T21:07:30.729+0000] {processor.py:743} INFO - Processing file /media/prempeh/Nouveau nom/MASTER2/DATA ENGINEERING/airflow/py_env/lib/python3.10/site-packages/airflow/example_dags/example_latest_only.py for tasks to queue
[2023-01-14T21:07:30.742+0000] {logging_mixin.py:137} INFO - [2023-01-14T21:07:30.742+0000] {dagbag.py:538} INFO - Filling up the DagBag from /media/prempeh/Nouveau nom/MASTER2/DATA ENGINEERING/airflow/py_env/lib/python3.10/site-packages/airflow/example_dags/example_latest_only.py
[2023-01-14T21:07:30.915+0000] {processor.py:753} INFO - DAG(s) dict_keys(['latest_only']) retrieved from /media/prempeh/Nouveau nom/MASTER2/DATA ENGINEERING/airflow/py_env/lib/python3.10/site-packages/airflow/example_dags/example_latest_only.py
[2023-01-14T21:07:31.115+0000] {logging_mixin.py:137} INFO - [2023-01-14T21:07:31.114+0000] {dag.py:2676} INFO - Sync 1 DAGs
[2023-01-14T21:07:31.217+0000] {logging_mixin.py:137} INFO - [2023-01-14T21:07:31.216+0000] {dag.py:3423} INFO - Setting next_dagrun for latest_only to 2023-01-14T17:07:31.215432+00:00, run_after=2023-01-14T21:07:31.215432+00:00
[2023-01-14T21:07:31.320+0000] {processor.py:175} INFO - Processing /media/prempeh/Nouveau nom/MASTER2/DATA ENGINEERING/airflow/py_env/lib/python3.10/site-packages/airflow/example_dags/example_latest_only.py took 0.606 seconds
[2023-01-14T21:08:52.046+0000] {processor.py:153} INFO - Started process (PID=8086) to work on /media/prempeh/Nouveau nom/MASTER2/DATA ENGINEERING/airflow/py_env/lib/python3.10/site-packages/airflow/example_dags/example_latest_only.py
[2023-01-14T21:08:52.049+0000] {processor.py:743} INFO - Processing file /media/prempeh/Nouveau nom/MASTER2/DATA ENGINEERING/airflow/py_env/lib/python3.10/site-packages/airflow/example_dags/example_latest_only.py for tasks to queue
[2023-01-14T21:08:52.055+0000] {logging_mixin.py:137} INFO - [2023-01-14T21:08:52.055+0000] {dagbag.py:538} INFO - Filling up the DagBag from /media/prempeh/Nouveau nom/MASTER2/DATA ENGINEERING/airflow/py_env/lib/python3.10/site-packages/airflow/example_dags/example_latest_only.py
[2023-01-14T21:08:52.180+0000] {processor.py:753} INFO - DAG(s) dict_keys(['latest_only']) retrieved from /media/prempeh/Nouveau nom/MASTER2/DATA ENGINEERING/airflow/py_env/lib/python3.10/site-packages/airflow/example_dags/example_latest_only.py
[2023-01-14T21:08:52.318+0000] {logging_mixin.py:137} INFO - [2023-01-14T21:08:52.318+0000] {dag.py:2676} INFO - Sync 1 DAGs
[2023-01-14T21:08:52.381+0000] {logging_mixin.py:137} INFO - [2023-01-14T21:08:52.380+0000] {dag.py:3423} INFO - Setting next_dagrun for latest_only to 2023-01-14T17:08:52.380007+00:00, run_after=2023-01-14T21:08:52.380007+00:00
[2023-01-14T21:08:52.453+0000] {processor.py:175} INFO - Processing /media/prempeh/Nouveau nom/MASTER2/DATA ENGINEERING/airflow/py_env/lib/python3.10/site-packages/airflow/example_dags/example_latest_only.py took 0.417 seconds
[2023-01-14T21:09:52.275+0000] {processor.py:153} INFO - Started process (PID=8132) to work on /media/prempeh/Nouveau nom/MASTER2/DATA ENGINEERING/airflow/py_env/lib/python3.10/site-packages/airflow/example_dags/example_latest_only.py
[2023-01-14T21:09:52.277+0000] {processor.py:743} INFO - Processing file /media/prempeh/Nouveau nom/MASTER2/DATA ENGINEERING/airflow/py_env/lib/python3.10/site-packages/airflow/example_dags/example_latest_only.py for tasks to queue
[2023-01-14T21:09:52.282+0000] {logging_mixin.py:137} INFO - [2023-01-14T21:09:52.282+0000] {dagbag.py:538} INFO - Filling up the DagBag from /media/prempeh/Nouveau nom/MASTER2/DATA ENGINEERING/airflow/py_env/lib/python3.10/site-packages/airflow/example_dags/example_latest_only.py
[2023-01-14T21:09:52.393+0000] {processor.py:753} INFO - DAG(s) dict_keys(['latest_only']) retrieved from /media/prempeh/Nouveau nom/MASTER2/DATA ENGINEERING/airflow/py_env/lib/python3.10/site-packages/airflow/example_dags/example_latest_only.py
[2023-01-14T21:09:52.521+0000] {logging_mixin.py:137} INFO - [2023-01-14T21:09:52.520+0000] {dag.py:2676} INFO - Sync 1 DAGs
[2023-01-14T21:09:52.582+0000] {logging_mixin.py:137} INFO - [2023-01-14T21:09:52.582+0000] {dag.py:3423} INFO - Setting next_dagrun for latest_only to 2023-01-14T17:09:52.581764+00:00, run_after=2023-01-14T21:09:52.581764+00:00
[2023-01-14T21:09:52.660+0000] {processor.py:175} INFO - Processing /media/prempeh/Nouveau nom/MASTER2/DATA ENGINEERING/airflow/py_env/lib/python3.10/site-packages/airflow/example_dags/example_latest_only.py took 0.394 seconds
[2023-01-14T21:10:52.307+0000] {processor.py:153} INFO - Started process (PID=8177) to work on /media/prempeh/Nouveau nom/MASTER2/DATA ENGINEERING/airflow/py_env/lib/python3.10/site-packages/airflow/example_dags/example_latest_only.py
[2023-01-14T21:10:52.309+0000] {processor.py:743} INFO - Processing file /media/prempeh/Nouveau nom/MASTER2/DATA ENGINEERING/airflow/py_env/lib/python3.10/site-packages/airflow/example_dags/example_latest_only.py for tasks to queue
[2023-01-14T21:10:52.314+0000] {logging_mixin.py:137} INFO - [2023-01-14T21:10:52.313+0000] {dagbag.py:538} INFO - Filling up the DagBag from /media/prempeh/Nouveau nom/MASTER2/DATA ENGINEERING/airflow/py_env/lib/python3.10/site-packages/airflow/example_dags/example_latest_only.py
[2023-01-14T21:10:52.438+0000] {processor.py:753} INFO - DAG(s) dict_keys(['latest_only']) retrieved from /media/prempeh/Nouveau nom/MASTER2/DATA ENGINEERING/airflow/py_env/lib/python3.10/site-packages/airflow/example_dags/example_latest_only.py
[2023-01-14T21:10:52.576+0000] {logging_mixin.py:137} INFO - [2023-01-14T21:10:52.576+0000] {dag.py:2676} INFO - Sync 1 DAGs
[2023-01-14T21:10:52.640+0000] {logging_mixin.py:137} INFO - [2023-01-14T21:10:52.639+0000] {dag.py:3423} INFO - Setting next_dagrun for latest_only to 2023-01-14T17:10:52.638977+00:00, run_after=2023-01-14T21:10:52.638977+00:00
[2023-01-14T21:10:52.710+0000] {processor.py:175} INFO - Processing /media/prempeh/Nouveau nom/MASTER2/DATA ENGINEERING/airflow/py_env/lib/python3.10/site-packages/airflow/example_dags/example_latest_only.py took 0.412 seconds
[2023-01-14T21:12:02.110+0000] {processor.py:153} INFO - Started process (PID=8227) to work on /media/prempeh/Nouveau nom/MASTER2/DATA ENGINEERING/airflow/py_env/lib/python3.10/site-packages/airflow/example_dags/example_latest_only.py
[2023-01-14T21:12:02.113+0000] {processor.py:743} INFO - Processing file /media/prempeh/Nouveau nom/MASTER2/DATA ENGINEERING/airflow/py_env/lib/python3.10/site-packages/airflow/example_dags/example_latest_only.py for tasks to queue
[2023-01-14T21:12:02.118+0000] {logging_mixin.py:137} INFO - [2023-01-14T21:12:02.117+0000] {dagbag.py:538} INFO - Filling up the DagBag from /media/prempeh/Nouveau nom/MASTER2/DATA ENGINEERING/airflow/py_env/lib/python3.10/site-packages/airflow/example_dags/example_latest_only.py
[2023-01-14T21:12:02.241+0000] {processor.py:753} INFO - DAG(s) dict_keys(['latest_only']) retrieved from /media/prempeh/Nouveau nom/MASTER2/DATA ENGINEERING/airflow/py_env/lib/python3.10/site-packages/airflow/example_dags/example_latest_only.py
[2023-01-14T21:12:02.357+0000] {logging_mixin.py:137} INFO - [2023-01-14T21:12:02.357+0000] {dag.py:2676} INFO - Sync 1 DAGs
[2023-01-14T21:12:02.422+0000] {logging_mixin.py:137} INFO - [2023-01-14T21:12:02.421+0000] {dag.py:3423} INFO - Setting next_dagrun for latest_only to 2023-01-14T17:12:02.420837+00:00, run_after=2023-01-14T21:12:02.420837+00:00
[2023-01-14T21:12:02.497+0000] {processor.py:175} INFO - Processing /media/prempeh/Nouveau nom/MASTER2/DATA ENGINEERING/airflow/py_env/lib/python3.10/site-packages/airflow/example_dags/example_latest_only.py took 0.395 seconds
[2023-01-14T21:13:07.894+0000] {processor.py:153} INFO - Started process (PID=8272) to work on /media/prempeh/Nouveau nom/MASTER2/DATA ENGINEERING/airflow/py_env/lib/python3.10/site-packages/airflow/example_dags/example_latest_only.py
[2023-01-14T21:13:07.899+0000] {processor.py:743} INFO - Processing file /media/prempeh/Nouveau nom/MASTER2/DATA ENGINEERING/airflow/py_env/lib/python3.10/site-packages/airflow/example_dags/example_latest_only.py for tasks to queue
[2023-01-14T21:13:07.913+0000] {logging_mixin.py:137} INFO - [2023-01-14T21:13:07.912+0000] {dagbag.py:538} INFO - Filling up the DagBag from /media/prempeh/Nouveau nom/MASTER2/DATA ENGINEERING/airflow/py_env/lib/python3.10/site-packages/airflow/example_dags/example_latest_only.py
[2023-01-14T21:13:08.122+0000] {processor.py:753} INFO - DAG(s) dict_keys(['latest_only']) retrieved from /media/prempeh/Nouveau nom/MASTER2/DATA ENGINEERING/airflow/py_env/lib/python3.10/site-packages/airflow/example_dags/example_latest_only.py
[2023-01-14T21:13:08.322+0000] {logging_mixin.py:137} INFO - [2023-01-14T21:13:08.321+0000] {dag.py:2676} INFO - Sync 1 DAGs
[2023-01-14T21:13:08.431+0000] {logging_mixin.py:137} INFO - [2023-01-14T21:13:08.430+0000] {dag.py:3423} INFO - Setting next_dagrun for latest_only to 2023-01-14T17:13:08.429796+00:00, run_after=2023-01-14T21:13:08.429796+00:00
[2023-01-14T21:13:08.536+0000] {processor.py:175} INFO - Processing /media/prempeh/Nouveau nom/MASTER2/DATA ENGINEERING/airflow/py_env/lib/python3.10/site-packages/airflow/example_dags/example_latest_only.py took 0.656 seconds
[2023-01-14T21:14:23.345+0000] {processor.py:153} INFO - Started process (PID=8326) to work on /media/prempeh/Nouveau nom/MASTER2/DATA ENGINEERING/airflow/py_env/lib/python3.10/site-packages/airflow/example_dags/example_latest_only.py
[2023-01-14T21:14:23.348+0000] {processor.py:743} INFO - Processing file /media/prempeh/Nouveau nom/MASTER2/DATA ENGINEERING/airflow/py_env/lib/python3.10/site-packages/airflow/example_dags/example_latest_only.py for tasks to queue
[2023-01-14T21:14:23.353+0000] {logging_mixin.py:137} INFO - [2023-01-14T21:14:23.352+0000] {dagbag.py:538} INFO - Filling up the DagBag from /media/prempeh/Nouveau nom/MASTER2/DATA ENGINEERING/airflow/py_env/lib/python3.10/site-packages/airflow/example_dags/example_latest_only.py
[2023-01-14T21:14:23.533+0000] {processor.py:753} INFO - DAG(s) dict_keys(['latest_only']) retrieved from /media/prempeh/Nouveau nom/MASTER2/DATA ENGINEERING/airflow/py_env/lib/python3.10/site-packages/airflow/example_dags/example_latest_only.py
[2023-01-14T21:14:23.657+0000] {logging_mixin.py:137} INFO - [2023-01-14T21:14:23.655+0000] {dag.py:2676} INFO - Sync 1 DAGs
[2023-01-14T21:14:23.721+0000] {logging_mixin.py:137} INFO - [2023-01-14T21:14:23.720+0000] {dag.py:3423} INFO - Setting next_dagrun for latest_only to 2023-01-14T17:14:23.719785+00:00, run_after=2023-01-14T21:14:23.719785+00:00
[2023-01-14T21:14:23.793+0000] {processor.py:175} INFO - Processing /media/prempeh/Nouveau nom/MASTER2/DATA ENGINEERING/airflow/py_env/lib/python3.10/site-packages/airflow/example_dags/example_latest_only.py took 0.457 seconds
[2023-01-14T21:15:35.494+0000] {processor.py:153} INFO - Started process (PID=8690) to work on /media/prempeh/Nouveau nom/MASTER2/DATA ENGINEERING/airflow/py_env/lib/python3.10/site-packages/airflow/example_dags/example_latest_only.py
[2023-01-14T21:15:35.498+0000] {processor.py:743} INFO - Processing file /media/prempeh/Nouveau nom/MASTER2/DATA ENGINEERING/airflow/py_env/lib/python3.10/site-packages/airflow/example_dags/example_latest_only.py for tasks to queue
[2023-01-14T21:15:35.504+0000] {logging_mixin.py:137} INFO - [2023-01-14T21:15:35.504+0000] {dagbag.py:538} INFO - Filling up the DagBag from /media/prempeh/Nouveau nom/MASTER2/DATA ENGINEERING/airflow/py_env/lib/python3.10/site-packages/airflow/example_dags/example_latest_only.py
[2023-01-14T21:15:35.714+0000] {processor.py:753} INFO - DAG(s) dict_keys(['latest_only']) retrieved from /media/prempeh/Nouveau nom/MASTER2/DATA ENGINEERING/airflow/py_env/lib/python3.10/site-packages/airflow/example_dags/example_latest_only.py
[2023-01-14T21:15:35.884+0000] {logging_mixin.py:137} INFO - [2023-01-14T21:15:35.883+0000] {dag.py:2676} INFO - Sync 1 DAGs
[2023-01-14T21:15:35.943+0000] {logging_mixin.py:137} INFO - [2023-01-14T21:15:35.942+0000] {dag.py:3423} INFO - Setting next_dagrun for latest_only to 2023-01-14T17:15:35.942203+00:00, run_after=2023-01-14T21:15:35.942203+00:00
[2023-01-14T21:15:36.012+0000] {processor.py:175} INFO - Processing /media/prempeh/Nouveau nom/MASTER2/DATA ENGINEERING/airflow/py_env/lib/python3.10/site-packages/airflow/example_dags/example_latest_only.py took 0.529 seconds
[2023-01-14T21:16:45.571+0000] {processor.py:153} INFO - Started process (PID=9056) to work on /media/prempeh/Nouveau nom/MASTER2/DATA ENGINEERING/airflow/py_env/lib/python3.10/site-packages/airflow/example_dags/example_latest_only.py
[2023-01-14T21:16:45.574+0000] {processor.py:743} INFO - Processing file /media/prempeh/Nouveau nom/MASTER2/DATA ENGINEERING/airflow/py_env/lib/python3.10/site-packages/airflow/example_dags/example_latest_only.py for tasks to queue
[2023-01-14T21:16:45.578+0000] {logging_mixin.py:137} INFO - [2023-01-14T21:16:45.578+0000] {dagbag.py:538} INFO - Filling up the DagBag from /media/prempeh/Nouveau nom/MASTER2/DATA ENGINEERING/airflow/py_env/lib/python3.10/site-packages/airflow/example_dags/example_latest_only.py
[2023-01-14T21:16:45.689+0000] {processor.py:753} INFO - DAG(s) dict_keys(['latest_only']) retrieved from /media/prempeh/Nouveau nom/MASTER2/DATA ENGINEERING/airflow/py_env/lib/python3.10/site-packages/airflow/example_dags/example_latest_only.py
[2023-01-14T21:16:45.824+0000] {logging_mixin.py:137} INFO - [2023-01-14T21:16:45.823+0000] {dag.py:2676} INFO - Sync 1 DAGs
[2023-01-14T21:16:45.886+0000] {logging_mixin.py:137} INFO - [2023-01-14T21:16:45.885+0000] {dag.py:3423} INFO - Setting next_dagrun for latest_only to 2023-01-14T17:16:45.885265+00:00, run_after=2023-01-14T21:16:45.885265+00:00
[2023-01-14T21:16:45.973+0000] {processor.py:175} INFO - Processing /media/prempeh/Nouveau nom/MASTER2/DATA ENGINEERING/airflow/py_env/lib/python3.10/site-packages/airflow/example_dags/example_latest_only.py took 0.410 seconds
[2023-01-14T21:17:57.918+0000] {processor.py:153} INFO - Started process (PID=9252) to work on /media/prempeh/Nouveau nom/MASTER2/DATA ENGINEERING/airflow/py_env/lib/python3.10/site-packages/airflow/example_dags/example_latest_only.py
[2023-01-14T21:17:57.922+0000] {processor.py:743} INFO - Processing file /media/prempeh/Nouveau nom/MASTER2/DATA ENGINEERING/airflow/py_env/lib/python3.10/site-packages/airflow/example_dags/example_latest_only.py for tasks to queue
[2023-01-14T21:17:57.927+0000] {logging_mixin.py:137} INFO - [2023-01-14T21:17:57.926+0000] {dagbag.py:538} INFO - Filling up the DagBag from /media/prempeh/Nouveau nom/MASTER2/DATA ENGINEERING/airflow/py_env/lib/python3.10/site-packages/airflow/example_dags/example_latest_only.py
[2023-01-14T21:17:58.085+0000] {processor.py:753} INFO - DAG(s) dict_keys(['latest_only']) retrieved from /media/prempeh/Nouveau nom/MASTER2/DATA ENGINEERING/airflow/py_env/lib/python3.10/site-packages/airflow/example_dags/example_latest_only.py
[2023-01-14T21:17:58.243+0000] {logging_mixin.py:137} INFO - [2023-01-14T21:17:58.242+0000] {dag.py:2676} INFO - Sync 1 DAGs
[2023-01-14T21:17:58.323+0000] {logging_mixin.py:137} INFO - [2023-01-14T21:17:58.322+0000] {dag.py:3423} INFO - Setting next_dagrun for latest_only to 2023-01-14T17:17:58.321635+00:00, run_after=2023-01-14T21:17:58.321635+00:00
[2023-01-14T21:17:58.413+0000] {processor.py:175} INFO - Processing /media/prempeh/Nouveau nom/MASTER2/DATA ENGINEERING/airflow/py_env/lib/python3.10/site-packages/airflow/example_dags/example_latest_only.py took 0.505 seconds
[2023-01-14T21:19:12.827+0000] {processor.py:153} INFO - Started process (PID=9464) to work on /media/prempeh/Nouveau nom/MASTER2/DATA ENGINEERING/airflow/py_env/lib/python3.10/site-packages/airflow/example_dags/example_latest_only.py
[2023-01-14T21:19:12.829+0000] {processor.py:743} INFO - Processing file /media/prempeh/Nouveau nom/MASTER2/DATA ENGINEERING/airflow/py_env/lib/python3.10/site-packages/airflow/example_dags/example_latest_only.py for tasks to queue
[2023-01-14T21:19:12.835+0000] {logging_mixin.py:137} INFO - [2023-01-14T21:19:12.835+0000] {dagbag.py:538} INFO - Filling up the DagBag from /media/prempeh/Nouveau nom/MASTER2/DATA ENGINEERING/airflow/py_env/lib/python3.10/site-packages/airflow/example_dags/example_latest_only.py
[2023-01-14T21:19:12.985+0000] {processor.py:753} INFO - DAG(s) dict_keys(['latest_only']) retrieved from /media/prempeh/Nouveau nom/MASTER2/DATA ENGINEERING/airflow/py_env/lib/python3.10/site-packages/airflow/example_dags/example_latest_only.py
[2023-01-14T21:19:13.155+0000] {logging_mixin.py:137} INFO - [2023-01-14T21:19:13.154+0000] {dag.py:2676} INFO - Sync 1 DAGs
[2023-01-14T21:19:13.244+0000] {logging_mixin.py:137} INFO - [2023-01-14T21:19:13.243+0000] {dag.py:3423} INFO - Setting next_dagrun for latest_only to 2023-01-14T17:19:13.242606+00:00, run_after=2023-01-14T21:19:13.242606+00:00
[2023-01-14T21:19:13.334+0000] {processor.py:175} INFO - Processing /media/prempeh/Nouveau nom/MASTER2/DATA ENGINEERING/airflow/py_env/lib/python3.10/site-packages/airflow/example_dags/example_latest_only.py took 0.518 seconds
[2023-01-14T21:20:24.470+0000] {processor.py:153} INFO - Started process (PID=9787) to work on /media/prempeh/Nouveau nom/MASTER2/DATA ENGINEERING/airflow/py_env/lib/python3.10/site-packages/airflow/example_dags/example_latest_only.py
[2023-01-14T21:20:24.473+0000] {processor.py:743} INFO - Processing file /media/prempeh/Nouveau nom/MASTER2/DATA ENGINEERING/airflow/py_env/lib/python3.10/site-packages/airflow/example_dags/example_latest_only.py for tasks to queue
[2023-01-14T21:20:24.477+0000] {logging_mixin.py:137} INFO - [2023-01-14T21:20:24.477+0000] {dagbag.py:538} INFO - Filling up the DagBag from /media/prempeh/Nouveau nom/MASTER2/DATA ENGINEERING/airflow/py_env/lib/python3.10/site-packages/airflow/example_dags/example_latest_only.py
[2023-01-14T21:20:24.615+0000] {processor.py:753} INFO - DAG(s) dict_keys(['latest_only']) retrieved from /media/prempeh/Nouveau nom/MASTER2/DATA ENGINEERING/airflow/py_env/lib/python3.10/site-packages/airflow/example_dags/example_latest_only.py
[2023-01-14T21:20:24.737+0000] {logging_mixin.py:137} INFO - [2023-01-14T21:20:24.736+0000] {dag.py:2676} INFO - Sync 1 DAGs
[2023-01-14T21:20:24.798+0000] {logging_mixin.py:137} INFO - [2023-01-14T21:20:24.798+0000] {dag.py:3423} INFO - Setting next_dagrun for latest_only to 2023-01-14T17:20:24.797569+00:00, run_after=2023-01-14T21:20:24.797569+00:00
[2023-01-14T21:20:24.876+0000] {processor.py:175} INFO - Processing /media/prempeh/Nouveau nom/MASTER2/DATA ENGINEERING/airflow/py_env/lib/python3.10/site-packages/airflow/example_dags/example_latest_only.py took 0.415 seconds
[2023-01-14T21:21:32.793+0000] {processor.py:153} INFO - Started process (PID=9838) to work on /media/prempeh/Nouveau nom/MASTER2/DATA ENGINEERING/airflow/py_env/lib/python3.10/site-packages/airflow/example_dags/example_latest_only.py
[2023-01-14T21:21:32.796+0000] {processor.py:743} INFO - Processing file /media/prempeh/Nouveau nom/MASTER2/DATA ENGINEERING/airflow/py_env/lib/python3.10/site-packages/airflow/example_dags/example_latest_only.py for tasks to queue
[2023-01-14T21:21:32.800+0000] {logging_mixin.py:137} INFO - [2023-01-14T21:21:32.800+0000] {dagbag.py:538} INFO - Filling up the DagBag from /media/prempeh/Nouveau nom/MASTER2/DATA ENGINEERING/airflow/py_env/lib/python3.10/site-packages/airflow/example_dags/example_latest_only.py
[2023-01-14T21:21:32.944+0000] {processor.py:753} INFO - DAG(s) dict_keys(['latest_only']) retrieved from /media/prempeh/Nouveau nom/MASTER2/DATA ENGINEERING/airflow/py_env/lib/python3.10/site-packages/airflow/example_dags/example_latest_only.py
[2023-01-14T21:21:33.073+0000] {logging_mixin.py:137} INFO - [2023-01-14T21:21:33.073+0000] {dag.py:2676} INFO - Sync 1 DAGs
[2023-01-14T21:21:33.135+0000] {logging_mixin.py:137} INFO - [2023-01-14T21:21:33.135+0000] {dag.py:3423} INFO - Setting next_dagrun for latest_only to 2023-01-14T17:21:33.134555+00:00, run_after=2023-01-14T21:21:33.134555+00:00
[2023-01-14T21:21:33.206+0000] {processor.py:175} INFO - Processing /media/prempeh/Nouveau nom/MASTER2/DATA ENGINEERING/airflow/py_env/lib/python3.10/site-packages/airflow/example_dags/example_latest_only.py took 0.423 seconds
[2023-01-14T21:22:49.050+0000] {processor.py:153} INFO - Started process (PID=10211) to work on /media/prempeh/Nouveau nom/MASTER2/DATA ENGINEERING/airflow/py_env/lib/python3.10/site-packages/airflow/example_dags/example_latest_only.py
[2023-01-14T21:22:49.053+0000] {processor.py:743} INFO - Processing file /media/prempeh/Nouveau nom/MASTER2/DATA ENGINEERING/airflow/py_env/lib/python3.10/site-packages/airflow/example_dags/example_latest_only.py for tasks to queue
[2023-01-14T21:22:49.057+0000] {logging_mixin.py:137} INFO - [2023-01-14T21:22:49.056+0000] {dagbag.py:538} INFO - Filling up the DagBag from /media/prempeh/Nouveau nom/MASTER2/DATA ENGINEERING/airflow/py_env/lib/python3.10/site-packages/airflow/example_dags/example_latest_only.py
[2023-01-14T21:22:49.166+0000] {processor.py:753} INFO - DAG(s) dict_keys(['latest_only']) retrieved from /media/prempeh/Nouveau nom/MASTER2/DATA ENGINEERING/airflow/py_env/lib/python3.10/site-packages/airflow/example_dags/example_latest_only.py
[2023-01-14T21:22:49.281+0000] {logging_mixin.py:137} INFO - [2023-01-14T21:22:49.281+0000] {dag.py:2676} INFO - Sync 1 DAGs
[2023-01-14T21:22:49.344+0000] {logging_mixin.py:137} INFO - [2023-01-14T21:22:49.343+0000] {dag.py:3423} INFO - Setting next_dagrun for latest_only to 2023-01-14T17:22:49.343093+00:00, run_after=2023-01-14T21:22:49.343093+00:00
[2023-01-14T21:22:49.407+0000] {processor.py:175} INFO - Processing /media/prempeh/Nouveau nom/MASTER2/DATA ENGINEERING/airflow/py_env/lib/python3.10/site-packages/airflow/example_dags/example_latest_only.py took 0.365 seconds
[2023-01-14T21:23:58.400+0000] {processor.py:153} INFO - Started process (PID=10365) to work on /media/prempeh/Nouveau nom/MASTER2/DATA ENGINEERING/airflow/py_env/lib/python3.10/site-packages/airflow/example_dags/example_latest_only.py
[2023-01-14T21:23:58.403+0000] {processor.py:743} INFO - Processing file /media/prempeh/Nouveau nom/MASTER2/DATA ENGINEERING/airflow/py_env/lib/python3.10/site-packages/airflow/example_dags/example_latest_only.py for tasks to queue
[2023-01-14T21:23:58.410+0000] {logging_mixin.py:137} INFO - [2023-01-14T21:23:58.409+0000] {dagbag.py:538} INFO - Filling up the DagBag from /media/prempeh/Nouveau nom/MASTER2/DATA ENGINEERING/airflow/py_env/lib/python3.10/site-packages/airflow/example_dags/example_latest_only.py
[2023-01-14T21:23:58.535+0000] {processor.py:753} INFO - DAG(s) dict_keys(['latest_only']) retrieved from /media/prempeh/Nouveau nom/MASTER2/DATA ENGINEERING/airflow/py_env/lib/python3.10/site-packages/airflow/example_dags/example_latest_only.py
[2023-01-14T21:23:58.645+0000] {logging_mixin.py:137} INFO - [2023-01-14T21:23:58.645+0000] {dag.py:2676} INFO - Sync 1 DAGs
[2023-01-14T21:23:58.706+0000] {logging_mixin.py:137} INFO - [2023-01-14T21:23:58.705+0000] {dag.py:3423} INFO - Setting next_dagrun for latest_only to 2023-01-14T17:23:58.704925+00:00, run_after=2023-01-14T21:23:58.704925+00:00
[2023-01-14T21:23:58.780+0000] {processor.py:175} INFO - Processing /media/prempeh/Nouveau nom/MASTER2/DATA ENGINEERING/airflow/py_env/lib/python3.10/site-packages/airflow/example_dags/example_latest_only.py took 0.389 seconds
[2023-01-14T21:25:01.720+0000] {processor.py:153} INFO - Started process (PID=10445) to work on /media/prempeh/Nouveau nom/MASTER2/DATA ENGINEERING/airflow/py_env/lib/python3.10/site-packages/airflow/example_dags/example_latest_only.py
[2023-01-14T21:25:01.723+0000] {processor.py:743} INFO - Processing file /media/prempeh/Nouveau nom/MASTER2/DATA ENGINEERING/airflow/py_env/lib/python3.10/site-packages/airflow/example_dags/example_latest_only.py for tasks to queue
[2023-01-14T21:25:01.727+0000] {logging_mixin.py:137} INFO - [2023-01-14T21:25:01.727+0000] {dagbag.py:538} INFO - Filling up the DagBag from /media/prempeh/Nouveau nom/MASTER2/DATA ENGINEERING/airflow/py_env/lib/python3.10/site-packages/airflow/example_dags/example_latest_only.py
[2023-01-14T21:25:01.861+0000] {processor.py:753} INFO - DAG(s) dict_keys(['latest_only']) retrieved from /media/prempeh/Nouveau nom/MASTER2/DATA ENGINEERING/airflow/py_env/lib/python3.10/site-packages/airflow/example_dags/example_latest_only.py
[2023-01-14T21:25:02.007+0000] {logging_mixin.py:137} INFO - [2023-01-14T21:25:02.006+0000] {dag.py:2676} INFO - Sync 1 DAGs
[2023-01-14T21:25:02.079+0000] {logging_mixin.py:137} INFO - [2023-01-14T21:25:02.078+0000] {dag.py:3423} INFO - Setting next_dagrun for latest_only to 2023-01-14T17:25:02.077544+00:00, run_after=2023-01-14T21:25:02.077544+00:00
[2023-01-14T21:25:02.153+0000] {processor.py:175} INFO - Processing /media/prempeh/Nouveau nom/MASTER2/DATA ENGINEERING/airflow/py_env/lib/python3.10/site-packages/airflow/example_dags/example_latest_only.py took 0.441 seconds
[2023-01-14T21:26:16.999+0000] {processor.py:153} INFO - Started process (PID=10577) to work on /media/prempeh/Nouveau nom/MASTER2/DATA ENGINEERING/airflow/py_env/lib/python3.10/site-packages/airflow/example_dags/example_latest_only.py
[2023-01-14T21:26:17.003+0000] {processor.py:743} INFO - Processing file /media/prempeh/Nouveau nom/MASTER2/DATA ENGINEERING/airflow/py_env/lib/python3.10/site-packages/airflow/example_dags/example_latest_only.py for tasks to queue
[2023-01-14T21:26:17.008+0000] {logging_mixin.py:137} INFO - [2023-01-14T21:26:17.007+0000] {dagbag.py:538} INFO - Filling up the DagBag from /media/prempeh/Nouveau nom/MASTER2/DATA ENGINEERING/airflow/py_env/lib/python3.10/site-packages/airflow/example_dags/example_latest_only.py
[2023-01-14T21:26:17.158+0000] {processor.py:753} INFO - DAG(s) dict_keys(['latest_only']) retrieved from /media/prempeh/Nouveau nom/MASTER2/DATA ENGINEERING/airflow/py_env/lib/python3.10/site-packages/airflow/example_dags/example_latest_only.py
[2023-01-14T21:26:17.383+0000] {logging_mixin.py:137} INFO - [2023-01-14T21:26:17.382+0000] {dag.py:2676} INFO - Sync 1 DAGs
[2023-01-14T21:26:17.456+0000] {logging_mixin.py:137} INFO - [2023-01-14T21:26:17.455+0000] {dag.py:3423} INFO - Setting next_dagrun for latest_only to 2023-01-14T17:26:17.455172+00:00, run_after=2023-01-14T21:26:17.455172+00:00
[2023-01-14T21:26:17.526+0000] {processor.py:175} INFO - Processing /media/prempeh/Nouveau nom/MASTER2/DATA ENGINEERING/airflow/py_env/lib/python3.10/site-packages/airflow/example_dags/example_latest_only.py took 0.537 seconds
[2023-01-14T21:27:27.396+0000] {processor.py:153} INFO - Started process (PID=10846) to work on /media/prempeh/Nouveau nom/MASTER2/DATA ENGINEERING/airflow/py_env/lib/python3.10/site-packages/airflow/example_dags/example_latest_only.py
[2023-01-14T21:27:27.399+0000] {processor.py:743} INFO - Processing file /media/prempeh/Nouveau nom/MASTER2/DATA ENGINEERING/airflow/py_env/lib/python3.10/site-packages/airflow/example_dags/example_latest_only.py for tasks to queue
[2023-01-14T21:27:27.404+0000] {logging_mixin.py:137} INFO - [2023-01-14T21:27:27.403+0000] {dagbag.py:538} INFO - Filling up the DagBag from /media/prempeh/Nouveau nom/MASTER2/DATA ENGINEERING/airflow/py_env/lib/python3.10/site-packages/airflow/example_dags/example_latest_only.py
[2023-01-14T21:27:27.515+0000] {processor.py:753} INFO - DAG(s) dict_keys(['latest_only']) retrieved from /media/prempeh/Nouveau nom/MASTER2/DATA ENGINEERING/airflow/py_env/lib/python3.10/site-packages/airflow/example_dags/example_latest_only.py
[2023-01-14T21:27:27.643+0000] {logging_mixin.py:137} INFO - [2023-01-14T21:27:27.643+0000] {dag.py:2676} INFO - Sync 1 DAGs
[2023-01-14T21:27:27.704+0000] {logging_mixin.py:137} INFO - [2023-01-14T21:27:27.704+0000] {dag.py:3423} INFO - Setting next_dagrun for latest_only to 2023-01-14T17:27:27.703512+00:00, run_after=2023-01-14T21:27:27.703512+00:00
[2023-01-14T21:27:27.777+0000] {processor.py:175} INFO - Processing /media/prempeh/Nouveau nom/MASTER2/DATA ENGINEERING/airflow/py_env/lib/python3.10/site-packages/airflow/example_dags/example_latest_only.py took 0.389 seconds
