[2023-01-14T20:52:58.227+0000] {processor.py:153} INFO - Started process (PID=6411) to work on /media/prempeh/Nouveau nom/MASTER2/DATA ENGINEERING/airflow/py_env/lib/python3.10/site-packages/airflow/example_dags/example_subdag_operator.py
[2023-01-14T20:52:58.230+0000] {processor.py:743} INFO - Processing file /media/prempeh/Nouveau nom/MASTER2/DATA ENGINEERING/airflow/py_env/lib/python3.10/site-packages/airflow/example_dags/example_subdag_operator.py for tasks to queue
[2023-01-14T20:52:58.235+0000] {logging_mixin.py:137} INFO - [2023-01-14T20:52:58.234+0000] {dagbag.py:538} INFO - Filling up the DagBag from /media/prempeh/Nouveau nom/MASTER2/DATA ENGINEERING/airflow/py_env/lib/python3.10/site-packages/airflow/example_dags/example_subdag_operator.py
[2023-01-14T20:52:58.406+0000] {processor.py:753} INFO - DAG(s) dict_keys(['example_subdag_operator.section-1', 'example_subdag_operator.section-2', 'example_subdag_operator']) retrieved from /media/prempeh/Nouveau nom/MASTER2/DATA ENGINEERING/airflow/py_env/lib/python3.10/site-packages/airflow/example_dags/example_subdag_operator.py
[2023-01-14T20:52:59.041+0000] {logging_mixin.py:137} INFO - [2023-01-14T20:52:59.040+0000] {manager.py:504} INFO - Created Permission View: can edit on DAG:example_subdag_operator
[2023-01-14T20:52:59.070+0000] {logging_mixin.py:137} INFO - [2023-01-14T20:52:59.070+0000] {manager.py:504} INFO - Created Permission View: can delete on DAG:example_subdag_operator
[2023-01-14T20:52:59.093+0000] {logging_mixin.py:137} INFO - [2023-01-14T20:52:59.093+0000] {manager.py:504} INFO - Created Permission View: can read on DAG:example_subdag_operator
[2023-01-14T20:52:59.094+0000] {logging_mixin.py:137} INFO - [2023-01-14T20:52:59.094+0000] {dag.py:2676} INFO - Sync 3 DAGs
[2023-01-14T20:52:59.132+0000] {logging_mixin.py:137} INFO - [2023-01-14T20:52:59.132+0000] {dag.py:2697} INFO - Creating ORM DAG for example_subdag_operator.section-2
[2023-01-14T20:52:59.135+0000] {logging_mixin.py:137} INFO - [2023-01-14T20:52:59.134+0000] {dag.py:2697} INFO - Creating ORM DAG for example_subdag_operator.section-1
[2023-01-14T20:52:59.136+0000] {logging_mixin.py:137} INFO - [2023-01-14T20:52:59.136+0000] {dag.py:2697} INFO - Creating ORM DAG for example_subdag_operator
[2023-01-14T20:52:59.165+0000] {logging_mixin.py:137} INFO - [2023-01-14T20:52:59.164+0000] {dag.py:3423} INFO - Setting next_dagrun for example_subdag_operator to 2022-01-01T00:00:00+00:00, run_after=2022-01-01T00:00:00+00:00
[2023-01-14T20:52:59.167+0000] {logging_mixin.py:137} INFO - [2023-01-14T20:52:59.166+0000] {dag.py:3423} INFO - Setting next_dagrun for example_subdag_operator.section-1 to None, run_after=None
[2023-01-14T20:52:59.168+0000] {logging_mixin.py:137} INFO - [2023-01-14T20:52:59.167+0000] {dag.py:3423} INFO - Setting next_dagrun for example_subdag_operator.section-2 to None, run_after=None
[2023-01-14T20:52:59.191+0000] {logging_mixin.py:137} INFO - [2023-01-14T20:52:59.191+0000] {dag.py:2676} INFO - Sync 2 DAGs
[2023-01-14T20:52:59.205+0000] {logging_mixin.py:137} INFO - [2023-01-14T20:52:59.205+0000] {dag.py:3423} INFO - Setting next_dagrun for example_subdag_operator.section-1 to None, run_after=None
[2023-01-14T20:52:59.213+0000] {logging_mixin.py:137} INFO - [2023-01-14T20:52:59.212+0000] {dag.py:3423} INFO - Setting next_dagrun for example_subdag_operator.section-2 to None, run_after=None
[2023-01-14T20:52:59.273+0000] {processor.py:175} INFO - Processing /media/prempeh/Nouveau nom/MASTER2/DATA ENGINEERING/airflow/py_env/lib/python3.10/site-packages/airflow/example_dags/example_subdag_operator.py took 1.055 seconds
[2023-01-14T20:54:11.875+0000] {processor.py:153} INFO - Started process (PID=6716) to work on /media/prempeh/Nouveau nom/MASTER2/DATA ENGINEERING/airflow/py_env/lib/python3.10/site-packages/airflow/example_dags/example_subdag_operator.py
[2023-01-14T20:54:11.878+0000] {processor.py:743} INFO - Processing file /media/prempeh/Nouveau nom/MASTER2/DATA ENGINEERING/airflow/py_env/lib/python3.10/site-packages/airflow/example_dags/example_subdag_operator.py for tasks to queue
[2023-01-14T20:54:11.882+0000] {logging_mixin.py:137} INFO - [2023-01-14T20:54:11.882+0000] {dagbag.py:538} INFO - Filling up the DagBag from /media/prempeh/Nouveau nom/MASTER2/DATA ENGINEERING/airflow/py_env/lib/python3.10/site-packages/airflow/example_dags/example_subdag_operator.py
[2023-01-14T20:54:12.086+0000] {processor.py:753} INFO - DAG(s) dict_keys(['example_subdag_operator.section-1', 'example_subdag_operator.section-2', 'example_subdag_operator']) retrieved from /media/prempeh/Nouveau nom/MASTER2/DATA ENGINEERING/airflow/py_env/lib/python3.10/site-packages/airflow/example_dags/example_subdag_operator.py
[2023-01-14T20:54:12.202+0000] {logging_mixin.py:137} INFO - [2023-01-14T20:54:12.201+0000] {dag.py:2676} INFO - Sync 3 DAGs
[2023-01-14T20:54:12.270+0000] {logging_mixin.py:137} INFO - [2023-01-14T20:54:12.269+0000] {dag.py:3423} INFO - Setting next_dagrun for example_subdag_operator to 2022-01-01T00:00:00+00:00, run_after=2022-01-01T00:00:00+00:00
[2023-01-14T20:54:12.279+0000] {logging_mixin.py:137} INFO - [2023-01-14T20:54:12.279+0000] {dag.py:3423} INFO - Setting next_dagrun for example_subdag_operator.section-1 to None, run_after=None
[2023-01-14T20:54:12.284+0000] {logging_mixin.py:137} INFO - [2023-01-14T20:54:12.283+0000] {dag.py:3423} INFO - Setting next_dagrun for example_subdag_operator.section-2 to None, run_after=None
[2023-01-14T20:54:12.310+0000] {logging_mixin.py:137} INFO - [2023-01-14T20:54:12.309+0000] {dag.py:2676} INFO - Sync 2 DAGs
[2023-01-14T20:54:12.336+0000] {logging_mixin.py:137} INFO - [2023-01-14T20:54:12.334+0000] {dag.py:3423} INFO - Setting next_dagrun for example_subdag_operator.section-1 to None, run_after=None
[2023-01-14T20:54:12.341+0000] {logging_mixin.py:137} INFO - [2023-01-14T20:54:12.340+0000] {dag.py:3423} INFO - Setting next_dagrun for example_subdag_operator.section-2 to None, run_after=None
[2023-01-14T20:54:12.437+0000] {processor.py:175} INFO - Processing /media/prempeh/Nouveau nom/MASTER2/DATA ENGINEERING/airflow/py_env/lib/python3.10/site-packages/airflow/example_dags/example_subdag_operator.py took 0.570 seconds
[2023-01-14T20:55:12.067+0000] {processor.py:153} INFO - Started process (PID=6754) to work on /media/prempeh/Nouveau nom/MASTER2/DATA ENGINEERING/airflow/py_env/lib/python3.10/site-packages/airflow/example_dags/example_subdag_operator.py
[2023-01-14T20:55:12.069+0000] {processor.py:743} INFO - Processing file /media/prempeh/Nouveau nom/MASTER2/DATA ENGINEERING/airflow/py_env/lib/python3.10/site-packages/airflow/example_dags/example_subdag_operator.py for tasks to queue
[2023-01-14T20:55:12.073+0000] {logging_mixin.py:137} INFO - [2023-01-14T20:55:12.073+0000] {dagbag.py:538} INFO - Filling up the DagBag from /media/prempeh/Nouveau nom/MASTER2/DATA ENGINEERING/airflow/py_env/lib/python3.10/site-packages/airflow/example_dags/example_subdag_operator.py
[2023-01-14T20:55:12.255+0000] {processor.py:753} INFO - DAG(s) dict_keys(['example_subdag_operator.section-1', 'example_subdag_operator.section-2', 'example_subdag_operator']) retrieved from /media/prempeh/Nouveau nom/MASTER2/DATA ENGINEERING/airflow/py_env/lib/python3.10/site-packages/airflow/example_dags/example_subdag_operator.py
[2023-01-14T20:55:12.374+0000] {logging_mixin.py:137} INFO - [2023-01-14T20:55:12.373+0000] {dag.py:2676} INFO - Sync 3 DAGs
[2023-01-14T20:55:12.434+0000] {logging_mixin.py:137} INFO - [2023-01-14T20:55:12.434+0000] {dag.py:3423} INFO - Setting next_dagrun for example_subdag_operator to 2022-01-01T00:00:00+00:00, run_after=2022-01-01T00:00:00+00:00
[2023-01-14T20:55:12.447+0000] {logging_mixin.py:137} INFO - [2023-01-14T20:55:12.447+0000] {dag.py:3423} INFO - Setting next_dagrun for example_subdag_operator.section-1 to None, run_after=None
[2023-01-14T20:55:12.451+0000] {logging_mixin.py:137} INFO - [2023-01-14T20:55:12.450+0000] {dag.py:3423} INFO - Setting next_dagrun for example_subdag_operator.section-2 to None, run_after=None
[2023-01-14T20:55:12.471+0000] {logging_mixin.py:137} INFO - [2023-01-14T20:55:12.470+0000] {dag.py:2676} INFO - Sync 2 DAGs
[2023-01-14T20:55:12.484+0000] {logging_mixin.py:137} INFO - [2023-01-14T20:55:12.483+0000] {dag.py:3423} INFO - Setting next_dagrun for example_subdag_operator.section-1 to None, run_after=None
[2023-01-14T20:55:12.486+0000] {logging_mixin.py:137} INFO - [2023-01-14T20:55:12.485+0000] {dag.py:3423} INFO - Setting next_dagrun for example_subdag_operator.section-2 to None, run_after=None
[2023-01-14T20:55:12.539+0000] {processor.py:175} INFO - Processing /media/prempeh/Nouveau nom/MASTER2/DATA ENGINEERING/airflow/py_env/lib/python3.10/site-packages/airflow/example_dags/example_subdag_operator.py took 0.484 seconds
[2023-01-14T20:56:10.464+0000] {processor.py:153} INFO - Started process (PID=6878) to work on /media/prempeh/Nouveau nom/MASTER2/DATA ENGINEERING/airflow/py_env/lib/python3.10/site-packages/airflow/example_dags/example_subdag_operator.py
[2023-01-14T20:56:10.467+0000] {processor.py:743} INFO - Processing file /media/prempeh/Nouveau nom/MASTER2/DATA ENGINEERING/airflow/py_env/lib/python3.10/site-packages/airflow/example_dags/example_subdag_operator.py for tasks to queue
[2023-01-14T20:56:10.471+0000] {logging_mixin.py:137} INFO - [2023-01-14T20:56:10.471+0000] {dagbag.py:538} INFO - Filling up the DagBag from /media/prempeh/Nouveau nom/MASTER2/DATA ENGINEERING/airflow/py_env/lib/python3.10/site-packages/airflow/example_dags/example_subdag_operator.py
[2023-01-14T20:56:10.724+0000] {processor.py:753} INFO - DAG(s) dict_keys(['example_subdag_operator.section-1', 'example_subdag_operator.section-2', 'example_subdag_operator']) retrieved from /media/prempeh/Nouveau nom/MASTER2/DATA ENGINEERING/airflow/py_env/lib/python3.10/site-packages/airflow/example_dags/example_subdag_operator.py
[2023-01-14T20:56:10.901+0000] {logging_mixin.py:137} INFO - [2023-01-14T20:56:10.900+0000] {dag.py:2676} INFO - Sync 3 DAGs
[2023-01-14T20:56:10.968+0000] {logging_mixin.py:137} INFO - [2023-01-14T20:56:10.967+0000] {dag.py:3423} INFO - Setting next_dagrun for example_subdag_operator to 2022-01-01T00:00:00+00:00, run_after=2022-01-01T00:00:00+00:00
[2023-01-14T20:56:10.978+0000] {logging_mixin.py:137} INFO - [2023-01-14T20:56:10.978+0000] {dag.py:3423} INFO - Setting next_dagrun for example_subdag_operator.section-1 to None, run_after=None
[2023-01-14T20:56:10.983+0000] {logging_mixin.py:137} INFO - [2023-01-14T20:56:10.983+0000] {dag.py:3423} INFO - Setting next_dagrun for example_subdag_operator.section-2 to None, run_after=None
[2023-01-14T20:56:11.010+0000] {logging_mixin.py:137} INFO - [2023-01-14T20:56:11.009+0000] {dag.py:2676} INFO - Sync 2 DAGs
[2023-01-14T20:56:11.041+0000] {logging_mixin.py:137} INFO - [2023-01-14T20:56:11.039+0000] {dag.py:3423} INFO - Setting next_dagrun for example_subdag_operator.section-1 to None, run_after=None
[2023-01-14T20:56:11.043+0000] {logging_mixin.py:137} INFO - [2023-01-14T20:56:11.042+0000] {dag.py:3423} INFO - Setting next_dagrun for example_subdag_operator.section-2 to None, run_after=None
[2023-01-14T20:56:11.098+0000] {processor.py:175} INFO - Processing /media/prempeh/Nouveau nom/MASTER2/DATA ENGINEERING/airflow/py_env/lib/python3.10/site-packages/airflow/example_dags/example_subdag_operator.py took 0.643 seconds
[2023-01-14T20:57:12.511+0000] {processor.py:153} INFO - Started process (PID=7051) to work on /media/prempeh/Nouveau nom/MASTER2/DATA ENGINEERING/airflow/py_env/lib/python3.10/site-packages/airflow/example_dags/example_subdag_operator.py
[2023-01-14T20:57:12.514+0000] {processor.py:743} INFO - Processing file /media/prempeh/Nouveau nom/MASTER2/DATA ENGINEERING/airflow/py_env/lib/python3.10/site-packages/airflow/example_dags/example_subdag_operator.py for tasks to queue
[2023-01-14T20:57:12.520+0000] {logging_mixin.py:137} INFO - [2023-01-14T20:57:12.519+0000] {dagbag.py:538} INFO - Filling up the DagBag from /media/prempeh/Nouveau nom/MASTER2/DATA ENGINEERING/airflow/py_env/lib/python3.10/site-packages/airflow/example_dags/example_subdag_operator.py
[2023-01-14T20:57:12.749+0000] {processor.py:753} INFO - DAG(s) dict_keys(['example_subdag_operator.section-1', 'example_subdag_operator.section-2', 'example_subdag_operator']) retrieved from /media/prempeh/Nouveau nom/MASTER2/DATA ENGINEERING/airflow/py_env/lib/python3.10/site-packages/airflow/example_dags/example_subdag_operator.py
[2023-01-14T20:57:12.911+0000] {logging_mixin.py:137} INFO - [2023-01-14T20:57:12.911+0000] {dag.py:2676} INFO - Sync 3 DAGs
[2023-01-14T20:57:12.988+0000] {logging_mixin.py:137} INFO - [2023-01-14T20:57:12.987+0000] {dag.py:3423} INFO - Setting next_dagrun for example_subdag_operator to 2022-01-01T00:00:00+00:00, run_after=2022-01-01T00:00:00+00:00
[2023-01-14T20:57:13.001+0000] {logging_mixin.py:137} INFO - [2023-01-14T20:57:13.000+0000] {dag.py:3423} INFO - Setting next_dagrun for example_subdag_operator.section-1 to None, run_after=None
[2023-01-14T20:57:13.005+0000] {logging_mixin.py:137} INFO - [2023-01-14T20:57:13.005+0000] {dag.py:3423} INFO - Setting next_dagrun for example_subdag_operator.section-2 to None, run_after=None
[2023-01-14T20:57:13.042+0000] {logging_mixin.py:137} INFO - [2023-01-14T20:57:13.041+0000] {dag.py:2676} INFO - Sync 2 DAGs
[2023-01-14T20:57:13.069+0000] {logging_mixin.py:137} INFO - [2023-01-14T20:57:13.068+0000] {dag.py:3423} INFO - Setting next_dagrun for example_subdag_operator.section-1 to None, run_after=None
[2023-01-14T20:57:13.071+0000] {logging_mixin.py:137} INFO - [2023-01-14T20:57:13.070+0000] {dag.py:3423} INFO - Setting next_dagrun for example_subdag_operator.section-2 to None, run_after=None
[2023-01-14T20:57:13.144+0000] {processor.py:175} INFO - Processing /media/prempeh/Nouveau nom/MASTER2/DATA ENGINEERING/airflow/py_env/lib/python3.10/site-packages/airflow/example_dags/example_subdag_operator.py took 0.644 seconds
[2023-01-14T20:58:09.554+0000] {processor.py:153} INFO - Started process (PID=7116) to work on /media/prempeh/Nouveau nom/MASTER2/DATA ENGINEERING/airflow/py_env/lib/python3.10/site-packages/airflow/example_dags/example_subdag_operator.py
[2023-01-14T20:58:09.557+0000] {processor.py:743} INFO - Processing file /media/prempeh/Nouveau nom/MASTER2/DATA ENGINEERING/airflow/py_env/lib/python3.10/site-packages/airflow/example_dags/example_subdag_operator.py for tasks to queue
[2023-01-14T20:58:09.562+0000] {logging_mixin.py:137} INFO - [2023-01-14T20:58:09.562+0000] {dagbag.py:538} INFO - Filling up the DagBag from /media/prempeh/Nouveau nom/MASTER2/DATA ENGINEERING/airflow/py_env/lib/python3.10/site-packages/airflow/example_dags/example_subdag_operator.py
[2023-01-14T20:58:09.777+0000] {processor.py:753} INFO - DAG(s) dict_keys(['example_subdag_operator.section-1', 'example_subdag_operator.section-2', 'example_subdag_operator']) retrieved from /media/prempeh/Nouveau nom/MASTER2/DATA ENGINEERING/airflow/py_env/lib/python3.10/site-packages/airflow/example_dags/example_subdag_operator.py
[2023-01-14T20:58:09.932+0000] {logging_mixin.py:137} INFO - [2023-01-14T20:58:09.932+0000] {dag.py:2676} INFO - Sync 3 DAGs
[2023-01-14T20:58:10.006+0000] {logging_mixin.py:137} INFO - [2023-01-14T20:58:10.005+0000] {dag.py:3423} INFO - Setting next_dagrun for example_subdag_operator to 2022-01-01T00:00:00+00:00, run_after=2022-01-01T00:00:00+00:00
[2023-01-14T20:58:10.016+0000] {logging_mixin.py:137} INFO - [2023-01-14T20:58:10.016+0000] {dag.py:3423} INFO - Setting next_dagrun for example_subdag_operator.section-1 to None, run_after=None
[2023-01-14T20:58:10.020+0000] {logging_mixin.py:137} INFO - [2023-01-14T20:58:10.020+0000] {dag.py:3423} INFO - Setting next_dagrun for example_subdag_operator.section-2 to None, run_after=None
[2023-01-14T20:58:10.040+0000] {logging_mixin.py:137} INFO - [2023-01-14T20:58:10.039+0000] {dag.py:2676} INFO - Sync 2 DAGs
[2023-01-14T20:58:10.052+0000] {logging_mixin.py:137} INFO - [2023-01-14T20:58:10.052+0000] {dag.py:3423} INFO - Setting next_dagrun for example_subdag_operator.section-1 to None, run_after=None
[2023-01-14T20:58:10.054+0000] {logging_mixin.py:137} INFO - [2023-01-14T20:58:10.053+0000] {dag.py:3423} INFO - Setting next_dagrun for example_subdag_operator.section-2 to None, run_after=None
[2023-01-14T20:58:10.105+0000] {processor.py:175} INFO - Processing /media/prempeh/Nouveau nom/MASTER2/DATA ENGINEERING/airflow/py_env/lib/python3.10/site-packages/airflow/example_dags/example_subdag_operator.py took 0.561 seconds
[2023-01-14T20:59:04.452+0000] {processor.py:153} INFO - Started process (PID=7158) to work on /media/prempeh/Nouveau nom/MASTER2/DATA ENGINEERING/airflow/py_env/lib/python3.10/site-packages/airflow/example_dags/example_subdag_operator.py
[2023-01-14T20:59:04.455+0000] {processor.py:743} INFO - Processing file /media/prempeh/Nouveau nom/MASTER2/DATA ENGINEERING/airflow/py_env/lib/python3.10/site-packages/airflow/example_dags/example_subdag_operator.py for tasks to queue
[2023-01-14T20:59:04.462+0000] {logging_mixin.py:137} INFO - [2023-01-14T20:59:04.462+0000] {dagbag.py:538} INFO - Filling up the DagBag from /media/prempeh/Nouveau nom/MASTER2/DATA ENGINEERING/airflow/py_env/lib/python3.10/site-packages/airflow/example_dags/example_subdag_operator.py
[2023-01-14T20:59:04.613+0000] {processor.py:753} INFO - DAG(s) dict_keys(['example_subdag_operator.section-1', 'example_subdag_operator.section-2', 'example_subdag_operator']) retrieved from /media/prempeh/Nouveau nom/MASTER2/DATA ENGINEERING/airflow/py_env/lib/python3.10/site-packages/airflow/example_dags/example_subdag_operator.py
[2023-01-14T20:59:04.748+0000] {logging_mixin.py:137} INFO - [2023-01-14T20:59:04.747+0000] {dag.py:2676} INFO - Sync 3 DAGs
[2023-01-14T20:59:04.807+0000] {logging_mixin.py:137} INFO - [2023-01-14T20:59:04.806+0000] {dag.py:3423} INFO - Setting next_dagrun for example_subdag_operator to 2022-01-01T00:00:00+00:00, run_after=2022-01-01T00:00:00+00:00
[2023-01-14T20:59:04.817+0000] {logging_mixin.py:137} INFO - [2023-01-14T20:59:04.816+0000] {dag.py:3423} INFO - Setting next_dagrun for example_subdag_operator.section-1 to None, run_after=None
[2023-01-14T20:59:04.820+0000] {logging_mixin.py:137} INFO - [2023-01-14T20:59:04.819+0000] {dag.py:3423} INFO - Setting next_dagrun for example_subdag_operator.section-2 to None, run_after=None
[2023-01-14T20:59:04.839+0000] {logging_mixin.py:137} INFO - [2023-01-14T20:59:04.838+0000] {dag.py:2676} INFO - Sync 2 DAGs
[2023-01-14T20:59:04.852+0000] {logging_mixin.py:137} INFO - [2023-01-14T20:59:04.851+0000] {dag.py:3423} INFO - Setting next_dagrun for example_subdag_operator.section-1 to None, run_after=None
[2023-01-14T20:59:04.853+0000] {logging_mixin.py:137} INFO - [2023-01-14T20:59:04.852+0000] {dag.py:3423} INFO - Setting next_dagrun for example_subdag_operator.section-2 to None, run_after=None
[2023-01-14T20:59:04.905+0000] {processor.py:175} INFO - Processing /media/prempeh/Nouveau nom/MASTER2/DATA ENGINEERING/airflow/py_env/lib/python3.10/site-packages/airflow/example_dags/example_subdag_operator.py took 0.461 seconds
[2023-01-14T20:59:52.336+0000] {processor.py:153} INFO - Started process (PID=7238) to work on /media/prempeh/Nouveau nom/MASTER2/DATA ENGINEERING/airflow/py_env/lib/python3.10/site-packages/airflow/example_dags/example_subdag_operator.py
[2023-01-14T20:59:52.340+0000] {processor.py:743} INFO - Processing file /media/prempeh/Nouveau nom/MASTER2/DATA ENGINEERING/airflow/py_env/lib/python3.10/site-packages/airflow/example_dags/example_subdag_operator.py for tasks to queue
[2023-01-14T20:59:52.344+0000] {logging_mixin.py:137} INFO - [2023-01-14T20:59:52.344+0000] {dagbag.py:538} INFO - Filling up the DagBag from /media/prempeh/Nouveau nom/MASTER2/DATA ENGINEERING/airflow/py_env/lib/python3.10/site-packages/airflow/example_dags/example_subdag_operator.py
[2023-01-14T20:59:52.506+0000] {processor.py:753} INFO - DAG(s) dict_keys(['example_subdag_operator.section-1', 'example_subdag_operator.section-2', 'example_subdag_operator']) retrieved from /media/prempeh/Nouveau nom/MASTER2/DATA ENGINEERING/airflow/py_env/lib/python3.10/site-packages/airflow/example_dags/example_subdag_operator.py
[2023-01-14T20:59:52.743+0000] {logging_mixin.py:137} INFO - [2023-01-14T20:59:52.743+0000] {dag.py:2676} INFO - Sync 3 DAGs
[2023-01-14T20:59:52.831+0000] {logging_mixin.py:137} INFO - [2023-01-14T20:59:52.830+0000] {dag.py:3423} INFO - Setting next_dagrun for example_subdag_operator to 2022-01-01T00:00:00+00:00, run_after=2022-01-01T00:00:00+00:00
[2023-01-14T20:59:52.843+0000] {logging_mixin.py:137} INFO - [2023-01-14T20:59:52.843+0000] {dag.py:3423} INFO - Setting next_dagrun for example_subdag_operator.section-1 to None, run_after=None
[2023-01-14T20:59:52.847+0000] {logging_mixin.py:137} INFO - [2023-01-14T20:59:52.847+0000] {dag.py:3423} INFO - Setting next_dagrun for example_subdag_operator.section-2 to None, run_after=None
[2023-01-14T20:59:52.873+0000] {logging_mixin.py:137} INFO - [2023-01-14T20:59:52.872+0000] {dag.py:2676} INFO - Sync 2 DAGs
[2023-01-14T20:59:52.890+0000] {logging_mixin.py:137} INFO - [2023-01-14T20:59:52.889+0000] {dag.py:3423} INFO - Setting next_dagrun for example_subdag_operator.section-1 to None, run_after=None
[2023-01-14T20:59:52.891+0000] {logging_mixin.py:137} INFO - [2023-01-14T20:59:52.891+0000] {dag.py:3423} INFO - Setting next_dagrun for example_subdag_operator.section-2 to None, run_after=None
[2023-01-14T20:59:52.951+0000] {processor.py:175} INFO - Processing /media/prempeh/Nouveau nom/MASTER2/DATA ENGINEERING/airflow/py_env/lib/python3.10/site-packages/airflow/example_dags/example_subdag_operator.py took 0.626 seconds
[2023-01-14T21:00:49.142+0000] {processor.py:153} INFO - Started process (PID=7276) to work on /media/prempeh/Nouveau nom/MASTER2/DATA ENGINEERING/airflow/py_env/lib/python3.10/site-packages/airflow/example_dags/example_subdag_operator.py
[2023-01-14T21:00:49.145+0000] {processor.py:743} INFO - Processing file /media/prempeh/Nouveau nom/MASTER2/DATA ENGINEERING/airflow/py_env/lib/python3.10/site-packages/airflow/example_dags/example_subdag_operator.py for tasks to queue
[2023-01-14T21:00:49.151+0000] {logging_mixin.py:137} INFO - [2023-01-14T21:00:49.151+0000] {dagbag.py:538} INFO - Filling up the DagBag from /media/prempeh/Nouveau nom/MASTER2/DATA ENGINEERING/airflow/py_env/lib/python3.10/site-packages/airflow/example_dags/example_subdag_operator.py
[2023-01-14T21:00:49.315+0000] {processor.py:753} INFO - DAG(s) dict_keys(['example_subdag_operator.section-1', 'example_subdag_operator.section-2', 'example_subdag_operator']) retrieved from /media/prempeh/Nouveau nom/MASTER2/DATA ENGINEERING/airflow/py_env/lib/python3.10/site-packages/airflow/example_dags/example_subdag_operator.py
[2023-01-14T21:00:49.429+0000] {logging_mixin.py:137} INFO - [2023-01-14T21:00:49.428+0000] {dag.py:2676} INFO - Sync 3 DAGs
[2023-01-14T21:00:49.490+0000] {logging_mixin.py:137} INFO - [2023-01-14T21:00:49.489+0000] {dag.py:3423} INFO - Setting next_dagrun for example_subdag_operator to 2022-01-01T00:00:00+00:00, run_after=2022-01-01T00:00:00+00:00
[2023-01-14T21:00:49.500+0000] {logging_mixin.py:137} INFO - [2023-01-14T21:00:49.500+0000] {dag.py:3423} INFO - Setting next_dagrun for example_subdag_operator.section-1 to None, run_after=None
[2023-01-14T21:00:49.503+0000] {logging_mixin.py:137} INFO - [2023-01-14T21:00:49.503+0000] {dag.py:3423} INFO - Setting next_dagrun for example_subdag_operator.section-2 to None, run_after=None
[2023-01-14T21:00:49.523+0000] {logging_mixin.py:137} INFO - [2023-01-14T21:00:49.523+0000] {dag.py:2676} INFO - Sync 2 DAGs
[2023-01-14T21:00:49.536+0000] {logging_mixin.py:137} INFO - [2023-01-14T21:00:49.535+0000] {dag.py:3423} INFO - Setting next_dagrun for example_subdag_operator.section-1 to None, run_after=None
[2023-01-14T21:00:49.538+0000] {logging_mixin.py:137} INFO - [2023-01-14T21:00:49.537+0000] {dag.py:3423} INFO - Setting next_dagrun for example_subdag_operator.section-2 to None, run_after=None
[2023-01-14T21:00:49.591+0000] {processor.py:175} INFO - Processing /media/prempeh/Nouveau nom/MASTER2/DATA ENGINEERING/airflow/py_env/lib/python3.10/site-packages/airflow/example_dags/example_subdag_operator.py took 0.462 seconds
[2023-01-14T21:01:43.992+0000] {processor.py:153} INFO - Started process (PID=7322) to work on /media/prempeh/Nouveau nom/MASTER2/DATA ENGINEERING/airflow/py_env/lib/python3.10/site-packages/airflow/example_dags/example_subdag_operator.py
[2023-01-14T21:01:43.994+0000] {processor.py:743} INFO - Processing file /media/prempeh/Nouveau nom/MASTER2/DATA ENGINEERING/airflow/py_env/lib/python3.10/site-packages/airflow/example_dags/example_subdag_operator.py for tasks to queue
[2023-01-14T21:01:43.998+0000] {logging_mixin.py:137} INFO - [2023-01-14T21:01:43.998+0000] {dagbag.py:538} INFO - Filling up the DagBag from /media/prempeh/Nouveau nom/MASTER2/DATA ENGINEERING/airflow/py_env/lib/python3.10/site-packages/airflow/example_dags/example_subdag_operator.py
[2023-01-14T21:01:44.172+0000] {processor.py:753} INFO - DAG(s) dict_keys(['example_subdag_operator.section-1', 'example_subdag_operator.section-2', 'example_subdag_operator']) retrieved from /media/prempeh/Nouveau nom/MASTER2/DATA ENGINEERING/airflow/py_env/lib/python3.10/site-packages/airflow/example_dags/example_subdag_operator.py
[2023-01-14T21:01:44.303+0000] {logging_mixin.py:137} INFO - [2023-01-14T21:01:44.303+0000] {dag.py:2676} INFO - Sync 3 DAGs
[2023-01-14T21:01:44.364+0000] {logging_mixin.py:137} INFO - [2023-01-14T21:01:44.363+0000] {dag.py:3423} INFO - Setting next_dagrun for example_subdag_operator to 2022-01-01T00:00:00+00:00, run_after=2022-01-01T00:00:00+00:00
[2023-01-14T21:01:44.373+0000] {logging_mixin.py:137} INFO - [2023-01-14T21:01:44.373+0000] {dag.py:3423} INFO - Setting next_dagrun for example_subdag_operator.section-1 to None, run_after=None
[2023-01-14T21:01:44.376+0000] {logging_mixin.py:137} INFO - [2023-01-14T21:01:44.376+0000] {dag.py:3423} INFO - Setting next_dagrun for example_subdag_operator.section-2 to None, run_after=None
[2023-01-14T21:01:44.403+0000] {logging_mixin.py:137} INFO - [2023-01-14T21:01:44.402+0000] {dag.py:2676} INFO - Sync 2 DAGs
[2023-01-14T21:01:44.416+0000] {logging_mixin.py:137} INFO - [2023-01-14T21:01:44.416+0000] {dag.py:3423} INFO - Setting next_dagrun for example_subdag_operator.section-1 to None, run_after=None
[2023-01-14T21:01:44.418+0000] {logging_mixin.py:137} INFO - [2023-01-14T21:01:44.417+0000] {dag.py:3423} INFO - Setting next_dagrun for example_subdag_operator.section-2 to None, run_after=None
[2023-01-14T21:01:44.467+0000] {processor.py:175} INFO - Processing /media/prempeh/Nouveau nom/MASTER2/DATA ENGINEERING/airflow/py_env/lib/python3.10/site-packages/airflow/example_dags/example_subdag_operator.py took 0.484 seconds
[2023-01-14T21:02:37.095+0000] {processor.py:153} INFO - Started process (PID=7388) to work on /media/prempeh/Nouveau nom/MASTER2/DATA ENGINEERING/airflow/py_env/lib/python3.10/site-packages/airflow/example_dags/example_subdag_operator.py
[2023-01-14T21:02:37.098+0000] {processor.py:743} INFO - Processing file /media/prempeh/Nouveau nom/MASTER2/DATA ENGINEERING/airflow/py_env/lib/python3.10/site-packages/airflow/example_dags/example_subdag_operator.py for tasks to queue
[2023-01-14T21:02:37.102+0000] {logging_mixin.py:137} INFO - [2023-01-14T21:02:37.102+0000] {dagbag.py:538} INFO - Filling up the DagBag from /media/prempeh/Nouveau nom/MASTER2/DATA ENGINEERING/airflow/py_env/lib/python3.10/site-packages/airflow/example_dags/example_subdag_operator.py
[2023-01-14T21:02:37.277+0000] {processor.py:753} INFO - DAG(s) dict_keys(['example_subdag_operator.section-1', 'example_subdag_operator.section-2', 'example_subdag_operator']) retrieved from /media/prempeh/Nouveau nom/MASTER2/DATA ENGINEERING/airflow/py_env/lib/python3.10/site-packages/airflow/example_dags/example_subdag_operator.py
[2023-01-14T21:02:37.388+0000] {logging_mixin.py:137} INFO - [2023-01-14T21:02:37.388+0000] {dag.py:2676} INFO - Sync 3 DAGs
[2023-01-14T21:02:37.455+0000] {logging_mixin.py:137} INFO - [2023-01-14T21:02:37.454+0000] {dag.py:3423} INFO - Setting next_dagrun for example_subdag_operator to 2022-01-01T00:00:00+00:00, run_after=2022-01-01T00:00:00+00:00
[2023-01-14T21:02:37.464+0000] {logging_mixin.py:137} INFO - [2023-01-14T21:02:37.464+0000] {dag.py:3423} INFO - Setting next_dagrun for example_subdag_operator.section-1 to None, run_after=None
[2023-01-14T21:02:37.467+0000] {logging_mixin.py:137} INFO - [2023-01-14T21:02:37.467+0000] {dag.py:3423} INFO - Setting next_dagrun for example_subdag_operator.section-2 to None, run_after=None
[2023-01-14T21:02:37.486+0000] {logging_mixin.py:137} INFO - [2023-01-14T21:02:37.486+0000] {dag.py:2676} INFO - Sync 2 DAGs
[2023-01-14T21:02:37.501+0000] {logging_mixin.py:137} INFO - [2023-01-14T21:02:37.501+0000] {dag.py:3423} INFO - Setting next_dagrun for example_subdag_operator.section-1 to None, run_after=None
[2023-01-14T21:02:37.502+0000] {logging_mixin.py:137} INFO - [2023-01-14T21:02:37.502+0000] {dag.py:3423} INFO - Setting next_dagrun for example_subdag_operator.section-2 to None, run_after=None
[2023-01-14T21:02:37.555+0000] {processor.py:175} INFO - Processing /media/prempeh/Nouveau nom/MASTER2/DATA ENGINEERING/airflow/py_env/lib/python3.10/site-packages/airflow/example_dags/example_subdag_operator.py took 0.468 seconds
[2023-01-14T21:03:26.623+0000] {processor.py:153} INFO - Started process (PID=7431) to work on /media/prempeh/Nouveau nom/MASTER2/DATA ENGINEERING/airflow/py_env/lib/python3.10/site-packages/airflow/example_dags/example_subdag_operator.py
[2023-01-14T21:03:26.626+0000] {processor.py:743} INFO - Processing file /media/prempeh/Nouveau nom/MASTER2/DATA ENGINEERING/airflow/py_env/lib/python3.10/site-packages/airflow/example_dags/example_subdag_operator.py for tasks to queue
[2023-01-14T21:03:26.632+0000] {logging_mixin.py:137} INFO - [2023-01-14T21:03:26.631+0000] {dagbag.py:538} INFO - Filling up the DagBag from /media/prempeh/Nouveau nom/MASTER2/DATA ENGINEERING/airflow/py_env/lib/python3.10/site-packages/airflow/example_dags/example_subdag_operator.py
[2023-01-14T21:03:26.922+0000] {processor.py:753} INFO - DAG(s) dict_keys(['example_subdag_operator.section-1', 'example_subdag_operator.section-2', 'example_subdag_operator']) retrieved from /media/prempeh/Nouveau nom/MASTER2/DATA ENGINEERING/airflow/py_env/lib/python3.10/site-packages/airflow/example_dags/example_subdag_operator.py
[2023-01-14T21:03:27.134+0000] {logging_mixin.py:137} INFO - [2023-01-14T21:03:27.133+0000] {dag.py:2676} INFO - Sync 3 DAGs
[2023-01-14T21:03:27.216+0000] {logging_mixin.py:137} INFO - [2023-01-14T21:03:27.215+0000] {dag.py:3423} INFO - Setting next_dagrun for example_subdag_operator to 2022-01-01T00:00:00+00:00, run_after=2022-01-01T00:00:00+00:00
[2023-01-14T21:03:27.226+0000] {logging_mixin.py:137} INFO - [2023-01-14T21:03:27.225+0000] {dag.py:3423} INFO - Setting next_dagrun for example_subdag_operator.section-1 to None, run_after=None
[2023-01-14T21:03:27.229+0000] {logging_mixin.py:137} INFO - [2023-01-14T21:03:27.229+0000] {dag.py:3423} INFO - Setting next_dagrun for example_subdag_operator.section-2 to None, run_after=None
[2023-01-14T21:03:27.253+0000] {logging_mixin.py:137} INFO - [2023-01-14T21:03:27.253+0000] {dag.py:2676} INFO - Sync 2 DAGs
[2023-01-14T21:03:27.267+0000] {logging_mixin.py:137} INFO - [2023-01-14T21:03:27.266+0000] {dag.py:3423} INFO - Setting next_dagrun for example_subdag_operator.section-1 to None, run_after=None
[2023-01-14T21:03:27.268+0000] {logging_mixin.py:137} INFO - [2023-01-14T21:03:27.267+0000] {dag.py:3423} INFO - Setting next_dagrun for example_subdag_operator.section-2 to None, run_after=None
[2023-01-14T21:03:27.319+0000] {processor.py:175} INFO - Processing /media/prempeh/Nouveau nom/MASTER2/DATA ENGINEERING/airflow/py_env/lib/python3.10/site-packages/airflow/example_dags/example_subdag_operator.py took 0.705 seconds
[2023-01-14T21:04:32.819+0000] {processor.py:153} INFO - Started process (PID=7500) to work on /media/prempeh/Nouveau nom/MASTER2/DATA ENGINEERING/airflow/py_env/lib/python3.10/site-packages/airflow/example_dags/example_subdag_operator.py
[2023-01-14T21:04:32.821+0000] {processor.py:743} INFO - Processing file /media/prempeh/Nouveau nom/MASTER2/DATA ENGINEERING/airflow/py_env/lib/python3.10/site-packages/airflow/example_dags/example_subdag_operator.py for tasks to queue
[2023-01-14T21:04:32.826+0000] {logging_mixin.py:137} INFO - [2023-01-14T21:04:32.826+0000] {dagbag.py:538} INFO - Filling up the DagBag from /media/prempeh/Nouveau nom/MASTER2/DATA ENGINEERING/airflow/py_env/lib/python3.10/site-packages/airflow/example_dags/example_subdag_operator.py
[2023-01-14T21:04:32.981+0000] {processor.py:753} INFO - DAG(s) dict_keys(['example_subdag_operator.section-1', 'example_subdag_operator.section-2', 'example_subdag_operator']) retrieved from /media/prempeh/Nouveau nom/MASTER2/DATA ENGINEERING/airflow/py_env/lib/python3.10/site-packages/airflow/example_dags/example_subdag_operator.py
[2023-01-14T21:04:33.094+0000] {logging_mixin.py:137} INFO - [2023-01-14T21:04:33.093+0000] {dag.py:2676} INFO - Sync 3 DAGs
[2023-01-14T21:04:33.155+0000] {logging_mixin.py:137} INFO - [2023-01-14T21:04:33.154+0000] {dag.py:3423} INFO - Setting next_dagrun for example_subdag_operator to 2022-01-01T00:00:00+00:00, run_after=2022-01-01T00:00:00+00:00
[2023-01-14T21:04:33.165+0000] {logging_mixin.py:137} INFO - [2023-01-14T21:04:33.164+0000] {dag.py:3423} INFO - Setting next_dagrun for example_subdag_operator.section-1 to None, run_after=None
[2023-01-14T21:04:33.168+0000] {logging_mixin.py:137} INFO - [2023-01-14T21:04:33.167+0000] {dag.py:3423} INFO - Setting next_dagrun for example_subdag_operator.section-2 to None, run_after=None
[2023-01-14T21:04:33.189+0000] {logging_mixin.py:137} INFO - [2023-01-14T21:04:33.189+0000] {dag.py:2676} INFO - Sync 2 DAGs
[2023-01-14T21:04:33.202+0000] {logging_mixin.py:137} INFO - [2023-01-14T21:04:33.201+0000] {dag.py:3423} INFO - Setting next_dagrun for example_subdag_operator.section-1 to None, run_after=None
[2023-01-14T21:04:33.203+0000] {logging_mixin.py:137} INFO - [2023-01-14T21:04:33.202+0000] {dag.py:3423} INFO - Setting next_dagrun for example_subdag_operator.section-2 to None, run_after=None
[2023-01-14T21:04:33.253+0000] {processor.py:175} INFO - Processing /media/prempeh/Nouveau nom/MASTER2/DATA ENGINEERING/airflow/py_env/lib/python3.10/site-packages/airflow/example_dags/example_subdag_operator.py took 0.443 seconds
[2023-01-14T21:05:30.263+0000] {processor.py:153} INFO - Started process (PID=7550) to work on /media/prempeh/Nouveau nom/MASTER2/DATA ENGINEERING/airflow/py_env/lib/python3.10/site-packages/airflow/example_dags/example_subdag_operator.py
[2023-01-14T21:05:30.265+0000] {processor.py:743} INFO - Processing file /media/prempeh/Nouveau nom/MASTER2/DATA ENGINEERING/airflow/py_env/lib/python3.10/site-packages/airflow/example_dags/example_subdag_operator.py for tasks to queue
[2023-01-14T21:05:30.270+0000] {logging_mixin.py:137} INFO - [2023-01-14T21:05:30.269+0000] {dagbag.py:538} INFO - Filling up the DagBag from /media/prempeh/Nouveau nom/MASTER2/DATA ENGINEERING/airflow/py_env/lib/python3.10/site-packages/airflow/example_dags/example_subdag_operator.py
[2023-01-14T21:05:30.457+0000] {processor.py:753} INFO - DAG(s) dict_keys(['example_subdag_operator.section-1', 'example_subdag_operator.section-2', 'example_subdag_operator']) retrieved from /media/prempeh/Nouveau nom/MASTER2/DATA ENGINEERING/airflow/py_env/lib/python3.10/site-packages/airflow/example_dags/example_subdag_operator.py
[2023-01-14T21:05:30.610+0000] {logging_mixin.py:137} INFO - [2023-01-14T21:05:30.609+0000] {dag.py:2676} INFO - Sync 3 DAGs
[2023-01-14T21:05:30.670+0000] {logging_mixin.py:137} INFO - [2023-01-14T21:05:30.669+0000] {dag.py:3423} INFO - Setting next_dagrun for example_subdag_operator to 2022-01-01T00:00:00+00:00, run_after=2022-01-01T00:00:00+00:00
[2023-01-14T21:05:30.683+0000] {logging_mixin.py:137} INFO - [2023-01-14T21:05:30.683+0000] {dag.py:3423} INFO - Setting next_dagrun for example_subdag_operator.section-1 to None, run_after=None
[2023-01-14T21:05:30.687+0000] {logging_mixin.py:137} INFO - [2023-01-14T21:05:30.686+0000] {dag.py:3423} INFO - Setting next_dagrun for example_subdag_operator.section-2 to None, run_after=None
[2023-01-14T21:05:30.707+0000] {logging_mixin.py:137} INFO - [2023-01-14T21:05:30.707+0000] {dag.py:2676} INFO - Sync 2 DAGs
[2023-01-14T21:05:30.720+0000] {logging_mixin.py:137} INFO - [2023-01-14T21:05:30.719+0000] {dag.py:3423} INFO - Setting next_dagrun for example_subdag_operator.section-1 to None, run_after=None
[2023-01-14T21:05:30.721+0000] {logging_mixin.py:137} INFO - [2023-01-14T21:05:30.721+0000] {dag.py:3423} INFO - Setting next_dagrun for example_subdag_operator.section-2 to None, run_after=None
[2023-01-14T21:05:30.772+0000] {processor.py:175} INFO - Processing /media/prempeh/Nouveau nom/MASTER2/DATA ENGINEERING/airflow/py_env/lib/python3.10/site-packages/airflow/example_dags/example_subdag_operator.py took 0.517 seconds
[2023-01-14T21:06:37.696+0000] {processor.py:153} INFO - Started process (PID=7755) to work on /media/prempeh/Nouveau nom/MASTER2/DATA ENGINEERING/airflow/py_env/lib/python3.10/site-packages/airflow/example_dags/example_subdag_operator.py
[2023-01-14T21:06:37.701+0000] {processor.py:743} INFO - Processing file /media/prempeh/Nouveau nom/MASTER2/DATA ENGINEERING/airflow/py_env/lib/python3.10/site-packages/airflow/example_dags/example_subdag_operator.py for tasks to queue
[2023-01-14T21:06:37.710+0000] {logging_mixin.py:137} INFO - [2023-01-14T21:06:37.709+0000] {dagbag.py:538} INFO - Filling up the DagBag from /media/prempeh/Nouveau nom/MASTER2/DATA ENGINEERING/airflow/py_env/lib/python3.10/site-packages/airflow/example_dags/example_subdag_operator.py
[2023-01-14T21:06:37.913+0000] {processor.py:753} INFO - DAG(s) dict_keys(['example_subdag_operator.section-1', 'example_subdag_operator.section-2', 'example_subdag_operator']) retrieved from /media/prempeh/Nouveau nom/MASTER2/DATA ENGINEERING/airflow/py_env/lib/python3.10/site-packages/airflow/example_dags/example_subdag_operator.py
[2023-01-14T21:06:38.013+0000] {logging_mixin.py:137} INFO - [2023-01-14T21:06:38.013+0000] {dag.py:2676} INFO - Sync 3 DAGs
[2023-01-14T21:06:38.066+0000] {logging_mixin.py:137} INFO - [2023-01-14T21:06:38.066+0000] {dag.py:3423} INFO - Setting next_dagrun for example_subdag_operator to 2022-01-01T00:00:00+00:00, run_after=2022-01-01T00:00:00+00:00
[2023-01-14T21:06:38.074+0000] {logging_mixin.py:137} INFO - [2023-01-14T21:06:38.074+0000] {dag.py:3423} INFO - Setting next_dagrun for example_subdag_operator.section-1 to None, run_after=None
[2023-01-14T21:06:38.077+0000] {logging_mixin.py:137} INFO - [2023-01-14T21:06:38.077+0000] {dag.py:3423} INFO - Setting next_dagrun for example_subdag_operator.section-2 to None, run_after=None
[2023-01-14T21:06:38.095+0000] {logging_mixin.py:137} INFO - [2023-01-14T21:06:38.094+0000] {dag.py:2676} INFO - Sync 2 DAGs
[2023-01-14T21:06:38.107+0000] {logging_mixin.py:137} INFO - [2023-01-14T21:06:38.107+0000] {dag.py:3423} INFO - Setting next_dagrun for example_subdag_operator.section-1 to None, run_after=None
[2023-01-14T21:06:38.108+0000] {logging_mixin.py:137} INFO - [2023-01-14T21:06:38.108+0000] {dag.py:3423} INFO - Setting next_dagrun for example_subdag_operator.section-2 to None, run_after=None
[2023-01-14T21:06:38.155+0000] {processor.py:175} INFO - Processing /media/prempeh/Nouveau nom/MASTER2/DATA ENGINEERING/airflow/py_env/lib/python3.10/site-packages/airflow/example_dags/example_subdag_operator.py took 0.470 seconds
[2023-01-14T21:08:11.668+0000] {processor.py:153} INFO - Started process (PID=8042) to work on /media/prempeh/Nouveau nom/MASTER2/DATA ENGINEERING/airflow/py_env/lib/python3.10/site-packages/airflow/example_dags/example_subdag_operator.py
[2023-01-14T21:08:11.671+0000] {processor.py:743} INFO - Processing file /media/prempeh/Nouveau nom/MASTER2/DATA ENGINEERING/airflow/py_env/lib/python3.10/site-packages/airflow/example_dags/example_subdag_operator.py for tasks to queue
[2023-01-14T21:08:11.675+0000] {logging_mixin.py:137} INFO - [2023-01-14T21:08:11.674+0000] {dagbag.py:538} INFO - Filling up the DagBag from /media/prempeh/Nouveau nom/MASTER2/DATA ENGINEERING/airflow/py_env/lib/python3.10/site-packages/airflow/example_dags/example_subdag_operator.py
[2023-01-14T21:08:11.824+0000] {processor.py:753} INFO - DAG(s) dict_keys(['example_subdag_operator.section-1', 'example_subdag_operator.section-2', 'example_subdag_operator']) retrieved from /media/prempeh/Nouveau nom/MASTER2/DATA ENGINEERING/airflow/py_env/lib/python3.10/site-packages/airflow/example_dags/example_subdag_operator.py
[2023-01-14T21:08:11.936+0000] {logging_mixin.py:137} INFO - [2023-01-14T21:08:11.936+0000] {dag.py:2676} INFO - Sync 3 DAGs
[2023-01-14T21:08:11.997+0000] {logging_mixin.py:137} INFO - [2023-01-14T21:08:11.996+0000] {dag.py:3423} INFO - Setting next_dagrun for example_subdag_operator to 2022-01-01T00:00:00+00:00, run_after=2022-01-01T00:00:00+00:00
[2023-01-14T21:08:12.006+0000] {logging_mixin.py:137} INFO - [2023-01-14T21:08:12.005+0000] {dag.py:3423} INFO - Setting next_dagrun for example_subdag_operator.section-1 to None, run_after=None
[2023-01-14T21:08:12.009+0000] {logging_mixin.py:137} INFO - [2023-01-14T21:08:12.009+0000] {dag.py:3423} INFO - Setting next_dagrun for example_subdag_operator.section-2 to None, run_after=None
[2023-01-14T21:08:12.029+0000] {logging_mixin.py:137} INFO - [2023-01-14T21:08:12.029+0000] {dag.py:2676} INFO - Sync 2 DAGs
[2023-01-14T21:08:12.042+0000] {logging_mixin.py:137} INFO - [2023-01-14T21:08:12.042+0000] {dag.py:3423} INFO - Setting next_dagrun for example_subdag_operator.section-1 to None, run_after=None
[2023-01-14T21:08:12.044+0000] {logging_mixin.py:137} INFO - [2023-01-14T21:08:12.043+0000] {dag.py:3423} INFO - Setting next_dagrun for example_subdag_operator.section-2 to None, run_after=None
[2023-01-14T21:08:12.094+0000] {processor.py:175} INFO - Processing /media/prempeh/Nouveau nom/MASTER2/DATA ENGINEERING/airflow/py_env/lib/python3.10/site-packages/airflow/example_dags/example_subdag_operator.py took 0.438 seconds
[2023-01-14T21:09:12.754+0000] {processor.py:153} INFO - Started process (PID=8100) to work on /media/prempeh/Nouveau nom/MASTER2/DATA ENGINEERING/airflow/py_env/lib/python3.10/site-packages/airflow/example_dags/example_subdag_operator.py
[2023-01-14T21:09:12.756+0000] {processor.py:743} INFO - Processing file /media/prempeh/Nouveau nom/MASTER2/DATA ENGINEERING/airflow/py_env/lib/python3.10/site-packages/airflow/example_dags/example_subdag_operator.py for tasks to queue
[2023-01-14T21:09:12.762+0000] {logging_mixin.py:137} INFO - [2023-01-14T21:09:12.761+0000] {dagbag.py:538} INFO - Filling up the DagBag from /media/prempeh/Nouveau nom/MASTER2/DATA ENGINEERING/airflow/py_env/lib/python3.10/site-packages/airflow/example_dags/example_subdag_operator.py
[2023-01-14T21:09:12.919+0000] {processor.py:753} INFO - DAG(s) dict_keys(['example_subdag_operator.section-1', 'example_subdag_operator.section-2', 'example_subdag_operator']) retrieved from /media/prempeh/Nouveau nom/MASTER2/DATA ENGINEERING/airflow/py_env/lib/python3.10/site-packages/airflow/example_dags/example_subdag_operator.py
[2023-01-14T21:09:13.028+0000] {logging_mixin.py:137} INFO - [2023-01-14T21:09:13.028+0000] {dag.py:2676} INFO - Sync 3 DAGs
[2023-01-14T21:09:13.088+0000] {logging_mixin.py:137} INFO - [2023-01-14T21:09:13.087+0000] {dag.py:3423} INFO - Setting next_dagrun for example_subdag_operator to 2022-01-01T00:00:00+00:00, run_after=2022-01-01T00:00:00+00:00
[2023-01-14T21:09:13.097+0000] {logging_mixin.py:137} INFO - [2023-01-14T21:09:13.096+0000] {dag.py:3423} INFO - Setting next_dagrun for example_subdag_operator.section-1 to None, run_after=None
[2023-01-14T21:09:13.100+0000] {logging_mixin.py:137} INFO - [2023-01-14T21:09:13.099+0000] {dag.py:3423} INFO - Setting next_dagrun for example_subdag_operator.section-2 to None, run_after=None
[2023-01-14T21:09:13.123+0000] {logging_mixin.py:137} INFO - [2023-01-14T21:09:13.122+0000] {dag.py:2676} INFO - Sync 2 DAGs
[2023-01-14T21:09:13.135+0000] {logging_mixin.py:137} INFO - [2023-01-14T21:09:13.135+0000] {dag.py:3423} INFO - Setting next_dagrun for example_subdag_operator.section-1 to None, run_after=None
[2023-01-14T21:09:13.136+0000] {logging_mixin.py:137} INFO - [2023-01-14T21:09:13.136+0000] {dag.py:3423} INFO - Setting next_dagrun for example_subdag_operator.section-2 to None, run_after=None
[2023-01-14T21:09:13.189+0000] {processor.py:175} INFO - Processing /media/prempeh/Nouveau nom/MASTER2/DATA ENGINEERING/airflow/py_env/lib/python3.10/site-packages/airflow/example_dags/example_subdag_operator.py took 0.444 seconds
[2023-01-14T21:10:12.968+0000] {processor.py:153} INFO - Started process (PID=8146) to work on /media/prempeh/Nouveau nom/MASTER2/DATA ENGINEERING/airflow/py_env/lib/python3.10/site-packages/airflow/example_dags/example_subdag_operator.py
[2023-01-14T21:10:12.971+0000] {processor.py:743} INFO - Processing file /media/prempeh/Nouveau nom/MASTER2/DATA ENGINEERING/airflow/py_env/lib/python3.10/site-packages/airflow/example_dags/example_subdag_operator.py for tasks to queue
[2023-01-14T21:10:12.976+0000] {logging_mixin.py:137} INFO - [2023-01-14T21:10:12.975+0000] {dagbag.py:538} INFO - Filling up the DagBag from /media/prempeh/Nouveau nom/MASTER2/DATA ENGINEERING/airflow/py_env/lib/python3.10/site-packages/airflow/example_dags/example_subdag_operator.py
[2023-01-14T21:10:13.129+0000] {processor.py:753} INFO - DAG(s) dict_keys(['example_subdag_operator.section-1', 'example_subdag_operator.section-2', 'example_subdag_operator']) retrieved from /media/prempeh/Nouveau nom/MASTER2/DATA ENGINEERING/airflow/py_env/lib/python3.10/site-packages/airflow/example_dags/example_subdag_operator.py
[2023-01-14T21:10:13.244+0000] {logging_mixin.py:137} INFO - [2023-01-14T21:10:13.243+0000] {dag.py:2676} INFO - Sync 3 DAGs
[2023-01-14T21:10:13.308+0000] {logging_mixin.py:137} INFO - [2023-01-14T21:10:13.308+0000] {dag.py:3423} INFO - Setting next_dagrun for example_subdag_operator to 2022-01-01T00:00:00+00:00, run_after=2022-01-01T00:00:00+00:00
[2023-01-14T21:10:13.318+0000] {logging_mixin.py:137} INFO - [2023-01-14T21:10:13.318+0000] {dag.py:3423} INFO - Setting next_dagrun for example_subdag_operator.section-1 to None, run_after=None
[2023-01-14T21:10:13.321+0000] {logging_mixin.py:137} INFO - [2023-01-14T21:10:13.321+0000] {dag.py:3423} INFO - Setting next_dagrun for example_subdag_operator.section-2 to None, run_after=None
[2023-01-14T21:10:13.340+0000] {logging_mixin.py:137} INFO - [2023-01-14T21:10:13.339+0000] {dag.py:2676} INFO - Sync 2 DAGs
[2023-01-14T21:10:13.355+0000] {logging_mixin.py:137} INFO - [2023-01-14T21:10:13.355+0000] {dag.py:3423} INFO - Setting next_dagrun for example_subdag_operator.section-1 to None, run_after=None
[2023-01-14T21:10:13.357+0000] {logging_mixin.py:137} INFO - [2023-01-14T21:10:13.356+0000] {dag.py:3423} INFO - Setting next_dagrun for example_subdag_operator.section-2 to None, run_after=None
[2023-01-14T21:10:13.409+0000] {processor.py:175} INFO - Processing /media/prempeh/Nouveau nom/MASTER2/DATA ENGINEERING/airflow/py_env/lib/python3.10/site-packages/airflow/example_dags/example_subdag_operator.py took 0.452 seconds
[2023-01-14T21:11:13.534+0000] {processor.py:153} INFO - Started process (PID=8195) to work on /media/prempeh/Nouveau nom/MASTER2/DATA ENGINEERING/airflow/py_env/lib/python3.10/site-packages/airflow/example_dags/example_subdag_operator.py
[2023-01-14T21:11:13.537+0000] {processor.py:743} INFO - Processing file /media/prempeh/Nouveau nom/MASTER2/DATA ENGINEERING/airflow/py_env/lib/python3.10/site-packages/airflow/example_dags/example_subdag_operator.py for tasks to queue
[2023-01-14T21:11:13.542+0000] {logging_mixin.py:137} INFO - [2023-01-14T21:11:13.542+0000] {dagbag.py:538} INFO - Filling up the DagBag from /media/prempeh/Nouveau nom/MASTER2/DATA ENGINEERING/airflow/py_env/lib/python3.10/site-packages/airflow/example_dags/example_subdag_operator.py
[2023-01-14T21:11:13.733+0000] {processor.py:753} INFO - DAG(s) dict_keys(['example_subdag_operator.section-1', 'example_subdag_operator.section-2', 'example_subdag_operator']) retrieved from /media/prempeh/Nouveau nom/MASTER2/DATA ENGINEERING/airflow/py_env/lib/python3.10/site-packages/airflow/example_dags/example_subdag_operator.py
[2023-01-14T21:11:13.890+0000] {logging_mixin.py:137} INFO - [2023-01-14T21:11:13.890+0000] {dag.py:2676} INFO - Sync 3 DAGs
[2023-01-14T21:11:13.975+0000] {logging_mixin.py:137} INFO - [2023-01-14T21:11:13.974+0000] {dag.py:3423} INFO - Setting next_dagrun for example_subdag_operator to 2022-01-01T00:00:00+00:00, run_after=2022-01-01T00:00:00+00:00
[2023-01-14T21:11:13.987+0000] {logging_mixin.py:137} INFO - [2023-01-14T21:11:13.987+0000] {dag.py:3423} INFO - Setting next_dagrun for example_subdag_operator.section-1 to None, run_after=None
[2023-01-14T21:11:13.995+0000] {logging_mixin.py:137} INFO - [2023-01-14T21:11:13.994+0000] {dag.py:3423} INFO - Setting next_dagrun for example_subdag_operator.section-2 to None, run_after=None
[2023-01-14T21:11:14.021+0000] {logging_mixin.py:137} INFO - [2023-01-14T21:11:14.020+0000] {dag.py:2676} INFO - Sync 2 DAGs
[2023-01-14T21:11:14.039+0000] {logging_mixin.py:137} INFO - [2023-01-14T21:11:14.038+0000] {dag.py:3423} INFO - Setting next_dagrun for example_subdag_operator.section-1 to None, run_after=None
[2023-01-14T21:11:14.041+0000] {logging_mixin.py:137} INFO - [2023-01-14T21:11:14.040+0000] {dag.py:3423} INFO - Setting next_dagrun for example_subdag_operator.section-2 to None, run_after=None
[2023-01-14T21:11:14.106+0000] {processor.py:175} INFO - Processing /media/prempeh/Nouveau nom/MASTER2/DATA ENGINEERING/airflow/py_env/lib/python3.10/site-packages/airflow/example_dags/example_subdag_operator.py took 0.587 seconds
[2023-01-14T21:12:25.491+0000] {processor.py:153} INFO - Started process (PID=8242) to work on /media/prempeh/Nouveau nom/MASTER2/DATA ENGINEERING/airflow/py_env/lib/python3.10/site-packages/airflow/example_dags/example_subdag_operator.py
[2023-01-14T21:12:25.493+0000] {processor.py:743} INFO - Processing file /media/prempeh/Nouveau nom/MASTER2/DATA ENGINEERING/airflow/py_env/lib/python3.10/site-packages/airflow/example_dags/example_subdag_operator.py for tasks to queue
[2023-01-14T21:12:25.500+0000] {logging_mixin.py:137} INFO - [2023-01-14T21:12:25.500+0000] {dagbag.py:538} INFO - Filling up the DagBag from /media/prempeh/Nouveau nom/MASTER2/DATA ENGINEERING/airflow/py_env/lib/python3.10/site-packages/airflow/example_dags/example_subdag_operator.py
[2023-01-14T21:12:25.676+0000] {processor.py:753} INFO - DAG(s) dict_keys(['example_subdag_operator.section-1', 'example_subdag_operator.section-2', 'example_subdag_operator']) retrieved from /media/prempeh/Nouveau nom/MASTER2/DATA ENGINEERING/airflow/py_env/lib/python3.10/site-packages/airflow/example_dags/example_subdag_operator.py
[2023-01-14T21:12:25.801+0000] {logging_mixin.py:137} INFO - [2023-01-14T21:12:25.800+0000] {dag.py:2676} INFO - Sync 3 DAGs
[2023-01-14T21:12:25.865+0000] {logging_mixin.py:137} INFO - [2023-01-14T21:12:25.864+0000] {dag.py:3423} INFO - Setting next_dagrun for example_subdag_operator to 2022-01-01T00:00:00+00:00, run_after=2022-01-01T00:00:00+00:00
[2023-01-14T21:12:25.875+0000] {logging_mixin.py:137} INFO - [2023-01-14T21:12:25.874+0000] {dag.py:3423} INFO - Setting next_dagrun for example_subdag_operator.section-1 to None, run_after=None
[2023-01-14T21:12:25.878+0000] {logging_mixin.py:137} INFO - [2023-01-14T21:12:25.878+0000] {dag.py:3423} INFO - Setting next_dagrun for example_subdag_operator.section-2 to None, run_after=None
[2023-01-14T21:12:25.901+0000] {logging_mixin.py:137} INFO - [2023-01-14T21:12:25.900+0000] {dag.py:2676} INFO - Sync 2 DAGs
[2023-01-14T21:12:25.914+0000] {logging_mixin.py:137} INFO - [2023-01-14T21:12:25.914+0000] {dag.py:3423} INFO - Setting next_dagrun for example_subdag_operator.section-1 to None, run_after=None
[2023-01-14T21:12:25.916+0000] {logging_mixin.py:137} INFO - [2023-01-14T21:12:25.915+0000] {dag.py:3423} INFO - Setting next_dagrun for example_subdag_operator.section-2 to None, run_after=None
[2023-01-14T21:12:25.965+0000] {processor.py:175} INFO - Processing /media/prempeh/Nouveau nom/MASTER2/DATA ENGINEERING/airflow/py_env/lib/python3.10/site-packages/airflow/example_dags/example_subdag_operator.py took 0.483 seconds
[2023-01-14T21:13:40.791+0000] {processor.py:153} INFO - Started process (PID=8295) to work on /media/prempeh/Nouveau nom/MASTER2/DATA ENGINEERING/airflow/py_env/lib/python3.10/site-packages/airflow/example_dags/example_subdag_operator.py
[2023-01-14T21:13:40.794+0000] {processor.py:743} INFO - Processing file /media/prempeh/Nouveau nom/MASTER2/DATA ENGINEERING/airflow/py_env/lib/python3.10/site-packages/airflow/example_dags/example_subdag_operator.py for tasks to queue
[2023-01-14T21:13:40.799+0000] {logging_mixin.py:137} INFO - [2023-01-14T21:13:40.799+0000] {dagbag.py:538} INFO - Filling up the DagBag from /media/prempeh/Nouveau nom/MASTER2/DATA ENGINEERING/airflow/py_env/lib/python3.10/site-packages/airflow/example_dags/example_subdag_operator.py
[2023-01-14T21:13:40.984+0000] {processor.py:753} INFO - DAG(s) dict_keys(['example_subdag_operator.section-1', 'example_subdag_operator.section-2', 'example_subdag_operator']) retrieved from /media/prempeh/Nouveau nom/MASTER2/DATA ENGINEERING/airflow/py_env/lib/python3.10/site-packages/airflow/example_dags/example_subdag_operator.py
[2023-01-14T21:13:41.098+0000] {logging_mixin.py:137} INFO - [2023-01-14T21:13:41.097+0000] {dag.py:2676} INFO - Sync 3 DAGs
[2023-01-14T21:13:41.157+0000] {logging_mixin.py:137} INFO - [2023-01-14T21:13:41.156+0000] {dag.py:3423} INFO - Setting next_dagrun for example_subdag_operator to 2022-01-01T00:00:00+00:00, run_after=2022-01-01T00:00:00+00:00
[2023-01-14T21:13:41.166+0000] {logging_mixin.py:137} INFO - [2023-01-14T21:13:41.166+0000] {dag.py:3423} INFO - Setting next_dagrun for example_subdag_operator.section-1 to None, run_after=None
[2023-01-14T21:13:41.169+0000] {logging_mixin.py:137} INFO - [2023-01-14T21:13:41.169+0000] {dag.py:3423} INFO - Setting next_dagrun for example_subdag_operator.section-2 to None, run_after=None
[2023-01-14T21:13:41.188+0000] {logging_mixin.py:137} INFO - [2023-01-14T21:13:41.188+0000] {dag.py:2676} INFO - Sync 2 DAGs
[2023-01-14T21:13:41.201+0000] {logging_mixin.py:137} INFO - [2023-01-14T21:13:41.200+0000] {dag.py:3423} INFO - Setting next_dagrun for example_subdag_operator.section-1 to None, run_after=None
[2023-01-14T21:13:41.202+0000] {logging_mixin.py:137} INFO - [2023-01-14T21:13:41.201+0000] {dag.py:3423} INFO - Setting next_dagrun for example_subdag_operator.section-2 to None, run_after=None
[2023-01-14T21:13:41.257+0000] {processor.py:175} INFO - Processing /media/prempeh/Nouveau nom/MASTER2/DATA ENGINEERING/airflow/py_env/lib/python3.10/site-packages/airflow/example_dags/example_subdag_operator.py took 0.476 seconds
[2023-01-14T21:14:46.378+0000] {processor.py:153} INFO - Started process (PID=8366) to work on /media/prempeh/Nouveau nom/MASTER2/DATA ENGINEERING/airflow/py_env/lib/python3.10/site-packages/airflow/example_dags/example_subdag_operator.py
[2023-01-14T21:14:46.382+0000] {processor.py:743} INFO - Processing file /media/prempeh/Nouveau nom/MASTER2/DATA ENGINEERING/airflow/py_env/lib/python3.10/site-packages/airflow/example_dags/example_subdag_operator.py for tasks to queue
[2023-01-14T21:14:46.388+0000] {logging_mixin.py:137} INFO - [2023-01-14T21:14:46.387+0000] {dagbag.py:538} INFO - Filling up the DagBag from /media/prempeh/Nouveau nom/MASTER2/DATA ENGINEERING/airflow/py_env/lib/python3.10/site-packages/airflow/example_dags/example_subdag_operator.py
[2023-01-14T21:14:46.547+0000] {processor.py:753} INFO - DAG(s) dict_keys(['example_subdag_operator.section-1', 'example_subdag_operator.section-2', 'example_subdag_operator']) retrieved from /media/prempeh/Nouveau nom/MASTER2/DATA ENGINEERING/airflow/py_env/lib/python3.10/site-packages/airflow/example_dags/example_subdag_operator.py
[2023-01-14T21:14:46.674+0000] {logging_mixin.py:137} INFO - [2023-01-14T21:14:46.673+0000] {dag.py:2676} INFO - Sync 3 DAGs
[2023-01-14T21:14:46.746+0000] {logging_mixin.py:137} INFO - [2023-01-14T21:14:46.746+0000] {dag.py:3423} INFO - Setting next_dagrun for example_subdag_operator to 2022-01-01T00:00:00+00:00, run_after=2022-01-01T00:00:00+00:00
[2023-01-14T21:14:46.758+0000] {logging_mixin.py:137} INFO - [2023-01-14T21:14:46.758+0000] {dag.py:3423} INFO - Setting next_dagrun for example_subdag_operator.section-1 to None, run_after=None
[2023-01-14T21:14:46.762+0000] {logging_mixin.py:137} INFO - [2023-01-14T21:14:46.761+0000] {dag.py:3423} INFO - Setting next_dagrun for example_subdag_operator.section-2 to None, run_after=None
[2023-01-14T21:14:46.792+0000] {logging_mixin.py:137} INFO - [2023-01-14T21:14:46.791+0000] {dag.py:2676} INFO - Sync 2 DAGs
[2023-01-14T21:14:46.823+0000] {logging_mixin.py:137} INFO - [2023-01-14T21:14:46.822+0000] {dag.py:3423} INFO - Setting next_dagrun for example_subdag_operator.section-1 to None, run_after=None
[2023-01-14T21:14:46.827+0000] {logging_mixin.py:137} INFO - [2023-01-14T21:14:46.826+0000] {dag.py:3423} INFO - Setting next_dagrun for example_subdag_operator.section-2 to None, run_after=None
[2023-01-14T21:14:46.917+0000] {processor.py:175} INFO - Processing /media/prempeh/Nouveau nom/MASTER2/DATA ENGINEERING/airflow/py_env/lib/python3.10/site-packages/airflow/example_dags/example_subdag_operator.py took 0.548 seconds
[2023-01-14T21:15:58.753+0000] {processor.py:153} INFO - Started process (PID=8923) to work on /media/prempeh/Nouveau nom/MASTER2/DATA ENGINEERING/airflow/py_env/lib/python3.10/site-packages/airflow/example_dags/example_subdag_operator.py
[2023-01-14T21:15:58.755+0000] {processor.py:743} INFO - Processing file /media/prempeh/Nouveau nom/MASTER2/DATA ENGINEERING/airflow/py_env/lib/python3.10/site-packages/airflow/example_dags/example_subdag_operator.py for tasks to queue
[2023-01-14T21:15:58.760+0000] {logging_mixin.py:137} INFO - [2023-01-14T21:15:58.760+0000] {dagbag.py:538} INFO - Filling up the DagBag from /media/prempeh/Nouveau nom/MASTER2/DATA ENGINEERING/airflow/py_env/lib/python3.10/site-packages/airflow/example_dags/example_subdag_operator.py
[2023-01-14T21:15:59.001+0000] {processor.py:753} INFO - DAG(s) dict_keys(['example_subdag_operator.section-1', 'example_subdag_operator.section-2', 'example_subdag_operator']) retrieved from /media/prempeh/Nouveau nom/MASTER2/DATA ENGINEERING/airflow/py_env/lib/python3.10/site-packages/airflow/example_dags/example_subdag_operator.py
[2023-01-14T21:15:59.169+0000] {logging_mixin.py:137} INFO - [2023-01-14T21:15:59.168+0000] {dag.py:2676} INFO - Sync 3 DAGs
[2023-01-14T21:15:59.256+0000] {logging_mixin.py:137} INFO - [2023-01-14T21:15:59.255+0000] {dag.py:3423} INFO - Setting next_dagrun for example_subdag_operator to 2022-01-01T00:00:00+00:00, run_after=2022-01-01T00:00:00+00:00
[2023-01-14T21:15:59.274+0000] {logging_mixin.py:137} INFO - [2023-01-14T21:15:59.273+0000] {dag.py:3423} INFO - Setting next_dagrun for example_subdag_operator.section-1 to None, run_after=None
[2023-01-14T21:15:59.283+0000] {logging_mixin.py:137} INFO - [2023-01-14T21:15:59.283+0000] {dag.py:3423} INFO - Setting next_dagrun for example_subdag_operator.section-2 to None, run_after=None
[2023-01-14T21:15:59.312+0000] {logging_mixin.py:137} INFO - [2023-01-14T21:15:59.311+0000] {dag.py:2676} INFO - Sync 2 DAGs
[2023-01-14T21:15:59.338+0000] {logging_mixin.py:137} INFO - [2023-01-14T21:15:59.337+0000] {dag.py:3423} INFO - Setting next_dagrun for example_subdag_operator.section-1 to None, run_after=None
[2023-01-14T21:15:59.340+0000] {logging_mixin.py:137} INFO - [2023-01-14T21:15:59.339+0000] {dag.py:3423} INFO - Setting next_dagrun for example_subdag_operator.section-2 to None, run_after=None
[2023-01-14T21:15:59.407+0000] {processor.py:175} INFO - Processing /media/prempeh/Nouveau nom/MASTER2/DATA ENGINEERING/airflow/py_env/lib/python3.10/site-packages/airflow/example_dags/example_subdag_operator.py took 0.665 seconds
[2023-01-14T21:17:12.583+0000] {processor.py:153} INFO - Started process (PID=9145) to work on /media/prempeh/Nouveau nom/MASTER2/DATA ENGINEERING/airflow/py_env/lib/python3.10/site-packages/airflow/example_dags/example_subdag_operator.py
[2023-01-14T21:17:12.585+0000] {processor.py:743} INFO - Processing file /media/prempeh/Nouveau nom/MASTER2/DATA ENGINEERING/airflow/py_env/lib/python3.10/site-packages/airflow/example_dags/example_subdag_operator.py for tasks to queue
[2023-01-14T21:17:12.591+0000] {logging_mixin.py:137} INFO - [2023-01-14T21:17:12.590+0000] {dagbag.py:538} INFO - Filling up the DagBag from /media/prempeh/Nouveau nom/MASTER2/DATA ENGINEERING/airflow/py_env/lib/python3.10/site-packages/airflow/example_dags/example_subdag_operator.py
[2023-01-14T21:17:12.786+0000] {processor.py:753} INFO - DAG(s) dict_keys(['example_subdag_operator.section-1', 'example_subdag_operator.section-2', 'example_subdag_operator']) retrieved from /media/prempeh/Nouveau nom/MASTER2/DATA ENGINEERING/airflow/py_env/lib/python3.10/site-packages/airflow/example_dags/example_subdag_operator.py
[2023-01-14T21:17:12.927+0000] {logging_mixin.py:137} INFO - [2023-01-14T21:17:12.927+0000] {dag.py:2676} INFO - Sync 3 DAGs
[2023-01-14T21:17:12.998+0000] {logging_mixin.py:137} INFO - [2023-01-14T21:17:12.998+0000] {dag.py:3423} INFO - Setting next_dagrun for example_subdag_operator to 2022-01-01T00:00:00+00:00, run_after=2022-01-01T00:00:00+00:00
[2023-01-14T21:17:13.009+0000] {logging_mixin.py:137} INFO - [2023-01-14T21:17:13.009+0000] {dag.py:3423} INFO - Setting next_dagrun for example_subdag_operator.section-1 to None, run_after=None
[2023-01-14T21:17:13.012+0000] {logging_mixin.py:137} INFO - [2023-01-14T21:17:13.012+0000] {dag.py:3423} INFO - Setting next_dagrun for example_subdag_operator.section-2 to None, run_after=None
[2023-01-14T21:17:13.034+0000] {logging_mixin.py:137} INFO - [2023-01-14T21:17:13.033+0000] {dag.py:2676} INFO - Sync 2 DAGs
[2023-01-14T21:17:13.048+0000] {logging_mixin.py:137} INFO - [2023-01-14T21:17:13.047+0000] {dag.py:3423} INFO - Setting next_dagrun for example_subdag_operator.section-1 to None, run_after=None
[2023-01-14T21:17:13.049+0000] {logging_mixin.py:137} INFO - [2023-01-14T21:17:13.049+0000] {dag.py:3423} INFO - Setting next_dagrun for example_subdag_operator.section-2 to None, run_after=None
[2023-01-14T21:17:13.102+0000] {processor.py:175} INFO - Processing /media/prempeh/Nouveau nom/MASTER2/DATA ENGINEERING/airflow/py_env/lib/python3.10/site-packages/airflow/example_dags/example_subdag_operator.py took 0.531 seconds
[2023-01-14T21:18:21.471+0000] {processor.py:153} INFO - Started process (PID=9267) to work on /media/prempeh/Nouveau nom/MASTER2/DATA ENGINEERING/airflow/py_env/lib/python3.10/site-packages/airflow/example_dags/example_subdag_operator.py
[2023-01-14T21:18:21.474+0000] {processor.py:743} INFO - Processing file /media/prempeh/Nouveau nom/MASTER2/DATA ENGINEERING/airflow/py_env/lib/python3.10/site-packages/airflow/example_dags/example_subdag_operator.py for tasks to queue
[2023-01-14T21:18:21.480+0000] {logging_mixin.py:137} INFO - [2023-01-14T21:18:21.479+0000] {dagbag.py:538} INFO - Filling up the DagBag from /media/prempeh/Nouveau nom/MASTER2/DATA ENGINEERING/airflow/py_env/lib/python3.10/site-packages/airflow/example_dags/example_subdag_operator.py
[2023-01-14T21:18:21.661+0000] {processor.py:753} INFO - DAG(s) dict_keys(['example_subdag_operator.section-1', 'example_subdag_operator.section-2', 'example_subdag_operator']) retrieved from /media/prempeh/Nouveau nom/MASTER2/DATA ENGINEERING/airflow/py_env/lib/python3.10/site-packages/airflow/example_dags/example_subdag_operator.py
[2023-01-14T21:18:21.795+0000] {logging_mixin.py:137} INFO - [2023-01-14T21:18:21.795+0000] {dag.py:2676} INFO - Sync 3 DAGs
[2023-01-14T21:18:21.862+0000] {logging_mixin.py:137} INFO - [2023-01-14T21:18:21.861+0000] {dag.py:3423} INFO - Setting next_dagrun for example_subdag_operator to 2022-01-01T00:00:00+00:00, run_after=2022-01-01T00:00:00+00:00
[2023-01-14T21:18:21.872+0000] {logging_mixin.py:137} INFO - [2023-01-14T21:18:21.871+0000] {dag.py:3423} INFO - Setting next_dagrun for example_subdag_operator.section-1 to None, run_after=None
[2023-01-14T21:18:21.875+0000] {logging_mixin.py:137} INFO - [2023-01-14T21:18:21.874+0000] {dag.py:3423} INFO - Setting next_dagrun for example_subdag_operator.section-2 to None, run_after=None
[2023-01-14T21:18:21.894+0000] {logging_mixin.py:137} INFO - [2023-01-14T21:18:21.894+0000] {dag.py:2676} INFO - Sync 2 DAGs
[2023-01-14T21:18:21.911+0000] {logging_mixin.py:137} INFO - [2023-01-14T21:18:21.911+0000] {dag.py:3423} INFO - Setting next_dagrun for example_subdag_operator.section-1 to None, run_after=None
[2023-01-14T21:18:21.913+0000] {logging_mixin.py:137} INFO - [2023-01-14T21:18:21.913+0000] {dag.py:3423} INFO - Setting next_dagrun for example_subdag_operator.section-2 to None, run_after=None
[2023-01-14T21:18:21.965+0000] {processor.py:175} INFO - Processing /media/prempeh/Nouveau nom/MASTER2/DATA ENGINEERING/airflow/py_env/lib/python3.10/site-packages/airflow/example_dags/example_subdag_operator.py took 0.505 seconds
[2023-01-14T21:19:38.668+0000] {processor.py:153} INFO - Started process (PID=9633) to work on /media/prempeh/Nouveau nom/MASTER2/DATA ENGINEERING/airflow/py_env/lib/python3.10/site-packages/airflow/example_dags/example_subdag_operator.py
[2023-01-14T21:19:38.672+0000] {processor.py:743} INFO - Processing file /media/prempeh/Nouveau nom/MASTER2/DATA ENGINEERING/airflow/py_env/lib/python3.10/site-packages/airflow/example_dags/example_subdag_operator.py for tasks to queue
[2023-01-14T21:19:38.677+0000] {logging_mixin.py:137} INFO - [2023-01-14T21:19:38.676+0000] {dagbag.py:538} INFO - Filling up the DagBag from /media/prempeh/Nouveau nom/MASTER2/DATA ENGINEERING/airflow/py_env/lib/python3.10/site-packages/airflow/example_dags/example_subdag_operator.py
[2023-01-14T21:19:38.846+0000] {processor.py:753} INFO - DAG(s) dict_keys(['example_subdag_operator.section-1', 'example_subdag_operator.section-2', 'example_subdag_operator']) retrieved from /media/prempeh/Nouveau nom/MASTER2/DATA ENGINEERING/airflow/py_env/lib/python3.10/site-packages/airflow/example_dags/example_subdag_operator.py
[2023-01-14T21:19:38.975+0000] {logging_mixin.py:137} INFO - [2023-01-14T21:19:38.974+0000] {dag.py:2676} INFO - Sync 3 DAGs
[2023-01-14T21:19:39.045+0000] {logging_mixin.py:137} INFO - [2023-01-14T21:19:39.044+0000] {dag.py:3423} INFO - Setting next_dagrun for example_subdag_operator to 2022-01-01T00:00:00+00:00, run_after=2022-01-01T00:00:00+00:00
[2023-01-14T21:19:39.057+0000] {logging_mixin.py:137} INFO - [2023-01-14T21:19:39.057+0000] {dag.py:3423} INFO - Setting next_dagrun for example_subdag_operator.section-1 to None, run_after=None
[2023-01-14T21:19:39.061+0000] {logging_mixin.py:137} INFO - [2023-01-14T21:19:39.060+0000] {dag.py:3423} INFO - Setting next_dagrun for example_subdag_operator.section-2 to None, run_after=None
[2023-01-14T21:19:39.083+0000] {logging_mixin.py:137} INFO - [2023-01-14T21:19:39.082+0000] {dag.py:2676} INFO - Sync 2 DAGs
[2023-01-14T21:19:39.099+0000] {logging_mixin.py:137} INFO - [2023-01-14T21:19:39.098+0000] {dag.py:3423} INFO - Setting next_dagrun for example_subdag_operator.section-1 to None, run_after=None
[2023-01-14T21:19:39.100+0000] {logging_mixin.py:137} INFO - [2023-01-14T21:19:39.100+0000] {dag.py:3423} INFO - Setting next_dagrun for example_subdag_operator.section-2 to None, run_after=None
[2023-01-14T21:19:39.166+0000] {processor.py:175} INFO - Processing /media/prempeh/Nouveau nom/MASTER2/DATA ENGINEERING/airflow/py_env/lib/python3.10/site-packages/airflow/example_dags/example_subdag_operator.py took 0.506 seconds
[2023-01-14T21:20:47.278+0000] {processor.py:153} INFO - Started process (PID=9804) to work on /media/prempeh/Nouveau nom/MASTER2/DATA ENGINEERING/airflow/py_env/lib/python3.10/site-packages/airflow/example_dags/example_subdag_operator.py
[2023-01-14T21:20:47.281+0000] {processor.py:743} INFO - Processing file /media/prempeh/Nouveau nom/MASTER2/DATA ENGINEERING/airflow/py_env/lib/python3.10/site-packages/airflow/example_dags/example_subdag_operator.py for tasks to queue
[2023-01-14T21:20:47.288+0000] {logging_mixin.py:137} INFO - [2023-01-14T21:20:47.287+0000] {dagbag.py:538} INFO - Filling up the DagBag from /media/prempeh/Nouveau nom/MASTER2/DATA ENGINEERING/airflow/py_env/lib/python3.10/site-packages/airflow/example_dags/example_subdag_operator.py
[2023-01-14T21:20:47.471+0000] {processor.py:753} INFO - DAG(s) dict_keys(['example_subdag_operator.section-1', 'example_subdag_operator.section-2', 'example_subdag_operator']) retrieved from /media/prempeh/Nouveau nom/MASTER2/DATA ENGINEERING/airflow/py_env/lib/python3.10/site-packages/airflow/example_dags/example_subdag_operator.py
[2023-01-14T21:20:47.607+0000] {logging_mixin.py:137} INFO - [2023-01-14T21:20:47.607+0000] {dag.py:2676} INFO - Sync 3 DAGs
[2023-01-14T21:20:47.676+0000] {logging_mixin.py:137} INFO - [2023-01-14T21:20:47.675+0000] {dag.py:3423} INFO - Setting next_dagrun for example_subdag_operator to 2022-01-01T00:00:00+00:00, run_after=2022-01-01T00:00:00+00:00
[2023-01-14T21:20:47.686+0000] {logging_mixin.py:137} INFO - [2023-01-14T21:20:47.685+0000] {dag.py:3423} INFO - Setting next_dagrun for example_subdag_operator.section-1 to None, run_after=None
[2023-01-14T21:20:47.689+0000] {logging_mixin.py:137} INFO - [2023-01-14T21:20:47.689+0000] {dag.py:3423} INFO - Setting next_dagrun for example_subdag_operator.section-2 to None, run_after=None
[2023-01-14T21:20:47.713+0000] {logging_mixin.py:137} INFO - [2023-01-14T21:20:47.712+0000] {dag.py:2676} INFO - Sync 2 DAGs
[2023-01-14T21:20:47.728+0000] {logging_mixin.py:137} INFO - [2023-01-14T21:20:47.727+0000] {dag.py:3423} INFO - Setting next_dagrun for example_subdag_operator.section-1 to None, run_after=None
[2023-01-14T21:20:47.730+0000] {logging_mixin.py:137} INFO - [2023-01-14T21:20:47.730+0000] {dag.py:3423} INFO - Setting next_dagrun for example_subdag_operator.section-2 to None, run_after=None
[2023-01-14T21:20:47.788+0000] {processor.py:175} INFO - Processing /media/prempeh/Nouveau nom/MASTER2/DATA ENGINEERING/airflow/py_env/lib/python3.10/site-packages/airflow/example_dags/example_subdag_operator.py took 0.518 seconds
[2023-01-14T21:21:55.710+0000] {processor.py:153} INFO - Started process (PID=9918) to work on /media/prempeh/Nouveau nom/MASTER2/DATA ENGINEERING/airflow/py_env/lib/python3.10/site-packages/airflow/example_dags/example_subdag_operator.py
[2023-01-14T21:21:55.714+0000] {processor.py:743} INFO - Processing file /media/prempeh/Nouveau nom/MASTER2/DATA ENGINEERING/airflow/py_env/lib/python3.10/site-packages/airflow/example_dags/example_subdag_operator.py for tasks to queue
[2023-01-14T21:21:55.719+0000] {logging_mixin.py:137} INFO - [2023-01-14T21:21:55.719+0000] {dagbag.py:538} INFO - Filling up the DagBag from /media/prempeh/Nouveau nom/MASTER2/DATA ENGINEERING/airflow/py_env/lib/python3.10/site-packages/airflow/example_dags/example_subdag_operator.py
[2023-01-14T21:21:55.990+0000] {processor.py:753} INFO - DAG(s) dict_keys(['example_subdag_operator.section-1', 'example_subdag_operator.section-2', 'example_subdag_operator']) retrieved from /media/prempeh/Nouveau nom/MASTER2/DATA ENGINEERING/airflow/py_env/lib/python3.10/site-packages/airflow/example_dags/example_subdag_operator.py
[2023-01-14T21:21:56.139+0000] {logging_mixin.py:137} INFO - [2023-01-14T21:21:56.138+0000] {dag.py:2676} INFO - Sync 3 DAGs
[2023-01-14T21:21:56.219+0000] {logging_mixin.py:137} INFO - [2023-01-14T21:21:56.218+0000] {dag.py:3423} INFO - Setting next_dagrun for example_subdag_operator to 2022-01-01T00:00:00+00:00, run_after=2022-01-01T00:00:00+00:00
[2023-01-14T21:21:56.235+0000] {logging_mixin.py:137} INFO - [2023-01-14T21:21:56.234+0000] {dag.py:3423} INFO - Setting next_dagrun for example_subdag_operator.section-1 to None, run_after=None
[2023-01-14T21:21:56.242+0000] {logging_mixin.py:137} INFO - [2023-01-14T21:21:56.241+0000] {dag.py:3423} INFO - Setting next_dagrun for example_subdag_operator.section-2 to None, run_after=None
[2023-01-14T21:21:56.273+0000] {logging_mixin.py:137} INFO - [2023-01-14T21:21:56.272+0000] {dag.py:2676} INFO - Sync 2 DAGs
[2023-01-14T21:21:56.295+0000] {logging_mixin.py:137} INFO - [2023-01-14T21:21:56.294+0000] {dag.py:3423} INFO - Setting next_dagrun for example_subdag_operator.section-1 to None, run_after=None
[2023-01-14T21:21:56.296+0000] {logging_mixin.py:137} INFO - [2023-01-14T21:21:56.295+0000] {dag.py:3423} INFO - Setting next_dagrun for example_subdag_operator.section-2 to None, run_after=None
[2023-01-14T21:21:56.355+0000] {processor.py:175} INFO - Processing /media/prempeh/Nouveau nom/MASTER2/DATA ENGINEERING/airflow/py_env/lib/python3.10/site-packages/airflow/example_dags/example_subdag_operator.py took 0.656 seconds
[2023-01-14T21:23:12.901+0000] {processor.py:153} INFO - Started process (PID=10336) to work on /media/prempeh/Nouveau nom/MASTER2/DATA ENGINEERING/airflow/py_env/lib/python3.10/site-packages/airflow/example_dags/example_subdag_operator.py
[2023-01-14T21:23:12.904+0000] {processor.py:743} INFO - Processing file /media/prempeh/Nouveau nom/MASTER2/DATA ENGINEERING/airflow/py_env/lib/python3.10/site-packages/airflow/example_dags/example_subdag_operator.py for tasks to queue
[2023-01-14T21:23:12.908+0000] {logging_mixin.py:137} INFO - [2023-01-14T21:23:12.908+0000] {dagbag.py:538} INFO - Filling up the DagBag from /media/prempeh/Nouveau nom/MASTER2/DATA ENGINEERING/airflow/py_env/lib/python3.10/site-packages/airflow/example_dags/example_subdag_operator.py
[2023-01-14T21:23:13.114+0000] {processor.py:753} INFO - DAG(s) dict_keys(['example_subdag_operator.section-1', 'example_subdag_operator.section-2', 'example_subdag_operator']) retrieved from /media/prempeh/Nouveau nom/MASTER2/DATA ENGINEERING/airflow/py_env/lib/python3.10/site-packages/airflow/example_dags/example_subdag_operator.py
[2023-01-14T21:23:13.335+0000] {logging_mixin.py:137} INFO - [2023-01-14T21:23:13.334+0000] {dag.py:2676} INFO - Sync 3 DAGs
[2023-01-14T21:23:13.442+0000] {logging_mixin.py:137} INFO - [2023-01-14T21:23:13.441+0000] {dag.py:3423} INFO - Setting next_dagrun for example_subdag_operator to 2022-01-01T00:00:00+00:00, run_after=2022-01-01T00:00:00+00:00
[2023-01-14T21:23:13.456+0000] {logging_mixin.py:137} INFO - [2023-01-14T21:23:13.455+0000] {dag.py:3423} INFO - Setting next_dagrun for example_subdag_operator.section-1 to None, run_after=None
[2023-01-14T21:23:13.461+0000] {logging_mixin.py:137} INFO - [2023-01-14T21:23:13.460+0000] {dag.py:3423} INFO - Setting next_dagrun for example_subdag_operator.section-2 to None, run_after=None
[2023-01-14T21:23:13.496+0000] {logging_mixin.py:137} INFO - [2023-01-14T21:23:13.495+0000] {dag.py:2676} INFO - Sync 2 DAGs
[2023-01-14T21:23:13.517+0000] {logging_mixin.py:137} INFO - [2023-01-14T21:23:13.517+0000] {dag.py:3423} INFO - Setting next_dagrun for example_subdag_operator.section-1 to None, run_after=None
[2023-01-14T21:23:13.519+0000] {logging_mixin.py:137} INFO - [2023-01-14T21:23:13.519+0000] {dag.py:3423} INFO - Setting next_dagrun for example_subdag_operator.section-2 to None, run_after=None
[2023-01-14T21:23:13.583+0000] {processor.py:175} INFO - Processing /media/prempeh/Nouveau nom/MASTER2/DATA ENGINEERING/airflow/py_env/lib/python3.10/site-packages/airflow/example_dags/example_subdag_operator.py took 0.693 seconds
[2023-01-14T21:24:17.785+0000] {processor.py:153} INFO - Started process (PID=10379) to work on /media/prempeh/Nouveau nom/MASTER2/DATA ENGINEERING/airflow/py_env/lib/python3.10/site-packages/airflow/example_dags/example_subdag_operator.py
[2023-01-14T21:24:17.788+0000] {processor.py:743} INFO - Processing file /media/prempeh/Nouveau nom/MASTER2/DATA ENGINEERING/airflow/py_env/lib/python3.10/site-packages/airflow/example_dags/example_subdag_operator.py for tasks to queue
[2023-01-14T21:24:17.792+0000] {logging_mixin.py:137} INFO - [2023-01-14T21:24:17.792+0000] {dagbag.py:538} INFO - Filling up the DagBag from /media/prempeh/Nouveau nom/MASTER2/DATA ENGINEERING/airflow/py_env/lib/python3.10/site-packages/airflow/example_dags/example_subdag_operator.py
[2023-01-14T21:24:17.965+0000] {processor.py:753} INFO - DAG(s) dict_keys(['example_subdag_operator.section-1', 'example_subdag_operator.section-2', 'example_subdag_operator']) retrieved from /media/prempeh/Nouveau nom/MASTER2/DATA ENGINEERING/airflow/py_env/lib/python3.10/site-packages/airflow/example_dags/example_subdag_operator.py
[2023-01-14T21:24:18.100+0000] {logging_mixin.py:137} INFO - [2023-01-14T21:24:18.100+0000] {dag.py:2676} INFO - Sync 3 DAGs
[2023-01-14T21:24:18.168+0000] {logging_mixin.py:137} INFO - [2023-01-14T21:24:18.167+0000] {dag.py:3423} INFO - Setting next_dagrun for example_subdag_operator to 2022-01-01T00:00:00+00:00, run_after=2022-01-01T00:00:00+00:00
[2023-01-14T21:24:18.183+0000] {logging_mixin.py:137} INFO - [2023-01-14T21:24:18.183+0000] {dag.py:3423} INFO - Setting next_dagrun for example_subdag_operator.section-1 to None, run_after=None
[2023-01-14T21:24:18.187+0000] {logging_mixin.py:137} INFO - [2023-01-14T21:24:18.186+0000] {dag.py:3423} INFO - Setting next_dagrun for example_subdag_operator.section-2 to None, run_after=None
[2023-01-14T21:24:18.208+0000] {logging_mixin.py:137} INFO - [2023-01-14T21:24:18.207+0000] {dag.py:2676} INFO - Sync 2 DAGs
[2023-01-14T21:24:18.223+0000] {logging_mixin.py:137} INFO - [2023-01-14T21:24:18.222+0000] {dag.py:3423} INFO - Setting next_dagrun for example_subdag_operator.section-1 to None, run_after=None
[2023-01-14T21:24:18.225+0000] {logging_mixin.py:137} INFO - [2023-01-14T21:24:18.224+0000] {dag.py:3423} INFO - Setting next_dagrun for example_subdag_operator.section-2 to None, run_after=None
[2023-01-14T21:24:18.277+0000] {processor.py:175} INFO - Processing /media/prempeh/Nouveau nom/MASTER2/DATA ENGINEERING/airflow/py_env/lib/python3.10/site-packages/airflow/example_dags/example_subdag_operator.py took 0.503 seconds
[2023-01-14T21:25:29.265+0000] {processor.py:153} INFO - Started process (PID=10502) to work on /media/prempeh/Nouveau nom/MASTER2/DATA ENGINEERING/airflow/py_env/lib/python3.10/site-packages/airflow/example_dags/example_subdag_operator.py
[2023-01-14T21:25:29.268+0000] {processor.py:743} INFO - Processing file /media/prempeh/Nouveau nom/MASTER2/DATA ENGINEERING/airflow/py_env/lib/python3.10/site-packages/airflow/example_dags/example_subdag_operator.py for tasks to queue
[2023-01-14T21:25:29.272+0000] {logging_mixin.py:137} INFO - [2023-01-14T21:25:29.272+0000] {dagbag.py:538} INFO - Filling up the DagBag from /media/prempeh/Nouveau nom/MASTER2/DATA ENGINEERING/airflow/py_env/lib/python3.10/site-packages/airflow/example_dags/example_subdag_operator.py
[2023-01-14T21:25:29.470+0000] {processor.py:753} INFO - DAG(s) dict_keys(['example_subdag_operator.section-1', 'example_subdag_operator.section-2', 'example_subdag_operator']) retrieved from /media/prempeh/Nouveau nom/MASTER2/DATA ENGINEERING/airflow/py_env/lib/python3.10/site-packages/airflow/example_dags/example_subdag_operator.py
[2023-01-14T21:25:29.627+0000] {logging_mixin.py:137} INFO - [2023-01-14T21:25:29.627+0000] {dag.py:2676} INFO - Sync 3 DAGs
[2023-01-14T21:25:29.739+0000] {logging_mixin.py:137} INFO - [2023-01-14T21:25:29.738+0000] {dag.py:3423} INFO - Setting next_dagrun for example_subdag_operator to 2022-01-01T00:00:00+00:00, run_after=2022-01-01T00:00:00+00:00
[2023-01-14T21:25:29.751+0000] {logging_mixin.py:137} INFO - [2023-01-14T21:25:29.750+0000] {dag.py:3423} INFO - Setting next_dagrun for example_subdag_operator.section-1 to None, run_after=None
[2023-01-14T21:25:29.757+0000] {logging_mixin.py:137} INFO - [2023-01-14T21:25:29.756+0000] {dag.py:3423} INFO - Setting next_dagrun for example_subdag_operator.section-2 to None, run_after=None
[2023-01-14T21:25:29.780+0000] {logging_mixin.py:137} INFO - [2023-01-14T21:25:29.779+0000] {dag.py:2676} INFO - Sync 2 DAGs
[2023-01-14T21:25:29.795+0000] {logging_mixin.py:137} INFO - [2023-01-14T21:25:29.794+0000] {dag.py:3423} INFO - Setting next_dagrun for example_subdag_operator.section-1 to None, run_after=None
[2023-01-14T21:25:29.796+0000] {logging_mixin.py:137} INFO - [2023-01-14T21:25:29.796+0000] {dag.py:3423} INFO - Setting next_dagrun for example_subdag_operator.section-2 to None, run_after=None
[2023-01-14T21:25:29.857+0000] {processor.py:175} INFO - Processing /media/prempeh/Nouveau nom/MASTER2/DATA ENGINEERING/airflow/py_env/lib/python3.10/site-packages/airflow/example_dags/example_subdag_operator.py took 0.601 seconds
[2023-01-14T21:26:41.233+0000] {processor.py:153} INFO - Started process (PID=10679) to work on /media/prempeh/Nouveau nom/MASTER2/DATA ENGINEERING/airflow/py_env/lib/python3.10/site-packages/airflow/example_dags/example_subdag_operator.py
[2023-01-14T21:26:41.236+0000] {processor.py:743} INFO - Processing file /media/prempeh/Nouveau nom/MASTER2/DATA ENGINEERING/airflow/py_env/lib/python3.10/site-packages/airflow/example_dags/example_subdag_operator.py for tasks to queue
[2023-01-14T21:26:41.244+0000] {logging_mixin.py:137} INFO - [2023-01-14T21:26:41.243+0000] {dagbag.py:538} INFO - Filling up the DagBag from /media/prempeh/Nouveau nom/MASTER2/DATA ENGINEERING/airflow/py_env/lib/python3.10/site-packages/airflow/example_dags/example_subdag_operator.py
[2023-01-14T21:26:41.468+0000] {processor.py:753} INFO - DAG(s) dict_keys(['example_subdag_operator.section-1', 'example_subdag_operator.section-2', 'example_subdag_operator']) retrieved from /media/prempeh/Nouveau nom/MASTER2/DATA ENGINEERING/airflow/py_env/lib/python3.10/site-packages/airflow/example_dags/example_subdag_operator.py
[2023-01-14T21:26:41.603+0000] {logging_mixin.py:137} INFO - [2023-01-14T21:26:41.602+0000] {dag.py:2676} INFO - Sync 3 DAGs
[2023-01-14T21:26:41.664+0000] {logging_mixin.py:137} INFO - [2023-01-14T21:26:41.663+0000] {dag.py:3423} INFO - Setting next_dagrun for example_subdag_operator to 2022-01-01T00:00:00+00:00, run_after=2022-01-01T00:00:00+00:00
[2023-01-14T21:26:41.675+0000] {logging_mixin.py:137} INFO - [2023-01-14T21:26:41.674+0000] {dag.py:3423} INFO - Setting next_dagrun for example_subdag_operator.section-1 to None, run_after=None
[2023-01-14T21:26:41.679+0000] {logging_mixin.py:137} INFO - [2023-01-14T21:26:41.679+0000] {dag.py:3423} INFO - Setting next_dagrun for example_subdag_operator.section-2 to None, run_after=None
[2023-01-14T21:26:41.700+0000] {logging_mixin.py:137} INFO - [2023-01-14T21:26:41.700+0000] {dag.py:2676} INFO - Sync 2 DAGs
[2023-01-14T21:26:41.714+0000] {logging_mixin.py:137} INFO - [2023-01-14T21:26:41.713+0000] {dag.py:3423} INFO - Setting next_dagrun for example_subdag_operator.section-1 to None, run_after=None
[2023-01-14T21:26:41.715+0000] {logging_mixin.py:137} INFO - [2023-01-14T21:26:41.715+0000] {dag.py:3423} INFO - Setting next_dagrun for example_subdag_operator.section-2 to None, run_after=None
[2023-01-14T21:26:41.783+0000] {processor.py:175} INFO - Processing /media/prempeh/Nouveau nom/MASTER2/DATA ENGINEERING/airflow/py_env/lib/python3.10/site-packages/airflow/example_dags/example_subdag_operator.py took 0.561 seconds
