[2023-01-14T20:52:55.973+0000] {processor.py:153} INFO - Started process (PID=6410) to work on /media/prempeh/Nouveau nom/MASTER2/DATA ENGINEERING/airflow/py_env/lib/python3.10/site-packages/airflow/example_dags/example_task_group.py
[2023-01-14T20:52:55.976+0000] {processor.py:743} INFO - Processing file /media/prempeh/Nouveau nom/MASTER2/DATA ENGINEERING/airflow/py_env/lib/python3.10/site-packages/airflow/example_dags/example_task_group.py for tasks to queue
[2023-01-14T20:52:55.982+0000] {logging_mixin.py:137} INFO - [2023-01-14T20:52:55.981+0000] {dagbag.py:538} INFO - Filling up the DagBag from /media/prempeh/Nouveau nom/MASTER2/DATA ENGINEERING/airflow/py_env/lib/python3.10/site-packages/airflow/example_dags/example_task_group.py
[2023-01-14T20:52:56.126+0000] {processor.py:753} INFO - DAG(s) dict_keys(['example_task_group']) retrieved from /media/prempeh/Nouveau nom/MASTER2/DATA ENGINEERING/airflow/py_env/lib/python3.10/site-packages/airflow/example_dags/example_task_group.py
[2023-01-14T20:52:56.840+0000] {logging_mixin.py:137} INFO - [2023-01-14T20:52:56.839+0000] {manager.py:504} INFO - Created Permission View: can edit on DAG:example_task_group
[2023-01-14T20:52:56.873+0000] {logging_mixin.py:137} INFO - [2023-01-14T20:52:56.872+0000] {manager.py:504} INFO - Created Permission View: can delete on DAG:example_task_group
[2023-01-14T20:52:56.898+0000] {logging_mixin.py:137} INFO - [2023-01-14T20:52:56.897+0000] {manager.py:504} INFO - Created Permission View: can read on DAG:example_task_group
[2023-01-14T20:52:56.900+0000] {logging_mixin.py:137} INFO - [2023-01-14T20:52:56.899+0000] {dag.py:2676} INFO - Sync 1 DAGs
[2023-01-14T20:52:56.934+0000] {logging_mixin.py:137} INFO - [2023-01-14T20:52:56.934+0000] {dag.py:2697} INFO - Creating ORM DAG for example_task_group
[2023-01-14T20:52:56.963+0000] {logging_mixin.py:137} INFO - [2023-01-14T20:52:56.962+0000] {dag.py:3423} INFO - Setting next_dagrun for example_task_group to 2023-01-13T20:52:56.962227+00:00, run_after=2023-01-14T20:52:56.962227+00:00
[2023-01-14T20:52:57.028+0000] {processor.py:175} INFO - Processing /media/prempeh/Nouveau nom/MASTER2/DATA ENGINEERING/airflow/py_env/lib/python3.10/site-packages/airflow/example_dags/example_task_group.py took 1.064 seconds
[2023-01-14T20:54:10.171+0000] {processor.py:153} INFO - Started process (PID=6715) to work on /media/prempeh/Nouveau nom/MASTER2/DATA ENGINEERING/airflow/py_env/lib/python3.10/site-packages/airflow/example_dags/example_task_group.py
[2023-01-14T20:54:10.175+0000] {processor.py:743} INFO - Processing file /media/prempeh/Nouveau nom/MASTER2/DATA ENGINEERING/airflow/py_env/lib/python3.10/site-packages/airflow/example_dags/example_task_group.py for tasks to queue
[2023-01-14T20:54:10.180+0000] {logging_mixin.py:137} INFO - [2023-01-14T20:54:10.180+0000] {dagbag.py:538} INFO - Filling up the DagBag from /media/prempeh/Nouveau nom/MASTER2/DATA ENGINEERING/airflow/py_env/lib/python3.10/site-packages/airflow/example_dags/example_task_group.py
[2023-01-14T20:54:10.376+0000] {processor.py:753} INFO - DAG(s) dict_keys(['example_task_group']) retrieved from /media/prempeh/Nouveau nom/MASTER2/DATA ENGINEERING/airflow/py_env/lib/python3.10/site-packages/airflow/example_dags/example_task_group.py
[2023-01-14T20:54:10.563+0000] {logging_mixin.py:137} INFO - [2023-01-14T20:54:10.562+0000] {dag.py:2676} INFO - Sync 1 DAGs
[2023-01-14T20:54:10.641+0000] {logging_mixin.py:137} INFO - [2023-01-14T20:54:10.641+0000] {dag.py:3423} INFO - Setting next_dagrun for example_task_group to 2023-01-13T20:54:10.640489+00:00, run_after=2023-01-14T20:54:10.640489+00:00
[2023-01-14T20:54:10.712+0000] {processor.py:175} INFO - Processing /media/prempeh/Nouveau nom/MASTER2/DATA ENGINEERING/airflow/py_env/lib/python3.10/site-packages/airflow/example_dags/example_task_group.py took 0.551 seconds
[2023-01-14T20:55:10.349+0000] {processor.py:153} INFO - Started process (PID=6753) to work on /media/prempeh/Nouveau nom/MASTER2/DATA ENGINEERING/airflow/py_env/lib/python3.10/site-packages/airflow/example_dags/example_task_group.py
[2023-01-14T20:55:10.352+0000] {processor.py:743} INFO - Processing file /media/prempeh/Nouveau nom/MASTER2/DATA ENGINEERING/airflow/py_env/lib/python3.10/site-packages/airflow/example_dags/example_task_group.py for tasks to queue
[2023-01-14T20:55:10.360+0000] {logging_mixin.py:137} INFO - [2023-01-14T20:55:10.359+0000] {dagbag.py:538} INFO - Filling up the DagBag from /media/prempeh/Nouveau nom/MASTER2/DATA ENGINEERING/airflow/py_env/lib/python3.10/site-packages/airflow/example_dags/example_task_group.py
[2023-01-14T20:55:10.542+0000] {processor.py:753} INFO - DAG(s) dict_keys(['example_task_group']) retrieved from /media/prempeh/Nouveau nom/MASTER2/DATA ENGINEERING/airflow/py_env/lib/python3.10/site-packages/airflow/example_dags/example_task_group.py
[2023-01-14T20:55:10.684+0000] {logging_mixin.py:137} INFO - [2023-01-14T20:55:10.683+0000] {dag.py:2676} INFO - Sync 1 DAGs
[2023-01-14T20:55:10.750+0000] {logging_mixin.py:137} INFO - [2023-01-14T20:55:10.749+0000] {dag.py:3423} INFO - Setting next_dagrun for example_task_group to 2023-01-13T20:55:10.748919+00:00, run_after=2023-01-14T20:55:10.748919+00:00
[2023-01-14T20:55:10.827+0000] {processor.py:175} INFO - Processing /media/prempeh/Nouveau nom/MASTER2/DATA ENGINEERING/airflow/py_env/lib/python3.10/site-packages/airflow/example_dags/example_task_group.py took 0.488 seconds
[2023-01-14T20:56:08.772+0000] {processor.py:153} INFO - Started process (PID=6877) to work on /media/prempeh/Nouveau nom/MASTER2/DATA ENGINEERING/airflow/py_env/lib/python3.10/site-packages/airflow/example_dags/example_task_group.py
[2023-01-14T20:56:08.775+0000] {processor.py:743} INFO - Processing file /media/prempeh/Nouveau nom/MASTER2/DATA ENGINEERING/airflow/py_env/lib/python3.10/site-packages/airflow/example_dags/example_task_group.py for tasks to queue
[2023-01-14T20:56:08.785+0000] {logging_mixin.py:137} INFO - [2023-01-14T20:56:08.783+0000] {dagbag.py:538} INFO - Filling up the DagBag from /media/prempeh/Nouveau nom/MASTER2/DATA ENGINEERING/airflow/py_env/lib/python3.10/site-packages/airflow/example_dags/example_task_group.py
[2023-01-14T20:56:08.995+0000] {processor.py:753} INFO - DAG(s) dict_keys(['example_task_group']) retrieved from /media/prempeh/Nouveau nom/MASTER2/DATA ENGINEERING/airflow/py_env/lib/python3.10/site-packages/airflow/example_dags/example_task_group.py
[2023-01-14T20:56:09.178+0000] {logging_mixin.py:137} INFO - [2023-01-14T20:56:09.178+0000] {dag.py:2676} INFO - Sync 1 DAGs
[2023-01-14T20:56:09.245+0000] {logging_mixin.py:137} INFO - [2023-01-14T20:56:09.245+0000] {dag.py:3423} INFO - Setting next_dagrun for example_task_group to 2023-01-13T20:56:09.244387+00:00, run_after=2023-01-14T20:56:09.244387+00:00
[2023-01-14T20:56:09.318+0000] {processor.py:175} INFO - Processing /media/prempeh/Nouveau nom/MASTER2/DATA ENGINEERING/airflow/py_env/lib/python3.10/site-packages/airflow/example_dags/example_task_group.py took 0.561 seconds
[2023-01-14T20:57:10.866+0000] {processor.py:153} INFO - Started process (PID=7050) to work on /media/prempeh/Nouveau nom/MASTER2/DATA ENGINEERING/airflow/py_env/lib/python3.10/site-packages/airflow/example_dags/example_task_group.py
[2023-01-14T20:57:10.870+0000] {processor.py:743} INFO - Processing file /media/prempeh/Nouveau nom/MASTER2/DATA ENGINEERING/airflow/py_env/lib/python3.10/site-packages/airflow/example_dags/example_task_group.py for tasks to queue
[2023-01-14T20:57:10.875+0000] {logging_mixin.py:137} INFO - [2023-01-14T20:57:10.875+0000] {dagbag.py:538} INFO - Filling up the DagBag from /media/prempeh/Nouveau nom/MASTER2/DATA ENGINEERING/airflow/py_env/lib/python3.10/site-packages/airflow/example_dags/example_task_group.py
[2023-01-14T20:57:11.021+0000] {processor.py:753} INFO - DAG(s) dict_keys(['example_task_group']) retrieved from /media/prempeh/Nouveau nom/MASTER2/DATA ENGINEERING/airflow/py_env/lib/python3.10/site-packages/airflow/example_dags/example_task_group.py
[2023-01-14T20:57:11.187+0000] {logging_mixin.py:137} INFO - [2023-01-14T20:57:11.186+0000] {dag.py:2676} INFO - Sync 1 DAGs
[2023-01-14T20:57:11.278+0000] {logging_mixin.py:137} INFO - [2023-01-14T20:57:11.278+0000] {dag.py:3423} INFO - Setting next_dagrun for example_task_group to 2023-01-13T20:57:11.277216+00:00, run_after=2023-01-14T20:57:11.277216+00:00
[2023-01-14T20:57:11.363+0000] {processor.py:175} INFO - Processing /media/prempeh/Nouveau nom/MASTER2/DATA ENGINEERING/airflow/py_env/lib/python3.10/site-packages/airflow/example_dags/example_task_group.py took 0.507 seconds
[2023-01-14T20:58:08.027+0000] {processor.py:153} INFO - Started process (PID=7115) to work on /media/prempeh/Nouveau nom/MASTER2/DATA ENGINEERING/airflow/py_env/lib/python3.10/site-packages/airflow/example_dags/example_task_group.py
[2023-01-14T20:58:08.030+0000] {processor.py:743} INFO - Processing file /media/prempeh/Nouveau nom/MASTER2/DATA ENGINEERING/airflow/py_env/lib/python3.10/site-packages/airflow/example_dags/example_task_group.py for tasks to queue
[2023-01-14T20:58:08.035+0000] {logging_mixin.py:137} INFO - [2023-01-14T20:58:08.034+0000] {dagbag.py:538} INFO - Filling up the DagBag from /media/prempeh/Nouveau nom/MASTER2/DATA ENGINEERING/airflow/py_env/lib/python3.10/site-packages/airflow/example_dags/example_task_group.py
[2023-01-14T20:58:08.205+0000] {processor.py:753} INFO - DAG(s) dict_keys(['example_task_group']) retrieved from /media/prempeh/Nouveau nom/MASTER2/DATA ENGINEERING/airflow/py_env/lib/python3.10/site-packages/airflow/example_dags/example_task_group.py
[2023-01-14T20:58:08.370+0000] {logging_mixin.py:137} INFO - [2023-01-14T20:58:08.370+0000] {dag.py:2676} INFO - Sync 1 DAGs
[2023-01-14T20:58:08.445+0000] {logging_mixin.py:137} INFO - [2023-01-14T20:58:08.444+0000] {dag.py:3423} INFO - Setting next_dagrun for example_task_group to 2023-01-13T20:58:08.444030+00:00, run_after=2023-01-14T20:58:08.444030+00:00
[2023-01-14T20:58:08.517+0000] {processor.py:175} INFO - Processing /media/prempeh/Nouveau nom/MASTER2/DATA ENGINEERING/airflow/py_env/lib/python3.10/site-packages/airflow/example_dags/example_task_group.py took 0.501 seconds
[2023-01-14T20:59:03.683+0000] {processor.py:153} INFO - Started process (PID=7155) to work on /media/prempeh/Nouveau nom/MASTER2/DATA ENGINEERING/airflow/py_env/lib/python3.10/site-packages/airflow/example_dags/example_task_group.py
[2023-01-14T20:59:03.686+0000] {processor.py:743} INFO - Processing file /media/prempeh/Nouveau nom/MASTER2/DATA ENGINEERING/airflow/py_env/lib/python3.10/site-packages/airflow/example_dags/example_task_group.py for tasks to queue
[2023-01-14T20:59:03.692+0000] {logging_mixin.py:137} INFO - [2023-01-14T20:59:03.692+0000] {dagbag.py:538} INFO - Filling up the DagBag from /media/prempeh/Nouveau nom/MASTER2/DATA ENGINEERING/airflow/py_env/lib/python3.10/site-packages/airflow/example_dags/example_task_group.py
[2023-01-14T20:59:03.828+0000] {processor.py:753} INFO - DAG(s) dict_keys(['example_task_group']) retrieved from /media/prempeh/Nouveau nom/MASTER2/DATA ENGINEERING/airflow/py_env/lib/python3.10/site-packages/airflow/example_dags/example_task_group.py
[2023-01-14T20:59:03.949+0000] {logging_mixin.py:137} INFO - [2023-01-14T20:59:03.948+0000] {dag.py:2676} INFO - Sync 1 DAGs
[2023-01-14T20:59:04.019+0000] {logging_mixin.py:137} INFO - [2023-01-14T20:59:04.018+0000] {dag.py:3423} INFO - Setting next_dagrun for example_task_group to 2023-01-13T20:59:04.017877+00:00, run_after=2023-01-14T20:59:04.017877+00:00
[2023-01-14T20:59:04.088+0000] {processor.py:175} INFO - Processing /media/prempeh/Nouveau nom/MASTER2/DATA ENGINEERING/airflow/py_env/lib/python3.10/site-packages/airflow/example_dags/example_task_group.py took 0.413 seconds
[2023-01-14T20:59:50.572+0000] {processor.py:153} INFO - Started process (PID=7225) to work on /media/prempeh/Nouveau nom/MASTER2/DATA ENGINEERING/airflow/py_env/lib/python3.10/site-packages/airflow/example_dags/example_task_group.py
[2023-01-14T20:59:50.575+0000] {processor.py:743} INFO - Processing file /media/prempeh/Nouveau nom/MASTER2/DATA ENGINEERING/airflow/py_env/lib/python3.10/site-packages/airflow/example_dags/example_task_group.py for tasks to queue
[2023-01-14T20:59:50.581+0000] {logging_mixin.py:137} INFO - [2023-01-14T20:59:50.580+0000] {dagbag.py:538} INFO - Filling up the DagBag from /media/prempeh/Nouveau nom/MASTER2/DATA ENGINEERING/airflow/py_env/lib/python3.10/site-packages/airflow/example_dags/example_task_group.py
[2023-01-14T20:59:50.811+0000] {processor.py:753} INFO - DAG(s) dict_keys(['example_task_group']) retrieved from /media/prempeh/Nouveau nom/MASTER2/DATA ENGINEERING/airflow/py_env/lib/python3.10/site-packages/airflow/example_dags/example_task_group.py
[2023-01-14T20:59:50.959+0000] {logging_mixin.py:137} INFO - [2023-01-14T20:59:50.958+0000] {dag.py:2676} INFO - Sync 1 DAGs
[2023-01-14T20:59:51.023+0000] {logging_mixin.py:137} INFO - [2023-01-14T20:59:51.023+0000] {dag.py:3423} INFO - Setting next_dagrun for example_task_group to 2023-01-13T20:59:51.022711+00:00, run_after=2023-01-14T20:59:51.022711+00:00
[2023-01-14T20:59:51.128+0000] {processor.py:175} INFO - Processing /media/prempeh/Nouveau nom/MASTER2/DATA ENGINEERING/airflow/py_env/lib/python3.10/site-packages/airflow/example_dags/example_task_group.py took 0.565 seconds
[2023-01-14T21:00:47.607+0000] {processor.py:153} INFO - Started process (PID=7275) to work on /media/prempeh/Nouveau nom/MASTER2/DATA ENGINEERING/airflow/py_env/lib/python3.10/site-packages/airflow/example_dags/example_task_group.py
[2023-01-14T21:00:47.610+0000] {processor.py:743} INFO - Processing file /media/prempeh/Nouveau nom/MASTER2/DATA ENGINEERING/airflow/py_env/lib/python3.10/site-packages/airflow/example_dags/example_task_group.py for tasks to queue
[2023-01-14T21:00:47.618+0000] {logging_mixin.py:137} INFO - [2023-01-14T21:00:47.617+0000] {dagbag.py:538} INFO - Filling up the DagBag from /media/prempeh/Nouveau nom/MASTER2/DATA ENGINEERING/airflow/py_env/lib/python3.10/site-packages/airflow/example_dags/example_task_group.py
[2023-01-14T21:00:47.744+0000] {processor.py:753} INFO - DAG(s) dict_keys(['example_task_group']) retrieved from /media/prempeh/Nouveau nom/MASTER2/DATA ENGINEERING/airflow/py_env/lib/python3.10/site-packages/airflow/example_dags/example_task_group.py
[2023-01-14T21:00:47.860+0000] {logging_mixin.py:137} INFO - [2023-01-14T21:00:47.860+0000] {dag.py:2676} INFO - Sync 1 DAGs
[2023-01-14T21:00:47.921+0000] {logging_mixin.py:137} INFO - [2023-01-14T21:00:47.921+0000] {dag.py:3423} INFO - Setting next_dagrun for example_task_group to 2023-01-13T21:00:47.920730+00:00, run_after=2023-01-14T21:00:47.920730+00:00
[2023-01-14T21:00:47.989+0000] {processor.py:175} INFO - Processing /media/prempeh/Nouveau nom/MASTER2/DATA ENGINEERING/airflow/py_env/lib/python3.10/site-packages/airflow/example_dags/example_task_group.py took 0.392 seconds
[2023-01-14T21:01:42.321+0000] {processor.py:153} INFO - Started process (PID=7321) to work on /media/prempeh/Nouveau nom/MASTER2/DATA ENGINEERING/airflow/py_env/lib/python3.10/site-packages/airflow/example_dags/example_task_group.py
[2023-01-14T21:01:42.325+0000] {processor.py:743} INFO - Processing file /media/prempeh/Nouveau nom/MASTER2/DATA ENGINEERING/airflow/py_env/lib/python3.10/site-packages/airflow/example_dags/example_task_group.py for tasks to queue
[2023-01-14T21:01:42.330+0000] {logging_mixin.py:137} INFO - [2023-01-14T21:01:42.330+0000] {dagbag.py:538} INFO - Filling up the DagBag from /media/prempeh/Nouveau nom/MASTER2/DATA ENGINEERING/airflow/py_env/lib/python3.10/site-packages/airflow/example_dags/example_task_group.py
[2023-01-14T21:01:42.458+0000] {processor.py:753} INFO - DAG(s) dict_keys(['example_task_group']) retrieved from /media/prempeh/Nouveau nom/MASTER2/DATA ENGINEERING/airflow/py_env/lib/python3.10/site-packages/airflow/example_dags/example_task_group.py
[2023-01-14T21:01:42.609+0000] {logging_mixin.py:137} INFO - [2023-01-14T21:01:42.608+0000] {dag.py:2676} INFO - Sync 1 DAGs
[2023-01-14T21:01:42.674+0000] {logging_mixin.py:137} INFO - [2023-01-14T21:01:42.673+0000] {dag.py:3423} INFO - Setting next_dagrun for example_task_group to 2023-01-13T21:01:42.672810+00:00, run_after=2023-01-14T21:01:42.672810+00:00
[2023-01-14T21:01:42.779+0000] {processor.py:175} INFO - Processing /media/prempeh/Nouveau nom/MASTER2/DATA ENGINEERING/airflow/py_env/lib/python3.10/site-packages/airflow/example_dags/example_task_group.py took 0.468 seconds
[2023-01-14T21:02:35.488+0000] {processor.py:153} INFO - Started process (PID=7387) to work on /media/prempeh/Nouveau nom/MASTER2/DATA ENGINEERING/airflow/py_env/lib/python3.10/site-packages/airflow/example_dags/example_task_group.py
[2023-01-14T21:02:35.491+0000] {processor.py:743} INFO - Processing file /media/prempeh/Nouveau nom/MASTER2/DATA ENGINEERING/airflow/py_env/lib/python3.10/site-packages/airflow/example_dags/example_task_group.py for tasks to queue
[2023-01-14T21:02:35.495+0000] {logging_mixin.py:137} INFO - [2023-01-14T21:02:35.495+0000] {dagbag.py:538} INFO - Filling up the DagBag from /media/prempeh/Nouveau nom/MASTER2/DATA ENGINEERING/airflow/py_env/lib/python3.10/site-packages/airflow/example_dags/example_task_group.py
[2023-01-14T21:02:35.622+0000] {processor.py:753} INFO - DAG(s) dict_keys(['example_task_group']) retrieved from /media/prempeh/Nouveau nom/MASTER2/DATA ENGINEERING/airflow/py_env/lib/python3.10/site-packages/airflow/example_dags/example_task_group.py
[2023-01-14T21:02:35.755+0000] {logging_mixin.py:137} INFO - [2023-01-14T21:02:35.755+0000] {dag.py:2676} INFO - Sync 1 DAGs
[2023-01-14T21:02:35.818+0000] {logging_mixin.py:137} INFO - [2023-01-14T21:02:35.817+0000] {dag.py:3423} INFO - Setting next_dagrun for example_task_group to 2023-01-13T21:02:35.817264+00:00, run_after=2023-01-14T21:02:35.817264+00:00
[2023-01-14T21:02:35.893+0000] {processor.py:175} INFO - Processing /media/prempeh/Nouveau nom/MASTER2/DATA ENGINEERING/airflow/py_env/lib/python3.10/site-packages/airflow/example_dags/example_task_group.py took 0.415 seconds
[2023-01-14T21:03:25.016+0000] {processor.py:153} INFO - Started process (PID=7430) to work on /media/prempeh/Nouveau nom/MASTER2/DATA ENGINEERING/airflow/py_env/lib/python3.10/site-packages/airflow/example_dags/example_task_group.py
[2023-01-14T21:03:25.019+0000] {processor.py:743} INFO - Processing file /media/prempeh/Nouveau nom/MASTER2/DATA ENGINEERING/airflow/py_env/lib/python3.10/site-packages/airflow/example_dags/example_task_group.py for tasks to queue
[2023-01-14T21:03:25.023+0000] {logging_mixin.py:137} INFO - [2023-01-14T21:03:25.022+0000] {dagbag.py:538} INFO - Filling up the DagBag from /media/prempeh/Nouveau nom/MASTER2/DATA ENGINEERING/airflow/py_env/lib/python3.10/site-packages/airflow/example_dags/example_task_group.py
[2023-01-14T21:03:25.164+0000] {processor.py:753} INFO - DAG(s) dict_keys(['example_task_group']) retrieved from /media/prempeh/Nouveau nom/MASTER2/DATA ENGINEERING/airflow/py_env/lib/python3.10/site-packages/airflow/example_dags/example_task_group.py
[2023-01-14T21:03:25.299+0000] {logging_mixin.py:137} INFO - [2023-01-14T21:03:25.298+0000] {dag.py:2676} INFO - Sync 1 DAGs
[2023-01-14T21:03:25.363+0000] {logging_mixin.py:137} INFO - [2023-01-14T21:03:25.363+0000] {dag.py:3423} INFO - Setting next_dagrun for example_task_group to 2023-01-13T21:03:25.362728+00:00, run_after=2023-01-14T21:03:25.362728+00:00
[2023-01-14T21:03:25.436+0000] {processor.py:175} INFO - Processing /media/prempeh/Nouveau nom/MASTER2/DATA ENGINEERING/airflow/py_env/lib/python3.10/site-packages/airflow/example_dags/example_task_group.py took 0.428 seconds
[2023-01-14T21:04:31.214+0000] {processor.py:153} INFO - Started process (PID=7499) to work on /media/prempeh/Nouveau nom/MASTER2/DATA ENGINEERING/airflow/py_env/lib/python3.10/site-packages/airflow/example_dags/example_task_group.py
[2023-01-14T21:04:31.217+0000] {processor.py:743} INFO - Processing file /media/prempeh/Nouveau nom/MASTER2/DATA ENGINEERING/airflow/py_env/lib/python3.10/site-packages/airflow/example_dags/example_task_group.py for tasks to queue
[2023-01-14T21:04:31.221+0000] {logging_mixin.py:137} INFO - [2023-01-14T21:04:31.221+0000] {dagbag.py:538} INFO - Filling up the DagBag from /media/prempeh/Nouveau nom/MASTER2/DATA ENGINEERING/airflow/py_env/lib/python3.10/site-packages/airflow/example_dags/example_task_group.py
[2023-01-14T21:04:31.355+0000] {processor.py:753} INFO - DAG(s) dict_keys(['example_task_group']) retrieved from /media/prempeh/Nouveau nom/MASTER2/DATA ENGINEERING/airflow/py_env/lib/python3.10/site-packages/airflow/example_dags/example_task_group.py
[2023-01-14T21:04:31.502+0000] {logging_mixin.py:137} INFO - [2023-01-14T21:04:31.501+0000] {dag.py:2676} INFO - Sync 1 DAGs
[2023-01-14T21:04:31.561+0000] {logging_mixin.py:137} INFO - [2023-01-14T21:04:31.560+0000] {dag.py:3423} INFO - Setting next_dagrun for example_task_group to 2023-01-13T21:04:31.559849+00:00, run_after=2023-01-14T21:04:31.559849+00:00
[2023-01-14T21:04:31.635+0000] {processor.py:175} INFO - Processing /media/prempeh/Nouveau nom/MASTER2/DATA ENGINEERING/airflow/py_env/lib/python3.10/site-packages/airflow/example_dags/example_task_group.py took 0.431 seconds
[2023-01-14T21:05:28.589+0000] {processor.py:153} INFO - Started process (PID=7549) to work on /media/prempeh/Nouveau nom/MASTER2/DATA ENGINEERING/airflow/py_env/lib/python3.10/site-packages/airflow/example_dags/example_task_group.py
[2023-01-14T21:05:28.592+0000] {processor.py:743} INFO - Processing file /media/prempeh/Nouveau nom/MASTER2/DATA ENGINEERING/airflow/py_env/lib/python3.10/site-packages/airflow/example_dags/example_task_group.py for tasks to queue
[2023-01-14T21:05:28.597+0000] {logging_mixin.py:137} INFO - [2023-01-14T21:05:28.596+0000] {dagbag.py:538} INFO - Filling up the DagBag from /media/prempeh/Nouveau nom/MASTER2/DATA ENGINEERING/airflow/py_env/lib/python3.10/site-packages/airflow/example_dags/example_task_group.py
[2023-01-14T21:05:28.750+0000] {processor.py:753} INFO - DAG(s) dict_keys(['example_task_group']) retrieved from /media/prempeh/Nouveau nom/MASTER2/DATA ENGINEERING/airflow/py_env/lib/python3.10/site-packages/airflow/example_dags/example_task_group.py
[2023-01-14T21:05:28.891+0000] {logging_mixin.py:137} INFO - [2023-01-14T21:05:28.890+0000] {dag.py:2676} INFO - Sync 1 DAGs
[2023-01-14T21:05:28.957+0000] {logging_mixin.py:137} INFO - [2023-01-14T21:05:28.957+0000] {dag.py:3423} INFO - Setting next_dagrun for example_task_group to 2023-01-13T21:05:28.956581+00:00, run_after=2023-01-14T21:05:28.956581+00:00
[2023-01-14T21:05:29.052+0000] {processor.py:175} INFO - Processing /media/prempeh/Nouveau nom/MASTER2/DATA ENGINEERING/airflow/py_env/lib/python3.10/site-packages/airflow/example_dags/example_task_group.py took 0.473 seconds
[2023-01-14T21:06:35.708+0000] {processor.py:153} INFO - Started process (PID=7739) to work on /media/prempeh/Nouveau nom/MASTER2/DATA ENGINEERING/airflow/py_env/lib/python3.10/site-packages/airflow/example_dags/example_task_group.py
[2023-01-14T21:06:35.712+0000] {processor.py:743} INFO - Processing file /media/prempeh/Nouveau nom/MASTER2/DATA ENGINEERING/airflow/py_env/lib/python3.10/site-packages/airflow/example_dags/example_task_group.py for tasks to queue
[2023-01-14T21:06:35.725+0000] {logging_mixin.py:137} INFO - [2023-01-14T21:06:35.724+0000] {dagbag.py:538} INFO - Filling up the DagBag from /media/prempeh/Nouveau nom/MASTER2/DATA ENGINEERING/airflow/py_env/lib/python3.10/site-packages/airflow/example_dags/example_task_group.py
[2023-01-14T21:06:35.974+0000] {processor.py:753} INFO - DAG(s) dict_keys(['example_task_group']) retrieved from /media/prempeh/Nouveau nom/MASTER2/DATA ENGINEERING/airflow/py_env/lib/python3.10/site-packages/airflow/example_dags/example_task_group.py
[2023-01-14T21:06:36.225+0000] {logging_mixin.py:137} INFO - [2023-01-14T21:06:36.224+0000] {dag.py:2676} INFO - Sync 1 DAGs
[2023-01-14T21:06:36.324+0000] {logging_mixin.py:137} INFO - [2023-01-14T21:06:36.323+0000] {dag.py:3423} INFO - Setting next_dagrun for example_task_group to 2023-01-13T21:06:36.322344+00:00, run_after=2023-01-14T21:06:36.322344+00:00
[2023-01-14T21:06:36.455+0000] {processor.py:175} INFO - Processing /media/prempeh/Nouveau nom/MASTER2/DATA ENGINEERING/airflow/py_env/lib/python3.10/site-packages/airflow/example_dags/example_task_group.py took 0.762 seconds
[2023-01-14T21:08:10.160+0000] {processor.py:153} INFO - Started process (PID=8038) to work on /media/prempeh/Nouveau nom/MASTER2/DATA ENGINEERING/airflow/py_env/lib/python3.10/site-packages/airflow/example_dags/example_task_group.py
[2023-01-14T21:08:10.163+0000] {processor.py:743} INFO - Processing file /media/prempeh/Nouveau nom/MASTER2/DATA ENGINEERING/airflow/py_env/lib/python3.10/site-packages/airflow/example_dags/example_task_group.py for tasks to queue
[2023-01-14T21:08:10.169+0000] {logging_mixin.py:137} INFO - [2023-01-14T21:08:10.168+0000] {dagbag.py:538} INFO - Filling up the DagBag from /media/prempeh/Nouveau nom/MASTER2/DATA ENGINEERING/airflow/py_env/lib/python3.10/site-packages/airflow/example_dags/example_task_group.py
[2023-01-14T21:08:10.274+0000] {processor.py:753} INFO - DAG(s) dict_keys(['example_task_group']) retrieved from /media/prempeh/Nouveau nom/MASTER2/DATA ENGINEERING/airflow/py_env/lib/python3.10/site-packages/airflow/example_dags/example_task_group.py
[2023-01-14T21:08:10.387+0000] {logging_mixin.py:137} INFO - [2023-01-14T21:08:10.387+0000] {dag.py:2676} INFO - Sync 1 DAGs
[2023-01-14T21:08:10.442+0000] {logging_mixin.py:137} INFO - [2023-01-14T21:08:10.442+0000] {dag.py:3423} INFO - Setting next_dagrun for example_task_group to 2023-01-13T21:08:10.441794+00:00, run_after=2023-01-14T21:08:10.441794+00:00
[2023-01-14T21:08:10.507+0000] {processor.py:175} INFO - Processing /media/prempeh/Nouveau nom/MASTER2/DATA ENGINEERING/airflow/py_env/lib/python3.10/site-packages/airflow/example_dags/example_task_group.py took 0.355 seconds
[2023-01-14T21:09:11.142+0000] {processor.py:153} INFO - Started process (PID=8099) to work on /media/prempeh/Nouveau nom/MASTER2/DATA ENGINEERING/airflow/py_env/lib/python3.10/site-packages/airflow/example_dags/example_task_group.py
[2023-01-14T21:09:11.145+0000] {processor.py:743} INFO - Processing file /media/prempeh/Nouveau nom/MASTER2/DATA ENGINEERING/airflow/py_env/lib/python3.10/site-packages/airflow/example_dags/example_task_group.py for tasks to queue
[2023-01-14T21:09:11.149+0000] {logging_mixin.py:137} INFO - [2023-01-14T21:09:11.149+0000] {dagbag.py:538} INFO - Filling up the DagBag from /media/prempeh/Nouveau nom/MASTER2/DATA ENGINEERING/airflow/py_env/lib/python3.10/site-packages/airflow/example_dags/example_task_group.py
[2023-01-14T21:09:11.276+0000] {processor.py:753} INFO - DAG(s) dict_keys(['example_task_group']) retrieved from /media/prempeh/Nouveau nom/MASTER2/DATA ENGINEERING/airflow/py_env/lib/python3.10/site-packages/airflow/example_dags/example_task_group.py
[2023-01-14T21:09:11.402+0000] {logging_mixin.py:137} INFO - [2023-01-14T21:09:11.402+0000] {dag.py:2676} INFO - Sync 1 DAGs
[2023-01-14T21:09:11.463+0000] {logging_mixin.py:137} INFO - [2023-01-14T21:09:11.462+0000] {dag.py:3423} INFO - Setting next_dagrun for example_task_group to 2023-01-13T21:09:11.461516+00:00, run_after=2023-01-14T21:09:11.461516+00:00
[2023-01-14T21:09:11.543+0000] {processor.py:175} INFO - Processing /media/prempeh/Nouveau nom/MASTER2/DATA ENGINEERING/airflow/py_env/lib/python3.10/site-packages/airflow/example_dags/example_task_group.py took 0.410 seconds
[2023-01-14T21:10:11.366+0000] {processor.py:153} INFO - Started process (PID=8145) to work on /media/prempeh/Nouveau nom/MASTER2/DATA ENGINEERING/airflow/py_env/lib/python3.10/site-packages/airflow/example_dags/example_task_group.py
[2023-01-14T21:10:11.368+0000] {processor.py:743} INFO - Processing file /media/prempeh/Nouveau nom/MASTER2/DATA ENGINEERING/airflow/py_env/lib/python3.10/site-packages/airflow/example_dags/example_task_group.py for tasks to queue
[2023-01-14T21:10:11.372+0000] {logging_mixin.py:137} INFO - [2023-01-14T21:10:11.372+0000] {dagbag.py:538} INFO - Filling up the DagBag from /media/prempeh/Nouveau nom/MASTER2/DATA ENGINEERING/airflow/py_env/lib/python3.10/site-packages/airflow/example_dags/example_task_group.py
[2023-01-14T21:10:11.518+0000] {processor.py:753} INFO - DAG(s) dict_keys(['example_task_group']) retrieved from /media/prempeh/Nouveau nom/MASTER2/DATA ENGINEERING/airflow/py_env/lib/python3.10/site-packages/airflow/example_dags/example_task_group.py
[2023-01-14T21:10:11.658+0000] {logging_mixin.py:137} INFO - [2023-01-14T21:10:11.657+0000] {dag.py:2676} INFO - Sync 1 DAGs
[2023-01-14T21:10:11.725+0000] {logging_mixin.py:137} INFO - [2023-01-14T21:10:11.724+0000] {dag.py:3423} INFO - Setting next_dagrun for example_task_group to 2023-01-13T21:10:11.724240+00:00, run_after=2023-01-14T21:10:11.724240+00:00
[2023-01-14T21:10:11.794+0000] {processor.py:175} INFO - Processing /media/prempeh/Nouveau nom/MASTER2/DATA ENGINEERING/airflow/py_env/lib/python3.10/site-packages/airflow/example_dags/example_task_group.py took 0.439 seconds
[2023-01-14T21:11:12.700+0000] {processor.py:153} INFO - Started process (PID=8194) to work on /media/prempeh/Nouveau nom/MASTER2/DATA ENGINEERING/airflow/py_env/lib/python3.10/site-packages/airflow/example_dags/example_task_group.py
[2023-01-14T21:11:12.704+0000] {processor.py:743} INFO - Processing file /media/prempeh/Nouveau nom/MASTER2/DATA ENGINEERING/airflow/py_env/lib/python3.10/site-packages/airflow/example_dags/example_task_group.py for tasks to queue
[2023-01-14T21:11:12.712+0000] {logging_mixin.py:137} INFO - [2023-01-14T21:11:12.712+0000] {dagbag.py:538} INFO - Filling up the DagBag from /media/prempeh/Nouveau nom/MASTER2/DATA ENGINEERING/airflow/py_env/lib/python3.10/site-packages/airflow/example_dags/example_task_group.py
[2023-01-14T21:11:12.888+0000] {processor.py:753} INFO - DAG(s) dict_keys(['example_task_group']) retrieved from /media/prempeh/Nouveau nom/MASTER2/DATA ENGINEERING/airflow/py_env/lib/python3.10/site-packages/airflow/example_dags/example_task_group.py
[2023-01-14T21:11:13.035+0000] {logging_mixin.py:137} INFO - [2023-01-14T21:11:13.034+0000] {dag.py:2676} INFO - Sync 1 DAGs
[2023-01-14T21:11:13.107+0000] {logging_mixin.py:137} INFO - [2023-01-14T21:11:13.107+0000] {dag.py:3423} INFO - Setting next_dagrun for example_task_group to 2023-01-13T21:11:13.106725+00:00, run_after=2023-01-14T21:11:13.106725+00:00
[2023-01-14T21:11:13.181+0000] {processor.py:175} INFO - Processing /media/prempeh/Nouveau nom/MASTER2/DATA ENGINEERING/airflow/py_env/lib/python3.10/site-packages/airflow/example_dags/example_task_group.py took 0.491 seconds
[2023-01-14T21:12:23.876+0000] {processor.py:153} INFO - Started process (PID=8241) to work on /media/prempeh/Nouveau nom/MASTER2/DATA ENGINEERING/airflow/py_env/lib/python3.10/site-packages/airflow/example_dags/example_task_group.py
[2023-01-14T21:12:23.879+0000] {processor.py:743} INFO - Processing file /media/prempeh/Nouveau nom/MASTER2/DATA ENGINEERING/airflow/py_env/lib/python3.10/site-packages/airflow/example_dags/example_task_group.py for tasks to queue
[2023-01-14T21:12:23.887+0000] {logging_mixin.py:137} INFO - [2023-01-14T21:12:23.887+0000] {dagbag.py:538} INFO - Filling up the DagBag from /media/prempeh/Nouveau nom/MASTER2/DATA ENGINEERING/airflow/py_env/lib/python3.10/site-packages/airflow/example_dags/example_task_group.py
[2023-01-14T21:12:24.024+0000] {processor.py:753} INFO - DAG(s) dict_keys(['example_task_group']) retrieved from /media/prempeh/Nouveau nom/MASTER2/DATA ENGINEERING/airflow/py_env/lib/python3.10/site-packages/airflow/example_dags/example_task_group.py
[2023-01-14T21:12:24.163+0000] {logging_mixin.py:137} INFO - [2023-01-14T21:12:24.162+0000] {dag.py:2676} INFO - Sync 1 DAGs
[2023-01-14T21:12:24.229+0000] {logging_mixin.py:137} INFO - [2023-01-14T21:12:24.228+0000] {dag.py:3423} INFO - Setting next_dagrun for example_task_group to 2023-01-13T21:12:24.227957+00:00, run_after=2023-01-14T21:12:24.227957+00:00
[2023-01-14T21:12:24.301+0000] {processor.py:175} INFO - Processing /media/prempeh/Nouveau nom/MASTER2/DATA ENGINEERING/airflow/py_env/lib/python3.10/site-packages/airflow/example_dags/example_task_group.py took 0.433 seconds
[2023-01-14T21:13:39.185+0000] {processor.py:153} INFO - Started process (PID=8294) to work on /media/prempeh/Nouveau nom/MASTER2/DATA ENGINEERING/airflow/py_env/lib/python3.10/site-packages/airflow/example_dags/example_task_group.py
[2023-01-14T21:13:39.188+0000] {processor.py:743} INFO - Processing file /media/prempeh/Nouveau nom/MASTER2/DATA ENGINEERING/airflow/py_env/lib/python3.10/site-packages/airflow/example_dags/example_task_group.py for tasks to queue
[2023-01-14T21:13:39.193+0000] {logging_mixin.py:137} INFO - [2023-01-14T21:13:39.192+0000] {dagbag.py:538} INFO - Filling up the DagBag from /media/prempeh/Nouveau nom/MASTER2/DATA ENGINEERING/airflow/py_env/lib/python3.10/site-packages/airflow/example_dags/example_task_group.py
[2023-01-14T21:13:39.322+0000] {processor.py:753} INFO - DAG(s) dict_keys(['example_task_group']) retrieved from /media/prempeh/Nouveau nom/MASTER2/DATA ENGINEERING/airflow/py_env/lib/python3.10/site-packages/airflow/example_dags/example_task_group.py
[2023-01-14T21:13:39.455+0000] {logging_mixin.py:137} INFO - [2023-01-14T21:13:39.454+0000] {dag.py:2676} INFO - Sync 1 DAGs
[2023-01-14T21:13:39.516+0000] {logging_mixin.py:137} INFO - [2023-01-14T21:13:39.515+0000] {dag.py:3423} INFO - Setting next_dagrun for example_task_group to 2023-01-13T21:13:39.515016+00:00, run_after=2023-01-14T21:13:39.515016+00:00
[2023-01-14T21:13:39.584+0000] {processor.py:175} INFO - Processing /media/prempeh/Nouveau nom/MASTER2/DATA ENGINEERING/airflow/py_env/lib/python3.10/site-packages/airflow/example_dags/example_task_group.py took 0.410 seconds
[2023-01-14T21:14:45.368+0000] {processor.py:153} INFO - Started process (PID=8365) to work on /media/prempeh/Nouveau nom/MASTER2/DATA ENGINEERING/airflow/py_env/lib/python3.10/site-packages/airflow/example_dags/example_task_group.py
[2023-01-14T21:14:45.371+0000] {processor.py:743} INFO - Processing file /media/prempeh/Nouveau nom/MASTER2/DATA ENGINEERING/airflow/py_env/lib/python3.10/site-packages/airflow/example_dags/example_task_group.py for tasks to queue
[2023-01-14T21:14:45.377+0000] {logging_mixin.py:137} INFO - [2023-01-14T21:14:45.376+0000] {dagbag.py:538} INFO - Filling up the DagBag from /media/prempeh/Nouveau nom/MASTER2/DATA ENGINEERING/airflow/py_env/lib/python3.10/site-packages/airflow/example_dags/example_task_group.py
[2023-01-14T21:14:45.526+0000] {processor.py:753} INFO - DAG(s) dict_keys(['example_task_group']) retrieved from /media/prempeh/Nouveau nom/MASTER2/DATA ENGINEERING/airflow/py_env/lib/python3.10/site-packages/airflow/example_dags/example_task_group.py
[2023-01-14T21:14:45.643+0000] {logging_mixin.py:137} INFO - [2023-01-14T21:14:45.642+0000] {dag.py:2676} INFO - Sync 1 DAGs
[2023-01-14T21:14:45.703+0000] {logging_mixin.py:137} INFO - [2023-01-14T21:14:45.703+0000] {dag.py:3423} INFO - Setting next_dagrun for example_task_group to 2023-01-13T21:14:45.702498+00:00, run_after=2023-01-14T21:14:45.702498+00:00
[2023-01-14T21:14:45.778+0000] {processor.py:175} INFO - Processing /media/prempeh/Nouveau nom/MASTER2/DATA ENGINEERING/airflow/py_env/lib/python3.10/site-packages/airflow/example_dags/example_task_group.py took 0.421 seconds
[2023-01-14T21:15:56.997+0000] {processor.py:153} INFO - Started process (PID=8907) to work on /media/prempeh/Nouveau nom/MASTER2/DATA ENGINEERING/airflow/py_env/lib/python3.10/site-packages/airflow/example_dags/example_task_group.py
[2023-01-14T21:15:57.001+0000] {processor.py:743} INFO - Processing file /media/prempeh/Nouveau nom/MASTER2/DATA ENGINEERING/airflow/py_env/lib/python3.10/site-packages/airflow/example_dags/example_task_group.py for tasks to queue
[2023-01-14T21:15:57.006+0000] {logging_mixin.py:137} INFO - [2023-01-14T21:15:57.005+0000] {dagbag.py:538} INFO - Filling up the DagBag from /media/prempeh/Nouveau nom/MASTER2/DATA ENGINEERING/airflow/py_env/lib/python3.10/site-packages/airflow/example_dags/example_task_group.py
[2023-01-14T21:15:57.189+0000] {processor.py:753} INFO - DAG(s) dict_keys(['example_task_group']) retrieved from /media/prempeh/Nouveau nom/MASTER2/DATA ENGINEERING/airflow/py_env/lib/python3.10/site-packages/airflow/example_dags/example_task_group.py
[2023-01-14T21:15:57.374+0000] {logging_mixin.py:137} INFO - [2023-01-14T21:15:57.373+0000] {dag.py:2676} INFO - Sync 1 DAGs
[2023-01-14T21:15:57.456+0000] {logging_mixin.py:137} INFO - [2023-01-14T21:15:57.456+0000] {dag.py:3423} INFO - Setting next_dagrun for example_task_group to 2023-01-13T21:15:57.455123+00:00, run_after=2023-01-14T21:15:57.455123+00:00
[2023-01-14T21:15:57.558+0000] {processor.py:175} INFO - Processing /media/prempeh/Nouveau nom/MASTER2/DATA ENGINEERING/airflow/py_env/lib/python3.10/site-packages/airflow/example_dags/example_task_group.py took 0.574 seconds
[2023-01-14T21:17:10.972+0000] {processor.py:153} INFO - Started process (PID=9144) to work on /media/prempeh/Nouveau nom/MASTER2/DATA ENGINEERING/airflow/py_env/lib/python3.10/site-packages/airflow/example_dags/example_task_group.py
[2023-01-14T21:17:10.975+0000] {processor.py:743} INFO - Processing file /media/prempeh/Nouveau nom/MASTER2/DATA ENGINEERING/airflow/py_env/lib/python3.10/site-packages/airflow/example_dags/example_task_group.py for tasks to queue
[2023-01-14T21:17:10.979+0000] {logging_mixin.py:137} INFO - [2023-01-14T21:17:10.979+0000] {dagbag.py:538} INFO - Filling up the DagBag from /media/prempeh/Nouveau nom/MASTER2/DATA ENGINEERING/airflow/py_env/lib/python3.10/site-packages/airflow/example_dags/example_task_group.py
[2023-01-14T21:17:11.125+0000] {processor.py:753} INFO - DAG(s) dict_keys(['example_task_group']) retrieved from /media/prempeh/Nouveau nom/MASTER2/DATA ENGINEERING/airflow/py_env/lib/python3.10/site-packages/airflow/example_dags/example_task_group.py
[2023-01-14T21:17:11.272+0000] {logging_mixin.py:137} INFO - [2023-01-14T21:17:11.272+0000] {dag.py:2676} INFO - Sync 1 DAGs
[2023-01-14T21:17:11.346+0000] {logging_mixin.py:137} INFO - [2023-01-14T21:17:11.345+0000] {dag.py:3423} INFO - Setting next_dagrun for example_task_group to 2023-01-13T21:17:11.344942+00:00, run_after=2023-01-14T21:17:11.344942+00:00
[2023-01-14T21:17:11.427+0000] {processor.py:175} INFO - Processing /media/prempeh/Nouveau nom/MASTER2/DATA ENGINEERING/airflow/py_env/lib/python3.10/site-packages/airflow/example_dags/example_task_group.py took 0.467 seconds
[2023-01-14T21:18:19.807+0000] {processor.py:153} INFO - Started process (PID=9266) to work on /media/prempeh/Nouveau nom/MASTER2/DATA ENGINEERING/airflow/py_env/lib/python3.10/site-packages/airflow/example_dags/example_task_group.py
[2023-01-14T21:18:19.809+0000] {processor.py:743} INFO - Processing file /media/prempeh/Nouveau nom/MASTER2/DATA ENGINEERING/airflow/py_env/lib/python3.10/site-packages/airflow/example_dags/example_task_group.py for tasks to queue
[2023-01-14T21:18:19.813+0000] {logging_mixin.py:137} INFO - [2023-01-14T21:18:19.813+0000] {dagbag.py:538} INFO - Filling up the DagBag from /media/prempeh/Nouveau nom/MASTER2/DATA ENGINEERING/airflow/py_env/lib/python3.10/site-packages/airflow/example_dags/example_task_group.py
[2023-01-14T21:18:19.946+0000] {processor.py:753} INFO - DAG(s) dict_keys(['example_task_group']) retrieved from /media/prempeh/Nouveau nom/MASTER2/DATA ENGINEERING/airflow/py_env/lib/python3.10/site-packages/airflow/example_dags/example_task_group.py
[2023-01-14T21:18:20.076+0000] {logging_mixin.py:137} INFO - [2023-01-14T21:18:20.075+0000] {dag.py:2676} INFO - Sync 1 DAGs
[2023-01-14T21:18:20.144+0000] {logging_mixin.py:137} INFO - [2023-01-14T21:18:20.143+0000] {dag.py:3423} INFO - Setting next_dagrun for example_task_group to 2023-01-13T21:18:20.143070+00:00, run_after=2023-01-14T21:18:20.143070+00:00
[2023-01-14T21:18:20.216+0000] {processor.py:175} INFO - Processing /media/prempeh/Nouveau nom/MASTER2/DATA ENGINEERING/airflow/py_env/lib/python3.10/site-packages/airflow/example_dags/example_task_group.py took 0.421 seconds
[2023-01-14T21:19:36.590+0000] {processor.py:153} INFO - Started process (PID=9601) to work on /media/prempeh/Nouveau nom/MASTER2/DATA ENGINEERING/airflow/py_env/lib/python3.10/site-packages/airflow/example_dags/example_task_group.py
[2023-01-14T21:19:36.594+0000] {processor.py:743} INFO - Processing file /media/prempeh/Nouveau nom/MASTER2/DATA ENGINEERING/airflow/py_env/lib/python3.10/site-packages/airflow/example_dags/example_task_group.py for tasks to queue
[2023-01-14T21:19:36.601+0000] {logging_mixin.py:137} INFO - [2023-01-14T21:19:36.600+0000] {dagbag.py:538} INFO - Filling up the DagBag from /media/prempeh/Nouveau nom/MASTER2/DATA ENGINEERING/airflow/py_env/lib/python3.10/site-packages/airflow/example_dags/example_task_group.py
[2023-01-14T21:19:36.920+0000] {processor.py:753} INFO - DAG(s) dict_keys(['example_task_group']) retrieved from /media/prempeh/Nouveau nom/MASTER2/DATA ENGINEERING/airflow/py_env/lib/python3.10/site-packages/airflow/example_dags/example_task_group.py
[2023-01-14T21:19:37.095+0000] {logging_mixin.py:137} INFO - [2023-01-14T21:19:37.095+0000] {dag.py:2676} INFO - Sync 1 DAGs
[2023-01-14T21:19:37.216+0000] {logging_mixin.py:137} INFO - [2023-01-14T21:19:37.215+0000] {dag.py:3423} INFO - Setting next_dagrun for example_task_group to 2023-01-13T21:19:37.214395+00:00, run_after=2023-01-14T21:19:37.214395+00:00
[2023-01-14T21:19:37.360+0000] {processor.py:175} INFO - Processing /media/prempeh/Nouveau nom/MASTER2/DATA ENGINEERING/airflow/py_env/lib/python3.10/site-packages/airflow/example_dags/example_task_group.py took 0.786 seconds
[2023-01-14T21:20:45.531+0000] {processor.py:153} INFO - Started process (PID=9803) to work on /media/prempeh/Nouveau nom/MASTER2/DATA ENGINEERING/airflow/py_env/lib/python3.10/site-packages/airflow/example_dags/example_task_group.py
[2023-01-14T21:20:45.534+0000] {processor.py:743} INFO - Processing file /media/prempeh/Nouveau nom/MASTER2/DATA ENGINEERING/airflow/py_env/lib/python3.10/site-packages/airflow/example_dags/example_task_group.py for tasks to queue
[2023-01-14T21:20:45.541+0000] {logging_mixin.py:137} INFO - [2023-01-14T21:20:45.540+0000] {dagbag.py:538} INFO - Filling up the DagBag from /media/prempeh/Nouveau nom/MASTER2/DATA ENGINEERING/airflow/py_env/lib/python3.10/site-packages/airflow/example_dags/example_task_group.py
[2023-01-14T21:20:45.717+0000] {processor.py:753} INFO - DAG(s) dict_keys(['example_task_group']) retrieved from /media/prempeh/Nouveau nom/MASTER2/DATA ENGINEERING/airflow/py_env/lib/python3.10/site-packages/airflow/example_dags/example_task_group.py
[2023-01-14T21:20:45.922+0000] {logging_mixin.py:137} INFO - [2023-01-14T21:20:45.921+0000] {dag.py:2676} INFO - Sync 1 DAGs
[2023-01-14T21:20:45.993+0000] {logging_mixin.py:137} INFO - [2023-01-14T21:20:45.992+0000] {dag.py:3423} INFO - Setting next_dagrun for example_task_group to 2023-01-13T21:20:45.991295+00:00, run_after=2023-01-14T21:20:45.991295+00:00
[2023-01-14T21:20:46.067+0000] {processor.py:175} INFO - Processing /media/prempeh/Nouveau nom/MASTER2/DATA ENGINEERING/airflow/py_env/lib/python3.10/site-packages/airflow/example_dags/example_task_group.py took 0.547 seconds
[2023-01-14T21:21:54.049+0000] {processor.py:153} INFO - Started process (PID=9917) to work on /media/prempeh/Nouveau nom/MASTER2/DATA ENGINEERING/airflow/py_env/lib/python3.10/site-packages/airflow/example_dags/example_task_group.py
[2023-01-14T21:21:54.052+0000] {processor.py:743} INFO - Processing file /media/prempeh/Nouveau nom/MASTER2/DATA ENGINEERING/airflow/py_env/lib/python3.10/site-packages/airflow/example_dags/example_task_group.py for tasks to queue
[2023-01-14T21:21:54.056+0000] {logging_mixin.py:137} INFO - [2023-01-14T21:21:54.056+0000] {dagbag.py:538} INFO - Filling up the DagBag from /media/prempeh/Nouveau nom/MASTER2/DATA ENGINEERING/airflow/py_env/lib/python3.10/site-packages/airflow/example_dags/example_task_group.py
[2023-01-14T21:21:54.192+0000] {processor.py:753} INFO - DAG(s) dict_keys(['example_task_group']) retrieved from /media/prempeh/Nouveau nom/MASTER2/DATA ENGINEERING/airflow/py_env/lib/python3.10/site-packages/airflow/example_dags/example_task_group.py
[2023-01-14T21:21:54.311+0000] {logging_mixin.py:137} INFO - [2023-01-14T21:21:54.311+0000] {dag.py:2676} INFO - Sync 1 DAGs
[2023-01-14T21:21:54.372+0000] {logging_mixin.py:137} INFO - [2023-01-14T21:21:54.371+0000] {dag.py:3423} INFO - Setting next_dagrun for example_task_group to 2023-01-13T21:21:54.370793+00:00, run_after=2023-01-14T21:21:54.370793+00:00
[2023-01-14T21:21:54.449+0000] {processor.py:175} INFO - Processing /media/prempeh/Nouveau nom/MASTER2/DATA ENGINEERING/airflow/py_env/lib/python3.10/site-packages/airflow/example_dags/example_task_group.py took 0.408 seconds
[2023-01-14T21:23:11.272+0000] {processor.py:153} INFO - Started process (PID=10334) to work on /media/prempeh/Nouveau nom/MASTER2/DATA ENGINEERING/airflow/py_env/lib/python3.10/site-packages/airflow/example_dags/example_task_group.py
[2023-01-14T21:23:11.275+0000] {processor.py:743} INFO - Processing file /media/prempeh/Nouveau nom/MASTER2/DATA ENGINEERING/airflow/py_env/lib/python3.10/site-packages/airflow/example_dags/example_task_group.py for tasks to queue
[2023-01-14T21:23:11.279+0000] {logging_mixin.py:137} INFO - [2023-01-14T21:23:11.279+0000] {dagbag.py:538} INFO - Filling up the DagBag from /media/prempeh/Nouveau nom/MASTER2/DATA ENGINEERING/airflow/py_env/lib/python3.10/site-packages/airflow/example_dags/example_task_group.py
[2023-01-14T21:23:11.429+0000] {processor.py:753} INFO - DAG(s) dict_keys(['example_task_group']) retrieved from /media/prempeh/Nouveau nom/MASTER2/DATA ENGINEERING/airflow/py_env/lib/python3.10/site-packages/airflow/example_dags/example_task_group.py
[2023-01-14T21:23:11.582+0000] {logging_mixin.py:137} INFO - [2023-01-14T21:23:11.581+0000] {dag.py:2676} INFO - Sync 1 DAGs
[2023-01-14T21:23:11.646+0000] {logging_mixin.py:137} INFO - [2023-01-14T21:23:11.645+0000] {dag.py:3423} INFO - Setting next_dagrun for example_task_group to 2023-01-13T21:23:11.645002+00:00, run_after=2023-01-14T21:23:11.645002+00:00
[2023-01-14T21:23:11.709+0000] {processor.py:175} INFO - Processing /media/prempeh/Nouveau nom/MASTER2/DATA ENGINEERING/airflow/py_env/lib/python3.10/site-packages/airflow/example_dags/example_task_group.py took 0.446 seconds
[2023-01-14T21:24:16.793+0000] {processor.py:153} INFO - Started process (PID=10378) to work on /media/prempeh/Nouveau nom/MASTER2/DATA ENGINEERING/airflow/py_env/lib/python3.10/site-packages/airflow/example_dags/example_task_group.py
[2023-01-14T21:24:16.796+0000] {processor.py:743} INFO - Processing file /media/prempeh/Nouveau nom/MASTER2/DATA ENGINEERING/airflow/py_env/lib/python3.10/site-packages/airflow/example_dags/example_task_group.py for tasks to queue
[2023-01-14T21:24:16.800+0000] {logging_mixin.py:137} INFO - [2023-01-14T21:24:16.799+0000] {dagbag.py:538} INFO - Filling up the DagBag from /media/prempeh/Nouveau nom/MASTER2/DATA ENGINEERING/airflow/py_env/lib/python3.10/site-packages/airflow/example_dags/example_task_group.py
[2023-01-14T21:24:16.938+0000] {processor.py:753} INFO - DAG(s) dict_keys(['example_task_group']) retrieved from /media/prempeh/Nouveau nom/MASTER2/DATA ENGINEERING/airflow/py_env/lib/python3.10/site-packages/airflow/example_dags/example_task_group.py
[2023-01-14T21:24:17.074+0000] {logging_mixin.py:137} INFO - [2023-01-14T21:24:17.073+0000] {dag.py:2676} INFO - Sync 1 DAGs
[2023-01-14T21:24:17.144+0000] {logging_mixin.py:137} INFO - [2023-01-14T21:24:17.143+0000] {dag.py:3423} INFO - Setting next_dagrun for example_task_group to 2023-01-13T21:24:17.143265+00:00, run_after=2023-01-14T21:24:17.143265+00:00
[2023-01-14T21:24:17.224+0000] {processor.py:175} INFO - Processing /media/prempeh/Nouveau nom/MASTER2/DATA ENGINEERING/airflow/py_env/lib/python3.10/site-packages/airflow/example_dags/example_task_group.py took 0.441 seconds
[2023-01-14T21:25:28.425+0000] {processor.py:153} INFO - Started process (PID=10501) to work on /media/prempeh/Nouveau nom/MASTER2/DATA ENGINEERING/airflow/py_env/lib/python3.10/site-packages/airflow/example_dags/example_task_group.py
[2023-01-14T21:25:28.429+0000] {processor.py:743} INFO - Processing file /media/prempeh/Nouveau nom/MASTER2/DATA ENGINEERING/airflow/py_env/lib/python3.10/site-packages/airflow/example_dags/example_task_group.py for tasks to queue
[2023-01-14T21:25:28.436+0000] {logging_mixin.py:137} INFO - [2023-01-14T21:25:28.435+0000] {dagbag.py:538} INFO - Filling up the DagBag from /media/prempeh/Nouveau nom/MASTER2/DATA ENGINEERING/airflow/py_env/lib/python3.10/site-packages/airflow/example_dags/example_task_group.py
[2023-01-14T21:25:28.604+0000] {processor.py:753} INFO - DAG(s) dict_keys(['example_task_group']) retrieved from /media/prempeh/Nouveau nom/MASTER2/DATA ENGINEERING/airflow/py_env/lib/python3.10/site-packages/airflow/example_dags/example_task_group.py
[2023-01-14T21:25:28.752+0000] {logging_mixin.py:137} INFO - [2023-01-14T21:25:28.752+0000] {dag.py:2676} INFO - Sync 1 DAGs
[2023-01-14T21:25:28.829+0000] {logging_mixin.py:137} INFO - [2023-01-14T21:25:28.828+0000] {dag.py:3423} INFO - Setting next_dagrun for example_task_group to 2023-01-13T21:25:28.827862+00:00, run_after=2023-01-14T21:25:28.827862+00:00
[2023-01-14T21:25:28.917+0000] {processor.py:175} INFO - Processing /media/prempeh/Nouveau nom/MASTER2/DATA ENGINEERING/airflow/py_env/lib/python3.10/site-packages/airflow/example_dags/example_task_group.py took 0.505 seconds
[2023-01-14T21:26:39.628+0000] {processor.py:153} INFO - Started process (PID=10678) to work on /media/prempeh/Nouveau nom/MASTER2/DATA ENGINEERING/airflow/py_env/lib/python3.10/site-packages/airflow/example_dags/example_task_group.py
[2023-01-14T21:26:39.631+0000] {processor.py:743} INFO - Processing file /media/prempeh/Nouveau nom/MASTER2/DATA ENGINEERING/airflow/py_env/lib/python3.10/site-packages/airflow/example_dags/example_task_group.py for tasks to queue
[2023-01-14T21:26:39.635+0000] {logging_mixin.py:137} INFO - [2023-01-14T21:26:39.635+0000] {dagbag.py:538} INFO - Filling up the DagBag from /media/prempeh/Nouveau nom/MASTER2/DATA ENGINEERING/airflow/py_env/lib/python3.10/site-packages/airflow/example_dags/example_task_group.py
[2023-01-14T21:26:39.765+0000] {processor.py:753} INFO - DAG(s) dict_keys(['example_task_group']) retrieved from /media/prempeh/Nouveau nom/MASTER2/DATA ENGINEERING/airflow/py_env/lib/python3.10/site-packages/airflow/example_dags/example_task_group.py
[2023-01-14T21:26:39.885+0000] {logging_mixin.py:137} INFO - [2023-01-14T21:26:39.884+0000] {dag.py:2676} INFO - Sync 1 DAGs
[2023-01-14T21:26:39.949+0000] {logging_mixin.py:137} INFO - [2023-01-14T21:26:39.948+0000] {dag.py:3423} INFO - Setting next_dagrun for example_task_group to 2023-01-13T21:26:39.948007+00:00, run_after=2023-01-14T21:26:39.948007+00:00
[2023-01-14T21:26:40.021+0000] {processor.py:175} INFO - Processing /media/prempeh/Nouveau nom/MASTER2/DATA ENGINEERING/airflow/py_env/lib/python3.10/site-packages/airflow/example_dags/example_task_group.py took 0.401 seconds
