[2023-01-14T20:52:37.293+0000] {processor.py:153} INFO - Started process (PID=6388) to work on /media/prempeh/Nouveau nom/MASTER2/DATA ENGINEERING/airflow/py_env/lib/python3.10/site-packages/airflow/example_dags/tutorial_taskflow_api.py
[2023-01-14T20:52:37.295+0000] {processor.py:743} INFO - Processing file /media/prempeh/Nouveau nom/MASTER2/DATA ENGINEERING/airflow/py_env/lib/python3.10/site-packages/airflow/example_dags/tutorial_taskflow_api.py for tasks to queue
[2023-01-14T20:52:37.301+0000] {logging_mixin.py:137} INFO - [2023-01-14T20:52:37.300+0000] {dagbag.py:538} INFO - Filling up the DagBag from /media/prempeh/Nouveau nom/MASTER2/DATA ENGINEERING/airflow/py_env/lib/python3.10/site-packages/airflow/example_dags/tutorial_taskflow_api.py
[2023-01-14T20:52:37.484+0000] {processor.py:753} INFO - DAG(s) dict_keys(['tutorial_taskflow_api']) retrieved from /media/prempeh/Nouveau nom/MASTER2/DATA ENGINEERING/airflow/py_env/lib/python3.10/site-packages/airflow/example_dags/tutorial_taskflow_api.py
[2023-01-14T20:52:38.169+0000] {logging_mixin.py:137} INFO - [2023-01-14T20:52:38.169+0000] {manager.py:504} INFO - Created Permission View: can edit on DAG:tutorial_taskflow_api
[2023-01-14T20:52:38.201+0000] {logging_mixin.py:137} INFO - [2023-01-14T20:52:38.200+0000] {manager.py:504} INFO - Created Permission View: can delete on DAG:tutorial_taskflow_api
[2023-01-14T20:52:38.234+0000] {logging_mixin.py:137} INFO - [2023-01-14T20:52:38.233+0000] {manager.py:504} INFO - Created Permission View: can read on DAG:tutorial_taskflow_api
[2023-01-14T20:52:38.235+0000] {logging_mixin.py:137} INFO - [2023-01-14T20:52:38.234+0000] {dag.py:2676} INFO - Sync 1 DAGs
[2023-01-14T20:52:38.267+0000] {logging_mixin.py:137} INFO - [2023-01-14T20:52:38.266+0000] {dag.py:2697} INFO - Creating ORM DAG for tutorial_taskflow_api
[2023-01-14T20:52:38.295+0000] {logging_mixin.py:137} INFO - [2023-01-14T20:52:38.294+0000] {dag.py:3423} INFO - Setting next_dagrun for tutorial_taskflow_api to None, run_after=None
[2023-01-14T20:52:38.352+0000] {processor.py:175} INFO - Processing /media/prempeh/Nouveau nom/MASTER2/DATA ENGINEERING/airflow/py_env/lib/python3.10/site-packages/airflow/example_dags/tutorial_taskflow_api.py took 1.067 seconds
[2023-01-14T20:53:55.556+0000] {processor.py:153} INFO - Started process (PID=6705) to work on /media/prempeh/Nouveau nom/MASTER2/DATA ENGINEERING/airflow/py_env/lib/python3.10/site-packages/airflow/example_dags/tutorial_taskflow_api.py
[2023-01-14T20:53:55.559+0000] {processor.py:743} INFO - Processing file /media/prempeh/Nouveau nom/MASTER2/DATA ENGINEERING/airflow/py_env/lib/python3.10/site-packages/airflow/example_dags/tutorial_taskflow_api.py for tasks to queue
[2023-01-14T20:53:55.563+0000] {logging_mixin.py:137} INFO - [2023-01-14T20:53:55.563+0000] {dagbag.py:538} INFO - Filling up the DagBag from /media/prempeh/Nouveau nom/MASTER2/DATA ENGINEERING/airflow/py_env/lib/python3.10/site-packages/airflow/example_dags/tutorial_taskflow_api.py
[2023-01-14T20:53:55.728+0000] {processor.py:753} INFO - DAG(s) dict_keys(['tutorial_taskflow_api']) retrieved from /media/prempeh/Nouveau nom/MASTER2/DATA ENGINEERING/airflow/py_env/lib/python3.10/site-packages/airflow/example_dags/tutorial_taskflow_api.py
[2023-01-14T20:53:55.860+0000] {logging_mixin.py:137} INFO - [2023-01-14T20:53:55.860+0000] {dag.py:2676} INFO - Sync 1 DAGs
[2023-01-14T20:53:55.921+0000] {logging_mixin.py:137} INFO - [2023-01-14T20:53:55.920+0000] {dag.py:3423} INFO - Setting next_dagrun for tutorial_taskflow_api to None, run_after=None
[2023-01-14T20:53:55.997+0000] {processor.py:175} INFO - Processing /media/prempeh/Nouveau nom/MASTER2/DATA ENGINEERING/airflow/py_env/lib/python3.10/site-packages/airflow/example_dags/tutorial_taskflow_api.py took 0.449 seconds
[2023-01-14T20:54:33.132+0000] {processor.py:153} INFO - Started process (PID=6731) to work on /media/prempeh/Nouveau nom/MASTER2/DATA ENGINEERING/airflow/py_env/lib/python3.10/site-packages/airflow/example_dags/tutorial_taskflow_api.py
[2023-01-14T20:54:33.134+0000] {processor.py:743} INFO - Processing file /media/prempeh/Nouveau nom/MASTER2/DATA ENGINEERING/airflow/py_env/lib/python3.10/site-packages/airflow/example_dags/tutorial_taskflow_api.py for tasks to queue
[2023-01-14T20:54:33.150+0000] {logging_mixin.py:137} INFO - [2023-01-14T20:54:33.150+0000] {dagbag.py:538} INFO - Filling up the DagBag from /media/prempeh/Nouveau nom/MASTER2/DATA ENGINEERING/airflow/py_env/lib/python3.10/site-packages/airflow/example_dags/tutorial_taskflow_api.py
[2023-01-14T20:54:33.325+0000] {processor.py:753} INFO - DAG(s) dict_keys(['tutorial_taskflow_api']) retrieved from /media/prempeh/Nouveau nom/MASTER2/DATA ENGINEERING/airflow/py_env/lib/python3.10/site-packages/airflow/example_dags/tutorial_taskflow_api.py
[2023-01-14T20:54:33.462+0000] {logging_mixin.py:137} INFO - [2023-01-14T20:54:33.462+0000] {dag.py:2676} INFO - Sync 1 DAGs
[2023-01-14T20:54:33.595+0000] {logging_mixin.py:137} INFO - [2023-01-14T20:54:33.594+0000] {dag.py:3423} INFO - Setting next_dagrun for tutorial_taskflow_api to None, run_after=None
[2023-01-14T20:54:33.717+0000] {processor.py:175} INFO - Processing /media/prempeh/Nouveau nom/MASTER2/DATA ENGINEERING/airflow/py_env/lib/python3.10/site-packages/airflow/example_dags/tutorial_taskflow_api.py took 0.594 seconds
[2023-01-14T20:55:33.736+0000] {processor.py:153} INFO - Started process (PID=6770) to work on /media/prempeh/Nouveau nom/MASTER2/DATA ENGINEERING/airflow/py_env/lib/python3.10/site-packages/airflow/example_dags/tutorial_taskflow_api.py
[2023-01-14T20:55:33.741+0000] {processor.py:743} INFO - Processing file /media/prempeh/Nouveau nom/MASTER2/DATA ENGINEERING/airflow/py_env/lib/python3.10/site-packages/airflow/example_dags/tutorial_taskflow_api.py for tasks to queue
[2023-01-14T20:55:33.747+0000] {logging_mixin.py:137} INFO - [2023-01-14T20:55:33.746+0000] {dagbag.py:538} INFO - Filling up the DagBag from /media/prempeh/Nouveau nom/MASTER2/DATA ENGINEERING/airflow/py_env/lib/python3.10/site-packages/airflow/example_dags/tutorial_taskflow_api.py
[2023-01-14T20:55:33.954+0000] {processor.py:753} INFO - DAG(s) dict_keys(['tutorial_taskflow_api']) retrieved from /media/prempeh/Nouveau nom/MASTER2/DATA ENGINEERING/airflow/py_env/lib/python3.10/site-packages/airflow/example_dags/tutorial_taskflow_api.py
[2023-01-14T20:55:34.096+0000] {logging_mixin.py:137} INFO - [2023-01-14T20:55:34.096+0000] {dag.py:2676} INFO - Sync 1 DAGs
[2023-01-14T20:55:34.165+0000] {logging_mixin.py:137} INFO - [2023-01-14T20:55:34.164+0000] {dag.py:3423} INFO - Setting next_dagrun for tutorial_taskflow_api to None, run_after=None
[2023-01-14T20:55:34.238+0000] {processor.py:175} INFO - Processing /media/prempeh/Nouveau nom/MASTER2/DATA ENGINEERING/airflow/py_env/lib/python3.10/site-packages/airflow/example_dags/tutorial_taskflow_api.py took 0.511 seconds
[2023-01-14T20:56:30.356+0000] {processor.py:153} INFO - Started process (PID=6893) to work on /media/prempeh/Nouveau nom/MASTER2/DATA ENGINEERING/airflow/py_env/lib/python3.10/site-packages/airflow/example_dags/tutorial_taskflow_api.py
[2023-01-14T20:56:30.359+0000] {processor.py:743} INFO - Processing file /media/prempeh/Nouveau nom/MASTER2/DATA ENGINEERING/airflow/py_env/lib/python3.10/site-packages/airflow/example_dags/tutorial_taskflow_api.py for tasks to queue
[2023-01-14T20:56:30.363+0000] {logging_mixin.py:137} INFO - [2023-01-14T20:56:30.363+0000] {dagbag.py:538} INFO - Filling up the DagBag from /media/prempeh/Nouveau nom/MASTER2/DATA ENGINEERING/airflow/py_env/lib/python3.10/site-packages/airflow/example_dags/tutorial_taskflow_api.py
[2023-01-14T20:56:30.561+0000] {processor.py:753} INFO - DAG(s) dict_keys(['tutorial_taskflow_api']) retrieved from /media/prempeh/Nouveau nom/MASTER2/DATA ENGINEERING/airflow/py_env/lib/python3.10/site-packages/airflow/example_dags/tutorial_taskflow_api.py
[2023-01-14T20:56:30.676+0000] {logging_mixin.py:137} INFO - [2023-01-14T20:56:30.675+0000] {dag.py:2676} INFO - Sync 1 DAGs
[2023-01-14T20:56:30.740+0000] {logging_mixin.py:137} INFO - [2023-01-14T20:56:30.739+0000] {dag.py:3423} INFO - Setting next_dagrun for tutorial_taskflow_api to None, run_after=None
[2023-01-14T20:56:30.813+0000] {processor.py:175} INFO - Processing /media/prempeh/Nouveau nom/MASTER2/DATA ENGINEERING/airflow/py_env/lib/python3.10/site-packages/airflow/example_dags/tutorial_taskflow_api.py took 0.466 seconds
[2023-01-14T20:57:33.649+0000] {processor.py:153} INFO - Started process (PID=7090) to work on /media/prempeh/Nouveau nom/MASTER2/DATA ENGINEERING/airflow/py_env/lib/python3.10/site-packages/airflow/example_dags/tutorial_taskflow_api.py
[2023-01-14T20:57:33.652+0000] {processor.py:743} INFO - Processing file /media/prempeh/Nouveau nom/MASTER2/DATA ENGINEERING/airflow/py_env/lib/python3.10/site-packages/airflow/example_dags/tutorial_taskflow_api.py for tasks to queue
[2023-01-14T20:57:33.658+0000] {logging_mixin.py:137} INFO - [2023-01-14T20:57:33.657+0000] {dagbag.py:538} INFO - Filling up the DagBag from /media/prempeh/Nouveau nom/MASTER2/DATA ENGINEERING/airflow/py_env/lib/python3.10/site-packages/airflow/example_dags/tutorial_taskflow_api.py
[2023-01-14T20:57:33.914+0000] {processor.py:753} INFO - DAG(s) dict_keys(['tutorial_taskflow_api']) retrieved from /media/prempeh/Nouveau nom/MASTER2/DATA ENGINEERING/airflow/py_env/lib/python3.10/site-packages/airflow/example_dags/tutorial_taskflow_api.py
[2023-01-14T20:57:34.041+0000] {logging_mixin.py:137} INFO - [2023-01-14T20:57:34.041+0000] {dag.py:2676} INFO - Sync 1 DAGs
[2023-01-14T20:57:34.135+0000] {logging_mixin.py:137} INFO - [2023-01-14T20:57:34.134+0000] {dag.py:3423} INFO - Setting next_dagrun for tutorial_taskflow_api to None, run_after=None
[2023-01-14T20:57:34.243+0000] {processor.py:175} INFO - Processing /media/prempeh/Nouveau nom/MASTER2/DATA ENGINEERING/airflow/py_env/lib/python3.10/site-packages/airflow/example_dags/tutorial_taskflow_api.py took 0.604 seconds
[2023-01-14T20:58:32.243+0000] {processor.py:153} INFO - Started process (PID=7133) to work on /media/prempeh/Nouveau nom/MASTER2/DATA ENGINEERING/airflow/py_env/lib/python3.10/site-packages/airflow/example_dags/tutorial_taskflow_api.py
[2023-01-14T20:58:32.246+0000] {processor.py:743} INFO - Processing file /media/prempeh/Nouveau nom/MASTER2/DATA ENGINEERING/airflow/py_env/lib/python3.10/site-packages/airflow/example_dags/tutorial_taskflow_api.py for tasks to queue
[2023-01-14T20:58:32.254+0000] {logging_mixin.py:137} INFO - [2023-01-14T20:58:32.253+0000] {dagbag.py:538} INFO - Filling up the DagBag from /media/prempeh/Nouveau nom/MASTER2/DATA ENGINEERING/airflow/py_env/lib/python3.10/site-packages/airflow/example_dags/tutorial_taskflow_api.py
[2023-01-14T20:58:32.417+0000] {processor.py:753} INFO - DAG(s) dict_keys(['tutorial_taskflow_api']) retrieved from /media/prempeh/Nouveau nom/MASTER2/DATA ENGINEERING/airflow/py_env/lib/python3.10/site-packages/airflow/example_dags/tutorial_taskflow_api.py
[2023-01-14T20:58:32.538+0000] {logging_mixin.py:137} INFO - [2023-01-14T20:58:32.538+0000] {dag.py:2676} INFO - Sync 1 DAGs
[2023-01-14T20:58:32.602+0000] {logging_mixin.py:137} INFO - [2023-01-14T20:58:32.602+0000] {dag.py:3423} INFO - Setting next_dagrun for tutorial_taskflow_api to None, run_after=None
[2023-01-14T20:58:32.667+0000] {processor.py:175} INFO - Processing /media/prempeh/Nouveau nom/MASTER2/DATA ENGINEERING/airflow/py_env/lib/python3.10/site-packages/airflow/example_dags/tutorial_taskflow_api.py took 0.435 seconds
[2023-01-14T20:59:20.797+0000] {processor.py:153} INFO - Started process (PID=7172) to work on /media/prempeh/Nouveau nom/MASTER2/DATA ENGINEERING/airflow/py_env/lib/python3.10/site-packages/airflow/example_dags/tutorial_taskflow_api.py
[2023-01-14T20:59:20.799+0000] {processor.py:743} INFO - Processing file /media/prempeh/Nouveau nom/MASTER2/DATA ENGINEERING/airflow/py_env/lib/python3.10/site-packages/airflow/example_dags/tutorial_taskflow_api.py for tasks to queue
[2023-01-14T20:59:20.804+0000] {logging_mixin.py:137} INFO - [2023-01-14T20:59:20.804+0000] {dagbag.py:538} INFO - Filling up the DagBag from /media/prempeh/Nouveau nom/MASTER2/DATA ENGINEERING/airflow/py_env/lib/python3.10/site-packages/airflow/example_dags/tutorial_taskflow_api.py
[2023-01-14T20:59:20.964+0000] {processor.py:753} INFO - DAG(s) dict_keys(['tutorial_taskflow_api']) retrieved from /media/prempeh/Nouveau nom/MASTER2/DATA ENGINEERING/airflow/py_env/lib/python3.10/site-packages/airflow/example_dags/tutorial_taskflow_api.py
[2023-01-14T20:59:21.096+0000] {logging_mixin.py:137} INFO - [2023-01-14T20:59:21.095+0000] {dag.py:2676} INFO - Sync 1 DAGs
[2023-01-14T20:59:21.159+0000] {logging_mixin.py:137} INFO - [2023-01-14T20:59:21.158+0000] {dag.py:3423} INFO - Setting next_dagrun for tutorial_taskflow_api to None, run_after=None
[2023-01-14T20:59:21.232+0000] {processor.py:175} INFO - Processing /media/prempeh/Nouveau nom/MASTER2/DATA ENGINEERING/airflow/py_env/lib/python3.10/site-packages/airflow/example_dags/tutorial_taskflow_api.py took 0.446 seconds
[2023-01-14T21:00:11.707+0000] {processor.py:153} INFO - Started process (PID=7252) to work on /media/prempeh/Nouveau nom/MASTER2/DATA ENGINEERING/airflow/py_env/lib/python3.10/site-packages/airflow/example_dags/tutorial_taskflow_api.py
[2023-01-14T21:00:11.710+0000] {processor.py:743} INFO - Processing file /media/prempeh/Nouveau nom/MASTER2/DATA ENGINEERING/airflow/py_env/lib/python3.10/site-packages/airflow/example_dags/tutorial_taskflow_api.py for tasks to queue
[2023-01-14T21:00:11.718+0000] {logging_mixin.py:137} INFO - [2023-01-14T21:00:11.718+0000] {dagbag.py:538} INFO - Filling up the DagBag from /media/prempeh/Nouveau nom/MASTER2/DATA ENGINEERING/airflow/py_env/lib/python3.10/site-packages/airflow/example_dags/tutorial_taskflow_api.py
[2023-01-14T21:00:11.898+0000] {processor.py:753} INFO - DAG(s) dict_keys(['tutorial_taskflow_api']) retrieved from /media/prempeh/Nouveau nom/MASTER2/DATA ENGINEERING/airflow/py_env/lib/python3.10/site-packages/airflow/example_dags/tutorial_taskflow_api.py
[2023-01-14T21:00:12.022+0000] {logging_mixin.py:137} INFO - [2023-01-14T21:00:12.021+0000] {dag.py:2676} INFO - Sync 1 DAGs
[2023-01-14T21:00:12.085+0000] {logging_mixin.py:137} INFO - [2023-01-14T21:00:12.085+0000] {dag.py:3423} INFO - Setting next_dagrun for tutorial_taskflow_api to None, run_after=None
[2023-01-14T21:00:12.161+0000] {processor.py:175} INFO - Processing /media/prempeh/Nouveau nom/MASTER2/DATA ENGINEERING/airflow/py_env/lib/python3.10/site-packages/airflow/example_dags/tutorial_taskflow_api.py took 0.465 seconds
[2023-01-14T21:01:08.062+0000] {processor.py:153} INFO - Started process (PID=7297) to work on /media/prempeh/Nouveau nom/MASTER2/DATA ENGINEERING/airflow/py_env/lib/python3.10/site-packages/airflow/example_dags/tutorial_taskflow_api.py
[2023-01-14T21:01:08.066+0000] {processor.py:743} INFO - Processing file /media/prempeh/Nouveau nom/MASTER2/DATA ENGINEERING/airflow/py_env/lib/python3.10/site-packages/airflow/example_dags/tutorial_taskflow_api.py for tasks to queue
[2023-01-14T21:01:08.071+0000] {logging_mixin.py:137} INFO - [2023-01-14T21:01:08.070+0000] {dagbag.py:538} INFO - Filling up the DagBag from /media/prempeh/Nouveau nom/MASTER2/DATA ENGINEERING/airflow/py_env/lib/python3.10/site-packages/airflow/example_dags/tutorial_taskflow_api.py
[2023-01-14T21:01:08.267+0000] {processor.py:753} INFO - DAG(s) dict_keys(['tutorial_taskflow_api']) retrieved from /media/prempeh/Nouveau nom/MASTER2/DATA ENGINEERING/airflow/py_env/lib/python3.10/site-packages/airflow/example_dags/tutorial_taskflow_api.py
[2023-01-14T21:01:08.397+0000] {logging_mixin.py:137} INFO - [2023-01-14T21:01:08.397+0000] {dag.py:2676} INFO - Sync 1 DAGs
[2023-01-14T21:01:08.462+0000] {logging_mixin.py:137} INFO - [2023-01-14T21:01:08.461+0000] {dag.py:3423} INFO - Setting next_dagrun for tutorial_taskflow_api to None, run_after=None
[2023-01-14T21:01:08.537+0000] {processor.py:175} INFO - Processing /media/prempeh/Nouveau nom/MASTER2/DATA ENGINEERING/airflow/py_env/lib/python3.10/site-packages/airflow/example_dags/tutorial_taskflow_api.py took 0.484 seconds
[2023-01-14T21:02:04.078+0000] {processor.py:153} INFO - Started process (PID=7336) to work on /media/prempeh/Nouveau nom/MASTER2/DATA ENGINEERING/airflow/py_env/lib/python3.10/site-packages/airflow/example_dags/tutorial_taskflow_api.py
[2023-01-14T21:02:04.081+0000] {processor.py:743} INFO - Processing file /media/prempeh/Nouveau nom/MASTER2/DATA ENGINEERING/airflow/py_env/lib/python3.10/site-packages/airflow/example_dags/tutorial_taskflow_api.py for tasks to queue
[2023-01-14T21:02:04.085+0000] {logging_mixin.py:137} INFO - [2023-01-14T21:02:04.085+0000] {dagbag.py:538} INFO - Filling up the DagBag from /media/prempeh/Nouveau nom/MASTER2/DATA ENGINEERING/airflow/py_env/lib/python3.10/site-packages/airflow/example_dags/tutorial_taskflow_api.py
[2023-01-14T21:02:04.260+0000] {processor.py:753} INFO - DAG(s) dict_keys(['tutorial_taskflow_api']) retrieved from /media/prempeh/Nouveau nom/MASTER2/DATA ENGINEERING/airflow/py_env/lib/python3.10/site-packages/airflow/example_dags/tutorial_taskflow_api.py
[2023-01-14T21:02:04.409+0000] {logging_mixin.py:137} INFO - [2023-01-14T21:02:04.408+0000] {dag.py:2676} INFO - Sync 1 DAGs
[2023-01-14T21:02:04.479+0000] {logging_mixin.py:137} INFO - [2023-01-14T21:02:04.479+0000] {dag.py:3423} INFO - Setting next_dagrun for tutorial_taskflow_api to None, run_after=None
[2023-01-14T21:02:04.548+0000] {processor.py:175} INFO - Processing /media/prempeh/Nouveau nom/MASTER2/DATA ENGINEERING/airflow/py_env/lib/python3.10/site-packages/airflow/example_dags/tutorial_taskflow_api.py took 0.478 seconds
[2023-01-14T21:02:54.165+0000] {processor.py:153} INFO - Started process (PID=7405) to work on /media/prempeh/Nouveau nom/MASTER2/DATA ENGINEERING/airflow/py_env/lib/python3.10/site-packages/airflow/example_dags/tutorial_taskflow_api.py
[2023-01-14T21:02:54.168+0000] {processor.py:743} INFO - Processing file /media/prempeh/Nouveau nom/MASTER2/DATA ENGINEERING/airflow/py_env/lib/python3.10/site-packages/airflow/example_dags/tutorial_taskflow_api.py for tasks to queue
[2023-01-14T21:02:54.172+0000] {logging_mixin.py:137} INFO - [2023-01-14T21:02:54.172+0000] {dagbag.py:538} INFO - Filling up the DagBag from /media/prempeh/Nouveau nom/MASTER2/DATA ENGINEERING/airflow/py_env/lib/python3.10/site-packages/airflow/example_dags/tutorial_taskflow_api.py
[2023-01-14T21:02:54.350+0000] {processor.py:753} INFO - DAG(s) dict_keys(['tutorial_taskflow_api']) retrieved from /media/prempeh/Nouveau nom/MASTER2/DATA ENGINEERING/airflow/py_env/lib/python3.10/site-packages/airflow/example_dags/tutorial_taskflow_api.py
[2023-01-14T21:02:54.508+0000] {logging_mixin.py:137} INFO - [2023-01-14T21:02:54.507+0000] {dag.py:2676} INFO - Sync 1 DAGs
[2023-01-14T21:02:54.576+0000] {logging_mixin.py:137} INFO - [2023-01-14T21:02:54.575+0000] {dag.py:3423} INFO - Setting next_dagrun for tutorial_taskflow_api to None, run_after=None
[2023-01-14T21:02:54.702+0000] {processor.py:175} INFO - Processing /media/prempeh/Nouveau nom/MASTER2/DATA ENGINEERING/airflow/py_env/lib/python3.10/site-packages/airflow/example_dags/tutorial_taskflow_api.py took 0.545 seconds
[2023-01-14T21:03:48.800+0000] {processor.py:153} INFO - Started process (PID=7458) to work on /media/prempeh/Nouveau nom/MASTER2/DATA ENGINEERING/airflow/py_env/lib/python3.10/site-packages/airflow/example_dags/tutorial_taskflow_api.py
[2023-01-14T21:03:48.803+0000] {processor.py:743} INFO - Processing file /media/prempeh/Nouveau nom/MASTER2/DATA ENGINEERING/airflow/py_env/lib/python3.10/site-packages/airflow/example_dags/tutorial_taskflow_api.py for tasks to queue
[2023-01-14T21:03:48.811+0000] {logging_mixin.py:137} INFO - [2023-01-14T21:03:48.810+0000] {dagbag.py:538} INFO - Filling up the DagBag from /media/prempeh/Nouveau nom/MASTER2/DATA ENGINEERING/airflow/py_env/lib/python3.10/site-packages/airflow/example_dags/tutorial_taskflow_api.py
[2023-01-14T21:03:49.067+0000] {processor.py:753} INFO - DAG(s) dict_keys(['tutorial_taskflow_api']) retrieved from /media/prempeh/Nouveau nom/MASTER2/DATA ENGINEERING/airflow/py_env/lib/python3.10/site-packages/airflow/example_dags/tutorial_taskflow_api.py
[2023-01-14T21:03:49.280+0000] {logging_mixin.py:137} INFO - [2023-01-14T21:03:49.279+0000] {dag.py:2676} INFO - Sync 1 DAGs
[2023-01-14T21:03:49.389+0000] {logging_mixin.py:137} INFO - [2023-01-14T21:03:49.388+0000] {dag.py:3423} INFO - Setting next_dagrun for tutorial_taskflow_api to None, run_after=None
[2023-01-14T21:03:49.508+0000] {processor.py:175} INFO - Processing /media/prempeh/Nouveau nom/MASTER2/DATA ENGINEERING/airflow/py_env/lib/python3.10/site-packages/airflow/example_dags/tutorial_taskflow_api.py took 0.722 seconds
[2023-01-14T21:04:53.361+0000] {processor.py:153} INFO - Started process (PID=7519) to work on /media/prempeh/Nouveau nom/MASTER2/DATA ENGINEERING/airflow/py_env/lib/python3.10/site-packages/airflow/example_dags/tutorial_taskflow_api.py
[2023-01-14T21:04:53.365+0000] {processor.py:743} INFO - Processing file /media/prempeh/Nouveau nom/MASTER2/DATA ENGINEERING/airflow/py_env/lib/python3.10/site-packages/airflow/example_dags/tutorial_taskflow_api.py for tasks to queue
[2023-01-14T21:04:53.372+0000] {logging_mixin.py:137} INFO - [2023-01-14T21:04:53.371+0000] {dagbag.py:538} INFO - Filling up the DagBag from /media/prempeh/Nouveau nom/MASTER2/DATA ENGINEERING/airflow/py_env/lib/python3.10/site-packages/airflow/example_dags/tutorial_taskflow_api.py
[2023-01-14T21:04:53.722+0000] {processor.py:753} INFO - DAG(s) dict_keys(['tutorial_taskflow_api']) retrieved from /media/prempeh/Nouveau nom/MASTER2/DATA ENGINEERING/airflow/py_env/lib/python3.10/site-packages/airflow/example_dags/tutorial_taskflow_api.py
[2023-01-14T21:04:53.953+0000] {logging_mixin.py:137} INFO - [2023-01-14T21:04:53.953+0000] {dag.py:2676} INFO - Sync 1 DAGs
[2023-01-14T21:04:54.020+0000] {logging_mixin.py:137} INFO - [2023-01-14T21:04:54.019+0000] {dag.py:3423} INFO - Setting next_dagrun for tutorial_taskflow_api to None, run_after=None
[2023-01-14T21:04:54.093+0000] {processor.py:175} INFO - Processing /media/prempeh/Nouveau nom/MASTER2/DATA ENGINEERING/airflow/py_env/lib/python3.10/site-packages/airflow/example_dags/tutorial_taskflow_api.py took 0.744 seconds
[2023-01-14T21:05:49.485+0000] {processor.py:153} INFO - Started process (PID=7572) to work on /media/prempeh/Nouveau nom/MASTER2/DATA ENGINEERING/airflow/py_env/lib/python3.10/site-packages/airflow/example_dags/tutorial_taskflow_api.py
[2023-01-14T21:05:49.489+0000] {processor.py:743} INFO - Processing file /media/prempeh/Nouveau nom/MASTER2/DATA ENGINEERING/airflow/py_env/lib/python3.10/site-packages/airflow/example_dags/tutorial_taskflow_api.py for tasks to queue
[2023-01-14T21:05:49.494+0000] {logging_mixin.py:137} INFO - [2023-01-14T21:05:49.494+0000] {dagbag.py:538} INFO - Filling up the DagBag from /media/prempeh/Nouveau nom/MASTER2/DATA ENGINEERING/airflow/py_env/lib/python3.10/site-packages/airflow/example_dags/tutorial_taskflow_api.py
[2023-01-14T21:05:49.772+0000] {processor.py:753} INFO - DAG(s) dict_keys(['tutorial_taskflow_api']) retrieved from /media/prempeh/Nouveau nom/MASTER2/DATA ENGINEERING/airflow/py_env/lib/python3.10/site-packages/airflow/example_dags/tutorial_taskflow_api.py
[2023-01-14T21:05:50.007+0000] {logging_mixin.py:137} INFO - [2023-01-14T21:05:50.006+0000] {dag.py:2676} INFO - Sync 1 DAGs
[2023-01-14T21:05:50.094+0000] {logging_mixin.py:137} INFO - [2023-01-14T21:05:50.093+0000] {dag.py:3423} INFO - Setting next_dagrun for tutorial_taskflow_api to None, run_after=None
[2023-01-14T21:05:50.180+0000] {processor.py:175} INFO - Processing /media/prempeh/Nouveau nom/MASTER2/DATA ENGINEERING/airflow/py_env/lib/python3.10/site-packages/airflow/example_dags/tutorial_taskflow_api.py took 0.707 seconds
[2023-01-14T21:06:24.821+0000] {processor.py:153} INFO - Started process (PID=7715) to work on /media/prempeh/Nouveau nom/MASTER2/DATA ENGINEERING/airflow/py_env/lib/python3.10/site-packages/airflow/example_dags/tutorial_taskflow_api.py
[2023-01-14T21:06:24.824+0000] {processor.py:743} INFO - Processing file /media/prempeh/Nouveau nom/MASTER2/DATA ENGINEERING/airflow/py_env/lib/python3.10/site-packages/airflow/example_dags/tutorial_taskflow_api.py for tasks to queue
[2023-01-14T21:06:24.828+0000] {logging_mixin.py:137} INFO - [2023-01-14T21:06:24.828+0000] {dagbag.py:538} INFO - Filling up the DagBag from /media/prempeh/Nouveau nom/MASTER2/DATA ENGINEERING/airflow/py_env/lib/python3.10/site-packages/airflow/example_dags/tutorial_taskflow_api.py
[2023-01-14T21:06:24.991+0000] {processor.py:753} INFO - DAG(s) dict_keys(['tutorial_taskflow_api']) retrieved from /media/prempeh/Nouveau nom/MASTER2/DATA ENGINEERING/airflow/py_env/lib/python3.10/site-packages/airflow/example_dags/tutorial_taskflow_api.py
[2023-01-14T21:06:25.107+0000] {logging_mixin.py:137} INFO - [2023-01-14T21:06:25.107+0000] {dag.py:2676} INFO - Sync 1 DAGs
[2023-01-14T21:06:25.161+0000] {logging_mixin.py:137} INFO - [2023-01-14T21:06:25.161+0000] {dag.py:3423} INFO - Setting next_dagrun for tutorial_taskflow_api to None, run_after=None
[2023-01-14T21:06:25.228+0000] {processor.py:175} INFO - Processing /media/prempeh/Nouveau nom/MASTER2/DATA ENGINEERING/airflow/py_env/lib/python3.10/site-packages/airflow/example_dags/tutorial_taskflow_api.py took 0.414 seconds
[2023-01-14T21:07:54.192+0000] {processor.py:153} INFO - Started process (PID=7979) to work on /media/prempeh/Nouveau nom/MASTER2/DATA ENGINEERING/airflow/py_env/lib/python3.10/site-packages/airflow/example_dags/tutorial_taskflow_api.py
[2023-01-14T21:07:54.196+0000] {processor.py:743} INFO - Processing file /media/prempeh/Nouveau nom/MASTER2/DATA ENGINEERING/airflow/py_env/lib/python3.10/site-packages/airflow/example_dags/tutorial_taskflow_api.py for tasks to queue
[2023-01-14T21:07:54.201+0000] {logging_mixin.py:137} INFO - [2023-01-14T21:07:54.201+0000] {dagbag.py:538} INFO - Filling up the DagBag from /media/prempeh/Nouveau nom/MASTER2/DATA ENGINEERING/airflow/py_env/lib/python3.10/site-packages/airflow/example_dags/tutorial_taskflow_api.py
[2023-01-14T21:07:54.590+0000] {processor.py:753} INFO - DAG(s) dict_keys(['tutorial_taskflow_api']) retrieved from /media/prempeh/Nouveau nom/MASTER2/DATA ENGINEERING/airflow/py_env/lib/python3.10/site-packages/airflow/example_dags/tutorial_taskflow_api.py
[2023-01-14T21:07:54.883+0000] {logging_mixin.py:137} INFO - [2023-01-14T21:07:54.882+0000] {dag.py:2676} INFO - Sync 1 DAGs
[2023-01-14T21:07:55.004+0000] {logging_mixin.py:137} INFO - [2023-01-14T21:07:55.003+0000] {dag.py:3423} INFO - Setting next_dagrun for tutorial_taskflow_api to None, run_after=None
[2023-01-14T21:07:55.178+0000] {processor.py:175} INFO - Processing /media/prempeh/Nouveau nom/MASTER2/DATA ENGINEERING/airflow/py_env/lib/python3.10/site-packages/airflow/example_dags/tutorial_taskflow_api.py took 1.000 seconds
[2023-01-14T21:08:38.298+0000] {processor.py:153} INFO - Started process (PID=8077) to work on /media/prempeh/Nouveau nom/MASTER2/DATA ENGINEERING/airflow/py_env/lib/python3.10/site-packages/airflow/example_dags/tutorial_taskflow_api.py
[2023-01-14T21:08:38.301+0000] {processor.py:743} INFO - Processing file /media/prempeh/Nouveau nom/MASTER2/DATA ENGINEERING/airflow/py_env/lib/python3.10/site-packages/airflow/example_dags/tutorial_taskflow_api.py for tasks to queue
[2023-01-14T21:08:38.305+0000] {logging_mixin.py:137} INFO - [2023-01-14T21:08:38.305+0000] {dagbag.py:538} INFO - Filling up the DagBag from /media/prempeh/Nouveau nom/MASTER2/DATA ENGINEERING/airflow/py_env/lib/python3.10/site-packages/airflow/example_dags/tutorial_taskflow_api.py
[2023-01-14T21:08:38.468+0000] {processor.py:753} INFO - DAG(s) dict_keys(['tutorial_taskflow_api']) retrieved from /media/prempeh/Nouveau nom/MASTER2/DATA ENGINEERING/airflow/py_env/lib/python3.10/site-packages/airflow/example_dags/tutorial_taskflow_api.py
[2023-01-14T21:08:38.592+0000] {logging_mixin.py:137} INFO - [2023-01-14T21:08:38.591+0000] {dag.py:2676} INFO - Sync 1 DAGs
[2023-01-14T21:08:38.655+0000] {logging_mixin.py:137} INFO - [2023-01-14T21:08:38.654+0000] {dag.py:3423} INFO - Setting next_dagrun for tutorial_taskflow_api to None, run_after=None
[2023-01-14T21:08:38.733+0000] {processor.py:175} INFO - Processing /media/prempeh/Nouveau nom/MASTER2/DATA ENGINEERING/airflow/py_env/lib/python3.10/site-packages/airflow/example_dags/tutorial_taskflow_api.py took 0.444 seconds
[2023-01-14T21:09:38.034+0000] {processor.py:153} INFO - Started process (PID=8124) to work on /media/prempeh/Nouveau nom/MASTER2/DATA ENGINEERING/airflow/py_env/lib/python3.10/site-packages/airflow/example_dags/tutorial_taskflow_api.py
[2023-01-14T21:09:38.037+0000] {processor.py:743} INFO - Processing file /media/prempeh/Nouveau nom/MASTER2/DATA ENGINEERING/airflow/py_env/lib/python3.10/site-packages/airflow/example_dags/tutorial_taskflow_api.py for tasks to queue
[2023-01-14T21:09:38.042+0000] {logging_mixin.py:137} INFO - [2023-01-14T21:09:38.041+0000] {dagbag.py:538} INFO - Filling up the DagBag from /media/prempeh/Nouveau nom/MASTER2/DATA ENGINEERING/airflow/py_env/lib/python3.10/site-packages/airflow/example_dags/tutorial_taskflow_api.py
[2023-01-14T21:09:38.215+0000] {processor.py:753} INFO - DAG(s) dict_keys(['tutorial_taskflow_api']) retrieved from /media/prempeh/Nouveau nom/MASTER2/DATA ENGINEERING/airflow/py_env/lib/python3.10/site-packages/airflow/example_dags/tutorial_taskflow_api.py
[2023-01-14T21:09:38.339+0000] {logging_mixin.py:137} INFO - [2023-01-14T21:09:38.339+0000] {dag.py:2676} INFO - Sync 1 DAGs
[2023-01-14T21:09:38.406+0000] {logging_mixin.py:137} INFO - [2023-01-14T21:09:38.405+0000] {dag.py:3423} INFO - Setting next_dagrun for tutorial_taskflow_api to None, run_after=None
[2023-01-14T21:09:38.478+0000] {processor.py:175} INFO - Processing /media/prempeh/Nouveau nom/MASTER2/DATA ENGINEERING/airflow/py_env/lib/python3.10/site-packages/airflow/example_dags/tutorial_taskflow_api.py took 0.451 seconds
[2023-01-14T21:10:38.925+0000] {processor.py:153} INFO - Started process (PID=8169) to work on /media/prempeh/Nouveau nom/MASTER2/DATA ENGINEERING/airflow/py_env/lib/python3.10/site-packages/airflow/example_dags/tutorial_taskflow_api.py
[2023-01-14T21:10:38.927+0000] {processor.py:743} INFO - Processing file /media/prempeh/Nouveau nom/MASTER2/DATA ENGINEERING/airflow/py_env/lib/python3.10/site-packages/airflow/example_dags/tutorial_taskflow_api.py for tasks to queue
[2023-01-14T21:10:38.931+0000] {logging_mixin.py:137} INFO - [2023-01-14T21:10:38.931+0000] {dagbag.py:538} INFO - Filling up the DagBag from /media/prempeh/Nouveau nom/MASTER2/DATA ENGINEERING/airflow/py_env/lib/python3.10/site-packages/airflow/example_dags/tutorial_taskflow_api.py
[2023-01-14T21:10:39.090+0000] {processor.py:753} INFO - DAG(s) dict_keys(['tutorial_taskflow_api']) retrieved from /media/prempeh/Nouveau nom/MASTER2/DATA ENGINEERING/airflow/py_env/lib/python3.10/site-packages/airflow/example_dags/tutorial_taskflow_api.py
[2023-01-14T21:10:39.207+0000] {logging_mixin.py:137} INFO - [2023-01-14T21:10:39.206+0000] {dag.py:2676} INFO - Sync 1 DAGs
[2023-01-14T21:10:39.272+0000] {logging_mixin.py:137} INFO - [2023-01-14T21:10:39.271+0000] {dag.py:3423} INFO - Setting next_dagrun for tutorial_taskflow_api to None, run_after=None
[2023-01-14T21:10:39.343+0000] {processor.py:175} INFO - Processing /media/prempeh/Nouveau nom/MASTER2/DATA ENGINEERING/airflow/py_env/lib/python3.10/site-packages/airflow/example_dags/tutorial_taskflow_api.py took 0.426 seconds
[2023-01-14T21:11:43.653+0000] {processor.py:153} INFO - Started process (PID=8217) to work on /media/prempeh/Nouveau nom/MASTER2/DATA ENGINEERING/airflow/py_env/lib/python3.10/site-packages/airflow/example_dags/tutorial_taskflow_api.py
[2023-01-14T21:11:43.655+0000] {processor.py:743} INFO - Processing file /media/prempeh/Nouveau nom/MASTER2/DATA ENGINEERING/airflow/py_env/lib/python3.10/site-packages/airflow/example_dags/tutorial_taskflow_api.py for tasks to queue
[2023-01-14T21:11:43.660+0000] {logging_mixin.py:137} INFO - [2023-01-14T21:11:43.659+0000] {dagbag.py:538} INFO - Filling up the DagBag from /media/prempeh/Nouveau nom/MASTER2/DATA ENGINEERING/airflow/py_env/lib/python3.10/site-packages/airflow/example_dags/tutorial_taskflow_api.py
[2023-01-14T21:11:43.831+0000] {processor.py:753} INFO - DAG(s) dict_keys(['tutorial_taskflow_api']) retrieved from /media/prempeh/Nouveau nom/MASTER2/DATA ENGINEERING/airflow/py_env/lib/python3.10/site-packages/airflow/example_dags/tutorial_taskflow_api.py
[2023-01-14T21:11:43.959+0000] {logging_mixin.py:137} INFO - [2023-01-14T21:11:43.958+0000] {dag.py:2676} INFO - Sync 1 DAGs
[2023-01-14T21:11:44.022+0000] {logging_mixin.py:137} INFO - [2023-01-14T21:11:44.022+0000] {dag.py:3423} INFO - Setting next_dagrun for tutorial_taskflow_api to None, run_after=None
[2023-01-14T21:11:44.093+0000] {processor.py:175} INFO - Processing /media/prempeh/Nouveau nom/MASTER2/DATA ENGINEERING/airflow/py_env/lib/python3.10/site-packages/airflow/example_dags/tutorial_taskflow_api.py took 0.449 seconds
[2023-01-14T21:12:19.885+0000] {processor.py:153} INFO - Started process (PID=8237) to work on /media/prempeh/Nouveau nom/MASTER2/DATA ENGINEERING/airflow/py_env/lib/python3.10/site-packages/airflow/example_dags/tutorial_taskflow_api.py
[2023-01-14T21:12:19.889+0000] {processor.py:743} INFO - Processing file /media/prempeh/Nouveau nom/MASTER2/DATA ENGINEERING/airflow/py_env/lib/python3.10/site-packages/airflow/example_dags/tutorial_taskflow_api.py for tasks to queue
[2023-01-14T21:12:19.894+0000] {logging_mixin.py:137} INFO - [2023-01-14T21:12:19.893+0000] {dagbag.py:538} INFO - Filling up the DagBag from /media/prempeh/Nouveau nom/MASTER2/DATA ENGINEERING/airflow/py_env/lib/python3.10/site-packages/airflow/example_dags/tutorial_taskflow_api.py
[2023-01-14T21:12:20.073+0000] {processor.py:753} INFO - DAG(s) dict_keys(['tutorial_taskflow_api']) retrieved from /media/prempeh/Nouveau nom/MASTER2/DATA ENGINEERING/airflow/py_env/lib/python3.10/site-packages/airflow/example_dags/tutorial_taskflow_api.py
[2023-01-14T21:12:20.212+0000] {logging_mixin.py:137} INFO - [2023-01-14T21:12:20.211+0000] {dag.py:2676} INFO - Sync 1 DAGs
[2023-01-14T21:12:20.275+0000] {logging_mixin.py:137} INFO - [2023-01-14T21:12:20.275+0000] {dag.py:3423} INFO - Setting next_dagrun for tutorial_taskflow_api to None, run_after=None
[2023-01-14T21:12:20.347+0000] {processor.py:175} INFO - Processing /media/prempeh/Nouveau nom/MASTER2/DATA ENGINEERING/airflow/py_env/lib/python3.10/site-packages/airflow/example_dags/tutorial_taskflow_api.py took 0.473 seconds
[2023-01-14T21:13:30.160+0000] {processor.py:153} INFO - Started process (PID=8287) to work on /media/prempeh/Nouveau nom/MASTER2/DATA ENGINEERING/airflow/py_env/lib/python3.10/site-packages/airflow/example_dags/tutorial_taskflow_api.py
[2023-01-14T21:13:30.162+0000] {processor.py:743} INFO - Processing file /media/prempeh/Nouveau nom/MASTER2/DATA ENGINEERING/airflow/py_env/lib/python3.10/site-packages/airflow/example_dags/tutorial_taskflow_api.py for tasks to queue
[2023-01-14T21:13:30.166+0000] {logging_mixin.py:137} INFO - [2023-01-14T21:13:30.166+0000] {dagbag.py:538} INFO - Filling up the DagBag from /media/prempeh/Nouveau nom/MASTER2/DATA ENGINEERING/airflow/py_env/lib/python3.10/site-packages/airflow/example_dags/tutorial_taskflow_api.py
[2023-01-14T21:13:30.350+0000] {processor.py:753} INFO - DAG(s) dict_keys(['tutorial_taskflow_api']) retrieved from /media/prempeh/Nouveau nom/MASTER2/DATA ENGINEERING/airflow/py_env/lib/python3.10/site-packages/airflow/example_dags/tutorial_taskflow_api.py
[2023-01-14T21:13:30.499+0000] {logging_mixin.py:137} INFO - [2023-01-14T21:13:30.498+0000] {dag.py:2676} INFO - Sync 1 DAGs
[2023-01-14T21:13:30.557+0000] {logging_mixin.py:137} INFO - [2023-01-14T21:13:30.556+0000] {dag.py:3423} INFO - Setting next_dagrun for tutorial_taskflow_api to None, run_after=None
[2023-01-14T21:13:30.625+0000] {processor.py:175} INFO - Processing /media/prempeh/Nouveau nom/MASTER2/DATA ENGINEERING/airflow/py_env/lib/python3.10/site-packages/airflow/example_dags/tutorial_taskflow_api.py took 0.474 seconds
[2023-01-14T21:14:07.096+0000] {processor.py:153} INFO - Started process (PID=8318) to work on /media/prempeh/Nouveau nom/MASTER2/DATA ENGINEERING/airflow/py_env/lib/python3.10/site-packages/airflow/example_dags/tutorial_taskflow_api.py
[2023-01-14T21:14:07.099+0000] {processor.py:743} INFO - Processing file /media/prempeh/Nouveau nom/MASTER2/DATA ENGINEERING/airflow/py_env/lib/python3.10/site-packages/airflow/example_dags/tutorial_taskflow_api.py for tasks to queue
[2023-01-14T21:14:07.103+0000] {logging_mixin.py:137} INFO - [2023-01-14T21:14:07.103+0000] {dagbag.py:538} INFO - Filling up the DagBag from /media/prempeh/Nouveau nom/MASTER2/DATA ENGINEERING/airflow/py_env/lib/python3.10/site-packages/airflow/example_dags/tutorial_taskflow_api.py
[2023-01-14T21:14:07.324+0000] {processor.py:753} INFO - DAG(s) dict_keys(['tutorial_taskflow_api']) retrieved from /media/prempeh/Nouveau nom/MASTER2/DATA ENGINEERING/airflow/py_env/lib/python3.10/site-packages/airflow/example_dags/tutorial_taskflow_api.py
[2023-01-14T21:14:07.535+0000] {logging_mixin.py:137} INFO - [2023-01-14T21:14:07.534+0000] {dag.py:2676} INFO - Sync 1 DAGs
[2023-01-14T21:14:07.611+0000] {logging_mixin.py:137} INFO - [2023-01-14T21:14:07.611+0000] {dag.py:3423} INFO - Setting next_dagrun for tutorial_taskflow_api to None, run_after=None
[2023-01-14T21:14:07.683+0000] {processor.py:175} INFO - Processing /media/prempeh/Nouveau nom/MASTER2/DATA ENGINEERING/airflow/py_env/lib/python3.10/site-packages/airflow/example_dags/tutorial_taskflow_api.py took 0.595 seconds
[2023-01-14T21:15:16.267+0000] {processor.py:153} INFO - Started process (PID=8646) to work on /media/prempeh/Nouveau nom/MASTER2/DATA ENGINEERING/airflow/py_env/lib/python3.10/site-packages/airflow/example_dags/tutorial_taskflow_api.py
[2023-01-14T21:15:16.274+0000] {processor.py:743} INFO - Processing file /media/prempeh/Nouveau nom/MASTER2/DATA ENGINEERING/airflow/py_env/lib/python3.10/site-packages/airflow/example_dags/tutorial_taskflow_api.py for tasks to queue
[2023-01-14T21:15:16.288+0000] {logging_mixin.py:137} INFO - [2023-01-14T21:15:16.287+0000] {dagbag.py:538} INFO - Filling up the DagBag from /media/prempeh/Nouveau nom/MASTER2/DATA ENGINEERING/airflow/py_env/lib/python3.10/site-packages/airflow/example_dags/tutorial_taskflow_api.py
[2023-01-14T21:15:16.621+0000] {processor.py:753} INFO - DAG(s) dict_keys(['tutorial_taskflow_api']) retrieved from /media/prempeh/Nouveau nom/MASTER2/DATA ENGINEERING/airflow/py_env/lib/python3.10/site-packages/airflow/example_dags/tutorial_taskflow_api.py
[2023-01-14T21:15:16.918+0000] {logging_mixin.py:137} INFO - [2023-01-14T21:15:16.917+0000] {dag.py:2676} INFO - Sync 1 DAGs
[2023-01-14T21:15:17.039+0000] {logging_mixin.py:137} INFO - [2023-01-14T21:15:17.038+0000] {dag.py:3423} INFO - Setting next_dagrun for tutorial_taskflow_api to None, run_after=None
[2023-01-14T21:15:17.149+0000] {processor.py:175} INFO - Processing /media/prempeh/Nouveau nom/MASTER2/DATA ENGINEERING/airflow/py_env/lib/python3.10/site-packages/airflow/example_dags/tutorial_taskflow_api.py took 0.909 seconds
[2023-01-14T21:15:52.514+0000] {processor.py:153} INFO - Started process (PID=8872) to work on /media/prempeh/Nouveau nom/MASTER2/DATA ENGINEERING/airflow/py_env/lib/python3.10/site-packages/airflow/example_dags/tutorial_taskflow_api.py
[2023-01-14T21:15:52.523+0000] {processor.py:743} INFO - Processing file /media/prempeh/Nouveau nom/MASTER2/DATA ENGINEERING/airflow/py_env/lib/python3.10/site-packages/airflow/example_dags/tutorial_taskflow_api.py for tasks to queue
[2023-01-14T21:15:52.535+0000] {logging_mixin.py:137} INFO - [2023-01-14T21:15:52.535+0000] {dagbag.py:538} INFO - Filling up the DagBag from /media/prempeh/Nouveau nom/MASTER2/DATA ENGINEERING/airflow/py_env/lib/python3.10/site-packages/airflow/example_dags/tutorial_taskflow_api.py
[2023-01-14T21:15:52.865+0000] {processor.py:753} INFO - DAG(s) dict_keys(['tutorial_taskflow_api']) retrieved from /media/prempeh/Nouveau nom/MASTER2/DATA ENGINEERING/airflow/py_env/lib/python3.10/site-packages/airflow/example_dags/tutorial_taskflow_api.py
[2023-01-14T21:15:53.131+0000] {logging_mixin.py:137} INFO - [2023-01-14T21:15:53.130+0000] {dag.py:2676} INFO - Sync 1 DAGs
[2023-01-14T21:15:53.246+0000] {logging_mixin.py:137} INFO - [2023-01-14T21:15:53.245+0000] {dag.py:3423} INFO - Setting next_dagrun for tutorial_taskflow_api to None, run_after=None
[2023-01-14T21:15:53.374+0000] {processor.py:175} INFO - Processing /media/prempeh/Nouveau nom/MASTER2/DATA ENGINEERING/airflow/py_env/lib/python3.10/site-packages/airflow/example_dags/tutorial_taskflow_api.py took 0.878 seconds
[2023-01-14T21:16:27.929+0000] {processor.py:153} INFO - Started process (PID=9043) to work on /media/prempeh/Nouveau nom/MASTER2/DATA ENGINEERING/airflow/py_env/lib/python3.10/site-packages/airflow/example_dags/tutorial_taskflow_api.py
[2023-01-14T21:16:27.932+0000] {processor.py:743} INFO - Processing file /media/prempeh/Nouveau nom/MASTER2/DATA ENGINEERING/airflow/py_env/lib/python3.10/site-packages/airflow/example_dags/tutorial_taskflow_api.py for tasks to queue
[2023-01-14T21:16:27.937+0000] {logging_mixin.py:137} INFO - [2023-01-14T21:16:27.936+0000] {dagbag.py:538} INFO - Filling up the DagBag from /media/prempeh/Nouveau nom/MASTER2/DATA ENGINEERING/airflow/py_env/lib/python3.10/site-packages/airflow/example_dags/tutorial_taskflow_api.py
[2023-01-14T21:16:28.092+0000] {processor.py:753} INFO - DAG(s) dict_keys(['tutorial_taskflow_api']) retrieved from /media/prempeh/Nouveau nom/MASTER2/DATA ENGINEERING/airflow/py_env/lib/python3.10/site-packages/airflow/example_dags/tutorial_taskflow_api.py
[2023-01-14T21:16:28.209+0000] {logging_mixin.py:137} INFO - [2023-01-14T21:16:28.209+0000] {dag.py:2676} INFO - Sync 1 DAGs
[2023-01-14T21:16:28.273+0000] {logging_mixin.py:137} INFO - [2023-01-14T21:16:28.273+0000] {dag.py:3423} INFO - Setting next_dagrun for tutorial_taskflow_api to None, run_after=None
[2023-01-14T21:16:28.344+0000] {processor.py:175} INFO - Processing /media/prempeh/Nouveau nom/MASTER2/DATA ENGINEERING/airflow/py_env/lib/python3.10/site-packages/airflow/example_dags/tutorial_taskflow_api.py took 0.429 seconds
[2023-01-14T21:17:04.596+0000] {processor.py:153} INFO - Started process (PID=9136) to work on /media/prempeh/Nouveau nom/MASTER2/DATA ENGINEERING/airflow/py_env/lib/python3.10/site-packages/airflow/example_dags/tutorial_taskflow_api.py
[2023-01-14T21:17:04.598+0000] {processor.py:743} INFO - Processing file /media/prempeh/Nouveau nom/MASTER2/DATA ENGINEERING/airflow/py_env/lib/python3.10/site-packages/airflow/example_dags/tutorial_taskflow_api.py for tasks to queue
[2023-01-14T21:17:04.605+0000] {logging_mixin.py:137} INFO - [2023-01-14T21:17:04.604+0000] {dagbag.py:538} INFO - Filling up the DagBag from /media/prempeh/Nouveau nom/MASTER2/DATA ENGINEERING/airflow/py_env/lib/python3.10/site-packages/airflow/example_dags/tutorial_taskflow_api.py
[2023-01-14T21:17:04.773+0000] {processor.py:753} INFO - DAG(s) dict_keys(['tutorial_taskflow_api']) retrieved from /media/prempeh/Nouveau nom/MASTER2/DATA ENGINEERING/airflow/py_env/lib/python3.10/site-packages/airflow/example_dags/tutorial_taskflow_api.py
[2023-01-14T21:17:04.892+0000] {logging_mixin.py:137} INFO - [2023-01-14T21:17:04.891+0000] {dag.py:2676} INFO - Sync 1 DAGs
[2023-01-14T21:17:04.965+0000] {logging_mixin.py:137} INFO - [2023-01-14T21:17:04.965+0000] {dag.py:3423} INFO - Setting next_dagrun for tutorial_taskflow_api to None, run_after=None
[2023-01-14T21:17:05.035+0000] {processor.py:175} INFO - Processing /media/prempeh/Nouveau nom/MASTER2/DATA ENGINEERING/airflow/py_env/lib/python3.10/site-packages/airflow/example_dags/tutorial_taskflow_api.py took 0.448 seconds
[2023-01-14T21:17:40.118+0000] {processor.py:153} INFO - Started process (PID=9166) to work on /media/prempeh/Nouveau nom/MASTER2/DATA ENGINEERING/airflow/py_env/lib/python3.10/site-packages/airflow/example_dags/tutorial_taskflow_api.py
[2023-01-14T21:17:40.121+0000] {processor.py:743} INFO - Processing file /media/prempeh/Nouveau nom/MASTER2/DATA ENGINEERING/airflow/py_env/lib/python3.10/site-packages/airflow/example_dags/tutorial_taskflow_api.py for tasks to queue
[2023-01-14T21:17:40.127+0000] {logging_mixin.py:137} INFO - [2023-01-14T21:17:40.127+0000] {dagbag.py:538} INFO - Filling up the DagBag from /media/prempeh/Nouveau nom/MASTER2/DATA ENGINEERING/airflow/py_env/lib/python3.10/site-packages/airflow/example_dags/tutorial_taskflow_api.py
[2023-01-14T21:17:40.283+0000] {processor.py:753} INFO - DAG(s) dict_keys(['tutorial_taskflow_api']) retrieved from /media/prempeh/Nouveau nom/MASTER2/DATA ENGINEERING/airflow/py_env/lib/python3.10/site-packages/airflow/example_dags/tutorial_taskflow_api.py
[2023-01-14T21:17:40.400+0000] {logging_mixin.py:137} INFO - [2023-01-14T21:17:40.400+0000] {dag.py:2676} INFO - Sync 1 DAGs
[2023-01-14T21:17:40.466+0000] {logging_mixin.py:137} INFO - [2023-01-14T21:17:40.465+0000] {dag.py:3423} INFO - Setting next_dagrun for tutorial_taskflow_api to None, run_after=None
[2023-01-14T21:17:40.535+0000] {processor.py:175} INFO - Processing /media/prempeh/Nouveau nom/MASTER2/DATA ENGINEERING/airflow/py_env/lib/python3.10/site-packages/airflow/example_dags/tutorial_taskflow_api.py took 0.425 seconds
[2023-01-14T21:18:15.804+0000] {processor.py:153} INFO - Started process (PID=9262) to work on /media/prempeh/Nouveau nom/MASTER2/DATA ENGINEERING/airflow/py_env/lib/python3.10/site-packages/airflow/example_dags/tutorial_taskflow_api.py
[2023-01-14T21:18:15.808+0000] {processor.py:743} INFO - Processing file /media/prempeh/Nouveau nom/MASTER2/DATA ENGINEERING/airflow/py_env/lib/python3.10/site-packages/airflow/example_dags/tutorial_taskflow_api.py for tasks to queue
[2023-01-14T21:18:15.815+0000] {logging_mixin.py:137} INFO - [2023-01-14T21:18:15.815+0000] {dagbag.py:538} INFO - Filling up the DagBag from /media/prempeh/Nouveau nom/MASTER2/DATA ENGINEERING/airflow/py_env/lib/python3.10/site-packages/airflow/example_dags/tutorial_taskflow_api.py
[2023-01-14T21:18:15.990+0000] {processor.py:753} INFO - DAG(s) dict_keys(['tutorial_taskflow_api']) retrieved from /media/prempeh/Nouveau nom/MASTER2/DATA ENGINEERING/airflow/py_env/lib/python3.10/site-packages/airflow/example_dags/tutorial_taskflow_api.py
[2023-01-14T21:18:16.105+0000] {logging_mixin.py:137} INFO - [2023-01-14T21:18:16.104+0000] {dag.py:2676} INFO - Sync 1 DAGs
[2023-01-14T21:18:16.169+0000] {logging_mixin.py:137} INFO - [2023-01-14T21:18:16.169+0000] {dag.py:3423} INFO - Setting next_dagrun for tutorial_taskflow_api to None, run_after=None
[2023-01-14T21:18:16.236+0000] {processor.py:175} INFO - Processing /media/prempeh/Nouveau nom/MASTER2/DATA ENGINEERING/airflow/py_env/lib/python3.10/site-packages/airflow/example_dags/tutorial_taskflow_api.py took 0.442 seconds
[2023-01-14T21:18:52.827+0000] {processor.py:153} INFO - Started process (PID=9419) to work on /media/prempeh/Nouveau nom/MASTER2/DATA ENGINEERING/airflow/py_env/lib/python3.10/site-packages/airflow/example_dags/tutorial_taskflow_api.py
[2023-01-14T21:18:52.830+0000] {processor.py:743} INFO - Processing file /media/prempeh/Nouveau nom/MASTER2/DATA ENGINEERING/airflow/py_env/lib/python3.10/site-packages/airflow/example_dags/tutorial_taskflow_api.py for tasks to queue
[2023-01-14T21:18:52.838+0000] {logging_mixin.py:137} INFO - [2023-01-14T21:18:52.837+0000] {dagbag.py:538} INFO - Filling up the DagBag from /media/prempeh/Nouveau nom/MASTER2/DATA ENGINEERING/airflow/py_env/lib/python3.10/site-packages/airflow/example_dags/tutorial_taskflow_api.py
[2023-01-14T21:18:53.033+0000] {processor.py:753} INFO - DAG(s) dict_keys(['tutorial_taskflow_api']) retrieved from /media/prempeh/Nouveau nom/MASTER2/DATA ENGINEERING/airflow/py_env/lib/python3.10/site-packages/airflow/example_dags/tutorial_taskflow_api.py
[2023-01-14T21:18:53.179+0000] {logging_mixin.py:137} INFO - [2023-01-14T21:18:53.178+0000] {dag.py:2676} INFO - Sync 1 DAGs
[2023-01-14T21:18:53.278+0000] {logging_mixin.py:137} INFO - [2023-01-14T21:18:53.277+0000] {dag.py:3423} INFO - Setting next_dagrun for tutorial_taskflow_api to None, run_after=None
[2023-01-14T21:18:53.354+0000] {processor.py:175} INFO - Processing /media/prempeh/Nouveau nom/MASTER2/DATA ENGINEERING/airflow/py_env/lib/python3.10/site-packages/airflow/example_dags/tutorial_taskflow_api.py took 0.535 seconds
[2023-01-14T21:19:30.682+0000] {processor.py:153} INFO - Started process (PID=9566) to work on /media/prempeh/Nouveau nom/MASTER2/DATA ENGINEERING/airflow/py_env/lib/python3.10/site-packages/airflow/example_dags/tutorial_taskflow_api.py
[2023-01-14T21:19:30.685+0000] {processor.py:743} INFO - Processing file /media/prempeh/Nouveau nom/MASTER2/DATA ENGINEERING/airflow/py_env/lib/python3.10/site-packages/airflow/example_dags/tutorial_taskflow_api.py for tasks to queue
[2023-01-14T21:19:30.693+0000] {logging_mixin.py:137} INFO - [2023-01-14T21:19:30.693+0000] {dagbag.py:538} INFO - Filling up the DagBag from /media/prempeh/Nouveau nom/MASTER2/DATA ENGINEERING/airflow/py_env/lib/python3.10/site-packages/airflow/example_dags/tutorial_taskflow_api.py
[2023-01-14T21:19:30.872+0000] {processor.py:753} INFO - DAG(s) dict_keys(['tutorial_taskflow_api']) retrieved from /media/prempeh/Nouveau nom/MASTER2/DATA ENGINEERING/airflow/py_env/lib/python3.10/site-packages/airflow/example_dags/tutorial_taskflow_api.py
[2023-01-14T21:19:30.997+0000] {logging_mixin.py:137} INFO - [2023-01-14T21:19:30.996+0000] {dag.py:2676} INFO - Sync 1 DAGs
[2023-01-14T21:19:31.056+0000] {logging_mixin.py:137} INFO - [2023-01-14T21:19:31.055+0000] {dag.py:3423} INFO - Setting next_dagrun for tutorial_taskflow_api to None, run_after=None
[2023-01-14T21:19:31.125+0000] {processor.py:175} INFO - Processing /media/prempeh/Nouveau nom/MASTER2/DATA ENGINEERING/airflow/py_env/lib/python3.10/site-packages/airflow/example_dags/tutorial_taskflow_api.py took 0.451 seconds
[2023-01-14T21:20:06.707+0000] {processor.py:153} INFO - Started process (PID=9716) to work on /media/prempeh/Nouveau nom/MASTER2/DATA ENGINEERING/airflow/py_env/lib/python3.10/site-packages/airflow/example_dags/tutorial_taskflow_api.py
[2023-01-14T21:20:06.712+0000] {processor.py:743} INFO - Processing file /media/prempeh/Nouveau nom/MASTER2/DATA ENGINEERING/airflow/py_env/lib/python3.10/site-packages/airflow/example_dags/tutorial_taskflow_api.py for tasks to queue
[2023-01-14T21:20:06.720+0000] {logging_mixin.py:137} INFO - [2023-01-14T21:20:06.720+0000] {dagbag.py:538} INFO - Filling up the DagBag from /media/prempeh/Nouveau nom/MASTER2/DATA ENGINEERING/airflow/py_env/lib/python3.10/site-packages/airflow/example_dags/tutorial_taskflow_api.py
[2023-01-14T21:20:06.923+0000] {processor.py:753} INFO - DAG(s) dict_keys(['tutorial_taskflow_api']) retrieved from /media/prempeh/Nouveau nom/MASTER2/DATA ENGINEERING/airflow/py_env/lib/python3.10/site-packages/airflow/example_dags/tutorial_taskflow_api.py
[2023-01-14T21:20:07.088+0000] {logging_mixin.py:137} INFO - [2023-01-14T21:20:07.087+0000] {dag.py:2676} INFO - Sync 1 DAGs
[2023-01-14T21:20:07.152+0000] {logging_mixin.py:137} INFO - [2023-01-14T21:20:07.151+0000] {dag.py:3423} INFO - Setting next_dagrun for tutorial_taskflow_api to None, run_after=None
[2023-01-14T21:20:07.225+0000] {processor.py:175} INFO - Processing /media/prempeh/Nouveau nom/MASTER2/DATA ENGINEERING/airflow/py_env/lib/python3.10/site-packages/airflow/example_dags/tutorial_taskflow_api.py took 0.527 seconds
[2023-01-14T21:20:41.538+0000] {processor.py:153} INFO - Started process (PID=9799) to work on /media/prempeh/Nouveau nom/MASTER2/DATA ENGINEERING/airflow/py_env/lib/python3.10/site-packages/airflow/example_dags/tutorial_taskflow_api.py
[2023-01-14T21:20:41.541+0000] {processor.py:743} INFO - Processing file /media/prempeh/Nouveau nom/MASTER2/DATA ENGINEERING/airflow/py_env/lib/python3.10/site-packages/airflow/example_dags/tutorial_taskflow_api.py for tasks to queue
[2023-01-14T21:20:41.545+0000] {logging_mixin.py:137} INFO - [2023-01-14T21:20:41.545+0000] {dagbag.py:538} INFO - Filling up the DagBag from /media/prempeh/Nouveau nom/MASTER2/DATA ENGINEERING/airflow/py_env/lib/python3.10/site-packages/airflow/example_dags/tutorial_taskflow_api.py
[2023-01-14T21:20:41.708+0000] {processor.py:753} INFO - DAG(s) dict_keys(['tutorial_taskflow_api']) retrieved from /media/prempeh/Nouveau nom/MASTER2/DATA ENGINEERING/airflow/py_env/lib/python3.10/site-packages/airflow/example_dags/tutorial_taskflow_api.py
[2023-01-14T21:20:41.836+0000] {logging_mixin.py:137} INFO - [2023-01-14T21:20:41.836+0000] {dag.py:2676} INFO - Sync 1 DAGs
[2023-01-14T21:20:41.904+0000] {logging_mixin.py:137} INFO - [2023-01-14T21:20:41.904+0000] {dag.py:3423} INFO - Setting next_dagrun for tutorial_taskflow_api to None, run_after=None
[2023-01-14T21:20:42.004+0000] {processor.py:175} INFO - Processing /media/prempeh/Nouveau nom/MASTER2/DATA ENGINEERING/airflow/py_env/lib/python3.10/site-packages/airflow/example_dags/tutorial_taskflow_api.py took 0.476 seconds
[2023-01-14T21:21:15.584+0000] {processor.py:153} INFO - Started process (PID=9827) to work on /media/prempeh/Nouveau nom/MASTER2/DATA ENGINEERING/airflow/py_env/lib/python3.10/site-packages/airflow/example_dags/tutorial_taskflow_api.py
[2023-01-14T21:21:15.587+0000] {processor.py:743} INFO - Processing file /media/prempeh/Nouveau nom/MASTER2/DATA ENGINEERING/airflow/py_env/lib/python3.10/site-packages/airflow/example_dags/tutorial_taskflow_api.py for tasks to queue
[2023-01-14T21:21:15.592+0000] {logging_mixin.py:137} INFO - [2023-01-14T21:21:15.592+0000] {dagbag.py:538} INFO - Filling up the DagBag from /media/prempeh/Nouveau nom/MASTER2/DATA ENGINEERING/airflow/py_env/lib/python3.10/site-packages/airflow/example_dags/tutorial_taskflow_api.py
[2023-01-14T21:21:15.779+0000] {processor.py:753} INFO - DAG(s) dict_keys(['tutorial_taskflow_api']) retrieved from /media/prempeh/Nouveau nom/MASTER2/DATA ENGINEERING/airflow/py_env/lib/python3.10/site-packages/airflow/example_dags/tutorial_taskflow_api.py
[2023-01-14T21:21:15.930+0000] {logging_mixin.py:137} INFO - [2023-01-14T21:21:15.929+0000] {dag.py:2676} INFO - Sync 1 DAGs
[2023-01-14T21:21:15.998+0000] {logging_mixin.py:137} INFO - [2023-01-14T21:21:15.997+0000] {dag.py:3423} INFO - Setting next_dagrun for tutorial_taskflow_api to None, run_after=None
[2023-01-14T21:21:16.076+0000] {processor.py:175} INFO - Processing /media/prempeh/Nouveau nom/MASTER2/DATA ENGINEERING/airflow/py_env/lib/python3.10/site-packages/airflow/example_dags/tutorial_taskflow_api.py took 0.503 seconds
[2023-01-14T21:21:50.044+0000] {processor.py:153} INFO - Started process (PID=9884) to work on /media/prempeh/Nouveau nom/MASTER2/DATA ENGINEERING/airflow/py_env/lib/python3.10/site-packages/airflow/example_dags/tutorial_taskflow_api.py
[2023-01-14T21:21:50.047+0000] {processor.py:743} INFO - Processing file /media/prempeh/Nouveau nom/MASTER2/DATA ENGINEERING/airflow/py_env/lib/python3.10/site-packages/airflow/example_dags/tutorial_taskflow_api.py for tasks to queue
[2023-01-14T21:21:50.051+0000] {logging_mixin.py:137} INFO - [2023-01-14T21:21:50.050+0000] {dagbag.py:538} INFO - Filling up the DagBag from /media/prempeh/Nouveau nom/MASTER2/DATA ENGINEERING/airflow/py_env/lib/python3.10/site-packages/airflow/example_dags/tutorial_taskflow_api.py
[2023-01-14T21:21:50.222+0000] {processor.py:753} INFO - DAG(s) dict_keys(['tutorial_taskflow_api']) retrieved from /media/prempeh/Nouveau nom/MASTER2/DATA ENGINEERING/airflow/py_env/lib/python3.10/site-packages/airflow/example_dags/tutorial_taskflow_api.py
[2023-01-14T21:21:50.339+0000] {logging_mixin.py:137} INFO - [2023-01-14T21:21:50.338+0000] {dag.py:2676} INFO - Sync 1 DAGs
[2023-01-14T21:21:50.396+0000] {logging_mixin.py:137} INFO - [2023-01-14T21:21:50.396+0000] {dag.py:3423} INFO - Setting next_dagrun for tutorial_taskflow_api to None, run_after=None
[2023-01-14T21:21:50.466+0000] {processor.py:175} INFO - Processing /media/prempeh/Nouveau nom/MASTER2/DATA ENGINEERING/airflow/py_env/lib/python3.10/site-packages/airflow/example_dags/tutorial_taskflow_api.py took 0.430 seconds
[2023-01-14T21:22:26.341+0000] {processor.py:153} INFO - Started process (PID=10062) to work on /media/prempeh/Nouveau nom/MASTER2/DATA ENGINEERING/airflow/py_env/lib/python3.10/site-packages/airflow/example_dags/tutorial_taskflow_api.py
[2023-01-14T21:22:26.343+0000] {processor.py:743} INFO - Processing file /media/prempeh/Nouveau nom/MASTER2/DATA ENGINEERING/airflow/py_env/lib/python3.10/site-packages/airflow/example_dags/tutorial_taskflow_api.py for tasks to queue
[2023-01-14T21:22:26.347+0000] {logging_mixin.py:137} INFO - [2023-01-14T21:22:26.347+0000] {dagbag.py:538} INFO - Filling up the DagBag from /media/prempeh/Nouveau nom/MASTER2/DATA ENGINEERING/airflow/py_env/lib/python3.10/site-packages/airflow/example_dags/tutorial_taskflow_api.py
[2023-01-14T21:22:26.571+0000] {processor.py:753} INFO - DAG(s) dict_keys(['tutorial_taskflow_api']) retrieved from /media/prempeh/Nouveau nom/MASTER2/DATA ENGINEERING/airflow/py_env/lib/python3.10/site-packages/airflow/example_dags/tutorial_taskflow_api.py
[2023-01-14T21:22:26.739+0000] {logging_mixin.py:137} INFO - [2023-01-14T21:22:26.738+0000] {dag.py:2676} INFO - Sync 1 DAGs
[2023-01-14T21:22:26.825+0000] {logging_mixin.py:137} INFO - [2023-01-14T21:22:26.824+0000] {dag.py:3423} INFO - Setting next_dagrun for tutorial_taskflow_api to None, run_after=None
[2023-01-14T21:22:26.925+0000] {processor.py:175} INFO - Processing /media/prempeh/Nouveau nom/MASTER2/DATA ENGINEERING/airflow/py_env/lib/python3.10/site-packages/airflow/example_dags/tutorial_taskflow_api.py took 0.592 seconds
[2023-01-14T21:23:05.427+0000] {processor.py:153} INFO - Started process (PID=10300) to work on /media/prempeh/Nouveau nom/MASTER2/DATA ENGINEERING/airflow/py_env/lib/python3.10/site-packages/airflow/example_dags/tutorial_taskflow_api.py
[2023-01-14T21:23:05.429+0000] {processor.py:743} INFO - Processing file /media/prempeh/Nouveau nom/MASTER2/DATA ENGINEERING/airflow/py_env/lib/python3.10/site-packages/airflow/example_dags/tutorial_taskflow_api.py for tasks to queue
[2023-01-14T21:23:05.433+0000] {logging_mixin.py:137} INFO - [2023-01-14T21:23:05.433+0000] {dagbag.py:538} INFO - Filling up the DagBag from /media/prempeh/Nouveau nom/MASTER2/DATA ENGINEERING/airflow/py_env/lib/python3.10/site-packages/airflow/example_dags/tutorial_taskflow_api.py
[2023-01-14T21:23:05.623+0000] {processor.py:753} INFO - DAG(s) dict_keys(['tutorial_taskflow_api']) retrieved from /media/prempeh/Nouveau nom/MASTER2/DATA ENGINEERING/airflow/py_env/lib/python3.10/site-packages/airflow/example_dags/tutorial_taskflow_api.py
[2023-01-14T21:23:05.743+0000] {logging_mixin.py:137} INFO - [2023-01-14T21:23:05.743+0000] {dag.py:2676} INFO - Sync 1 DAGs
[2023-01-14T21:23:05.803+0000] {logging_mixin.py:137} INFO - [2023-01-14T21:23:05.802+0000] {dag.py:3423} INFO - Setting next_dagrun for tutorial_taskflow_api to None, run_after=None
[2023-01-14T21:23:05.875+0000] {processor.py:175} INFO - Processing /media/prempeh/Nouveau nom/MASTER2/DATA ENGINEERING/airflow/py_env/lib/python3.10/site-packages/airflow/example_dags/tutorial_taskflow_api.py took 0.457 seconds
[2023-01-14T21:23:41.647+0000] {processor.py:153} INFO - Started process (PID=10355) to work on /media/prempeh/Nouveau nom/MASTER2/DATA ENGINEERING/airflow/py_env/lib/python3.10/site-packages/airflow/example_dags/tutorial_taskflow_api.py
[2023-01-14T21:23:41.649+0000] {processor.py:743} INFO - Processing file /media/prempeh/Nouveau nom/MASTER2/DATA ENGINEERING/airflow/py_env/lib/python3.10/site-packages/airflow/example_dags/tutorial_taskflow_api.py for tasks to queue
[2023-01-14T21:23:41.654+0000] {logging_mixin.py:137} INFO - [2023-01-14T21:23:41.654+0000] {dagbag.py:538} INFO - Filling up the DagBag from /media/prempeh/Nouveau nom/MASTER2/DATA ENGINEERING/airflow/py_env/lib/python3.10/site-packages/airflow/example_dags/tutorial_taskflow_api.py
[2023-01-14T21:23:41.842+0000] {processor.py:753} INFO - DAG(s) dict_keys(['tutorial_taskflow_api']) retrieved from /media/prempeh/Nouveau nom/MASTER2/DATA ENGINEERING/airflow/py_env/lib/python3.10/site-packages/airflow/example_dags/tutorial_taskflow_api.py
[2023-01-14T21:23:41.974+0000] {logging_mixin.py:137} INFO - [2023-01-14T21:23:41.973+0000] {dag.py:2676} INFO - Sync 1 DAGs
[2023-01-14T21:23:42.049+0000] {logging_mixin.py:137} INFO - [2023-01-14T21:23:42.049+0000] {dag.py:3423} INFO - Setting next_dagrun for tutorial_taskflow_api to None, run_after=None
[2023-01-14T21:23:42.128+0000] {processor.py:175} INFO - Processing /media/prempeh/Nouveau nom/MASTER2/DATA ENGINEERING/airflow/py_env/lib/python3.10/site-packages/airflow/example_dags/tutorial_taskflow_api.py took 0.490 seconds
[2023-01-14T21:24:42.563+0000] {processor.py:153} INFO - Started process (PID=10431) to work on /media/prempeh/Nouveau nom/MASTER2/DATA ENGINEERING/airflow/py_env/lib/python3.10/site-packages/airflow/example_dags/tutorial_taskflow_api.py
[2023-01-14T21:24:42.565+0000] {processor.py:743} INFO - Processing file /media/prempeh/Nouveau nom/MASTER2/DATA ENGINEERING/airflow/py_env/lib/python3.10/site-packages/airflow/example_dags/tutorial_taskflow_api.py for tasks to queue
[2023-01-14T21:24:42.569+0000] {logging_mixin.py:137} INFO - [2023-01-14T21:24:42.569+0000] {dagbag.py:538} INFO - Filling up the DagBag from /media/prempeh/Nouveau nom/MASTER2/DATA ENGINEERING/airflow/py_env/lib/python3.10/site-packages/airflow/example_dags/tutorial_taskflow_api.py
[2023-01-14T21:24:42.740+0000] {processor.py:753} INFO - DAG(s) dict_keys(['tutorial_taskflow_api']) retrieved from /media/prempeh/Nouveau nom/MASTER2/DATA ENGINEERING/airflow/py_env/lib/python3.10/site-packages/airflow/example_dags/tutorial_taskflow_api.py
[2023-01-14T21:24:42.864+0000] {logging_mixin.py:137} INFO - [2023-01-14T21:24:42.864+0000] {dag.py:2676} INFO - Sync 1 DAGs
[2023-01-14T21:24:42.920+0000] {logging_mixin.py:137} INFO - [2023-01-14T21:24:42.920+0000] {dag.py:3423} INFO - Setting next_dagrun for tutorial_taskflow_api to None, run_after=None
[2023-01-14T21:24:43.001+0000] {processor.py:175} INFO - Processing /media/prempeh/Nouveau nom/MASTER2/DATA ENGINEERING/airflow/py_env/lib/python3.10/site-packages/airflow/example_dags/tutorial_taskflow_api.py took 0.445 seconds
[2023-01-14T21:25:21.301+0000] {processor.py:153} INFO - Started process (PID=10467) to work on /media/prempeh/Nouveau nom/MASTER2/DATA ENGINEERING/airflow/py_env/lib/python3.10/site-packages/airflow/example_dags/tutorial_taskflow_api.py
[2023-01-14T21:25:21.305+0000] {processor.py:743} INFO - Processing file /media/prempeh/Nouveau nom/MASTER2/DATA ENGINEERING/airflow/py_env/lib/python3.10/site-packages/airflow/example_dags/tutorial_taskflow_api.py for tasks to queue
[2023-01-14T21:25:21.315+0000] {logging_mixin.py:137} INFO - [2023-01-14T21:25:21.314+0000] {dagbag.py:538} INFO - Filling up the DagBag from /media/prempeh/Nouveau nom/MASTER2/DATA ENGINEERING/airflow/py_env/lib/python3.10/site-packages/airflow/example_dags/tutorial_taskflow_api.py
[2023-01-14T21:25:21.697+0000] {processor.py:753} INFO - DAG(s) dict_keys(['tutorial_taskflow_api']) retrieved from /media/prempeh/Nouveau nom/MASTER2/DATA ENGINEERING/airflow/py_env/lib/python3.10/site-packages/airflow/example_dags/tutorial_taskflow_api.py
[2023-01-14T21:25:21.941+0000] {logging_mixin.py:137} INFO - [2023-01-14T21:25:21.940+0000] {dag.py:2676} INFO - Sync 1 DAGs
[2023-01-14T21:25:22.014+0000] {logging_mixin.py:137} INFO - [2023-01-14T21:25:22.014+0000] {dag.py:3423} INFO - Setting next_dagrun for tutorial_taskflow_api to None, run_after=None
[2023-01-14T21:25:22.083+0000] {processor.py:175} INFO - Processing /media/prempeh/Nouveau nom/MASTER2/DATA ENGINEERING/airflow/py_env/lib/python3.10/site-packages/airflow/example_dags/tutorial_taskflow_api.py took 0.800 seconds
[2023-01-14T21:25:59.214+0000] {processor.py:153} INFO - Started process (PID=10562) to work on /media/prempeh/Nouveau nom/MASTER2/DATA ENGINEERING/airflow/py_env/lib/python3.10/site-packages/airflow/example_dags/tutorial_taskflow_api.py
[2023-01-14T21:25:59.216+0000] {processor.py:743} INFO - Processing file /media/prempeh/Nouveau nom/MASTER2/DATA ENGINEERING/airflow/py_env/lib/python3.10/site-packages/airflow/example_dags/tutorial_taskflow_api.py for tasks to queue
[2023-01-14T21:25:59.221+0000] {logging_mixin.py:137} INFO - [2023-01-14T21:25:59.220+0000] {dagbag.py:538} INFO - Filling up the DagBag from /media/prempeh/Nouveau nom/MASTER2/DATA ENGINEERING/airflow/py_env/lib/python3.10/site-packages/airflow/example_dags/tutorial_taskflow_api.py
[2023-01-14T21:25:59.416+0000] {processor.py:753} INFO - DAG(s) dict_keys(['tutorial_taskflow_api']) retrieved from /media/prempeh/Nouveau nom/MASTER2/DATA ENGINEERING/airflow/py_env/lib/python3.10/site-packages/airflow/example_dags/tutorial_taskflow_api.py
[2023-01-14T21:25:59.570+0000] {logging_mixin.py:137} INFO - [2023-01-14T21:25:59.570+0000] {dag.py:2676} INFO - Sync 1 DAGs
[2023-01-14T21:25:59.642+0000] {logging_mixin.py:137} INFO - [2023-01-14T21:25:59.641+0000] {dag.py:3423} INFO - Setting next_dagrun for tutorial_taskflow_api to None, run_after=None
[2023-01-14T21:25:59.716+0000] {processor.py:175} INFO - Processing /media/prempeh/Nouveau nom/MASTER2/DATA ENGINEERING/airflow/py_env/lib/python3.10/site-packages/airflow/example_dags/tutorial_taskflow_api.py took 0.512 seconds
[2023-01-14T21:26:35.489+0000] {processor.py:153} INFO - Started process (PID=10659) to work on /media/prempeh/Nouveau nom/MASTER2/DATA ENGINEERING/airflow/py_env/lib/python3.10/site-packages/airflow/example_dags/tutorial_taskflow_api.py
[2023-01-14T21:26:35.492+0000] {processor.py:743} INFO - Processing file /media/prempeh/Nouveau nom/MASTER2/DATA ENGINEERING/airflow/py_env/lib/python3.10/site-packages/airflow/example_dags/tutorial_taskflow_api.py for tasks to queue
[2023-01-14T21:26:35.498+0000] {logging_mixin.py:137} INFO - [2023-01-14T21:26:35.497+0000] {dagbag.py:538} INFO - Filling up the DagBag from /media/prempeh/Nouveau nom/MASTER2/DATA ENGINEERING/airflow/py_env/lib/python3.10/site-packages/airflow/example_dags/tutorial_taskflow_api.py
[2023-01-14T21:26:35.717+0000] {processor.py:753} INFO - DAG(s) dict_keys(['tutorial_taskflow_api']) retrieved from /media/prempeh/Nouveau nom/MASTER2/DATA ENGINEERING/airflow/py_env/lib/python3.10/site-packages/airflow/example_dags/tutorial_taskflow_api.py
[2023-01-14T21:26:35.890+0000] {logging_mixin.py:137} INFO - [2023-01-14T21:26:35.890+0000] {dag.py:2676} INFO - Sync 1 DAGs
[2023-01-14T21:26:35.965+0000] {logging_mixin.py:137} INFO - [2023-01-14T21:26:35.965+0000] {dag.py:3423} INFO - Setting next_dagrun for tutorial_taskflow_api to None, run_after=None
[2023-01-14T21:26:36.038+0000] {processor.py:175} INFO - Processing /media/prempeh/Nouveau nom/MASTER2/DATA ENGINEERING/airflow/py_env/lib/python3.10/site-packages/airflow/example_dags/tutorial_taskflow_api.py took 0.559 seconds
[2023-01-14T21:27:11.316+0000] {processor.py:153} INFO - Started process (PID=10744) to work on /media/prempeh/Nouveau nom/MASTER2/DATA ENGINEERING/airflow/py_env/lib/python3.10/site-packages/airflow/example_dags/tutorial_taskflow_api.py
[2023-01-14T21:27:11.321+0000] {processor.py:743} INFO - Processing file /media/prempeh/Nouveau nom/MASTER2/DATA ENGINEERING/airflow/py_env/lib/python3.10/site-packages/airflow/example_dags/tutorial_taskflow_api.py for tasks to queue
[2023-01-14T21:27:11.340+0000] {logging_mixin.py:137} INFO - [2023-01-14T21:27:11.338+0000] {dagbag.py:538} INFO - Filling up the DagBag from /media/prempeh/Nouveau nom/MASTER2/DATA ENGINEERING/airflow/py_env/lib/python3.10/site-packages/airflow/example_dags/tutorial_taskflow_api.py
[2023-01-14T21:27:11.648+0000] {processor.py:753} INFO - DAG(s) dict_keys(['tutorial_taskflow_api']) retrieved from /media/prempeh/Nouveau nom/MASTER2/DATA ENGINEERING/airflow/py_env/lib/python3.10/site-packages/airflow/example_dags/tutorial_taskflow_api.py
[2023-01-14T21:27:11.892+0000] {logging_mixin.py:137} INFO - [2023-01-14T21:27:11.891+0000] {dag.py:2676} INFO - Sync 1 DAGs
[2023-01-14T21:27:12.016+0000] {logging_mixin.py:137} INFO - [2023-01-14T21:27:12.015+0000] {dag.py:3423} INFO - Setting next_dagrun for tutorial_taskflow_api to None, run_after=None
[2023-01-14T21:27:12.125+0000] {processor.py:175} INFO - Processing /media/prempeh/Nouveau nom/MASTER2/DATA ENGINEERING/airflow/py_env/lib/python3.10/site-packages/airflow/example_dags/tutorial_taskflow_api.py took 0.827 seconds
