[2023-01-14T20:52:39.534+0000] {processor.py:153} INFO - Started process (PID=6402) to work on /media/prempeh/Nouveau nom/MASTER2/DATA ENGINEERING/airflow/py_env/lib/python3.10/site-packages/airflow/example_dags/tutorial_dag.py
[2023-01-14T20:52:39.537+0000] {processor.py:743} INFO - Processing file /media/prempeh/Nouveau nom/MASTER2/DATA ENGINEERING/airflow/py_env/lib/python3.10/site-packages/airflow/example_dags/tutorial_dag.py for tasks to queue
[2023-01-14T20:52:39.542+0000] {logging_mixin.py:137} INFO - [2023-01-14T20:52:39.542+0000] {dagbag.py:538} INFO - Filling up the DagBag from /media/prempeh/Nouveau nom/MASTER2/DATA ENGINEERING/airflow/py_env/lib/python3.10/site-packages/airflow/example_dags/tutorial_dag.py
[2023-01-14T20:52:39.645+0000] {processor.py:753} INFO - DAG(s) dict_keys(['tutorial_dag']) retrieved from /media/prempeh/Nouveau nom/MASTER2/DATA ENGINEERING/airflow/py_env/lib/python3.10/site-packages/airflow/example_dags/tutorial_dag.py
[2023-01-14T20:52:40.262+0000] {logging_mixin.py:137} INFO - [2023-01-14T20:52:40.261+0000] {manager.py:504} INFO - Created Permission View: can edit on DAG:tutorial_dag
[2023-01-14T20:52:40.292+0000] {logging_mixin.py:137} INFO - [2023-01-14T20:52:40.291+0000] {manager.py:504} INFO - Created Permission View: can delete on DAG:tutorial_dag
[2023-01-14T20:52:40.316+0000] {logging_mixin.py:137} INFO - [2023-01-14T20:52:40.316+0000] {manager.py:504} INFO - Created Permission View: can read on DAG:tutorial_dag
[2023-01-14T20:52:40.318+0000] {logging_mixin.py:137} INFO - [2023-01-14T20:52:40.317+0000] {dag.py:2676} INFO - Sync 1 DAGs
[2023-01-14T20:52:40.348+0000] {logging_mixin.py:137} INFO - [2023-01-14T20:52:40.348+0000] {dag.py:2697} INFO - Creating ORM DAG for tutorial_dag
[2023-01-14T20:52:40.376+0000] {logging_mixin.py:137} INFO - [2023-01-14T20:52:40.376+0000] {dag.py:3423} INFO - Setting next_dagrun for tutorial_dag to None, run_after=None
[2023-01-14T20:52:40.432+0000] {processor.py:175} INFO - Processing /media/prempeh/Nouveau nom/MASTER2/DATA ENGINEERING/airflow/py_env/lib/python3.10/site-packages/airflow/example_dags/tutorial_dag.py took 0.907 seconds
[2023-01-14T20:53:57.208+0000] {processor.py:153} INFO - Started process (PID=6707) to work on /media/prempeh/Nouveau nom/MASTER2/DATA ENGINEERING/airflow/py_env/lib/python3.10/site-packages/airflow/example_dags/tutorial_dag.py
[2023-01-14T20:53:57.212+0000] {processor.py:743} INFO - Processing file /media/prempeh/Nouveau nom/MASTER2/DATA ENGINEERING/airflow/py_env/lib/python3.10/site-packages/airflow/example_dags/tutorial_dag.py for tasks to queue
[2023-01-14T20:53:57.219+0000] {logging_mixin.py:137} INFO - [2023-01-14T20:53:57.219+0000] {dagbag.py:538} INFO - Filling up the DagBag from /media/prempeh/Nouveau nom/MASTER2/DATA ENGINEERING/airflow/py_env/lib/python3.10/site-packages/airflow/example_dags/tutorial_dag.py
[2023-01-14T20:53:57.417+0000] {processor.py:753} INFO - DAG(s) dict_keys(['tutorial_dag']) retrieved from /media/prempeh/Nouveau nom/MASTER2/DATA ENGINEERING/airflow/py_env/lib/python3.10/site-packages/airflow/example_dags/tutorial_dag.py
[2023-01-14T20:53:57.571+0000] {logging_mixin.py:137} INFO - [2023-01-14T20:53:57.570+0000] {dag.py:2676} INFO - Sync 1 DAGs
[2023-01-14T20:53:57.631+0000] {logging_mixin.py:137} INFO - [2023-01-14T20:53:57.630+0000] {dag.py:3423} INFO - Setting next_dagrun for tutorial_dag to None, run_after=None
[2023-01-14T20:53:57.699+0000] {processor.py:175} INFO - Processing /media/prempeh/Nouveau nom/MASTER2/DATA ENGINEERING/airflow/py_env/lib/python3.10/site-packages/airflow/example_dags/tutorial_dag.py took 0.504 seconds
[2023-01-14T20:54:34.237+0000] {processor.py:153} INFO - Started process (PID=6732) to work on /media/prempeh/Nouveau nom/MASTER2/DATA ENGINEERING/airflow/py_env/lib/python3.10/site-packages/airflow/example_dags/tutorial_dag.py
[2023-01-14T20:54:34.241+0000] {processor.py:743} INFO - Processing file /media/prempeh/Nouveau nom/MASTER2/DATA ENGINEERING/airflow/py_env/lib/python3.10/site-packages/airflow/example_dags/tutorial_dag.py for tasks to queue
[2023-01-14T20:54:34.246+0000] {logging_mixin.py:137} INFO - [2023-01-14T20:54:34.246+0000] {dagbag.py:538} INFO - Filling up the DagBag from /media/prempeh/Nouveau nom/MASTER2/DATA ENGINEERING/airflow/py_env/lib/python3.10/site-packages/airflow/example_dags/tutorial_dag.py
[2023-01-14T20:54:34.358+0000] {processor.py:753} INFO - DAG(s) dict_keys(['tutorial_dag']) retrieved from /media/prempeh/Nouveau nom/MASTER2/DATA ENGINEERING/airflow/py_env/lib/python3.10/site-packages/airflow/example_dags/tutorial_dag.py
[2023-01-14T20:54:34.602+0000] {logging_mixin.py:137} INFO - [2023-01-14T20:54:34.602+0000] {dag.py:2676} INFO - Sync 1 DAGs
[2023-01-14T20:54:34.727+0000] {logging_mixin.py:137} INFO - [2023-01-14T20:54:34.726+0000] {dag.py:3423} INFO - Setting next_dagrun for tutorial_dag to None, run_after=None
[2023-01-14T20:54:34.844+0000] {processor.py:175} INFO - Processing /media/prempeh/Nouveau nom/MASTER2/DATA ENGINEERING/airflow/py_env/lib/python3.10/site-packages/airflow/example_dags/tutorial_dag.py took 0.633 seconds
[2023-01-14T20:55:35.103+0000] {processor.py:153} INFO - Started process (PID=6771) to work on /media/prempeh/Nouveau nom/MASTER2/DATA ENGINEERING/airflow/py_env/lib/python3.10/site-packages/airflow/example_dags/tutorial_dag.py
[2023-01-14T20:55:35.106+0000] {processor.py:743} INFO - Processing file /media/prempeh/Nouveau nom/MASTER2/DATA ENGINEERING/airflow/py_env/lib/python3.10/site-packages/airflow/example_dags/tutorial_dag.py for tasks to queue
[2023-01-14T20:55:35.111+0000] {logging_mixin.py:137} INFO - [2023-01-14T20:55:35.110+0000] {dagbag.py:538} INFO - Filling up the DagBag from /media/prempeh/Nouveau nom/MASTER2/DATA ENGINEERING/airflow/py_env/lib/python3.10/site-packages/airflow/example_dags/tutorial_dag.py
[2023-01-14T20:55:35.239+0000] {processor.py:753} INFO - DAG(s) dict_keys(['tutorial_dag']) retrieved from /media/prempeh/Nouveau nom/MASTER2/DATA ENGINEERING/airflow/py_env/lib/python3.10/site-packages/airflow/example_dags/tutorial_dag.py
[2023-01-14T20:55:35.383+0000] {logging_mixin.py:137} INFO - [2023-01-14T20:55:35.382+0000] {dag.py:2676} INFO - Sync 1 DAGs
[2023-01-14T20:55:35.454+0000] {logging_mixin.py:137} INFO - [2023-01-14T20:55:35.453+0000] {dag.py:3423} INFO - Setting next_dagrun for tutorial_dag to None, run_after=None
[2023-01-14T20:55:35.531+0000] {processor.py:175} INFO - Processing /media/prempeh/Nouveau nom/MASTER2/DATA ENGINEERING/airflow/py_env/lib/python3.10/site-packages/airflow/example_dags/tutorial_dag.py took 0.437 seconds
[2023-01-14T20:56:31.974+0000] {processor.py:153} INFO - Started process (PID=6894) to work on /media/prempeh/Nouveau nom/MASTER2/DATA ENGINEERING/airflow/py_env/lib/python3.10/site-packages/airflow/example_dags/tutorial_dag.py
[2023-01-14T20:56:31.978+0000] {processor.py:743} INFO - Processing file /media/prempeh/Nouveau nom/MASTER2/DATA ENGINEERING/airflow/py_env/lib/python3.10/site-packages/airflow/example_dags/tutorial_dag.py for tasks to queue
[2023-01-14T20:56:31.984+0000] {logging_mixin.py:137} INFO - [2023-01-14T20:56:31.983+0000] {dagbag.py:538} INFO - Filling up the DagBag from /media/prempeh/Nouveau nom/MASTER2/DATA ENGINEERING/airflow/py_env/lib/python3.10/site-packages/airflow/example_dags/tutorial_dag.py
[2023-01-14T20:56:32.103+0000] {processor.py:753} INFO - DAG(s) dict_keys(['tutorial_dag']) retrieved from /media/prempeh/Nouveau nom/MASTER2/DATA ENGINEERING/airflow/py_env/lib/python3.10/site-packages/airflow/example_dags/tutorial_dag.py
[2023-01-14T20:56:32.249+0000] {logging_mixin.py:137} INFO - [2023-01-14T20:56:32.249+0000] {dag.py:2676} INFO - Sync 1 DAGs
[2023-01-14T20:56:32.314+0000] {logging_mixin.py:137} INFO - [2023-01-14T20:56:32.313+0000] {dag.py:3423} INFO - Setting next_dagrun for tutorial_dag to None, run_after=None
[2023-01-14T20:56:32.387+0000] {processor.py:175} INFO - Processing /media/prempeh/Nouveau nom/MASTER2/DATA ENGINEERING/airflow/py_env/lib/python3.10/site-packages/airflow/example_dags/tutorial_dag.py took 0.421 seconds
[2023-01-14T20:57:35.219+0000] {processor.py:153} INFO - Started process (PID=7092) to work on /media/prempeh/Nouveau nom/MASTER2/DATA ENGINEERING/airflow/py_env/lib/python3.10/site-packages/airflow/example_dags/tutorial_dag.py
[2023-01-14T20:57:35.222+0000] {processor.py:743} INFO - Processing file /media/prempeh/Nouveau nom/MASTER2/DATA ENGINEERING/airflow/py_env/lib/python3.10/site-packages/airflow/example_dags/tutorial_dag.py for tasks to queue
[2023-01-14T20:57:35.227+0000] {logging_mixin.py:137} INFO - [2023-01-14T20:57:35.226+0000] {dagbag.py:538} INFO - Filling up the DagBag from /media/prempeh/Nouveau nom/MASTER2/DATA ENGINEERING/airflow/py_env/lib/python3.10/site-packages/airflow/example_dags/tutorial_dag.py
[2023-01-14T20:57:35.411+0000] {processor.py:753} INFO - DAG(s) dict_keys(['tutorial_dag']) retrieved from /media/prempeh/Nouveau nom/MASTER2/DATA ENGINEERING/airflow/py_env/lib/python3.10/site-packages/airflow/example_dags/tutorial_dag.py
[2023-01-14T20:57:35.587+0000] {logging_mixin.py:137} INFO - [2023-01-14T20:57:35.587+0000] {dag.py:2676} INFO - Sync 1 DAGs
[2023-01-14T20:57:35.649+0000] {logging_mixin.py:137} INFO - [2023-01-14T20:57:35.648+0000] {dag.py:3423} INFO - Setting next_dagrun for tutorial_dag to None, run_after=None
[2023-01-14T20:57:35.744+0000] {processor.py:175} INFO - Processing /media/prempeh/Nouveau nom/MASTER2/DATA ENGINEERING/airflow/py_env/lib/python3.10/site-packages/airflow/example_dags/tutorial_dag.py took 0.534 seconds
[2023-01-14T20:58:33.850+0000] {processor.py:153} INFO - Started process (PID=7134) to work on /media/prempeh/Nouveau nom/MASTER2/DATA ENGINEERING/airflow/py_env/lib/python3.10/site-packages/airflow/example_dags/tutorial_dag.py
[2023-01-14T20:58:33.853+0000] {processor.py:743} INFO - Processing file /media/prempeh/Nouveau nom/MASTER2/DATA ENGINEERING/airflow/py_env/lib/python3.10/site-packages/airflow/example_dags/tutorial_dag.py for tasks to queue
[2023-01-14T20:58:33.861+0000] {logging_mixin.py:137} INFO - [2023-01-14T20:58:33.860+0000] {dagbag.py:538} INFO - Filling up the DagBag from /media/prempeh/Nouveau nom/MASTER2/DATA ENGINEERING/airflow/py_env/lib/python3.10/site-packages/airflow/example_dags/tutorial_dag.py
[2023-01-14T20:58:33.968+0000] {processor.py:753} INFO - DAG(s) dict_keys(['tutorial_dag']) retrieved from /media/prempeh/Nouveau nom/MASTER2/DATA ENGINEERING/airflow/py_env/lib/python3.10/site-packages/airflow/example_dags/tutorial_dag.py
[2023-01-14T20:58:34.093+0000] {logging_mixin.py:137} INFO - [2023-01-14T20:58:34.092+0000] {dag.py:2676} INFO - Sync 1 DAGs
[2023-01-14T20:58:34.154+0000] {logging_mixin.py:137} INFO - [2023-01-14T20:58:34.154+0000] {dag.py:3423} INFO - Setting next_dagrun for tutorial_dag to None, run_after=None
[2023-01-14T20:58:34.226+0000] {processor.py:175} INFO - Processing /media/prempeh/Nouveau nom/MASTER2/DATA ENGINEERING/airflow/py_env/lib/python3.10/site-packages/airflow/example_dags/tutorial_dag.py took 0.385 seconds
[2023-01-14T20:59:21.599+0000] {processor.py:153} INFO - Started process (PID=7173) to work on /media/prempeh/Nouveau nom/MASTER2/DATA ENGINEERING/airflow/py_env/lib/python3.10/site-packages/airflow/example_dags/tutorial_dag.py
[2023-01-14T20:59:21.602+0000] {processor.py:743} INFO - Processing file /media/prempeh/Nouveau nom/MASTER2/DATA ENGINEERING/airflow/py_env/lib/python3.10/site-packages/airflow/example_dags/tutorial_dag.py for tasks to queue
[2023-01-14T20:59:21.607+0000] {logging_mixin.py:137} INFO - [2023-01-14T20:59:21.606+0000] {dagbag.py:538} INFO - Filling up the DagBag from /media/prempeh/Nouveau nom/MASTER2/DATA ENGINEERING/airflow/py_env/lib/python3.10/site-packages/airflow/example_dags/tutorial_dag.py
[2023-01-14T20:59:21.724+0000] {processor.py:753} INFO - DAG(s) dict_keys(['tutorial_dag']) retrieved from /media/prempeh/Nouveau nom/MASTER2/DATA ENGINEERING/airflow/py_env/lib/python3.10/site-packages/airflow/example_dags/tutorial_dag.py
[2023-01-14T20:59:21.842+0000] {logging_mixin.py:137} INFO - [2023-01-14T20:59:21.842+0000] {dag.py:2676} INFO - Sync 1 DAGs
[2023-01-14T20:59:21.903+0000] {logging_mixin.py:137} INFO - [2023-01-14T20:59:21.903+0000] {dag.py:3423} INFO - Setting next_dagrun for tutorial_dag to None, run_after=None
[2023-01-14T20:59:21.973+0000] {processor.py:175} INFO - Processing /media/prempeh/Nouveau nom/MASTER2/DATA ENGINEERING/airflow/py_env/lib/python3.10/site-packages/airflow/example_dags/tutorial_dag.py took 0.383 seconds
[2023-01-14T21:00:13.363+0000] {processor.py:153} INFO - Started process (PID=7253) to work on /media/prempeh/Nouveau nom/MASTER2/DATA ENGINEERING/airflow/py_env/lib/python3.10/site-packages/airflow/example_dags/tutorial_dag.py
[2023-01-14T21:00:13.366+0000] {processor.py:743} INFO - Processing file /media/prempeh/Nouveau nom/MASTER2/DATA ENGINEERING/airflow/py_env/lib/python3.10/site-packages/airflow/example_dags/tutorial_dag.py for tasks to queue
[2023-01-14T21:00:13.370+0000] {logging_mixin.py:137} INFO - [2023-01-14T21:00:13.370+0000] {dagbag.py:538} INFO - Filling up the DagBag from /media/prempeh/Nouveau nom/MASTER2/DATA ENGINEERING/airflow/py_env/lib/python3.10/site-packages/airflow/example_dags/tutorial_dag.py
[2023-01-14T21:00:13.545+0000] {processor.py:753} INFO - DAG(s) dict_keys(['tutorial_dag']) retrieved from /media/prempeh/Nouveau nom/MASTER2/DATA ENGINEERING/airflow/py_env/lib/python3.10/site-packages/airflow/example_dags/tutorial_dag.py
[2023-01-14T21:00:13.691+0000] {logging_mixin.py:137} INFO - [2023-01-14T21:00:13.691+0000] {dag.py:2676} INFO - Sync 1 DAGs
[2023-01-14T21:00:13.753+0000] {logging_mixin.py:137} INFO - [2023-01-14T21:00:13.752+0000] {dag.py:3423} INFO - Setting next_dagrun for tutorial_dag to None, run_after=None
[2023-01-14T21:00:13.826+0000] {processor.py:175} INFO - Processing /media/prempeh/Nouveau nom/MASTER2/DATA ENGINEERING/airflow/py_env/lib/python3.10/site-packages/airflow/example_dags/tutorial_dag.py took 0.477 seconds
[2023-01-14T21:01:09.765+0000] {processor.py:153} INFO - Started process (PID=7298) to work on /media/prempeh/Nouveau nom/MASTER2/DATA ENGINEERING/airflow/py_env/lib/python3.10/site-packages/airflow/example_dags/tutorial_dag.py
[2023-01-14T21:01:09.768+0000] {processor.py:743} INFO - Processing file /media/prempeh/Nouveau nom/MASTER2/DATA ENGINEERING/airflow/py_env/lib/python3.10/site-packages/airflow/example_dags/tutorial_dag.py for tasks to queue
[2023-01-14T21:01:09.772+0000] {logging_mixin.py:137} INFO - [2023-01-14T21:01:09.772+0000] {dagbag.py:538} INFO - Filling up the DagBag from /media/prempeh/Nouveau nom/MASTER2/DATA ENGINEERING/airflow/py_env/lib/python3.10/site-packages/airflow/example_dags/tutorial_dag.py
[2023-01-14T21:01:09.906+0000] {processor.py:753} INFO - DAG(s) dict_keys(['tutorial_dag']) retrieved from /media/prempeh/Nouveau nom/MASTER2/DATA ENGINEERING/airflow/py_env/lib/python3.10/site-packages/airflow/example_dags/tutorial_dag.py
[2023-01-14T21:01:10.032+0000] {logging_mixin.py:137} INFO - [2023-01-14T21:01:10.032+0000] {dag.py:2676} INFO - Sync 1 DAGs
[2023-01-14T21:01:10.097+0000] {logging_mixin.py:137} INFO - [2023-01-14T21:01:10.096+0000] {dag.py:3423} INFO - Setting next_dagrun for tutorial_dag to None, run_after=None
[2023-01-14T21:01:10.171+0000] {processor.py:175} INFO - Processing /media/prempeh/Nouveau nom/MASTER2/DATA ENGINEERING/airflow/py_env/lib/python3.10/site-packages/airflow/example_dags/tutorial_dag.py took 0.415 seconds
[2023-01-14T21:02:05.311+0000] {processor.py:153} INFO - Started process (PID=7337) to work on /media/prempeh/Nouveau nom/MASTER2/DATA ENGINEERING/airflow/py_env/lib/python3.10/site-packages/airflow/example_dags/tutorial_dag.py
[2023-01-14T21:02:05.314+0000] {processor.py:743} INFO - Processing file /media/prempeh/Nouveau nom/MASTER2/DATA ENGINEERING/airflow/py_env/lib/python3.10/site-packages/airflow/example_dags/tutorial_dag.py for tasks to queue
[2023-01-14T21:02:05.319+0000] {logging_mixin.py:137} INFO - [2023-01-14T21:02:05.318+0000] {dagbag.py:538} INFO - Filling up the DagBag from /media/prempeh/Nouveau nom/MASTER2/DATA ENGINEERING/airflow/py_env/lib/python3.10/site-packages/airflow/example_dags/tutorial_dag.py
[2023-01-14T21:02:05.425+0000] {processor.py:753} INFO - DAG(s) dict_keys(['tutorial_dag']) retrieved from /media/prempeh/Nouveau nom/MASTER2/DATA ENGINEERING/airflow/py_env/lib/python3.10/site-packages/airflow/example_dags/tutorial_dag.py
[2023-01-14T21:02:05.546+0000] {logging_mixin.py:137} INFO - [2023-01-14T21:02:05.545+0000] {dag.py:2676} INFO - Sync 1 DAGs
[2023-01-14T21:02:05.605+0000] {logging_mixin.py:137} INFO - [2023-01-14T21:02:05.605+0000] {dag.py:3423} INFO - Setting next_dagrun for tutorial_dag to None, run_after=None
[2023-01-14T21:02:05.683+0000] {processor.py:175} INFO - Processing /media/prempeh/Nouveau nom/MASTER2/DATA ENGINEERING/airflow/py_env/lib/python3.10/site-packages/airflow/example_dags/tutorial_dag.py took 0.381 seconds
[2023-01-14T21:02:55.872+0000] {processor.py:153} INFO - Started process (PID=7406) to work on /media/prempeh/Nouveau nom/MASTER2/DATA ENGINEERING/airflow/py_env/lib/python3.10/site-packages/airflow/example_dags/tutorial_dag.py
[2023-01-14T21:02:55.875+0000] {processor.py:743} INFO - Processing file /media/prempeh/Nouveau nom/MASTER2/DATA ENGINEERING/airflow/py_env/lib/python3.10/site-packages/airflow/example_dags/tutorial_dag.py for tasks to queue
[2023-01-14T21:02:55.884+0000] {logging_mixin.py:137} INFO - [2023-01-14T21:02:55.883+0000] {dagbag.py:538} INFO - Filling up the DagBag from /media/prempeh/Nouveau nom/MASTER2/DATA ENGINEERING/airflow/py_env/lib/python3.10/site-packages/airflow/example_dags/tutorial_dag.py
[2023-01-14T21:02:56.021+0000] {processor.py:753} INFO - DAG(s) dict_keys(['tutorial_dag']) retrieved from /media/prempeh/Nouveau nom/MASTER2/DATA ENGINEERING/airflow/py_env/lib/python3.10/site-packages/airflow/example_dags/tutorial_dag.py
[2023-01-14T21:02:56.145+0000] {logging_mixin.py:137} INFO - [2023-01-14T21:02:56.145+0000] {dag.py:2676} INFO - Sync 1 DAGs
[2023-01-14T21:02:56.212+0000] {logging_mixin.py:137} INFO - [2023-01-14T21:02:56.212+0000] {dag.py:3423} INFO - Setting next_dagrun for tutorial_dag to None, run_after=None
[2023-01-14T21:02:56.288+0000] {processor.py:175} INFO - Processing /media/prempeh/Nouveau nom/MASTER2/DATA ENGINEERING/airflow/py_env/lib/python3.10/site-packages/airflow/example_dags/tutorial_dag.py took 0.425 seconds
[2023-01-14T21:03:49.974+0000] {processor.py:153} INFO - Started process (PID=7459) to work on /media/prempeh/Nouveau nom/MASTER2/DATA ENGINEERING/airflow/py_env/lib/python3.10/site-packages/airflow/example_dags/tutorial_dag.py
[2023-01-14T21:03:49.986+0000] {processor.py:743} INFO - Processing file /media/prempeh/Nouveau nom/MASTER2/DATA ENGINEERING/airflow/py_env/lib/python3.10/site-packages/airflow/example_dags/tutorial_dag.py for tasks to queue
[2023-01-14T21:03:49.991+0000] {logging_mixin.py:137} INFO - [2023-01-14T21:03:49.991+0000] {dagbag.py:538} INFO - Filling up the DagBag from /media/prempeh/Nouveau nom/MASTER2/DATA ENGINEERING/airflow/py_env/lib/python3.10/site-packages/airflow/example_dags/tutorial_dag.py
[2023-01-14T21:03:50.204+0000] {processor.py:753} INFO - DAG(s) dict_keys(['tutorial_dag']) retrieved from /media/prempeh/Nouveau nom/MASTER2/DATA ENGINEERING/airflow/py_env/lib/python3.10/site-packages/airflow/example_dags/tutorial_dag.py
[2023-01-14T21:03:50.432+0000] {logging_mixin.py:137} INFO - [2023-01-14T21:03:50.431+0000] {dag.py:2676} INFO - Sync 1 DAGs
[2023-01-14T21:03:50.552+0000] {logging_mixin.py:137} INFO - [2023-01-14T21:03:50.551+0000] {dag.py:3423} INFO - Setting next_dagrun for tutorial_dag to None, run_after=None
[2023-01-14T21:03:50.666+0000] {processor.py:175} INFO - Processing /media/prempeh/Nouveau nom/MASTER2/DATA ENGINEERING/airflow/py_env/lib/python3.10/site-packages/airflow/example_dags/tutorial_dag.py took 0.705 seconds
[2023-01-14T21:04:55.274+0000] {processor.py:153} INFO - Started process (PID=7521) to work on /media/prempeh/Nouveau nom/MASTER2/DATA ENGINEERING/airflow/py_env/lib/python3.10/site-packages/airflow/example_dags/tutorial_dag.py
[2023-01-14T21:04:55.278+0000] {processor.py:743} INFO - Processing file /media/prempeh/Nouveau nom/MASTER2/DATA ENGINEERING/airflow/py_env/lib/python3.10/site-packages/airflow/example_dags/tutorial_dag.py for tasks to queue
[2023-01-14T21:04:55.283+0000] {logging_mixin.py:137} INFO - [2023-01-14T21:04:55.282+0000] {dagbag.py:538} INFO - Filling up the DagBag from /media/prempeh/Nouveau nom/MASTER2/DATA ENGINEERING/airflow/py_env/lib/python3.10/site-packages/airflow/example_dags/tutorial_dag.py
[2023-01-14T21:04:55.399+0000] {processor.py:753} INFO - DAG(s) dict_keys(['tutorial_dag']) retrieved from /media/prempeh/Nouveau nom/MASTER2/DATA ENGINEERING/airflow/py_env/lib/python3.10/site-packages/airflow/example_dags/tutorial_dag.py
[2023-01-14T21:04:55.538+0000] {logging_mixin.py:137} INFO - [2023-01-14T21:04:55.538+0000] {dag.py:2676} INFO - Sync 1 DAGs
[2023-01-14T21:04:55.600+0000] {logging_mixin.py:137} INFO - [2023-01-14T21:04:55.600+0000] {dag.py:3423} INFO - Setting next_dagrun for tutorial_dag to None, run_after=None
[2023-01-14T21:04:55.669+0000] {processor.py:175} INFO - Processing /media/prempeh/Nouveau nom/MASTER2/DATA ENGINEERING/airflow/py_env/lib/python3.10/site-packages/airflow/example_dags/tutorial_dag.py took 0.403 seconds
[2023-01-14T21:05:51.480+0000] {processor.py:153} INFO - Started process (PID=7573) to work on /media/prempeh/Nouveau nom/MASTER2/DATA ENGINEERING/airflow/py_env/lib/python3.10/site-packages/airflow/example_dags/tutorial_dag.py
[2023-01-14T21:05:51.486+0000] {processor.py:743} INFO - Processing file /media/prempeh/Nouveau nom/MASTER2/DATA ENGINEERING/airflow/py_env/lib/python3.10/site-packages/airflow/example_dags/tutorial_dag.py for tasks to queue
[2023-01-14T21:05:51.497+0000] {logging_mixin.py:137} INFO - [2023-01-14T21:05:51.496+0000] {dagbag.py:538} INFO - Filling up the DagBag from /media/prempeh/Nouveau nom/MASTER2/DATA ENGINEERING/airflow/py_env/lib/python3.10/site-packages/airflow/example_dags/tutorial_dag.py
[2023-01-14T21:05:51.736+0000] {processor.py:753} INFO - DAG(s) dict_keys(['tutorial_dag']) retrieved from /media/prempeh/Nouveau nom/MASTER2/DATA ENGINEERING/airflow/py_env/lib/python3.10/site-packages/airflow/example_dags/tutorial_dag.py
[2023-01-14T21:05:51.921+0000] {logging_mixin.py:137} INFO - [2023-01-14T21:05:51.921+0000] {dag.py:2676} INFO - Sync 1 DAGs
[2023-01-14T21:05:51.998+0000] {logging_mixin.py:137} INFO - [2023-01-14T21:05:51.998+0000] {dag.py:3423} INFO - Setting next_dagrun for tutorial_dag to None, run_after=None
[2023-01-14T21:05:52.081+0000] {processor.py:175} INFO - Processing /media/prempeh/Nouveau nom/MASTER2/DATA ENGINEERING/airflow/py_env/lib/python3.10/site-packages/airflow/example_dags/tutorial_dag.py took 0.622 seconds
[2023-01-14T21:06:57.757+0000] {processor.py:153} INFO - Started process (PID=7838) to work on /media/prempeh/Nouveau nom/MASTER2/DATA ENGINEERING/airflow/py_env/lib/python3.10/site-packages/airflow/example_dags/tutorial_dag.py
[2023-01-14T21:06:57.763+0000] {processor.py:743} INFO - Processing file /media/prempeh/Nouveau nom/MASTER2/DATA ENGINEERING/airflow/py_env/lib/python3.10/site-packages/airflow/example_dags/tutorial_dag.py for tasks to queue
[2023-01-14T21:06:57.770+0000] {logging_mixin.py:137} INFO - [2023-01-14T21:06:57.769+0000] {dagbag.py:538} INFO - Filling up the DagBag from /media/prempeh/Nouveau nom/MASTER2/DATA ENGINEERING/airflow/py_env/lib/python3.10/site-packages/airflow/example_dags/tutorial_dag.py
[2023-01-14T21:06:58.143+0000] {processor.py:753} INFO - DAG(s) dict_keys(['tutorial_dag']) retrieved from /media/prempeh/Nouveau nom/MASTER2/DATA ENGINEERING/airflow/py_env/lib/python3.10/site-packages/airflow/example_dags/tutorial_dag.py
[2023-01-14T21:06:58.506+0000] {logging_mixin.py:137} INFO - [2023-01-14T21:06:58.505+0000] {dag.py:2676} INFO - Sync 1 DAGs
[2023-01-14T21:06:58.625+0000] {logging_mixin.py:137} INFO - [2023-01-14T21:06:58.624+0000] {dag.py:3423} INFO - Setting next_dagrun for tutorial_dag to None, run_after=None
[2023-01-14T21:06:58.767+0000] {processor.py:175} INFO - Processing /media/prempeh/Nouveau nom/MASTER2/DATA ENGINEERING/airflow/py_env/lib/python3.10/site-packages/airflow/example_dags/tutorial_dag.py took 1.025 seconds
[2023-01-14T21:07:56.558+0000] {processor.py:153} INFO - Started process (PID=7980) to work on /media/prempeh/Nouveau nom/MASTER2/DATA ENGINEERING/airflow/py_env/lib/python3.10/site-packages/airflow/example_dags/tutorial_dag.py
[2023-01-14T21:07:56.570+0000] {processor.py:743} INFO - Processing file /media/prempeh/Nouveau nom/MASTER2/DATA ENGINEERING/airflow/py_env/lib/python3.10/site-packages/airflow/example_dags/tutorial_dag.py for tasks to queue
[2023-01-14T21:07:56.575+0000] {logging_mixin.py:137} INFO - [2023-01-14T21:07:56.575+0000] {dagbag.py:538} INFO - Filling up the DagBag from /media/prempeh/Nouveau nom/MASTER2/DATA ENGINEERING/airflow/py_env/lib/python3.10/site-packages/airflow/example_dags/tutorial_dag.py
[2023-01-14T21:07:56.818+0000] {processor.py:753} INFO - DAG(s) dict_keys(['tutorial_dag']) retrieved from /media/prempeh/Nouveau nom/MASTER2/DATA ENGINEERING/airflow/py_env/lib/python3.10/site-packages/airflow/example_dags/tutorial_dag.py
[2023-01-14T21:07:57.091+0000] {logging_mixin.py:137} INFO - [2023-01-14T21:07:57.088+0000] {dag.py:2676} INFO - Sync 1 DAGs
[2023-01-14T21:07:57.193+0000] {logging_mixin.py:137} INFO - [2023-01-14T21:07:57.193+0000] {dag.py:3423} INFO - Setting next_dagrun for tutorial_dag to None, run_after=None
[2023-01-14T21:07:57.306+0000] {processor.py:175} INFO - Processing /media/prempeh/Nouveau nom/MASTER2/DATA ENGINEERING/airflow/py_env/lib/python3.10/site-packages/airflow/example_dags/tutorial_dag.py took 0.758 seconds
[2023-01-14T21:08:39.779+0000] {processor.py:153} INFO - Started process (PID=8078) to work on /media/prempeh/Nouveau nom/MASTER2/DATA ENGINEERING/airflow/py_env/lib/python3.10/site-packages/airflow/example_dags/tutorial_dag.py
[2023-01-14T21:08:39.783+0000] {processor.py:743} INFO - Processing file /media/prempeh/Nouveau nom/MASTER2/DATA ENGINEERING/airflow/py_env/lib/python3.10/site-packages/airflow/example_dags/tutorial_dag.py for tasks to queue
[2023-01-14T21:08:39.792+0000] {logging_mixin.py:137} INFO - [2023-01-14T21:08:39.791+0000] {dagbag.py:538} INFO - Filling up the DagBag from /media/prempeh/Nouveau nom/MASTER2/DATA ENGINEERING/airflow/py_env/lib/python3.10/site-packages/airflow/example_dags/tutorial_dag.py
[2023-01-14T21:08:39.896+0000] {processor.py:753} INFO - DAG(s) dict_keys(['tutorial_dag']) retrieved from /media/prempeh/Nouveau nom/MASTER2/DATA ENGINEERING/airflow/py_env/lib/python3.10/site-packages/airflow/example_dags/tutorial_dag.py
[2023-01-14T21:08:40.025+0000] {logging_mixin.py:137} INFO - [2023-01-14T21:08:40.025+0000] {dag.py:2676} INFO - Sync 1 DAGs
[2023-01-14T21:08:40.085+0000] {logging_mixin.py:137} INFO - [2023-01-14T21:08:40.085+0000] {dag.py:3423} INFO - Setting next_dagrun for tutorial_dag to None, run_after=None
[2023-01-14T21:08:40.159+0000] {processor.py:175} INFO - Processing /media/prempeh/Nouveau nom/MASTER2/DATA ENGINEERING/airflow/py_env/lib/python3.10/site-packages/airflow/example_dags/tutorial_dag.py took 0.390 seconds
[2023-01-14T21:09:39.643+0000] {processor.py:153} INFO - Started process (PID=8125) to work on /media/prempeh/Nouveau nom/MASTER2/DATA ENGINEERING/airflow/py_env/lib/python3.10/site-packages/airflow/example_dags/tutorial_dag.py
[2023-01-14T21:09:39.646+0000] {processor.py:743} INFO - Processing file /media/prempeh/Nouveau nom/MASTER2/DATA ENGINEERING/airflow/py_env/lib/python3.10/site-packages/airflow/example_dags/tutorial_dag.py for tasks to queue
[2023-01-14T21:09:39.651+0000] {logging_mixin.py:137} INFO - [2023-01-14T21:09:39.651+0000] {dagbag.py:538} INFO - Filling up the DagBag from /media/prempeh/Nouveau nom/MASTER2/DATA ENGINEERING/airflow/py_env/lib/python3.10/site-packages/airflow/example_dags/tutorial_dag.py
[2023-01-14T21:09:39.768+0000] {processor.py:753} INFO - DAG(s) dict_keys(['tutorial_dag']) retrieved from /media/prempeh/Nouveau nom/MASTER2/DATA ENGINEERING/airflow/py_env/lib/python3.10/site-packages/airflow/example_dags/tutorial_dag.py
[2023-01-14T21:09:39.890+0000] {logging_mixin.py:137} INFO - [2023-01-14T21:09:39.890+0000] {dag.py:2676} INFO - Sync 1 DAGs
[2023-01-14T21:09:39.951+0000] {logging_mixin.py:137} INFO - [2023-01-14T21:09:39.950+0000] {dag.py:3423} INFO - Setting next_dagrun for tutorial_dag to None, run_after=None
[2023-01-14T21:09:40.024+0000] {processor.py:175} INFO - Processing /media/prempeh/Nouveau nom/MASTER2/DATA ENGINEERING/airflow/py_env/lib/python3.10/site-packages/airflow/example_dags/tutorial_dag.py took 0.390 seconds
[2023-01-14T21:10:40.542+0000] {processor.py:153} INFO - Started process (PID=8170) to work on /media/prempeh/Nouveau nom/MASTER2/DATA ENGINEERING/airflow/py_env/lib/python3.10/site-packages/airflow/example_dags/tutorial_dag.py
[2023-01-14T21:10:40.545+0000] {processor.py:743} INFO - Processing file /media/prempeh/Nouveau nom/MASTER2/DATA ENGINEERING/airflow/py_env/lib/python3.10/site-packages/airflow/example_dags/tutorial_dag.py for tasks to queue
[2023-01-14T21:10:40.551+0000] {logging_mixin.py:137} INFO - [2023-01-14T21:10:40.550+0000] {dagbag.py:538} INFO - Filling up the DagBag from /media/prempeh/Nouveau nom/MASTER2/DATA ENGINEERING/airflow/py_env/lib/python3.10/site-packages/airflow/example_dags/tutorial_dag.py
[2023-01-14T21:10:40.662+0000] {processor.py:753} INFO - DAG(s) dict_keys(['tutorial_dag']) retrieved from /media/prempeh/Nouveau nom/MASTER2/DATA ENGINEERING/airflow/py_env/lib/python3.10/site-packages/airflow/example_dags/tutorial_dag.py
[2023-01-14T21:10:40.787+0000] {logging_mixin.py:137} INFO - [2023-01-14T21:10:40.786+0000] {dag.py:2676} INFO - Sync 1 DAGs
[2023-01-14T21:10:40.850+0000] {logging_mixin.py:137} INFO - [2023-01-14T21:10:40.849+0000] {dag.py:3423} INFO - Setting next_dagrun for tutorial_dag to None, run_after=None
[2023-01-14T21:10:40.919+0000] {processor.py:175} INFO - Processing /media/prempeh/Nouveau nom/MASTER2/DATA ENGINEERING/airflow/py_env/lib/python3.10/site-packages/airflow/example_dags/tutorial_dag.py took 0.386 seconds
[2023-01-14T21:11:44.622+0000] {processor.py:153} INFO - Started process (PID=8218) to work on /media/prempeh/Nouveau nom/MASTER2/DATA ENGINEERING/airflow/py_env/lib/python3.10/site-packages/airflow/example_dags/tutorial_dag.py
[2023-01-14T21:11:44.624+0000] {processor.py:743} INFO - Processing file /media/prempeh/Nouveau nom/MASTER2/DATA ENGINEERING/airflow/py_env/lib/python3.10/site-packages/airflow/example_dags/tutorial_dag.py for tasks to queue
[2023-01-14T21:11:44.631+0000] {logging_mixin.py:137} INFO - [2023-01-14T21:11:44.631+0000] {dagbag.py:538} INFO - Filling up the DagBag from /media/prempeh/Nouveau nom/MASTER2/DATA ENGINEERING/airflow/py_env/lib/python3.10/site-packages/airflow/example_dags/tutorial_dag.py
[2023-01-14T21:11:44.750+0000] {processor.py:753} INFO - DAG(s) dict_keys(['tutorial_dag']) retrieved from /media/prempeh/Nouveau nom/MASTER2/DATA ENGINEERING/airflow/py_env/lib/python3.10/site-packages/airflow/example_dags/tutorial_dag.py
[2023-01-14T21:11:44.894+0000] {logging_mixin.py:137} INFO - [2023-01-14T21:11:44.893+0000] {dag.py:2676} INFO - Sync 1 DAGs
[2023-01-14T21:11:44.959+0000] {logging_mixin.py:137} INFO - [2023-01-14T21:11:44.959+0000] {dag.py:3423} INFO - Setting next_dagrun for tutorial_dag to None, run_after=None
[2023-01-14T21:11:45.032+0000] {processor.py:175} INFO - Processing /media/prempeh/Nouveau nom/MASTER2/DATA ENGINEERING/airflow/py_env/lib/python3.10/site-packages/airflow/example_dags/tutorial_dag.py took 0.421 seconds
[2023-01-14T21:12:21.506+0000] {processor.py:153} INFO - Started process (PID=8238) to work on /media/prempeh/Nouveau nom/MASTER2/DATA ENGINEERING/airflow/py_env/lib/python3.10/site-packages/airflow/example_dags/tutorial_dag.py
[2023-01-14T21:12:21.509+0000] {processor.py:743} INFO - Processing file /media/prempeh/Nouveau nom/MASTER2/DATA ENGINEERING/airflow/py_env/lib/python3.10/site-packages/airflow/example_dags/tutorial_dag.py for tasks to queue
[2023-01-14T21:12:21.514+0000] {logging_mixin.py:137} INFO - [2023-01-14T21:12:21.514+0000] {dagbag.py:538} INFO - Filling up the DagBag from /media/prempeh/Nouveau nom/MASTER2/DATA ENGINEERING/airflow/py_env/lib/python3.10/site-packages/airflow/example_dags/tutorial_dag.py
[2023-01-14T21:12:21.655+0000] {processor.py:753} INFO - DAG(s) dict_keys(['tutorial_dag']) retrieved from /media/prempeh/Nouveau nom/MASTER2/DATA ENGINEERING/airflow/py_env/lib/python3.10/site-packages/airflow/example_dags/tutorial_dag.py
[2023-01-14T21:12:21.807+0000] {logging_mixin.py:137} INFO - [2023-01-14T21:12:21.806+0000] {dag.py:2676} INFO - Sync 1 DAGs
[2023-01-14T21:12:21.876+0000] {logging_mixin.py:137} INFO - [2023-01-14T21:12:21.876+0000] {dag.py:3423} INFO - Setting next_dagrun for tutorial_dag to None, run_after=None
[2023-01-14T21:12:21.958+0000] {processor.py:175} INFO - Processing /media/prempeh/Nouveau nom/MASTER2/DATA ENGINEERING/airflow/py_env/lib/python3.10/site-packages/airflow/example_dags/tutorial_dag.py took 0.462 seconds
[2023-01-14T21:13:31.783+0000] {processor.py:153} INFO - Started process (PID=8288) to work on /media/prempeh/Nouveau nom/MASTER2/DATA ENGINEERING/airflow/py_env/lib/python3.10/site-packages/airflow/example_dags/tutorial_dag.py
[2023-01-14T21:13:31.786+0000] {processor.py:743} INFO - Processing file /media/prempeh/Nouveau nom/MASTER2/DATA ENGINEERING/airflow/py_env/lib/python3.10/site-packages/airflow/example_dags/tutorial_dag.py for tasks to queue
[2023-01-14T21:13:31.791+0000] {logging_mixin.py:137} INFO - [2023-01-14T21:13:31.791+0000] {dagbag.py:538} INFO - Filling up the DagBag from /media/prempeh/Nouveau nom/MASTER2/DATA ENGINEERING/airflow/py_env/lib/python3.10/site-packages/airflow/example_dags/tutorial_dag.py
[2023-01-14T21:13:31.903+0000] {processor.py:753} INFO - DAG(s) dict_keys(['tutorial_dag']) retrieved from /media/prempeh/Nouveau nom/MASTER2/DATA ENGINEERING/airflow/py_env/lib/python3.10/site-packages/airflow/example_dags/tutorial_dag.py
[2023-01-14T21:13:32.045+0000] {logging_mixin.py:137} INFO - [2023-01-14T21:13:32.044+0000] {dag.py:2676} INFO - Sync 1 DAGs
[2023-01-14T21:13:32.105+0000] {logging_mixin.py:137} INFO - [2023-01-14T21:13:32.104+0000] {dag.py:3423} INFO - Setting next_dagrun for tutorial_dag to None, run_after=None
[2023-01-14T21:13:32.177+0000] {processor.py:175} INFO - Processing /media/prempeh/Nouveau nom/MASTER2/DATA ENGINEERING/airflow/py_env/lib/python3.10/site-packages/airflow/example_dags/tutorial_dag.py took 0.405 seconds
[2023-01-14T21:14:08.930+0000] {processor.py:153} INFO - Started process (PID=8319) to work on /media/prempeh/Nouveau nom/MASTER2/DATA ENGINEERING/airflow/py_env/lib/python3.10/site-packages/airflow/example_dags/tutorial_dag.py
[2023-01-14T21:14:08.934+0000] {processor.py:743} INFO - Processing file /media/prempeh/Nouveau nom/MASTER2/DATA ENGINEERING/airflow/py_env/lib/python3.10/site-packages/airflow/example_dags/tutorial_dag.py for tasks to queue
[2023-01-14T21:14:08.941+0000] {logging_mixin.py:137} INFO - [2023-01-14T21:14:08.940+0000] {dagbag.py:538} INFO - Filling up the DagBag from /media/prempeh/Nouveau nom/MASTER2/DATA ENGINEERING/airflow/py_env/lib/python3.10/site-packages/airflow/example_dags/tutorial_dag.py
[2023-01-14T21:14:09.113+0000] {processor.py:753} INFO - DAG(s) dict_keys(['tutorial_dag']) retrieved from /media/prempeh/Nouveau nom/MASTER2/DATA ENGINEERING/airflow/py_env/lib/python3.10/site-packages/airflow/example_dags/tutorial_dag.py
[2023-01-14T21:14:09.368+0000] {logging_mixin.py:137} INFO - [2023-01-14T21:14:09.366+0000] {dag.py:2676} INFO - Sync 1 DAGs
[2023-01-14T21:14:09.486+0000] {logging_mixin.py:137} INFO - [2023-01-14T21:14:09.485+0000] {dag.py:3423} INFO - Setting next_dagrun for tutorial_dag to None, run_after=None
[2023-01-14T21:14:09.563+0000] {processor.py:175} INFO - Processing /media/prempeh/Nouveau nom/MASTER2/DATA ENGINEERING/airflow/py_env/lib/python3.10/site-packages/airflow/example_dags/tutorial_dag.py took 0.645 seconds
[2023-01-14T21:15:18.411+0000] {processor.py:153} INFO - Started process (PID=8660) to work on /media/prempeh/Nouveau nom/MASTER2/DATA ENGINEERING/airflow/py_env/lib/python3.10/site-packages/airflow/example_dags/tutorial_dag.py
[2023-01-14T21:15:18.414+0000] {processor.py:743} INFO - Processing file /media/prempeh/Nouveau nom/MASTER2/DATA ENGINEERING/airflow/py_env/lib/python3.10/site-packages/airflow/example_dags/tutorial_dag.py for tasks to queue
[2023-01-14T21:15:18.421+0000] {logging_mixin.py:137} INFO - [2023-01-14T21:15:18.420+0000] {dagbag.py:538} INFO - Filling up the DagBag from /media/prempeh/Nouveau nom/MASTER2/DATA ENGINEERING/airflow/py_env/lib/python3.10/site-packages/airflow/example_dags/tutorial_dag.py
[2023-01-14T21:15:18.541+0000] {processor.py:753} INFO - DAG(s) dict_keys(['tutorial_dag']) retrieved from /media/prempeh/Nouveau nom/MASTER2/DATA ENGINEERING/airflow/py_env/lib/python3.10/site-packages/airflow/example_dags/tutorial_dag.py
[2023-01-14T21:15:18.722+0000] {logging_mixin.py:137} INFO - [2023-01-14T21:15:18.721+0000] {dag.py:2676} INFO - Sync 1 DAGs
[2023-01-14T21:15:18.798+0000] {logging_mixin.py:137} INFO - [2023-01-14T21:15:18.797+0000] {dag.py:3423} INFO - Setting next_dagrun for tutorial_dag to None, run_after=None
[2023-01-14T21:15:18.935+0000] {processor.py:175} INFO - Processing /media/prempeh/Nouveau nom/MASTER2/DATA ENGINEERING/airflow/py_env/lib/python3.10/site-packages/airflow/example_dags/tutorial_dag.py took 0.536 seconds
[2023-01-14T21:16:29.056+0000] {processor.py:153} INFO - Started process (PID=9044) to work on /media/prempeh/Nouveau nom/MASTER2/DATA ENGINEERING/airflow/py_env/lib/python3.10/site-packages/airflow/example_dags/tutorial_dag.py
[2023-01-14T21:16:29.063+0000] {processor.py:743} INFO - Processing file /media/prempeh/Nouveau nom/MASTER2/DATA ENGINEERING/airflow/py_env/lib/python3.10/site-packages/airflow/example_dags/tutorial_dag.py for tasks to queue
[2023-01-14T21:16:29.073+0000] {logging_mixin.py:137} INFO - [2023-01-14T21:16:29.072+0000] {dagbag.py:538} INFO - Filling up the DagBag from /media/prempeh/Nouveau nom/MASTER2/DATA ENGINEERING/airflow/py_env/lib/python3.10/site-packages/airflow/example_dags/tutorial_dag.py
[2023-01-14T21:16:29.341+0000] {processor.py:753} INFO - DAG(s) dict_keys(['tutorial_dag']) retrieved from /media/prempeh/Nouveau nom/MASTER2/DATA ENGINEERING/airflow/py_env/lib/python3.10/site-packages/airflow/example_dags/tutorial_dag.py
[2023-01-14T21:16:29.553+0000] {logging_mixin.py:137} INFO - [2023-01-14T21:16:29.552+0000] {dag.py:2676} INFO - Sync 1 DAGs
[2023-01-14T21:16:29.642+0000] {logging_mixin.py:137} INFO - [2023-01-14T21:16:29.641+0000] {dag.py:3423} INFO - Setting next_dagrun for tutorial_dag to None, run_after=None
[2023-01-14T21:16:29.740+0000] {processor.py:175} INFO - Processing /media/prempeh/Nouveau nom/MASTER2/DATA ENGINEERING/airflow/py_env/lib/python3.10/site-packages/airflow/example_dags/tutorial_dag.py took 0.702 seconds
[2023-01-14T21:17:06.201+0000] {processor.py:153} INFO - Started process (PID=9137) to work on /media/prempeh/Nouveau nom/MASTER2/DATA ENGINEERING/airflow/py_env/lib/python3.10/site-packages/airflow/example_dags/tutorial_dag.py
[2023-01-14T21:17:06.204+0000] {processor.py:743} INFO - Processing file /media/prempeh/Nouveau nom/MASTER2/DATA ENGINEERING/airflow/py_env/lib/python3.10/site-packages/airflow/example_dags/tutorial_dag.py for tasks to queue
[2023-01-14T21:17:06.211+0000] {logging_mixin.py:137} INFO - [2023-01-14T21:17:06.210+0000] {dagbag.py:538} INFO - Filling up the DagBag from /media/prempeh/Nouveau nom/MASTER2/DATA ENGINEERING/airflow/py_env/lib/python3.10/site-packages/airflow/example_dags/tutorial_dag.py
[2023-01-14T21:17:06.341+0000] {processor.py:753} INFO - DAG(s) dict_keys(['tutorial_dag']) retrieved from /media/prempeh/Nouveau nom/MASTER2/DATA ENGINEERING/airflow/py_env/lib/python3.10/site-packages/airflow/example_dags/tutorial_dag.py
[2023-01-14T21:17:06.491+0000] {logging_mixin.py:137} INFO - [2023-01-14T21:17:06.490+0000] {dag.py:2676} INFO - Sync 1 DAGs
[2023-01-14T21:17:06.560+0000] {logging_mixin.py:137} INFO - [2023-01-14T21:17:06.559+0000] {dag.py:3423} INFO - Setting next_dagrun for tutorial_dag to None, run_after=None
[2023-01-14T21:17:06.643+0000] {processor.py:175} INFO - Processing /media/prempeh/Nouveau nom/MASTER2/DATA ENGINEERING/airflow/py_env/lib/python3.10/site-packages/airflow/example_dags/tutorial_dag.py took 0.451 seconds
[2023-01-14T21:17:42.187+0000] {processor.py:153} INFO - Started process (PID=9167) to work on /media/prempeh/Nouveau nom/MASTER2/DATA ENGINEERING/airflow/py_env/lib/python3.10/site-packages/airflow/example_dags/tutorial_dag.py
[2023-01-14T21:17:42.189+0000] {processor.py:743} INFO - Processing file /media/prempeh/Nouveau nom/MASTER2/DATA ENGINEERING/airflow/py_env/lib/python3.10/site-packages/airflow/example_dags/tutorial_dag.py for tasks to queue
[2023-01-14T21:17:42.193+0000] {logging_mixin.py:137} INFO - [2023-01-14T21:17:42.193+0000] {dagbag.py:538} INFO - Filling up the DagBag from /media/prempeh/Nouveau nom/MASTER2/DATA ENGINEERING/airflow/py_env/lib/python3.10/site-packages/airflow/example_dags/tutorial_dag.py
[2023-01-14T21:17:42.323+0000] {processor.py:753} INFO - DAG(s) dict_keys(['tutorial_dag']) retrieved from /media/prempeh/Nouveau nom/MASTER2/DATA ENGINEERING/airflow/py_env/lib/python3.10/site-packages/airflow/example_dags/tutorial_dag.py
[2023-01-14T21:17:42.482+0000] {logging_mixin.py:137} INFO - [2023-01-14T21:17:42.481+0000] {dag.py:2676} INFO - Sync 1 DAGs
[2023-01-14T21:17:42.558+0000] {logging_mixin.py:137} INFO - [2023-01-14T21:17:42.558+0000] {dag.py:3423} INFO - Setting next_dagrun for tutorial_dag to None, run_after=None
[2023-01-14T21:17:42.641+0000] {processor.py:175} INFO - Processing /media/prempeh/Nouveau nom/MASTER2/DATA ENGINEERING/airflow/py_env/lib/python3.10/site-packages/airflow/example_dags/tutorial_dag.py took 0.463 seconds
[2023-01-14T21:18:54.574+0000] {processor.py:153} INFO - Started process (PID=9420) to work on /media/prempeh/Nouveau nom/MASTER2/DATA ENGINEERING/airflow/py_env/lib/python3.10/site-packages/airflow/example_dags/tutorial_dag.py
[2023-01-14T21:18:54.577+0000] {processor.py:743} INFO - Processing file /media/prempeh/Nouveau nom/MASTER2/DATA ENGINEERING/airflow/py_env/lib/python3.10/site-packages/airflow/example_dags/tutorial_dag.py for tasks to queue
[2023-01-14T21:18:54.584+0000] {logging_mixin.py:137} INFO - [2023-01-14T21:18:54.584+0000] {dagbag.py:538} INFO - Filling up the DagBag from /media/prempeh/Nouveau nom/MASTER2/DATA ENGINEERING/airflow/py_env/lib/python3.10/site-packages/airflow/example_dags/tutorial_dag.py
[2023-01-14T21:18:54.723+0000] {processor.py:753} INFO - DAG(s) dict_keys(['tutorial_dag']) retrieved from /media/prempeh/Nouveau nom/MASTER2/DATA ENGINEERING/airflow/py_env/lib/python3.10/site-packages/airflow/example_dags/tutorial_dag.py
[2023-01-14T21:18:54.863+0000] {logging_mixin.py:137} INFO - [2023-01-14T21:18:54.862+0000] {dag.py:2676} INFO - Sync 1 DAGs
[2023-01-14T21:18:54.927+0000] {logging_mixin.py:137} INFO - [2023-01-14T21:18:54.927+0000] {dag.py:3423} INFO - Setting next_dagrun for tutorial_dag to None, run_after=None
[2023-01-14T21:18:54.999+0000] {processor.py:175} INFO - Processing /media/prempeh/Nouveau nom/MASTER2/DATA ENGINEERING/airflow/py_env/lib/python3.10/site-packages/airflow/example_dags/tutorial_dag.py took 0.433 seconds
[2023-01-14T21:19:32.291+0000] {processor.py:153} INFO - Started process (PID=9582) to work on /media/prempeh/Nouveau nom/MASTER2/DATA ENGINEERING/airflow/py_env/lib/python3.10/site-packages/airflow/example_dags/tutorial_dag.py
[2023-01-14T21:19:32.295+0000] {processor.py:743} INFO - Processing file /media/prempeh/Nouveau nom/MASTER2/DATA ENGINEERING/airflow/py_env/lib/python3.10/site-packages/airflow/example_dags/tutorial_dag.py for tasks to queue
[2023-01-14T21:19:32.303+0000] {logging_mixin.py:137} INFO - [2023-01-14T21:19:32.302+0000] {dagbag.py:538} INFO - Filling up the DagBag from /media/prempeh/Nouveau nom/MASTER2/DATA ENGINEERING/airflow/py_env/lib/python3.10/site-packages/airflow/example_dags/tutorial_dag.py
[2023-01-14T21:19:32.457+0000] {processor.py:753} INFO - DAG(s) dict_keys(['tutorial_dag']) retrieved from /media/prempeh/Nouveau nom/MASTER2/DATA ENGINEERING/airflow/py_env/lib/python3.10/site-packages/airflow/example_dags/tutorial_dag.py
[2023-01-14T21:19:32.594+0000] {logging_mixin.py:137} INFO - [2023-01-14T21:19:32.594+0000] {dag.py:2676} INFO - Sync 1 DAGs
[2023-01-14T21:19:32.666+0000] {logging_mixin.py:137} INFO - [2023-01-14T21:19:32.665+0000] {dag.py:3423} INFO - Setting next_dagrun for tutorial_dag to None, run_after=None
[2023-01-14T21:19:32.742+0000] {processor.py:175} INFO - Processing /media/prempeh/Nouveau nom/MASTER2/DATA ENGINEERING/airflow/py_env/lib/python3.10/site-packages/airflow/example_dags/tutorial_dag.py took 0.462 seconds
[2023-01-14T21:20:08.174+0000] {processor.py:153} INFO - Started process (PID=9717) to work on /media/prempeh/Nouveau nom/MASTER2/DATA ENGINEERING/airflow/py_env/lib/python3.10/site-packages/airflow/example_dags/tutorial_dag.py
[2023-01-14T21:20:08.177+0000] {processor.py:743} INFO - Processing file /media/prempeh/Nouveau nom/MASTER2/DATA ENGINEERING/airflow/py_env/lib/python3.10/site-packages/airflow/example_dags/tutorial_dag.py for tasks to queue
[2023-01-14T21:20:08.184+0000] {logging_mixin.py:137} INFO - [2023-01-14T21:20:08.184+0000] {dagbag.py:538} INFO - Filling up the DagBag from /media/prempeh/Nouveau nom/MASTER2/DATA ENGINEERING/airflow/py_env/lib/python3.10/site-packages/airflow/example_dags/tutorial_dag.py
[2023-01-14T21:20:08.325+0000] {processor.py:753} INFO - DAG(s) dict_keys(['tutorial_dag']) retrieved from /media/prempeh/Nouveau nom/MASTER2/DATA ENGINEERING/airflow/py_env/lib/python3.10/site-packages/airflow/example_dags/tutorial_dag.py
[2023-01-14T21:20:08.509+0000] {logging_mixin.py:137} INFO - [2023-01-14T21:20:08.509+0000] {dag.py:2676} INFO - Sync 1 DAGs
[2023-01-14T21:20:08.586+0000] {logging_mixin.py:137} INFO - [2023-01-14T21:20:08.585+0000] {dag.py:3423} INFO - Setting next_dagrun for tutorial_dag to None, run_after=None
[2023-01-14T21:20:08.666+0000] {processor.py:175} INFO - Processing /media/prempeh/Nouveau nom/MASTER2/DATA ENGINEERING/airflow/py_env/lib/python3.10/site-packages/airflow/example_dags/tutorial_dag.py took 0.502 seconds
[2023-01-14T21:21:16.575+0000] {processor.py:153} INFO - Started process (PID=9828) to work on /media/prempeh/Nouveau nom/MASTER2/DATA ENGINEERING/airflow/py_env/lib/python3.10/site-packages/airflow/example_dags/tutorial_dag.py
[2023-01-14T21:21:16.578+0000] {processor.py:743} INFO - Processing file /media/prempeh/Nouveau nom/MASTER2/DATA ENGINEERING/airflow/py_env/lib/python3.10/site-packages/airflow/example_dags/tutorial_dag.py for tasks to queue
[2023-01-14T21:21:16.583+0000] {logging_mixin.py:137} INFO - [2023-01-14T21:21:16.582+0000] {dagbag.py:538} INFO - Filling up the DagBag from /media/prempeh/Nouveau nom/MASTER2/DATA ENGINEERING/airflow/py_env/lib/python3.10/site-packages/airflow/example_dags/tutorial_dag.py
[2023-01-14T21:21:16.712+0000] {processor.py:753} INFO - DAG(s) dict_keys(['tutorial_dag']) retrieved from /media/prempeh/Nouveau nom/MASTER2/DATA ENGINEERING/airflow/py_env/lib/python3.10/site-packages/airflow/example_dags/tutorial_dag.py
[2023-01-14T21:21:16.857+0000] {logging_mixin.py:137} INFO - [2023-01-14T21:21:16.857+0000] {dag.py:2676} INFO - Sync 1 DAGs
[2023-01-14T21:21:16.931+0000] {logging_mixin.py:137} INFO - [2023-01-14T21:21:16.931+0000] {dag.py:3423} INFO - Setting next_dagrun for tutorial_dag to None, run_after=None
[2023-01-14T21:21:17.006+0000] {processor.py:175} INFO - Processing /media/prempeh/Nouveau nom/MASTER2/DATA ENGINEERING/airflow/py_env/lib/python3.10/site-packages/airflow/example_dags/tutorial_dag.py took 0.441 seconds
[2023-01-14T21:22:28.198+0000] {processor.py:153} INFO - Started process (PID=10063) to work on /media/prempeh/Nouveau nom/MASTER2/DATA ENGINEERING/airflow/py_env/lib/python3.10/site-packages/airflow/example_dags/tutorial_dag.py
[2023-01-14T21:22:28.202+0000] {processor.py:743} INFO - Processing file /media/prempeh/Nouveau nom/MASTER2/DATA ENGINEERING/airflow/py_env/lib/python3.10/site-packages/airflow/example_dags/tutorial_dag.py for tasks to queue
[2023-01-14T21:22:28.211+0000] {logging_mixin.py:137} INFO - [2023-01-14T21:22:28.210+0000] {dagbag.py:538} INFO - Filling up the DagBag from /media/prempeh/Nouveau nom/MASTER2/DATA ENGINEERING/airflow/py_env/lib/python3.10/site-packages/airflow/example_dags/tutorial_dag.py
[2023-01-14T21:22:28.398+0000] {processor.py:753} INFO - DAG(s) dict_keys(['tutorial_dag']) retrieved from /media/prempeh/Nouveau nom/MASTER2/DATA ENGINEERING/airflow/py_env/lib/python3.10/site-packages/airflow/example_dags/tutorial_dag.py
[2023-01-14T21:22:28.559+0000] {logging_mixin.py:137} INFO - [2023-01-14T21:22:28.558+0000] {dag.py:2676} INFO - Sync 1 DAGs
[2023-01-14T21:22:28.631+0000] {logging_mixin.py:137} INFO - [2023-01-14T21:22:28.631+0000] {dag.py:3423} INFO - Setting next_dagrun for tutorial_dag to None, run_after=None
[2023-01-14T21:22:28.710+0000] {processor.py:175} INFO - Processing /media/prempeh/Nouveau nom/MASTER2/DATA ENGINEERING/airflow/py_env/lib/python3.10/site-packages/airflow/example_dags/tutorial_dag.py took 0.523 seconds
[2023-01-14T21:23:06.798+0000] {processor.py:153} INFO - Started process (PID=10316) to work on /media/prempeh/Nouveau nom/MASTER2/DATA ENGINEERING/airflow/py_env/lib/python3.10/site-packages/airflow/example_dags/tutorial_dag.py
[2023-01-14T21:23:06.801+0000] {processor.py:743} INFO - Processing file /media/prempeh/Nouveau nom/MASTER2/DATA ENGINEERING/airflow/py_env/lib/python3.10/site-packages/airflow/example_dags/tutorial_dag.py for tasks to queue
[2023-01-14T21:23:06.807+0000] {logging_mixin.py:137} INFO - [2023-01-14T21:23:06.806+0000] {dagbag.py:538} INFO - Filling up the DagBag from /media/prempeh/Nouveau nom/MASTER2/DATA ENGINEERING/airflow/py_env/lib/python3.10/site-packages/airflow/example_dags/tutorial_dag.py
[2023-01-14T21:23:06.936+0000] {processor.py:753} INFO - DAG(s) dict_keys(['tutorial_dag']) retrieved from /media/prempeh/Nouveau nom/MASTER2/DATA ENGINEERING/airflow/py_env/lib/python3.10/site-packages/airflow/example_dags/tutorial_dag.py
[2023-01-14T21:23:07.082+0000] {logging_mixin.py:137} INFO - [2023-01-14T21:23:07.082+0000] {dag.py:2676} INFO - Sync 1 DAGs
[2023-01-14T21:23:07.162+0000] {logging_mixin.py:137} INFO - [2023-01-14T21:23:07.161+0000] {dag.py:3423} INFO - Setting next_dagrun for tutorial_dag to None, run_after=None
[2023-01-14T21:23:07.255+0000] {processor.py:175} INFO - Processing /media/prempeh/Nouveau nom/MASTER2/DATA ENGINEERING/airflow/py_env/lib/python3.10/site-packages/airflow/example_dags/tutorial_dag.py took 0.466 seconds
[2023-01-14T21:23:43.394+0000] {processor.py:153} INFO - Started process (PID=10356) to work on /media/prempeh/Nouveau nom/MASTER2/DATA ENGINEERING/airflow/py_env/lib/python3.10/site-packages/airflow/example_dags/tutorial_dag.py
[2023-01-14T21:23:43.397+0000] {processor.py:743} INFO - Processing file /media/prempeh/Nouveau nom/MASTER2/DATA ENGINEERING/airflow/py_env/lib/python3.10/site-packages/airflow/example_dags/tutorial_dag.py for tasks to queue
[2023-01-14T21:23:43.401+0000] {logging_mixin.py:137} INFO - [2023-01-14T21:23:43.401+0000] {dagbag.py:538} INFO - Filling up the DagBag from /media/prempeh/Nouveau nom/MASTER2/DATA ENGINEERING/airflow/py_env/lib/python3.10/site-packages/airflow/example_dags/tutorial_dag.py
[2023-01-14T21:23:43.537+0000] {processor.py:753} INFO - DAG(s) dict_keys(['tutorial_dag']) retrieved from /media/prempeh/Nouveau nom/MASTER2/DATA ENGINEERING/airflow/py_env/lib/python3.10/site-packages/airflow/example_dags/tutorial_dag.py
[2023-01-14T21:23:43.687+0000] {logging_mixin.py:137} INFO - [2023-01-14T21:23:43.686+0000] {dag.py:2676} INFO - Sync 1 DAGs
[2023-01-14T21:23:43.756+0000] {logging_mixin.py:137} INFO - [2023-01-14T21:23:43.755+0000] {dag.py:3423} INFO - Setting next_dagrun for tutorial_dag to None, run_after=None
[2023-01-14T21:23:43.836+0000] {processor.py:175} INFO - Processing /media/prempeh/Nouveau nom/MASTER2/DATA ENGINEERING/airflow/py_env/lib/python3.10/site-packages/airflow/example_dags/tutorial_dag.py took 0.452 seconds
[2023-01-14T21:24:44.030+0000] {processor.py:153} INFO - Started process (PID=10432) to work on /media/prempeh/Nouveau nom/MASTER2/DATA ENGINEERING/airflow/py_env/lib/python3.10/site-packages/airflow/example_dags/tutorial_dag.py
[2023-01-14T21:24:44.034+0000] {processor.py:743} INFO - Processing file /media/prempeh/Nouveau nom/MASTER2/DATA ENGINEERING/airflow/py_env/lib/python3.10/site-packages/airflow/example_dags/tutorial_dag.py for tasks to queue
[2023-01-14T21:24:44.041+0000] {logging_mixin.py:137} INFO - [2023-01-14T21:24:44.040+0000] {dagbag.py:538} INFO - Filling up the DagBag from /media/prempeh/Nouveau nom/MASTER2/DATA ENGINEERING/airflow/py_env/lib/python3.10/site-packages/airflow/example_dags/tutorial_dag.py
[2023-01-14T21:24:44.169+0000] {processor.py:753} INFO - DAG(s) dict_keys(['tutorial_dag']) retrieved from /media/prempeh/Nouveau nom/MASTER2/DATA ENGINEERING/airflow/py_env/lib/python3.10/site-packages/airflow/example_dags/tutorial_dag.py
[2023-01-14T21:24:44.311+0000] {logging_mixin.py:137} INFO - [2023-01-14T21:24:44.311+0000] {dag.py:2676} INFO - Sync 1 DAGs
[2023-01-14T21:24:44.382+0000] {logging_mixin.py:137} INFO - [2023-01-14T21:24:44.381+0000] {dag.py:3423} INFO - Setting next_dagrun for tutorial_dag to None, run_after=None
[2023-01-14T21:24:44.463+0000] {processor.py:175} INFO - Processing /media/prempeh/Nouveau nom/MASTER2/DATA ENGINEERING/airflow/py_env/lib/python3.10/site-packages/airflow/example_dags/tutorial_dag.py took 0.446 seconds
[2023-01-14T21:25:22.751+0000] {processor.py:153} INFO - Started process (PID=10468) to work on /media/prempeh/Nouveau nom/MASTER2/DATA ENGINEERING/airflow/py_env/lib/python3.10/site-packages/airflow/example_dags/tutorial_dag.py
[2023-01-14T21:25:22.754+0000] {processor.py:743} INFO - Processing file /media/prempeh/Nouveau nom/MASTER2/DATA ENGINEERING/airflow/py_env/lib/python3.10/site-packages/airflow/example_dags/tutorial_dag.py for tasks to queue
[2023-01-14T21:25:22.759+0000] {logging_mixin.py:137} INFO - [2023-01-14T21:25:22.758+0000] {dagbag.py:538} INFO - Filling up the DagBag from /media/prempeh/Nouveau nom/MASTER2/DATA ENGINEERING/airflow/py_env/lib/python3.10/site-packages/airflow/example_dags/tutorial_dag.py
[2023-01-14T21:25:22.865+0000] {processor.py:753} INFO - DAG(s) dict_keys(['tutorial_dag']) retrieved from /media/prempeh/Nouveau nom/MASTER2/DATA ENGINEERING/airflow/py_env/lib/python3.10/site-packages/airflow/example_dags/tutorial_dag.py
[2023-01-14T21:25:23.015+0000] {logging_mixin.py:137} INFO - [2023-01-14T21:25:23.014+0000] {dag.py:2676} INFO - Sync 1 DAGs
[2023-01-14T21:25:23.081+0000] {logging_mixin.py:137} INFO - [2023-01-14T21:25:23.080+0000] {dag.py:3423} INFO - Setting next_dagrun for tutorial_dag to None, run_after=None
[2023-01-14T21:25:23.151+0000] {processor.py:175} INFO - Processing /media/prempeh/Nouveau nom/MASTER2/DATA ENGINEERING/airflow/py_env/lib/python3.10/site-packages/airflow/example_dags/tutorial_dag.py took 0.410 seconds
[2023-01-14T21:26:00.207+0000] {processor.py:153} INFO - Started process (PID=10563) to work on /media/prempeh/Nouveau nom/MASTER2/DATA ENGINEERING/airflow/py_env/lib/python3.10/site-packages/airflow/example_dags/tutorial_dag.py
[2023-01-14T21:26:00.211+0000] {processor.py:743} INFO - Processing file /media/prempeh/Nouveau nom/MASTER2/DATA ENGINEERING/airflow/py_env/lib/python3.10/site-packages/airflow/example_dags/tutorial_dag.py for tasks to queue
[2023-01-14T21:26:00.216+0000] {logging_mixin.py:137} INFO - [2023-01-14T21:26:00.216+0000] {dagbag.py:538} INFO - Filling up the DagBag from /media/prempeh/Nouveau nom/MASTER2/DATA ENGINEERING/airflow/py_env/lib/python3.10/site-packages/airflow/example_dags/tutorial_dag.py
[2023-01-14T21:26:00.341+0000] {processor.py:753} INFO - DAG(s) dict_keys(['tutorial_dag']) retrieved from /media/prempeh/Nouveau nom/MASTER2/DATA ENGINEERING/airflow/py_env/lib/python3.10/site-packages/airflow/example_dags/tutorial_dag.py
[2023-01-14T21:26:00.482+0000] {logging_mixin.py:137} INFO - [2023-01-14T21:26:00.481+0000] {dag.py:2676} INFO - Sync 1 DAGs
[2023-01-14T21:26:00.555+0000] {logging_mixin.py:137} INFO - [2023-01-14T21:26:00.554+0000] {dag.py:3423} INFO - Setting next_dagrun for tutorial_dag to None, run_after=None
[2023-01-14T21:26:00.633+0000] {processor.py:175} INFO - Processing /media/prempeh/Nouveau nom/MASTER2/DATA ENGINEERING/airflow/py_env/lib/python3.10/site-packages/airflow/example_dags/tutorial_dag.py took 0.434 seconds
[2023-01-14T21:26:37.189+0000] {processor.py:153} INFO - Started process (PID=10676) to work on /media/prempeh/Nouveau nom/MASTER2/DATA ENGINEERING/airflow/py_env/lib/python3.10/site-packages/airflow/example_dags/tutorial_dag.py
[2023-01-14T21:26:37.191+0000] {processor.py:743} INFO - Processing file /media/prempeh/Nouveau nom/MASTER2/DATA ENGINEERING/airflow/py_env/lib/python3.10/site-packages/airflow/example_dags/tutorial_dag.py for tasks to queue
[2023-01-14T21:26:37.196+0000] {logging_mixin.py:137} INFO - [2023-01-14T21:26:37.196+0000] {dagbag.py:538} INFO - Filling up the DagBag from /media/prempeh/Nouveau nom/MASTER2/DATA ENGINEERING/airflow/py_env/lib/python3.10/site-packages/airflow/example_dags/tutorial_dag.py
[2023-01-14T21:26:37.311+0000] {processor.py:753} INFO - DAG(s) dict_keys(['tutorial_dag']) retrieved from /media/prempeh/Nouveau nom/MASTER2/DATA ENGINEERING/airflow/py_env/lib/python3.10/site-packages/airflow/example_dags/tutorial_dag.py
[2023-01-14T21:26:37.437+0000] {logging_mixin.py:137} INFO - [2023-01-14T21:26:37.436+0000] {dag.py:2676} INFO - Sync 1 DAGs
[2023-01-14T21:26:37.499+0000] {logging_mixin.py:137} INFO - [2023-01-14T21:26:37.499+0000] {dag.py:3423} INFO - Setting next_dagrun for tutorial_dag to None, run_after=None
[2023-01-14T21:26:37.572+0000] {processor.py:175} INFO - Processing /media/prempeh/Nouveau nom/MASTER2/DATA ENGINEERING/airflow/py_env/lib/python3.10/site-packages/airflow/example_dags/tutorial_dag.py took 0.392 seconds
