[2023-01-14T20:52:41.638+0000] {processor.py:153} INFO - Started process (PID=6403) to work on /media/prempeh/Nouveau nom/MASTER2/DATA ENGINEERING/airflow/py_env/lib/python3.10/site-packages/airflow/example_dags/tutorial.py
[2023-01-14T20:52:41.641+0000] {processor.py:743} INFO - Processing file /media/prempeh/Nouveau nom/MASTER2/DATA ENGINEERING/airflow/py_env/lib/python3.10/site-packages/airflow/example_dags/tutorial.py for tasks to queue
[2023-01-14T20:52:41.645+0000] {logging_mixin.py:137} INFO - [2023-01-14T20:52:41.644+0000] {dagbag.py:538} INFO - Filling up the DagBag from /media/prempeh/Nouveau nom/MASTER2/DATA ENGINEERING/airflow/py_env/lib/python3.10/site-packages/airflow/example_dags/tutorial.py
[2023-01-14T20:52:41.754+0000] {processor.py:753} INFO - DAG(s) dict_keys(['tutorial']) retrieved from /media/prempeh/Nouveau nom/MASTER2/DATA ENGINEERING/airflow/py_env/lib/python3.10/site-packages/airflow/example_dags/tutorial.py
[2023-01-14T20:52:42.353+0000] {logging_mixin.py:137} INFO - [2023-01-14T20:52:42.352+0000] {manager.py:504} INFO - Created Permission View: can edit on DAG:tutorial
[2023-01-14T20:52:42.382+0000] {logging_mixin.py:137} INFO - [2023-01-14T20:52:42.381+0000] {manager.py:504} INFO - Created Permission View: can delete on DAG:tutorial
[2023-01-14T20:52:42.408+0000] {logging_mixin.py:137} INFO - [2023-01-14T20:52:42.407+0000] {manager.py:504} INFO - Created Permission View: can read on DAG:tutorial
[2023-01-14T20:52:42.409+0000] {logging_mixin.py:137} INFO - [2023-01-14T20:52:42.409+0000] {dag.py:2676} INFO - Sync 1 DAGs
[2023-01-14T20:52:42.447+0000] {logging_mixin.py:137} INFO - [2023-01-14T20:52:42.446+0000] {dag.py:2697} INFO - Creating ORM DAG for tutorial
[2023-01-14T20:52:42.475+0000] {logging_mixin.py:137} INFO - [2023-01-14T20:52:42.475+0000] {dag.py:3423} INFO - Setting next_dagrun for tutorial to 2023-01-13T20:52:42.474527+00:00, run_after=2023-01-14T20:52:42.474527+00:00
[2023-01-14T20:52:42.533+0000] {processor.py:175} INFO - Processing /media/prempeh/Nouveau nom/MASTER2/DATA ENGINEERING/airflow/py_env/lib/python3.10/site-packages/airflow/example_dags/tutorial.py took 0.905 seconds
[2023-01-14T20:53:58.909+0000] {processor.py:153} INFO - Started process (PID=6708) to work on /media/prempeh/Nouveau nom/MASTER2/DATA ENGINEERING/airflow/py_env/lib/python3.10/site-packages/airflow/example_dags/tutorial.py
[2023-01-14T20:53:58.912+0000] {processor.py:743} INFO - Processing file /media/prempeh/Nouveau nom/MASTER2/DATA ENGINEERING/airflow/py_env/lib/python3.10/site-packages/airflow/example_dags/tutorial.py for tasks to queue
[2023-01-14T20:53:58.919+0000] {logging_mixin.py:137} INFO - [2023-01-14T20:53:58.919+0000] {dagbag.py:538} INFO - Filling up the DagBag from /media/prempeh/Nouveau nom/MASTER2/DATA ENGINEERING/airflow/py_env/lib/python3.10/site-packages/airflow/example_dags/tutorial.py
[2023-01-14T20:53:59.063+0000] {processor.py:753} INFO - DAG(s) dict_keys(['tutorial']) retrieved from /media/prempeh/Nouveau nom/MASTER2/DATA ENGINEERING/airflow/py_env/lib/python3.10/site-packages/airflow/example_dags/tutorial.py
[2023-01-14T20:53:59.214+0000] {logging_mixin.py:137} INFO - [2023-01-14T20:53:59.214+0000] {dag.py:2676} INFO - Sync 1 DAGs
[2023-01-14T20:53:59.330+0000] {logging_mixin.py:137} INFO - [2023-01-14T20:53:59.329+0000] {dag.py:3423} INFO - Setting next_dagrun for tutorial to 2023-01-13T20:53:59.328771+00:00, run_after=2023-01-14T20:53:59.328771+00:00
[2023-01-14T20:53:59.461+0000] {processor.py:175} INFO - Processing /media/prempeh/Nouveau nom/MASTER2/DATA ENGINEERING/airflow/py_env/lib/python3.10/site-packages/airflow/example_dags/tutorial.py took 0.560 seconds
[2023-01-14T20:54:57.924+0000] {processor.py:153} INFO - Started process (PID=6746) to work on /media/prempeh/Nouveau nom/MASTER2/DATA ENGINEERING/airflow/py_env/lib/python3.10/site-packages/airflow/example_dags/tutorial.py
[2023-01-14T20:54:57.928+0000] {processor.py:743} INFO - Processing file /media/prempeh/Nouveau nom/MASTER2/DATA ENGINEERING/airflow/py_env/lib/python3.10/site-packages/airflow/example_dags/tutorial.py for tasks to queue
[2023-01-14T20:54:57.934+0000] {logging_mixin.py:137} INFO - [2023-01-14T20:54:57.934+0000] {dagbag.py:538} INFO - Filling up the DagBag from /media/prempeh/Nouveau nom/MASTER2/DATA ENGINEERING/airflow/py_env/lib/python3.10/site-packages/airflow/example_dags/tutorial.py
[2023-01-14T20:54:58.100+0000] {processor.py:753} INFO - DAG(s) dict_keys(['tutorial']) retrieved from /media/prempeh/Nouveau nom/MASTER2/DATA ENGINEERING/airflow/py_env/lib/python3.10/site-packages/airflow/example_dags/tutorial.py
[2023-01-14T20:54:58.259+0000] {logging_mixin.py:137} INFO - [2023-01-14T20:54:58.259+0000] {dag.py:2676} INFO - Sync 1 DAGs
[2023-01-14T20:54:58.325+0000] {logging_mixin.py:137} INFO - [2023-01-14T20:54:58.324+0000] {dag.py:3423} INFO - Setting next_dagrun for tutorial to 2023-01-13T20:54:58.323833+00:00, run_after=2023-01-14T20:54:58.323833+00:00
[2023-01-14T20:54:58.403+0000] {processor.py:175} INFO - Processing /media/prempeh/Nouveau nom/MASTER2/DATA ENGINEERING/airflow/py_env/lib/python3.10/site-packages/airflow/example_dags/tutorial.py took 0.491 seconds
[2023-01-14T20:55:36.461+0000] {processor.py:153} INFO - Started process (PID=6772) to work on /media/prempeh/Nouveau nom/MASTER2/DATA ENGINEERING/airflow/py_env/lib/python3.10/site-packages/airflow/example_dags/tutorial.py
[2023-01-14T20:55:36.464+0000] {processor.py:743} INFO - Processing file /media/prempeh/Nouveau nom/MASTER2/DATA ENGINEERING/airflow/py_env/lib/python3.10/site-packages/airflow/example_dags/tutorial.py for tasks to queue
[2023-01-14T20:55:36.469+0000] {logging_mixin.py:137} INFO - [2023-01-14T20:55:36.468+0000] {dagbag.py:538} INFO - Filling up the DagBag from /media/prempeh/Nouveau nom/MASTER2/DATA ENGINEERING/airflow/py_env/lib/python3.10/site-packages/airflow/example_dags/tutorial.py
[2023-01-14T20:55:36.603+0000] {processor.py:753} INFO - DAG(s) dict_keys(['tutorial']) retrieved from /media/prempeh/Nouveau nom/MASTER2/DATA ENGINEERING/airflow/py_env/lib/python3.10/site-packages/airflow/example_dags/tutorial.py
[2023-01-14T20:55:36.748+0000] {logging_mixin.py:137} INFO - [2023-01-14T20:55:36.747+0000] {dag.py:2676} INFO - Sync 1 DAGs
[2023-01-14T20:55:36.823+0000] {logging_mixin.py:137} INFO - [2023-01-14T20:55:36.822+0000] {dag.py:3423} INFO - Setting next_dagrun for tutorial to 2023-01-13T20:55:36.822057+00:00, run_after=2023-01-14T20:55:36.822057+00:00
[2023-01-14T20:55:36.897+0000] {processor.py:175} INFO - Processing /media/prempeh/Nouveau nom/MASTER2/DATA ENGINEERING/airflow/py_env/lib/python3.10/site-packages/airflow/example_dags/tutorial.py took 0.446 seconds
[2023-01-14T20:56:33.584+0000] {processor.py:153} INFO - Started process (PID=6895) to work on /media/prempeh/Nouveau nom/MASTER2/DATA ENGINEERING/airflow/py_env/lib/python3.10/site-packages/airflow/example_dags/tutorial.py
[2023-01-14T20:56:33.587+0000] {processor.py:743} INFO - Processing file /media/prempeh/Nouveau nom/MASTER2/DATA ENGINEERING/airflow/py_env/lib/python3.10/site-packages/airflow/example_dags/tutorial.py for tasks to queue
[2023-01-14T20:56:33.592+0000] {logging_mixin.py:137} INFO - [2023-01-14T20:56:33.591+0000] {dagbag.py:538} INFO - Filling up the DagBag from /media/prempeh/Nouveau nom/MASTER2/DATA ENGINEERING/airflow/py_env/lib/python3.10/site-packages/airflow/example_dags/tutorial.py
[2023-01-14T20:56:33.714+0000] {processor.py:753} INFO - DAG(s) dict_keys(['tutorial']) retrieved from /media/prempeh/Nouveau nom/MASTER2/DATA ENGINEERING/airflow/py_env/lib/python3.10/site-packages/airflow/example_dags/tutorial.py
[2023-01-14T20:56:33.838+0000] {logging_mixin.py:137} INFO - [2023-01-14T20:56:33.837+0000] {dag.py:2676} INFO - Sync 1 DAGs
[2023-01-14T20:56:33.902+0000] {logging_mixin.py:137} INFO - [2023-01-14T20:56:33.902+0000] {dag.py:3423} INFO - Setting next_dagrun for tutorial to 2023-01-13T20:56:33.901679+00:00, run_after=2023-01-14T20:56:33.901679+00:00
[2023-01-14T20:56:33.975+0000] {processor.py:175} INFO - Processing /media/prempeh/Nouveau nom/MASTER2/DATA ENGINEERING/airflow/py_env/lib/python3.10/site-packages/airflow/example_dags/tutorial.py took 0.402 seconds
[2023-01-14T20:57:37.066+0000] {processor.py:153} INFO - Started process (PID=7093) to work on /media/prempeh/Nouveau nom/MASTER2/DATA ENGINEERING/airflow/py_env/lib/python3.10/site-packages/airflow/example_dags/tutorial.py
[2023-01-14T20:57:37.071+0000] {processor.py:743} INFO - Processing file /media/prempeh/Nouveau nom/MASTER2/DATA ENGINEERING/airflow/py_env/lib/python3.10/site-packages/airflow/example_dags/tutorial.py for tasks to queue
[2023-01-14T20:57:37.079+0000] {logging_mixin.py:137} INFO - [2023-01-14T20:57:37.078+0000] {dagbag.py:538} INFO - Filling up the DagBag from /media/prempeh/Nouveau nom/MASTER2/DATA ENGINEERING/airflow/py_env/lib/python3.10/site-packages/airflow/example_dags/tutorial.py
[2023-01-14T20:57:37.254+0000] {processor.py:753} INFO - DAG(s) dict_keys(['tutorial']) retrieved from /media/prempeh/Nouveau nom/MASTER2/DATA ENGINEERING/airflow/py_env/lib/python3.10/site-packages/airflow/example_dags/tutorial.py
[2023-01-14T20:57:37.406+0000] {logging_mixin.py:137} INFO - [2023-01-14T20:57:37.406+0000] {dag.py:2676} INFO - Sync 1 DAGs
[2023-01-14T20:57:37.534+0000] {logging_mixin.py:137} INFO - [2023-01-14T20:57:37.533+0000] {dag.py:3423} INFO - Setting next_dagrun for tutorial to 2023-01-13T20:57:37.532602+00:00, run_after=2023-01-14T20:57:37.532602+00:00
[2023-01-14T20:57:37.656+0000] {processor.py:175} INFO - Processing /media/prempeh/Nouveau nom/MASTER2/DATA ENGINEERING/airflow/py_env/lib/python3.10/site-packages/airflow/example_dags/tutorial.py took 0.604 seconds
[2023-01-14T20:58:35.462+0000] {processor.py:153} INFO - Started process (PID=7135) to work on /media/prempeh/Nouveau nom/MASTER2/DATA ENGINEERING/airflow/py_env/lib/python3.10/site-packages/airflow/example_dags/tutorial.py
[2023-01-14T20:58:35.465+0000] {processor.py:743} INFO - Processing file /media/prempeh/Nouveau nom/MASTER2/DATA ENGINEERING/airflow/py_env/lib/python3.10/site-packages/airflow/example_dags/tutorial.py for tasks to queue
[2023-01-14T20:58:35.473+0000] {logging_mixin.py:137} INFO - [2023-01-14T20:58:35.472+0000] {dagbag.py:538} INFO - Filling up the DagBag from /media/prempeh/Nouveau nom/MASTER2/DATA ENGINEERING/airflow/py_env/lib/python3.10/site-packages/airflow/example_dags/tutorial.py
[2023-01-14T20:58:35.584+0000] {processor.py:753} INFO - DAG(s) dict_keys(['tutorial']) retrieved from /media/prempeh/Nouveau nom/MASTER2/DATA ENGINEERING/airflow/py_env/lib/python3.10/site-packages/airflow/example_dags/tutorial.py
[2023-01-14T20:58:35.735+0000] {logging_mixin.py:137} INFO - [2023-01-14T20:58:35.734+0000] {dag.py:2676} INFO - Sync 1 DAGs
[2023-01-14T20:58:35.824+0000] {logging_mixin.py:137} INFO - [2023-01-14T20:58:35.823+0000] {dag.py:3423} INFO - Setting next_dagrun for tutorial to 2023-01-13T20:58:35.822417+00:00, run_after=2023-01-14T20:58:35.822417+00:00
[2023-01-14T20:58:35.915+0000] {processor.py:175} INFO - Processing /media/prempeh/Nouveau nom/MASTER2/DATA ENGINEERING/airflow/py_env/lib/python3.10/site-packages/airflow/example_dags/tutorial.py took 0.462 seconds
[2023-01-14T20:59:23.259+0000] {processor.py:153} INFO - Started process (PID=7175) to work on /media/prempeh/Nouveau nom/MASTER2/DATA ENGINEERING/airflow/py_env/lib/python3.10/site-packages/airflow/example_dags/tutorial.py
[2023-01-14T20:59:23.262+0000] {processor.py:743} INFO - Processing file /media/prempeh/Nouveau nom/MASTER2/DATA ENGINEERING/airflow/py_env/lib/python3.10/site-packages/airflow/example_dags/tutorial.py for tasks to queue
[2023-01-14T20:59:23.267+0000] {logging_mixin.py:137} INFO - [2023-01-14T20:59:23.267+0000] {dagbag.py:538} INFO - Filling up the DagBag from /media/prempeh/Nouveau nom/MASTER2/DATA ENGINEERING/airflow/py_env/lib/python3.10/site-packages/airflow/example_dags/tutorial.py
[2023-01-14T20:59:23.393+0000] {processor.py:753} INFO - DAG(s) dict_keys(['tutorial']) retrieved from /media/prempeh/Nouveau nom/MASTER2/DATA ENGINEERING/airflow/py_env/lib/python3.10/site-packages/airflow/example_dags/tutorial.py
[2023-01-14T20:59:23.522+0000] {logging_mixin.py:137} INFO - [2023-01-14T20:59:23.522+0000] {dag.py:2676} INFO - Sync 1 DAGs
[2023-01-14T20:59:23.584+0000] {logging_mixin.py:137} INFO - [2023-01-14T20:59:23.583+0000] {dag.py:3423} INFO - Setting next_dagrun for tutorial to 2023-01-13T20:59:23.583039+00:00, run_after=2023-01-14T20:59:23.583039+00:00
[2023-01-14T20:59:23.660+0000] {processor.py:175} INFO - Processing /media/prempeh/Nouveau nom/MASTER2/DATA ENGINEERING/airflow/py_env/lib/python3.10/site-packages/airflow/example_dags/tutorial.py took 0.410 seconds
[2023-01-14T21:00:15.006+0000] {processor.py:153} INFO - Started process (PID=7254) to work on /media/prempeh/Nouveau nom/MASTER2/DATA ENGINEERING/airflow/py_env/lib/python3.10/site-packages/airflow/example_dags/tutorial.py
[2023-01-14T21:00:15.010+0000] {processor.py:743} INFO - Processing file /media/prempeh/Nouveau nom/MASTER2/DATA ENGINEERING/airflow/py_env/lib/python3.10/site-packages/airflow/example_dags/tutorial.py for tasks to queue
[2023-01-14T21:00:15.016+0000] {logging_mixin.py:137} INFO - [2023-01-14T21:00:15.015+0000] {dagbag.py:538} INFO - Filling up the DagBag from /media/prempeh/Nouveau nom/MASTER2/DATA ENGINEERING/airflow/py_env/lib/python3.10/site-packages/airflow/example_dags/tutorial.py
[2023-01-14T21:00:15.159+0000] {processor.py:753} INFO - DAG(s) dict_keys(['tutorial']) retrieved from /media/prempeh/Nouveau nom/MASTER2/DATA ENGINEERING/airflow/py_env/lib/python3.10/site-packages/airflow/example_dags/tutorial.py
[2023-01-14T21:00:15.310+0000] {logging_mixin.py:137} INFO - [2023-01-14T21:00:15.309+0000] {dag.py:2676} INFO - Sync 1 DAGs
[2023-01-14T21:00:15.371+0000] {logging_mixin.py:137} INFO - [2023-01-14T21:00:15.371+0000] {dag.py:3423} INFO - Setting next_dagrun for tutorial to 2023-01-13T21:00:15.370811+00:00, run_after=2023-01-14T21:00:15.370811+00:00
[2023-01-14T21:00:15.445+0000] {processor.py:175} INFO - Processing /media/prempeh/Nouveau nom/MASTER2/DATA ENGINEERING/airflow/py_env/lib/python3.10/site-packages/airflow/example_dags/tutorial.py took 0.453 seconds
[2023-01-14T21:01:11.399+0000] {processor.py:153} INFO - Started process (PID=7299) to work on /media/prempeh/Nouveau nom/MASTER2/DATA ENGINEERING/airflow/py_env/lib/python3.10/site-packages/airflow/example_dags/tutorial.py
[2023-01-14T21:01:11.403+0000] {processor.py:743} INFO - Processing file /media/prempeh/Nouveau nom/MASTER2/DATA ENGINEERING/airflow/py_env/lib/python3.10/site-packages/airflow/example_dags/tutorial.py for tasks to queue
[2023-01-14T21:01:11.408+0000] {logging_mixin.py:137} INFO - [2023-01-14T21:01:11.407+0000] {dagbag.py:538} INFO - Filling up the DagBag from /media/prempeh/Nouveau nom/MASTER2/DATA ENGINEERING/airflow/py_env/lib/python3.10/site-packages/airflow/example_dags/tutorial.py
[2023-01-14T21:01:11.587+0000] {processor.py:753} INFO - DAG(s) dict_keys(['tutorial']) retrieved from /media/prempeh/Nouveau nom/MASTER2/DATA ENGINEERING/airflow/py_env/lib/python3.10/site-packages/airflow/example_dags/tutorial.py
[2023-01-14T21:01:11.786+0000] {logging_mixin.py:137} INFO - [2023-01-14T21:01:11.785+0000] {dag.py:2676} INFO - Sync 1 DAGs
[2023-01-14T21:01:11.860+0000] {logging_mixin.py:137} INFO - [2023-01-14T21:01:11.859+0000] {dag.py:3423} INFO - Setting next_dagrun for tutorial to 2023-01-13T21:01:11.859074+00:00, run_after=2023-01-14T21:01:11.859074+00:00
[2023-01-14T21:01:11.932+0000] {processor.py:175} INFO - Processing /media/prempeh/Nouveau nom/MASTER2/DATA ENGINEERING/airflow/py_env/lib/python3.10/site-packages/airflow/example_dags/tutorial.py took 0.545 seconds
[2023-01-14T21:02:06.322+0000] {processor.py:153} INFO - Started process (PID=7338) to work on /media/prempeh/Nouveau nom/MASTER2/DATA ENGINEERING/airflow/py_env/lib/python3.10/site-packages/airflow/example_dags/tutorial.py
[2023-01-14T21:02:06.325+0000] {processor.py:743} INFO - Processing file /media/prempeh/Nouveau nom/MASTER2/DATA ENGINEERING/airflow/py_env/lib/python3.10/site-packages/airflow/example_dags/tutorial.py for tasks to queue
[2023-01-14T21:02:06.330+0000] {logging_mixin.py:137} INFO - [2023-01-14T21:02:06.329+0000] {dagbag.py:538} INFO - Filling up the DagBag from /media/prempeh/Nouveau nom/MASTER2/DATA ENGINEERING/airflow/py_env/lib/python3.10/site-packages/airflow/example_dags/tutorial.py
[2023-01-14T21:02:06.456+0000] {processor.py:753} INFO - DAG(s) dict_keys(['tutorial']) retrieved from /media/prempeh/Nouveau nom/MASTER2/DATA ENGINEERING/airflow/py_env/lib/python3.10/site-packages/airflow/example_dags/tutorial.py
[2023-01-14T21:02:06.575+0000] {logging_mixin.py:137} INFO - [2023-01-14T21:02:06.574+0000] {dag.py:2676} INFO - Sync 1 DAGs
[2023-01-14T21:02:06.634+0000] {logging_mixin.py:137} INFO - [2023-01-14T21:02:06.634+0000] {dag.py:3423} INFO - Setting next_dagrun for tutorial to 2023-01-13T21:02:06.633823+00:00, run_after=2023-01-14T21:02:06.633823+00:00
[2023-01-14T21:02:06.709+0000] {processor.py:175} INFO - Processing /media/prempeh/Nouveau nom/MASTER2/DATA ENGINEERING/airflow/py_env/lib/python3.10/site-packages/airflow/example_dags/tutorial.py took 0.395 seconds
[2023-01-14T21:02:57.506+0000] {processor.py:153} INFO - Started process (PID=7407) to work on /media/prempeh/Nouveau nom/MASTER2/DATA ENGINEERING/airflow/py_env/lib/python3.10/site-packages/airflow/example_dags/tutorial.py
[2023-01-14T21:02:57.509+0000] {processor.py:743} INFO - Processing file /media/prempeh/Nouveau nom/MASTER2/DATA ENGINEERING/airflow/py_env/lib/python3.10/site-packages/airflow/example_dags/tutorial.py for tasks to queue
[2023-01-14T21:02:57.516+0000] {logging_mixin.py:137} INFO - [2023-01-14T21:02:57.515+0000] {dagbag.py:538} INFO - Filling up the DagBag from /media/prempeh/Nouveau nom/MASTER2/DATA ENGINEERING/airflow/py_env/lib/python3.10/site-packages/airflow/example_dags/tutorial.py
[2023-01-14T21:02:57.656+0000] {processor.py:753} INFO - DAG(s) dict_keys(['tutorial']) retrieved from /media/prempeh/Nouveau nom/MASTER2/DATA ENGINEERING/airflow/py_env/lib/python3.10/site-packages/airflow/example_dags/tutorial.py
[2023-01-14T21:02:57.787+0000] {logging_mixin.py:137} INFO - [2023-01-14T21:02:57.787+0000] {dag.py:2676} INFO - Sync 1 DAGs
[2023-01-14T21:02:57.852+0000] {logging_mixin.py:137} INFO - [2023-01-14T21:02:57.852+0000] {dag.py:3423} INFO - Setting next_dagrun for tutorial to 2023-01-13T21:02:57.851406+00:00, run_after=2023-01-14T21:02:57.851406+00:00
[2023-01-14T21:02:57.922+0000] {processor.py:175} INFO - Processing /media/prempeh/Nouveau nom/MASTER2/DATA ENGINEERING/airflow/py_env/lib/python3.10/site-packages/airflow/example_dags/tutorial.py took 0.424 seconds
[2023-01-14T21:03:51.555+0000] {processor.py:153} INFO - Started process (PID=7462) to work on /media/prempeh/Nouveau nom/MASTER2/DATA ENGINEERING/airflow/py_env/lib/python3.10/site-packages/airflow/example_dags/tutorial.py
[2023-01-14T21:03:51.565+0000] {processor.py:743} INFO - Processing file /media/prempeh/Nouveau nom/MASTER2/DATA ENGINEERING/airflow/py_env/lib/python3.10/site-packages/airflow/example_dags/tutorial.py for tasks to queue
[2023-01-14T21:03:51.574+0000] {logging_mixin.py:137} INFO - [2023-01-14T21:03:51.573+0000] {dagbag.py:538} INFO - Filling up the DagBag from /media/prempeh/Nouveau nom/MASTER2/DATA ENGINEERING/airflow/py_env/lib/python3.10/site-packages/airflow/example_dags/tutorial.py
[2023-01-14T21:03:51.801+0000] {processor.py:753} INFO - DAG(s) dict_keys(['tutorial']) retrieved from /media/prempeh/Nouveau nom/MASTER2/DATA ENGINEERING/airflow/py_env/lib/python3.10/site-packages/airflow/example_dags/tutorial.py
[2023-01-14T21:03:52.043+0000] {logging_mixin.py:137} INFO - [2023-01-14T21:03:52.042+0000] {dag.py:2676} INFO - Sync 1 DAGs
[2023-01-14T21:03:52.169+0000] {logging_mixin.py:137} INFO - [2023-01-14T21:03:52.168+0000] {dag.py:3423} INFO - Setting next_dagrun for tutorial to 2023-01-13T21:03:52.167997+00:00, run_after=2023-01-14T21:03:52.167997+00:00
[2023-01-14T21:03:52.280+0000] {processor.py:175} INFO - Processing /media/prempeh/Nouveau nom/MASTER2/DATA ENGINEERING/airflow/py_env/lib/python3.10/site-packages/airflow/example_dags/tutorial.py took 0.736 seconds
[2023-01-14T21:04:56.891+0000] {processor.py:153} INFO - Started process (PID=7522) to work on /media/prempeh/Nouveau nom/MASTER2/DATA ENGINEERING/airflow/py_env/lib/python3.10/site-packages/airflow/example_dags/tutorial.py
[2023-01-14T21:04:56.894+0000] {processor.py:743} INFO - Processing file /media/prempeh/Nouveau nom/MASTER2/DATA ENGINEERING/airflow/py_env/lib/python3.10/site-packages/airflow/example_dags/tutorial.py for tasks to queue
[2023-01-14T21:04:56.902+0000] {logging_mixin.py:137} INFO - [2023-01-14T21:04:56.901+0000] {dagbag.py:538} INFO - Filling up the DagBag from /media/prempeh/Nouveau nom/MASTER2/DATA ENGINEERING/airflow/py_env/lib/python3.10/site-packages/airflow/example_dags/tutorial.py
[2023-01-14T21:04:57.068+0000] {processor.py:753} INFO - DAG(s) dict_keys(['tutorial']) retrieved from /media/prempeh/Nouveau nom/MASTER2/DATA ENGINEERING/airflow/py_env/lib/python3.10/site-packages/airflow/example_dags/tutorial.py
[2023-01-14T21:04:57.248+0000] {logging_mixin.py:137} INFO - [2023-01-14T21:04:57.247+0000] {dag.py:2676} INFO - Sync 1 DAGs
[2023-01-14T21:04:57.311+0000] {logging_mixin.py:137} INFO - [2023-01-14T21:04:57.311+0000] {dag.py:3423} INFO - Setting next_dagrun for tutorial to 2023-01-13T21:04:57.310171+00:00, run_after=2023-01-14T21:04:57.310171+00:00
[2023-01-14T21:04:57.373+0000] {processor.py:175} INFO - Processing /media/prempeh/Nouveau nom/MASTER2/DATA ENGINEERING/airflow/py_env/lib/python3.10/site-packages/airflow/example_dags/tutorial.py took 0.492 seconds
[2023-01-14T21:05:53.294+0000] {processor.py:153} INFO - Started process (PID=7575) to work on /media/prempeh/Nouveau nom/MASTER2/DATA ENGINEERING/airflow/py_env/lib/python3.10/site-packages/airflow/example_dags/tutorial.py
[2023-01-14T21:05:53.299+0000] {processor.py:743} INFO - Processing file /media/prempeh/Nouveau nom/MASTER2/DATA ENGINEERING/airflow/py_env/lib/python3.10/site-packages/airflow/example_dags/tutorial.py for tasks to queue
[2023-01-14T21:05:53.311+0000] {logging_mixin.py:137} INFO - [2023-01-14T21:05:53.310+0000] {dagbag.py:538} INFO - Filling up the DagBag from /media/prempeh/Nouveau nom/MASTER2/DATA ENGINEERING/airflow/py_env/lib/python3.10/site-packages/airflow/example_dags/tutorial.py
[2023-01-14T21:05:53.546+0000] {processor.py:753} INFO - DAG(s) dict_keys(['tutorial']) retrieved from /media/prempeh/Nouveau nom/MASTER2/DATA ENGINEERING/airflow/py_env/lib/python3.10/site-packages/airflow/example_dags/tutorial.py
[2023-01-14T21:05:53.801+0000] {logging_mixin.py:137} INFO - [2023-01-14T21:05:53.800+0000] {dag.py:2676} INFO - Sync 1 DAGs
[2023-01-14T21:05:53.908+0000] {logging_mixin.py:137} INFO - [2023-01-14T21:05:53.907+0000] {dag.py:3423} INFO - Setting next_dagrun for tutorial to 2023-01-13T21:05:53.906432+00:00, run_after=2023-01-14T21:05:53.906432+00:00
[2023-01-14T21:05:54.048+0000] {processor.py:175} INFO - Processing /media/prempeh/Nouveau nom/MASTER2/DATA ENGINEERING/airflow/py_env/lib/python3.10/site-packages/airflow/example_dags/tutorial.py took 0.763 seconds
[2023-01-14T21:07:00.126+0000] {processor.py:153} INFO - Started process (PID=7839) to work on /media/prempeh/Nouveau nom/MASTER2/DATA ENGINEERING/airflow/py_env/lib/python3.10/site-packages/airflow/example_dags/tutorial.py
[2023-01-14T21:07:00.130+0000] {processor.py:743} INFO - Processing file /media/prempeh/Nouveau nom/MASTER2/DATA ENGINEERING/airflow/py_env/lib/python3.10/site-packages/airflow/example_dags/tutorial.py for tasks to queue
[2023-01-14T21:07:00.140+0000] {logging_mixin.py:137} INFO - [2023-01-14T21:07:00.139+0000] {dagbag.py:538} INFO - Filling up the DagBag from /media/prempeh/Nouveau nom/MASTER2/DATA ENGINEERING/airflow/py_env/lib/python3.10/site-packages/airflow/example_dags/tutorial.py
[2023-01-14T21:07:00.497+0000] {processor.py:753} INFO - DAG(s) dict_keys(['tutorial']) retrieved from /media/prempeh/Nouveau nom/MASTER2/DATA ENGINEERING/airflow/py_env/lib/python3.10/site-packages/airflow/example_dags/tutorial.py
[2023-01-14T21:07:00.744+0000] {logging_mixin.py:137} INFO - [2023-01-14T21:07:00.743+0000] {dag.py:2676} INFO - Sync 1 DAGs
[2023-01-14T21:07:00.859+0000] {logging_mixin.py:137} INFO - [2023-01-14T21:07:00.858+0000] {dag.py:3423} INFO - Setting next_dagrun for tutorial to 2023-01-13T21:07:00.857571+00:00, run_after=2023-01-14T21:07:00.857571+00:00
[2023-01-14T21:07:00.992+0000] {processor.py:175} INFO - Processing /media/prempeh/Nouveau nom/MASTER2/DATA ENGINEERING/airflow/py_env/lib/python3.10/site-packages/airflow/example_dags/tutorial.py took 0.878 seconds
[2023-01-14T21:07:57.849+0000] {processor.py:153} INFO - Started process (PID=7981) to work on /media/prempeh/Nouveau nom/MASTER2/DATA ENGINEERING/airflow/py_env/lib/python3.10/site-packages/airflow/example_dags/tutorial.py
[2023-01-14T21:07:57.852+0000] {processor.py:743} INFO - Processing file /media/prempeh/Nouveau nom/MASTER2/DATA ENGINEERING/airflow/py_env/lib/python3.10/site-packages/airflow/example_dags/tutorial.py for tasks to queue
[2023-01-14T21:07:57.863+0000] {logging_mixin.py:137} INFO - [2023-01-14T21:07:57.858+0000] {dagbag.py:538} INFO - Filling up the DagBag from /media/prempeh/Nouveau nom/MASTER2/DATA ENGINEERING/airflow/py_env/lib/python3.10/site-packages/airflow/example_dags/tutorial.py
[2023-01-14T21:07:58.084+0000] {processor.py:753} INFO - DAG(s) dict_keys(['tutorial']) retrieved from /media/prempeh/Nouveau nom/MASTER2/DATA ENGINEERING/airflow/py_env/lib/python3.10/site-packages/airflow/example_dags/tutorial.py
[2023-01-14T21:07:58.363+0000] {logging_mixin.py:137} INFO - [2023-01-14T21:07:58.362+0000] {dag.py:2676} INFO - Sync 1 DAGs
[2023-01-14T21:07:58.482+0000] {logging_mixin.py:137} INFO - [2023-01-14T21:07:58.481+0000] {dag.py:3423} INFO - Setting next_dagrun for tutorial to 2023-01-13T21:07:58.480236+00:00, run_after=2023-01-14T21:07:58.480236+00:00
[2023-01-14T21:07:58.614+0000] {processor.py:175} INFO - Processing /media/prempeh/Nouveau nom/MASTER2/DATA ENGINEERING/airflow/py_env/lib/python3.10/site-packages/airflow/example_dags/tutorial.py took 0.775 seconds
[2023-01-14T21:08:41.429+0000] {processor.py:153} INFO - Started process (PID=8079) to work on /media/prempeh/Nouveau nom/MASTER2/DATA ENGINEERING/airflow/py_env/lib/python3.10/site-packages/airflow/example_dags/tutorial.py
[2023-01-14T21:08:41.432+0000] {processor.py:743} INFO - Processing file /media/prempeh/Nouveau nom/MASTER2/DATA ENGINEERING/airflow/py_env/lib/python3.10/site-packages/airflow/example_dags/tutorial.py for tasks to queue
[2023-01-14T21:08:41.440+0000] {logging_mixin.py:137} INFO - [2023-01-14T21:08:41.440+0000] {dagbag.py:538} INFO - Filling up the DagBag from /media/prempeh/Nouveau nom/MASTER2/DATA ENGINEERING/airflow/py_env/lib/python3.10/site-packages/airflow/example_dags/tutorial.py
[2023-01-14T21:08:41.572+0000] {processor.py:753} INFO - DAG(s) dict_keys(['tutorial']) retrieved from /media/prempeh/Nouveau nom/MASTER2/DATA ENGINEERING/airflow/py_env/lib/python3.10/site-packages/airflow/example_dags/tutorial.py
[2023-01-14T21:08:41.712+0000] {logging_mixin.py:137} INFO - [2023-01-14T21:08:41.712+0000] {dag.py:2676} INFO - Sync 1 DAGs
[2023-01-14T21:08:41.775+0000] {logging_mixin.py:137} INFO - [2023-01-14T21:08:41.774+0000] {dag.py:3423} INFO - Setting next_dagrun for tutorial to 2023-01-13T21:08:41.774065+00:00, run_after=2023-01-14T21:08:41.774065+00:00
[2023-01-14T21:08:41.851+0000] {processor.py:175} INFO - Processing /media/prempeh/Nouveau nom/MASTER2/DATA ENGINEERING/airflow/py_env/lib/python3.10/site-packages/airflow/example_dags/tutorial.py took 0.431 seconds
[2023-01-14T21:09:40.714+0000] {processor.py:153} INFO - Started process (PID=8126) to work on /media/prempeh/Nouveau nom/MASTER2/DATA ENGINEERING/airflow/py_env/lib/python3.10/site-packages/airflow/example_dags/tutorial.py
[2023-01-14T21:09:40.718+0000] {processor.py:743} INFO - Processing file /media/prempeh/Nouveau nom/MASTER2/DATA ENGINEERING/airflow/py_env/lib/python3.10/site-packages/airflow/example_dags/tutorial.py for tasks to queue
[2023-01-14T21:09:40.722+0000] {logging_mixin.py:137} INFO - [2023-01-14T21:09:40.722+0000] {dagbag.py:538} INFO - Filling up the DagBag from /media/prempeh/Nouveau nom/MASTER2/DATA ENGINEERING/airflow/py_env/lib/python3.10/site-packages/airflow/example_dags/tutorial.py
[2023-01-14T21:09:40.868+0000] {processor.py:753} INFO - DAG(s) dict_keys(['tutorial']) retrieved from /media/prempeh/Nouveau nom/MASTER2/DATA ENGINEERING/airflow/py_env/lib/python3.10/site-packages/airflow/example_dags/tutorial.py
[2023-01-14T21:09:41.016+0000] {logging_mixin.py:137} INFO - [2023-01-14T21:09:41.015+0000] {dag.py:2676} INFO - Sync 1 DAGs
[2023-01-14T21:09:41.077+0000] {logging_mixin.py:137} INFO - [2023-01-14T21:09:41.076+0000] {dag.py:3423} INFO - Setting next_dagrun for tutorial to 2023-01-13T21:09:41.075924+00:00, run_after=2023-01-14T21:09:41.075924+00:00
[2023-01-14T21:09:41.154+0000] {processor.py:175} INFO - Processing /media/prempeh/Nouveau nom/MASTER2/DATA ENGINEERING/airflow/py_env/lib/python3.10/site-packages/airflow/example_dags/tutorial.py took 0.449 seconds
[2023-01-14T21:10:41.622+0000] {processor.py:153} INFO - Started process (PID=8171) to work on /media/prempeh/Nouveau nom/MASTER2/DATA ENGINEERING/airflow/py_env/lib/python3.10/site-packages/airflow/example_dags/tutorial.py
[2023-01-14T21:10:41.625+0000] {processor.py:743} INFO - Processing file /media/prempeh/Nouveau nom/MASTER2/DATA ENGINEERING/airflow/py_env/lib/python3.10/site-packages/airflow/example_dags/tutorial.py for tasks to queue
[2023-01-14T21:10:41.630+0000] {logging_mixin.py:137} INFO - [2023-01-14T21:10:41.629+0000] {dagbag.py:538} INFO - Filling up the DagBag from /media/prempeh/Nouveau nom/MASTER2/DATA ENGINEERING/airflow/py_env/lib/python3.10/site-packages/airflow/example_dags/tutorial.py
[2023-01-14T21:10:41.761+0000] {processor.py:753} INFO - DAG(s) dict_keys(['tutorial']) retrieved from /media/prempeh/Nouveau nom/MASTER2/DATA ENGINEERING/airflow/py_env/lib/python3.10/site-packages/airflow/example_dags/tutorial.py
[2023-01-14T21:10:41.901+0000] {logging_mixin.py:137} INFO - [2023-01-14T21:10:41.901+0000] {dag.py:2676} INFO - Sync 1 DAGs
[2023-01-14T21:10:41.966+0000] {logging_mixin.py:137} INFO - [2023-01-14T21:10:41.965+0000] {dag.py:3423} INFO - Setting next_dagrun for tutorial to 2023-01-13T21:10:41.964926+00:00, run_after=2023-01-14T21:10:41.964926+00:00
[2023-01-14T21:10:42.035+0000] {processor.py:175} INFO - Processing /media/prempeh/Nouveau nom/MASTER2/DATA ENGINEERING/airflow/py_env/lib/python3.10/site-packages/airflow/example_dags/tutorial.py took 0.424 seconds
[2023-01-14T21:11:46.279+0000] {processor.py:153} INFO - Started process (PID=8219) to work on /media/prempeh/Nouveau nom/MASTER2/DATA ENGINEERING/airflow/py_env/lib/python3.10/site-packages/airflow/example_dags/tutorial.py
[2023-01-14T21:11:46.283+0000] {processor.py:743} INFO - Processing file /media/prempeh/Nouveau nom/MASTER2/DATA ENGINEERING/airflow/py_env/lib/python3.10/site-packages/airflow/example_dags/tutorial.py for tasks to queue
[2023-01-14T21:11:46.295+0000] {logging_mixin.py:137} INFO - [2023-01-14T21:11:46.294+0000] {dagbag.py:538} INFO - Filling up the DagBag from /media/prempeh/Nouveau nom/MASTER2/DATA ENGINEERING/airflow/py_env/lib/python3.10/site-packages/airflow/example_dags/tutorial.py
[2023-01-14T21:11:46.484+0000] {processor.py:753} INFO - DAG(s) dict_keys(['tutorial']) retrieved from /media/prempeh/Nouveau nom/MASTER2/DATA ENGINEERING/airflow/py_env/lib/python3.10/site-packages/airflow/example_dags/tutorial.py
[2023-01-14T21:11:46.610+0000] {logging_mixin.py:137} INFO - [2023-01-14T21:11:46.610+0000] {dag.py:2676} INFO - Sync 1 DAGs
[2023-01-14T21:11:46.742+0000] {logging_mixin.py:137} INFO - [2023-01-14T21:11:46.741+0000] {dag.py:3423} INFO - Setting next_dagrun for tutorial to 2023-01-13T21:11:46.738988+00:00, run_after=2023-01-14T21:11:46.738988+00:00
[2023-01-14T21:11:46.859+0000] {processor.py:175} INFO - Processing /media/prempeh/Nouveau nom/MASTER2/DATA ENGINEERING/airflow/py_env/lib/python3.10/site-packages/airflow/example_dags/tutorial.py took 0.594 seconds
[2023-01-14T21:12:53.217+0000] {processor.py:153} INFO - Started process (PID=8264) to work on /media/prempeh/Nouveau nom/MASTER2/DATA ENGINEERING/airflow/py_env/lib/python3.10/site-packages/airflow/example_dags/tutorial.py
[2023-01-14T21:12:53.220+0000] {processor.py:743} INFO - Processing file /media/prempeh/Nouveau nom/MASTER2/DATA ENGINEERING/airflow/py_env/lib/python3.10/site-packages/airflow/example_dags/tutorial.py for tasks to queue
[2023-01-14T21:12:53.225+0000] {logging_mixin.py:137} INFO - [2023-01-14T21:12:53.224+0000] {dagbag.py:538} INFO - Filling up the DagBag from /media/prempeh/Nouveau nom/MASTER2/DATA ENGINEERING/airflow/py_env/lib/python3.10/site-packages/airflow/example_dags/tutorial.py
[2023-01-14T21:12:53.342+0000] {processor.py:753} INFO - DAG(s) dict_keys(['tutorial']) retrieved from /media/prempeh/Nouveau nom/MASTER2/DATA ENGINEERING/airflow/py_env/lib/python3.10/site-packages/airflow/example_dags/tutorial.py
[2023-01-14T21:12:53.466+0000] {logging_mixin.py:137} INFO - [2023-01-14T21:12:53.465+0000] {dag.py:2676} INFO - Sync 1 DAGs
[2023-01-14T21:12:53.528+0000] {logging_mixin.py:137} INFO - [2023-01-14T21:12:53.528+0000] {dag.py:3423} INFO - Setting next_dagrun for tutorial to 2023-01-13T21:12:53.527389+00:00, run_after=2023-01-14T21:12:53.527389+00:00
[2023-01-14T21:12:53.600+0000] {processor.py:175} INFO - Processing /media/prempeh/Nouveau nom/MASTER2/DATA ENGINEERING/airflow/py_env/lib/python3.10/site-packages/airflow/example_dags/tutorial.py took 0.391 seconds
[2023-01-14T21:13:33.443+0000] {processor.py:153} INFO - Started process (PID=8289) to work on /media/prempeh/Nouveau nom/MASTER2/DATA ENGINEERING/airflow/py_env/lib/python3.10/site-packages/airflow/example_dags/tutorial.py
[2023-01-14T21:13:33.446+0000] {processor.py:743} INFO - Processing file /media/prempeh/Nouveau nom/MASTER2/DATA ENGINEERING/airflow/py_env/lib/python3.10/site-packages/airflow/example_dags/tutorial.py for tasks to queue
[2023-01-14T21:13:33.452+0000] {logging_mixin.py:137} INFO - [2023-01-14T21:13:33.452+0000] {dagbag.py:538} INFO - Filling up the DagBag from /media/prempeh/Nouveau nom/MASTER2/DATA ENGINEERING/airflow/py_env/lib/python3.10/site-packages/airflow/example_dags/tutorial.py
[2023-01-14T21:13:33.576+0000] {processor.py:753} INFO - DAG(s) dict_keys(['tutorial']) retrieved from /media/prempeh/Nouveau nom/MASTER2/DATA ENGINEERING/airflow/py_env/lib/python3.10/site-packages/airflow/example_dags/tutorial.py
[2023-01-14T21:13:33.716+0000] {logging_mixin.py:137} INFO - [2023-01-14T21:13:33.715+0000] {dag.py:2676} INFO - Sync 1 DAGs
[2023-01-14T21:13:33.779+0000] {logging_mixin.py:137} INFO - [2023-01-14T21:13:33.779+0000] {dag.py:3423} INFO - Setting next_dagrun for tutorial to 2023-01-13T21:13:33.778701+00:00, run_after=2023-01-14T21:13:33.778701+00:00
[2023-01-14T21:13:33.853+0000] {processor.py:175} INFO - Processing /media/prempeh/Nouveau nom/MASTER2/DATA ENGINEERING/airflow/py_env/lib/python3.10/site-packages/airflow/example_dags/tutorial.py took 0.424 seconds
[2023-01-14T21:14:10.727+0000] {processor.py:153} INFO - Started process (PID=8320) to work on /media/prempeh/Nouveau nom/MASTER2/DATA ENGINEERING/airflow/py_env/lib/python3.10/site-packages/airflow/example_dags/tutorial.py
[2023-01-14T21:14:10.730+0000] {processor.py:743} INFO - Processing file /media/prempeh/Nouveau nom/MASTER2/DATA ENGINEERING/airflow/py_env/lib/python3.10/site-packages/airflow/example_dags/tutorial.py for tasks to queue
[2023-01-14T21:14:10.734+0000] {logging_mixin.py:137} INFO - [2023-01-14T21:14:10.733+0000] {dagbag.py:538} INFO - Filling up the DagBag from /media/prempeh/Nouveau nom/MASTER2/DATA ENGINEERING/airflow/py_env/lib/python3.10/site-packages/airflow/example_dags/tutorial.py
[2023-01-14T21:14:10.851+0000] {processor.py:753} INFO - DAG(s) dict_keys(['tutorial']) retrieved from /media/prempeh/Nouveau nom/MASTER2/DATA ENGINEERING/airflow/py_env/lib/python3.10/site-packages/airflow/example_dags/tutorial.py
[2023-01-14T21:14:10.994+0000] {logging_mixin.py:137} INFO - [2023-01-14T21:14:10.993+0000] {dag.py:2676} INFO - Sync 1 DAGs
[2023-01-14T21:14:11.055+0000] {logging_mixin.py:137} INFO - [2023-01-14T21:14:11.055+0000] {dag.py:3423} INFO - Setting next_dagrun for tutorial to 2023-01-13T21:14:11.054838+00:00, run_after=2023-01-14T21:14:11.054838+00:00
[2023-01-14T21:14:11.126+0000] {processor.py:175} INFO - Processing /media/prempeh/Nouveau nom/MASTER2/DATA ENGINEERING/airflow/py_env/lib/python3.10/site-packages/airflow/example_dags/tutorial.py took 0.408 seconds
[2023-01-14T21:15:19.540+0000] {processor.py:153} INFO - Started process (PID=8668) to work on /media/prempeh/Nouveau nom/MASTER2/DATA ENGINEERING/airflow/py_env/lib/python3.10/site-packages/airflow/example_dags/tutorial.py
[2023-01-14T21:15:19.543+0000] {processor.py:743} INFO - Processing file /media/prempeh/Nouveau nom/MASTER2/DATA ENGINEERING/airflow/py_env/lib/python3.10/site-packages/airflow/example_dags/tutorial.py for tasks to queue
[2023-01-14T21:15:19.550+0000] {logging_mixin.py:137} INFO - [2023-01-14T21:15:19.549+0000] {dagbag.py:538} INFO - Filling up the DagBag from /media/prempeh/Nouveau nom/MASTER2/DATA ENGINEERING/airflow/py_env/lib/python3.10/site-packages/airflow/example_dags/tutorial.py
[2023-01-14T21:15:19.823+0000] {processor.py:753} INFO - DAG(s) dict_keys(['tutorial']) retrieved from /media/prempeh/Nouveau nom/MASTER2/DATA ENGINEERING/airflow/py_env/lib/python3.10/site-packages/airflow/example_dags/tutorial.py
[2023-01-14T21:15:20.065+0000] {logging_mixin.py:137} INFO - [2023-01-14T21:15:20.064+0000] {dag.py:2676} INFO - Sync 1 DAGs
[2023-01-14T21:15:20.187+0000] {logging_mixin.py:137} INFO - [2023-01-14T21:15:20.187+0000] {dag.py:3423} INFO - Setting next_dagrun for tutorial to 2023-01-13T21:15:20.186059+00:00, run_after=2023-01-14T21:15:20.186059+00:00
[2023-01-14T21:15:20.318+0000] {processor.py:175} INFO - Processing /media/prempeh/Nouveau nom/MASTER2/DATA ENGINEERING/airflow/py_env/lib/python3.10/site-packages/airflow/example_dags/tutorial.py took 0.790 seconds
[2023-01-14T21:16:31.007+0000] {processor.py:153} INFO - Started process (PID=9045) to work on /media/prempeh/Nouveau nom/MASTER2/DATA ENGINEERING/airflow/py_env/lib/python3.10/site-packages/airflow/example_dags/tutorial.py
[2023-01-14T21:16:31.009+0000] {processor.py:743} INFO - Processing file /media/prempeh/Nouveau nom/MASTER2/DATA ENGINEERING/airflow/py_env/lib/python3.10/site-packages/airflow/example_dags/tutorial.py for tasks to queue
[2023-01-14T21:16:31.014+0000] {logging_mixin.py:137} INFO - [2023-01-14T21:16:31.013+0000] {dagbag.py:538} INFO - Filling up the DagBag from /media/prempeh/Nouveau nom/MASTER2/DATA ENGINEERING/airflow/py_env/lib/python3.10/site-packages/airflow/example_dags/tutorial.py
[2023-01-14T21:16:31.127+0000] {processor.py:753} INFO - DAG(s) dict_keys(['tutorial']) retrieved from /media/prempeh/Nouveau nom/MASTER2/DATA ENGINEERING/airflow/py_env/lib/python3.10/site-packages/airflow/example_dags/tutorial.py
[2023-01-14T21:16:31.254+0000] {logging_mixin.py:137} INFO - [2023-01-14T21:16:31.253+0000] {dag.py:2676} INFO - Sync 1 DAGs
[2023-01-14T21:16:31.316+0000] {logging_mixin.py:137} INFO - [2023-01-14T21:16:31.315+0000] {dag.py:3423} INFO - Setting next_dagrun for tutorial to 2023-01-13T21:16:31.314873+00:00, run_after=2023-01-14T21:16:31.314873+00:00
[2023-01-14T21:16:31.394+0000] {processor.py:175} INFO - Processing /media/prempeh/Nouveau nom/MASTER2/DATA ENGINEERING/airflow/py_env/lib/python3.10/site-packages/airflow/example_dags/tutorial.py took 0.397 seconds
[2023-01-14T21:17:43.814+0000] {processor.py:153} INFO - Started process (PID=9168) to work on /media/prempeh/Nouveau nom/MASTER2/DATA ENGINEERING/airflow/py_env/lib/python3.10/site-packages/airflow/example_dags/tutorial.py
[2023-01-14T21:17:43.817+0000] {processor.py:743} INFO - Processing file /media/prempeh/Nouveau nom/MASTER2/DATA ENGINEERING/airflow/py_env/lib/python3.10/site-packages/airflow/example_dags/tutorial.py for tasks to queue
[2023-01-14T21:17:43.822+0000] {logging_mixin.py:137} INFO - [2023-01-14T21:17:43.821+0000] {dagbag.py:538} INFO - Filling up the DagBag from /media/prempeh/Nouveau nom/MASTER2/DATA ENGINEERING/airflow/py_env/lib/python3.10/site-packages/airflow/example_dags/tutorial.py
[2023-01-14T21:17:44.021+0000] {processor.py:753} INFO - DAG(s) dict_keys(['tutorial']) retrieved from /media/prempeh/Nouveau nom/MASTER2/DATA ENGINEERING/airflow/py_env/lib/python3.10/site-packages/airflow/example_dags/tutorial.py
[2023-01-14T21:17:44.262+0000] {logging_mixin.py:137} INFO - [2023-01-14T21:17:44.261+0000] {dag.py:2676} INFO - Sync 1 DAGs
[2023-01-14T21:17:44.429+0000] {logging_mixin.py:137} INFO - [2023-01-14T21:17:44.428+0000] {dag.py:3423} INFO - Setting next_dagrun for tutorial to 2023-01-13T21:17:44.427668+00:00, run_after=2023-01-14T21:17:44.427668+00:00
[2023-01-14T21:17:44.561+0000] {processor.py:175} INFO - Processing /media/prempeh/Nouveau nom/MASTER2/DATA ENGINEERING/airflow/py_env/lib/python3.10/site-packages/airflow/example_dags/tutorial.py took 0.757 seconds
[2023-01-14T21:18:55.666+0000] {processor.py:153} INFO - Started process (PID=9421) to work on /media/prempeh/Nouveau nom/MASTER2/DATA ENGINEERING/airflow/py_env/lib/python3.10/site-packages/airflow/example_dags/tutorial.py
[2023-01-14T21:18:55.669+0000] {processor.py:743} INFO - Processing file /media/prempeh/Nouveau nom/MASTER2/DATA ENGINEERING/airflow/py_env/lib/python3.10/site-packages/airflow/example_dags/tutorial.py for tasks to queue
[2023-01-14T21:18:55.674+0000] {logging_mixin.py:137} INFO - [2023-01-14T21:18:55.673+0000] {dagbag.py:538} INFO - Filling up the DagBag from /media/prempeh/Nouveau nom/MASTER2/DATA ENGINEERING/airflow/py_env/lib/python3.10/site-packages/airflow/example_dags/tutorial.py
[2023-01-14T21:18:55.805+0000] {processor.py:753} INFO - DAG(s) dict_keys(['tutorial']) retrieved from /media/prempeh/Nouveau nom/MASTER2/DATA ENGINEERING/airflow/py_env/lib/python3.10/site-packages/airflow/example_dags/tutorial.py
[2023-01-14T21:18:55.940+0000] {logging_mixin.py:137} INFO - [2023-01-14T21:18:55.940+0000] {dag.py:2676} INFO - Sync 1 DAGs
[2023-01-14T21:18:56.003+0000] {logging_mixin.py:137} INFO - [2023-01-14T21:18:56.003+0000] {dag.py:3423} INFO - Setting next_dagrun for tutorial to 2023-01-13T21:18:56.002862+00:00, run_after=2023-01-14T21:18:56.002862+00:00
[2023-01-14T21:18:56.068+0000] {processor.py:175} INFO - Processing /media/prempeh/Nouveau nom/MASTER2/DATA ENGINEERING/airflow/py_env/lib/python3.10/site-packages/airflow/example_dags/tutorial.py took 0.416 seconds
[2023-01-14T21:19:33.893+0000] {processor.py:153} INFO - Started process (PID=9598) to work on /media/prempeh/Nouveau nom/MASTER2/DATA ENGINEERING/airflow/py_env/lib/python3.10/site-packages/airflow/example_dags/tutorial.py
[2023-01-14T21:19:33.896+0000] {processor.py:743} INFO - Processing file /media/prempeh/Nouveau nom/MASTER2/DATA ENGINEERING/airflow/py_env/lib/python3.10/site-packages/airflow/example_dags/tutorial.py for tasks to queue
[2023-01-14T21:19:33.903+0000] {logging_mixin.py:137} INFO - [2023-01-14T21:19:33.902+0000] {dagbag.py:538} INFO - Filling up the DagBag from /media/prempeh/Nouveau nom/MASTER2/DATA ENGINEERING/airflow/py_env/lib/python3.10/site-packages/airflow/example_dags/tutorial.py
[2023-01-14T21:19:34.029+0000] {processor.py:753} INFO - DAG(s) dict_keys(['tutorial']) retrieved from /media/prempeh/Nouveau nom/MASTER2/DATA ENGINEERING/airflow/py_env/lib/python3.10/site-packages/airflow/example_dags/tutorial.py
[2023-01-14T21:19:34.206+0000] {logging_mixin.py:137} INFO - [2023-01-14T21:19:34.206+0000] {dag.py:2676} INFO - Sync 1 DAGs
[2023-01-14T21:19:34.273+0000] {logging_mixin.py:137} INFO - [2023-01-14T21:19:34.273+0000] {dag.py:3423} INFO - Setting next_dagrun for tutorial to 2023-01-13T21:19:34.272098+00:00, run_after=2023-01-14T21:19:34.272098+00:00
[2023-01-14T21:19:34.333+0000] {processor.py:175} INFO - Processing /media/prempeh/Nouveau nom/MASTER2/DATA ENGINEERING/airflow/py_env/lib/python3.10/site-packages/airflow/example_dags/tutorial.py took 0.451 seconds
[2023-01-14T21:20:43.169+0000] {processor.py:153} INFO - Started process (PID=9801) to work on /media/prempeh/Nouveau nom/MASTER2/DATA ENGINEERING/airflow/py_env/lib/python3.10/site-packages/airflow/example_dags/tutorial.py
[2023-01-14T21:20:43.171+0000] {processor.py:743} INFO - Processing file /media/prempeh/Nouveau nom/MASTER2/DATA ENGINEERING/airflow/py_env/lib/python3.10/site-packages/airflow/example_dags/tutorial.py for tasks to queue
[2023-01-14T21:20:43.176+0000] {logging_mixin.py:137} INFO - [2023-01-14T21:20:43.176+0000] {dagbag.py:538} INFO - Filling up the DagBag from /media/prempeh/Nouveau nom/MASTER2/DATA ENGINEERING/airflow/py_env/lib/python3.10/site-packages/airflow/example_dags/tutorial.py
[2023-01-14T21:20:43.332+0000] {processor.py:753} INFO - DAG(s) dict_keys(['tutorial']) retrieved from /media/prempeh/Nouveau nom/MASTER2/DATA ENGINEERING/airflow/py_env/lib/python3.10/site-packages/airflow/example_dags/tutorial.py
[2023-01-14T21:20:43.479+0000] {logging_mixin.py:137} INFO - [2023-01-14T21:20:43.478+0000] {dag.py:2676} INFO - Sync 1 DAGs
[2023-01-14T21:20:43.547+0000] {logging_mixin.py:137} INFO - [2023-01-14T21:20:43.546+0000] {dag.py:3423} INFO - Setting next_dagrun for tutorial to 2023-01-13T21:20:43.546141+00:00, run_after=2023-01-14T21:20:43.546141+00:00
[2023-01-14T21:20:43.626+0000] {processor.py:175} INFO - Processing /media/prempeh/Nouveau nom/MASTER2/DATA ENGINEERING/airflow/py_env/lib/python3.10/site-packages/airflow/example_dags/tutorial.py took 0.466 seconds
[2023-01-14T21:21:50.881+0000] {processor.py:153} INFO - Started process (PID=9885) to work on /media/prempeh/Nouveau nom/MASTER2/DATA ENGINEERING/airflow/py_env/lib/python3.10/site-packages/airflow/example_dags/tutorial.py
[2023-01-14T21:21:50.883+0000] {processor.py:743} INFO - Processing file /media/prempeh/Nouveau nom/MASTER2/DATA ENGINEERING/airflow/py_env/lib/python3.10/site-packages/airflow/example_dags/tutorial.py for tasks to queue
[2023-01-14T21:21:50.888+0000] {logging_mixin.py:137} INFO - [2023-01-14T21:21:50.887+0000] {dagbag.py:538} INFO - Filling up the DagBag from /media/prempeh/Nouveau nom/MASTER2/DATA ENGINEERING/airflow/py_env/lib/python3.10/site-packages/airflow/example_dags/tutorial.py
[2023-01-14T21:21:51.019+0000] {processor.py:753} INFO - DAG(s) dict_keys(['tutorial']) retrieved from /media/prempeh/Nouveau nom/MASTER2/DATA ENGINEERING/airflow/py_env/lib/python3.10/site-packages/airflow/example_dags/tutorial.py
[2023-01-14T21:21:51.143+0000] {logging_mixin.py:137} INFO - [2023-01-14T21:21:51.143+0000] {dag.py:2676} INFO - Sync 1 DAGs
[2023-01-14T21:21:51.206+0000] {logging_mixin.py:137} INFO - [2023-01-14T21:21:51.205+0000] {dag.py:3423} INFO - Setting next_dagrun for tutorial to 2023-01-13T21:21:51.204830+00:00, run_after=2023-01-14T21:21:51.204830+00:00
[2023-01-14T21:21:51.274+0000] {processor.py:175} INFO - Processing /media/prempeh/Nouveau nom/MASTER2/DATA ENGINEERING/airflow/py_env/lib/python3.10/site-packages/airflow/example_dags/tutorial.py took 0.402 seconds
[2023-01-14T21:22:29.901+0000] {processor.py:153} INFO - Started process (PID=10094) to work on /media/prempeh/Nouveau nom/MASTER2/DATA ENGINEERING/airflow/py_env/lib/python3.10/site-packages/airflow/example_dags/tutorial.py
[2023-01-14T21:22:29.905+0000] {processor.py:743} INFO - Processing file /media/prempeh/Nouveau nom/MASTER2/DATA ENGINEERING/airflow/py_env/lib/python3.10/site-packages/airflow/example_dags/tutorial.py for tasks to queue
[2023-01-14T21:22:29.910+0000] {logging_mixin.py:137} INFO - [2023-01-14T21:22:29.909+0000] {dagbag.py:538} INFO - Filling up the DagBag from /media/prempeh/Nouveau nom/MASTER2/DATA ENGINEERING/airflow/py_env/lib/python3.10/site-packages/airflow/example_dags/tutorial.py
[2023-01-14T21:22:30.055+0000] {processor.py:753} INFO - DAG(s) dict_keys(['tutorial']) retrieved from /media/prempeh/Nouveau nom/MASTER2/DATA ENGINEERING/airflow/py_env/lib/python3.10/site-packages/airflow/example_dags/tutorial.py
[2023-01-14T21:22:30.182+0000] {logging_mixin.py:137} INFO - [2023-01-14T21:22:30.182+0000] {dag.py:2676} INFO - Sync 1 DAGs
[2023-01-14T21:22:30.244+0000] {logging_mixin.py:137} INFO - [2023-01-14T21:22:30.244+0000] {dag.py:3423} INFO - Setting next_dagrun for tutorial to 2023-01-13T21:22:30.243341+00:00, run_after=2023-01-14T21:22:30.243341+00:00
[2023-01-14T21:22:30.313+0000] {processor.py:175} INFO - Processing /media/prempeh/Nouveau nom/MASTER2/DATA ENGINEERING/airflow/py_env/lib/python3.10/site-packages/airflow/example_dags/tutorial.py took 0.422 seconds
[2023-01-14T21:23:08.411+0000] {processor.py:153} INFO - Started process (PID=10332) to work on /media/prempeh/Nouveau nom/MASTER2/DATA ENGINEERING/airflow/py_env/lib/python3.10/site-packages/airflow/example_dags/tutorial.py
[2023-01-14T21:23:08.414+0000] {processor.py:743} INFO - Processing file /media/prempeh/Nouveau nom/MASTER2/DATA ENGINEERING/airflow/py_env/lib/python3.10/site-packages/airflow/example_dags/tutorial.py for tasks to queue
[2023-01-14T21:23:08.418+0000] {logging_mixin.py:137} INFO - [2023-01-14T21:23:08.417+0000] {dagbag.py:538} INFO - Filling up the DagBag from /media/prempeh/Nouveau nom/MASTER2/DATA ENGINEERING/airflow/py_env/lib/python3.10/site-packages/airflow/example_dags/tutorial.py
[2023-01-14T21:23:08.581+0000] {processor.py:753} INFO - DAG(s) dict_keys(['tutorial']) retrieved from /media/prempeh/Nouveau nom/MASTER2/DATA ENGINEERING/airflow/py_env/lib/python3.10/site-packages/airflow/example_dags/tutorial.py
[2023-01-14T21:23:08.721+0000] {logging_mixin.py:137} INFO - [2023-01-14T21:23:08.721+0000] {dag.py:2676} INFO - Sync 1 DAGs
[2023-01-14T21:23:08.799+0000] {logging_mixin.py:137} INFO - [2023-01-14T21:23:08.798+0000] {dag.py:3423} INFO - Setting next_dagrun for tutorial to 2023-01-13T21:23:08.797700+00:00, run_after=2023-01-14T21:23:08.797700+00:00
[2023-01-14T21:23:08.884+0000] {processor.py:175} INFO - Processing /media/prempeh/Nouveau nom/MASTER2/DATA ENGINEERING/airflow/py_env/lib/python3.10/site-packages/airflow/example_dags/tutorial.py took 0.482 seconds
[2023-01-14T21:23:45.000+0000] {processor.py:153} INFO - Started process (PID=10357) to work on /media/prempeh/Nouveau nom/MASTER2/DATA ENGINEERING/airflow/py_env/lib/python3.10/site-packages/airflow/example_dags/tutorial.py
[2023-01-14T21:23:45.003+0000] {processor.py:743} INFO - Processing file /media/prempeh/Nouveau nom/MASTER2/DATA ENGINEERING/airflow/py_env/lib/python3.10/site-packages/airflow/example_dags/tutorial.py for tasks to queue
[2023-01-14T21:23:45.007+0000] {logging_mixin.py:137} INFO - [2023-01-14T21:23:45.006+0000] {dagbag.py:538} INFO - Filling up the DagBag from /media/prempeh/Nouveau nom/MASTER2/DATA ENGINEERING/airflow/py_env/lib/python3.10/site-packages/airflow/example_dags/tutorial.py
[2023-01-14T21:23:45.144+0000] {processor.py:753} INFO - DAG(s) dict_keys(['tutorial']) retrieved from /media/prempeh/Nouveau nom/MASTER2/DATA ENGINEERING/airflow/py_env/lib/python3.10/site-packages/airflow/example_dags/tutorial.py
[2023-01-14T21:23:45.293+0000] {logging_mixin.py:137} INFO - [2023-01-14T21:23:45.292+0000] {dag.py:2676} INFO - Sync 1 DAGs
[2023-01-14T21:23:45.363+0000] {logging_mixin.py:137} INFO - [2023-01-14T21:23:45.362+0000] {dag.py:3423} INFO - Setting next_dagrun for tutorial to 2023-01-13T21:23:45.361979+00:00, run_after=2023-01-14T21:23:45.361979+00:00
[2023-01-14T21:23:45.445+0000] {processor.py:175} INFO - Processing /media/prempeh/Nouveau nom/MASTER2/DATA ENGINEERING/airflow/py_env/lib/python3.10/site-packages/airflow/example_dags/tutorial.py took 0.457 seconds
[2023-01-14T21:24:45.647+0000] {processor.py:153} INFO - Started process (PID=10434) to work on /media/prempeh/Nouveau nom/MASTER2/DATA ENGINEERING/airflow/py_env/lib/python3.10/site-packages/airflow/example_dags/tutorial.py
[2023-01-14T21:24:45.650+0000] {processor.py:743} INFO - Processing file /media/prempeh/Nouveau nom/MASTER2/DATA ENGINEERING/airflow/py_env/lib/python3.10/site-packages/airflow/example_dags/tutorial.py for tasks to queue
[2023-01-14T21:24:45.655+0000] {logging_mixin.py:137} INFO - [2023-01-14T21:24:45.655+0000] {dagbag.py:538} INFO - Filling up the DagBag from /media/prempeh/Nouveau nom/MASTER2/DATA ENGINEERING/airflow/py_env/lib/python3.10/site-packages/airflow/example_dags/tutorial.py
[2023-01-14T21:24:45.788+0000] {processor.py:753} INFO - DAG(s) dict_keys(['tutorial']) retrieved from /media/prempeh/Nouveau nom/MASTER2/DATA ENGINEERING/airflow/py_env/lib/python3.10/site-packages/airflow/example_dags/tutorial.py
[2023-01-14T21:24:45.916+0000] {logging_mixin.py:137} INFO - [2023-01-14T21:24:45.916+0000] {dag.py:2676} INFO - Sync 1 DAGs
[2023-01-14T21:24:45.990+0000] {logging_mixin.py:137} INFO - [2023-01-14T21:24:45.989+0000] {dag.py:3423} INFO - Setting next_dagrun for tutorial to 2023-01-13T21:24:45.988110+00:00, run_after=2023-01-14T21:24:45.988110+00:00
[2023-01-14T21:24:46.074+0000] {processor.py:175} INFO - Processing /media/prempeh/Nouveau nom/MASTER2/DATA ENGINEERING/airflow/py_env/lib/python3.10/site-packages/airflow/example_dags/tutorial.py took 0.437 seconds
[2023-01-14T21:25:24.529+0000] {processor.py:153} INFO - Started process (PID=10469) to work on /media/prempeh/Nouveau nom/MASTER2/DATA ENGINEERING/airflow/py_env/lib/python3.10/site-packages/airflow/example_dags/tutorial.py
[2023-01-14T21:25:24.537+0000] {processor.py:743} INFO - Processing file /media/prempeh/Nouveau nom/MASTER2/DATA ENGINEERING/airflow/py_env/lib/python3.10/site-packages/airflow/example_dags/tutorial.py for tasks to queue
[2023-01-14T21:25:24.557+0000] {logging_mixin.py:137} INFO - [2023-01-14T21:25:24.556+0000] {dagbag.py:538} INFO - Filling up the DagBag from /media/prempeh/Nouveau nom/MASTER2/DATA ENGINEERING/airflow/py_env/lib/python3.10/site-packages/airflow/example_dags/tutorial.py
[2023-01-14T21:25:24.885+0000] {processor.py:753} INFO - DAG(s) dict_keys(['tutorial']) retrieved from /media/prempeh/Nouveau nom/MASTER2/DATA ENGINEERING/airflow/py_env/lib/python3.10/site-packages/airflow/example_dags/tutorial.py
[2023-01-14T21:25:25.268+0000] {logging_mixin.py:137} INFO - [2023-01-14T21:25:25.267+0000] {dag.py:2676} INFO - Sync 1 DAGs
[2023-01-14T21:25:25.467+0000] {logging_mixin.py:137} INFO - [2023-01-14T21:25:25.466+0000] {dag.py:3423} INFO - Setting next_dagrun for tutorial to 2023-01-13T21:25:25.464314+00:00, run_after=2023-01-14T21:25:25.464314+00:00
[2023-01-14T21:25:25.667+0000] {processor.py:175} INFO - Processing /media/prempeh/Nouveau nom/MASTER2/DATA ENGINEERING/airflow/py_env/lib/python3.10/site-packages/airflow/example_dags/tutorial.py took 1.168 seconds
[2023-01-14T21:26:01.861+0000] {processor.py:153} INFO - Started process (PID=10564) to work on /media/prempeh/Nouveau nom/MASTER2/DATA ENGINEERING/airflow/py_env/lib/python3.10/site-packages/airflow/example_dags/tutorial.py
[2023-01-14T21:26:01.863+0000] {processor.py:743} INFO - Processing file /media/prempeh/Nouveau nom/MASTER2/DATA ENGINEERING/airflow/py_env/lib/python3.10/site-packages/airflow/example_dags/tutorial.py for tasks to queue
[2023-01-14T21:26:01.868+0000] {logging_mixin.py:137} INFO - [2023-01-14T21:26:01.868+0000] {dagbag.py:538} INFO - Filling up the DagBag from /media/prempeh/Nouveau nom/MASTER2/DATA ENGINEERING/airflow/py_env/lib/python3.10/site-packages/airflow/example_dags/tutorial.py
[2023-01-14T21:26:02.003+0000] {processor.py:753} INFO - DAG(s) dict_keys(['tutorial']) retrieved from /media/prempeh/Nouveau nom/MASTER2/DATA ENGINEERING/airflow/py_env/lib/python3.10/site-packages/airflow/example_dags/tutorial.py
[2023-01-14T21:26:02.142+0000] {logging_mixin.py:137} INFO - [2023-01-14T21:26:02.141+0000] {dag.py:2676} INFO - Sync 1 DAGs
[2023-01-14T21:26:02.216+0000] {logging_mixin.py:137} INFO - [2023-01-14T21:26:02.215+0000] {dag.py:3423} INFO - Setting next_dagrun for tutorial to 2023-01-13T21:26:02.214916+00:00, run_after=2023-01-14T21:26:02.214916+00:00
[2023-01-14T21:26:02.290+0000] {processor.py:175} INFO - Processing /media/prempeh/Nouveau nom/MASTER2/DATA ENGINEERING/airflow/py_env/lib/python3.10/site-packages/airflow/example_dags/tutorial.py took 0.441 seconds
[2023-01-14T21:27:12.642+0000] {processor.py:153} INFO - Started process (PID=10767) to work on /media/prempeh/Nouveau nom/MASTER2/DATA ENGINEERING/airflow/py_env/lib/python3.10/site-packages/airflow/example_dags/tutorial.py
[2023-01-14T21:27:12.646+0000] {processor.py:743} INFO - Processing file /media/prempeh/Nouveau nom/MASTER2/DATA ENGINEERING/airflow/py_env/lib/python3.10/site-packages/airflow/example_dags/tutorial.py for tasks to queue
[2023-01-14T21:27:12.652+0000] {logging_mixin.py:137} INFO - [2023-01-14T21:27:12.652+0000] {dagbag.py:538} INFO - Filling up the DagBag from /media/prempeh/Nouveau nom/MASTER2/DATA ENGINEERING/airflow/py_env/lib/python3.10/site-packages/airflow/example_dags/tutorial.py
[2023-01-14T21:27:12.825+0000] {processor.py:753} INFO - DAG(s) dict_keys(['tutorial']) retrieved from /media/prempeh/Nouveau nom/MASTER2/DATA ENGINEERING/airflow/py_env/lib/python3.10/site-packages/airflow/example_dags/tutorial.py
[2023-01-14T21:27:12.968+0000] {logging_mixin.py:137} INFO - [2023-01-14T21:27:12.967+0000] {dag.py:2676} INFO - Sync 1 DAGs
[2023-01-14T21:27:13.060+0000] {logging_mixin.py:137} INFO - [2023-01-14T21:27:13.060+0000] {dag.py:3423} INFO - Setting next_dagrun for tutorial to 2023-01-13T21:27:13.059607+00:00, run_after=2023-01-14T21:27:13.059607+00:00
[2023-01-14T21:27:13.125+0000] {processor.py:175} INFO - Processing /media/prempeh/Nouveau nom/MASTER2/DATA ENGINEERING/airflow/py_env/lib/python3.10/site-packages/airflow/example_dags/tutorial.py took 0.494 seconds
