[2023-01-14T20:52:34.816+0000] {processor.py:153} INFO - Started process (PID=6372) to work on /media/prempeh/Nouveau nom/MASTER2/DATA ENGINEERING/airflow/py_env/lib/python3.10/site-packages/airflow/example_dags/plugins/workday.py
[2023-01-14T20:52:34.819+0000] {processor.py:743} INFO - Processing file /media/prempeh/Nouveau nom/MASTER2/DATA ENGINEERING/airflow/py_env/lib/python3.10/site-packages/airflow/example_dags/plugins/workday.py for tasks to queue
[2023-01-14T20:52:34.823+0000] {logging_mixin.py:137} INFO - [2023-01-14T20:52:34.823+0000] {dagbag.py:538} INFO - Filling up the DagBag from /media/prempeh/Nouveau nom/MASTER2/DATA ENGINEERING/airflow/py_env/lib/python3.10/site-packages/airflow/example_dags/plugins/workday.py
[2023-01-14T20:52:34.832+0000] {processor.py:755} WARNING - No viable dags retrieved from /media/prempeh/Nouveau nom/MASTER2/DATA ENGINEERING/airflow/py_env/lib/python3.10/site-packages/airflow/example_dags/plugins/workday.py
[2023-01-14T20:52:34.855+0000] {processor.py:175} INFO - Processing /media/prempeh/Nouveau nom/MASTER2/DATA ENGINEERING/airflow/py_env/lib/python3.10/site-packages/airflow/example_dags/plugins/workday.py took 0.046 seconds
[2023-01-14T20:53:52.951+0000] {processor.py:153} INFO - Started process (PID=6702) to work on /media/prempeh/Nouveau nom/MASTER2/DATA ENGINEERING/airflow/py_env/lib/python3.10/site-packages/airflow/example_dags/plugins/workday.py
[2023-01-14T20:53:52.954+0000] {processor.py:743} INFO - Processing file /media/prempeh/Nouveau nom/MASTER2/DATA ENGINEERING/airflow/py_env/lib/python3.10/site-packages/airflow/example_dags/plugins/workday.py for tasks to queue
[2023-01-14T20:53:52.959+0000] {logging_mixin.py:137} INFO - [2023-01-14T20:53:52.958+0000] {dagbag.py:538} INFO - Filling up the DagBag from /media/prempeh/Nouveau nom/MASTER2/DATA ENGINEERING/airflow/py_env/lib/python3.10/site-packages/airflow/example_dags/plugins/workday.py
[2023-01-14T20:53:52.968+0000] {processor.py:755} WARNING - No viable dags retrieved from /media/prempeh/Nouveau nom/MASTER2/DATA ENGINEERING/airflow/py_env/lib/python3.10/site-packages/airflow/example_dags/plugins/workday.py
[2023-01-14T20:53:52.995+0000] {processor.py:175} INFO - Processing /media/prempeh/Nouveau nom/MASTER2/DATA ENGINEERING/airflow/py_env/lib/python3.10/site-packages/airflow/example_dags/plugins/workday.py took 0.052 seconds
[2023-01-14T20:54:30.586+0000] {processor.py:153} INFO - Started process (PID=6729) to work on /media/prempeh/Nouveau nom/MASTER2/DATA ENGINEERING/airflow/py_env/lib/python3.10/site-packages/airflow/example_dags/plugins/workday.py
[2023-01-14T20:54:30.589+0000] {processor.py:743} INFO - Processing file /media/prempeh/Nouveau nom/MASTER2/DATA ENGINEERING/airflow/py_env/lib/python3.10/site-packages/airflow/example_dags/plugins/workday.py for tasks to queue
[2023-01-14T20:54:30.604+0000] {logging_mixin.py:137} INFO - [2023-01-14T20:54:30.604+0000] {dagbag.py:538} INFO - Filling up the DagBag from /media/prempeh/Nouveau nom/MASTER2/DATA ENGINEERING/airflow/py_env/lib/python3.10/site-packages/airflow/example_dags/plugins/workday.py
[2023-01-14T20:54:30.614+0000] {processor.py:755} WARNING - No viable dags retrieved from /media/prempeh/Nouveau nom/MASTER2/DATA ENGINEERING/airflow/py_env/lib/python3.10/site-packages/airflow/example_dags/plugins/workday.py
[2023-01-14T20:54:30.638+0000] {processor.py:175} INFO - Processing /media/prempeh/Nouveau nom/MASTER2/DATA ENGINEERING/airflow/py_env/lib/python3.10/site-packages/airflow/example_dags/plugins/workday.py took 0.061 seconds
[2023-01-14T20:55:31.112+0000] {processor.py:153} INFO - Started process (PID=6767) to work on /media/prempeh/Nouveau nom/MASTER2/DATA ENGINEERING/airflow/py_env/lib/python3.10/site-packages/airflow/example_dags/plugins/workday.py
[2023-01-14T20:55:31.115+0000] {processor.py:743} INFO - Processing file /media/prempeh/Nouveau nom/MASTER2/DATA ENGINEERING/airflow/py_env/lib/python3.10/site-packages/airflow/example_dags/plugins/workday.py for tasks to queue
[2023-01-14T20:55:31.119+0000] {logging_mixin.py:137} INFO - [2023-01-14T20:55:31.119+0000] {dagbag.py:538} INFO - Filling up the DagBag from /media/prempeh/Nouveau nom/MASTER2/DATA ENGINEERING/airflow/py_env/lib/python3.10/site-packages/airflow/example_dags/plugins/workday.py
[2023-01-14T20:55:31.133+0000] {processor.py:755} WARNING - No viable dags retrieved from /media/prempeh/Nouveau nom/MASTER2/DATA ENGINEERING/airflow/py_env/lib/python3.10/site-packages/airflow/example_dags/plugins/workday.py
[2023-01-14T20:55:31.165+0000] {processor.py:175} INFO - Processing /media/prempeh/Nouveau nom/MASTER2/DATA ENGINEERING/airflow/py_env/lib/python3.10/site-packages/airflow/example_dags/plugins/workday.py took 0.062 seconds
[2023-01-14T20:56:28.691+0000] {processor.py:153} INFO - Started process (PID=6891) to work on /media/prempeh/Nouveau nom/MASTER2/DATA ENGINEERING/airflow/py_env/lib/python3.10/site-packages/airflow/example_dags/plugins/workday.py
[2023-01-14T20:56:28.695+0000] {processor.py:743} INFO - Processing file /media/prempeh/Nouveau nom/MASTER2/DATA ENGINEERING/airflow/py_env/lib/python3.10/site-packages/airflow/example_dags/plugins/workday.py for tasks to queue
[2023-01-14T20:56:28.702+0000] {logging_mixin.py:137} INFO - [2023-01-14T20:56:28.701+0000] {dagbag.py:538} INFO - Filling up the DagBag from /media/prempeh/Nouveau nom/MASTER2/DATA ENGINEERING/airflow/py_env/lib/python3.10/site-packages/airflow/example_dags/plugins/workday.py
[2023-01-14T20:56:28.719+0000] {processor.py:755} WARNING - No viable dags retrieved from /media/prempeh/Nouveau nom/MASTER2/DATA ENGINEERING/airflow/py_env/lib/python3.10/site-packages/airflow/example_dags/plugins/workday.py
[2023-01-14T20:56:28.756+0000] {processor.py:175} INFO - Processing /media/prempeh/Nouveau nom/MASTER2/DATA ENGINEERING/airflow/py_env/lib/python3.10/site-packages/airflow/example_dags/plugins/workday.py took 0.076 seconds
[2023-01-14T20:57:31.260+0000] {processor.py:153} INFO - Started process (PID=7088) to work on /media/prempeh/Nouveau nom/MASTER2/DATA ENGINEERING/airflow/py_env/lib/python3.10/site-packages/airflow/example_dags/plugins/workday.py
[2023-01-14T20:57:31.265+0000] {processor.py:743} INFO - Processing file /media/prempeh/Nouveau nom/MASTER2/DATA ENGINEERING/airflow/py_env/lib/python3.10/site-packages/airflow/example_dags/plugins/workday.py for tasks to queue
[2023-01-14T20:57:31.279+0000] {logging_mixin.py:137} INFO - [2023-01-14T20:57:31.278+0000] {dagbag.py:538} INFO - Filling up the DagBag from /media/prempeh/Nouveau nom/MASTER2/DATA ENGINEERING/airflow/py_env/lib/python3.10/site-packages/airflow/example_dags/plugins/workday.py
[2023-01-14T20:57:31.309+0000] {processor.py:755} WARNING - No viable dags retrieved from /media/prempeh/Nouveau nom/MASTER2/DATA ENGINEERING/airflow/py_env/lib/python3.10/site-packages/airflow/example_dags/plugins/workday.py
[2023-01-14T20:57:31.363+0000] {processor.py:175} INFO - Processing /media/prempeh/Nouveau nom/MASTER2/DATA ENGINEERING/airflow/py_env/lib/python3.10/site-packages/airflow/example_dags/plugins/workday.py took 0.117 seconds
[2023-01-14T20:58:30.463+0000] {processor.py:153} INFO - Started process (PID=7131) to work on /media/prempeh/Nouveau nom/MASTER2/DATA ENGINEERING/airflow/py_env/lib/python3.10/site-packages/airflow/example_dags/plugins/workday.py
[2023-01-14T20:58:30.466+0000] {processor.py:743} INFO - Processing file /media/prempeh/Nouveau nom/MASTER2/DATA ENGINEERING/airflow/py_env/lib/python3.10/site-packages/airflow/example_dags/plugins/workday.py for tasks to queue
[2023-01-14T20:58:30.472+0000] {logging_mixin.py:137} INFO - [2023-01-14T20:58:30.471+0000] {dagbag.py:538} INFO - Filling up the DagBag from /media/prempeh/Nouveau nom/MASTER2/DATA ENGINEERING/airflow/py_env/lib/python3.10/site-packages/airflow/example_dags/plugins/workday.py
[2023-01-14T20:58:30.484+0000] {processor.py:755} WARNING - No viable dags retrieved from /media/prempeh/Nouveau nom/MASTER2/DATA ENGINEERING/airflow/py_env/lib/python3.10/site-packages/airflow/example_dags/plugins/workday.py
[2023-01-14T20:58:30.518+0000] {processor.py:175} INFO - Processing /media/prempeh/Nouveau nom/MASTER2/DATA ENGINEERING/airflow/py_env/lib/python3.10/site-packages/airflow/example_dags/plugins/workday.py took 0.064 seconds
[2023-01-14T20:59:18.835+0000] {processor.py:153} INFO - Started process (PID=7170) to work on /media/prempeh/Nouveau nom/MASTER2/DATA ENGINEERING/airflow/py_env/lib/python3.10/site-packages/airflow/example_dags/plugins/workday.py
[2023-01-14T20:59:18.838+0000] {processor.py:743} INFO - Processing file /media/prempeh/Nouveau nom/MASTER2/DATA ENGINEERING/airflow/py_env/lib/python3.10/site-packages/airflow/example_dags/plugins/workday.py for tasks to queue
[2023-01-14T20:59:18.843+0000] {logging_mixin.py:137} INFO - [2023-01-14T20:59:18.842+0000] {dagbag.py:538} INFO - Filling up the DagBag from /media/prempeh/Nouveau nom/MASTER2/DATA ENGINEERING/airflow/py_env/lib/python3.10/site-packages/airflow/example_dags/plugins/workday.py
[2023-01-14T20:59:18.853+0000] {processor.py:755} WARNING - No viable dags retrieved from /media/prempeh/Nouveau nom/MASTER2/DATA ENGINEERING/airflow/py_env/lib/python3.10/site-packages/airflow/example_dags/plugins/workday.py
[2023-01-14T20:59:18.880+0000] {processor.py:175} INFO - Processing /media/prempeh/Nouveau nom/MASTER2/DATA ENGINEERING/airflow/py_env/lib/python3.10/site-packages/airflow/example_dags/plugins/workday.py took 0.054 seconds
[2023-01-14T21:00:10.538+0000] {processor.py:153} INFO - Started process (PID=7250) to work on /media/prempeh/Nouveau nom/MASTER2/DATA ENGINEERING/airflow/py_env/lib/python3.10/site-packages/airflow/example_dags/plugins/workday.py
[2023-01-14T21:00:10.542+0000] {processor.py:743} INFO - Processing file /media/prempeh/Nouveau nom/MASTER2/DATA ENGINEERING/airflow/py_env/lib/python3.10/site-packages/airflow/example_dags/plugins/workday.py for tasks to queue
[2023-01-14T21:00:10.550+0000] {logging_mixin.py:137} INFO - [2023-01-14T21:00:10.549+0000] {dagbag.py:538} INFO - Filling up the DagBag from /media/prempeh/Nouveau nom/MASTER2/DATA ENGINEERING/airflow/py_env/lib/python3.10/site-packages/airflow/example_dags/plugins/workday.py
[2023-01-14T21:00:10.561+0000] {processor.py:755} WARNING - No viable dags retrieved from /media/prempeh/Nouveau nom/MASTER2/DATA ENGINEERING/airflow/py_env/lib/python3.10/site-packages/airflow/example_dags/plugins/workday.py
[2023-01-14T21:00:10.589+0000] {processor.py:175} INFO - Processing /media/prempeh/Nouveau nom/MASTER2/DATA ENGINEERING/airflow/py_env/lib/python3.10/site-packages/airflow/example_dags/plugins/workday.py took 0.062 seconds
[2023-01-14T21:01:06.107+0000] {processor.py:153} INFO - Started process (PID=7288) to work on /media/prempeh/Nouveau nom/MASTER2/DATA ENGINEERING/airflow/py_env/lib/python3.10/site-packages/airflow/example_dags/plugins/workday.py
[2023-01-14T21:01:06.109+0000] {processor.py:743} INFO - Processing file /media/prempeh/Nouveau nom/MASTER2/DATA ENGINEERING/airflow/py_env/lib/python3.10/site-packages/airflow/example_dags/plugins/workday.py for tasks to queue
[2023-01-14T21:01:06.114+0000] {logging_mixin.py:137} INFO - [2023-01-14T21:01:06.113+0000] {dagbag.py:538} INFO - Filling up the DagBag from /media/prempeh/Nouveau nom/MASTER2/DATA ENGINEERING/airflow/py_env/lib/python3.10/site-packages/airflow/example_dags/plugins/workday.py
[2023-01-14T21:01:06.126+0000] {processor.py:755} WARNING - No viable dags retrieved from /media/prempeh/Nouveau nom/MASTER2/DATA ENGINEERING/airflow/py_env/lib/python3.10/site-packages/airflow/example_dags/plugins/workday.py
[2023-01-14T21:01:06.157+0000] {processor.py:175} INFO - Processing /media/prempeh/Nouveau nom/MASTER2/DATA ENGINEERING/airflow/py_env/lib/python3.10/site-packages/airflow/example_dags/plugins/workday.py took 0.059 seconds
[2023-01-14T21:02:01.566+0000] {processor.py:153} INFO - Started process (PID=7334) to work on /media/prempeh/Nouveau nom/MASTER2/DATA ENGINEERING/airflow/py_env/lib/python3.10/site-packages/airflow/example_dags/plugins/workday.py
[2023-01-14T21:02:01.568+0000] {processor.py:743} INFO - Processing file /media/prempeh/Nouveau nom/MASTER2/DATA ENGINEERING/airflow/py_env/lib/python3.10/site-packages/airflow/example_dags/plugins/workday.py for tasks to queue
[2023-01-14T21:02:01.572+0000] {logging_mixin.py:137} INFO - [2023-01-14T21:02:01.572+0000] {dagbag.py:538} INFO - Filling up the DagBag from /media/prempeh/Nouveau nom/MASTER2/DATA ENGINEERING/airflow/py_env/lib/python3.10/site-packages/airflow/example_dags/plugins/workday.py
[2023-01-14T21:02:01.583+0000] {processor.py:755} WARNING - No viable dags retrieved from /media/prempeh/Nouveau nom/MASTER2/DATA ENGINEERING/airflow/py_env/lib/python3.10/site-packages/airflow/example_dags/plugins/workday.py
[2023-01-14T21:02:01.609+0000] {processor.py:175} INFO - Processing /media/prempeh/Nouveau nom/MASTER2/DATA ENGINEERING/airflow/py_env/lib/python3.10/site-packages/airflow/example_dags/plugins/workday.py took 0.054 seconds
[2023-01-14T21:02:51.959+0000] {processor.py:153} INFO - Started process (PID=7403) to work on /media/prempeh/Nouveau nom/MASTER2/DATA ENGINEERING/airflow/py_env/lib/python3.10/site-packages/airflow/example_dags/plugins/workday.py
[2023-01-14T21:02:51.962+0000] {processor.py:743} INFO - Processing file /media/prempeh/Nouveau nom/MASTER2/DATA ENGINEERING/airflow/py_env/lib/python3.10/site-packages/airflow/example_dags/plugins/workday.py for tasks to queue
[2023-01-14T21:02:51.967+0000] {logging_mixin.py:137} INFO - [2023-01-14T21:02:51.966+0000] {dagbag.py:538} INFO - Filling up the DagBag from /media/prempeh/Nouveau nom/MASTER2/DATA ENGINEERING/airflow/py_env/lib/python3.10/site-packages/airflow/example_dags/plugins/workday.py
[2023-01-14T21:02:51.980+0000] {processor.py:755} WARNING - No viable dags retrieved from /media/prempeh/Nouveau nom/MASTER2/DATA ENGINEERING/airflow/py_env/lib/python3.10/site-packages/airflow/example_dags/plugins/workday.py
[2023-01-14T21:02:52.008+0000] {processor.py:175} INFO - Processing /media/prempeh/Nouveau nom/MASTER2/DATA ENGINEERING/airflow/py_env/lib/python3.10/site-packages/airflow/example_dags/plugins/workday.py took 0.058 seconds
[2023-01-14T21:03:45.987+0000] {processor.py:153} INFO - Started process (PID=7456) to work on /media/prempeh/Nouveau nom/MASTER2/DATA ENGINEERING/airflow/py_env/lib/python3.10/site-packages/airflow/example_dags/plugins/workday.py
[2023-01-14T21:03:45.994+0000] {processor.py:743} INFO - Processing file /media/prempeh/Nouveau nom/MASTER2/DATA ENGINEERING/airflow/py_env/lib/python3.10/site-packages/airflow/example_dags/plugins/workday.py for tasks to queue
[2023-01-14T21:03:46.003+0000] {logging_mixin.py:137} INFO - [2023-01-14T21:03:46.002+0000] {dagbag.py:538} INFO - Filling up the DagBag from /media/prempeh/Nouveau nom/MASTER2/DATA ENGINEERING/airflow/py_env/lib/python3.10/site-packages/airflow/example_dags/plugins/workday.py
[2023-01-14T21:03:46.019+0000] {processor.py:755} WARNING - No viable dags retrieved from /media/prempeh/Nouveau nom/MASTER2/DATA ENGINEERING/airflow/py_env/lib/python3.10/site-packages/airflow/example_dags/plugins/workday.py
[2023-01-14T21:03:46.061+0000] {processor.py:175} INFO - Processing /media/prempeh/Nouveau nom/MASTER2/DATA ENGINEERING/airflow/py_env/lib/python3.10/site-packages/airflow/example_dags/plugins/workday.py took 0.086 seconds
[2023-01-14T21:04:20.169+0000] {processor.py:153} INFO - Started process (PID=7490) to work on /media/prempeh/Nouveau nom/MASTER2/DATA ENGINEERING/airflow/py_env/lib/python3.10/site-packages/airflow/example_dags/plugins/workday.py
[2023-01-14T21:04:20.172+0000] {processor.py:743} INFO - Processing file /media/prempeh/Nouveau nom/MASTER2/DATA ENGINEERING/airflow/py_env/lib/python3.10/site-packages/airflow/example_dags/plugins/workday.py for tasks to queue
[2023-01-14T21:04:20.177+0000] {logging_mixin.py:137} INFO - [2023-01-14T21:04:20.177+0000] {dagbag.py:538} INFO - Filling up the DagBag from /media/prempeh/Nouveau nom/MASTER2/DATA ENGINEERING/airflow/py_env/lib/python3.10/site-packages/airflow/example_dags/plugins/workday.py
[2023-01-14T21:04:20.189+0000] {processor.py:755} WARNING - No viable dags retrieved from /media/prempeh/Nouveau nom/MASTER2/DATA ENGINEERING/airflow/py_env/lib/python3.10/site-packages/airflow/example_dags/plugins/workday.py
[2023-01-14T21:04:20.226+0000] {processor.py:175} INFO - Processing /media/prempeh/Nouveau nom/MASTER2/DATA ENGINEERING/airflow/py_env/lib/python3.10/site-packages/airflow/example_dags/plugins/workday.py took 0.069 seconds
[2023-01-14T21:04:51.923+0000] {processor.py:153} INFO - Started process (PID=7518) to work on /media/prempeh/Nouveau nom/MASTER2/DATA ENGINEERING/airflow/py_env/lib/python3.10/site-packages/airflow/example_dags/plugins/workday.py
[2023-01-14T21:04:51.927+0000] {processor.py:743} INFO - Processing file /media/prempeh/Nouveau nom/MASTER2/DATA ENGINEERING/airflow/py_env/lib/python3.10/site-packages/airflow/example_dags/plugins/workday.py for tasks to queue
[2023-01-14T21:04:51.935+0000] {logging_mixin.py:137} INFO - [2023-01-14T21:04:51.934+0000] {dagbag.py:538} INFO - Filling up the DagBag from /media/prempeh/Nouveau nom/MASTER2/DATA ENGINEERING/airflow/py_env/lib/python3.10/site-packages/airflow/example_dags/plugins/workday.py
[2023-01-14T21:04:51.950+0000] {processor.py:755} WARNING - No viable dags retrieved from /media/prempeh/Nouveau nom/MASTER2/DATA ENGINEERING/airflow/py_env/lib/python3.10/site-packages/airflow/example_dags/plugins/workday.py
[2023-01-14T21:04:52.003+0000] {processor.py:175} INFO - Processing /media/prempeh/Nouveau nom/MASTER2/DATA ENGINEERING/airflow/py_env/lib/python3.10/site-packages/airflow/example_dags/plugins/workday.py took 0.095 seconds
[2023-01-14T21:05:48.629+0000] {processor.py:153} INFO - Started process (PID=7571) to work on /media/prempeh/Nouveau nom/MASTER2/DATA ENGINEERING/airflow/py_env/lib/python3.10/site-packages/airflow/example_dags/plugins/workday.py
[2023-01-14T21:05:48.634+0000] {processor.py:743} INFO - Processing file /media/prempeh/Nouveau nom/MASTER2/DATA ENGINEERING/airflow/py_env/lib/python3.10/site-packages/airflow/example_dags/plugins/workday.py for tasks to queue
[2023-01-14T21:05:48.640+0000] {logging_mixin.py:137} INFO - [2023-01-14T21:05:48.639+0000] {dagbag.py:538} INFO - Filling up the DagBag from /media/prempeh/Nouveau nom/MASTER2/DATA ENGINEERING/airflow/py_env/lib/python3.10/site-packages/airflow/example_dags/plugins/workday.py
[2023-01-14T21:05:48.650+0000] {processor.py:755} WARNING - No viable dags retrieved from /media/prempeh/Nouveau nom/MASTER2/DATA ENGINEERING/airflow/py_env/lib/python3.10/site-packages/airflow/example_dags/plugins/workday.py
[2023-01-14T21:05:48.684+0000] {processor.py:175} INFO - Processing /media/prempeh/Nouveau nom/MASTER2/DATA ENGINEERING/airflow/py_env/lib/python3.10/site-packages/airflow/example_dags/plugins/workday.py took 0.065 seconds
[2023-01-14T21:06:22.366+0000] {processor.py:153} INFO - Started process (PID=7713) to work on /media/prempeh/Nouveau nom/MASTER2/DATA ENGINEERING/airflow/py_env/lib/python3.10/site-packages/airflow/example_dags/plugins/workday.py
[2023-01-14T21:06:22.370+0000] {processor.py:743} INFO - Processing file /media/prempeh/Nouveau nom/MASTER2/DATA ENGINEERING/airflow/py_env/lib/python3.10/site-packages/airflow/example_dags/plugins/workday.py for tasks to queue
[2023-01-14T21:06:22.379+0000] {logging_mixin.py:137} INFO - [2023-01-14T21:06:22.378+0000] {dagbag.py:538} INFO - Filling up the DagBag from /media/prempeh/Nouveau nom/MASTER2/DATA ENGINEERING/airflow/py_env/lib/python3.10/site-packages/airflow/example_dags/plugins/workday.py
[2023-01-14T21:06:22.391+0000] {processor.py:755} WARNING - No viable dags retrieved from /media/prempeh/Nouveau nom/MASTER2/DATA ENGINEERING/airflow/py_env/lib/python3.10/site-packages/airflow/example_dags/plugins/workday.py
[2023-01-14T21:06:22.431+0000] {processor.py:175} INFO - Processing /media/prempeh/Nouveau nom/MASTER2/DATA ENGINEERING/airflow/py_env/lib/python3.10/site-packages/airflow/example_dags/plugins/workday.py took 0.079 seconds
[2023-01-14T21:06:55.206+0000] {processor.py:153} INFO - Started process (PID=7820) to work on /media/prempeh/Nouveau nom/MASTER2/DATA ENGINEERING/airflow/py_env/lib/python3.10/site-packages/airflow/example_dags/plugins/workday.py
[2023-01-14T21:06:55.209+0000] {processor.py:743} INFO - Processing file /media/prempeh/Nouveau nom/MASTER2/DATA ENGINEERING/airflow/py_env/lib/python3.10/site-packages/airflow/example_dags/plugins/workday.py for tasks to queue
[2023-01-14T21:06:55.216+0000] {logging_mixin.py:137} INFO - [2023-01-14T21:06:55.215+0000] {dagbag.py:538} INFO - Filling up the DagBag from /media/prempeh/Nouveau nom/MASTER2/DATA ENGINEERING/airflow/py_env/lib/python3.10/site-packages/airflow/example_dags/plugins/workday.py
[2023-01-14T21:06:55.228+0000] {processor.py:755} WARNING - No viable dags retrieved from /media/prempeh/Nouveau nom/MASTER2/DATA ENGINEERING/airflow/py_env/lib/python3.10/site-packages/airflow/example_dags/plugins/workday.py
[2023-01-14T21:06:55.266+0000] {processor.py:175} INFO - Processing /media/prempeh/Nouveau nom/MASTER2/DATA ENGINEERING/airflow/py_env/lib/python3.10/site-packages/airflow/example_dags/plugins/workday.py took 0.072 seconds
[2023-01-14T21:07:51.261+0000] {processor.py:153} INFO - Started process (PID=7977) to work on /media/prempeh/Nouveau nom/MASTER2/DATA ENGINEERING/airflow/py_env/lib/python3.10/site-packages/airflow/example_dags/plugins/workday.py
[2023-01-14T21:07:51.264+0000] {processor.py:743} INFO - Processing file /media/prempeh/Nouveau nom/MASTER2/DATA ENGINEERING/airflow/py_env/lib/python3.10/site-packages/airflow/example_dags/plugins/workday.py for tasks to queue
[2023-01-14T21:07:51.269+0000] {logging_mixin.py:137} INFO - [2023-01-14T21:07:51.268+0000] {dagbag.py:538} INFO - Filling up the DagBag from /media/prempeh/Nouveau nom/MASTER2/DATA ENGINEERING/airflow/py_env/lib/python3.10/site-packages/airflow/example_dags/plugins/workday.py
[2023-01-14T21:07:51.283+0000] {processor.py:755} WARNING - No viable dags retrieved from /media/prempeh/Nouveau nom/MASTER2/DATA ENGINEERING/airflow/py_env/lib/python3.10/site-packages/airflow/example_dags/plugins/workday.py
[2023-01-14T21:07:51.328+0000] {processor.py:175} INFO - Processing /media/prempeh/Nouveau nom/MASTER2/DATA ENGINEERING/airflow/py_env/lib/python3.10/site-packages/airflow/example_dags/plugins/workday.py took 0.093 seconds
[2023-01-14T21:08:35.781+0000] {processor.py:153} INFO - Started process (PID=8074) to work on /media/prempeh/Nouveau nom/MASTER2/DATA ENGINEERING/airflow/py_env/lib/python3.10/site-packages/airflow/example_dags/plugins/workday.py
[2023-01-14T21:08:35.784+0000] {processor.py:743} INFO - Processing file /media/prempeh/Nouveau nom/MASTER2/DATA ENGINEERING/airflow/py_env/lib/python3.10/site-packages/airflow/example_dags/plugins/workday.py for tasks to queue
[2023-01-14T21:08:35.789+0000] {logging_mixin.py:137} INFO - [2023-01-14T21:08:35.789+0000] {dagbag.py:538} INFO - Filling up the DagBag from /media/prempeh/Nouveau nom/MASTER2/DATA ENGINEERING/airflow/py_env/lib/python3.10/site-packages/airflow/example_dags/plugins/workday.py
[2023-01-14T21:08:35.801+0000] {processor.py:755} WARNING - No viable dags retrieved from /media/prempeh/Nouveau nom/MASTER2/DATA ENGINEERING/airflow/py_env/lib/python3.10/site-packages/airflow/example_dags/plugins/workday.py
[2023-01-14T21:08:35.832+0000] {processor.py:175} INFO - Processing /media/prempeh/Nouveau nom/MASTER2/DATA ENGINEERING/airflow/py_env/lib/python3.10/site-packages/airflow/example_dags/plugins/workday.py took 0.060 seconds
[2023-01-14T21:09:35.463+0000] {processor.py:153} INFO - Started process (PID=8120) to work on /media/prempeh/Nouveau nom/MASTER2/DATA ENGINEERING/airflow/py_env/lib/python3.10/site-packages/airflow/example_dags/plugins/workday.py
[2023-01-14T21:09:35.465+0000] {processor.py:743} INFO - Processing file /media/prempeh/Nouveau nom/MASTER2/DATA ENGINEERING/airflow/py_env/lib/python3.10/site-packages/airflow/example_dags/plugins/workday.py for tasks to queue
[2023-01-14T21:09:35.471+0000] {logging_mixin.py:137} INFO - [2023-01-14T21:09:35.471+0000] {dagbag.py:538} INFO - Filling up the DagBag from /media/prempeh/Nouveau nom/MASTER2/DATA ENGINEERING/airflow/py_env/lib/python3.10/site-packages/airflow/example_dags/plugins/workday.py
[2023-01-14T21:09:35.481+0000] {processor.py:755} WARNING - No viable dags retrieved from /media/prempeh/Nouveau nom/MASTER2/DATA ENGINEERING/airflow/py_env/lib/python3.10/site-packages/airflow/example_dags/plugins/workday.py
[2023-01-14T21:09:35.514+0000] {processor.py:175} INFO - Processing /media/prempeh/Nouveau nom/MASTER2/DATA ENGINEERING/airflow/py_env/lib/python3.10/site-packages/airflow/example_dags/plugins/workday.py took 0.059 seconds
[2023-01-14T21:10:06.937+0000] {processor.py:153} INFO - Started process (PID=8140) to work on /media/prempeh/Nouveau nom/MASTER2/DATA ENGINEERING/airflow/py_env/lib/python3.10/site-packages/airflow/example_dags/plugins/workday.py
[2023-01-14T21:10:06.941+0000] {processor.py:743} INFO - Processing file /media/prempeh/Nouveau nom/MASTER2/DATA ENGINEERING/airflow/py_env/lib/python3.10/site-packages/airflow/example_dags/plugins/workday.py for tasks to queue
[2023-01-14T21:10:06.947+0000] {logging_mixin.py:137} INFO - [2023-01-14T21:10:06.946+0000] {dagbag.py:538} INFO - Filling up the DagBag from /media/prempeh/Nouveau nom/MASTER2/DATA ENGINEERING/airflow/py_env/lib/python3.10/site-packages/airflow/example_dags/plugins/workday.py
[2023-01-14T21:10:06.959+0000] {processor.py:755} WARNING - No viable dags retrieved from /media/prempeh/Nouveau nom/MASTER2/DATA ENGINEERING/airflow/py_env/lib/python3.10/site-packages/airflow/example_dags/plugins/workday.py
[2023-01-14T21:10:06.989+0000] {processor.py:175} INFO - Processing /media/prempeh/Nouveau nom/MASTER2/DATA ENGINEERING/airflow/py_env/lib/python3.10/site-packages/airflow/example_dags/plugins/workday.py took 0.062 seconds
[2023-01-14T21:11:06.356+0000] {processor.py:153} INFO - Started process (PID=8187) to work on /media/prempeh/Nouveau nom/MASTER2/DATA ENGINEERING/airflow/py_env/lib/python3.10/site-packages/airflow/example_dags/plugins/workday.py
[2023-01-14T21:11:06.360+0000] {processor.py:743} INFO - Processing file /media/prempeh/Nouveau nom/MASTER2/DATA ENGINEERING/airflow/py_env/lib/python3.10/site-packages/airflow/example_dags/plugins/workday.py for tasks to queue
[2023-01-14T21:11:06.365+0000] {logging_mixin.py:137} INFO - [2023-01-14T21:11:06.364+0000] {dagbag.py:538} INFO - Filling up the DagBag from /media/prempeh/Nouveau nom/MASTER2/DATA ENGINEERING/airflow/py_env/lib/python3.10/site-packages/airflow/example_dags/plugins/workday.py
[2023-01-14T21:11:06.377+0000] {processor.py:755} WARNING - No viable dags retrieved from /media/prempeh/Nouveau nom/MASTER2/DATA ENGINEERING/airflow/py_env/lib/python3.10/site-packages/airflow/example_dags/plugins/workday.py
[2023-01-14T21:11:06.413+0000] {processor.py:175} INFO - Processing /media/prempeh/Nouveau nom/MASTER2/DATA ENGINEERING/airflow/py_env/lib/python3.10/site-packages/airflow/example_dags/plugins/workday.py took 0.070 seconds
[2023-01-14T21:11:41.009+0000] {processor.py:153} INFO - Started process (PID=8215) to work on /media/prempeh/Nouveau nom/MASTER2/DATA ENGINEERING/airflow/py_env/lib/python3.10/site-packages/airflow/example_dags/plugins/workday.py
[2023-01-14T21:11:41.015+0000] {processor.py:743} INFO - Processing file /media/prempeh/Nouveau nom/MASTER2/DATA ENGINEERING/airflow/py_env/lib/python3.10/site-packages/airflow/example_dags/plugins/workday.py for tasks to queue
[2023-01-14T21:11:41.022+0000] {logging_mixin.py:137} INFO - [2023-01-14T21:11:41.021+0000] {dagbag.py:538} INFO - Filling up the DagBag from /media/prempeh/Nouveau nom/MASTER2/DATA ENGINEERING/airflow/py_env/lib/python3.10/site-packages/airflow/example_dags/plugins/workday.py
[2023-01-14T21:11:41.046+0000] {processor.py:755} WARNING - No viable dags retrieved from /media/prempeh/Nouveau nom/MASTER2/DATA ENGINEERING/airflow/py_env/lib/python3.10/site-packages/airflow/example_dags/plugins/workday.py
[2023-01-14T21:11:41.090+0000] {processor.py:175} INFO - Processing /media/prempeh/Nouveau nom/MASTER2/DATA ENGINEERING/airflow/py_env/lib/python3.10/site-packages/airflow/example_dags/plugins/workday.py took 0.095 seconds
[2023-01-14T21:12:17.275+0000] {processor.py:153} INFO - Started process (PID=8235) to work on /media/prempeh/Nouveau nom/MASTER2/DATA ENGINEERING/airflow/py_env/lib/python3.10/site-packages/airflow/example_dags/plugins/workday.py
[2023-01-14T21:12:17.278+0000] {processor.py:743} INFO - Processing file /media/prempeh/Nouveau nom/MASTER2/DATA ENGINEERING/airflow/py_env/lib/python3.10/site-packages/airflow/example_dags/plugins/workday.py for tasks to queue
[2023-01-14T21:12:17.282+0000] {logging_mixin.py:137} INFO - [2023-01-14T21:12:17.281+0000] {dagbag.py:538} INFO - Filling up the DagBag from /media/prempeh/Nouveau nom/MASTER2/DATA ENGINEERING/airflow/py_env/lib/python3.10/site-packages/airflow/example_dags/plugins/workday.py
[2023-01-14T21:12:17.295+0000] {processor.py:755} WARNING - No viable dags retrieved from /media/prempeh/Nouveau nom/MASTER2/DATA ENGINEERING/airflow/py_env/lib/python3.10/site-packages/airflow/example_dags/plugins/workday.py
[2023-01-14T21:12:17.325+0000] {processor.py:175} INFO - Processing /media/prempeh/Nouveau nom/MASTER2/DATA ENGINEERING/airflow/py_env/lib/python3.10/site-packages/airflow/example_dags/plugins/workday.py took 0.059 seconds
[2023-01-14T21:12:50.650+0000] {processor.py:153} INFO - Started process (PID=8261) to work on /media/prempeh/Nouveau nom/MASTER2/DATA ENGINEERING/airflow/py_env/lib/python3.10/site-packages/airflow/example_dags/plugins/workday.py
[2023-01-14T21:12:50.653+0000] {processor.py:743} INFO - Processing file /media/prempeh/Nouveau nom/MASTER2/DATA ENGINEERING/airflow/py_env/lib/python3.10/site-packages/airflow/example_dags/plugins/workday.py for tasks to queue
[2023-01-14T21:12:50.658+0000] {logging_mixin.py:137} INFO - [2023-01-14T21:12:50.658+0000] {dagbag.py:538} INFO - Filling up the DagBag from /media/prempeh/Nouveau nom/MASTER2/DATA ENGINEERING/airflow/py_env/lib/python3.10/site-packages/airflow/example_dags/plugins/workday.py
[2023-01-14T21:12:50.671+0000] {processor.py:755} WARNING - No viable dags retrieved from /media/prempeh/Nouveau nom/MASTER2/DATA ENGINEERING/airflow/py_env/lib/python3.10/site-packages/airflow/example_dags/plugins/workday.py
[2023-01-14T21:12:50.699+0000] {processor.py:175} INFO - Processing /media/prempeh/Nouveau nom/MASTER2/DATA ENGINEERING/airflow/py_env/lib/python3.10/site-packages/airflow/example_dags/plugins/workday.py took 0.058 seconds
[2023-01-14T21:13:27.965+0000] {processor.py:153} INFO - Started process (PID=8285) to work on /media/prempeh/Nouveau nom/MASTER2/DATA ENGINEERING/airflow/py_env/lib/python3.10/site-packages/airflow/example_dags/plugins/workday.py
[2023-01-14T21:13:27.967+0000] {processor.py:743} INFO - Processing file /media/prempeh/Nouveau nom/MASTER2/DATA ENGINEERING/airflow/py_env/lib/python3.10/site-packages/airflow/example_dags/plugins/workday.py for tasks to queue
[2023-01-14T21:13:27.975+0000] {logging_mixin.py:137} INFO - [2023-01-14T21:13:27.975+0000] {dagbag.py:538} INFO - Filling up the DagBag from /media/prempeh/Nouveau nom/MASTER2/DATA ENGINEERING/airflow/py_env/lib/python3.10/site-packages/airflow/example_dags/plugins/workday.py
[2023-01-14T21:13:27.991+0000] {processor.py:755} WARNING - No viable dags retrieved from /media/prempeh/Nouveau nom/MASTER2/DATA ENGINEERING/airflow/py_env/lib/python3.10/site-packages/airflow/example_dags/plugins/workday.py
[2023-01-14T21:13:28.030+0000] {processor.py:175} INFO - Processing /media/prempeh/Nouveau nom/MASTER2/DATA ENGINEERING/airflow/py_env/lib/python3.10/site-packages/airflow/example_dags/plugins/workday.py took 0.078 seconds
[2023-01-14T21:14:05.428+0000] {processor.py:153} INFO - Started process (PID=8315) to work on /media/prempeh/Nouveau nom/MASTER2/DATA ENGINEERING/airflow/py_env/lib/python3.10/site-packages/airflow/example_dags/plugins/workday.py
[2023-01-14T21:14:05.432+0000] {processor.py:743} INFO - Processing file /media/prempeh/Nouveau nom/MASTER2/DATA ENGINEERING/airflow/py_env/lib/python3.10/site-packages/airflow/example_dags/plugins/workday.py for tasks to queue
[2023-01-14T21:14:05.439+0000] {logging_mixin.py:137} INFO - [2023-01-14T21:14:05.438+0000] {dagbag.py:538} INFO - Filling up the DagBag from /media/prempeh/Nouveau nom/MASTER2/DATA ENGINEERING/airflow/py_env/lib/python3.10/site-packages/airflow/example_dags/plugins/workday.py
[2023-01-14T21:14:05.453+0000] {processor.py:755} WARNING - No viable dags retrieved from /media/prempeh/Nouveau nom/MASTER2/DATA ENGINEERING/airflow/py_env/lib/python3.10/site-packages/airflow/example_dags/plugins/workday.py
[2023-01-14T21:14:05.494+0000] {processor.py:175} INFO - Processing /media/prempeh/Nouveau nom/MASTER2/DATA ENGINEERING/airflow/py_env/lib/python3.10/site-packages/airflow/example_dags/plugins/workday.py took 0.077 seconds
[2023-01-14T21:14:38.958+0000] {processor.py:153} INFO - Started process (PID=8336) to work on /media/prempeh/Nouveau nom/MASTER2/DATA ENGINEERING/airflow/py_env/lib/python3.10/site-packages/airflow/example_dags/plugins/workday.py
[2023-01-14T21:14:38.961+0000] {processor.py:743} INFO - Processing file /media/prempeh/Nouveau nom/MASTER2/DATA ENGINEERING/airflow/py_env/lib/python3.10/site-packages/airflow/example_dags/plugins/workday.py for tasks to queue
[2023-01-14T21:14:38.968+0000] {logging_mixin.py:137} INFO - [2023-01-14T21:14:38.967+0000] {dagbag.py:538} INFO - Filling up the DagBag from /media/prempeh/Nouveau nom/MASTER2/DATA ENGINEERING/airflow/py_env/lib/python3.10/site-packages/airflow/example_dags/plugins/workday.py
[2023-01-14T21:14:38.980+0000] {processor.py:755} WARNING - No viable dags retrieved from /media/prempeh/Nouveau nom/MASTER2/DATA ENGINEERING/airflow/py_env/lib/python3.10/site-packages/airflow/example_dags/plugins/workday.py
[2023-01-14T21:14:39.011+0000] {processor.py:175} INFO - Processing /media/prempeh/Nouveau nom/MASTER2/DATA ENGINEERING/airflow/py_env/lib/python3.10/site-packages/airflow/example_dags/plugins/workday.py took 0.064 seconds
[2023-01-14T21:15:14.049+0000] {processor.py:153} INFO - Started process (PID=8597) to work on /media/prempeh/Nouveau nom/MASTER2/DATA ENGINEERING/airflow/py_env/lib/python3.10/site-packages/airflow/example_dags/plugins/workday.py
[2023-01-14T21:15:14.058+0000] {processor.py:743} INFO - Processing file /media/prempeh/Nouveau nom/MASTER2/DATA ENGINEERING/airflow/py_env/lib/python3.10/site-packages/airflow/example_dags/plugins/workday.py for tasks to queue
[2023-01-14T21:15:14.063+0000] {logging_mixin.py:137} INFO - [2023-01-14T21:15:14.063+0000] {dagbag.py:538} INFO - Filling up the DagBag from /media/prempeh/Nouveau nom/MASTER2/DATA ENGINEERING/airflow/py_env/lib/python3.10/site-packages/airflow/example_dags/plugins/workday.py
[2023-01-14T21:15:14.099+0000] {processor.py:755} WARNING - No viable dags retrieved from /media/prempeh/Nouveau nom/MASTER2/DATA ENGINEERING/airflow/py_env/lib/python3.10/site-packages/airflow/example_dags/plugins/workday.py
[2023-01-14T21:15:14.162+0000] {processor.py:175} INFO - Processing /media/prempeh/Nouveau nom/MASTER2/DATA ENGINEERING/airflow/py_env/lib/python3.10/site-packages/airflow/example_dags/plugins/workday.py took 0.124 seconds
[2023-01-14T21:15:50.400+0000] {processor.py:153} INFO - Started process (PID=8846) to work on /media/prempeh/Nouveau nom/MASTER2/DATA ENGINEERING/airflow/py_env/lib/python3.10/site-packages/airflow/example_dags/plugins/workday.py
[2023-01-14T21:15:50.404+0000] {processor.py:743} INFO - Processing file /media/prempeh/Nouveau nom/MASTER2/DATA ENGINEERING/airflow/py_env/lib/python3.10/site-packages/airflow/example_dags/plugins/workday.py for tasks to queue
[2023-01-14T21:15:50.414+0000] {logging_mixin.py:137} INFO - [2023-01-14T21:15:50.414+0000] {dagbag.py:538} INFO - Filling up the DagBag from /media/prempeh/Nouveau nom/MASTER2/DATA ENGINEERING/airflow/py_env/lib/python3.10/site-packages/airflow/example_dags/plugins/workday.py
[2023-01-14T21:15:50.428+0000] {processor.py:755} WARNING - No viable dags retrieved from /media/prempeh/Nouveau nom/MASTER2/DATA ENGINEERING/airflow/py_env/lib/python3.10/site-packages/airflow/example_dags/plugins/workday.py
[2023-01-14T21:15:50.470+0000] {processor.py:175} INFO - Processing /media/prempeh/Nouveau nom/MASTER2/DATA ENGINEERING/airflow/py_env/lib/python3.10/site-packages/airflow/example_dags/plugins/workday.py took 0.082 seconds
[2023-01-14T21:16:25.414+0000] {processor.py:153} INFO - Started process (PID=9041) to work on /media/prempeh/Nouveau nom/MASTER2/DATA ENGINEERING/airflow/py_env/lib/python3.10/site-packages/airflow/example_dags/plugins/workday.py
[2023-01-14T21:16:25.417+0000] {processor.py:743} INFO - Processing file /media/prempeh/Nouveau nom/MASTER2/DATA ENGINEERING/airflow/py_env/lib/python3.10/site-packages/airflow/example_dags/plugins/workday.py for tasks to queue
[2023-01-14T21:16:25.425+0000] {logging_mixin.py:137} INFO - [2023-01-14T21:16:25.425+0000] {dagbag.py:538} INFO - Filling up the DagBag from /media/prempeh/Nouveau nom/MASTER2/DATA ENGINEERING/airflow/py_env/lib/python3.10/site-packages/airflow/example_dags/plugins/workday.py
[2023-01-14T21:16:25.436+0000] {processor.py:755} WARNING - No viable dags retrieved from /media/prempeh/Nouveau nom/MASTER2/DATA ENGINEERING/airflow/py_env/lib/python3.10/site-packages/airflow/example_dags/plugins/workday.py
[2023-01-14T21:16:25.465+0000] {processor.py:175} INFO - Processing /media/prempeh/Nouveau nom/MASTER2/DATA ENGINEERING/airflow/py_env/lib/python3.10/site-packages/airflow/example_dags/plugins/workday.py took 0.061 seconds
[2023-01-14T21:17:02.023+0000] {processor.py:153} INFO - Started process (PID=9104) to work on /media/prempeh/Nouveau nom/MASTER2/DATA ENGINEERING/airflow/py_env/lib/python3.10/site-packages/airflow/example_dags/plugins/workday.py
[2023-01-14T21:17:02.026+0000] {processor.py:743} INFO - Processing file /media/prempeh/Nouveau nom/MASTER2/DATA ENGINEERING/airflow/py_env/lib/python3.10/site-packages/airflow/example_dags/plugins/workday.py for tasks to queue
[2023-01-14T21:17:02.030+0000] {logging_mixin.py:137} INFO - [2023-01-14T21:17:02.029+0000] {dagbag.py:538} INFO - Filling up the DagBag from /media/prempeh/Nouveau nom/MASTER2/DATA ENGINEERING/airflow/py_env/lib/python3.10/site-packages/airflow/example_dags/plugins/workday.py
[2023-01-14T21:17:02.043+0000] {processor.py:755} WARNING - No viable dags retrieved from /media/prempeh/Nouveau nom/MASTER2/DATA ENGINEERING/airflow/py_env/lib/python3.10/site-packages/airflow/example_dags/plugins/workday.py
[2023-01-14T21:17:02.075+0000] {processor.py:175} INFO - Processing /media/prempeh/Nouveau nom/MASTER2/DATA ENGINEERING/airflow/py_env/lib/python3.10/site-packages/airflow/example_dags/plugins/workday.py took 0.062 seconds
[2023-01-14T21:17:38.110+0000] {processor.py:153} INFO - Started process (PID=9164) to work on /media/prempeh/Nouveau nom/MASTER2/DATA ENGINEERING/airflow/py_env/lib/python3.10/site-packages/airflow/example_dags/plugins/workday.py
[2023-01-14T21:17:38.112+0000] {processor.py:743} INFO - Processing file /media/prempeh/Nouveau nom/MASTER2/DATA ENGINEERING/airflow/py_env/lib/python3.10/site-packages/airflow/example_dags/plugins/workday.py for tasks to queue
[2023-01-14T21:17:38.117+0000] {logging_mixin.py:137} INFO - [2023-01-14T21:17:38.116+0000] {dagbag.py:538} INFO - Filling up the DagBag from /media/prempeh/Nouveau nom/MASTER2/DATA ENGINEERING/airflow/py_env/lib/python3.10/site-packages/airflow/example_dags/plugins/workday.py
[2023-01-14T21:17:38.130+0000] {processor.py:755} WARNING - No viable dags retrieved from /media/prempeh/Nouveau nom/MASTER2/DATA ENGINEERING/airflow/py_env/lib/python3.10/site-packages/airflow/example_dags/plugins/workday.py
[2023-01-14T21:17:38.166+0000] {processor.py:175} INFO - Processing /media/prempeh/Nouveau nom/MASTER2/DATA ENGINEERING/airflow/py_env/lib/python3.10/site-packages/airflow/example_dags/plugins/workday.py took 0.067 seconds
[2023-01-14T21:18:13.554+0000] {processor.py:153} INFO - Started process (PID=9260) to work on /media/prempeh/Nouveau nom/MASTER2/DATA ENGINEERING/airflow/py_env/lib/python3.10/site-packages/airflow/example_dags/plugins/workday.py
[2023-01-14T21:18:13.557+0000] {processor.py:743} INFO - Processing file /media/prempeh/Nouveau nom/MASTER2/DATA ENGINEERING/airflow/py_env/lib/python3.10/site-packages/airflow/example_dags/plugins/workday.py for tasks to queue
[2023-01-14T21:18:13.564+0000] {logging_mixin.py:137} INFO - [2023-01-14T21:18:13.564+0000] {dagbag.py:538} INFO - Filling up the DagBag from /media/prempeh/Nouveau nom/MASTER2/DATA ENGINEERING/airflow/py_env/lib/python3.10/site-packages/airflow/example_dags/plugins/workday.py
[2023-01-14T21:18:13.574+0000] {processor.py:755} WARNING - No viable dags retrieved from /media/prempeh/Nouveau nom/MASTER2/DATA ENGINEERING/airflow/py_env/lib/python3.10/site-packages/airflow/example_dags/plugins/workday.py
[2023-01-14T21:18:13.601+0000] {processor.py:175} INFO - Processing /media/prempeh/Nouveau nom/MASTER2/DATA ENGINEERING/airflow/py_env/lib/python3.10/site-packages/airflow/example_dags/plugins/workday.py took 0.055 seconds
[2023-01-14T21:18:50.302+0000] {processor.py:153} INFO - Started process (PID=9417) to work on /media/prempeh/Nouveau nom/MASTER2/DATA ENGINEERING/airflow/py_env/lib/python3.10/site-packages/airflow/example_dags/plugins/workday.py
[2023-01-14T21:18:50.305+0000] {processor.py:743} INFO - Processing file /media/prempeh/Nouveau nom/MASTER2/DATA ENGINEERING/airflow/py_env/lib/python3.10/site-packages/airflow/example_dags/plugins/workday.py for tasks to queue
[2023-01-14T21:18:50.311+0000] {logging_mixin.py:137} INFO - [2023-01-14T21:18:50.311+0000] {dagbag.py:538} INFO - Filling up the DagBag from /media/prempeh/Nouveau nom/MASTER2/DATA ENGINEERING/airflow/py_env/lib/python3.10/site-packages/airflow/example_dags/plugins/workday.py
[2023-01-14T21:18:50.324+0000] {processor.py:755} WARNING - No viable dags retrieved from /media/prempeh/Nouveau nom/MASTER2/DATA ENGINEERING/airflow/py_env/lib/python3.10/site-packages/airflow/example_dags/plugins/workday.py
[2023-01-14T21:18:50.354+0000] {processor.py:175} INFO - Processing /media/prempeh/Nouveau nom/MASTER2/DATA ENGINEERING/airflow/py_env/lib/python3.10/site-packages/airflow/example_dags/plugins/workday.py took 0.062 seconds
[2023-01-14T21:19:28.158+0000] {processor.py:153} INFO - Started process (PID=9548) to work on /media/prempeh/Nouveau nom/MASTER2/DATA ENGINEERING/airflow/py_env/lib/python3.10/site-packages/airflow/example_dags/plugins/workday.py
[2023-01-14T21:19:28.163+0000] {processor.py:743} INFO - Processing file /media/prempeh/Nouveau nom/MASTER2/DATA ENGINEERING/airflow/py_env/lib/python3.10/site-packages/airflow/example_dags/plugins/workday.py for tasks to queue
[2023-01-14T21:19:28.170+0000] {logging_mixin.py:137} INFO - [2023-01-14T21:19:28.170+0000] {dagbag.py:538} INFO - Filling up the DagBag from /media/prempeh/Nouveau nom/MASTER2/DATA ENGINEERING/airflow/py_env/lib/python3.10/site-packages/airflow/example_dags/plugins/workday.py
[2023-01-14T21:19:28.185+0000] {processor.py:755} WARNING - No viable dags retrieved from /media/prempeh/Nouveau nom/MASTER2/DATA ENGINEERING/airflow/py_env/lib/python3.10/site-packages/airflow/example_dags/plugins/workday.py
[2023-01-14T21:19:28.249+0000] {processor.py:175} INFO - Processing /media/prempeh/Nouveau nom/MASTER2/DATA ENGINEERING/airflow/py_env/lib/python3.10/site-packages/airflow/example_dags/plugins/workday.py took 0.110 seconds
[2023-01-14T21:20:04.186+0000] {processor.py:153} INFO - Started process (PID=9714) to work on /media/prempeh/Nouveau nom/MASTER2/DATA ENGINEERING/airflow/py_env/lib/python3.10/site-packages/airflow/example_dags/plugins/workday.py
[2023-01-14T21:20:04.188+0000] {processor.py:743} INFO - Processing file /media/prempeh/Nouveau nom/MASTER2/DATA ENGINEERING/airflow/py_env/lib/python3.10/site-packages/airflow/example_dags/plugins/workday.py for tasks to queue
[2023-01-14T21:20:04.193+0000] {logging_mixin.py:137} INFO - [2023-01-14T21:20:04.192+0000] {dagbag.py:538} INFO - Filling up the DagBag from /media/prempeh/Nouveau nom/MASTER2/DATA ENGINEERING/airflow/py_env/lib/python3.10/site-packages/airflow/example_dags/plugins/workday.py
[2023-01-14T21:20:04.208+0000] {processor.py:755} WARNING - No viable dags retrieved from /media/prempeh/Nouveau nom/MASTER2/DATA ENGINEERING/airflow/py_env/lib/python3.10/site-packages/airflow/example_dags/plugins/workday.py
[2023-01-14T21:20:04.246+0000] {processor.py:175} INFO - Processing /media/prempeh/Nouveau nom/MASTER2/DATA ENGINEERING/airflow/py_env/lib/python3.10/site-packages/airflow/example_dags/plugins/workday.py took 0.070 seconds
[2023-01-14T21:20:39.150+0000] {processor.py:153} INFO - Started process (PID=9797) to work on /media/prempeh/Nouveau nom/MASTER2/DATA ENGINEERING/airflow/py_env/lib/python3.10/site-packages/airflow/example_dags/plugins/workday.py
[2023-01-14T21:20:39.153+0000] {processor.py:743} INFO - Processing file /media/prempeh/Nouveau nom/MASTER2/DATA ENGINEERING/airflow/py_env/lib/python3.10/site-packages/airflow/example_dags/plugins/workday.py for tasks to queue
[2023-01-14T21:20:39.158+0000] {logging_mixin.py:137} INFO - [2023-01-14T21:20:39.157+0000] {dagbag.py:538} INFO - Filling up the DagBag from /media/prempeh/Nouveau nom/MASTER2/DATA ENGINEERING/airflow/py_env/lib/python3.10/site-packages/airflow/example_dags/plugins/workday.py
[2023-01-14T21:20:39.169+0000] {processor.py:755} WARNING - No viable dags retrieved from /media/prempeh/Nouveau nom/MASTER2/DATA ENGINEERING/airflow/py_env/lib/python3.10/site-packages/airflow/example_dags/plugins/workday.py
[2023-01-14T21:20:39.198+0000] {processor.py:175} INFO - Processing /media/prempeh/Nouveau nom/MASTER2/DATA ENGINEERING/airflow/py_env/lib/python3.10/site-packages/airflow/example_dags/plugins/workday.py took 0.058 seconds
[2023-01-14T21:21:13.026+0000] {processor.py:153} INFO - Started process (PID=9825) to work on /media/prempeh/Nouveau nom/MASTER2/DATA ENGINEERING/airflow/py_env/lib/python3.10/site-packages/airflow/example_dags/plugins/workday.py
[2023-01-14T21:21:13.029+0000] {processor.py:743} INFO - Processing file /media/prempeh/Nouveau nom/MASTER2/DATA ENGINEERING/airflow/py_env/lib/python3.10/site-packages/airflow/example_dags/plugins/workday.py for tasks to queue
[2023-01-14T21:21:13.034+0000] {logging_mixin.py:137} INFO - [2023-01-14T21:21:13.034+0000] {dagbag.py:538} INFO - Filling up the DagBag from /media/prempeh/Nouveau nom/MASTER2/DATA ENGINEERING/airflow/py_env/lib/python3.10/site-packages/airflow/example_dags/plugins/workday.py
[2023-01-14T21:21:13.047+0000] {processor.py:755} WARNING - No viable dags retrieved from /media/prempeh/Nouveau nom/MASTER2/DATA ENGINEERING/airflow/py_env/lib/python3.10/site-packages/airflow/example_dags/plugins/workday.py
[2023-01-14T21:21:13.079+0000] {processor.py:175} INFO - Processing /media/prempeh/Nouveau nom/MASTER2/DATA ENGINEERING/airflow/py_env/lib/python3.10/site-packages/airflow/example_dags/plugins/workday.py took 0.064 seconds
[2023-01-14T21:21:47.954+0000] {processor.py:153} INFO - Started process (PID=9867) to work on /media/prempeh/Nouveau nom/MASTER2/DATA ENGINEERING/airflow/py_env/lib/python3.10/site-packages/airflow/example_dags/plugins/workday.py
[2023-01-14T21:21:47.957+0000] {processor.py:743} INFO - Processing file /media/prempeh/Nouveau nom/MASTER2/DATA ENGINEERING/airflow/py_env/lib/python3.10/site-packages/airflow/example_dags/plugins/workday.py for tasks to queue
[2023-01-14T21:21:47.975+0000] {logging_mixin.py:137} INFO - [2023-01-14T21:21:47.974+0000] {dagbag.py:538} INFO - Filling up the DagBag from /media/prempeh/Nouveau nom/MASTER2/DATA ENGINEERING/airflow/py_env/lib/python3.10/site-packages/airflow/example_dags/plugins/workday.py
[2023-01-14T21:21:47.992+0000] {processor.py:755} WARNING - No viable dags retrieved from /media/prempeh/Nouveau nom/MASTER2/DATA ENGINEERING/airflow/py_env/lib/python3.10/site-packages/airflow/example_dags/plugins/workday.py
[2023-01-14T21:21:48.019+0000] {processor.py:175} INFO - Processing /media/prempeh/Nouveau nom/MASTER2/DATA ENGINEERING/airflow/py_env/lib/python3.10/site-packages/airflow/example_dags/plugins/workday.py took 0.074 seconds
[2023-01-14T21:22:23.720+0000] {processor.py:153} INFO - Started process (PID=10045) to work on /media/prempeh/Nouveau nom/MASTER2/DATA ENGINEERING/airflow/py_env/lib/python3.10/site-packages/airflow/example_dags/plugins/workday.py
[2023-01-14T21:22:23.724+0000] {processor.py:743} INFO - Processing file /media/prempeh/Nouveau nom/MASTER2/DATA ENGINEERING/airflow/py_env/lib/python3.10/site-packages/airflow/example_dags/plugins/workday.py for tasks to queue
[2023-01-14T21:22:23.731+0000] {logging_mixin.py:137} INFO - [2023-01-14T21:22:23.730+0000] {dagbag.py:538} INFO - Filling up the DagBag from /media/prempeh/Nouveau nom/MASTER2/DATA ENGINEERING/airflow/py_env/lib/python3.10/site-packages/airflow/example_dags/plugins/workday.py
[2023-01-14T21:22:23.760+0000] {processor.py:755} WARNING - No viable dags retrieved from /media/prempeh/Nouveau nom/MASTER2/DATA ENGINEERING/airflow/py_env/lib/python3.10/site-packages/airflow/example_dags/plugins/workday.py
[2023-01-14T21:22:23.814+0000] {processor.py:175} INFO - Processing /media/prempeh/Nouveau nom/MASTER2/DATA ENGINEERING/airflow/py_env/lib/python3.10/site-packages/airflow/example_dags/plugins/workday.py took 0.110 seconds
[2023-01-14T21:23:03.505+0000] {processor.py:153} INFO - Started process (PID=10298) to work on /media/prempeh/Nouveau nom/MASTER2/DATA ENGINEERING/airflow/py_env/lib/python3.10/site-packages/airflow/example_dags/plugins/workday.py
[2023-01-14T21:23:03.508+0000] {processor.py:743} INFO - Processing file /media/prempeh/Nouveau nom/MASTER2/DATA ENGINEERING/airflow/py_env/lib/python3.10/site-packages/airflow/example_dags/plugins/workday.py for tasks to queue
[2023-01-14T21:23:03.513+0000] {logging_mixin.py:137} INFO - [2023-01-14T21:23:03.512+0000] {dagbag.py:538} INFO - Filling up the DagBag from /media/prempeh/Nouveau nom/MASTER2/DATA ENGINEERING/airflow/py_env/lib/python3.10/site-packages/airflow/example_dags/plugins/workday.py
[2023-01-14T21:23:03.528+0000] {processor.py:755} WARNING - No viable dags retrieved from /media/prempeh/Nouveau nom/MASTER2/DATA ENGINEERING/airflow/py_env/lib/python3.10/site-packages/airflow/example_dags/plugins/workday.py
[2023-01-14T21:23:03.567+0000] {processor.py:175} INFO - Processing /media/prempeh/Nouveau nom/MASTER2/DATA ENGINEERING/airflow/py_env/lib/python3.10/site-packages/airflow/example_dags/plugins/workday.py took 0.074 seconds
[2023-01-14T21:23:39.718+0000] {processor.py:153} INFO - Started process (PID=10353) to work on /media/prempeh/Nouveau nom/MASTER2/DATA ENGINEERING/airflow/py_env/lib/python3.10/site-packages/airflow/example_dags/plugins/workday.py
[2023-01-14T21:23:39.721+0000] {processor.py:743} INFO - Processing file /media/prempeh/Nouveau nom/MASTER2/DATA ENGINEERING/airflow/py_env/lib/python3.10/site-packages/airflow/example_dags/plugins/workday.py for tasks to queue
[2023-01-14T21:23:39.727+0000] {logging_mixin.py:137} INFO - [2023-01-14T21:23:39.726+0000] {dagbag.py:538} INFO - Filling up the DagBag from /media/prempeh/Nouveau nom/MASTER2/DATA ENGINEERING/airflow/py_env/lib/python3.10/site-packages/airflow/example_dags/plugins/workday.py
[2023-01-14T21:23:39.737+0000] {processor.py:755} WARNING - No viable dags retrieved from /media/prempeh/Nouveau nom/MASTER2/DATA ENGINEERING/airflow/py_env/lib/python3.10/site-packages/airflow/example_dags/plugins/workday.py
[2023-01-14T21:23:39.768+0000] {processor.py:175} INFO - Processing /media/prempeh/Nouveau nom/MASTER2/DATA ENGINEERING/airflow/py_env/lib/python3.10/site-packages/airflow/example_dags/plugins/workday.py took 0.059 seconds
[2023-01-14T21:24:12.534+0000] {processor.py:153} INFO - Started process (PID=10375) to work on /media/prempeh/Nouveau nom/MASTER2/DATA ENGINEERING/airflow/py_env/lib/python3.10/site-packages/airflow/example_dags/plugins/workday.py
[2023-01-14T21:24:12.536+0000] {processor.py:743} INFO - Processing file /media/prempeh/Nouveau nom/MASTER2/DATA ENGINEERING/airflow/py_env/lib/python3.10/site-packages/airflow/example_dags/plugins/workday.py for tasks to queue
[2023-01-14T21:24:12.541+0000] {logging_mixin.py:137} INFO - [2023-01-14T21:24:12.540+0000] {dagbag.py:538} INFO - Filling up the DagBag from /media/prempeh/Nouveau nom/MASTER2/DATA ENGINEERING/airflow/py_env/lib/python3.10/site-packages/airflow/example_dags/plugins/workday.py
[2023-01-14T21:24:12.553+0000] {processor.py:755} WARNING - No viable dags retrieved from /media/prempeh/Nouveau nom/MASTER2/DATA ENGINEERING/airflow/py_env/lib/python3.10/site-packages/airflow/example_dags/plugins/workday.py
[2023-01-14T21:24:12.585+0000] {processor.py:175} INFO - Processing /media/prempeh/Nouveau nom/MASTER2/DATA ENGINEERING/airflow/py_env/lib/python3.10/site-packages/airflow/example_dags/plugins/workday.py took 0.061 seconds
[2023-01-14T21:25:18.747+0000] {processor.py:153} INFO - Started process (PID=10465) to work on /media/prempeh/Nouveau nom/MASTER2/DATA ENGINEERING/airflow/py_env/lib/python3.10/site-packages/airflow/example_dags/plugins/workday.py
[2023-01-14T21:25:18.750+0000] {processor.py:743} INFO - Processing file /media/prempeh/Nouveau nom/MASTER2/DATA ENGINEERING/airflow/py_env/lib/python3.10/site-packages/airflow/example_dags/plugins/workday.py for tasks to queue
[2023-01-14T21:25:18.754+0000] {logging_mixin.py:137} INFO - [2023-01-14T21:25:18.754+0000] {dagbag.py:538} INFO - Filling up the DagBag from /media/prempeh/Nouveau nom/MASTER2/DATA ENGINEERING/airflow/py_env/lib/python3.10/site-packages/airflow/example_dags/plugins/workday.py
[2023-01-14T21:25:18.767+0000] {processor.py:755} WARNING - No viable dags retrieved from /media/prempeh/Nouveau nom/MASTER2/DATA ENGINEERING/airflow/py_env/lib/python3.10/site-packages/airflow/example_dags/plugins/workday.py
[2023-01-14T21:25:18.794+0000] {processor.py:175} INFO - Processing /media/prempeh/Nouveau nom/MASTER2/DATA ENGINEERING/airflow/py_env/lib/python3.10/site-packages/airflow/example_dags/plugins/workday.py took 0.055 seconds
[2023-01-14T21:25:57.676+0000] {processor.py:153} INFO - Started process (PID=10560) to work on /media/prempeh/Nouveau nom/MASTER2/DATA ENGINEERING/airflow/py_env/lib/python3.10/site-packages/airflow/example_dags/plugins/workday.py
[2023-01-14T21:25:57.679+0000] {processor.py:743} INFO - Processing file /media/prempeh/Nouveau nom/MASTER2/DATA ENGINEERING/airflow/py_env/lib/python3.10/site-packages/airflow/example_dags/plugins/workday.py for tasks to queue
[2023-01-14T21:25:57.684+0000] {logging_mixin.py:137} INFO - [2023-01-14T21:25:57.683+0000] {dagbag.py:538} INFO - Filling up the DagBag from /media/prempeh/Nouveau nom/MASTER2/DATA ENGINEERING/airflow/py_env/lib/python3.10/site-packages/airflow/example_dags/plugins/workday.py
[2023-01-14T21:25:57.695+0000] {processor.py:755} WARNING - No viable dags retrieved from /media/prempeh/Nouveau nom/MASTER2/DATA ENGINEERING/airflow/py_env/lib/python3.10/site-packages/airflow/example_dags/plugins/workday.py
[2023-01-14T21:25:57.725+0000] {processor.py:175} INFO - Processing /media/prempeh/Nouveau nom/MASTER2/DATA ENGINEERING/airflow/py_env/lib/python3.10/site-packages/airflow/example_dags/plugins/workday.py took 0.060 seconds
[2023-01-14T21:26:32.684+0000] {processor.py:153} INFO - Started process (PID=10632) to work on /media/prempeh/Nouveau nom/MASTER2/DATA ENGINEERING/airflow/py_env/lib/python3.10/site-packages/airflow/example_dags/plugins/workday.py
[2023-01-14T21:26:32.688+0000] {processor.py:743} INFO - Processing file /media/prempeh/Nouveau nom/MASTER2/DATA ENGINEERING/airflow/py_env/lib/python3.10/site-packages/airflow/example_dags/plugins/workday.py for tasks to queue
[2023-01-14T21:26:32.693+0000] {logging_mixin.py:137} INFO - [2023-01-14T21:26:32.692+0000] {dagbag.py:538} INFO - Filling up the DagBag from /media/prempeh/Nouveau nom/MASTER2/DATA ENGINEERING/airflow/py_env/lib/python3.10/site-packages/airflow/example_dags/plugins/workday.py
[2023-01-14T21:26:32.704+0000] {processor.py:755} WARNING - No viable dags retrieved from /media/prempeh/Nouveau nom/MASTER2/DATA ENGINEERING/airflow/py_env/lib/python3.10/site-packages/airflow/example_dags/plugins/workday.py
[2023-01-14T21:26:32.738+0000] {processor.py:175} INFO - Processing /media/prempeh/Nouveau nom/MASTER2/DATA ENGINEERING/airflow/py_env/lib/python3.10/site-packages/airflow/example_dags/plugins/workday.py took 0.065 seconds
[2023-01-14T21:27:08.632+0000] {processor.py:153} INFO - Started process (PID=10741) to work on /media/prempeh/Nouveau nom/MASTER2/DATA ENGINEERING/airflow/py_env/lib/python3.10/site-packages/airflow/example_dags/plugins/workday.py
[2023-01-14T21:27:08.634+0000] {processor.py:743} INFO - Processing file /media/prempeh/Nouveau nom/MASTER2/DATA ENGINEERING/airflow/py_env/lib/python3.10/site-packages/airflow/example_dags/plugins/workday.py for tasks to queue
[2023-01-14T21:27:08.639+0000] {logging_mixin.py:137} INFO - [2023-01-14T21:27:08.639+0000] {dagbag.py:538} INFO - Filling up the DagBag from /media/prempeh/Nouveau nom/MASTER2/DATA ENGINEERING/airflow/py_env/lib/python3.10/site-packages/airflow/example_dags/plugins/workday.py
[2023-01-14T21:27:08.651+0000] {processor.py:755} WARNING - No viable dags retrieved from /media/prempeh/Nouveau nom/MASTER2/DATA ENGINEERING/airflow/py_env/lib/python3.10/site-packages/airflow/example_dags/plugins/workday.py
[2023-01-14T21:27:08.691+0000] {processor.py:175} INFO - Processing /media/prempeh/Nouveau nom/MASTER2/DATA ENGINEERING/airflow/py_env/lib/python3.10/site-packages/airflow/example_dags/plugins/workday.py took 0.072 seconds
